[2025.05.07-18.41.08:992][804]LogVoxelMeshingProfiling: Display: Scenario name: UEDPIE_0_Map_Grid_Scenario1; Voxel Model memory: 262144
[2025.05.07-18.41.08:992][804]LogVoxelMeshingProfiling: Display: Scenario name: UEDPIE_0_Map_Grid_Scenario1; OpaqueVoxelCount: 32768; TransparentVoxelCount: 0
[2025.05.07-18.41.08:992][804]LogVoxelMeshingProfiling: Display: Scenario name: UEDPIE_0_Map_Grid_Scenario1; Voxel Model memory: 262144
[2025.05.07-18.41.08:992][804]LogVoxelMeshingProfiling: Display: Scenario name: UEDPIE_0_Map_Grid_Scenario1; Voxel Model memory: 262144
[2025.05.07-18.41.08:992][804]LogVoxelMeshingProfiling: Display: Scenario name: UEDPIE_0_Map_Grid_Scenario1; OpaqueVoxelCount: 32768; TransparentVoxelCount: 0
[2025.05.07-18.41.08:992][804]LogVoxelMeshingProfiling: Display: Scenario name: UEDPIE_0_Map_Grid_Scenario1; Voxel Model memory: 262144
[2025.05.07-18.41.08:992][804]LogVoxelMeshingProfiling: Display: Scenario name: UEDPIE_0_Map_Grid_Scenario1; OpaqueVoxelCount: 32768; TransparentVoxelCount: 0
[2025.05.07-18.41.08:992][804]LogVoxelMeshingProfiling: Display: Scenario name: UEDPIE_0_Map_Grid_Scenario1; OpaqueVoxelCount: 32768; TransparentVoxelCount: 0
[2025.05.07-18.41.08:992][804]LogVoxelMeshingProfiling: Display: Scenario name: UEDPIE_0_Map_Grid_Scenario1; Voxel Model memory: 262144
[2025.05.07-18.41.08:992][804]LogVoxelMeshingProfiling: Display: Scenario name: UEDPIE_0_Map_Grid_Scenario1; OpaqueVoxelCount: 32768; TransparentVoxelCount: 0
[2025.05.07-18.41.08:992][804]LogVoxelMeshingProfiling: Display: Scenario name: UEDPIE_0_Map_Grid_Scenario1; Voxel Model memory: 262144
[2025.05.07-18.41.08:992][804]LogVoxelMeshingProfiling: Display: Scenario name: UEDPIE_0_Map_Grid_Scenario1; OpaqueVoxelCount: 32768; TransparentVoxelCount: 0
[2025.05.07-18.41.08:992][804]LogVoxelMeshingProfiling: Display: Scenario name: UEDPIE_0_Map_Grid_Scenario1; Voxel Model memory: 262144
[2025.05.07-18.41.08:992][804]LogVoxelMeshingProfiling: Display: Scenario name: UEDPIE_0_Map_Grid_Scenario1; OpaqueVoxelCount: 32768; TransparentVoxelCount: 0
[2025.05.07-18.41.08:993][804]LogVoxelMeshingProfiling: Display: Scenario name: UEDPIE_0_Map_Grid_Scenario1; Voxel Model memory: 262144
[2025.05.07-18.41.08:993][804]LogVoxelMeshingProfiling: Display: Scenario name: UEDPIE_0_Map_Grid_Scenario1; OpaqueVoxelCount: 32768; TransparentVoxelCount: 0
[2025.05.07-18.41.08:993][804]LogVoxelMeshingProfiling: Display: Scenario name: UEDPIE_0_Map_Grid_Scenario1; Voxel Model memory: 262144
[2025.05.07-18.41.08:993][804]LogVoxelMeshingProfiling: Display: Scenario name: UEDPIE_0_Map_Grid_Scenario1; Voxel Model memory: 262144
[2025.05.07-18.41.08:993][804]LogVoxelMeshingProfiling: Display: Scenario name: UEDPIE_0_Map_Grid_Scenario1; OpaqueVoxelCount: 32768; TransparentVoxelCount: 0
[2025.05.07-18.41.08:993][804]LogVoxelMeshingProfiling: Display: Scenario name: UEDPIE_0_Map_Grid_Scenario1; OpaqueVoxelCount: 32768; TransparentVoxelCount: 0
[2025.05.07-18.41.08:993][804]LogVoxelMeshingProfiling: Display: Scenario name: UEDPIE_0_Map_Grid_Scenario1; Voxel Model memory: 262144
[2025.05.07-18.41.08:993][804]LogVoxelMeshingProfiling: Display: Scenario name: UEDPIE_0_Map_Grid_Scenario1; OpaqueVoxelCount: 32768; TransparentVoxelCount: 0
[2025.05.07-18.41.08:993][804]LogVoxelMeshingProfiling: Display: Scenario name: UEDPIE_0_Map_Grid_Scenario1; Voxel Model memory: 262144
[2025.05.07-18.41.08:993][804]LogVoxelMeshingProfiling: Display: Scenario name: UEDPIE_0_Map_Grid_Scenario1; OpaqueVoxelCount: 32768; TransparentVoxelCount: 0
[2025.05.07-18.41.08:993][804]LogVoxelMeshingProfiling: Display: Scenario name: UEDPIE_0_Map_Grid_Scenario1; Voxel Model memory: 262144
[2025.05.07-18.41.08:993][804]LogVoxelMeshingProfiling: Display: Scenario name: UEDPIE_0_Map_Grid_Scenario1; OpaqueVoxelCount: 32768; TransparentVoxelCount: 0
[2025.05.07-18.41.08:993][804]LogVoxelMeshingProfiling: Display: Scenario name: UEDPIE_0_Map_Grid_Scenario1; Voxel Model memory: 262144
[2025.05.07-18.41.08:993][804]LogVoxelMeshingProfiling: Display: Scenario name: UEDPIE_0_Map_Grid_Scenario1; OpaqueVoxelCount: 32768; TransparentVoxelCount: 0
[2025.05.07-18.41.08:993][804]LogVoxelMeshingProfiling: Display: Scenario name: UEDPIE_0_Map_Grid_Scenario1; Voxel Model memory: 262144
[2025.05.07-18.41.08:993][804]LogVoxelMeshingProfiling: Display: Scenario name: UEDPIE_0_Map_Grid_Scenario1; OpaqueVoxelCount: 32768; TransparentVoxelCount: 0
[2025.05.07-18.41.08:993][804]LogVoxelMeshingProfiling: Display: Scenario name: UEDPIE_0_Map_Grid_Scenario1; Voxel Model memory: 262144
[2025.05.07-18.41.08:993][804]LogVoxelMeshingProfiling: Display: Scenario name: UEDPIE_0_Map_Grid_Scenario1; OpaqueVoxelCount: 32768; TransparentVoxelCount: 0
[2025.05.07-18.41.08:993][804]LogVoxelMeshingProfiling: Display: Scenario name: UEDPIE_0_Map_Grid_Scenario1; Voxel Model memory: 262144
[2025.05.07-18.41.08:993][804]LogVoxelMeshingProfiling: Display: Scenario name: UEDPIE_0_Map_Grid_Scenario1; OpaqueVoxelCount: 32768; TransparentVoxelCount: 0
[2025.05.07-18.41.08:993][804]LogVoxelMeshingProfiling: Display: Scenario name: UEDPIE_0_Map_Grid_Scenario1; Voxel Model memory: 262144
[2025.05.07-18.41.08:993][804]LogVoxelMeshingProfiling: Display: Scenario name: UEDPIE_0_Map_Grid_Scenario1; OpaqueVoxelCount: 32768; TransparentVoxelCount: 0
[2025.05.07-18.41.08:993][804]LogVoxelMeshingProfiling: Display: Scenario name: UEDPIE_0_Map_Grid_Scenario1; Voxel Model memory: 262144
[2025.05.07-18.41.08:993][804]LogVoxelMeshingProfiling: Display: Scenario name: UEDPIE_0_Map_Grid_Scenario1; OpaqueVoxelCount: 32768; TransparentVoxelCount: 0
[2025.05.07-18.41.08:993][804]LogVoxelMeshingProfiling: Display: Scenario name: UEDPIE_0_Map_Grid_Scenario1; Voxel Model memory: 262144
[2025.05.07-18.41.08:993][804]LogVoxelMeshingProfiling: Display: Scenario name: UEDPIE_0_Map_Grid_Scenario1; OpaqueVoxelCount: 32768; TransparentVoxelCount: 0
[2025.05.07-18.41.08:993][804]LogVoxelMeshingProfiling: Display: Scenario name: UEDPIE_0_Map_Grid_Scenario1; Voxel Model memory: 262144
[2025.05.07-18.41.08:993][804]LogVoxelMeshingProfiling: Display: Scenario name: UEDPIE_0_Map_Grid_Scenario1; OpaqueVoxelCount: 32768; TransparentVoxelCount: 0
[2025.05.07-18.41.08:993][804]LogVoxelMeshingProfiling: Display: Scenario name: UEDPIE_0_Map_Grid_Scenario1; Voxel Model memory: 262144
[2025.05.07-18.41.08:993][804]LogVoxelMeshingProfiling: Display: Scenario name: UEDPIE_0_Map_Grid_Scenario1; OpaqueVoxelCount: 32768; TransparentVoxelCount: 0
[2025.05.07-18.41.08:993][804]LogVoxelMeshingProfiling: Display: Scenario name: UEDPIE_0_Map_Grid_Scenario1; Voxel Model memory: 262144
[2025.05.07-18.41.08:993][804]LogVoxelMeshingProfiling: Display: Scenario name: UEDPIE_0_Map_Grid_Scenario1; OpaqueVoxelCount: 32768; TransparentVoxelCount: 0
[2025.05.07-18.41.08:994][804]LogVoxelMeshingProfiling: Display: Scenario name: UEDPIE_0_Map_Grid_Scenario1; Voxel Model memory: 262144
[2025.05.07-18.41.08:994][804]LogVoxelMeshingProfiling: Display: Scenario name: UEDPIE_0_Map_Grid_Scenario1; OpaqueVoxelCount: 32768; TransparentVoxelCount: 0
[2025.05.07-18.41.08:994][804]LogVoxelMeshingProfiling: Display: Scenario name: UEDPIE_0_Map_Grid_Scenario1; Voxel Model memory: 262144
[2025.05.07-18.41.08:994][804]LogVoxelMeshingProfiling: Display: Scenario name: UEDPIE_0_Map_Grid_Scenario1; OpaqueVoxelCount: 32768; TransparentVoxelCount: 0
[2025.05.07-18.41.08:994][804]LogVoxelMeshingProfiling: Display: Scenario name: UEDPIE_0_Map_Grid_Scenario1; Voxel Model memory: 262144
[2025.05.07-18.41.08:994][804]LogVoxelMeshingProfiling: Display: Scenario name: UEDPIE_0_Map_Grid_Scenario1; OpaqueVoxelCount: 32768; TransparentVoxelCount: 0
[2025.05.07-18.41.08:994][804]LogVoxelMeshingProfiling: Display: Scenario name: UEDPIE_0_Map_Grid_Scenario1; Voxel Model memory: 262144
[2025.05.07-18.41.08:994][804]LogVoxelMeshingProfiling: Display: Scenario name: UEDPIE_0_Map_Grid_Scenario1; OpaqueVoxelCount: 32768; TransparentVoxelCount: 0
[2025.05.07-18.41.09:003][804]LogVoxelMeshingProfiling: Display: Scenario name: UEDPIE_0_Map_Grid_Scenario1; Vertices: 4
[2025.05.07-18.41.09:008][804]LogVoxelMeshingProfiling: Display: Scenario name: UEDPIE_0_Map_Grid_Scenario1; Vertices: 4
[2025.05.07-18.41.09:011][804]LogVoxelMeshingProfiling: Display: Scenario name: UEDPIE_0_Map_Grid_Scenario1; Vertices: 4
[2025.05.07-18.41.09:016][804]LogVoxelMeshingProfiling: Display: Scenario name: UEDPIE_0_Map_Grid_Scenario1; Vertices: 4
[2025.05.07-18.41.09:020][804]LogVoxelMeshingProfiling: Display: Scenario name: UEDPIE_0_Map_Grid_Scenario1; Vertices: 4
[2025.05.07-18.41.09:024][804]LogVoxelMeshingProfiling: Display: Scenario name: UEDPIE_0_Map_Grid_Scenario1; Vertices: 4
[2025.05.07-18.41.09:028][804]LogVoxelMeshingProfiling: Display: Scenario name: UEDPIE_0_Map_Grid_Scenario1; Vertices: 8
[2025.05.07-18.41.09:033][804]LogVoxelMeshingProfiling: Display: Scenario name: UEDPIE_0_Map_Grid_Scenario1; Vertices: 8
[2025.05.07-18.41.09:038][804]LogVoxelMeshingProfiling: Display: Scenario name: UEDPIE_0_Map_Grid_Scenario1; Vertices: 8
[2025.05.07-18.41.09:042][804]LogVoxelMeshingProfiling: Display: Scenario name: UEDPIE_0_Map_Grid_Scenario1; Vertices: 8
[2025.05.07-18.41.09:048][804]LogVoxelMeshingProfiling: Display: Scenario name: UEDPIE_0_Map_Grid_Scenario1; Vertices: 8
[2025.05.07-18.41.09:054][804]LogVoxelMeshingProfiling: Display: Scenario name: UEDPIE_0_Map_Grid_Scenario1; Vertices: 8
[2025.05.07-18.41.09:060][804]LogVoxelMeshingProfiling: Display: Scenario name: UEDPIE_0_Map_Grid_Scenario1; Vertices: 8
[2025.05.07-18.41.09:066][804]LogVoxelMeshingProfiling: Display: Scenario name: UEDPIE_0_Map_Grid_Scenario1; Vertices: 8
[2025.05.07-18.41.09:072][804]LogVoxelMeshingProfiling: Display: Scenario name: UEDPIE_0_Map_Grid_Scenario1; Vertices: 8
[2025.05.07-18.41.09:078][804]LogVoxelMeshingProfiling: Display: Scenario name: UEDPIE_0_Map_Grid_Scenario1; Vertices: 8
[2025.05.07-18.41.09:084][805]LogVoxelMeshingProfiling: Display: Scenario name: UEDPIE_0_Map_Grid_Scenario1; Vertices: 8
[2025.05.07-18.41.09:090][805]LogVoxelMeshingProfiling: Display: Scenario name: UEDPIE_0_Map_Grid_Scenario1; Vertices: 8
[2025.05.07-18.41.09:094][805]LogVoxelMeshingProfiling: Display: Scenario name: UEDPIE_0_Map_Grid_Scenario1; Vertices: 12
[2025.05.07-18.41.09:100][805]LogVoxelMeshingProfiling: Display: Scenario name: UEDPIE_0_Map_Grid_Scenario1; Vertices: 12
[2025.05.07-18.41.09:104][805]LogVoxelMeshingProfiling: Display: Scenario name: UEDPIE_0_Map_Grid_Scenario1; Vertices: 12
[2025.05.07-18.41.09:110][805]LogVoxelMeshingProfiling: Display: Scenario name: UEDPIE_0_Map_Grid_Scenario1; Vertices: 12
[2025.05.07-18.41.09:114][805]LogVoxelMeshingProfiling: Display: Scenario name: UEDPIE_0_Map_Grid_Scenario1; Vertices: 12
[2025.05.07-18.41.09:118][805]LogVoxelMeshingProfiling: Display: Scenario name: UEDPIE_0_Map_Grid_Scenario1; Vertices: 12
[2025.05.07-18.41.09:122][805]LogVoxelMeshingProfiling: Display: Scenario name: UEDPIE_0_Map_Grid_Scenario1; Vertices: 12
[2025.05.07-18.41.09:126][805]LogVoxelMeshingProfiling: Display: Scenario name: UEDPIE_0_Map_Grid_Scenario1; Vertices: 12
[2025.05.07-18.41.20:611][651]LogVoxelMeshingProfiling: Display: Scenario name: UEDPIE_0_Map_Grid_Scenario1; Voxel Model memory: 262144
[2025.05.07-18.41.20:611][651]LogVoxelMeshingProfiling: Display: Scenario name: UEDPIE_0_Map_Grid_Scenario1; OpaqueVoxelCount: 32768; TransparentVoxelCount: 0
[2025.05.07-18.41.20:611][651]LogVoxelMeshingProfiling: Display: Scenario name: UEDPIE_0_Map_Grid_Scenario1; Voxel Model memory: 262144
[2025.05.07-18.41.20:611][651]LogVoxelMeshingProfiling: Display: Scenario name: UEDPIE_0_Map_Grid_Scenario1; Voxel Model memory: 262144
[2025.05.07-18.41.20:611][651]LogVoxelMeshingProfiling: Display: Scenario name: UEDPIE_0_Map_Grid_Scenario1; OpaqueVoxelCount: 32768; TransparentVoxelCount: 0
[2025.05.07-18.41.20:611][651]LogVoxelMeshingProfiling: Display: Scenario name: UEDPIE_0_Map_Grid_Scenario1; OpaqueVoxelCount: 32768; TransparentVoxelCount: 0
[2025.05.07-18.41.20:611][651]LogVoxelMeshingProfiling: Display: Scenario name: UEDPIE_0_Map_Grid_Scenario1; Voxel Model memory: 262144
[2025.05.07-18.41.20:611][651]LogVoxelMeshingProfiling: Display: Scenario name: UEDPIE_0_Map_Grid_Scenario1; OpaqueVoxelCount: 32768; TransparentVoxelCount: 0
[2025.05.07-18.41.20:611][651]LogVoxelMeshingProfiling: Display: Scenario name: UEDPIE_0_Map_Grid_Scenario1; Voxel Model memory: 262144
[2025.05.07-18.41.20:611][651]LogVoxelMeshingProfiling: Display: Scenario name: UEDPIE_0_Map_Grid_Scenario1; OpaqueVoxelCount: 32768; TransparentVoxelCount: 0
[2025.05.07-18.41.20:611][651]LogVoxelMeshingProfiling: Display: Scenario name: UEDPIE_0_Map_Grid_Scenario1; Voxel Model memory: 262144
[2025.05.07-18.41.20:611][651]LogVoxelMeshingProfiling: Display: Scenario name: UEDPIE_0_Map_Grid_Scenario1; OpaqueVoxelCount: 32768; TransparentVoxelCount: 0
[2025.05.07-18.41.20:611][651]LogVoxelMeshingProfiling: Display: Scenario name: UEDPIE_0_Map_Grid_Scenario1; Voxel Model memory: 262144
[2025.05.07-18.41.20:611][651]LogVoxelMeshingProfiling: Display: Scenario name: UEDPIE_0_Map_Grid_Scenario1; OpaqueVoxelCount: 32768; TransparentVoxelCount: 0
[2025.05.07-18.41.20:612][651]LogVoxelMeshingProfiling: Display: Scenario name: UEDPIE_0_Map_Grid_Scenario1; Voxel Model memory: 262144
[2025.05.07-18.41.20:612][651]LogVoxelMeshingProfiling: Display: Scenario name: UEDPIE_0_Map_Grid_Scenario1; OpaqueVoxelCount: 32768; TransparentVoxelCount: 0
[2025.05.07-18.41.20:612][651]LogVoxelMeshingProfiling: Display: Scenario name: UEDPIE_0_Map_Grid_Scenario1; Voxel Model memory: 262144
[2025.05.07-18.41.20:612][651]LogVoxelMeshingProfiling: Display: Scenario name: UEDPIE_0_Map_Grid_Scenario1; OpaqueVoxelCount: 32768; TransparentVoxelCount: 0
[2025.05.07-18.41.20:612][651]LogVoxelMeshingProfiling: Display: Scenario name: UEDPIE_0_Map_Grid_Scenario1; Voxel Model memory: 262144
[2025.05.07-18.41.20:612][651]LogVoxelMeshingProfiling: Display: Scenario name: UEDPIE_0_Map_Grid_Scenario1; OpaqueVoxelCount: 32768; TransparentVoxelCount: 0
[2025.05.07-18.41.20:612][651]LogVoxelMeshingProfiling: Display: Scenario name: UEDPIE_0_Map_Grid_Scenario1; Voxel Model memory: 262144
[2025.05.07-18.41.20:612][651]LogVoxelMeshingProfiling: Display: Scenario name: UEDPIE_0_Map_Grid_Scenario1; OpaqueVoxelCount: 32768; TransparentVoxelCount: 0
[2025.05.07-18.41.20:612][651]LogVoxelMeshingProfiling: Display: Scenario name: UEDPIE_0_Map_Grid_Scenario1; Voxel Model memory: 262144
[2025.05.07-18.41.20:612][651]LogVoxelMeshingProfiling: Display: Scenario name: UEDPIE_0_Map_Grid_Scenario1; OpaqueVoxelCount: 32768; TransparentVoxelCount: 0
[2025.05.07-18.41.20:612][651]LogVoxelMeshingProfiling: Display: Scenario name: UEDPIE_0_Map_Grid_Scenario1; Voxel Model memory: 262144
[2025.05.07-18.41.20:612][651]LogVoxelMeshingProfiling: Display: Scenario name: UEDPIE_0_Map_Grid_Scenario1; OpaqueVoxelCount: 32768; TransparentVoxelCount: 0
[2025.05.07-18.41.20:612][651]LogVoxelMeshingProfiling: Display: Scenario name: UEDPIE_0_Map_Grid_Scenario1; Voxel Model memory: 262144
[2025.05.07-18.41.20:612][651]LogVoxelMeshingProfiling: Display: Scenario name: UEDPIE_0_Map_Grid_Scenario1; OpaqueVoxelCount: 32768; TransparentVoxelCount: 0
[2025.05.07-18.41.20:612][651]LogVoxelMeshingProfiling: Display: Scenario name: UEDPIE_0_Map_Grid_Scenario1; Voxel Model memory: 262144
[2025.05.07-18.41.20:612][651]LogVoxelMeshingProfiling: Display: Scenario name: UEDPIE_0_Map_Grid_Scenario1; OpaqueVoxelCount: 32768; TransparentVoxelCount: 0
[2025.05.07-18.41.20:612][651]LogVoxelMeshingProfiling: Display: Scenario name: UEDPIE_0_Map_Grid_Scenario1; Voxel Model memory: 262144
[2025.05.07-18.41.20:612][651]LogVoxelMeshingProfiling: Display: Scenario name: UEDPIE_0_Map_Grid_Scenario1; OpaqueVoxelCount: 32768; TransparentVoxelCount: 0
[2025.05.07-18.41.20:612][651]LogVoxelMeshingProfiling: Display: Scenario name: UEDPIE_0_Map_Grid_Scenario1; Voxel Model memory: 262144
[2025.05.07-18.41.20:612][651]LogVoxelMeshingProfiling: Display: Scenario name: UEDPIE_0_Map_Grid_Scenario1; OpaqueVoxelCount: 32768; TransparentVoxelCount: 0
[2025.05.07-18.41.20:613][651]LogVoxelMeshingProfiling: Display: Scenario name: UEDPIE_0_Map_Grid_Scenario1; Voxel Model memory: 262144
[2025.05.07-18.41.20:613][651]LogVoxelMeshingProfiling: Display: Scenario name: UEDPIE_0_Map_Grid_Scenario1; OpaqueVoxelCount: 32768; TransparentVoxelCount: 0
[2025.05.07-18.41.20:613][651]LogVoxelMeshingProfiling: Display: Scenario name: UEDPIE_0_Map_Grid_Scenario1; Voxel Model memory: 262144
[2025.05.07-18.41.20:613][651]LogVoxelMeshingProfiling: Display: Scenario name: UEDPIE_0_Map_Grid_Scenario1; OpaqueVoxelCount: 32768; TransparentVoxelCount: 0
[2025.05.07-18.41.20:613][651]LogVoxelMeshingProfiling: Display: Scenario name: UEDPIE_0_Map_Grid_Scenario1; Voxel Model memory: 262144
[2025.05.07-18.41.20:613][651]LogVoxelMeshingProfiling: Display: Scenario name: UEDPIE_0_Map_Grid_Scenario1; OpaqueVoxelCount: 32768; TransparentVoxelCount: 0
[2025.05.07-18.41.20:613][651]LogVoxelMeshingProfiling: Display: Scenario name: UEDPIE_0_Map_Grid_Scenario1; Voxel Model memory: 262144
[2025.05.07-18.41.20:613][651]LogVoxelMeshingProfiling: Display: Scenario name: UEDPIE_0_Map_Grid_Scenario1; OpaqueVoxelCount: 32768; TransparentVoxelCount: 0
[2025.05.07-18.41.20:613][651]LogVoxelMeshingProfiling: Display: Scenario name: UEDPIE_0_Map_Grid_Scenario1; Voxel Model memory: 262144
[2025.05.07-18.41.20:613][651]LogVoxelMeshingProfiling: Display: Scenario name: UEDPIE_0_Map_Grid_Scenario1; OpaqueVoxelCount: 32768; TransparentVoxelCount: 0
[2025.05.07-18.41.20:613][651]LogVoxelMeshingProfiling: Display: Scenario name: UEDPIE_0_Map_Grid_Scenario1; Voxel Model memory: 262144
[2025.05.07-18.41.20:613][651]LogVoxelMeshingProfiling: Display: Scenario name: UEDPIE_0_Map_Grid_Scenario1; OpaqueVoxelCount: 32768; TransparentVoxelCount: 0
[2025.05.07-18.41.20:613][651]LogVoxelMeshingProfiling: Display: Scenario name: UEDPIE_0_Map_Grid_Scenario1; Voxel Model memory: 262144
[2025.05.07-18.41.20:614][651]LogVoxelMeshingProfiling: Display: Scenario name: UEDPIE_0_Map_Grid_Scenario1; OpaqueVoxelCount: 32768; TransparentVoxelCount: 0
[2025.05.07-18.41.20:614][651]LogVoxelMeshingProfiling: Display: Scenario name: UEDPIE_0_Map_Grid_Scenario1; Voxel Model memory: 262144
[2025.05.07-18.41.20:614][651]LogVoxelMeshingProfiling: Display: Scenario name: UEDPIE_0_Map_Grid_Scenario1; OpaqueVoxelCount: 32768; TransparentVoxelCount: 0
[2025.05.07-18.41.20:614][651]LogVoxelMeshingProfiling: Display: Scenario name: UEDPIE_0_Map_Grid_Scenario1; Voxel Model memory: 262144
[2025.05.07-18.41.20:614][651]LogVoxelMeshingProfiling: Display: Scenario name: UEDPIE_0_Map_Grid_Scenario1; OpaqueVoxelCount: 32768; TransparentVoxelCount: 0
[2025.05.07-18.41.20:614][651]LogVoxelMeshingProfiling: Display: Scenario name: UEDPIE_0_Map_Grid_Scenario1; Voxel Model memory: 262144
[2025.05.07-18.41.20:614][651]LogVoxelMeshingProfiling: Display: Scenario name: UEDPIE_0_Map_Grid_Scenario1; OpaqueVoxelCount: 32768; TransparentVoxelCount: 0
[2025.05.07-18.41.20:623][651]LogVoxelMeshingProfiling: Display: Scenario name: UEDPIE_0_Map_Grid_Scenario1; Vertices: 4
[2025.05.07-18.41.20:627][651]LogVoxelMeshingProfiling: Display: Scenario name: UEDPIE_0_Map_Grid_Scenario1; Vertices: 4
[2025.05.07-18.41.20:632][651]LogVoxelMeshingProfiling: Display: Scenario name: UEDPIE_0_Map_Grid_Scenario1; Vertices: 4
[2025.05.07-18.41.20:638][651]LogVoxelMeshingProfiling: Display: Scenario name: UEDPIE_0_Map_Grid_Scenario1; Vertices: 4
[2025.05.07-18.41.20:644][651]LogVoxelMeshingProfiling: Display: Scenario name: UEDPIE_0_Map_Grid_Scenario1; Vertices: 4
[2025.05.07-18.41.20:649][651]LogVoxelMeshingProfiling: Display: Scenario name: UEDPIE_0_Map_Grid_Scenario1; Vertices: 4
[2025.05.07-18.41.20:654][651]LogVoxelMeshingProfiling: Display: Scenario name: UEDPIE_0_Map_Grid_Scenario1; Vertices: 8
[2025.05.07-18.41.20:658][651]LogVoxelMeshingProfiling: Display: Scenario name: UEDPIE_0_Map_Grid_Scenario1; Vertices: 8
[2025.05.07-18.41.20:663][651]LogVoxelMeshingProfiling: Display: Scenario name: UEDPIE_0_Map_Grid_Scenario1; Vertices: 8
[2025.05.07-18.41.20:666][652]LogVoxelMeshingProfiling: Display: Scenario name: UEDPIE_0_Map_Grid_Scenario1; Vertices: 8
[2025.05.07-18.41.20:672][652]LogVoxelMeshingProfiling: Display: Scenario name: UEDPIE_0_Map_Grid_Scenario1; Vertices: 8
[2025.05.07-18.41.20:676][652]LogVoxelMeshingProfiling: Display: Scenario name: UEDPIE_0_Map_Grid_Scenario1; Vertices: 8
[2025.05.07-18.41.20:681][652]LogVoxelMeshingProfiling: Display: Scenario name: UEDPIE_0_Map_Grid_Scenario1; Vertices: 8
[2025.05.07-18.41.20:686][652]LogVoxelMeshingProfiling: Display: Scenario name: UEDPIE_0_Map_Grid_Scenario1; Vertices: 8
[2025.05.07-18.41.20:691][652]LogVoxelMeshingProfiling: Display: Scenario name: UEDPIE_0_Map_Grid_Scenario1; Vertices: 8
[2025.05.07-18.41.20:696][652]LogVoxelMeshingProfiling: Display: Scenario name: UEDPIE_0_Map_Grid_Scenario1; Vertices: 8
[2025.05.07-18.41.20:700][652]LogVoxelMeshingProfiling: Display: Scenario name: UEDPIE_0_Map_Grid_Scenario1; Vertices: 8
[2025.05.07-18.41.20:704][652]LogVoxelMeshingProfiling: Display: Scenario name: UEDPIE_0_Map_Grid_Scenario1; Vertices: 8
[2025.05.07-18.41.20:709][652]LogVoxelMeshingProfiling: Display: Scenario name: UEDPIE_0_Map_Grid_Scenario1; Vertices: 12
[2025.05.07-18.41.20:712][652]LogVoxelMeshingProfiling: Display: Scenario name: UEDPIE_0_Map_Grid_Scenario1; Vertices: 12
[2025.05.07-18.41.20:717][652]LogVoxelMeshingProfiling: Display: Scenario name: UEDPIE_0_Map_Grid_Scenario1; Vertices: 12
[2025.05.07-18.41.20:722][652]LogVoxelMeshingProfiling: Display: Scenario name: UEDPIE_0_Map_Grid_Scenario1; Vertices: 12
[2025.05.07-18.41.20:726][652]LogVoxelMeshingProfiling: Display: Scenario name: UEDPIE_0_Map_Grid_Scenario1; Vertices: 12
[2025.05.07-18.41.20:731][652]LogVoxelMeshingProfiling: Display: Scenario name: UEDPIE_0_Map_Grid_Scenario1; Vertices: 12
[2025.05.07-18.41.20:735][652]LogVoxelMeshingProfiling: Display: Scenario name: UEDPIE_0_Map_Grid_Scenario1; Vertices: 12
[2025.05.07-18.41.20:740][652]LogVoxelMeshingProfiling: Display: Scenario name: UEDPIE_0_Map_Grid_Scenario1; Vertices: 12
[2025.05.07-18.41.28:850][203]LogVoxelMeshingProfiling: Display: Scenario name: UEDPIE_0_Map_RLE_Scenario1; Voxel Model memory: 12
[2025.05.07-18.41.28:851][203]LogVoxelMeshingProfiling: Display: Scenario name: UEDPIE_0_Map_RLE_Scenario1; Voxel Model memory: 12
[2025.05.07-18.41.28:851][203]LogVoxelMeshingProfiling: Display: Scenario name: UEDPIE_0_Map_RLE_Scenario1; Voxel Model memory: 12
[2025.05.07-18.41.28:851][203]LogVoxelMeshingProfiling: Display: Scenario name: UEDPIE_0_Map_RLE_Scenario1; Voxel Model memory: 12
[2025.05.07-18.41.28:851][203]LogVoxelMeshingProfiling: Display: Scenario name: UEDPIE_0_Map_RLE_Scenario1; Voxel Model memory: 12
[2025.05.07-18.41.28:851][203]LogVoxelMeshingProfiling: Display: Scenario name: UEDPIE_0_Map_RLE_Scenario1; Voxel Model memory: 12
[2025.05.07-18.41.28:851][203]LogVoxelMeshingProfiling: Display: Scenario name: UEDPIE_0_Map_RLE_Scenario1; Voxel Model memory: 12
[2025.05.07-18.41.28:852][203]LogVoxelMeshingProfiling: Display: Scenario name: UEDPIE_0_Map_RLE_Scenario1; Voxel Model memory: 12
[2025.05.07-18.41.28:852][203]LogVoxelMeshingProfiling: Display: Scenario name: UEDPIE_0_Map_RLE_Scenario1; Voxel Model memory: 12
[2025.05.07-18.41.28:852][203]LogVoxelMeshingProfiling: Display: Scenario name: UEDPIE_0_Map_RLE_Scenario1; Voxel Model memory: 12
[2025.05.07-18.41.28:852][203]LogVoxelMeshingProfiling: Display: Scenario name: UEDPIE_0_Map_RLE_Scenario1; Voxel Model memory: 12
[2025.05.07-18.41.28:852][203]LogVoxelMeshingProfiling: Display: Scenario name: UEDPIE_0_Map_RLE_Scenario1; Voxel Model memory: 12
[2025.05.07-18.41.28:852][203]LogVoxelMeshingProfiling: Display: Scenario name: UEDPIE_0_Map_RLE_Scenario1; Voxel Model memory: 12
[2025.05.07-18.41.28:852][203]LogVoxelMeshingProfiling: Display: Scenario name: UEDPIE_0_Map_RLE_Scenario1; Voxel Model memory: 12
[2025.05.07-18.41.28:852][203]LogVoxelMeshingProfiling: Display: Scenario name: UEDPIE_0_Map_RLE_Scenario1; Voxel Model memory: 12
[2025.05.07-18.41.28:852][203]LogVoxelMeshingProfiling: Display: Scenario name: UEDPIE_0_Map_RLE_Scenario1; Voxel Model memory: 12
[2025.05.07-18.41.28:852][203]LogVoxelMeshingProfiling: Display: Scenario name: UEDPIE_0_Map_RLE_Scenario1; Voxel Model memory: 12
[2025.05.07-18.41.28:852][203]LogVoxelMeshingProfiling: Display: Scenario name: UEDPIE_0_Map_RLE_Scenario1; Voxel Model memory: 12
[2025.05.07-18.41.28:853][203]LogVoxelMeshingProfiling: Display: Scenario name: UEDPIE_0_Map_RLE_Scenario1; Voxel Model memory: 12
[2025.05.07-18.41.28:853][203]LogVoxelMeshingProfiling: Display: Scenario name: UEDPIE_0_Map_RLE_Scenario1; Voxel Model memory: 12
[2025.05.07-18.41.28:853][203]LogVoxelMeshingProfiling: Display: Scenario name: UEDPIE_0_Map_RLE_Scenario1; Voxel Model memory: 12
[2025.05.07-18.41.28:853][203]LogVoxelMeshingProfiling: Display: Scenario name: UEDPIE_0_Map_RLE_Scenario1; Voxel Model memory: 12
[2025.05.07-18.41.28:853][203]LogVoxelMeshingProfiling: Display: Scenario name: UEDPIE_0_Map_RLE_Scenario1; Voxel Model memory: 12
[2025.05.07-18.41.28:853][203]LogVoxelMeshingProfiling: Display: Scenario name: UEDPIE_0_Map_RLE_Scenario1; Voxel Model memory: 12
[2025.05.07-18.41.28:853][203]LogVoxelMeshingProfiling: Display: Scenario name: UEDPIE_0_Map_RLE_Scenario1; Voxel Model memory: 12
[2025.05.07-18.41.28:853][203]LogVoxelMeshingProfiling: Display: Scenario name: UEDPIE_0_Map_RLE_Scenario1; Voxel Model memory: 12
[2025.05.07-18.41.28:853][203]LogVoxelMeshingProfiling: Display: Scenario name: UEDPIE_0_Map_RLE_Scenario1; Voxel Model memory: 12
[2025.05.07-18.41.28:857][203]LogVoxelMeshingProfiling: Display: Scenario name: UEDPIE_0_Map_RLE_Scenario1; Vertices: 16640
[2025.05.07-18.41.28:860][203]LogVoxelMeshingProfiling: Display: Scenario name: UEDPIE_0_Map_RLE_Scenario1; Vertices: 16640
[2025.05.07-18.41.28:863][203]LogVoxelMeshingProfiling: Display: Scenario name: UEDPIE_0_Map_RLE_Scenario1; Vertices: 16640
[2025.05.07-18.41.28:865][203]LogVoxelMeshingProfiling: Display: Scenario name: UEDPIE_0_Map_RLE_Scenario1; Vertices: 16640
[2025.05.07-18.41.28:868][203]LogVoxelMeshingProfiling: Display: Scenario name: UEDPIE_0_Map_RLE_Scenario1; Vertices: 16640
[2025.05.07-18.41.28:872][203]LogVoxelMeshingProfiling: Display: Scenario name: UEDPIE_0_Map_RLE_Scenario1; Vertices: 16640
[2025.05.07-18.41.28:875][203]LogVoxelMeshingProfiling: Display: Scenario name: UEDPIE_0_Map_RLE_Scenario1; Vertices: 16640
[2025.05.07-18.41.28:880][203]LogVoxelMeshingProfiling: Display: Scenario name: UEDPIE_0_Map_RLE_Scenario1; Vertices: 16640
[2025.05.07-18.41.28:883][203]LogVoxelMeshingProfiling: Display: Scenario name: UEDPIE_0_Map_RLE_Scenario1; Vertices: 16640
[2025.05.07-18.41.28:886][203]LogVoxelMeshingProfiling: Display: Scenario name: UEDPIE_0_Map_RLE_Scenario1; Vertices: 16640
[2025.05.07-18.41.28:891][203]LogVoxelMeshingProfiling: Display: Scenario name: UEDPIE_0_Map_RLE_Scenario1; Vertices: 16640
[2025.05.07-18.41.28:896][203]LogVoxelMeshingProfiling: Display: Scenario name: UEDPIE_0_Map_RLE_Scenario1; Vertices: 16640
[2025.05.07-18.41.28:898][203]LogVoxelMeshingProfiling: Display: Scenario name: UEDPIE_0_Map_RLE_Scenario1; Vertices: 16640
[2025.05.07-18.41.28:902][203]LogVoxelMeshingProfiling: Display: Scenario name: UEDPIE_0_Map_RLE_Scenario1; Vertices: 16640
[2025.05.07-18.41.28:916][203]LogVoxelMeshingProfiling: Display: Scenario name: UEDPIE_0_Map_RLE_Scenario1; Vertices: 16640
[2025.05.07-18.41.28:916][203]LogVoxelMeshingProfiling: Display: Scenario name: UEDPIE_0_Map_RLE_Scenario1; Vertices: 16640
[2025.05.07-18.41.28:922][203]LogVoxelMeshingProfiling: Display: Scenario name: UEDPIE_0_Map_RLE_Scenario1; Vertices: 16640
[2025.05.07-18.41.28:923][203]LogVoxelMeshingProfiling: Display: Scenario name: UEDPIE_0_Map_RLE_Scenario1; Vertices: 16640
[2025.05.07-18.41.28:927][204]LogVoxelMeshingProfiling: Display: Scenario name: UEDPIE_0_Map_RLE_Scenario1; Vertices: 16640
[2025.05.07-18.41.28:932][204]LogVoxelMeshingProfiling: Display: Scenario name: UEDPIE_0_Map_RLE_Scenario1; Vertices: 16640
[2025.05.07-18.41.28:936][204]LogVoxelMeshingProfiling: Display: Scenario name: UEDPIE_0_Map_RLE_Scenario1; Vertices: 16640
[2025.05.07-18.41.28:938][204]LogVoxelMeshingProfiling: Display: Scenario name: UEDPIE_0_Map_RLE_Scenario1; Vertices: 16640
[2025.05.07-18.41.28:942][204]LogVoxelMeshingProfiling: Display: Scenario name: UEDPIE_0_Map_RLE_Scenario1; Vertices: 16640
[2025.05.07-18.41.28:947][204]LogVoxelMeshingProfiling: Display: Scenario name: UEDPIE_0_Map_RLE_Scenario1; Vertices: 16640
[2025.05.07-18.41.28:951][204]LogVoxelMeshingProfiling: Display: Scenario name: UEDPIE_0_Map_RLE_Scenario1; Vertices: 16640
[2025.05.07-18.41.28:959][204]LogVoxelMeshingProfiling: Display: Scenario name: UEDPIE_0_Map_RLE_Scenario1; Vertices: 16640
[2025.05.07-18.41.28:965][204]LogVoxelMeshingProfiling: Display: Scenario name: UEDPIE_0_Map_RLE_Scenario1; Vertices: 16640
[2025.05.07-18.41.36:354][679]LogVoxelMeshingProfiling: Display: Scenario name: UEDPIE_0_Map_VoxelPlugin_Scenario1; Voxel Model memory: 262144
[2025.05.07-18.41.36:354][679]LogVoxelMeshingProfiling: Display: Scenario name: UEDPIE_0_Map_VoxelPlugin_Scenario1; OpaqueVoxelCount: 32768; TransparentVoxelCount: 0
[2025.05.07-18.41.36:354][679]LogVoxelMeshingProfiling: Display: Scenario name: UEDPIE_0_Map_VoxelPlugin_Scenario1; Voxel Model memory: 262144
[2025.05.07-18.41.36:354][679]LogVoxelMeshingProfiling: Display: Scenario name: UEDPIE_0_Map_VoxelPlugin_Scenario1; OpaqueVoxelCount: 32768; TransparentVoxelCount: 0
[2025.05.07-18.41.36:354][679]LogVoxelMeshingProfiling: Display: Scenario name: UEDPIE_0_Map_VoxelPlugin_Scenario1; Voxel Model memory: 262144
[2025.05.07-18.41.36:354][679]LogVoxelMeshingProfiling: Display: Scenario name: UEDPIE_0_Map_VoxelPlugin_Scenario1; OpaqueVoxelCount: 32768; TransparentVoxelCount: 0
[2025.05.07-18.41.36:354][679]LogVoxelMeshingProfiling: Display: Scenario name: UEDPIE_0_Map_VoxelPlugin_Scenario1; Voxel Model memory: 262144
[2025.05.07-18.41.36:354][679]LogVoxelMeshingProfiling: Display: Scenario name: UEDPIE_0_Map_VoxelPlugin_Scenario1; Voxel Model memory: 262144
[2025.05.07-18.41.36:354][679]LogVoxelMeshingProfiling: Display: Scenario name: UEDPIE_0_Map_VoxelPlugin_Scenario1; OpaqueVoxelCount: 32768; TransparentVoxelCount: 0
[2025.05.07-18.41.36:354][679]LogVoxelMeshingProfiling: Display: Scenario name: UEDPIE_0_Map_VoxelPlugin_Scenario1; OpaqueVoxelCount: 32768; TransparentVoxelCount: 0
[2025.05.07-18.41.36:354][679]LogVoxelMeshingProfiling: Display: Scenario name: UEDPIE_0_Map_VoxelPlugin_Scenario1; Voxel Model memory: 262144
[2025.05.07-18.41.36:354][679]LogVoxelMeshingProfiling: Display: Scenario name: UEDPIE_0_Map_VoxelPlugin_Scenario1; OpaqueVoxelCount: 32768; TransparentVoxelCount: 0
[2025.05.07-18.41.36:354][679]LogVoxelMeshingProfiling: Display: Scenario name: UEDPIE_0_Map_VoxelPlugin_Scenario1; Voxel Model memory: 262144
[2025.05.07-18.41.36:354][679]LogVoxelMeshingProfiling: Display: Scenario name: UEDPIE_0_Map_VoxelPlugin_Scenario1; OpaqueVoxelCount: 32768; TransparentVoxelCount: 0
[2025.05.07-18.41.36:355][679]LogVoxelMeshingProfiling: Display: Scenario name: UEDPIE_0_Map_VoxelPlugin_Scenario1; Voxel Model memory: 262144
[2025.05.07-18.41.36:355][679]LogVoxelMeshingProfiling: Display: Scenario name: UEDPIE_0_Map_VoxelPlugin_Scenario1; OpaqueVoxelCount: 32768; TransparentVoxelCount: 0
[2025.05.07-18.41.36:355][679]LogVoxelMeshingProfiling: Display: Scenario name: UEDPIE_0_Map_VoxelPlugin_Scenario1; Voxel Model memory: 262144
[2025.05.07-18.41.36:355][679]LogVoxelMeshingProfiling: Display: Scenario name: UEDPIE_0_Map_VoxelPlugin_Scenario1; OpaqueVoxelCount: 32768; TransparentVoxelCount: 0
[2025.05.07-18.41.36:355][679]LogVoxelMeshingProfiling: Display: Scenario name: UEDPIE_0_Map_VoxelPlugin_Scenario1; Voxel Model memory: 262144
[2025.05.07-18.41.36:355][679]LogVoxelMeshingProfiling: Display: Scenario name: UEDPIE_0_Map_VoxelPlugin_Scenario1; OpaqueVoxelCount: 32768; TransparentVoxelCount: 0
[2025.05.07-18.41.36:355][679]LogVoxelMeshingProfiling: Display: Scenario name: UEDPIE_0_Map_VoxelPlugin_Scenario1; Voxel Model memory: 262144
[2025.05.07-18.41.36:355][679]LogVoxelMeshingProfiling: Display: Scenario name: UEDPIE_0_Map_VoxelPlugin_Scenario1; OpaqueVoxelCount: 32768; TransparentVoxelCount: 0
[2025.05.07-18.41.36:355][679]LogVoxelMeshingProfiling: Display: Scenario name: UEDPIE_0_Map_VoxelPlugin_Scenario1; Voxel Model memory: 262144
[2025.05.07-18.41.36:355][679]LogVoxelMeshingProfiling: Display: Scenario name: UEDPIE_0_Map_VoxelPlugin_Scenario1; OpaqueVoxelCount: 32768; TransparentVoxelCount: 0
[2025.05.07-18.41.36:355][679]LogVoxelMeshingProfiling: Display: Scenario name: UEDPIE_0_Map_VoxelPlugin_Scenario1; Voxel Model memory: 262144
[2025.05.07-18.41.36:355][679]LogVoxelMeshingProfiling: Display: Scenario name: UEDPIE_0_Map_VoxelPlugin_Scenario1; OpaqueVoxelCount: 32768; TransparentVoxelCount: 0
[2025.05.07-18.41.36:355][679]LogVoxelMeshingProfiling: Display: Scenario name: UEDPIE_0_Map_VoxelPlugin_Scenario1; Voxel Model memory: 262144
[2025.05.07-18.41.36:355][679]LogVoxelMeshingProfiling: Display: Scenario name: UEDPIE_0_Map_VoxelPlugin_Scenario1; OpaqueVoxelCount: 32768; TransparentVoxelCount: 0
[2025.05.07-18.41.36:355][679]LogVoxelMeshingProfiling: Display: Scenario name: UEDPIE_0_Map_VoxelPlugin_Scenario1; Voxel Model memory: 262144
[2025.05.07-18.41.36:355][679]LogVoxelMeshingProfiling: Display: Scenario name: UEDPIE_0_Map_VoxelPlugin_Scenario1; OpaqueVoxelCount: 32768; TransparentVoxelCount: 0
[2025.05.07-18.41.36:355][679]LogVoxelMeshingProfiling: Display: Scenario name: UEDPIE_0_Map_VoxelPlugin_Scenario1; Voxel Model memory: 262144
[2025.05.07-18.41.36:355][679]LogVoxelMeshingProfiling: Display: Scenario name: UEDPIE_0_Map_VoxelPlugin_Scenario1; Voxel Model memory: 262144
[2025.05.07-18.41.36:355][679]LogVoxelMeshingProfiling: Display: Scenario name: UEDPIE_0_Map_VoxelPlugin_Scenario1; OpaqueVoxelCount: 32768; TransparentVoxelCount: 0
[2025.05.07-18.41.36:355][679]LogVoxelMeshingProfiling: Display: Scenario name: UEDPIE_0_Map_VoxelPlugin_Scenario1; OpaqueVoxelCount: 32768; TransparentVoxelCount: 0
[2025.05.07-18.41.36:355][679]LogVoxelMeshingProfiling: Display: Scenario name: UEDPIE_0_Map_VoxelPlugin_Scenario1; Voxel Model memory: 262144
[2025.05.07-18.41.36:355][679]LogVoxelMeshingProfiling: Display: Scenario name: UEDPIE_0_Map_VoxelPlugin_Scenario1; OpaqueVoxelCount: 32768; TransparentVoxelCount: 0
[2025.05.07-18.41.36:355][679]LogVoxelMeshingProfiling: Display: Scenario name: UEDPIE_0_Map_VoxelPlugin_Scenario1; Voxel Model memory: 262144
[2025.05.07-18.41.36:356][679]LogVoxelMeshingProfiling: Display: Scenario name: UEDPIE_0_Map_VoxelPlugin_Scenario1; OpaqueVoxelCount: 32768; TransparentVoxelCount: 0
[2025.05.07-18.41.36:356][679]LogVoxelMeshingProfiling: Display: Scenario name: UEDPIE_0_Map_VoxelPlugin_Scenario1; Voxel Model memory: 262144
[2025.05.07-18.41.36:356][679]LogVoxelMeshingProfiling: Display: Scenario name: UEDPIE_0_Map_VoxelPlugin_Scenario1; OpaqueVoxelCount: 32768; TransparentVoxelCount: 0
[2025.05.07-18.41.36:356][679]LogVoxelMeshingProfiling: Display: Scenario name: UEDPIE_0_Map_VoxelPlugin_Scenario1; Voxel Model memory: 262144
[2025.05.07-18.41.36:356][679]LogVoxelMeshingProfiling: Display: Scenario name: UEDPIE_0_Map_VoxelPlugin_Scenario1; OpaqueVoxelCount: 32768; TransparentVoxelCount: 0
[2025.05.07-18.41.36:356][679]LogVoxelMeshingProfiling: Display: Scenario name: UEDPIE_0_Map_VoxelPlugin_Scenario1; Voxel Model memory: 262144
[2025.05.07-18.41.36:356][679]LogVoxelMeshingProfiling: Display: Scenario name: UEDPIE_0_Map_VoxelPlugin_Scenario1; OpaqueVoxelCount: 32768; TransparentVoxelCount: 0
[2025.05.07-18.41.36:356][679]LogVoxelMeshingProfiling: Display: Scenario name: UEDPIE_0_Map_VoxelPlugin_Scenario1; Voxel Model memory: 262144
[2025.05.07-18.41.36:356][679]LogVoxelMeshingProfiling: Display: Scenario name: UEDPIE_0_Map_VoxelPlugin_Scenario1; Voxel Model memory: 262144
[2025.05.07-18.41.36:356][679]LogVoxelMeshingProfiling: Display: Scenario name: UEDPIE_0_Map_VoxelPlugin_Scenario1; OpaqueVoxelCount: 32768; TransparentVoxelCount: 0
[2025.05.07-18.41.36:356][679]LogVoxelMeshingProfiling: Display: Scenario name: UEDPIE_0_Map_VoxelPlugin_Scenario1; Voxel Model memory: 262144
[2025.05.07-18.41.36:356][679]LogVoxelMeshingProfiling: Display: Scenario name: UEDPIE_0_Map_VoxelPlugin_Scenario1; OpaqueVoxelCount: 32768; TransparentVoxelCount: 0
[2025.05.07-18.41.36:356][679]LogVoxelMeshingProfiling: Display: Scenario name: UEDPIE_0_Map_VoxelPlugin_Scenario1; OpaqueVoxelCount: 32768; TransparentVoxelCount: 0
[2025.05.07-18.41.36:356][679]LogVoxelMeshingProfiling: Display: Scenario name: UEDPIE_0_Map_VoxelPlugin_Scenario1; Voxel Model memory: 262144
[2025.05.07-18.41.36:356][679]LogVoxelMeshingProfiling: Display: Scenario name: UEDPIE_0_Map_VoxelPlugin_Scenario1; OpaqueVoxelCount: 32768; TransparentVoxelCount: 0
[2025.05.07-18.41.36:357][679]LogVoxelMeshingProfiling: Display: Scenario name: UEDPIE_0_Map_VoxelPlugin_Scenario1; Voxel Model memory: 262144
[2025.05.07-18.41.36:357][679]LogVoxelMeshingProfiling: Display: Scenario name: UEDPIE_0_Map_VoxelPlugin_Scenario1; OpaqueVoxelCount: 32768; TransparentVoxelCount: 0
[2025.05.07-18.41.36:433][680]LogVoxelMeshingProfiling: Display: Scenario name: Map_VoxelPlugin_Scenario1; Vertices: 4096
[2025.05.07-18.41.36:437][680]LogVoxelMeshingProfiling: Display: Scenario name: Map_VoxelPlugin_Scenario1; Vertices: 8192
[2025.05.07-18.41.36:461][680]LogVoxelMeshingProfiling: Display: Scenario name: Map_VoxelPlugin_Scenario1; Vertices: 12288
[2025.05.07-18.41.36:461][680]LogVoxelMeshingProfiling: Display: Scenario name: Map_VoxelPlugin_Scenario1; Vertices: 8192
[2025.05.07-18.41.36:485][681]LogVoxelMeshingProfiling: Display: Scenario name: Map_VoxelPlugin_Scenario1; Vertices: 12288
[2025.05.07-18.41.36:487][681]LogVoxelMeshingProfiling: Display: Scenario name: Map_VoxelPlugin_Scenario1; Vertices: 8192
[2025.05.07-18.41.36:513][681]LogVoxelMeshingProfiling: Display: Scenario name: Map_VoxelPlugin_Scenario1; Vertices: 8192
[2025.05.07-18.41.36:530][682]LogVoxelMeshingProfiling: Display: Scenario name: Map_VoxelPlugin_Scenario1; Vertices: 12288
[2025.05.07-18.41.36:570][683]LogVoxelMeshingProfiling: Display: Scenario name: Map_VoxelPlugin_Scenario1; Vertices: 12288
[2025.05.07-18.41.36:574][684]LogVoxelMeshingProfiling: Display: Scenario name: Map_VoxelPlugin_Scenario1; Vertices: 4096
[2025.05.07-18.41.36:627][686]LogVoxelMeshingProfiling: Display: Scenario name: Map_VoxelPlugin_Scenario1; Vertices: 4096
[2025.05.07-18.41.36:664][687]LogVoxelMeshingProfiling: Display: Scenario name: Map_VoxelPlugin_Scenario1; Vertices: 8192
[2025.05.07-18.41.36:686][688]LogVoxelMeshingProfiling: Display: Scenario name: Map_VoxelPlugin_Scenario1; Vertices: 4096
[2025.05.07-18.41.36:692][688]LogVoxelMeshingProfiling: Display: Scenario name: Map_VoxelPlugin_Scenario1; Vertices: 8192
[2025.05.07-18.41.36:733][690]LogVoxelMeshingProfiling: Display: Scenario name: Map_VoxelPlugin_Scenario1; Vertices: 4096
[2025.05.07-18.41.36:741][690]LogVoxelMeshingProfiling: Display: Scenario name: Map_VoxelPlugin_Scenario1; Vertices: 8192
[2025.05.07-18.41.36:766][692]LogVoxelMeshingProfiling: Display: Scenario name: Map_VoxelPlugin_Scenario1; Vertices: 8192
[2025.05.07-18.41.36:854][697]LogVoxelMeshingProfiling: Display: Scenario name: Map_VoxelPlugin_Scenario1; Vertices: 8192
[2025.05.07-18.41.36:855][697]LogVoxelMeshingProfiling: Display: Scenario name: Map_VoxelPlugin_Scenario1; Vertices: 4096
[2025.05.07-18.41.36:885][699]LogVoxelMeshingProfiling: Display: Scenario name: Map_VoxelPlugin_Scenario1; Vertices: 12288
[2025.05.07-18.41.36:892][699]LogVoxelMeshingProfiling: Display: Scenario name: Map_VoxelPlugin_Scenario1; Vertices: 8192
[2025.05.07-18.41.36:926][701]LogVoxelMeshingProfiling: Display: Scenario name: Map_VoxelPlugin_Scenario1; Vertices: 8192
[2025.05.07-18.41.36:934][702]LogVoxelMeshingProfiling: Display: Scenario name: Map_VoxelPlugin_Scenario1; Vertices: 12288
[2025.05.07-18.41.36:961][703]LogVoxelMeshingProfiling: Display: Scenario name: Map_VoxelPlugin_Scenario1; Vertices: 8192
[2025.05.07-18.41.36:968][704]LogVoxelMeshingProfiling: Display: Scenario name: Map_VoxelPlugin_Scenario1; Vertices: 12288
[2025.05.07-18.41.36:999][706]LogVoxelMeshingProfiling: Display: Scenario name: Map_VoxelPlugin_Scenario1; Vertices: 12288
