[2025.05.08-10.16.57:643][ 56]LogVoxelMeshingProfiling: Display: Scenario name: UEDPIE_0_Map_Grid_Scenario10; Voxel Model memory: 262144
[2025.05.08-10.16.57:643][ 56]LogVoxelMeshingProfiling: Display: Scenario name: UEDPIE_0_Map_Grid_Scenario10; OpaqueVoxelCount: 5832; TransparentVoxelCount: 26936
[2025.05.08-10.16.57:646][ 56]LogVoxelMeshingProfiling: Display: Scenario name: UEDPIE_0_Map_Grid_Scenario10; Voxel Model memory: 262144
[2025.05.08-10.16.57:646][ 56]LogVoxelMeshingProfiling: Display: Scenario name: UEDPIE_0_Map_Grid_Scenario10; OpaqueVoxelCount: 5832; TransparentVoxelCount: 26936
[2025.05.08-10.16.57:646][ 56]LogVoxelMeshingProfiling: Display: Scenario name: UEDPIE_0_Map_Grid_Scenario10; Voxel Model memory: 262144
[2025.05.08-10.16.57:646][ 56]LogVoxelMeshingProfiling: Display: Scenario name: UEDPIE_0_Map_Grid_Scenario10; OpaqueVoxelCount: 5832; TransparentVoxelCount: 26936
[2025.05.08-10.16.57:646][ 56]LogVoxelMeshingProfiling: Display: Scenario name: UEDPIE_0_Map_Grid_Scenario10; Voxel Model memory: 262144
[2025.05.08-10.16.57:646][ 56]LogVoxelMeshingProfiling: Display: Scenario name: UEDPIE_0_Map_Grid_Scenario10; OpaqueVoxelCount: 5832; TransparentVoxelCount: 26936
[2025.05.08-10.16.57:647][ 56]LogVoxelMeshingProfiling: Display: Scenario name: UEDPIE_0_Map_Grid_Scenario10; Voxel Model memory: 262144
[2025.05.08-10.16.57:647][ 56]LogVoxelMeshingProfiling: Display: Scenario name: UEDPIE_0_Map_Grid_Scenario10; OpaqueVoxelCount: 5832; TransparentVoxelCount: 26936
[2025.05.08-10.16.57:647][ 56]LogVoxelMeshingProfiling: Display: Scenario name: UEDPIE_0_Map_Grid_Scenario10; Voxel Model memory: 262144
[2025.05.08-10.16.57:647][ 56]LogVoxelMeshingProfiling: Display: Scenario name: UEDPIE_0_Map_Grid_Scenario10; OpaqueVoxelCount: 5832; TransparentVoxelCount: 26936
[2025.05.08-10.16.57:647][ 56]LogVoxelMeshingProfiling: Display: Scenario name: UEDPIE_0_Map_Grid_Scenario10; Voxel Model memory: 262144
[2025.05.08-10.16.57:647][ 56]LogVoxelMeshingProfiling: Display: Scenario name: UEDPIE_0_Map_Grid_Scenario10; OpaqueVoxelCount: 5832; TransparentVoxelCount: 26936
[2025.05.08-10.16.57:650][ 56]LogVoxelMeshingProfiling: Display: Scenario name: UEDPIE_0_Map_Grid_Scenario10; Voxel Model memory: 262144
[2025.05.08-10.16.57:650][ 56]LogVoxelMeshingProfiling: Display: Scenario name: UEDPIE_0_Map_Grid_Scenario10; Voxel Model memory: 262144
[2025.05.08-10.16.57:650][ 56]LogVoxelMeshingProfiling: Display: Scenario name: UEDPIE_0_Map_Grid_Scenario10; OpaqueVoxelCount: 5832; TransparentVoxelCount: 26936
[2025.05.08-10.16.57:650][ 56]LogVoxelMeshingProfiling: Display: Scenario name: UEDPIE_0_Map_Grid_Scenario10; OpaqueVoxelCount: 5832; TransparentVoxelCount: 26936
[2025.05.08-10.16.57:651][ 56]LogVoxelMeshingProfiling: Display: Scenario name: UEDPIE_0_Map_Grid_Scenario10; Voxel Model memory: 262144
[2025.05.08-10.16.57:651][ 56]LogVoxelMeshingProfiling: Display: Scenario name: UEDPIE_0_Map_Grid_Scenario10; OpaqueVoxelCount: 5832; TransparentVoxelCount: 26936
[2025.05.08-10.16.57:651][ 56]LogVoxelMeshingProfiling: Display: Scenario name: UEDPIE_0_Map_Grid_Scenario10; Voxel Model memory: 262144
[2025.05.08-10.16.57:651][ 56]LogVoxelMeshingProfiling: Display: Scenario name: UEDPIE_0_Map_Grid_Scenario10; OpaqueVoxelCount: 5832; TransparentVoxelCount: 26936
[2025.05.08-10.16.57:651][ 56]LogVoxelMeshingProfiling: Display: Scenario name: UEDPIE_0_Map_Grid_Scenario10; Voxel Model memory: 262144
[2025.05.08-10.16.57:651][ 56]LogVoxelMeshingProfiling: Display: Scenario name: UEDPIE_0_Map_Grid_Scenario10; OpaqueVoxelCount: 5832; TransparentVoxelCount: 26936
[2025.05.08-10.16.57:652][ 56]LogVoxelMeshingProfiling: Display: Scenario name: UEDPIE_0_Map_Grid_Scenario10; Voxel Model memory: 262144
[2025.05.08-10.16.57:652][ 56]LogVoxelMeshingProfiling: Display: Scenario name: UEDPIE_0_Map_Grid_Scenario10; OpaqueVoxelCount: 5832; TransparentVoxelCount: 26936
[2025.05.08-10.16.57:652][ 56]LogVoxelMeshingProfiling: Display: Scenario name: UEDPIE_0_Map_Grid_Scenario10; Voxel Model memory: 262144
[2025.05.08-10.16.57:652][ 56]LogVoxelMeshingProfiling: Display: Scenario name: UEDPIE_0_Map_Grid_Scenario10; OpaqueVoxelCount: 5832; TransparentVoxelCount: 26936
[2025.05.08-10.16.57:655][ 56]LogVoxelMeshingProfiling: Display: Scenario name: UEDPIE_0_Map_Grid_Scenario10; Voxel Model memory: 262144
[2025.05.08-10.16.57:655][ 56]LogVoxelMeshingProfiling: Display: Scenario name: UEDPIE_0_Map_Grid_Scenario10; Voxel Model memory: 262144
[2025.05.08-10.16.57:655][ 56]LogVoxelMeshingProfiling: Display: Scenario name: UEDPIE_0_Map_Grid_Scenario10; OpaqueVoxelCount: 5832; TransparentVoxelCount: 26936
[2025.05.08-10.16.57:655][ 56]LogVoxelMeshingProfiling: Display: Scenario name: UEDPIE_0_Map_Grid_Scenario10; OpaqueVoxelCount: 5832; TransparentVoxelCount: 26936
[2025.05.08-10.16.57:655][ 56]LogVoxelMeshingProfiling: Display: Scenario name: UEDPIE_0_Map_Grid_Scenario10; Voxel Model memory: 262144
[2025.05.08-10.16.57:655][ 56]LogVoxelMeshingProfiling: Display: Scenario name: UEDPIE_0_Map_Grid_Scenario10; OpaqueVoxelCount: 5832; TransparentVoxelCount: 26936
[2025.05.08-10.16.57:655][ 56]LogVoxelMeshingProfiling: Display: Scenario name: UEDPIE_0_Map_Grid_Scenario10; Voxel Model memory: 262144
[2025.05.08-10.16.57:655][ 56]LogVoxelMeshingProfiling: Display: Scenario name: UEDPIE_0_Map_Grid_Scenario10; OpaqueVoxelCount: 5832; TransparentVoxelCount: 26936
[2025.05.08-10.16.57:657][ 56]LogVoxelMeshingProfiling: Display: Scenario name: UEDPIE_0_Map_Grid_Scenario10; Voxel Model memory: 262144
[2025.05.08-10.16.57:657][ 56]LogVoxelMeshingProfiling: Display: Scenario name: UEDPIE_0_Map_Grid_Scenario10; OpaqueVoxelCount: 5832; TransparentVoxelCount: 26936
[2025.05.08-10.16.57:657][ 56]LogVoxelMeshingProfiling: Display: Scenario name: UEDPIE_0_Map_Grid_Scenario10; Voxel Model memory: 262144
[2025.05.08-10.16.57:657][ 56]LogVoxelMeshingProfiling: Display: Scenario name: UEDPIE_0_Map_Grid_Scenario10; OpaqueVoxelCount: 5832; TransparentVoxelCount: 26936
[2025.05.08-10.16.57:657][ 56]LogVoxelMeshingProfiling: Display: Scenario name: UEDPIE_0_Map_Grid_Scenario10; Voxel Model memory: 262144
[2025.05.08-10.16.57:657][ 56]LogVoxelMeshingProfiling: Display: Scenario name: UEDPIE_0_Map_Grid_Scenario10; OpaqueVoxelCount: 5832; TransparentVoxelCount: 26936
[2025.05.08-10.16.57:660][ 56]LogVoxelMeshingProfiling: Display: Scenario name: UEDPIE_0_Map_Grid_Scenario10; Voxel Model memory: 262144
[2025.05.08-10.16.57:660][ 56]LogVoxelMeshingProfiling: Display: Scenario name: UEDPIE_0_Map_Grid_Scenario10; OpaqueVoxelCount: 5832; TransparentVoxelCount: 26936
[2025.05.08-10.16.57:660][ 56]LogVoxelMeshingProfiling: Display: Scenario name: UEDPIE_0_Map_Grid_Scenario10; Voxel Model memory: 262144
[2025.05.08-10.16.57:660][ 56]LogVoxelMeshingProfiling: Display: Scenario name: UEDPIE_0_Map_Grid_Scenario10; OpaqueVoxelCount: 5832; TransparentVoxelCount: 26936
[2025.05.08-10.16.57:660][ 56]LogVoxelMeshingProfiling: Display: Scenario name: UEDPIE_0_Map_Grid_Scenario10; Voxel Model memory: 262144
[2025.05.08-10.16.57:660][ 56]LogVoxelMeshingProfiling: Display: Scenario name: UEDPIE_0_Map_Grid_Scenario10; Voxel Model memory: 262144
[2025.05.08-10.16.57:660][ 56]LogVoxelMeshingProfiling: Display: Scenario name: UEDPIE_0_Map_Grid_Scenario10; OpaqueVoxelCount: 5832; TransparentVoxelCount: 26936
[2025.05.08-10.16.57:660][ 56]LogVoxelMeshingProfiling: Display: Scenario name: UEDPIE_0_Map_Grid_Scenario10; OpaqueVoxelCount: 5832; TransparentVoxelCount: 26936
[2025.05.08-10.16.57:661][ 56]LogVoxelMeshingProfiling: Display: Scenario name: UEDPIE_0_Map_Grid_Scenario10; Voxel Model memory: 262144
[2025.05.08-10.16.57:661][ 56]LogVoxelMeshingProfiling: Display: Scenario name: UEDPIE_0_Map_Grid_Scenario10; OpaqueVoxelCount: 5832; TransparentVoxelCount: 26936
[2025.05.08-10.16.57:661][ 56]LogVoxelMeshingProfiling: Display: Scenario name: UEDPIE_0_Map_Grid_Scenario10; Voxel Model memory: 262144
[2025.05.08-10.16.57:661][ 56]LogVoxelMeshingProfiling: Display: Scenario name: UEDPIE_0_Map_Grid_Scenario10; OpaqueVoxelCount: 5832; TransparentVoxelCount: 26936
[2025.05.08-10.16.57:663][ 56]LogVoxelMeshingProfiling: Display: Scenario name: UEDPIE_0_Map_Grid_Scenario10; Vertices: 648
[2025.05.08-10.16.57:665][ 56]LogVoxelMeshingProfiling: Display: Scenario name: UEDPIE_0_Map_Grid_Scenario10; Vertices: 648
[2025.05.08-10.16.57:668][ 56]LogVoxelMeshingProfiling: Display: Scenario name: UEDPIE_0_Map_Grid_Scenario10; Vertices: 648
[2025.05.08-10.16.57:669][ 56]LogVoxelMeshingProfiling: Display: Scenario name: UEDPIE_0_Map_Grid_Scenario10; Vertices: 648
[2025.05.08-10.16.57:671][ 56]LogVoxelMeshingProfiling: Display: Scenario name: UEDPIE_0_Map_Grid_Scenario10; Vertices: 648
[2025.05.08-10.16.57:674][ 56]LogVoxelMeshingProfiling: Display: Scenario name: UEDPIE_0_Map_Grid_Scenario10; Vertices: 648
[2025.05.08-10.16.57:677][ 56]LogVoxelMeshingProfiling: Display: Scenario name: UEDPIE_0_Map_Grid_Scenario10; Vertices: 648
[2025.05.08-10.16.57:678][ 56]LogVoxelMeshingProfiling: Display: Scenario name: UEDPIE_0_Map_Grid_Scenario10; Vertices: 648
[2025.05.08-10.16.57:680][ 56]LogVoxelMeshingProfiling: Display: Scenario name: UEDPIE_0_Map_Grid_Scenario10; Vertices: 648
[2025.05.08-10.16.57:683][ 56]LogVoxelMeshingProfiling: Display: Scenario name: UEDPIE_0_Map_Grid_Scenario10; Vertices: 648
[2025.05.08-10.16.57:686][ 56]LogVoxelMeshingProfiling: Display: Scenario name: UEDPIE_0_Map_Grid_Scenario10; Vertices: 648
[2025.05.08-10.16.57:689][ 56]LogVoxelMeshingProfiling: Display: Scenario name: UEDPIE_0_Map_Grid_Scenario10; Vertices: 648
[2025.05.08-10.16.57:692][ 56]LogVoxelMeshingProfiling: Display: Scenario name: UEDPIE_0_Map_Grid_Scenario10; Vertices: 648
[2025.05.08-10.16.57:695][ 56]LogVoxelMeshingProfiling: Display: Scenario name: UEDPIE_0_Map_Grid_Scenario10; Vertices: 648
[2025.05.08-10.16.57:698][ 56]LogVoxelMeshingProfiling: Display: Scenario name: UEDPIE_0_Map_Grid_Scenario10; Vertices: 648
[2025.05.08-10.16.57:700][ 56]LogVoxelMeshingProfiling: Display: Scenario name: UEDPIE_0_Map_Grid_Scenario10; Vertices: 648
[2025.05.08-10.16.57:701][ 56]LogVoxelMeshingProfiling: Display: Scenario name: UEDPIE_0_Map_Grid_Scenario10; Vertices: 648
[2025.05.08-10.16.57:703][ 56]LogVoxelMeshingProfiling: Display: Scenario name: UEDPIE_0_Map_Grid_Scenario10; Vertices: 648
[2025.05.08-10.16.57:706][ 56]LogVoxelMeshingProfiling: Display: Scenario name: UEDPIE_0_Map_Grid_Scenario10; Vertices: 648
[2025.05.08-10.16.57:709][ 56]LogVoxelMeshingProfiling: Display: Scenario name: UEDPIE_0_Map_Grid_Scenario10; Vertices: 648
[2025.05.08-10.16.57:712][ 56]LogVoxelMeshingProfiling: Display: Scenario name: UEDPIE_0_Map_Grid_Scenario10; Vertices: 648
[2025.05.08-10.16.57:715][ 56]LogVoxelMeshingProfiling: Display: Scenario name: UEDPIE_0_Map_Grid_Scenario10; Vertices: 648
[2025.05.08-10.16.57:719][ 56]LogVoxelMeshingProfiling: Display: Scenario name: UEDPIE_0_Map_Grid_Scenario10; Vertices: 648
[2025.05.08-10.16.57:722][ 56]LogVoxelMeshingProfiling: Display: Scenario name: UEDPIE_0_Map_Grid_Scenario10; Vertices: 648
[2025.05.08-10.16.57:725][ 56]LogVoxelMeshingProfiling: Display: Scenario name: UEDPIE_0_Map_Grid_Scenario10; Vertices: 648
[2025.05.08-10.16.57:726][ 56]LogVoxelMeshingProfiling: Display: Scenario name: UEDPIE_0_Map_Grid_Scenario10; Vertices: 648
[2025.05.08-10.16.57:729][ 56]LogVoxelMeshingProfiling: Display: Scenario name: UEDPIE_0_Map_Grid_Scenario10; Vertices: 648
[2025.05.08-10.17.04:143][472]LogVoxelMeshingProfiling: Display: Scenario name: UEDPIE_0_Map_RLE_Scenario10; Voxel Model memory: 24756
[2025.05.08-10.17.04:145][472]LogVoxelMeshingProfiling: Display: Scenario name: UEDPIE_0_Map_RLE_Scenario10; Voxel Model memory: 24756
[2025.05.08-10.17.04:145][472]LogVoxelMeshingProfiling: Display: Scenario name: UEDPIE_0_Map_RLE_Scenario10; Voxel Model memory: 24756
[2025.05.08-10.17.04:146][472]LogVoxelMeshingProfiling: Display: Scenario name: UEDPIE_0_Map_RLE_Scenario10; Voxel Model memory: 24756
[2025.05.08-10.17.04:146][472]LogVoxelMeshingProfiling: Display: Scenario name: UEDPIE_0_Map_RLE_Scenario10; Voxel Model memory: 24756
[2025.05.08-10.17.04:146][472]LogVoxelMeshingProfiling: Display: Scenario name: UEDPIE_0_Map_RLE_Scenario10; Voxel Model memory: 24756
[2025.05.08-10.17.04:146][472]LogVoxelMeshingProfiling: Display: Scenario name: UEDPIE_0_Map_RLE_Scenario10; Voxel Model memory: 24756
[2025.05.08-10.17.04:150][472]LogVoxelMeshingProfiling: Display: Scenario name: UEDPIE_0_Map_RLE_Scenario10; Voxel Model memory: 24756
[2025.05.08-10.17.04:150][472]LogVoxelMeshingProfiling: Display: Scenario name: UEDPIE_0_Map_RLE_Scenario10; Voxel Model memory: 24756
[2025.05.08-10.17.04:150][472]LogVoxelMeshingProfiling: Display: Scenario name: UEDPIE_0_Map_RLE_Scenario10; Voxel Model memory: 24756
[2025.05.08-10.17.04:150][472]LogVoxelMeshingProfiling: Display: Scenario name: UEDPIE_0_Map_RLE_Scenario10; Voxel Model memory: 24756
[2025.05.08-10.17.04:151][472]LogVoxelMeshingProfiling: Display: Scenario name: UEDPIE_0_Map_RLE_Scenario10; Voxel Model memory: 24756
[2025.05.08-10.17.04:151][472]LogVoxelMeshingProfiling: Display: Scenario name: UEDPIE_0_Map_RLE_Scenario10; Voxel Model memory: 24756
[2025.05.08-10.17.04:152][472]LogVoxelMeshingProfiling: Display: Scenario name: UEDPIE_0_Map_RLE_Scenario10; Voxel Model memory: 24756
[2025.05.08-10.17.04:154][472]LogVoxelMeshingProfiling: Display: Scenario name: UEDPIE_0_Map_RLE_Scenario10; Voxel Model memory: 24756
[2025.05.08-10.17.04:155][472]LogVoxelMeshingProfiling: Display: Scenario name: UEDPIE_0_Map_RLE_Scenario10; Voxel Model memory: 24756
[2025.05.08-10.17.04:155][472]LogVoxelMeshingProfiling: Display: Scenario name: UEDPIE_0_Map_RLE_Scenario10; Voxel Model memory: 24756
[2025.05.08-10.17.04:155][472]LogVoxelMeshingProfiling: Display: Scenario name: UEDPIE_0_Map_RLE_Scenario10; Voxel Model memory: 24756
[2025.05.08-10.17.04:156][472]LogVoxelMeshingProfiling: Display: Scenario name: UEDPIE_0_Map_RLE_Scenario10; Voxel Model memory: 24756
[2025.05.08-10.17.04:156][472]LogVoxelMeshingProfiling: Display: Scenario name: UEDPIE_0_Map_RLE_Scenario10; Voxel Model memory: 24756
[2025.05.08-10.17.04:156][472]LogVoxelMeshingProfiling: Display: Scenario name: UEDPIE_0_Map_RLE_Scenario10; Voxel Model memory: 24756
[2025.05.08-10.17.04:160][472]LogVoxelMeshingProfiling: Display: Scenario name: UEDPIE_0_Map_RLE_Scenario10; Voxel Model memory: 24756
[2025.05.08-10.17.04:160][472]LogVoxelMeshingProfiling: Display: Scenario name: UEDPIE_0_Map_RLE_Scenario10; Voxel Model memory: 24756
[2025.05.08-10.17.04:160][472]LogVoxelMeshingProfiling: Display: Scenario name: UEDPIE_0_Map_RLE_Scenario10; Voxel Model memory: 24756
[2025.05.08-10.17.04:160][472]LogVoxelMeshingProfiling: Display: Scenario name: UEDPIE_0_Map_RLE_Scenario10; Voxel Model memory: 24756
[2025.05.08-10.17.04:160][472]LogVoxelMeshingProfiling: Display: Scenario name: UEDPIE_0_Map_RLE_Scenario10; Voxel Model memory: 24756
[2025.05.08-10.17.04:160][472]LogVoxelMeshingProfiling: Display: Scenario name: UEDPIE_0_Map_RLE_Scenario10; Voxel Model memory: 24756
[2025.05.08-10.17.04:165][472]LogVoxelMeshingProfiling: Display: Scenario name: UEDPIE_0_Map_RLE_Scenario10; Vertices: 23328
[2025.05.08-10.17.04:170][472]LogVoxelMeshingProfiling: Display: Scenario name: UEDPIE_0_Map_RLE_Scenario10; Vertices: 23328
[2025.05.08-10.17.04:174][472]LogVoxelMeshingProfiling: Display: Scenario name: UEDPIE_0_Map_RLE_Scenario10; Vertices: 23328
[2025.05.08-10.17.04:183][472]LogVoxelMeshingProfiling: Display: Scenario name: UEDPIE_0_Map_RLE_Scenario10; Vertices: 23328
[2025.05.08-10.17.04:188][472]LogVoxelMeshingProfiling: Display: Scenario name: UEDPIE_0_Map_RLE_Scenario10; Vertices: 23328
[2025.05.08-10.17.04:195][472]LogVoxelMeshingProfiling: Display: Scenario name: UEDPIE_0_Map_RLE_Scenario10; Vertices: 23328
[2025.05.08-10.17.04:198][472]LogVoxelMeshingProfiling: Display: Scenario name: UEDPIE_0_Map_RLE_Scenario10; Vertices: 23328
[2025.05.08-10.17.04:203][473]LogVoxelMeshingProfiling: Display: Scenario name: UEDPIE_0_Map_RLE_Scenario10; Vertices: 23328
[2025.05.08-10.17.04:209][473]LogVoxelMeshingProfiling: Display: Scenario name: UEDPIE_0_Map_RLE_Scenario10; Vertices: 23328
[2025.05.08-10.17.04:214][473]LogVoxelMeshingProfiling: Display: Scenario name: UEDPIE_0_Map_RLE_Scenario10; Vertices: 23328
[2025.05.08-10.17.04:225][473]LogVoxelMeshingProfiling: Display: Scenario name: UEDPIE_0_Map_RLE_Scenario10; Vertices: 23328
[2025.05.08-10.17.04:232][473]LogVoxelMeshingProfiling: Display: Scenario name: UEDPIE_0_Map_RLE_Scenario10; Vertices: 23328
[2025.05.08-10.17.04:249][473]LogVoxelMeshingProfiling: Display: Scenario name: UEDPIE_0_Map_RLE_Scenario10; Vertices: 23328
[2025.05.08-10.17.04:249][473]LogVoxelMeshingProfiling: Display: Scenario name: UEDPIE_0_Map_RLE_Scenario10; Vertices: 23328
[2025.05.08-10.17.04:252][473]LogVoxelMeshingProfiling: Display: Scenario name: UEDPIE_0_Map_RLE_Scenario10; Vertices: 23328
[2025.05.08-10.17.04:259][473]LogVoxelMeshingProfiling: Display: Scenario name: UEDPIE_0_Map_RLE_Scenario10; Vertices: 23328
[2025.05.08-10.17.04:265][473]LogVoxelMeshingProfiling: Display: Scenario name: UEDPIE_0_Map_RLE_Scenario10; Vertices: 23328
[2025.05.08-10.17.04:271][473]LogVoxelMeshingProfiling: Display: Scenario name: UEDPIE_0_Map_RLE_Scenario10; Vertices: 23328
[2025.05.08-10.17.04:276][473]LogVoxelMeshingProfiling: Display: Scenario name: UEDPIE_0_Map_RLE_Scenario10; Vertices: 23328
[2025.05.08-10.17.04:284][473]LogVoxelMeshingProfiling: Display: Scenario name: UEDPIE_0_Map_RLE_Scenario10; Vertices: 23328
[2025.05.08-10.17.04:288][473]LogVoxelMeshingProfiling: Display: Scenario name: UEDPIE_0_Map_RLE_Scenario10; Vertices: 23328
[2025.05.08-10.17.04:292][473]LogVoxelMeshingProfiling: Display: Scenario name: UEDPIE_0_Map_RLE_Scenario10; Vertices: 23328
[2025.05.08-10.17.04:296][473]LogVoxelMeshingProfiling: Display: Scenario name: UEDPIE_0_Map_RLE_Scenario10; Vertices: 23328
[2025.05.08-10.17.04:301][473]LogVoxelMeshingProfiling: Display: Scenario name: UEDPIE_0_Map_RLE_Scenario10; Vertices: 23328
[2025.05.08-10.17.04:306][473]LogVoxelMeshingProfiling: Display: Scenario name: UEDPIE_0_Map_RLE_Scenario10; Vertices: 23328
[2025.05.08-10.17.04:310][474]LogVoxelMeshingProfiling: Display: Scenario name: UEDPIE_0_Map_RLE_Scenario10; Vertices: 23328
[2025.05.08-10.17.04:318][474]LogVoxelMeshingProfiling: Display: Scenario name: UEDPIE_0_Map_RLE_Scenario10; Vertices: 23328
[2025.05.08-10.17.11:357][864]LogVoxelMeshingProfiling: Display: Scenario name: UEDPIE_0_Map_VoxelPlugin_Scenario10; Voxel Model memory: 262144
[2025.05.08-10.17.11:357][864]LogVoxelMeshingProfiling: Display: Scenario name: UEDPIE_0_Map_VoxelPlugin_Scenario10; OpaqueVoxelCount: 5832; TransparentVoxelCount: 26936
[2025.05.08-10.17.11:361][864]LogVoxelMeshingProfiling: Display: Scenario name: UEDPIE_0_Map_VoxelPlugin_Scenario10; Voxel Model memory: 262144
[2025.05.08-10.17.11:361][864]LogVoxelMeshingProfiling: Display: Scenario name: UEDPIE_0_Map_VoxelPlugin_Scenario10; OpaqueVoxelCount: 5832; TransparentVoxelCount: 26936
[2025.05.08-10.17.11:361][864]LogVoxelMeshingProfiling: Display: Scenario name: UEDPIE_0_Map_VoxelPlugin_Scenario10; Voxel Model memory: 262144
[2025.05.08-10.17.11:361][864]LogVoxelMeshingProfiling: Display: Scenario name: UEDPIE_0_Map_VoxelPlugin_Scenario10; OpaqueVoxelCount: 5832; TransparentVoxelCount: 26936
[2025.05.08-10.17.11:361][864]LogVoxelMeshingProfiling: Display: Scenario name: UEDPIE_0_Map_VoxelPlugin_Scenario10; Voxel Model memory: 262144
[2025.05.08-10.17.11:361][864]LogVoxelMeshingProfiling: Display: Scenario name: UEDPIE_0_Map_VoxelPlugin_Scenario10; OpaqueVoxelCount: 5832; TransparentVoxelCount: 26936
[2025.05.08-10.17.11:361][864]LogVoxelMeshingProfiling: Display: Scenario name: UEDPIE_0_Map_VoxelPlugin_Scenario10; Voxel Model memory: 262144
[2025.05.08-10.17.11:361][864]LogVoxelMeshingProfiling: Display: Scenario name: UEDPIE_0_Map_VoxelPlugin_Scenario10; OpaqueVoxelCount: 5832; TransparentVoxelCount: 26936
[2025.05.08-10.17.11:361][864]LogVoxelMeshingProfiling: Display: Scenario name: UEDPIE_0_Map_VoxelPlugin_Scenario10; Voxel Model memory: 262144
[2025.05.08-10.17.11:361][864]LogVoxelMeshingProfiling: Display: Scenario name: UEDPIE_0_Map_VoxelPlugin_Scenario10; OpaqueVoxelCount: 5832; TransparentVoxelCount: 26936
[2025.05.08-10.17.11:361][864]LogVoxelMeshingProfiling: Display: Scenario name: UEDPIE_0_Map_VoxelPlugin_Scenario10; Voxel Model memory: 262144
[2025.05.08-10.17.11:361][864]LogVoxelMeshingProfiling: Display: Scenario name: UEDPIE_0_Map_VoxelPlugin_Scenario10; OpaqueVoxelCount: 5832; TransparentVoxelCount: 26936
[2025.05.08-10.17.11:363][864]LogVoxelMeshingProfiling: Display: Scenario name: UEDPIE_0_Map_VoxelPlugin_Scenario10; Voxel Model memory: 262144
[2025.05.08-10.17.11:363][864]LogVoxelMeshingProfiling: Display: Scenario name: UEDPIE_0_Map_VoxelPlugin_Scenario10; OpaqueVoxelCount: 5832; TransparentVoxelCount: 26936
[2025.05.08-10.17.11:365][864]LogVoxelMeshingProfiling: Display: Scenario name: UEDPIE_0_Map_VoxelPlugin_Scenario10; Voxel Model memory: 262144
[2025.05.08-10.17.11:365][864]LogVoxelMeshingProfiling: Display: Scenario name: UEDPIE_0_Map_VoxelPlugin_Scenario10; OpaqueVoxelCount: 5832; TransparentVoxelCount: 26936
[2025.05.08-10.17.11:365][864]LogVoxelMeshingProfiling: Display: Scenario name: UEDPIE_0_Map_VoxelPlugin_Scenario10; Voxel Model memory: 262144
[2025.05.08-10.17.11:365][864]LogVoxelMeshingProfiling: Display: Scenario name: UEDPIE_0_Map_VoxelPlugin_Scenario10; OpaqueVoxelCount: 5832; TransparentVoxelCount: 26936
[2025.05.08-10.17.11:365][864]LogVoxelMeshingProfiling: Display: Scenario name: UEDPIE_0_Map_VoxelPlugin_Scenario10; Voxel Model memory: 262144
[2025.05.08-10.17.11:365][864]LogVoxelMeshingProfiling: Display: Scenario name: UEDPIE_0_Map_VoxelPlugin_Scenario10; OpaqueVoxelCount: 5832; TransparentVoxelCount: 26936
[2025.05.08-10.17.11:366][864]LogVoxelMeshingProfiling: Display: Scenario name: UEDPIE_0_Map_VoxelPlugin_Scenario10; Voxel Model memory: 262144
[2025.05.08-10.17.11:366][864]LogVoxelMeshingProfiling: Display: Scenario name: UEDPIE_0_Map_VoxelPlugin_Scenario10; OpaqueVoxelCount: 5832; TransparentVoxelCount: 26936
[2025.05.08-10.17.11:366][864]LogVoxelMeshingProfiling: Display: Scenario name: UEDPIE_0_Map_VoxelPlugin_Scenario10; Voxel Model memory: 262144
[2025.05.08-10.17.11:366][864]LogVoxelMeshingProfiling: Display: Scenario name: UEDPIE_0_Map_VoxelPlugin_Scenario10; OpaqueVoxelCount: 5832; TransparentVoxelCount: 26936
[2025.05.08-10.17.11:366][864]LogVoxelMeshingProfiling: Display: Scenario name: UEDPIE_0_Map_VoxelPlugin_Scenario10; Voxel Model memory: 262144
[2025.05.08-10.17.11:366][864]LogVoxelMeshingProfiling: Display: Scenario name: UEDPIE_0_Map_VoxelPlugin_Scenario10; OpaqueVoxelCount: 5832; TransparentVoxelCount: 26936
[2025.05.08-10.17.11:369][864]LogVoxelMeshingProfiling: Display: Scenario name: UEDPIE_0_Map_VoxelPlugin_Scenario10; Voxel Model memory: 262144
[2025.05.08-10.17.11:369][864]LogVoxelMeshingProfiling: Display: Scenario name: UEDPIE_0_Map_VoxelPlugin_Scenario10; OpaqueVoxelCount: 5832; TransparentVoxelCount: 26936
[2025.05.08-10.17.11:369][864]LogVoxelMeshingProfiling: Display: Scenario name: UEDPIE_0_Map_VoxelPlugin_Scenario10; Voxel Model memory: 262144
[2025.05.08-10.17.11:369][864]LogVoxelMeshingProfiling: Display: Scenario name: UEDPIE_0_Map_VoxelPlugin_Scenario10; OpaqueVoxelCount: 5832; TransparentVoxelCount: 26936
[2025.05.08-10.17.11:369][864]LogVoxelMeshingProfiling: Display: Scenario name: UEDPIE_0_Map_VoxelPlugin_Scenario10; Voxel Model memory: 262144
[2025.05.08-10.17.11:369][864]LogVoxelMeshingProfiling: Display: Scenario name: UEDPIE_0_Map_VoxelPlugin_Scenario10; OpaqueVoxelCount: 5832; TransparentVoxelCount: 26936
[2025.05.08-10.17.11:370][864]LogVoxelMeshingProfiling: Display: Scenario name: UEDPIE_0_Map_VoxelPlugin_Scenario10; Voxel Model memory: 262144
[2025.05.08-10.17.11:370][864]LogVoxelMeshingProfiling: Display: Scenario name: UEDPIE_0_Map_VoxelPlugin_Scenario10; OpaqueVoxelCount: 5832; TransparentVoxelCount: 26936
[2025.05.08-10.17.11:370][864]LogVoxelMeshingProfiling: Display: Scenario name: UEDPIE_0_Map_VoxelPlugin_Scenario10; Voxel Model memory: 262144
[2025.05.08-10.17.11:370][864]LogVoxelMeshingProfiling: Display: Scenario name: UEDPIE_0_Map_VoxelPlugin_Scenario10; OpaqueVoxelCount: 5832; TransparentVoxelCount: 26936
[2025.05.08-10.17.11:370][864]LogVoxelMeshingProfiling: Display: Scenario name: UEDPIE_0_Map_VoxelPlugin_Scenario10; Voxel Model memory: 262144
[2025.05.08-10.17.11:370][864]LogVoxelMeshingProfiling: Display: Scenario name: UEDPIE_0_Map_VoxelPlugin_Scenario10; OpaqueVoxelCount: 5832; TransparentVoxelCount: 26936
[2025.05.08-10.17.11:370][864]LogVoxelMeshingProfiling: Display: Scenario name: UEDPIE_0_Map_VoxelPlugin_Scenario10; Voxel Model memory: 262144
[2025.05.08-10.17.11:370][864]LogVoxelMeshingProfiling: Display: Scenario name: UEDPIE_0_Map_VoxelPlugin_Scenario10; OpaqueVoxelCount: 5832; TransparentVoxelCount: 26936
[2025.05.08-10.17.11:373][864]LogVoxelMeshingProfiling: Display: Scenario name: UEDPIE_0_Map_VoxelPlugin_Scenario10; Voxel Model memory: 262144
[2025.05.08-10.17.11:373][864]LogVoxelMeshingProfiling: Display: Scenario name: UEDPIE_0_Map_VoxelPlugin_Scenario10; OpaqueVoxelCount: 5832; TransparentVoxelCount: 26936
[2025.05.08-10.17.11:373][864]LogVoxelMeshingProfiling: Display: Scenario name: UEDPIE_0_Map_VoxelPlugin_Scenario10; Voxel Model memory: 262144
[2025.05.08-10.17.11:373][864]LogVoxelMeshingProfiling: Display: Scenario name: UEDPIE_0_Map_VoxelPlugin_Scenario10; OpaqueVoxelCount: 5832; TransparentVoxelCount: 26936
[2025.05.08-10.17.11:373][864]LogVoxelMeshingProfiling: Display: Scenario name: UEDPIE_0_Map_VoxelPlugin_Scenario10; Voxel Model memory: 262144
[2025.05.08-10.17.11:373][864]LogVoxelMeshingProfiling: Display: Scenario name: UEDPIE_0_Map_VoxelPlugin_Scenario10; OpaqueVoxelCount: 5832; TransparentVoxelCount: 26936
[2025.05.08-10.17.11:373][864]LogVoxelMeshingProfiling: Display: Scenario name: UEDPIE_0_Map_VoxelPlugin_Scenario10; Voxel Model memory: 262144
[2025.05.08-10.17.11:373][864]LogVoxelMeshingProfiling: Display: Scenario name: UEDPIE_0_Map_VoxelPlugin_Scenario10; OpaqueVoxelCount: 5832; TransparentVoxelCount: 26936
[2025.05.08-10.17.11:374][864]LogVoxelMeshingProfiling: Display: Scenario name: UEDPIE_0_Map_VoxelPlugin_Scenario10; Voxel Model memory: 262144
[2025.05.08-10.17.11:374][864]LogVoxelMeshingProfiling: Display: Scenario name: UEDPIE_0_Map_VoxelPlugin_Scenario10; OpaqueVoxelCount: 5832; TransparentVoxelCount: 26936
[2025.05.08-10.17.11:374][864]LogVoxelMeshingProfiling: Display: Scenario name: UEDPIE_0_Map_VoxelPlugin_Scenario10; Voxel Model memory: 262144
[2025.05.08-10.17.11:374][864]LogVoxelMeshingProfiling: Display: Scenario name: UEDPIE_0_Map_VoxelPlugin_Scenario10; OpaqueVoxelCount: 5832; TransparentVoxelCount: 26936
[2025.05.08-10.17.11:419][865]LogVoxelMeshingProfiling: Display: Scenario name: Map_VoxelPlugin_Scenario10; Vertices: 23328
[2025.05.08-10.17.11:425][865]LogVoxelMeshingProfiling: Display: Scenario name: Map_VoxelPlugin_Scenario10; Vertices: 23328
[2025.05.08-10.17.11:433][865]LogVoxelMeshingProfiling: Display: Scenario name: Map_VoxelPlugin_Scenario10; Vertices: 23328
[2025.05.08-10.17.11:436][865]LogVoxelMeshingProfiling: Display: Scenario name: Map_VoxelPlugin_Scenario10; Vertices: 23328
[2025.05.08-10.17.11:446][865]LogVoxelMeshingProfiling: Display: Scenario name: Map_VoxelPlugin_Scenario10; Vertices: 23328
[2025.05.08-10.17.11:449][865]LogVoxelMeshingProfiling: Display: Scenario name: Map_VoxelPlugin_Scenario10; Vertices: 23328
[2025.05.08-10.17.11:459][865]LogVoxelMeshingProfiling: Display: Scenario name: Map_VoxelPlugin_Scenario10; Vertices: 23328
[2025.05.08-10.17.11:466][865]LogVoxelMeshingProfiling: Display: Scenario name: Map_VoxelPlugin_Scenario10; Vertices: 23328
[2025.05.08-10.17.11:480][865]LogVoxelMeshingProfiling: Display: Scenario name: Map_VoxelPlugin_Scenario10; Vertices: 23328
[2025.05.08-10.17.11:487][865]LogVoxelMeshingProfiling: Display: Scenario name: Map_VoxelPlugin_Scenario10; Vertices: 23328
[2025.05.08-10.17.11:493][865]LogVoxelMeshingProfiling: Display: Scenario name: Map_VoxelPlugin_Scenario10; Vertices: 23328
[2025.05.08-10.17.11:503][865]LogVoxelMeshingProfiling: Display: Scenario name: Map_VoxelPlugin_Scenario10; Vertices: 23328
[2025.05.08-10.17.11:503][865]LogVoxelMeshingProfiling: Display: Scenario name: Map_VoxelPlugin_Scenario10; Vertices: 23328
[2025.05.08-10.17.11:517][866]LogVoxelMeshingProfiling: Display: Scenario name: Map_VoxelPlugin_Scenario10; Vertices: 23328
[2025.05.08-10.17.11:518][866]LogVoxelMeshingProfiling: Display: Scenario name: Map_VoxelPlugin_Scenario10; Vertices: 23328
[2025.05.08-10.17.11:549][867]LogVoxelMeshingProfiling: Display: Scenario name: Map_VoxelPlugin_Scenario10; Vertices: 23328
[2025.05.08-10.17.11:557][867]LogVoxelMeshingProfiling: Display: Scenario name: Map_VoxelPlugin_Scenario10; Vertices: 23328
[2025.05.08-10.17.11:612][869]LogVoxelMeshingProfiling: Display: Scenario name: Map_VoxelPlugin_Scenario10; Vertices: 23328
[2025.05.08-10.17.11:770][875]LogVoxelMeshingProfiling: Display: Scenario name: Map_VoxelPlugin_Scenario10; Vertices: 23328
[2025.05.08-10.17.11:771][875]LogVoxelMeshingProfiling: Display: Scenario name: Map_VoxelPlugin_Scenario10; Vertices: 23328
[2025.05.08-10.17.11:781][875]LogVoxelMeshingProfiling: Display: Scenario name: Map_VoxelPlugin_Scenario10; Vertices: 23328
[2025.05.08-10.17.11:784][875]LogVoxelMeshingProfiling: Display: Scenario name: Map_VoxelPlugin_Scenario10; Vertices: 23328
[2025.05.08-10.17.11:798][876]LogVoxelMeshingProfiling: Display: Scenario name: Map_VoxelPlugin_Scenario10; Vertices: 23328
[2025.05.08-10.17.11:808][877]LogVoxelMeshingProfiling: Display: Scenario name: Map_VoxelPlugin_Scenario10; Vertices: 23328
[2025.05.08-10.17.11:828][878]LogVoxelMeshingProfiling: Display: Scenario name: Map_VoxelPlugin_Scenario10; Vertices: 23328
[2025.05.08-10.17.11:831][878]LogVoxelMeshingProfiling: Display: Scenario name: Map_VoxelPlugin_Scenario10; Vertices: 23328
[2025.05.08-10.17.11:848][879]LogVoxelMeshingProfiling: Display: Scenario name: Map_VoxelPlugin_Scenario10; Vertices: 23328
