[2025.05.08-10.26.13:979][130]LogVoxelMeshingProfiling: Display: Scenario name: UEDPIE_0_Map_Grid_Scenario11; Voxel Model memory: 262144
[2025.05.08-10.26.13:979][130]LogVoxelMeshingProfiling: Display: Scenario name: UEDPIE_0_Map_Grid_Scenario11; OpaqueVoxelCount: 4096; TransparentVoxelCount: 28672
[2025.05.08-10.26.13:980][130]LogVoxelMeshingProfiling: Display: Scenario name: UEDPIE_0_Map_Grid_Scenario11; Voxel Model memory: 262144
[2025.05.08-10.26.13:982][130]LogVoxelMeshingProfiling: Display: Scenario name: UEDPIE_0_Map_Grid_Scenario11; OpaqueVoxelCount: 4096; TransparentVoxelCount: 28672
[2025.05.08-10.26.13:982][130]LogVoxelMeshingProfiling: Display: Scenario name: UEDPIE_0_Map_Grid_Scenario11; Voxel Model memory: 262144
[2025.05.08-10.26.13:982][130]LogVoxelMeshingProfiling: Display: Scenario name: UEDPIE_0_Map_Grid_Scenario11; OpaqueVoxelCount: 4096; TransparentVoxelCount: 28672
[2025.05.08-10.26.13:982][130]LogVoxelMeshingProfiling: Display: Scenario name: UEDPIE_0_Map_Grid_Scenario11; Voxel Model memory: 262144
[2025.05.08-10.26.13:982][130]LogVoxelMeshingProfiling: Display: Scenario name: UEDPIE_0_Map_Grid_Scenario11; OpaqueVoxelCount: 4096; TransparentVoxelCount: 28672
[2025.05.08-10.26.13:982][130]LogVoxelMeshingProfiling: Display: Scenario name: UEDPIE_0_Map_Grid_Scenario11; Voxel Model memory: 262144
[2025.05.08-10.26.13:982][130]LogVoxelMeshingProfiling: Display: Scenario name: UEDPIE_0_Map_Grid_Scenario11; OpaqueVoxelCount: 4096; TransparentVoxelCount: 28672
[2025.05.08-10.26.13:982][130]LogVoxelMeshingProfiling: Display: Scenario name: UEDPIE_0_Map_Grid_Scenario11; Voxel Model memory: 262144
[2025.05.08-10.26.13:982][130]LogVoxelMeshingProfiling: Display: Scenario name: UEDPIE_0_Map_Grid_Scenario11; OpaqueVoxelCount: 4096; TransparentVoxelCount: 28672
[2025.05.08-10.26.13:982][130]LogVoxelMeshingProfiling: Display: Scenario name: UEDPIE_0_Map_Grid_Scenario11; Voxel Model memory: 262144
[2025.05.08-10.26.13:982][130]LogVoxelMeshingProfiling: Display: Scenario name: UEDPIE_0_Map_Grid_Scenario11; OpaqueVoxelCount: 4096; TransparentVoxelCount: 28672
[2025.05.08-10.26.13:984][130]LogVoxelMeshingProfiling: Display: Scenario name: UEDPIE_0_Map_Grid_Scenario11; Voxel Model memory: 262144
[2025.05.08-10.26.13:984][130]LogVoxelMeshingProfiling: Display: Scenario name: UEDPIE_0_Map_Grid_Scenario11; OpaqueVoxelCount: 4096; TransparentVoxelCount: 28672
[2025.05.08-10.26.13:984][130]LogVoxelMeshingProfiling: Display: Scenario name: UEDPIE_0_Map_Grid_Scenario11; Voxel Model memory: 262144
[2025.05.08-10.26.13:984][130]LogVoxelMeshingProfiling: Display: Scenario name: UEDPIE_0_Map_Grid_Scenario11; OpaqueVoxelCount: 4096; TransparentVoxelCount: 28672
[2025.05.08-10.26.13:984][130]LogVoxelMeshingProfiling: Display: Scenario name: UEDPIE_0_Map_Grid_Scenario11; Voxel Model memory: 262144
[2025.05.08-10.26.13:984][130]LogVoxelMeshingProfiling: Display: Scenario name: UEDPIE_0_Map_Grid_Scenario11; OpaqueVoxelCount: 4096; TransparentVoxelCount: 28672
[2025.05.08-10.26.13:985][130]LogVoxelMeshingProfiling: Display: Scenario name: UEDPIE_0_Map_Grid_Scenario11; Voxel Model memory: 262144
[2025.05.08-10.26.13:985][130]LogVoxelMeshingProfiling: Display: Scenario name: UEDPIE_0_Map_Grid_Scenario11; OpaqueVoxelCount: 4096; TransparentVoxelCount: 28672
[2025.05.08-10.26.13:985][130]LogVoxelMeshingProfiling: Display: Scenario name: UEDPIE_0_Map_Grid_Scenario11; Voxel Model memory: 262144
[2025.05.08-10.26.13:985][130]LogVoxelMeshingProfiling: Display: Scenario name: UEDPIE_0_Map_Grid_Scenario11; OpaqueVoxelCount: 4096; TransparentVoxelCount: 28672
[2025.05.08-10.26.13:985][130]LogVoxelMeshingProfiling: Display: Scenario name: UEDPIE_0_Map_Grid_Scenario11; Voxel Model memory: 262144
[2025.05.08-10.26.13:985][130]LogVoxelMeshingProfiling: Display: Scenario name: UEDPIE_0_Map_Grid_Scenario11; OpaqueVoxelCount: 4096; TransparentVoxelCount: 28672
[2025.05.08-10.26.13:985][130]LogVoxelMeshingProfiling: Display: Scenario name: UEDPIE_0_Map_Grid_Scenario11; Voxel Model memory: 262144
[2025.05.08-10.26.13:985][130]LogVoxelMeshingProfiling: Display: Scenario name: UEDPIE_0_Map_Grid_Scenario11; OpaqueVoxelCount: 4096; TransparentVoxelCount: 28672
[2025.05.08-10.26.13:987][130]LogVoxelMeshingProfiling: Display: Scenario name: UEDPIE_0_Map_Grid_Scenario11; Voxel Model memory: 262144
[2025.05.08-10.26.13:987][130]LogVoxelMeshingProfiling: Display: Scenario name: UEDPIE_0_Map_Grid_Scenario11; OpaqueVoxelCount: 4096; TransparentVoxelCount: 28672
[2025.05.08-10.26.13:987][130]LogVoxelMeshingProfiling: Display: Scenario name: UEDPIE_0_Map_Grid_Scenario11; Voxel Model memory: 262144
[2025.05.08-10.26.13:987][130]LogVoxelMeshingProfiling: Display: Scenario name: UEDPIE_0_Map_Grid_Scenario11; OpaqueVoxelCount: 4096; TransparentVoxelCount: 28672
[2025.05.08-10.26.13:987][130]LogVoxelMeshingProfiling: Display: Scenario name: UEDPIE_0_Map_Grid_Scenario11; Voxel Model memory: 262144
[2025.05.08-10.26.13:987][130]LogVoxelMeshingProfiling: Display: Scenario name: UEDPIE_0_Map_Grid_Scenario11; OpaqueVoxelCount: 4096; TransparentVoxelCount: 28672
[2025.05.08-10.26.13:988][130]LogVoxelMeshingProfiling: Display: Scenario name: UEDPIE_0_Map_Grid_Scenario11; Voxel Model memory: 262144
[2025.05.08-10.26.13:988][130]LogVoxelMeshingProfiling: Display: Scenario name: UEDPIE_0_Map_Grid_Scenario11; OpaqueVoxelCount: 4096; TransparentVoxelCount: 28672
[2025.05.08-10.26.13:988][130]LogVoxelMeshingProfiling: Display: Scenario name: UEDPIE_0_Map_Grid_Scenario11; Voxel Model memory: 262144
[2025.05.08-10.26.13:988][130]LogVoxelMeshingProfiling: Display: Scenario name: UEDPIE_0_Map_Grid_Scenario11; OpaqueVoxelCount: 4096; TransparentVoxelCount: 28672
[2025.05.08-10.26.13:989][130]LogVoxelMeshingProfiling: Display: Scenario name: UEDPIE_0_Map_Grid_Scenario11; Voxel Model memory: 262144
[2025.05.08-10.26.13:989][130]LogVoxelMeshingProfiling: Display: Scenario name: UEDPIE_0_Map_Grid_Scenario11; OpaqueVoxelCount: 4096; TransparentVoxelCount: 28672
[2025.05.08-10.26.13:989][130]LogVoxelMeshingProfiling: Display: Scenario name: UEDPIE_0_Map_Grid_Scenario11; Voxel Model memory: 262144
[2025.05.08-10.26.13:989][130]LogVoxelMeshingProfiling: Display: Scenario name: UEDPIE_0_Map_Grid_Scenario11; OpaqueVoxelCount: 4096; TransparentVoxelCount: 28672
[2025.05.08-10.26.13:990][130]LogVoxelMeshingProfiling: Display: Scenario name: UEDPIE_0_Map_Grid_Scenario11; Voxel Model memory: 262144
[2025.05.08-10.26.13:990][130]LogVoxelMeshingProfiling: Display: Scenario name: UEDPIE_0_Map_Grid_Scenario11; Voxel Model memory: 262144
[2025.05.08-10.26.13:990][130]LogVoxelMeshingProfiling: Display: Scenario name: UEDPIE_0_Map_Grid_Scenario11; OpaqueVoxelCount: 4096; TransparentVoxelCount: 28672
[2025.05.08-10.26.13:990][130]LogVoxelMeshingProfiling: Display: Scenario name: UEDPIE_0_Map_Grid_Scenario11; OpaqueVoxelCount: 4096; TransparentVoxelCount: 28672
[2025.05.08-10.26.13:991][130]LogVoxelMeshingProfiling: Display: Scenario name: UEDPIE_0_Map_Grid_Scenario11; Voxel Model memory: 262144
[2025.05.08-10.26.13:991][130]LogVoxelMeshingProfiling: Display: Scenario name: UEDPIE_0_Map_Grid_Scenario11; OpaqueVoxelCount: 4096; TransparentVoxelCount: 28672
[2025.05.08-10.26.13:991][130]LogVoxelMeshingProfiling: Display: Scenario name: UEDPIE_0_Map_Grid_Scenario11; Voxel Model memory: 262144
[2025.05.08-10.26.13:991][130]LogVoxelMeshingProfiling: Display: Scenario name: UEDPIE_0_Map_Grid_Scenario11; OpaqueVoxelCount: 4096; TransparentVoxelCount: 28672
[2025.05.08-10.26.13:991][130]LogVoxelMeshingProfiling: Display: Scenario name: UEDPIE_0_Map_Grid_Scenario11; Voxel Model memory: 262144
[2025.05.08-10.26.13:991][130]LogVoxelMeshingProfiling: Display: Scenario name: UEDPIE_0_Map_Grid_Scenario11; OpaqueVoxelCount: 4096; TransparentVoxelCount: 28672
[2025.05.08-10.26.13:991][130]LogVoxelMeshingProfiling: Display: Scenario name: UEDPIE_0_Map_Grid_Scenario11; Voxel Model memory: 262144
[2025.05.08-10.26.13:991][130]LogVoxelMeshingProfiling: Display: Scenario name: UEDPIE_0_Map_Grid_Scenario11; OpaqueVoxelCount: 4096; TransparentVoxelCount: 28672
[2025.05.08-10.26.13:993][130]LogVoxelMeshingProfiling: Display: Scenario name: UEDPIE_0_Map_Grid_Scenario11; Vertices: 1536
[2025.05.08-10.26.13:995][130]LogVoxelMeshingProfiling: Display: Scenario name: UEDPIE_0_Map_Grid_Scenario11; Vertices: 1536
[2025.05.08-10.26.13:998][130]LogVoxelMeshingProfiling: Display: Scenario name: UEDPIE_0_Map_Grid_Scenario11; Vertices: 1536
[2025.05.08-10.26.14:000][130]LogVoxelMeshingProfiling: Display: Scenario name: UEDPIE_0_Map_Grid_Scenario11; Vertices: 1536
[2025.05.08-10.26.14:002][130]LogVoxelMeshingProfiling: Display: Scenario name: UEDPIE_0_Map_Grid_Scenario11; Vertices: 1536
[2025.05.08-10.26.14:004][130]LogVoxelMeshingProfiling: Display: Scenario name: UEDPIE_0_Map_Grid_Scenario11; Vertices: 1536
[2025.05.08-10.26.14:006][130]LogVoxelMeshingProfiling: Display: Scenario name: UEDPIE_0_Map_Grid_Scenario11; Vertices: 1536
[2025.05.08-10.26.14:008][130]LogVoxelMeshingProfiling: Display: Scenario name: UEDPIE_0_Map_Grid_Scenario11; Vertices: 1536
[2025.05.08-10.26.14:009][130]LogVoxelMeshingProfiling: Display: Scenario name: UEDPIE_0_Map_Grid_Scenario11; Vertices: 1536
[2025.05.08-10.26.14:010][130]LogVoxelMeshingProfiling: Display: Scenario name: UEDPIE_0_Map_Grid_Scenario11; Vertices: 1536
[2025.05.08-10.26.14:013][130]LogVoxelMeshingProfiling: Display: Scenario name: UEDPIE_0_Map_Grid_Scenario11; Vertices: 1536
[2025.05.08-10.26.14:014][130]LogVoxelMeshingProfiling: Display: Scenario name: UEDPIE_0_Map_Grid_Scenario11; Vertices: 1536
[2025.05.08-10.26.14:016][130]LogVoxelMeshingProfiling: Display: Scenario name: UEDPIE_0_Map_Grid_Scenario11; Vertices: 1536
[2025.05.08-10.26.14:017][130]LogVoxelMeshingProfiling: Display: Scenario name: UEDPIE_0_Map_Grid_Scenario11; Vertices: 1536
[2025.05.08-10.26.14:021][130]LogVoxelMeshingProfiling: Display: Scenario name: UEDPIE_0_Map_Grid_Scenario11; Vertices: 1536
[2025.05.08-10.26.14:023][130]LogVoxelMeshingProfiling: Display: Scenario name: UEDPIE_0_Map_Grid_Scenario11; Vertices: 1536
[2025.05.08-10.26.14:025][130]LogVoxelMeshingProfiling: Display: Scenario name: UEDPIE_0_Map_Grid_Scenario11; Vertices: 1536
[2025.05.08-10.26.14:027][130]LogVoxelMeshingProfiling: Display: Scenario name: UEDPIE_0_Map_Grid_Scenario11; Vertices: 1536
[2025.05.08-10.26.14:030][130]LogVoxelMeshingProfiling: Display: Scenario name: UEDPIE_0_Map_Grid_Scenario11; Vertices: 1536
[2025.05.08-10.26.14:032][130]LogVoxelMeshingProfiling: Display: Scenario name: UEDPIE_0_Map_Grid_Scenario11; Vertices: 1536
[2025.05.08-10.26.14:033][130]LogVoxelMeshingProfiling: Display: Scenario name: UEDPIE_0_Map_Grid_Scenario11; Vertices: 1536
[2025.05.08-10.26.14:036][130]LogVoxelMeshingProfiling: Display: Scenario name: UEDPIE_0_Map_Grid_Scenario11; Vertices: 1536
[2025.05.08-10.26.14:039][130]LogVoxelMeshingProfiling: Display: Scenario name: UEDPIE_0_Map_Grid_Scenario11; Vertices: 1536
[2025.05.08-10.26.14:041][130]LogVoxelMeshingProfiling: Display: Scenario name: UEDPIE_0_Map_Grid_Scenario11; Vertices: 1536
[2025.05.08-10.26.14:045][130]LogVoxelMeshingProfiling: Display: Scenario name: UEDPIE_0_Map_Grid_Scenario11; Vertices: 1536
[2025.05.08-10.26.14:047][130]LogVoxelMeshingProfiling: Display: Scenario name: UEDPIE_0_Map_Grid_Scenario11; Vertices: 1536
[2025.05.08-10.26.14:051][130]LogVoxelMeshingProfiling: Display: Scenario name: UEDPIE_0_Map_Grid_Scenario11; Vertices: 1536
[2025.05.08-10.26.22:025][651]LogVoxelMeshingProfiling: Display: Scenario name: UEDPIE_0_Map_RLE_Scenario11; Voxel Model memory: 24756
[2025.05.08-10.26.22:027][651]LogVoxelMeshingProfiling: Display: Scenario name: UEDPIE_0_Map_RLE_Scenario11; Voxel Model memory: 24756
[2025.05.08-10.26.22:027][651]LogVoxelMeshingProfiling: Display: Scenario name: UEDPIE_0_Map_RLE_Scenario11; Voxel Model memory: 24756
[2025.05.08-10.26.22:027][651]LogVoxelMeshingProfiling: Display: Scenario name: UEDPIE_0_Map_RLE_Scenario11; Voxel Model memory: 24756
[2025.05.08-10.26.22:027][651]LogVoxelMeshingProfiling: Display: Scenario name: UEDPIE_0_Map_RLE_Scenario11; Voxel Model memory: 24756
[2025.05.08-10.26.22:028][651]LogVoxelMeshingProfiling: Display: Scenario name: UEDPIE_0_Map_RLE_Scenario11; Voxel Model memory: 24756
[2025.05.08-10.26.22:028][651]LogVoxelMeshingProfiling: Display: Scenario name: UEDPIE_0_Map_RLE_Scenario11; Voxel Model memory: 24756
[2025.05.08-10.26.22:030][651]LogVoxelMeshingProfiling: Display: Scenario name: UEDPIE_0_Map_RLE_Scenario11; Voxel Model memory: 24756
[2025.05.08-10.26.22:030][651]LogVoxelMeshingProfiling: Display: Scenario name: UEDPIE_0_Map_RLE_Scenario11; Voxel Model memory: 24756
[2025.05.08-10.26.22:030][651]LogVoxelMeshingProfiling: Display: Scenario name: UEDPIE_0_Map_RLE_Scenario11; Voxel Model memory: 24756
[2025.05.08-10.26.22:030][651]LogVoxelMeshingProfiling: Display: Scenario name: UEDPIE_0_Map_RLE_Scenario11; Voxel Model memory: 24756
[2025.05.08-10.26.22:031][651]LogVoxelMeshingProfiling: Display: Scenario name: UEDPIE_0_Map_RLE_Scenario11; Voxel Model memory: 24756
[2025.05.08-10.26.22:031][651]LogVoxelMeshingProfiling: Display: Scenario name: UEDPIE_0_Map_RLE_Scenario11; Voxel Model memory: 24756
[2025.05.08-10.26.22:031][651]LogVoxelMeshingProfiling: Display: Scenario name: UEDPIE_0_Map_RLE_Scenario11; Voxel Model memory: 24756
[2025.05.08-10.26.22:033][651]LogVoxelMeshingProfiling: Display: Scenario name: UEDPIE_0_Map_RLE_Scenario11; Voxel Model memory: 24756
[2025.05.08-10.26.22:034][651]LogVoxelMeshingProfiling: Display: Scenario name: UEDPIE_0_Map_RLE_Scenario11; Voxel Model memory: 24756
[2025.05.08-10.26.22:034][651]LogVoxelMeshingProfiling: Display: Scenario name: UEDPIE_0_Map_RLE_Scenario11; Voxel Model memory: 24756
[2025.05.08-10.26.22:034][651]LogVoxelMeshingProfiling: Display: Scenario name: UEDPIE_0_Map_RLE_Scenario11; Voxel Model memory: 24756
[2025.05.08-10.26.22:035][651]LogVoxelMeshingProfiling: Display: Scenario name: UEDPIE_0_Map_RLE_Scenario11; Voxel Model memory: 24756
[2025.05.08-10.26.22:035][651]LogVoxelMeshingProfiling: Display: Scenario name: UEDPIE_0_Map_RLE_Scenario11; Voxel Model memory: 24756
[2025.05.08-10.26.22:035][651]LogVoxelMeshingProfiling: Display: Scenario name: UEDPIE_0_Map_RLE_Scenario11; Voxel Model memory: 24756
[2025.05.08-10.26.22:037][651]LogVoxelMeshingProfiling: Display: Scenario name: UEDPIE_0_Map_RLE_Scenario11; Voxel Model memory: 24756
[2025.05.08-10.26.22:037][651]LogVoxelMeshingProfiling: Display: Scenario name: UEDPIE_0_Map_RLE_Scenario11; Voxel Model memory: 24756
[2025.05.08-10.26.22:037][651]LogVoxelMeshingProfiling: Display: Scenario name: UEDPIE_0_Map_RLE_Scenario11; Voxel Model memory: 24756
[2025.05.08-10.26.22:037][651]LogVoxelMeshingProfiling: Display: Scenario name: UEDPIE_0_Map_RLE_Scenario11; Voxel Model memory: 24756
[2025.05.08-10.26.22:038][651]LogVoxelMeshingProfiling: Display: Scenario name: UEDPIE_0_Map_RLE_Scenario11; Voxel Model memory: 24756
[2025.05.08-10.26.22:038][651]LogVoxelMeshingProfiling: Display: Scenario name: UEDPIE_0_Map_RLE_Scenario11; Voxel Model memory: 24756
[2025.05.08-10.26.22:043][651]LogVoxelMeshingProfiling: Display: Scenario name: UEDPIE_0_Map_RLE_Scenario11; Vertices: 24576
[2025.05.08-10.26.22:051][651]LogVoxelMeshingProfiling: Display: Scenario name: UEDPIE_0_Map_RLE_Scenario11; Vertices: 24576
[2025.05.08-10.26.22:056][651]LogVoxelMeshingProfiling: Display: Scenario name: UEDPIE_0_Map_RLE_Scenario11; Vertices: 24576
[2025.05.08-10.26.22:062][651]LogVoxelMeshingProfiling: Display: Scenario name: UEDPIE_0_Map_RLE_Scenario11; Vertices: 24576
[2025.05.08-10.26.22:070][651]LogVoxelMeshingProfiling: Display: Scenario name: UEDPIE_0_Map_RLE_Scenario11; Vertices: 24576
[2025.05.08-10.26.22:075][651]LogVoxelMeshingProfiling: Display: Scenario name: UEDPIE_0_Map_RLE_Scenario11; Vertices: 24576
[2025.05.08-10.26.22:081][651]LogVoxelMeshingProfiling: Display: Scenario name: UEDPIE_0_Map_RLE_Scenario11; Vertices: 24576
[2025.05.08-10.26.22:086][651]LogVoxelMeshingProfiling: Display: Scenario name: UEDPIE_0_Map_RLE_Scenario11; Vertices: 24576
[2025.05.08-10.26.22:092][651]LogVoxelMeshingProfiling: Display: Scenario name: UEDPIE_0_Map_RLE_Scenario11; Vertices: 24576
[2025.05.08-10.26.22:096][651]LogVoxelMeshingProfiling: Display: Scenario name: UEDPIE_0_Map_RLE_Scenario11; Vertices: 24576
[2025.05.08-10.26.22:104][651]LogVoxelMeshingProfiling: Display: Scenario name: UEDPIE_0_Map_RLE_Scenario11; Vertices: 24576
[2025.05.08-10.26.22:112][652]LogVoxelMeshingProfiling: Display: Scenario name: UEDPIE_0_Map_RLE_Scenario11; Vertices: 24576
[2025.05.08-10.26.22:115][652]LogVoxelMeshingProfiling: Display: Scenario name: UEDPIE_0_Map_RLE_Scenario11; Vertices: 24576
[2025.05.08-10.26.22:119][652]LogVoxelMeshingProfiling: Display: Scenario name: UEDPIE_0_Map_RLE_Scenario11; Vertices: 24576
[2025.05.08-10.26.22:153][652]LogVoxelMeshingProfiling: Display: Scenario name: UEDPIE_0_Map_RLE_Scenario11; Vertices: 24576
[2025.05.08-10.26.22:153][652]LogVoxelMeshingProfiling: Display: Scenario name: UEDPIE_0_Map_RLE_Scenario11; Vertices: 24576
[2025.05.08-10.26.22:153][652]LogVoxelMeshingProfiling: Display: Scenario name: UEDPIE_0_Map_RLE_Scenario11; Vertices: 24576
[2025.05.08-10.26.22:153][652]LogVoxelMeshingProfiling: Display: Scenario name: UEDPIE_0_Map_RLE_Scenario11; Vertices: 24576
[2025.05.08-10.26.22:159][652]LogVoxelMeshingProfiling: Display: Scenario name: UEDPIE_0_Map_RLE_Scenario11; Vertices: 24576
[2025.05.08-10.26.22:165][652]LogVoxelMeshingProfiling: Display: Scenario name: UEDPIE_0_Map_RLE_Scenario11; Vertices: 24576
[2025.05.08-10.26.22:173][652]LogVoxelMeshingProfiling: Display: Scenario name: UEDPIE_0_Map_RLE_Scenario11; Vertices: 24576
[2025.05.08-10.26.22:179][652]LogVoxelMeshingProfiling: Display: Scenario name: UEDPIE_0_Map_RLE_Scenario11; Vertices: 24576
[2025.05.08-10.26.22:184][652]LogVoxelMeshingProfiling: Display: Scenario name: UEDPIE_0_Map_RLE_Scenario11; Vertices: 24576
[2025.05.08-10.26.22:189][652]LogVoxelMeshingProfiling: Display: Scenario name: UEDPIE_0_Map_RLE_Scenario11; Vertices: 24576
[2025.05.08-10.26.22:194][652]LogVoxelMeshingProfiling: Display: Scenario name: UEDPIE_0_Map_RLE_Scenario11; Vertices: 24576
[2025.05.08-10.26.22:198][652]LogVoxelMeshingProfiling: Display: Scenario name: UEDPIE_0_Map_RLE_Scenario11; Vertices: 24576
[2025.05.08-10.26.22:204][652]LogVoxelMeshingProfiling: Display: Scenario name: UEDPIE_0_Map_RLE_Scenario11; Vertices: 24576
[2025.05.08-10.26.34:346][329]LogVoxelMeshingProfiling: Display: Scenario name: UEDPIE_0_Map_VoxelPlugin_Scenario11; Voxel Model memory: 262144
[2025.05.08-10.26.34:346][329]LogVoxelMeshingProfiling: Display: Scenario name: UEDPIE_0_Map_VoxelPlugin_Scenario11; OpaqueVoxelCount: 4096; TransparentVoxelCount: 28672
[2025.05.08-10.26.34:347][329]LogVoxelMeshingProfiling: Display: Scenario name: UEDPIE_0_Map_VoxelPlugin_Scenario11; Voxel Model memory: 262144
[2025.05.08-10.26.34:347][329]LogVoxelMeshingProfiling: Display: Scenario name: UEDPIE_0_Map_VoxelPlugin_Scenario11; OpaqueVoxelCount: 4096; TransparentVoxelCount: 28672
[2025.05.08-10.26.34:347][329]LogVoxelMeshingProfiling: Display: Scenario name: UEDPIE_0_Map_VoxelPlugin_Scenario11; Voxel Model memory: 262144
[2025.05.08-10.26.34:347][329]LogVoxelMeshingProfiling: Display: Scenario name: UEDPIE_0_Map_VoxelPlugin_Scenario11; OpaqueVoxelCount: 4096; TransparentVoxelCount: 28672
[2025.05.08-10.26.34:348][329]LogVoxelMeshingProfiling: Display: Scenario name: UEDPIE_0_Map_VoxelPlugin_Scenario11; Voxel Model memory: 262144
[2025.05.08-10.26.34:348][329]LogVoxelMeshingProfiling: Display: Scenario name: UEDPIE_0_Map_VoxelPlugin_Scenario11; Voxel Model memory: 262144
[2025.05.08-10.26.34:348][329]LogVoxelMeshingProfiling: Display: Scenario name: UEDPIE_0_Map_VoxelPlugin_Scenario11; OpaqueVoxelCount: 4096; TransparentVoxelCount: 28672
[2025.05.08-10.26.34:348][329]LogVoxelMeshingProfiling: Display: Scenario name: UEDPIE_0_Map_VoxelPlugin_Scenario11; OpaqueVoxelCount: 4096; TransparentVoxelCount: 28672
[2025.05.08-10.26.34:348][329]LogVoxelMeshingProfiling: Display: Scenario name: UEDPIE_0_Map_VoxelPlugin_Scenario11; Voxel Model memory: 262144
[2025.05.08-10.26.34:348][329]LogVoxelMeshingProfiling: Display: Scenario name: UEDPIE_0_Map_VoxelPlugin_Scenario11; OpaqueVoxelCount: 4096; TransparentVoxelCount: 28672
[2025.05.08-10.26.34:348][329]LogVoxelMeshingProfiling: Display: Scenario name: UEDPIE_0_Map_VoxelPlugin_Scenario11; Voxel Model memory: 262144
[2025.05.08-10.26.34:348][329]LogVoxelMeshingProfiling: Display: Scenario name: UEDPIE_0_Map_VoxelPlugin_Scenario11; OpaqueVoxelCount: 4096; TransparentVoxelCount: 28672
[2025.05.08-10.26.34:350][329]LogVoxelMeshingProfiling: Display: Scenario name: UEDPIE_0_Map_VoxelPlugin_Scenario11; Voxel Model memory: 262144
[2025.05.08-10.26.34:350][329]LogVoxelMeshingProfiling: Display: Scenario name: UEDPIE_0_Map_VoxelPlugin_Scenario11; OpaqueVoxelCount: 4096; TransparentVoxelCount: 28672
[2025.05.08-10.26.34:350][329]LogVoxelMeshingProfiling: Display: Scenario name: UEDPIE_0_Map_VoxelPlugin_Scenario11; Voxel Model memory: 262144
[2025.05.08-10.26.34:350][329]LogVoxelMeshingProfiling: Display: Scenario name: UEDPIE_0_Map_VoxelPlugin_Scenario11; OpaqueVoxelCount: 4096; TransparentVoxelCount: 28672
[2025.05.08-10.26.34:350][329]LogVoxelMeshingProfiling: Display: Scenario name: UEDPIE_0_Map_VoxelPlugin_Scenario11; Voxel Model memory: 262144
[2025.05.08-10.26.34:351][329]LogVoxelMeshingProfiling: Display: Scenario name: UEDPIE_0_Map_VoxelPlugin_Scenario11; OpaqueVoxelCount: 4096; TransparentVoxelCount: 28672
[2025.05.08-10.26.34:351][329]LogVoxelMeshingProfiling: Display: Scenario name: UEDPIE_0_Map_VoxelPlugin_Scenario11; Voxel Model memory: 262144
[2025.05.08-10.26.34:351][329]LogVoxelMeshingProfiling: Display: Scenario name: UEDPIE_0_Map_VoxelPlugin_Scenario11; OpaqueVoxelCount: 4096; TransparentVoxelCount: 28672
[2025.05.08-10.26.34:351][329]LogVoxelMeshingProfiling: Display: Scenario name: UEDPIE_0_Map_VoxelPlugin_Scenario11; Voxel Model memory: 262144
[2025.05.08-10.26.34:351][329]LogVoxelMeshingProfiling: Display: Scenario name: UEDPIE_0_Map_VoxelPlugin_Scenario11; OpaqueVoxelCount: 4096; TransparentVoxelCount: 28672
[2025.05.08-10.26.34:351][329]LogVoxelMeshingProfiling: Display: Scenario name: UEDPIE_0_Map_VoxelPlugin_Scenario11; Voxel Model memory: 262144
[2025.05.08-10.26.34:351][329]LogVoxelMeshingProfiling: Display: Scenario name: UEDPIE_0_Map_VoxelPlugin_Scenario11; OpaqueVoxelCount: 4096; TransparentVoxelCount: 28672
[2025.05.08-10.26.34:351][329]LogVoxelMeshingProfiling: Display: Scenario name: UEDPIE_0_Map_VoxelPlugin_Scenario11; Voxel Model memory: 262144
[2025.05.08-10.26.34:351][329]LogVoxelMeshingProfiling: Display: Scenario name: UEDPIE_0_Map_VoxelPlugin_Scenario11; OpaqueVoxelCount: 4096; TransparentVoxelCount: 28672
[2025.05.08-10.26.34:353][329]LogVoxelMeshingProfiling: Display: Scenario name: UEDPIE_0_Map_VoxelPlugin_Scenario11; Voxel Model memory: 262144
[2025.05.08-10.26.34:353][329]LogVoxelMeshingProfiling: Display: Scenario name: UEDPIE_0_Map_VoxelPlugin_Scenario11; OpaqueVoxelCount: 4096; TransparentVoxelCount: 28672
[2025.05.08-10.26.34:353][329]LogVoxelMeshingProfiling: Display: Scenario name: UEDPIE_0_Map_VoxelPlugin_Scenario11; Voxel Model memory: 262144
[2025.05.08-10.26.34:353][329]LogVoxelMeshingProfiling: Display: Scenario name: UEDPIE_0_Map_VoxelPlugin_Scenario11; OpaqueVoxelCount: 4096; TransparentVoxelCount: 28672
[2025.05.08-10.26.34:353][329]LogVoxelMeshingProfiling: Display: Scenario name: UEDPIE_0_Map_VoxelPlugin_Scenario11; Voxel Model memory: 262144
[2025.05.08-10.26.34:353][329]LogVoxelMeshingProfiling: Display: Scenario name: UEDPIE_0_Map_VoxelPlugin_Scenario11; OpaqueVoxelCount: 4096; TransparentVoxelCount: 28672
[2025.05.08-10.26.34:353][329]LogVoxelMeshingProfiling: Display: Scenario name: UEDPIE_0_Map_VoxelPlugin_Scenario11; Voxel Model memory: 262144
[2025.05.08-10.26.34:353][329]LogVoxelMeshingProfiling: Display: Scenario name: UEDPIE_0_Map_VoxelPlugin_Scenario11; OpaqueVoxelCount: 4096; TransparentVoxelCount: 28672
[2025.05.08-10.26.34:354][329]LogVoxelMeshingProfiling: Display: Scenario name: UEDPIE_0_Map_VoxelPlugin_Scenario11; Voxel Model memory: 262144
[2025.05.08-10.26.34:354][329]LogVoxelMeshingProfiling: Display: Scenario name: UEDPIE_0_Map_VoxelPlugin_Scenario11; OpaqueVoxelCount: 4096; TransparentVoxelCount: 28672
[2025.05.08-10.26.34:354][329]LogVoxelMeshingProfiling: Display: Scenario name: UEDPIE_0_Map_VoxelPlugin_Scenario11; Voxel Model memory: 262144
[2025.05.08-10.26.34:354][329]LogVoxelMeshingProfiling: Display: Scenario name: UEDPIE_0_Map_VoxelPlugin_Scenario11; OpaqueVoxelCount: 4096; TransparentVoxelCount: 28672
[2025.05.08-10.26.34:354][329]LogVoxelMeshingProfiling: Display: Scenario name: UEDPIE_0_Map_VoxelPlugin_Scenario11; Voxel Model memory: 262144
[2025.05.08-10.26.34:354][329]LogVoxelMeshingProfiling: Display: Scenario name: UEDPIE_0_Map_VoxelPlugin_Scenario11; OpaqueVoxelCount: 4096; TransparentVoxelCount: 28672
[2025.05.08-10.26.34:356][329]LogVoxelMeshingProfiling: Display: Scenario name: UEDPIE_0_Map_VoxelPlugin_Scenario11; Voxel Model memory: 262144
[2025.05.08-10.26.34:356][329]LogVoxelMeshingProfiling: Display: Scenario name: UEDPIE_0_Map_VoxelPlugin_Scenario11; OpaqueVoxelCount: 4096; TransparentVoxelCount: 28672
[2025.05.08-10.26.34:356][329]LogVoxelMeshingProfiling: Display: Scenario name: UEDPIE_0_Map_VoxelPlugin_Scenario11; Voxel Model memory: 262144
[2025.05.08-10.26.34:356][329]LogVoxelMeshingProfiling: Display: Scenario name: UEDPIE_0_Map_VoxelPlugin_Scenario11; OpaqueVoxelCount: 4096; TransparentVoxelCount: 28672
[2025.05.08-10.26.34:356][329]LogVoxelMeshingProfiling: Display: Scenario name: UEDPIE_0_Map_VoxelPlugin_Scenario11; Voxel Model memory: 262144
[2025.05.08-10.26.34:356][329]LogVoxelMeshingProfiling: Display: Scenario name: UEDPIE_0_Map_VoxelPlugin_Scenario11; OpaqueVoxelCount: 4096; TransparentVoxelCount: 28672
[2025.05.08-10.26.34:356][329]LogVoxelMeshingProfiling: Display: Scenario name: UEDPIE_0_Map_VoxelPlugin_Scenario11; Voxel Model memory: 262144
[2025.05.08-10.26.34:356][329]LogVoxelMeshingProfiling: Display: Scenario name: UEDPIE_0_Map_VoxelPlugin_Scenario11; OpaqueVoxelCount: 4096; TransparentVoxelCount: 28672
[2025.05.08-10.26.34:357][329]LogVoxelMeshingProfiling: Display: Scenario name: UEDPIE_0_Map_VoxelPlugin_Scenario11; Voxel Model memory: 262144
[2025.05.08-10.26.34:357][329]LogVoxelMeshingProfiling: Display: Scenario name: UEDPIE_0_Map_VoxelPlugin_Scenario11; OpaqueVoxelCount: 4096; TransparentVoxelCount: 28672
[2025.05.08-10.26.34:357][329]LogVoxelMeshingProfiling: Display: Scenario name: UEDPIE_0_Map_VoxelPlugin_Scenario11; Voxel Model memory: 262144
[2025.05.08-10.26.34:357][329]LogVoxelMeshingProfiling: Display: Scenario name: UEDPIE_0_Map_VoxelPlugin_Scenario11; OpaqueVoxelCount: 4096; TransparentVoxelCount: 28672
[2025.05.08-10.26.34:413][330]LogVoxelMeshingProfiling: Display: Scenario name: Map_VoxelPlugin_Scenario11; Vertices: 24576
[2025.05.08-10.26.34:421][330]LogVoxelMeshingProfiling: Display: Scenario name: Map_VoxelPlugin_Scenario11; Vertices: 24576
[2025.05.08-10.26.34:430][330]LogVoxelMeshingProfiling: Display: Scenario name: Map_VoxelPlugin_Scenario11; Vertices: 24576
[2025.05.08-10.26.34:434][330]LogVoxelMeshingProfiling: Display: Scenario name: Map_VoxelPlugin_Scenario11; Vertices: 24576
[2025.05.08-10.26.34:442][330]LogVoxelMeshingProfiling: Display: Scenario name: Map_VoxelPlugin_Scenario11; Vertices: 24576
[2025.05.08-10.26.34:444][330]LogVoxelMeshingProfiling: Display: Scenario name: Map_VoxelPlugin_Scenario11; Vertices: 24576
[2025.05.08-10.26.34:454][330]LogVoxelMeshingProfiling: Display: Scenario name: Map_VoxelPlugin_Scenario11; Vertices: 24576
[2025.05.08-10.26.34:463][330]LogVoxelMeshingProfiling: Display: Scenario name: Map_VoxelPlugin_Scenario11; Vertices: 24576
[2025.05.08-10.26.34:473][330]LogVoxelMeshingProfiling: Display: Scenario name: Map_VoxelPlugin_Scenario11; Vertices: 24576
[2025.05.08-10.26.34:477][330]LogVoxelMeshingProfiling: Display: Scenario name: Map_VoxelPlugin_Scenario11; Vertices: 24576
[2025.05.08-10.26.34:484][330]LogVoxelMeshingProfiling: Display: Scenario name: Map_VoxelPlugin_Scenario11; Vertices: 24576
[2025.05.08-10.26.34:492][331]LogVoxelMeshingProfiling: Display: Scenario name: Map_VoxelPlugin_Scenario11; Vertices: 24576
[2025.05.08-10.26.34:493][331]LogVoxelMeshingProfiling: Display: Scenario name: Map_VoxelPlugin_Scenario11; Vertices: 24576
[2025.05.08-10.26.34:521][331]LogVoxelMeshingProfiling: Display: Scenario name: Map_VoxelPlugin_Scenario11; Vertices: 24576
[2025.05.08-10.26.34:522][331]LogVoxelMeshingProfiling: Display: Scenario name: Map_VoxelPlugin_Scenario11; Vertices: 24576
[2025.05.08-10.26.34:587][334]LogVoxelMeshingProfiling: Display: Scenario name: Map_VoxelPlugin_Scenario11; Vertices: 24576
[2025.05.08-10.26.34:595][334]LogVoxelMeshingProfiling: Display: Scenario name: Map_VoxelPlugin_Scenario11; Vertices: 24576
[2025.05.08-10.26.34:642][336]LogVoxelMeshingProfiling: Display: Scenario name: Map_VoxelPlugin_Scenario11; Vertices: 24576
[2025.05.08-10.26.34:751][340]LogVoxelMeshingProfiling: Display: Scenario name: Map_VoxelPlugin_Scenario11; Vertices: 24576
[2025.05.08-10.26.34:755][340]LogVoxelMeshingProfiling: Display: Scenario name: Map_VoxelPlugin_Scenario11; Vertices: 24576
[2025.05.08-10.26.34:765][340]LogVoxelMeshingProfiling: Display: Scenario name: Map_VoxelPlugin_Scenario11; Vertices: 24576
[2025.05.08-10.26.34:766][340]LogVoxelMeshingProfiling: Display: Scenario name: Map_VoxelPlugin_Scenario11; Vertices: 24576
[2025.05.08-10.26.34:779][341]LogVoxelMeshingProfiling: Display: Scenario name: Map_VoxelPlugin_Scenario11; Vertices: 24576
[2025.05.08-10.26.34:793][342]LogVoxelMeshingProfiling: Display: Scenario name: Map_VoxelPlugin_Scenario11; Vertices: 24576
[2025.05.08-10.26.34:798][342]LogVoxelMeshingProfiling: Display: Scenario name: Map_VoxelPlugin_Scenario11; Vertices: 24576
[2025.05.08-10.26.34:819][343]LogVoxelMeshingProfiling: Display: Scenario name: Map_VoxelPlugin_Scenario11; Vertices: 24576
[2025.05.08-10.26.34:825][343]LogVoxelMeshingProfiling: Display: Scenario name: Map_VoxelPlugin_Scenario11; Vertices: 24576
