[2025.05.08-10.32.49:993][603]LogVoxelMeshingProfiling: Display: Scenario name: UEDPIE_0_Map_Grid_Scenario12; Voxel Model memory: 262144
[2025.05.08-10.32.49:993][603]LogVoxelMeshingProfiling: Display: Scenario name: UEDPIE_0_Map_Grid_Scenario12; OpaqueVoxelCount: 5832; TransparentVoxelCount: 26936
[2025.05.08-10.32.49:995][603]LogVoxelMeshingProfiling: Display: Scenario name: UEDPIE_0_Map_Grid_Scenario12; Voxel Model memory: 262144
[2025.05.08-10.32.49:995][603]LogVoxelMeshingProfiling: Display: Scenario name: UEDPIE_0_Map_Grid_Scenario12; OpaqueVoxelCount: 5832; TransparentVoxelCount: 26936
[2025.05.08-10.32.49:995][603]LogVoxelMeshingProfiling: Display: Scenario name: UEDPIE_0_Map_Grid_Scenario12; Voxel Model memory: 262144
[2025.05.08-10.32.49:996][603]LogVoxelMeshingProfiling: Display: Scenario name: UEDPIE_0_Map_Grid_Scenario12; OpaqueVoxelCount: 5832; TransparentVoxelCount: 26936
[2025.05.08-10.32.49:996][603]LogVoxelMeshingProfiling: Display: Scenario name: UEDPIE_0_Map_Grid_Scenario12; Voxel Model memory: 262144
[2025.05.08-10.32.49:996][603]LogVoxelMeshingProfiling: Display: Scenario name: UEDPIE_0_Map_Grid_Scenario12; OpaqueVoxelCount: 5832; TransparentVoxelCount: 26936
[2025.05.08-10.32.49:996][603]LogVoxelMeshingProfiling: Display: Scenario name: UEDPIE_0_Map_Grid_Scenario12; Voxel Model memory: 262144
[2025.05.08-10.32.49:996][603]LogVoxelMeshingProfiling: Display: Scenario name: UEDPIE_0_Map_Grid_Scenario12; OpaqueVoxelCount: 5832; TransparentVoxelCount: 26936
[2025.05.08-10.32.49:996][603]LogVoxelMeshingProfiling: Display: Scenario name: UEDPIE_0_Map_Grid_Scenario12; Voxel Model memory: 262144
[2025.05.08-10.32.49:996][603]LogVoxelMeshingProfiling: Display: Scenario name: UEDPIE_0_Map_Grid_Scenario12; OpaqueVoxelCount: 5832; TransparentVoxelCount: 26936
[2025.05.08-10.32.49:996][603]LogVoxelMeshingProfiling: Display: Scenario name: UEDPIE_0_Map_Grid_Scenario12; Voxel Model memory: 262144
[2025.05.08-10.32.49:996][603]LogVoxelMeshingProfiling: Display: Scenario name: UEDPIE_0_Map_Grid_Scenario12; OpaqueVoxelCount: 5832; TransparentVoxelCount: 26936
[2025.05.08-10.32.49:998][603]LogVoxelMeshingProfiling: Display: Scenario name: UEDPIE_0_Map_Grid_Scenario12; Voxel Model memory: 262144
[2025.05.08-10.32.49:998][603]LogVoxelMeshingProfiling: Display: Scenario name: UEDPIE_0_Map_Grid_Scenario12; OpaqueVoxelCount: 5832; TransparentVoxelCount: 26936
[2025.05.08-10.32.49:999][603]LogVoxelMeshingProfiling: Display: Scenario name: UEDPIE_0_Map_Grid_Scenario12; Voxel Model memory: 262144
[2025.05.08-10.32.49:999][603]LogVoxelMeshingProfiling: Display: Scenario name: UEDPIE_0_Map_Grid_Scenario12; OpaqueVoxelCount: 5832; TransparentVoxelCount: 26936
[2025.05.08-10.32.49:999][603]LogVoxelMeshingProfiling: Display: Scenario name: UEDPIE_0_Map_Grid_Scenario12; Voxel Model memory: 262144
[2025.05.08-10.32.49:999][603]LogVoxelMeshingProfiling: Display: Scenario name: UEDPIE_0_Map_Grid_Scenario12; OpaqueVoxelCount: 5832; TransparentVoxelCount: 26936
[2025.05.08-10.32.49:999][603]LogVoxelMeshingProfiling: Display: Scenario name: UEDPIE_0_Map_Grid_Scenario12; Voxel Model memory: 262144
[2025.05.08-10.32.49:999][603]LogVoxelMeshingProfiling: Display: Scenario name: UEDPIE_0_Map_Grid_Scenario12; OpaqueVoxelCount: 5832; TransparentVoxelCount: 26936
[2025.05.08-10.32.50:001][603]LogVoxelMeshingProfiling: Display: Scenario name: UEDPIE_0_Map_Grid_Scenario12; Voxel Model memory: 262144
[2025.05.08-10.32.50:001][603]LogVoxelMeshingProfiling: Display: Scenario name: UEDPIE_0_Map_Grid_Scenario12; OpaqueVoxelCount: 5832; TransparentVoxelCount: 26936
[2025.05.08-10.32.50:001][603]LogVoxelMeshingProfiling: Display: Scenario name: UEDPIE_0_Map_Grid_Scenario12; Voxel Model memory: 262144
[2025.05.08-10.32.50:001][603]LogVoxelMeshingProfiling: Display: Scenario name: UEDPIE_0_Map_Grid_Scenario12; OpaqueVoxelCount: 5832; TransparentVoxelCount: 26936
[2025.05.08-10.32.50:001][603]LogVoxelMeshingProfiling: Display: Scenario name: UEDPIE_0_Map_Grid_Scenario12; Voxel Model memory: 262144
[2025.05.08-10.32.50:001][603]LogVoxelMeshingProfiling: Display: Scenario name: UEDPIE_0_Map_Grid_Scenario12; OpaqueVoxelCount: 5832; TransparentVoxelCount: 26936
[2025.05.08-10.32.50:003][603]LogVoxelMeshingProfiling: Display: Scenario name: UEDPIE_0_Map_Grid_Scenario12; Voxel Model memory: 262144
[2025.05.08-10.32.50:004][603]LogVoxelMeshingProfiling: Display: Scenario name: UEDPIE_0_Map_Grid_Scenario12; Voxel Model memory: 262144
[2025.05.08-10.32.50:004][603]LogVoxelMeshingProfiling: Display: Scenario name: UEDPIE_0_Map_Grid_Scenario12; OpaqueVoxelCount: 5832; TransparentVoxelCount: 26936
[2025.05.08-10.32.50:004][603]LogVoxelMeshingProfiling: Display: Scenario name: UEDPIE_0_Map_Grid_Scenario12; OpaqueVoxelCount: 5832; TransparentVoxelCount: 26936
[2025.05.08-10.32.50:004][603]LogVoxelMeshingProfiling: Display: Scenario name: UEDPIE_0_Map_Grid_Scenario12; Voxel Model memory: 262144
[2025.05.08-10.32.50:004][603]LogVoxelMeshingProfiling: Display: Scenario name: UEDPIE_0_Map_Grid_Scenario12; OpaqueVoxelCount: 5832; TransparentVoxelCount: 26936
[2025.05.08-10.32.50:005][603]LogVoxelMeshingProfiling: Display: Scenario name: UEDPIE_0_Map_Grid_Scenario12; Voxel Model memory: 262144
[2025.05.08-10.32.50:005][603]LogVoxelMeshingProfiling: Display: Scenario name: UEDPIE_0_Map_Grid_Scenario12; OpaqueVoxelCount: 5832; TransparentVoxelCount: 26936
[2025.05.08-10.32.50:005][603]LogVoxelMeshingProfiling: Display: Scenario name: UEDPIE_0_Map_Grid_Scenario12; Voxel Model memory: 262144
[2025.05.08-10.32.50:005][603]LogVoxelMeshingProfiling: Display: Scenario name: UEDPIE_0_Map_Grid_Scenario12; OpaqueVoxelCount: 5832; TransparentVoxelCount: 26936
[2025.05.08-10.32.50:005][603]LogVoxelMeshingProfiling: Display: Scenario name: UEDPIE_0_Map_Grid_Scenario12; Voxel Model memory: 262144
[2025.05.08-10.32.50:005][603]LogVoxelMeshingProfiling: Display: Scenario name: UEDPIE_0_Map_Grid_Scenario12; OpaqueVoxelCount: 5832; TransparentVoxelCount: 26936
[2025.05.08-10.32.50:006][603]LogVoxelMeshingProfiling: Display: Scenario name: UEDPIE_0_Map_Grid_Scenario12; Voxel Model memory: 262144
[2025.05.08-10.32.50:006][603]LogVoxelMeshingProfiling: Display: Scenario name: UEDPIE_0_Map_Grid_Scenario12; OpaqueVoxelCount: 5832; TransparentVoxelCount: 26936
[2025.05.08-10.32.50:008][603]LogVoxelMeshingProfiling: Display: Scenario name: UEDPIE_0_Map_Grid_Scenario12; Voxel Model memory: 262144
[2025.05.08-10.32.50:008][603]LogVoxelMeshingProfiling: Display: Scenario name: UEDPIE_0_Map_Grid_Scenario12; OpaqueVoxelCount: 5832; TransparentVoxelCount: 26936
[2025.05.08-10.32.50:008][603]LogVoxelMeshingProfiling: Display: Scenario name: UEDPIE_0_Map_Grid_Scenario12; Voxel Model memory: 262144
[2025.05.08-10.32.50:008][603]LogVoxelMeshingProfiling: Display: Scenario name: UEDPIE_0_Map_Grid_Scenario12; OpaqueVoxelCount: 5832; TransparentVoxelCount: 26936
[2025.05.08-10.32.50:008][603]LogVoxelMeshingProfiling: Display: Scenario name: UEDPIE_0_Map_Grid_Scenario12; Voxel Model memory: 262144
[2025.05.08-10.32.50:008][603]LogVoxelMeshingProfiling: Display: Scenario name: UEDPIE_0_Map_Grid_Scenario12; OpaqueVoxelCount: 5832; TransparentVoxelCount: 26936
[2025.05.08-10.32.50:008][603]LogVoxelMeshingProfiling: Display: Scenario name: UEDPIE_0_Map_Grid_Scenario12; Voxel Model memory: 262144
[2025.05.08-10.32.50:008][603]LogVoxelMeshingProfiling: Display: Scenario name: UEDPIE_0_Map_Grid_Scenario12; OpaqueVoxelCount: 5832; TransparentVoxelCount: 26936
[2025.05.08-10.32.50:008][603]LogVoxelMeshingProfiling: Display: Scenario name: UEDPIE_0_Map_Grid_Scenario12; Voxel Model memory: 262144
[2025.05.08-10.32.50:008][603]LogVoxelMeshingProfiling: Display: Scenario name: UEDPIE_0_Map_Grid_Scenario12; OpaqueVoxelCount: 5832; TransparentVoxelCount: 26936
[2025.05.08-10.32.50:009][603]LogVoxelMeshingProfiling: Display: Scenario name: UEDPIE_0_Map_Grid_Scenario12; Voxel Model memory: 262144
[2025.05.08-10.32.50:009][603]LogVoxelMeshingProfiling: Display: Scenario name: UEDPIE_0_Map_Grid_Scenario12; OpaqueVoxelCount: 5832; TransparentVoxelCount: 26936
[2025.05.08-10.32.50:012][603]LogVoxelMeshingProfiling: Display: Scenario name: UEDPIE_0_Map_Grid_Scenario12; Vertices: 648
[2025.05.08-10.32.50:014][603]LogVoxelMeshingProfiling: Display: Scenario name: UEDPIE_0_Map_Grid_Scenario12; Vertices: 648
[2025.05.08-10.32.50:015][603]LogVoxelMeshingProfiling: Display: Scenario name: UEDPIE_0_Map_Grid_Scenario12; Vertices: 648
[2025.05.08-10.32.50:017][603]LogVoxelMeshingProfiling: Display: Scenario name: UEDPIE_0_Map_Grid_Scenario12; Vertices: 648
[2025.05.08-10.32.50:018][603]LogVoxelMeshingProfiling: Display: Scenario name: UEDPIE_0_Map_Grid_Scenario12; Vertices: 648
[2025.05.08-10.32.50:021][603]LogVoxelMeshingProfiling: Display: Scenario name: UEDPIE_0_Map_Grid_Scenario12; Vertices: 648
[2025.05.08-10.32.50:023][603]LogVoxelMeshingProfiling: Display: Scenario name: UEDPIE_0_Map_Grid_Scenario12; Vertices: 648
[2025.05.08-10.32.50:024][603]LogVoxelMeshingProfiling: Display: Scenario name: UEDPIE_0_Map_Grid_Scenario12; Vertices: 648
[2025.05.08-10.32.50:026][603]LogVoxelMeshingProfiling: Display: Scenario name: UEDPIE_0_Map_Grid_Scenario12; Vertices: 648
[2025.05.08-10.32.50:028][603]LogVoxelMeshingProfiling: Display: Scenario name: UEDPIE_0_Map_Grid_Scenario12; Vertices: 648
[2025.05.08-10.32.50:030][603]LogVoxelMeshingProfiling: Display: Scenario name: UEDPIE_0_Map_Grid_Scenario12; Vertices: 648
[2025.05.08-10.32.50:032][603]LogVoxelMeshingProfiling: Display: Scenario name: UEDPIE_0_Map_Grid_Scenario12; Vertices: 648
[2025.05.08-10.32.50:035][603]LogVoxelMeshingProfiling: Display: Scenario name: UEDPIE_0_Map_Grid_Scenario12; Vertices: 648
[2025.05.08-10.32.50:037][603]LogVoxelMeshingProfiling: Display: Scenario name: UEDPIE_0_Map_Grid_Scenario12; Vertices: 648
[2025.05.08-10.32.50:039][603]LogVoxelMeshingProfiling: Display: Scenario name: UEDPIE_0_Map_Grid_Scenario12; Vertices: 648
[2025.05.08-10.32.50:041][603]LogVoxelMeshingProfiling: Display: Scenario name: UEDPIE_0_Map_Grid_Scenario12; Vertices: 648
[2025.05.08-10.32.50:044][603]LogVoxelMeshingProfiling: Display: Scenario name: UEDPIE_0_Map_Grid_Scenario12; Vertices: 648
[2025.05.08-10.32.50:046][603]LogVoxelMeshingProfiling: Display: Scenario name: UEDPIE_0_Map_Grid_Scenario12; Vertices: 648
[2025.05.08-10.32.50:048][603]LogVoxelMeshingProfiling: Display: Scenario name: UEDPIE_0_Map_Grid_Scenario12; Vertices: 648
[2025.05.08-10.32.50:051][603]LogVoxelMeshingProfiling: Display: Scenario name: UEDPIE_0_Map_Grid_Scenario12; Vertices: 648
[2025.05.08-10.32.50:053][603]LogVoxelMeshingProfiling: Display: Scenario name: UEDPIE_0_Map_Grid_Scenario12; Vertices: 648
[2025.05.08-10.32.50:055][603]LogVoxelMeshingProfiling: Display: Scenario name: UEDPIE_0_Map_Grid_Scenario12; Vertices: 648
[2025.05.08-10.32.50:058][603]LogVoxelMeshingProfiling: Display: Scenario name: UEDPIE_0_Map_Grid_Scenario12; Vertices: 648
[2025.05.08-10.32.50:061][603]LogVoxelMeshingProfiling: Display: Scenario name: UEDPIE_0_Map_Grid_Scenario12; Vertices: 648
[2025.05.08-10.32.50:064][603]LogVoxelMeshingProfiling: Display: Scenario name: UEDPIE_0_Map_Grid_Scenario12; Vertices: 648
[2025.05.08-10.32.50:066][603]LogVoxelMeshingProfiling: Display: Scenario name: UEDPIE_0_Map_Grid_Scenario12; Vertices: 648
[2025.05.08-10.32.50:070][603]LogVoxelMeshingProfiling: Display: Scenario name: UEDPIE_0_Map_Grid_Scenario12; Vertices: 648
[2025.05.08-10.32.57:232][ 70]LogVoxelMeshingProfiling: Display: Scenario name: UEDPIE_0_Map_RLE_Scenario12; Voxel Model memory: 24756
[2025.05.08-10.32.57:235][ 70]LogVoxelMeshingProfiling: Display: Scenario name: UEDPIE_0_Map_RLE_Scenario12; Voxel Model memory: 24756
[2025.05.08-10.32.57:235][ 70]LogVoxelMeshingProfiling: Display: Scenario name: UEDPIE_0_Map_RLE_Scenario12; Voxel Model memory: 24756
[2025.05.08-10.32.57:235][ 70]LogVoxelMeshingProfiling: Display: Scenario name: UEDPIE_0_Map_RLE_Scenario12; Voxel Model memory: 24756
[2025.05.08-10.32.57:235][ 70]LogVoxelMeshingProfiling: Display: Scenario name: UEDPIE_0_Map_RLE_Scenario12; Voxel Model memory: 24756
[2025.05.08-10.32.57:236][ 70]LogVoxelMeshingProfiling: Display: Scenario name: UEDPIE_0_Map_RLE_Scenario12; Voxel Model memory: 24756
[2025.05.08-10.32.57:236][ 70]LogVoxelMeshingProfiling: Display: Scenario name: UEDPIE_0_Map_RLE_Scenario12; Voxel Model memory: 24756
[2025.05.08-10.32.57:239][ 70]LogVoxelMeshingProfiling: Display: Scenario name: UEDPIE_0_Map_RLE_Scenario12; Voxel Model memory: 24756
[2025.05.08-10.32.57:239][ 70]LogVoxelMeshingProfiling: Display: Scenario name: UEDPIE_0_Map_RLE_Scenario12; Voxel Model memory: 24756
[2025.05.08-10.32.57:240][ 70]LogVoxelMeshingProfiling: Display: Scenario name: UEDPIE_0_Map_RLE_Scenario12; Voxel Model memory: 24756
[2025.05.08-10.32.57:240][ 70]LogVoxelMeshingProfiling: Display: Scenario name: UEDPIE_0_Map_RLE_Scenario12; Voxel Model memory: 24756
[2025.05.08-10.32.57:241][ 70]LogVoxelMeshingProfiling: Display: Scenario name: UEDPIE_0_Map_RLE_Scenario12; Voxel Model memory: 24756
[2025.05.08-10.32.57:241][ 70]LogVoxelMeshingProfiling: Display: Scenario name: UEDPIE_0_Map_RLE_Scenario12; Voxel Model memory: 24756
[2025.05.08-10.32.57:241][ 70]LogVoxelMeshingProfiling: Display: Scenario name: UEDPIE_0_Map_RLE_Scenario12; Voxel Model memory: 24756
[2025.05.08-10.32.57:244][ 70]LogVoxelMeshingProfiling: Display: Scenario name: UEDPIE_0_Map_RLE_Scenario12; Voxel Model memory: 24756
[2025.05.08-10.32.57:245][ 70]LogVoxelMeshingProfiling: Display: Scenario name: UEDPIE_0_Map_RLE_Scenario12; Voxel Model memory: 24756
[2025.05.08-10.32.57:245][ 70]LogVoxelMeshingProfiling: Display: Scenario name: UEDPIE_0_Map_RLE_Scenario12; Voxel Model memory: 24756
[2025.05.08-10.32.57:245][ 70]LogVoxelMeshingProfiling: Display: Scenario name: UEDPIE_0_Map_RLE_Scenario12; Voxel Model memory: 24756
[2025.05.08-10.32.57:245][ 70]LogVoxelMeshingProfiling: Display: Scenario name: UEDPIE_0_Map_RLE_Scenario12; Voxel Model memory: 24756
[2025.05.08-10.32.57:247][ 70]LogVoxelMeshingProfiling: Display: Scenario name: UEDPIE_0_Map_RLE_Scenario12; Voxel Model memory: 24756
[2025.05.08-10.32.57:247][ 70]LogVoxelMeshingProfiling: Display: Scenario name: UEDPIE_0_Map_RLE_Scenario12; Voxel Model memory: 24756
[2025.05.08-10.32.57:249][ 70]LogVoxelMeshingProfiling: Display: Scenario name: UEDPIE_0_Map_RLE_Scenario12; Voxel Model memory: 24756
[2025.05.08-10.32.57:250][ 70]LogVoxelMeshingProfiling: Display: Scenario name: UEDPIE_0_Map_RLE_Scenario12; Voxel Model memory: 24756
[2025.05.08-10.32.57:250][ 70]LogVoxelMeshingProfiling: Display: Scenario name: UEDPIE_0_Map_RLE_Scenario12; Voxel Model memory: 24756
[2025.05.08-10.32.57:250][ 70]LogVoxelMeshingProfiling: Display: Scenario name: UEDPIE_0_Map_RLE_Scenario12; Voxel Model memory: 24756
[2025.05.08-10.32.57:251][ 70]LogVoxelMeshingProfiling: Display: Scenario name: UEDPIE_0_Map_RLE_Scenario12; Voxel Model memory: 24756
[2025.05.08-10.32.57:251][ 70]LogVoxelMeshingProfiling: Display: Scenario name: UEDPIE_0_Map_RLE_Scenario12; Voxel Model memory: 24756
[2025.05.08-10.32.57:259][ 70]LogVoxelMeshingProfiling: Display: Scenario name: UEDPIE_0_Map_RLE_Scenario12; Vertices: 23328
[2025.05.08-10.32.57:264][ 70]LogVoxelMeshingProfiling: Display: Scenario name: UEDPIE_0_Map_RLE_Scenario12; Vertices: 23328
[2025.05.08-10.32.57:269][ 70]LogVoxelMeshingProfiling: Display: Scenario name: UEDPIE_0_Map_RLE_Scenario12; Vertices: 23328
[2025.05.08-10.32.57:275][ 70]LogVoxelMeshingProfiling: Display: Scenario name: UEDPIE_0_Map_RLE_Scenario12; Vertices: 23328
[2025.05.08-10.32.57:279][ 70]LogVoxelMeshingProfiling: Display: Scenario name: UEDPIE_0_Map_RLE_Scenario12; Vertices: 23328
[2025.05.08-10.32.57:285][ 70]LogVoxelMeshingProfiling: Display: Scenario name: UEDPIE_0_Map_RLE_Scenario12; Vertices: 23328
[2025.05.08-10.32.57:289][ 70]LogVoxelMeshingProfiling: Display: Scenario name: UEDPIE_0_Map_RLE_Scenario12; Vertices: 23328
[2025.05.08-10.32.57:295][ 71]LogVoxelMeshingProfiling: Display: Scenario name: UEDPIE_0_Map_RLE_Scenario12; Vertices: 23328
[2025.05.08-10.32.57:300][ 71]LogVoxelMeshingProfiling: Display: Scenario name: UEDPIE_0_Map_RLE_Scenario12; Vertices: 23328
[2025.05.08-10.32.57:305][ 71]LogVoxelMeshingProfiling: Display: Scenario name: UEDPIE_0_Map_RLE_Scenario12; Vertices: 23328
[2025.05.08-10.32.57:325][ 71]LogVoxelMeshingProfiling: Display: Scenario name: UEDPIE_0_Map_RLE_Scenario12; Vertices: 23328
[2025.05.08-10.32.57:325][ 71]LogVoxelMeshingProfiling: Display: Scenario name: UEDPIE_0_Map_RLE_Scenario12; Vertices: 23328
[2025.05.08-10.32.57:330][ 71]LogVoxelMeshingProfiling: Display: Scenario name: UEDPIE_0_Map_RLE_Scenario12; Vertices: 23328
[2025.05.08-10.32.57:338][ 71]LogVoxelMeshingProfiling: Display: Scenario name: UEDPIE_0_Map_RLE_Scenario12; Vertices: 23328
[2025.05.08-10.32.57:343][ 71]LogVoxelMeshingProfiling: Display: Scenario name: UEDPIE_0_Map_RLE_Scenario12; Vertices: 23328
[2025.05.08-10.32.57:348][ 71]LogVoxelMeshingProfiling: Display: Scenario name: UEDPIE_0_Map_RLE_Scenario12; Vertices: 23328
[2025.05.08-10.32.57:352][ 71]LogVoxelMeshingProfiling: Display: Scenario name: UEDPIE_0_Map_RLE_Scenario12; Vertices: 23328
[2025.05.08-10.32.57:356][ 71]LogVoxelMeshingProfiling: Display: Scenario name: UEDPIE_0_Map_RLE_Scenario12; Vertices: 23328
[2025.05.08-10.32.57:361][ 71]LogVoxelMeshingProfiling: Display: Scenario name: UEDPIE_0_Map_RLE_Scenario12; Vertices: 23328
[2025.05.08-10.32.57:366][ 71]LogVoxelMeshingProfiling: Display: Scenario name: UEDPIE_0_Map_RLE_Scenario12; Vertices: 23328
[2025.05.08-10.32.57:371][ 71]LogVoxelMeshingProfiling: Display: Scenario name: UEDPIE_0_Map_RLE_Scenario12; Vertices: 23328
[2025.05.08-10.32.57:375][ 71]LogVoxelMeshingProfiling: Display: Scenario name: UEDPIE_0_Map_RLE_Scenario12; Vertices: 23328
[2025.05.08-10.32.57:378][ 71]LogVoxelMeshingProfiling: Display: Scenario name: UEDPIE_0_Map_RLE_Scenario12; Vertices: 23328
[2025.05.08-10.32.57:383][ 71]LogVoxelMeshingProfiling: Display: Scenario name: UEDPIE_0_Map_RLE_Scenario12; Vertices: 23328
[2025.05.08-10.32.57:388][ 71]LogVoxelMeshingProfiling: Display: Scenario name: UEDPIE_0_Map_RLE_Scenario12; Vertices: 23328
[2025.05.08-10.32.57:392][ 71]LogVoxelMeshingProfiling: Display: Scenario name: UEDPIE_0_Map_RLE_Scenario12; Vertices: 23328
[2025.05.08-10.32.57:396][ 72]LogVoxelMeshingProfiling: Display: Scenario name: UEDPIE_0_Map_RLE_Scenario12; Vertices: 23328
[2025.05.08-10.33.07:199][661]LogVoxelMeshingProfiling: Display: Scenario name: UEDPIE_0_Map_VoxelPlugin_Scenario12; Voxel Model memory: 262144
[2025.05.08-10.33.07:199][661]LogVoxelMeshingProfiling: Display: Scenario name: UEDPIE_0_Map_VoxelPlugin_Scenario12; OpaqueVoxelCount: 5832; TransparentVoxelCount: 26936
[2025.05.08-10.33.07:202][661]LogVoxelMeshingProfiling: Display: Scenario name: UEDPIE_0_Map_VoxelPlugin_Scenario12; Voxel Model memory: 262144
[2025.05.08-10.33.07:202][661]LogVoxelMeshingProfiling: Display: Scenario name: UEDPIE_0_Map_VoxelPlugin_Scenario12; OpaqueVoxelCount: 5832; TransparentVoxelCount: 26936
[2025.05.08-10.33.07:202][661]LogVoxelMeshingProfiling: Display: Scenario name: UEDPIE_0_Map_VoxelPlugin_Scenario12; Voxel Model memory: 262144
[2025.05.08-10.33.07:202][661]LogVoxelMeshingProfiling: Display: Scenario name: UEDPIE_0_Map_VoxelPlugin_Scenario12; OpaqueVoxelCount: 5832; TransparentVoxelCount: 26936
[2025.05.08-10.33.07:202][661]LogVoxelMeshingProfiling: Display: Scenario name: UEDPIE_0_Map_VoxelPlugin_Scenario12; Voxel Model memory: 262144
[2025.05.08-10.33.07:202][661]LogVoxelMeshingProfiling: Display: Scenario name: UEDPIE_0_Map_VoxelPlugin_Scenario12; OpaqueVoxelCount: 5832; TransparentVoxelCount: 26936
[2025.05.08-10.33.07:202][661]LogVoxelMeshingProfiling: Display: Scenario name: UEDPIE_0_Map_VoxelPlugin_Scenario12; Voxel Model memory: 262144
[2025.05.08-10.33.07:202][661]LogVoxelMeshingProfiling: Display: Scenario name: UEDPIE_0_Map_VoxelPlugin_Scenario12; OpaqueVoxelCount: 5832; TransparentVoxelCount: 26936
[2025.05.08-10.33.07:202][661]LogVoxelMeshingProfiling: Display: Scenario name: UEDPIE_0_Map_VoxelPlugin_Scenario12; Voxel Model memory: 262144
[2025.05.08-10.33.07:202][661]LogVoxelMeshingProfiling: Display: Scenario name: UEDPIE_0_Map_VoxelPlugin_Scenario12; OpaqueVoxelCount: 5832; TransparentVoxelCount: 26936
[2025.05.08-10.33.07:202][661]LogVoxelMeshingProfiling: Display: Scenario name: UEDPIE_0_Map_VoxelPlugin_Scenario12; Voxel Model memory: 262144
[2025.05.08-10.33.07:202][661]LogVoxelMeshingProfiling: Display: Scenario name: UEDPIE_0_Map_VoxelPlugin_Scenario12; OpaqueVoxelCount: 5832; TransparentVoxelCount: 26936
[2025.05.08-10.33.07:205][661]LogVoxelMeshingProfiling: Display: Scenario name: UEDPIE_0_Map_VoxelPlugin_Scenario12; Voxel Model memory: 262144
[2025.05.08-10.33.07:205][661]LogVoxelMeshingProfiling: Display: Scenario name: UEDPIE_0_Map_VoxelPlugin_Scenario12; OpaqueVoxelCount: 5832; TransparentVoxelCount: 26936
[2025.05.08-10.33.07:205][661]LogVoxelMeshingProfiling: Display: Scenario name: UEDPIE_0_Map_VoxelPlugin_Scenario12; Voxel Model memory: 262144
[2025.05.08-10.33.07:205][661]LogVoxelMeshingProfiling: Display: Scenario name: UEDPIE_0_Map_VoxelPlugin_Scenario12; OpaqueVoxelCount: 5832; TransparentVoxelCount: 26936
[2025.05.08-10.33.07:205][661]LogVoxelMeshingProfiling: Display: Scenario name: UEDPIE_0_Map_VoxelPlugin_Scenario12; Voxel Model memory: 262144
[2025.05.08-10.33.07:205][661]LogVoxelMeshingProfiling: Display: Scenario name: UEDPIE_0_Map_VoxelPlugin_Scenario12; OpaqueVoxelCount: 5832; TransparentVoxelCount: 26936
[2025.05.08-10.33.07:206][661]LogVoxelMeshingProfiling: Display: Scenario name: UEDPIE_0_Map_VoxelPlugin_Scenario12; Voxel Model memory: 262144
[2025.05.08-10.33.07:206][661]LogVoxelMeshingProfiling: Display: Scenario name: UEDPIE_0_Map_VoxelPlugin_Scenario12; OpaqueVoxelCount: 5832; TransparentVoxelCount: 26936
[2025.05.08-10.33.07:206][661]LogVoxelMeshingProfiling: Display: Scenario name: UEDPIE_0_Map_VoxelPlugin_Scenario12; Voxel Model memory: 262144
[2025.05.08-10.33.07:206][661]LogVoxelMeshingProfiling: Display: Scenario name: UEDPIE_0_Map_VoxelPlugin_Scenario12; OpaqueVoxelCount: 5832; TransparentVoxelCount: 26936
[2025.05.08-10.33.07:206][661]LogVoxelMeshingProfiling: Display: Scenario name: UEDPIE_0_Map_VoxelPlugin_Scenario12; Voxel Model memory: 262144
[2025.05.08-10.33.07:206][661]LogVoxelMeshingProfiling: Display: Scenario name: UEDPIE_0_Map_VoxelPlugin_Scenario12; OpaqueVoxelCount: 5832; TransparentVoxelCount: 26936
[2025.05.08-10.33.07:206][661]LogVoxelMeshingProfiling: Display: Scenario name: UEDPIE_0_Map_VoxelPlugin_Scenario12; Voxel Model memory: 262144
[2025.05.08-10.33.07:206][661]LogVoxelMeshingProfiling: Display: Scenario name: UEDPIE_0_Map_VoxelPlugin_Scenario12; OpaqueVoxelCount: 5832; TransparentVoxelCount: 26936
[2025.05.08-10.33.07:209][661]LogVoxelMeshingProfiling: Display: Scenario name: UEDPIE_0_Map_VoxelPlugin_Scenario12; Voxel Model memory: 262144
[2025.05.08-10.33.07:209][661]LogVoxelMeshingProfiling: Display: Scenario name: UEDPIE_0_Map_VoxelPlugin_Scenario12; OpaqueVoxelCount: 5832; TransparentVoxelCount: 26936
[2025.05.08-10.33.07:209][661]LogVoxelMeshingProfiling: Display: Scenario name: UEDPIE_0_Map_VoxelPlugin_Scenario12; Voxel Model memory: 262144
[2025.05.08-10.33.07:209][661]LogVoxelMeshingProfiling: Display: Scenario name: UEDPIE_0_Map_VoxelPlugin_Scenario12; OpaqueVoxelCount: 5832; TransparentVoxelCount: 26936
[2025.05.08-10.33.07:209][661]LogVoxelMeshingProfiling: Display: Scenario name: UEDPIE_0_Map_VoxelPlugin_Scenario12; Voxel Model memory: 262144
[2025.05.08-10.33.07:209][661]LogVoxelMeshingProfiling: Display: Scenario name: UEDPIE_0_Map_VoxelPlugin_Scenario12; OpaqueVoxelCount: 5832; TransparentVoxelCount: 26936
[2025.05.08-10.33.07:209][661]LogVoxelMeshingProfiling: Display: Scenario name: UEDPIE_0_Map_VoxelPlugin_Scenario12; Voxel Model memory: 262144
[2025.05.08-10.33.07:209][661]LogVoxelMeshingProfiling: Display: Scenario name: UEDPIE_0_Map_VoxelPlugin_Scenario12; OpaqueVoxelCount: 5832; TransparentVoxelCount: 26936
[2025.05.08-10.33.07:209][661]LogVoxelMeshingProfiling: Display: Scenario name: UEDPIE_0_Map_VoxelPlugin_Scenario12; Voxel Model memory: 262144
[2025.05.08-10.33.07:209][661]LogVoxelMeshingProfiling: Display: Scenario name: UEDPIE_0_Map_VoxelPlugin_Scenario12; OpaqueVoxelCount: 5832; TransparentVoxelCount: 26936
[2025.05.08-10.33.07:209][661]LogVoxelMeshingProfiling: Display: Scenario name: UEDPIE_0_Map_VoxelPlugin_Scenario12; Voxel Model memory: 262144
[2025.05.08-10.33.07:209][661]LogVoxelMeshingProfiling: Display: Scenario name: UEDPIE_0_Map_VoxelPlugin_Scenario12; OpaqueVoxelCount: 5832; TransparentVoxelCount: 26936
[2025.05.08-10.33.07:210][661]LogVoxelMeshingProfiling: Display: Scenario name: UEDPIE_0_Map_VoxelPlugin_Scenario12; Voxel Model memory: 262144
[2025.05.08-10.33.07:210][661]LogVoxelMeshingProfiling: Display: Scenario name: UEDPIE_0_Map_VoxelPlugin_Scenario12; OpaqueVoxelCount: 5832; TransparentVoxelCount: 26936
[2025.05.08-10.33.07:211][661]LogVoxelMeshingProfiling: Display: Scenario name: UEDPIE_0_Map_VoxelPlugin_Scenario12; Voxel Model memory: 262144
[2025.05.08-10.33.07:212][661]LogVoxelMeshingProfiling: Display: Scenario name: UEDPIE_0_Map_VoxelPlugin_Scenario12; OpaqueVoxelCount: 5832; TransparentVoxelCount: 26936
[2025.05.08-10.33.07:212][661]LogVoxelMeshingProfiling: Display: Scenario name: UEDPIE_0_Map_VoxelPlugin_Scenario12; Voxel Model memory: 262144
[2025.05.08-10.33.07:213][661]LogVoxelMeshingProfiling: Display: Scenario name: UEDPIE_0_Map_VoxelPlugin_Scenario12; OpaqueVoxelCount: 5832; TransparentVoxelCount: 26936
[2025.05.08-10.33.07:213][661]LogVoxelMeshingProfiling: Display: Scenario name: UEDPIE_0_Map_VoxelPlugin_Scenario12; Voxel Model memory: 262144
[2025.05.08-10.33.07:213][661]LogVoxelMeshingProfiling: Display: Scenario name: UEDPIE_0_Map_VoxelPlugin_Scenario12; OpaqueVoxelCount: 5832; TransparentVoxelCount: 26936
[2025.05.08-10.33.07:213][661]LogVoxelMeshingProfiling: Display: Scenario name: UEDPIE_0_Map_VoxelPlugin_Scenario12; Voxel Model memory: 262144
[2025.05.08-10.33.07:213][661]LogVoxelMeshingProfiling: Display: Scenario name: UEDPIE_0_Map_VoxelPlugin_Scenario12; OpaqueVoxelCount: 5832; TransparentVoxelCount: 26936
[2025.05.08-10.33.07:213][661]LogVoxelMeshingProfiling: Display: Scenario name: UEDPIE_0_Map_VoxelPlugin_Scenario12; Voxel Model memory: 262144
[2025.05.08-10.33.07:213][661]LogVoxelMeshingProfiling: Display: Scenario name: UEDPIE_0_Map_VoxelPlugin_Scenario12; OpaqueVoxelCount: 5832; TransparentVoxelCount: 26936
[2025.05.08-10.33.07:213][661]LogVoxelMeshingProfiling: Display: Scenario name: UEDPIE_0_Map_VoxelPlugin_Scenario12; Voxel Model memory: 262144
[2025.05.08-10.33.07:213][661]LogVoxelMeshingProfiling: Display: Scenario name: UEDPIE_0_Map_VoxelPlugin_Scenario12; OpaqueVoxelCount: 5832; TransparentVoxelCount: 26936
[2025.05.08-10.33.07:259][662]LogVoxelMeshingProfiling: Display: Scenario name: Map_VoxelPlugin_Scenario12; Vertices: 23328
[2025.05.08-10.33.07:264][662]LogVoxelMeshingProfiling: Display: Scenario name: Map_VoxelPlugin_Scenario12; Vertices: 23328
[2025.05.08-10.33.07:271][662]LogVoxelMeshingProfiling: Display: Scenario name: Map_VoxelPlugin_Scenario12; Vertices: 23328
[2025.05.08-10.33.07:273][662]LogVoxelMeshingProfiling: Display: Scenario name: Map_VoxelPlugin_Scenario12; Vertices: 23328
[2025.05.08-10.33.07:284][662]LogVoxelMeshingProfiling: Display: Scenario name: Map_VoxelPlugin_Scenario12; Vertices: 23328
[2025.05.08-10.33.07:285][662]LogVoxelMeshingProfiling: Display: Scenario name: Map_VoxelPlugin_Scenario12; Vertices: 23328
[2025.05.08-10.33.07:299][662]LogVoxelMeshingProfiling: Display: Scenario name: Map_VoxelPlugin_Scenario12; Vertices: 23328
[2025.05.08-10.33.07:308][662]LogVoxelMeshingProfiling: Display: Scenario name: Map_VoxelPlugin_Scenario12; Vertices: 23328
[2025.05.08-10.33.07:320][662]LogVoxelMeshingProfiling: Display: Scenario name: Map_VoxelPlugin_Scenario12; Vertices: 23328
[2025.05.08-10.33.07:324][662]LogVoxelMeshingProfiling: Display: Scenario name: Map_VoxelPlugin_Scenario12; Vertices: 23328
[2025.05.08-10.33.07:333][662]LogVoxelMeshingProfiling: Display: Scenario name: Map_VoxelPlugin_Scenario12; Vertices: 23328
[2025.05.08-10.33.07:338][662]LogVoxelMeshingProfiling: Display: Scenario name: Map_VoxelPlugin_Scenario12; Vertices: 23328
[2025.05.08-10.33.07:342][662]LogVoxelMeshingProfiling: Display: Scenario name: Map_VoxelPlugin_Scenario12; Vertices: 23328
[2025.05.08-10.33.07:356][663]LogVoxelMeshingProfiling: Display: Scenario name: Map_VoxelPlugin_Scenario12; Vertices: 23328
[2025.05.08-10.33.07:373][663]LogVoxelMeshingProfiling: Display: Scenario name: Map_VoxelPlugin_Scenario12; Vertices: 23328
[2025.05.08-10.33.07:392][664]LogVoxelMeshingProfiling: Display: Scenario name: Map_VoxelPlugin_Scenario12; Vertices: 23328
[2025.05.08-10.33.07:446][666]LogVoxelMeshingProfiling: Display: Scenario name: Map_VoxelPlugin_Scenario12; Vertices: 23328
[2025.05.08-10.33.07:450][666]LogVoxelMeshingProfiling: Display: Scenario name: Map_VoxelPlugin_Scenario12; Vertices: 23328
[2025.05.08-10.33.07:608][672]LogVoxelMeshingProfiling: Display: Scenario name: Map_VoxelPlugin_Scenario12; Vertices: 23328
[2025.05.08-10.33.07:609][672]LogVoxelMeshingProfiling: Display: Scenario name: Map_VoxelPlugin_Scenario12; Vertices: 23328
[2025.05.08-10.33.07:623][672]LogVoxelMeshingProfiling: Display: Scenario name: Map_VoxelPlugin_Scenario12; Vertices: 23328
[2025.05.08-10.33.07:628][672]LogVoxelMeshingProfiling: Display: Scenario name: Map_VoxelPlugin_Scenario12; Vertices: 23328
[2025.05.08-10.33.07:644][673]LogVoxelMeshingProfiling: Display: Scenario name: Map_VoxelPlugin_Scenario12; Vertices: 23328
[2025.05.08-10.33.07:646][673]LogVoxelMeshingProfiling: Display: Scenario name: Map_VoxelPlugin_Scenario12; Vertices: 23328
[2025.05.08-10.33.07:662][674]LogVoxelMeshingProfiling: Display: Scenario name: Map_VoxelPlugin_Scenario12; Vertices: 23328
[2025.05.08-10.33.07:662][674]LogVoxelMeshingProfiling: Display: Scenario name: Map_VoxelPlugin_Scenario12; Vertices: 23328
[2025.05.08-10.33.07:687][675]LogVoxelMeshingProfiling: Display: Scenario name: Map_VoxelPlugin_Scenario12; Vertices: 23328
