[2025.05.08-10.38.20:353][131]LogVoxelMeshingProfiling: Display: Scenario name: UEDPIE_0_Map_Grid_Scenario13; Voxel Model memory: 262144
[2025.05.08-10.38.20:353][131]LogVoxelMeshingProfiling: Display: Scenario name: UEDPIE_0_Map_Grid_Scenario13; OpaqueVoxelCount: 4096; TransparentVoxelCount: 28672
[2025.05.08-10.38.20:355][131]LogVoxelMeshingProfiling: Display: Scenario name: UEDPIE_0_Map_Grid_Scenario13; Voxel Model memory: 262144
[2025.05.08-10.38.20:355][131]LogVoxelMeshingProfiling: Display: Scenario name: UEDPIE_0_Map_Grid_Scenario13; OpaqueVoxelCount: 4096; TransparentVoxelCount: 28672
[2025.05.08-10.38.20:355][131]LogVoxelMeshingProfiling: Display: Scenario name: UEDPIE_0_Map_Grid_Scenario13; Voxel Model memory: 262144
[2025.05.08-10.38.20:356][131]LogVoxelMeshingProfiling: Display: Scenario name: UEDPIE_0_Map_Grid_Scenario13; OpaqueVoxelCount: 4096; TransparentVoxelCount: 28672
[2025.05.08-10.38.20:356][131]LogVoxelMeshingProfiling: Display: Scenario name: UEDPIE_0_Map_Grid_Scenario13; Voxel Model memory: 262144
[2025.05.08-10.38.20:356][131]LogVoxelMeshingProfiling: Display: Scenario name: UEDPIE_0_Map_Grid_Scenario13; OpaqueVoxelCount: 4096; TransparentVoxelCount: 28672
[2025.05.08-10.38.20:356][131]LogVoxelMeshingProfiling: Display: Scenario name: UEDPIE_0_Map_Grid_Scenario13; Voxel Model memory: 262144
[2025.05.08-10.38.20:356][131]LogVoxelMeshingProfiling: Display: Scenario name: UEDPIE_0_Map_Grid_Scenario13; OpaqueVoxelCount: 4096; TransparentVoxelCount: 28672
[2025.05.08-10.38.20:356][131]LogVoxelMeshingProfiling: Display: Scenario name: UEDPIE_0_Map_Grid_Scenario13; Voxel Model memory: 262144
[2025.05.08-10.38.20:356][131]LogVoxelMeshingProfiling: Display: Scenario name: UEDPIE_0_Map_Grid_Scenario13; OpaqueVoxelCount: 4096; TransparentVoxelCount: 28672
[2025.05.08-10.38.20:356][131]LogVoxelMeshingProfiling: Display: Scenario name: UEDPIE_0_Map_Grid_Scenario13; Voxel Model memory: 262144
[2025.05.08-10.38.20:356][131]LogVoxelMeshingProfiling: Display: Scenario name: UEDPIE_0_Map_Grid_Scenario13; OpaqueVoxelCount: 4096; TransparentVoxelCount: 28672
[2025.05.08-10.38.20:358][131]LogVoxelMeshingProfiling: Display: Scenario name: UEDPIE_0_Map_Grid_Scenario13; Voxel Model memory: 262144
[2025.05.08-10.38.20:358][131]LogVoxelMeshingProfiling: Display: Scenario name: UEDPIE_0_Map_Grid_Scenario13; OpaqueVoxelCount: 4096; TransparentVoxelCount: 28672
[2025.05.08-10.38.20:358][131]LogVoxelMeshingProfiling: Display: Scenario name: UEDPIE_0_Map_Grid_Scenario13; Voxel Model memory: 262144
[2025.05.08-10.38.20:358][131]LogVoxelMeshingProfiling: Display: Scenario name: UEDPIE_0_Map_Grid_Scenario13; OpaqueVoxelCount: 4096; TransparentVoxelCount: 28672
[2025.05.08-10.38.20:358][131]LogVoxelMeshingProfiling: Display: Scenario name: UEDPIE_0_Map_Grid_Scenario13; Voxel Model memory: 262144
[2025.05.08-10.38.20:358][131]LogVoxelMeshingProfiling: Display: Scenario name: UEDPIE_0_Map_Grid_Scenario13; Voxel Model memory: 262144
[2025.05.08-10.38.20:358][131]LogVoxelMeshingProfiling: Display: Scenario name: UEDPIE_0_Map_Grid_Scenario13; OpaqueVoxelCount: 4096; TransparentVoxelCount: 28672
[2025.05.08-10.38.20:358][131]LogVoxelMeshingProfiling: Display: Scenario name: UEDPIE_0_Map_Grid_Scenario13; OpaqueVoxelCount: 4096; TransparentVoxelCount: 28672
[2025.05.08-10.38.20:359][131]LogVoxelMeshingProfiling: Display: Scenario name: UEDPIE_0_Map_Grid_Scenario13; Voxel Model memory: 262144
[2025.05.08-10.38.20:359][131]LogVoxelMeshingProfiling: Display: Scenario name: UEDPIE_0_Map_Grid_Scenario13; OpaqueVoxelCount: 4096; TransparentVoxelCount: 28672
[2025.05.08-10.38.20:359][131]LogVoxelMeshingProfiling: Display: Scenario name: UEDPIE_0_Map_Grid_Scenario13; Voxel Model memory: 262144
[2025.05.08-10.38.20:359][131]LogVoxelMeshingProfiling: Display: Scenario name: UEDPIE_0_Map_Grid_Scenario13; OpaqueVoxelCount: 4096; TransparentVoxelCount: 28672
[2025.05.08-10.38.20:359][131]LogVoxelMeshingProfiling: Display: Scenario name: UEDPIE_0_Map_Grid_Scenario13; Voxel Model memory: 262144
[2025.05.08-10.38.20:359][131]LogVoxelMeshingProfiling: Display: Scenario name: UEDPIE_0_Map_Grid_Scenario13; OpaqueVoxelCount: 4096; TransparentVoxelCount: 28672
[2025.05.08-10.38.20:361][131]LogVoxelMeshingProfiling: Display: Scenario name: UEDPIE_0_Map_Grid_Scenario13; Voxel Model memory: 262144
[2025.05.08-10.38.20:361][131]LogVoxelMeshingProfiling: Display: Scenario name: UEDPIE_0_Map_Grid_Scenario13; OpaqueVoxelCount: 4096; TransparentVoxelCount: 28672
[2025.05.08-10.38.20:361][131]LogVoxelMeshingProfiling: Display: Scenario name: UEDPIE_0_Map_Grid_Scenario13; Voxel Model memory: 262144
[2025.05.08-10.38.20:361][131]LogVoxelMeshingProfiling: Display: Scenario name: UEDPIE_0_Map_Grid_Scenario13; OpaqueVoxelCount: 4096; TransparentVoxelCount: 28672
[2025.05.08-10.38.20:362][131]LogVoxelMeshingProfiling: Display: Scenario name: UEDPIE_0_Map_Grid_Scenario13; Voxel Model memory: 262144
[2025.05.08-10.38.20:362][131]LogVoxelMeshingProfiling: Display: Scenario name: UEDPIE_0_Map_Grid_Scenario13; OpaqueVoxelCount: 4096; TransparentVoxelCount: 28672
[2025.05.08-10.38.20:362][131]LogVoxelMeshingProfiling: Display: Scenario name: UEDPIE_0_Map_Grid_Scenario13; Voxel Model memory: 262144
[2025.05.08-10.38.20:362][131]LogVoxelMeshingProfiling: Display: Scenario name: UEDPIE_0_Map_Grid_Scenario13; OpaqueVoxelCount: 4096; TransparentVoxelCount: 28672
[2025.05.08-10.38.20:362][131]LogVoxelMeshingProfiling: Display: Scenario name: UEDPIE_0_Map_Grid_Scenario13; Voxel Model memory: 262144
[2025.05.08-10.38.20:362][131]LogVoxelMeshingProfiling: Display: Scenario name: UEDPIE_0_Map_Grid_Scenario13; OpaqueVoxelCount: 4096; TransparentVoxelCount: 28672
[2025.05.08-10.38.20:362][131]LogVoxelMeshingProfiling: Display: Scenario name: UEDPIE_0_Map_Grid_Scenario13; Voxel Model memory: 262144
[2025.05.08-10.38.20:362][131]LogVoxelMeshingProfiling: Display: Scenario name: UEDPIE_0_Map_Grid_Scenario13; OpaqueVoxelCount: 4096; TransparentVoxelCount: 28672
[2025.05.08-10.38.20:362][131]LogVoxelMeshingProfiling: Display: Scenario name: UEDPIE_0_Map_Grid_Scenario13; Voxel Model memory: 262144
[2025.05.08-10.38.20:362][131]LogVoxelMeshingProfiling: Display: Scenario name: UEDPIE_0_Map_Grid_Scenario13; OpaqueVoxelCount: 4096; TransparentVoxelCount: 28672
[2025.05.08-10.38.20:364][131]LogVoxelMeshingProfiling: Display: Scenario name: UEDPIE_0_Map_Grid_Scenario13; Voxel Model memory: 262144
[2025.05.08-10.38.20:364][131]LogVoxelMeshingProfiling: Display: Scenario name: UEDPIE_0_Map_Grid_Scenario13; OpaqueVoxelCount: 4096; TransparentVoxelCount: 28672
[2025.05.08-10.38.20:364][131]LogVoxelMeshingProfiling: Display: Scenario name: UEDPIE_0_Map_Grid_Scenario13; Voxel Model memory: 262144
[2025.05.08-10.38.20:364][131]LogVoxelMeshingProfiling: Display: Scenario name: UEDPIE_0_Map_Grid_Scenario13; OpaqueVoxelCount: 4096; TransparentVoxelCount: 28672
[2025.05.08-10.38.20:364][131]LogVoxelMeshingProfiling: Display: Scenario name: UEDPIE_0_Map_Grid_Scenario13; Voxel Model memory: 262144
[2025.05.08-10.38.20:364][131]LogVoxelMeshingProfiling: Display: Scenario name: UEDPIE_0_Map_Grid_Scenario13; OpaqueVoxelCount: 4096; TransparentVoxelCount: 28672
[2025.05.08-10.38.20:364][131]LogVoxelMeshingProfiling: Display: Scenario name: UEDPIE_0_Map_Grid_Scenario13; Voxel Model memory: 262144
[2025.05.08-10.38.20:364][131]LogVoxelMeshingProfiling: Display: Scenario name: UEDPIE_0_Map_Grid_Scenario13; OpaqueVoxelCount: 4096; TransparentVoxelCount: 28672
[2025.05.08-10.38.20:364][131]LogVoxelMeshingProfiling: Display: Scenario name: UEDPIE_0_Map_Grid_Scenario13; Voxel Model memory: 262144
[2025.05.08-10.38.20:364][131]LogVoxelMeshingProfiling: Display: Scenario name: UEDPIE_0_Map_Grid_Scenario13; OpaqueVoxelCount: 4096; TransparentVoxelCount: 28672
[2025.05.08-10.38.20:364][131]LogVoxelMeshingProfiling: Display: Scenario name: UEDPIE_0_Map_Grid_Scenario13; Voxel Model memory: 262144
[2025.05.08-10.38.20:364][131]LogVoxelMeshingProfiling: Display: Scenario name: UEDPIE_0_Map_Grid_Scenario13; OpaqueVoxelCount: 4096; TransparentVoxelCount: 28672
[2025.05.08-10.38.20:397][131]LogVoxelMeshingProfiling: Display: Scenario name: UEDPIE_0_Map_Grid_Scenario13; Vertices: 98304
[2025.05.08-10.38.20:438][132]LogVoxelMeshingProfiling: Display: Scenario name: UEDPIE_0_Map_Grid_Scenario13; Vertices: 98304
[2025.05.08-10.38.20:473][132]LogVoxelMeshingProfiling: Display: Scenario name: UEDPIE_0_Map_Grid_Scenario13; Vertices: 98304
[2025.05.08-10.38.20:512][132]LogVoxelMeshingProfiling: Display: Scenario name: UEDPIE_0_Map_Grid_Scenario13; Vertices: 98304
[2025.05.08-10.38.20:561][133]LogVoxelMeshingProfiling: Display: Scenario name: UEDPIE_0_Map_Grid_Scenario13; Vertices: 98304
[2025.05.08-10.38.20:603][133]LogVoxelMeshingProfiling: Display: Scenario name: UEDPIE_0_Map_Grid_Scenario13; Vertices: 98304
[2025.05.08-10.38.20:656][135]LogVoxelMeshingProfiling: Display: Scenario name: UEDPIE_0_Map_Grid_Scenario13; Vertices: 98304
[2025.05.08-10.38.20:709][136]LogVoxelMeshingProfiling: Display: Scenario name: UEDPIE_0_Map_Grid_Scenario13; Vertices: 98304
[2025.05.08-10.38.20:762][137]LogVoxelMeshingProfiling: Display: Scenario name: UEDPIE_0_Map_Grid_Scenario13; Vertices: 98304
[2025.05.08-10.38.20:804][139]LogVoxelMeshingProfiling: Display: Scenario name: UEDPIE_0_Map_Grid_Scenario13; Vertices: 98304
[2025.05.08-10.38.20:853][141]LogVoxelMeshingProfiling: Display: Scenario name: UEDPIE_0_Map_Grid_Scenario13; Vertices: 98304
[2025.05.08-10.38.20:903][144]LogVoxelMeshingProfiling: Display: Scenario name: UEDPIE_0_Map_Grid_Scenario13; Vertices: 98304
[2025.05.08-10.38.20:951][146]LogVoxelMeshingProfiling: Display: Scenario name: UEDPIE_0_Map_Grid_Scenario13; Vertices: 98304
[2025.05.08-10.38.21:000][148]LogVoxelMeshingProfiling: Display: Scenario name: UEDPIE_0_Map_Grid_Scenario13; Vertices: 98304
[2025.05.08-10.38.21:051][151]LogVoxelMeshingProfiling: Display: Scenario name: UEDPIE_0_Map_Grid_Scenario13; Vertices: 98304
[2025.05.08-10.38.21:100][153]LogVoxelMeshingProfiling: Display: Scenario name: UEDPIE_0_Map_Grid_Scenario13; Vertices: 98304
[2025.05.08-10.38.21:151][156]LogVoxelMeshingProfiling: Display: Scenario name: UEDPIE_0_Map_Grid_Scenario13; Vertices: 98304
[2025.05.08-10.38.21:201][158]LogVoxelMeshingProfiling: Display: Scenario name: UEDPIE_0_Map_Grid_Scenario13; Vertices: 98304
[2025.05.08-10.38.21:253][161]LogVoxelMeshingProfiling: Display: Scenario name: UEDPIE_0_Map_Grid_Scenario13; Vertices: 98304
[2025.05.08-10.38.21:305][163]LogVoxelMeshingProfiling: Display: Scenario name: UEDPIE_0_Map_Grid_Scenario13; Vertices: 98304
[2025.05.08-10.38.21:356][165]LogVoxelMeshingProfiling: Display: Scenario name: UEDPIE_0_Map_Grid_Scenario13; Vertices: 98304
[2025.05.08-10.38.21:410][168]LogVoxelMeshingProfiling: Display: Scenario name: UEDPIE_0_Map_Grid_Scenario13; Vertices: 98304
[2025.05.08-10.38.21:459][170]LogVoxelMeshingProfiling: Display: Scenario name: UEDPIE_0_Map_Grid_Scenario13; Vertices: 98304
[2025.05.08-10.38.21:506][172]LogVoxelMeshingProfiling: Display: Scenario name: UEDPIE_0_Map_Grid_Scenario13; Vertices: 98304
[2025.05.08-10.38.21:553][174]LogVoxelMeshingProfiling: Display: Scenario name: UEDPIE_0_Map_Grid_Scenario13; Vertices: 98304
[2025.05.08-10.38.21:603][177]LogVoxelMeshingProfiling: Display: Scenario name: UEDPIE_0_Map_Grid_Scenario13; Vertices: 98304
[2025.05.08-10.38.21:655][179]LogVoxelMeshingProfiling: Display: Scenario name: UEDPIE_0_Map_Grid_Scenario13; Vertices: 98304
[2025.05.08-10.38.30:162][558]LogVoxelMeshingProfiling: Display: Scenario name: UEDPIE_0_Map_RLE_Scenario13; Voxel Model memory: 123804
[2025.05.08-10.38.30:165][558]LogVoxelMeshingProfiling: Display: Scenario name: UEDPIE_0_Map_RLE_Scenario13; Voxel Model memory: 123804
[2025.05.08-10.38.30:165][558]LogVoxelMeshingProfiling: Display: Scenario name: UEDPIE_0_Map_RLE_Scenario13; Voxel Model memory: 123804
[2025.05.08-10.38.30:165][558]LogVoxelMeshingProfiling: Display: Scenario name: UEDPIE_0_Map_RLE_Scenario13; Voxel Model memory: 123804
[2025.05.08-10.38.30:165][558]LogVoxelMeshingProfiling: Display: Scenario name: UEDPIE_0_Map_RLE_Scenario13; Voxel Model memory: 123804
[2025.05.08-10.38.30:166][558]LogVoxelMeshingProfiling: Display: Scenario name: UEDPIE_0_Map_RLE_Scenario13; Voxel Model memory: 123804
[2025.05.08-10.38.30:166][558]LogVoxelMeshingProfiling: Display: Scenario name: UEDPIE_0_Map_RLE_Scenario13; Voxel Model memory: 123804
[2025.05.08-10.38.30:169][558]LogVoxelMeshingProfiling: Display: Scenario name: UEDPIE_0_Map_RLE_Scenario13; Voxel Model memory: 123804
[2025.05.08-10.38.30:169][558]LogVoxelMeshingProfiling: Display: Scenario name: UEDPIE_0_Map_RLE_Scenario13; Voxel Model memory: 123804
[2025.05.08-10.38.30:169][558]LogVoxelMeshingProfiling: Display: Scenario name: UEDPIE_0_Map_RLE_Scenario13; Voxel Model memory: 123804
[2025.05.08-10.38.30:169][558]LogVoxelMeshingProfiling: Display: Scenario name: UEDPIE_0_Map_RLE_Scenario13; Voxel Model memory: 123804
[2025.05.08-10.38.30:170][558]LogVoxelMeshingProfiling: Display: Scenario name: UEDPIE_0_Map_RLE_Scenario13; Voxel Model memory: 123804
[2025.05.08-10.38.30:170][558]LogVoxelMeshingProfiling: Display: Scenario name: UEDPIE_0_Map_RLE_Scenario13; Voxel Model memory: 123804
[2025.05.08-10.38.30:170][558]LogVoxelMeshingProfiling: Display: Scenario name: UEDPIE_0_Map_RLE_Scenario13; Voxel Model memory: 123804
[2025.05.08-10.38.30:172][558]LogVoxelMeshingProfiling: Display: Scenario name: UEDPIE_0_Map_RLE_Scenario13; Voxel Model memory: 123804
[2025.05.08-10.38.30:172][558]LogVoxelMeshingProfiling: Display: Scenario name: UEDPIE_0_Map_RLE_Scenario13; Voxel Model memory: 123804
[2025.05.08-10.38.30:172][558]LogVoxelMeshingProfiling: Display: Scenario name: UEDPIE_0_Map_RLE_Scenario13; Voxel Model memory: 123804
[2025.05.08-10.38.30:172][558]LogVoxelMeshingProfiling: Display: Scenario name: UEDPIE_0_Map_RLE_Scenario13; Voxel Model memory: 123804
[2025.05.08-10.38.30:173][558]LogVoxelMeshingProfiling: Display: Scenario name: UEDPIE_0_Map_RLE_Scenario13; Voxel Model memory: 123804
[2025.05.08-10.38.30:173][558]LogVoxelMeshingProfiling: Display: Scenario name: UEDPIE_0_Map_RLE_Scenario13; Voxel Model memory: 123804
[2025.05.08-10.38.30:173][558]LogVoxelMeshingProfiling: Display: Scenario name: UEDPIE_0_Map_RLE_Scenario13; Voxel Model memory: 123804
[2025.05.08-10.38.30:175][558]LogVoxelMeshingProfiling: Display: Scenario name: UEDPIE_0_Map_RLE_Scenario13; Voxel Model memory: 123804
[2025.05.08-10.38.30:175][558]LogVoxelMeshingProfiling: Display: Scenario name: UEDPIE_0_Map_RLE_Scenario13; Voxel Model memory: 123804
[2025.05.08-10.38.30:175][558]LogVoxelMeshingProfiling: Display: Scenario name: UEDPIE_0_Map_RLE_Scenario13; Voxel Model memory: 123804
[2025.05.08-10.38.30:175][558]LogVoxelMeshingProfiling: Display: Scenario name: UEDPIE_0_Map_RLE_Scenario13; Voxel Model memory: 123804
[2025.05.08-10.38.30:175][558]LogVoxelMeshingProfiling: Display: Scenario name: UEDPIE_0_Map_RLE_Scenario13; Voxel Model memory: 123804
[2025.05.08-10.38.30:175][558]LogVoxelMeshingProfiling: Display: Scenario name: UEDPIE_0_Map_RLE_Scenario13; Voxel Model memory: 123804
[2025.05.08-10.38.30:193][558]LogVoxelMeshingProfiling: Display: Scenario name: UEDPIE_0_Map_RLE_Scenario13; Vertices: 98304
[2025.05.08-10.38.30:213][559]LogVoxelMeshingProfiling: Display: Scenario name: UEDPIE_0_Map_RLE_Scenario13; Vertices: 98304
[2025.05.08-10.38.30:233][559]LogVoxelMeshingProfiling: Display: Scenario name: UEDPIE_0_Map_RLE_Scenario13; Vertices: 98304
[2025.05.08-10.38.30:255][559]LogVoxelMeshingProfiling: Display: Scenario name: UEDPIE_0_Map_RLE_Scenario13; Vertices: 98304
[2025.05.08-10.38.30:274][559]LogVoxelMeshingProfiling: Display: Scenario name: UEDPIE_0_Map_RLE_Scenario13; Vertices: 98304
[2025.05.08-10.38.30:297][559]LogVoxelMeshingProfiling: Display: Scenario name: UEDPIE_0_Map_RLE_Scenario13; Vertices: 98304
[2025.05.08-10.38.30:320][560]LogVoxelMeshingProfiling: Display: Scenario name: UEDPIE_0_Map_RLE_Scenario13; Vertices: 98304
[2025.05.08-10.38.30:353][560]LogVoxelMeshingProfiling: Display: Scenario name: UEDPIE_0_Map_RLE_Scenario13; Vertices: 98304
[2025.05.08-10.38.30:388][561]LogVoxelMeshingProfiling: Display: Scenario name: UEDPIE_0_Map_RLE_Scenario13; Vertices: 98304
[2025.05.08-10.38.30:407][561]LogVoxelMeshingProfiling: Display: Scenario name: UEDPIE_0_Map_RLE_Scenario13; Vertices: 98304
[2025.05.08-10.38.30:434][561]LogVoxelMeshingProfiling: Display: Scenario name: UEDPIE_0_Map_RLE_Scenario13; Vertices: 98304
[2025.05.08-10.38.30:463][561]LogVoxelMeshingProfiling: Display: Scenario name: UEDPIE_0_Map_RLE_Scenario13; Vertices: 98304
[2025.05.08-10.38.30:492][562]LogVoxelMeshingProfiling: Display: Scenario name: UEDPIE_0_Map_RLE_Scenario13; Vertices: 98304
[2025.05.08-10.38.30:523][563]LogVoxelMeshingProfiling: Display: Scenario name: UEDPIE_0_Map_RLE_Scenario13; Vertices: 98304
[2025.05.08-10.38.30:551][563]LogVoxelMeshingProfiling: Display: Scenario name: UEDPIE_0_Map_RLE_Scenario13; Vertices: 98304
[2025.05.08-10.38.30:581][563]LogVoxelMeshingProfiling: Display: Scenario name: UEDPIE_0_Map_RLE_Scenario13; Vertices: 98304
[2025.05.08-10.38.30:611][564]LogVoxelMeshingProfiling: Display: Scenario name: UEDPIE_0_Map_RLE_Scenario13; Vertices: 98304
[2025.05.08-10.38.30:641][565]LogVoxelMeshingProfiling: Display: Scenario name: UEDPIE_0_Map_RLE_Scenario13; Vertices: 98304
[2025.05.08-10.38.30:670][566]LogVoxelMeshingProfiling: Display: Scenario name: UEDPIE_0_Map_RLE_Scenario13; Vertices: 98304
[2025.05.08-10.38.30:702][567]LogVoxelMeshingProfiling: Display: Scenario name: UEDPIE_0_Map_RLE_Scenario13; Vertices: 98304
[2025.05.08-10.38.30:729][567]LogVoxelMeshingProfiling: Display: Scenario name: UEDPIE_0_Map_RLE_Scenario13; Vertices: 98304
[2025.05.08-10.38.30:758][568]LogVoxelMeshingProfiling: Display: Scenario name: UEDPIE_0_Map_RLE_Scenario13; Vertices: 98304
[2025.05.08-10.38.30:784][569]LogVoxelMeshingProfiling: Display: Scenario name: UEDPIE_0_Map_RLE_Scenario13; Vertices: 98304
[2025.05.08-10.38.30:816][570]LogVoxelMeshingProfiling: Display: Scenario name: UEDPIE_0_Map_RLE_Scenario13; Vertices: 98304
[2025.05.08-10.38.30:846][571]LogVoxelMeshingProfiling: Display: Scenario name: UEDPIE_0_Map_RLE_Scenario13; Vertices: 98304
[2025.05.08-10.38.30:871][572]LogVoxelMeshingProfiling: Display: Scenario name: UEDPIE_0_Map_RLE_Scenario13; Vertices: 98304
[2025.05.08-10.38.30:901][572]LogVoxelMeshingProfiling: Display: Scenario name: UEDPIE_0_Map_RLE_Scenario13; Vertices: 98304
[2025.05.08-10.38.40:010][ 27]LogVoxelMeshingProfiling: Display: Scenario name: UEDPIE_0_Map_VoxelPlugin_Scenario13; Voxel Model memory: 262144
[2025.05.08-10.38.40:010][ 27]LogVoxelMeshingProfiling: Display: Scenario name: UEDPIE_0_Map_VoxelPlugin_Scenario13; OpaqueVoxelCount: 4096; TransparentVoxelCount: 28672
[2025.05.08-10.38.40:014][ 27]LogVoxelMeshingProfiling: Display: Scenario name: UEDPIE_0_Map_VoxelPlugin_Scenario13; Voxel Model memory: 262144
[2025.05.08-10.38.40:014][ 27]LogVoxelMeshingProfiling: Display: Scenario name: UEDPIE_0_Map_VoxelPlugin_Scenario13; OpaqueVoxelCount: 4096; TransparentVoxelCount: 28672
[2025.05.08-10.38.40:014][ 27]LogVoxelMeshingProfiling: Display: Scenario name: UEDPIE_0_Map_VoxelPlugin_Scenario13; Voxel Model memory: 262144
[2025.05.08-10.38.40:014][ 27]LogVoxelMeshingProfiling: Display: Scenario name: UEDPIE_0_Map_VoxelPlugin_Scenario13; OpaqueVoxelCount: 4096; TransparentVoxelCount: 28672
[2025.05.08-10.38.40:015][ 27]LogVoxelMeshingProfiling: Display: Scenario name: UEDPIE_0_Map_VoxelPlugin_Scenario13; Voxel Model memory: 262144
[2025.05.08-10.38.40:015][ 27]LogVoxelMeshingProfiling: Display: Scenario name: UEDPIE_0_Map_VoxelPlugin_Scenario13; Voxel Model memory: 262144
[2025.05.08-10.38.40:015][ 27]LogVoxelMeshingProfiling: Display: Scenario name: UEDPIE_0_Map_VoxelPlugin_Scenario13; OpaqueVoxelCount: 4096; TransparentVoxelCount: 28672
[2025.05.08-10.38.40:015][ 27]LogVoxelMeshingProfiling: Display: Scenario name: UEDPIE_0_Map_VoxelPlugin_Scenario13; OpaqueVoxelCount: 4096; TransparentVoxelCount: 28672
[2025.05.08-10.38.40:016][ 27]LogVoxelMeshingProfiling: Display: Scenario name: UEDPIE_0_Map_VoxelPlugin_Scenario13; Voxel Model memory: 262144
[2025.05.08-10.38.40:016][ 27]LogVoxelMeshingProfiling: Display: Scenario name: UEDPIE_0_Map_VoxelPlugin_Scenario13; OpaqueVoxelCount: 4096; TransparentVoxelCount: 28672
[2025.05.08-10.38.40:016][ 27]LogVoxelMeshingProfiling: Display: Scenario name: UEDPIE_0_Map_VoxelPlugin_Scenario13; Voxel Model memory: 262144
[2025.05.08-10.38.40:016][ 27]LogVoxelMeshingProfiling: Display: Scenario name: UEDPIE_0_Map_VoxelPlugin_Scenario13; OpaqueVoxelCount: 4096; TransparentVoxelCount: 28672
[2025.05.08-10.38.40:020][ 27]LogVoxelMeshingProfiling: Display: Scenario name: UEDPIE_0_Map_VoxelPlugin_Scenario13; Voxel Model memory: 262144
[2025.05.08-10.38.40:021][ 27]LogVoxelMeshingProfiling: Display: Scenario name: UEDPIE_0_Map_VoxelPlugin_Scenario13; Voxel Model memory: 262144
[2025.05.08-10.38.40:021][ 27]LogVoxelMeshingProfiling: Display: Scenario name: UEDPIE_0_Map_VoxelPlugin_Scenario13; OpaqueVoxelCount: 4096; TransparentVoxelCount: 28672
[2025.05.08-10.38.40:021][ 27]LogVoxelMeshingProfiling: Display: Scenario name: UEDPIE_0_Map_VoxelPlugin_Scenario13; OpaqueVoxelCount: 4096; TransparentVoxelCount: 28672
[2025.05.08-10.38.40:021][ 27]LogVoxelMeshingProfiling: Display: Scenario name: UEDPIE_0_Map_VoxelPlugin_Scenario13; Voxel Model memory: 262144
[2025.05.08-10.38.40:021][ 27]LogVoxelMeshingProfiling: Display: Scenario name: UEDPIE_0_Map_VoxelPlugin_Scenario13; OpaqueVoxelCount: 4096; TransparentVoxelCount: 28672
[2025.05.08-10.38.40:021][ 27]LogVoxelMeshingProfiling: Display: Scenario name: UEDPIE_0_Map_VoxelPlugin_Scenario13; Voxel Model memory: 262144
[2025.05.08-10.38.40:021][ 27]LogVoxelMeshingProfiling: Display: Scenario name: UEDPIE_0_Map_VoxelPlugin_Scenario13; OpaqueVoxelCount: 4096; TransparentVoxelCount: 28672
[2025.05.08-10.38.40:024][ 27]LogVoxelMeshingProfiling: Display: Scenario name: UEDPIE_0_Map_VoxelPlugin_Scenario13; Voxel Model memory: 262144
[2025.05.08-10.38.40:024][ 27]LogVoxelMeshingProfiling: Display: Scenario name: UEDPIE_0_Map_VoxelPlugin_Scenario13; OpaqueVoxelCount: 4096; TransparentVoxelCount: 28672
[2025.05.08-10.38.40:024][ 27]LogVoxelMeshingProfiling: Display: Scenario name: UEDPIE_0_Map_VoxelPlugin_Scenario13; Voxel Model memory: 262144
[2025.05.08-10.38.40:024][ 27]LogVoxelMeshingProfiling: Display: Scenario name: UEDPIE_0_Map_VoxelPlugin_Scenario13; OpaqueVoxelCount: 4096; TransparentVoxelCount: 28672
[2025.05.08-10.38.40:024][ 27]LogVoxelMeshingProfiling: Display: Scenario name: UEDPIE_0_Map_VoxelPlugin_Scenario13; Voxel Model memory: 262144
[2025.05.08-10.38.40:024][ 27]LogVoxelMeshingProfiling: Display: Scenario name: UEDPIE_0_Map_VoxelPlugin_Scenario13; OpaqueVoxelCount: 4096; TransparentVoxelCount: 28672
[2025.05.08-10.38.40:027][ 27]LogVoxelMeshingProfiling: Display: Scenario name: UEDPIE_0_Map_VoxelPlugin_Scenario13; Voxel Model memory: 262144
[2025.05.08-10.38.40:027][ 27]LogVoxelMeshingProfiling: Display: Scenario name: UEDPIE_0_Map_VoxelPlugin_Scenario13; OpaqueVoxelCount: 4096; TransparentVoxelCount: 28672
[2025.05.08-10.38.40:027][ 27]LogVoxelMeshingProfiling: Display: Scenario name: UEDPIE_0_Map_VoxelPlugin_Scenario13; Voxel Model memory: 262144
[2025.05.08-10.38.40:027][ 27]LogVoxelMeshingProfiling: Display: Scenario name: UEDPIE_0_Map_VoxelPlugin_Scenario13; OpaqueVoxelCount: 4096; TransparentVoxelCount: 28672
[2025.05.08-10.38.40:027][ 27]LogVoxelMeshingProfiling: Display: Scenario name: UEDPIE_0_Map_VoxelPlugin_Scenario13; Voxel Model memory: 262144
[2025.05.08-10.38.40:027][ 27]LogVoxelMeshingProfiling: Display: Scenario name: UEDPIE_0_Map_VoxelPlugin_Scenario13; OpaqueVoxelCount: 4096; TransparentVoxelCount: 28672
[2025.05.08-10.38.40:027][ 27]LogVoxelMeshingProfiling: Display: Scenario name: UEDPIE_0_Map_VoxelPlugin_Scenario13; Voxel Model memory: 262144
[2025.05.08-10.38.40:027][ 27]LogVoxelMeshingProfiling: Display: Scenario name: UEDPIE_0_Map_VoxelPlugin_Scenario13; OpaqueVoxelCount: 4096; TransparentVoxelCount: 28672
[2025.05.08-10.38.40:028][ 27]LogVoxelMeshingProfiling: Display: Scenario name: UEDPIE_0_Map_VoxelPlugin_Scenario13; Voxel Model memory: 262144
[2025.05.08-10.38.40:028][ 27]LogVoxelMeshingProfiling: Display: Scenario name: UEDPIE_0_Map_VoxelPlugin_Scenario13; OpaqueVoxelCount: 4096; TransparentVoxelCount: 28672
[2025.05.08-10.38.40:028][ 27]LogVoxelMeshingProfiling: Display: Scenario name: UEDPIE_0_Map_VoxelPlugin_Scenario13; Voxel Model memory: 262144
[2025.05.08-10.38.40:028][ 27]LogVoxelMeshingProfiling: Display: Scenario name: UEDPIE_0_Map_VoxelPlugin_Scenario13; OpaqueVoxelCount: 4096; TransparentVoxelCount: 28672
[2025.05.08-10.38.40:028][ 27]LogVoxelMeshingProfiling: Display: Scenario name: UEDPIE_0_Map_VoxelPlugin_Scenario13; Voxel Model memory: 262144
[2025.05.08-10.38.40:028][ 27]LogVoxelMeshingProfiling: Display: Scenario name: UEDPIE_0_Map_VoxelPlugin_Scenario13; OpaqueVoxelCount: 4096; TransparentVoxelCount: 28672
[2025.05.08-10.38.40:032][ 27]LogVoxelMeshingProfiling: Display: Scenario name: UEDPIE_0_Map_VoxelPlugin_Scenario13; Voxel Model memory: 262144
[2025.05.08-10.38.40:032][ 27]LogVoxelMeshingProfiling: Display: Scenario name: UEDPIE_0_Map_VoxelPlugin_Scenario13; OpaqueVoxelCount: 4096; TransparentVoxelCount: 28672
[2025.05.08-10.38.40:032][ 27]LogVoxelMeshingProfiling: Display: Scenario name: UEDPIE_0_Map_VoxelPlugin_Scenario13; Voxel Model memory: 262144
[2025.05.08-10.38.40:032][ 27]LogVoxelMeshingProfiling: Display: Scenario name: UEDPIE_0_Map_VoxelPlugin_Scenario13; OpaqueVoxelCount: 4096; TransparentVoxelCount: 28672
[2025.05.08-10.38.40:032][ 27]LogVoxelMeshingProfiling: Display: Scenario name: UEDPIE_0_Map_VoxelPlugin_Scenario13; Voxel Model memory: 262144
[2025.05.08-10.38.40:032][ 27]LogVoxelMeshingProfiling: Display: Scenario name: UEDPIE_0_Map_VoxelPlugin_Scenario13; OpaqueVoxelCount: 4096; TransparentVoxelCount: 28672
[2025.05.08-10.38.40:032][ 27]LogVoxelMeshingProfiling: Display: Scenario name: UEDPIE_0_Map_VoxelPlugin_Scenario13; Voxel Model memory: 262144
[2025.05.08-10.38.40:032][ 27]LogVoxelMeshingProfiling: Display: Scenario name: UEDPIE_0_Map_VoxelPlugin_Scenario13; OpaqueVoxelCount: 4096; TransparentVoxelCount: 28672
[2025.05.08-10.38.40:033][ 27]LogVoxelMeshingProfiling: Display: Scenario name: UEDPIE_0_Map_VoxelPlugin_Scenario13; Voxel Model memory: 262144
[2025.05.08-10.38.40:033][ 27]LogVoxelMeshingProfiling: Display: Scenario name: UEDPIE_0_Map_VoxelPlugin_Scenario13; OpaqueVoxelCount: 4096; TransparentVoxelCount: 28672
[2025.05.08-10.38.40:033][ 27]LogVoxelMeshingProfiling: Display: Scenario name: UEDPIE_0_Map_VoxelPlugin_Scenario13; Voxel Model memory: 262144
[2025.05.08-10.38.40:033][ 27]LogVoxelMeshingProfiling: Display: Scenario name: UEDPIE_0_Map_VoxelPlugin_Scenario13; OpaqueVoxelCount: 4096; TransparentVoxelCount: 28672
[2025.05.08-10.38.40:092][ 28]LogVoxelMeshingProfiling: Display: Scenario name: Map_VoxelPlugin_Scenario13; Vertices: 98304
[2025.05.08-10.38.40:099][ 28]LogVoxelMeshingProfiling: Display: Scenario name: Map_VoxelPlugin_Scenario13; Vertices: 98304
[2025.05.08-10.38.40:119][ 28]LogVoxelMeshingProfiling: Display: Scenario name: Map_VoxelPlugin_Scenario13; Vertices: 98304
[2025.05.08-10.38.40:123][ 28]LogVoxelMeshingProfiling: Display: Scenario name: Map_VoxelPlugin_Scenario13; Vertices: 98304
[2025.05.08-10.38.40:148][ 28]LogVoxelMeshingProfiling: Display: Scenario name: Map_VoxelPlugin_Scenario13; Vertices: 98304
[2025.05.08-10.38.40:149][ 28]LogVoxelMeshingProfiling: Display: Scenario name: Map_VoxelPlugin_Scenario13; Vertices: 98304
[2025.05.08-10.38.40:172][ 28]LogVoxelMeshingProfiling: Display: Scenario name: Map_VoxelPlugin_Scenario13; Vertices: 98304
[2025.05.08-10.38.40:187][ 29]LogVoxelMeshingProfiling: Display: Scenario name: Map_VoxelPlugin_Scenario13; Vertices: 98304
[2025.05.08-10.38.40:240][ 31]LogVoxelMeshingProfiling: Display: Scenario name: Map_VoxelPlugin_Scenario13; Vertices: 98304
[2025.05.08-10.38.40:500][ 38]LogVoxelMeshingProfiling: Display: Scenario name: Map_VoxelPlugin_Scenario13; Vertices: 98304
[2025.05.08-10.38.40:509][ 38]LogVoxelMeshingProfiling: Display: Scenario name: Map_VoxelPlugin_Scenario13; Vertices: 98304
[2025.05.08-10.38.40:535][ 39]LogVoxelMeshingProfiling: Display: Scenario name: Map_VoxelPlugin_Scenario13; Vertices: 98304
[2025.05.08-10.38.40:537][ 39]LogVoxelMeshingProfiling: Display: Scenario name: Map_VoxelPlugin_Scenario13; Vertices: 98304
[2025.05.08-10.38.40:640][ 44]LogVoxelMeshingProfiling: Display: Scenario name: Map_VoxelPlugin_Scenario13; Vertices: 98304
[2025.05.08-10.38.40:647][ 44]LogVoxelMeshingProfiling: Display: Scenario name: Map_VoxelPlugin_Scenario13; Vertices: 98304
[2025.05.08-10.38.40:688][ 47]LogVoxelMeshingProfiling: Display: Scenario name: Map_VoxelPlugin_Scenario13; Vertices: 98304
[2025.05.08-10.38.40:720][ 48]LogVoxelMeshingProfiling: Display: Scenario name: Map_VoxelPlugin_Scenario13; Vertices: 98304
[2025.05.08-10.38.40:748][ 50]LogVoxelMeshingProfiling: Display: Scenario name: Map_VoxelPlugin_Scenario13; Vertices: 98304
[2025.05.08-10.38.40:872][ 57]LogVoxelMeshingProfiling: Display: Scenario name: Map_VoxelPlugin_Scenario13; Vertices: 98304
[2025.05.08-10.38.40:873][ 57]LogVoxelMeshingProfiling: Display: Scenario name: Map_VoxelPlugin_Scenario13; Vertices: 98304
[2025.05.08-10.38.40:906][ 59]LogVoxelMeshingProfiling: Display: Scenario name: Map_VoxelPlugin_Scenario13; Vertices: 98304
[2025.05.08-10.38.40:909][ 59]LogVoxelMeshingProfiling: Display: Scenario name: Map_VoxelPlugin_Scenario13; Vertices: 98304
[2025.05.08-10.38.40:948][ 61]LogVoxelMeshingProfiling: Display: Scenario name: Map_VoxelPlugin_Scenario13; Vertices: 98304
[2025.05.08-10.38.41:025][ 65]LogVoxelMeshingProfiling: Display: Scenario name: Map_VoxelPlugin_Scenario13; Vertices: 98304
[2025.05.08-10.38.41:051][ 67]LogVoxelMeshingProfiling: Display: Scenario name: Map_VoxelPlugin_Scenario13; Vertices: 98304
[2025.05.08-10.38.41:054][ 67]LogVoxelMeshingProfiling: Display: Scenario name: Map_VoxelPlugin_Scenario13; Vertices: 98304
[2025.05.08-10.38.41:084][ 69]LogVoxelMeshingProfiling: Display: Scenario name: Map_VoxelPlugin_Scenario13; Vertices: 98304
