[2025.05.08-10.42.46:747][899]LogVoxelMeshingProfiling: Display: Scenario name: UEDPIE_0_Map_Grid_Scenario14; Voxel Model memory: 262144
[2025.05.08-10.42.46:747][899]LogVoxelMeshingProfiling: Display: Scenario name: UEDPIE_0_Map_Grid_Scenario14; OpaqueVoxelCount: 22354; TransparentVoxelCount: 10414
[2025.05.08-10.42.46:756][899]LogVoxelMeshingProfiling: Display: Scenario name: UEDPIE_0_Map_Grid_Scenario14; Voxel Model memory: 262144
[2025.05.08-10.42.46:756][899]LogVoxelMeshingProfiling: Display: Scenario name: UEDPIE_0_Map_Grid_Scenario14; OpaqueVoxelCount: 22354; TransparentVoxelCount: 10414
[2025.05.08-10.42.46:757][899]LogVoxelMeshingProfiling: Display: Scenario name: UEDPIE_0_Map_Grid_Scenario14; Voxel Model memory: 262144
[2025.05.08-10.42.46:757][899]LogVoxelMeshingProfiling: Display: Scenario name: UEDPIE_0_Map_Grid_Scenario14; OpaqueVoxelCount: 22354; TransparentVoxelCount: 10414
[2025.05.08-10.42.46:760][899]LogVoxelMeshingProfiling: Display: Scenario name: UEDPIE_0_Map_Grid_Scenario14; Voxel Model memory: 262144
[2025.05.08-10.42.46:760][899]LogVoxelMeshingProfiling: Display: Scenario name: UEDPIE_0_Map_Grid_Scenario14; OpaqueVoxelCount: 22354; TransparentVoxelCount: 10414
[2025.05.08-10.42.46:760][899]LogVoxelMeshingProfiling: Display: Scenario name: UEDPIE_0_Map_Grid_Scenario14; Voxel Model memory: 262144
[2025.05.08-10.42.46:760][899]LogVoxelMeshingProfiling: Display: Scenario name: UEDPIE_0_Map_Grid_Scenario14; OpaqueVoxelCount: 22354; TransparentVoxelCount: 10414
[2025.05.08-10.42.46:762][899]LogVoxelMeshingProfiling: Display: Scenario name: UEDPIE_0_Map_Grid_Scenario14; Voxel Model memory: 262144
[2025.05.08-10.42.46:762][899]LogVoxelMeshingProfiling: Display: Scenario name: UEDPIE_0_Map_Grid_Scenario14; OpaqueVoxelCount: 22354; TransparentVoxelCount: 10414
[2025.05.08-10.42.46:763][899]LogVoxelMeshingProfiling: Display: Scenario name: UEDPIE_0_Map_Grid_Scenario14; Voxel Model memory: 262144
[2025.05.08-10.42.46:763][899]LogVoxelMeshingProfiling: Display: Scenario name: UEDPIE_0_Map_Grid_Scenario14; OpaqueVoxelCount: 22354; TransparentVoxelCount: 10414
[2025.05.08-10.42.46:777][899]LogVoxelMeshingProfiling: Display: Scenario name: UEDPIE_0_Map_Grid_Scenario14; Voxel Model memory: 262144
[2025.05.08-10.42.46:777][899]LogVoxelMeshingProfiling: Display: Scenario name: UEDPIE_0_Map_Grid_Scenario14; OpaqueVoxelCount: 22354; TransparentVoxelCount: 10414
[2025.05.08-10.42.46:777][899]LogVoxelMeshingProfiling: Display: Scenario name: UEDPIE_0_Map_Grid_Scenario14; Voxel Model memory: 262144
[2025.05.08-10.42.46:777][899]LogVoxelMeshingProfiling: Display: Scenario name: UEDPIE_0_Map_Grid_Scenario14; OpaqueVoxelCount: 22354; TransparentVoxelCount: 10414
[2025.05.08-10.42.46:779][899]LogVoxelMeshingProfiling: Display: Scenario name: UEDPIE_0_Map_Grid_Scenario14; Voxel Model memory: 262144
[2025.05.08-10.42.46:779][899]LogVoxelMeshingProfiling: Display: Scenario name: UEDPIE_0_Map_Grid_Scenario14; OpaqueVoxelCount: 22354; TransparentVoxelCount: 10414
[2025.05.08-10.42.46:779][899]LogVoxelMeshingProfiling: Display: Scenario name: UEDPIE_0_Map_Grid_Scenario14; Voxel Model memory: 262144
[2025.05.08-10.42.46:779][899]LogVoxelMeshingProfiling: Display: Scenario name: UEDPIE_0_Map_Grid_Scenario14; OpaqueVoxelCount: 22354; TransparentVoxelCount: 10414
[2025.05.08-10.42.46:784][899]LogVoxelMeshingProfiling: Display: Scenario name: UEDPIE_0_Map_Grid_Scenario14; Voxel Model memory: 262144
[2025.05.08-10.42.46:785][899]LogVoxelMeshingProfiling: Display: Scenario name: UEDPIE_0_Map_Grid_Scenario14; OpaqueVoxelCount: 22354; TransparentVoxelCount: 10414
[2025.05.08-10.42.46:785][899]LogVoxelMeshingProfiling: Display: Scenario name: UEDPIE_0_Map_Grid_Scenario14; Voxel Model memory: 262144
[2025.05.08-10.42.46:785][899]LogVoxelMeshingProfiling: Display: Scenario name: UEDPIE_0_Map_Grid_Scenario14; OpaqueVoxelCount: 22354; TransparentVoxelCount: 10414
[2025.05.08-10.42.46:785][899]LogVoxelMeshingProfiling: Display: Scenario name: UEDPIE_0_Map_Grid_Scenario14; Voxel Model memory: 262144
[2025.05.08-10.42.46:785][899]LogVoxelMeshingProfiling: Display: Scenario name: UEDPIE_0_Map_Grid_Scenario14; OpaqueVoxelCount: 22354; TransparentVoxelCount: 10414
[2025.05.08-10.42.46:798][899]LogVoxelMeshingProfiling: Display: Scenario name: UEDPIE_0_Map_Grid_Scenario14; Voxel Model memory: 262144
[2025.05.08-10.42.46:798][899]LogVoxelMeshingProfiling: Display: Scenario name: UEDPIE_0_Map_Grid_Scenario14; OpaqueVoxelCount: 22354; TransparentVoxelCount: 10414
[2025.05.08-10.42.46:798][899]LogVoxelMeshingProfiling: Display: Scenario name: UEDPIE_0_Map_Grid_Scenario14; Voxel Model memory: 262144
[2025.05.08-10.42.46:798][899]LogVoxelMeshingProfiling: Display: Scenario name: UEDPIE_0_Map_Grid_Scenario14; OpaqueVoxelCount: 22354; TransparentVoxelCount: 10414
[2025.05.08-10.42.46:799][899]LogVoxelMeshingProfiling: Display: Scenario name: UEDPIE_0_Map_Grid_Scenario14; Voxel Model memory: 262144
[2025.05.08-10.42.46:799][899]LogVoxelMeshingProfiling: Display: Scenario name: UEDPIE_0_Map_Grid_Scenario14; OpaqueVoxelCount: 22354; TransparentVoxelCount: 10414
[2025.05.08-10.42.46:800][899]LogVoxelMeshingProfiling: Display: Scenario name: UEDPIE_0_Map_Grid_Scenario14; Voxel Model memory: 262144
[2025.05.08-10.42.46:800][899]LogVoxelMeshingProfiling: Display: Scenario name: UEDPIE_0_Map_Grid_Scenario14; OpaqueVoxelCount: 22354; TransparentVoxelCount: 10414
[2025.05.08-10.42.46:807][899]LogVoxelMeshingProfiling: Display: Scenario name: UEDPIE_0_Map_Grid_Scenario14; Voxel Model memory: 262144
[2025.05.08-10.42.46:807][899]LogVoxelMeshingProfiling: Display: Scenario name: UEDPIE_0_Map_Grid_Scenario14; OpaqueVoxelCount: 22354; TransparentVoxelCount: 10414
[2025.05.08-10.42.46:807][899]LogVoxelMeshingProfiling: Display: Scenario name: UEDPIE_0_Map_Grid_Scenario14; Voxel Model memory: 262144
[2025.05.08-10.42.46:807][899]LogVoxelMeshingProfiling: Display: Scenario name: UEDPIE_0_Map_Grid_Scenario14; OpaqueVoxelCount: 22354; TransparentVoxelCount: 10414
[2025.05.08-10.42.46:807][899]LogVoxelMeshingProfiling: Display: Scenario name: UEDPIE_0_Map_Grid_Scenario14; Voxel Model memory: 262144
[2025.05.08-10.42.46:807][899]LogVoxelMeshingProfiling: Display: Scenario name: UEDPIE_0_Map_Grid_Scenario14; OpaqueVoxelCount: 22354; TransparentVoxelCount: 10414
[2025.05.08-10.42.46:820][899]LogVoxelMeshingProfiling: Display: Scenario name: UEDPIE_0_Map_Grid_Scenario14; Voxel Model memory: 262144
[2025.05.08-10.42.46:820][899]LogVoxelMeshingProfiling: Display: Scenario name: UEDPIE_0_Map_Grid_Scenario14; OpaqueVoxelCount: 22354; TransparentVoxelCount: 10414
[2025.05.08-10.42.46:821][899]LogVoxelMeshingProfiling: Display: Scenario name: UEDPIE_0_Map_Grid_Scenario14; Voxel Model memory: 262144
[2025.05.08-10.42.46:821][899]LogVoxelMeshingProfiling: Display: Scenario name: UEDPIE_0_Map_Grid_Scenario14; OpaqueVoxelCount: 22354; TransparentVoxelCount: 10414
[2025.05.08-10.42.46:821][899]LogVoxelMeshingProfiling: Display: Scenario name: UEDPIE_0_Map_Grid_Scenario14; Voxel Model memory: 262144
[2025.05.08-10.42.46:821][899]LogVoxelMeshingProfiling: Display: Scenario name: UEDPIE_0_Map_Grid_Scenario14; OpaqueVoxelCount: 22354; TransparentVoxelCount: 10414
[2025.05.08-10.42.46:822][899]LogVoxelMeshingProfiling: Display: Scenario name: UEDPIE_0_Map_Grid_Scenario14; Voxel Model memory: 262144
[2025.05.08-10.42.46:822][899]LogVoxelMeshingProfiling: Display: Scenario name: UEDPIE_0_Map_Grid_Scenario14; OpaqueVoxelCount: 22354; TransparentVoxelCount: 10414
[2025.05.08-10.42.46:827][900]LogVoxelMeshingProfiling: Display: Scenario name: UEDPIE_0_Map_Grid_Scenario14; Voxel Model memory: 262144
[2025.05.08-10.42.46:827][900]LogVoxelMeshingProfiling: Display: Scenario name: UEDPIE_0_Map_Grid_Scenario14; OpaqueVoxelCount: 22354; TransparentVoxelCount: 10414
[2025.05.08-10.42.46:827][900]LogVoxelMeshingProfiling: Display: Scenario name: UEDPIE_0_Map_Grid_Scenario14; Voxel Model memory: 262144
[2025.05.08-10.42.46:827][900]LogVoxelMeshingProfiling: Display: Scenario name: UEDPIE_0_Map_Grid_Scenario14; OpaqueVoxelCount: 22354; TransparentVoxelCount: 10414
[2025.05.08-10.42.46:839][900]LogVoxelMeshingProfiling: Display: Scenario name: UEDPIE_0_Map_Grid_Scenario14; Vertices: 17820
[2025.05.08-10.42.46:849][900]LogVoxelMeshingProfiling: Display: Scenario name: UEDPIE_0_Map_Grid_Scenario14; Vertices: 17988
[2025.05.08-10.42.46:857][900]LogVoxelMeshingProfiling: Display: Scenario name: UEDPIE_0_Map_Grid_Scenario14; Vertices: 17988
[2025.05.08-10.42.46:870][900]LogVoxelMeshingProfiling: Display: Scenario name: UEDPIE_0_Map_Grid_Scenario14; Vertices: 17704
[2025.05.08-10.42.46:881][900]LogVoxelMeshingProfiling: Display: Scenario name: UEDPIE_0_Map_Grid_Scenario14; Vertices: 17704
[2025.05.08-10.42.46:891][900]LogVoxelMeshingProfiling: Display: Scenario name: UEDPIE_0_Map_Grid_Scenario14; Vertices: 17988
[2025.05.08-10.42.46:901][900]LogVoxelMeshingProfiling: Display: Scenario name: UEDPIE_0_Map_Grid_Scenario14; Vertices: 17704
[2025.05.08-10.42.46:910][900]LogVoxelMeshingProfiling: Display: Scenario name: UEDPIE_0_Map_Grid_Scenario14; Vertices: 18156
[2025.05.08-10.42.46:924][900]LogVoxelMeshingProfiling: Display: Scenario name: UEDPIE_0_Map_Grid_Scenario14; Vertices: 17872
[2025.05.08-10.42.46:934][900]LogVoxelMeshingProfiling: Display: Scenario name: UEDPIE_0_Map_Grid_Scenario14; Vertices: 18156
[2025.05.08-10.42.46:947][900]LogVoxelMeshingProfiling: Display: Scenario name: UEDPIE_0_Map_Grid_Scenario14; Vertices: 17872
[2025.05.08-10.42.46:957][900]LogVoxelMeshingProfiling: Display: Scenario name: UEDPIE_0_Map_Grid_Scenario14; Vertices: 17872
[2025.05.08-10.42.46:968][901]LogVoxelMeshingProfiling: Display: Scenario name: UEDPIE_0_Map_Grid_Scenario14; Vertices: 18156
[2025.05.08-10.42.46:981][901]LogVoxelMeshingProfiling: Display: Scenario name: UEDPIE_0_Map_Grid_Scenario14; Vertices: 17872
[2025.05.08-10.42.46:993][901]LogVoxelMeshingProfiling: Display: Scenario name: UEDPIE_0_Map_Grid_Scenario14; Vertices: 17588
[2025.05.08-10.42.47:003][901]LogVoxelMeshingProfiling: Display: Scenario name: UEDPIE_0_Map_Grid_Scenario14; Vertices: 17872
[2025.05.08-10.42.47:020][902]LogVoxelMeshingProfiling: Display: Scenario name: UEDPIE_0_Map_Grid_Scenario14; Vertices: 17588
[2025.05.08-10.42.47:035][902]LogVoxelMeshingProfiling: Display: Scenario name: UEDPIE_0_Map_Grid_Scenario14; Vertices: 17872
[2025.05.08-10.42.47:048][903]LogVoxelMeshingProfiling: Display: Scenario name: UEDPIE_0_Map_Grid_Scenario14; Vertices: 17588
[2025.05.08-10.42.47:060][903]LogVoxelMeshingProfiling: Display: Scenario name: UEDPIE_0_Map_Grid_Scenario14; Vertices: 18324
[2025.05.08-10.42.47:072][903]LogVoxelMeshingProfiling: Display: Scenario name: UEDPIE_0_Map_Grid_Scenario14; Vertices: 18040
[2025.05.08-10.42.47:090][903]LogVoxelMeshingProfiling: Display: Scenario name: UEDPIE_0_Map_Grid_Scenario14; Vertices: 18040
[2025.05.08-10.42.47:099][904]LogVoxelMeshingProfiling: Display: Scenario name: UEDPIE_0_Map_Grid_Scenario14; Vertices: 17756
[2025.05.08-10.42.47:112][904]LogVoxelMeshingProfiling: Display: Scenario name: UEDPIE_0_Map_Grid_Scenario14; Vertices: 18040
[2025.05.08-10.42.47:124][904]LogVoxelMeshingProfiling: Display: Scenario name: UEDPIE_0_Map_Grid_Scenario14; Vertices: 17756
[2025.05.08-10.42.47:137][905]LogVoxelMeshingProfiling: Display: Scenario name: UEDPIE_0_Map_Grid_Scenario14; Vertices: 17756
[2025.05.08-10.42.47:149][905]LogVoxelMeshingProfiling: Display: Scenario name: UEDPIE_0_Map_Grid_Scenario14; Vertices: 17472
[2025.05.08-10.42.53:733][338]LogVoxelMeshingProfiling: Display: Scenario name: UEDPIE_0_Map_RLE_Scenario14; Voxel Model memory: 34248
[2025.05.08-10.42.53:743][338]LogVoxelMeshingProfiling: Display: Scenario name: UEDPIE_0_Map_RLE_Scenario14; Voxel Model memory: 34248
[2025.05.08-10.42.53:743][338]LogVoxelMeshingProfiling: Display: Scenario name: UEDPIE_0_Map_RLE_Scenario14; Voxel Model memory: 34248
[2025.05.08-10.42.53:743][338]LogVoxelMeshingProfiling: Display: Scenario name: UEDPIE_0_Map_RLE_Scenario14; Voxel Model memory: 34248
[2025.05.08-10.42.53:743][338]LogVoxelMeshingProfiling: Display: Scenario name: UEDPIE_0_Map_RLE_Scenario14; Voxel Model memory: 34248
[2025.05.08-10.42.53:749][338]LogVoxelMeshingProfiling: Display: Scenario name: UEDPIE_0_Map_RLE_Scenario14; Voxel Model memory: 34248
[2025.05.08-10.42.53:749][338]LogVoxelMeshingProfiling: Display: Scenario name: UEDPIE_0_Map_RLE_Scenario14; Voxel Model memory: 34248
[2025.05.08-10.42.53:760][338]LogVoxelMeshingProfiling: Display: Scenario name: UEDPIE_0_Map_RLE_Scenario14; Voxel Model memory: 34248
[2025.05.08-10.42.53:761][338]LogVoxelMeshingProfiling: Display: Scenario name: UEDPIE_0_Map_RLE_Scenario14; Voxel Model memory: 34248
[2025.05.08-10.42.53:761][338]LogVoxelMeshingProfiling: Display: Scenario name: UEDPIE_0_Map_RLE_Scenario14; Voxel Model memory: 34248
[2025.05.08-10.42.53:761][338]LogVoxelMeshingProfiling: Display: Scenario name: UEDPIE_0_Map_RLE_Scenario14; Voxel Model memory: 34248
[2025.05.08-10.42.53:767][338]LogVoxelMeshingProfiling: Display: Scenario name: UEDPIE_0_Map_RLE_Scenario14; Voxel Model memory: 34248
[2025.05.08-10.42.53:768][338]LogVoxelMeshingProfiling: Display: Scenario name: UEDPIE_0_Map_RLE_Scenario14; Voxel Model memory: 34248
[2025.05.08-10.42.53:768][338]LogVoxelMeshingProfiling: Display: Scenario name: UEDPIE_0_Map_RLE_Scenario14; Voxel Model memory: 34248
[2025.05.08-10.42.53:781][338]LogVoxelMeshingProfiling: Display: Scenario name: UEDPIE_0_Map_RLE_Scenario14; Voxel Model memory: 34248
[2025.05.08-10.42.53:781][338]LogVoxelMeshingProfiling: Display: Scenario name: UEDPIE_0_Map_RLE_Scenario14; Voxel Model memory: 34248
[2025.05.08-10.42.53:782][338]LogVoxelMeshingProfiling: Display: Scenario name: UEDPIE_0_Map_RLE_Scenario14; Voxel Model memory: 34248
[2025.05.08-10.42.53:782][338]LogVoxelMeshingProfiling: Display: Scenario name: UEDPIE_0_Map_RLE_Scenario14; Voxel Model memory: 34248
[2025.05.08-10.42.53:790][339]LogVoxelMeshingProfiling: Display: Scenario name: UEDPIE_0_Map_RLE_Scenario14; Voxel Model memory: 34248
[2025.05.08-10.42.53:790][339]LogVoxelMeshingProfiling: Display: Scenario name: UEDPIE_0_Map_RLE_Scenario14; Voxel Model memory: 34248
[2025.05.08-10.42.53:791][339]LogVoxelMeshingProfiling: Display: Scenario name: UEDPIE_0_Map_RLE_Scenario14; Voxel Model memory: 34248
[2025.05.08-10.42.53:801][339]LogVoxelMeshingProfiling: Display: Scenario name: UEDPIE_0_Map_RLE_Scenario14; Voxel Model memory: 34248
[2025.05.08-10.42.53:801][339]LogVoxelMeshingProfiling: Display: Scenario name: UEDPIE_0_Map_RLE_Scenario14; Voxel Model memory: 34248
[2025.05.08-10.42.53:804][339]LogVoxelMeshingProfiling: Display: Scenario name: UEDPIE_0_Map_RLE_Scenario14; Voxel Model memory: 34248
[2025.05.08-10.42.53:806][339]LogVoxelMeshingProfiling: Display: Scenario name: UEDPIE_0_Map_RLE_Scenario14; Voxel Model memory: 34248
[2025.05.08-10.42.53:809][339]LogVoxelMeshingProfiling: Display: Scenario name: UEDPIE_0_Map_RLE_Scenario14; Voxel Model memory: 34248
[2025.05.08-10.42.53:809][339]LogVoxelMeshingProfiling: Display: Scenario name: UEDPIE_0_Map_RLE_Scenario14; Voxel Model memory: 34248
[2025.05.08-10.42.53:817][339]LogVoxelMeshingProfiling: Display: Scenario name: UEDPIE_0_Map_RLE_Scenario14; Vertices: 36804
[2025.05.08-10.42.53:825][339]LogVoxelMeshingProfiling: Display: Scenario name: UEDPIE_0_Map_RLE_Scenario14; Vertices: 36804
[2025.05.08-10.42.53:832][339]LogVoxelMeshingProfiling: Display: Scenario name: UEDPIE_0_Map_RLE_Scenario14; Vertices: 36804
[2025.05.08-10.42.53:838][339]LogVoxelMeshingProfiling: Display: Scenario name: UEDPIE_0_Map_RLE_Scenario14; Vertices: 36804
[2025.05.08-10.42.53:846][339]LogVoxelMeshingProfiling: Display: Scenario name: UEDPIE_0_Map_RLE_Scenario14; Vertices: 36804
[2025.05.08-10.42.53:851][339]LogVoxelMeshingProfiling: Display: Scenario name: UEDPIE_0_Map_RLE_Scenario14; Vertices: 36804
[2025.05.08-10.42.53:858][339]LogVoxelMeshingProfiling: Display: Scenario name: UEDPIE_0_Map_RLE_Scenario14; Vertices: 36804
[2025.05.08-10.42.53:863][339]LogVoxelMeshingProfiling: Display: Scenario name: UEDPIE_0_Map_RLE_Scenario14; Vertices: 36804
[2025.05.08-10.42.53:871][339]LogVoxelMeshingProfiling: Display: Scenario name: UEDPIE_0_Map_RLE_Scenario14; Vertices: 36804
[2025.05.08-10.42.53:880][340]LogVoxelMeshingProfiling: Display: Scenario name: UEDPIE_0_Map_RLE_Scenario14; Vertices: 36804
[2025.05.08-10.42.53:897][340]LogVoxelMeshingProfiling: Display: Scenario name: UEDPIE_0_Map_RLE_Scenario14; Vertices: 36804
[2025.05.08-10.42.53:900][340]LogVoxelMeshingProfiling: Display: Scenario name: UEDPIE_0_Map_RLE_Scenario14; Vertices: 36804
[2025.05.08-10.42.53:910][340]LogVoxelMeshingProfiling: Display: Scenario name: UEDPIE_0_Map_RLE_Scenario14; Vertices: 36804
[2025.05.08-10.42.53:920][340]LogVoxelMeshingProfiling: Display: Scenario name: UEDPIE_0_Map_RLE_Scenario14; Vertices: 36804
[2025.05.08-10.42.53:938][340]LogVoxelMeshingProfiling: Display: Scenario name: UEDPIE_0_Map_RLE_Scenario14; Vertices: 36804
[2025.05.08-10.42.53:943][340]LogVoxelMeshingProfiling: Display: Scenario name: UEDPIE_0_Map_RLE_Scenario14; Vertices: 36804
[2025.05.08-10.42.53:954][340]LogVoxelMeshingProfiling: Display: Scenario name: UEDPIE_0_Map_RLE_Scenario14; Vertices: 36804
[2025.05.08-10.42.53:970][341]LogVoxelMeshingProfiling: Display: Scenario name: UEDPIE_0_Map_RLE_Scenario14; Vertices: 36804
[2025.05.08-10.42.53:975][341]LogVoxelMeshingProfiling: Display: Scenario name: UEDPIE_0_Map_RLE_Scenario14; Vertices: 36804
[2025.05.08-10.42.53:985][341]LogVoxelMeshingProfiling: Display: Scenario name: UEDPIE_0_Map_RLE_Scenario14; Vertices: 36804
[2025.05.08-10.42.53:997][341]LogVoxelMeshingProfiling: Display: Scenario name: UEDPIE_0_Map_RLE_Scenario14; Vertices: 36804
[2025.05.08-10.42.54:012][341]LogVoxelMeshingProfiling: Display: Scenario name: UEDPIE_0_Map_RLE_Scenario14; Vertices: 36804
[2025.05.08-10.42.54:020][341]LogVoxelMeshingProfiling: Display: Scenario name: UEDPIE_0_Map_RLE_Scenario14; Vertices: 36804
[2025.05.08-10.42.54:030][341]LogVoxelMeshingProfiling: Display: Scenario name: UEDPIE_0_Map_RLE_Scenario14; Vertices: 36804
[2025.05.08-10.42.54:037][341]LogVoxelMeshingProfiling: Display: Scenario name: UEDPIE_0_Map_RLE_Scenario14; Vertices: 36804
[2025.05.08-10.42.54:047][342]LogVoxelMeshingProfiling: Display: Scenario name: UEDPIE_0_Map_RLE_Scenario14; Vertices: 36804
[2025.05.08-10.42.54:068][342]LogVoxelMeshingProfiling: Display: Scenario name: UEDPIE_0_Map_RLE_Scenario14; Vertices: 36804
[2025.05.08-10.43.01:500][768]LogVoxelMeshingProfiling: Display: Scenario name: UEDPIE_0_Map_VoxelPlugin_Scenario14; Voxel Model memory: 262144
[2025.05.08-10.43.01:500][768]LogVoxelMeshingProfiling: Display: Scenario name: UEDPIE_0_Map_VoxelPlugin_Scenario14; OpaqueVoxelCount: 22354; TransparentVoxelCount: 10414
[2025.05.08-10.43.01:520][768]LogVoxelMeshingProfiling: Display: Scenario name: UEDPIE_0_Map_VoxelPlugin_Scenario14; Voxel Model memory: 262144
[2025.05.08-10.43.01:520][768]LogVoxelMeshingProfiling: Display: Scenario name: UEDPIE_0_Map_VoxelPlugin_Scenario14; OpaqueVoxelCount: 22354; TransparentVoxelCount: 10414
[2025.05.08-10.43.01:520][768]LogVoxelMeshingProfiling: Display: Scenario name: UEDPIE_0_Map_VoxelPlugin_Scenario14; Voxel Model memory: 262144
[2025.05.08-10.43.01:520][768]LogVoxelMeshingProfiling: Display: Scenario name: UEDPIE_0_Map_VoxelPlugin_Scenario14; OpaqueVoxelCount: 22354; TransparentVoxelCount: 10414
[2025.05.08-10.43.01:522][768]LogVoxelMeshingProfiling: Display: Scenario name: UEDPIE_0_Map_VoxelPlugin_Scenario14; Voxel Model memory: 262144
[2025.05.08-10.43.01:522][768]LogVoxelMeshingProfiling: Display: Scenario name: UEDPIE_0_Map_VoxelPlugin_Scenario14; OpaqueVoxelCount: 22354; TransparentVoxelCount: 10414
[2025.05.08-10.43.01:522][768]LogVoxelMeshingProfiling: Display: Scenario name: UEDPIE_0_Map_VoxelPlugin_Scenario14; Voxel Model memory: 262144
[2025.05.08-10.43.01:522][768]LogVoxelMeshingProfiling: Display: Scenario name: UEDPIE_0_Map_VoxelPlugin_Scenario14; OpaqueVoxelCount: 22354; TransparentVoxelCount: 10414
[2025.05.08-10.43.01:528][768]LogVoxelMeshingProfiling: Display: Scenario name: UEDPIE_0_Map_VoxelPlugin_Scenario14; Voxel Model memory: 262144
[2025.05.08-10.43.01:528][768]LogVoxelMeshingProfiling: Display: Scenario name: UEDPIE_0_Map_VoxelPlugin_Scenario14; OpaqueVoxelCount: 22354; TransparentVoxelCount: 10414
[2025.05.08-10.43.01:528][768]LogVoxelMeshingProfiling: Display: Scenario name: UEDPIE_0_Map_VoxelPlugin_Scenario14; Voxel Model memory: 262144
[2025.05.08-10.43.01:528][768]LogVoxelMeshingProfiling: Display: Scenario name: UEDPIE_0_Map_VoxelPlugin_Scenario14; OpaqueVoxelCount: 22354; TransparentVoxelCount: 10414
[2025.05.08-10.43.01:539][768]LogVoxelMeshingProfiling: Display: Scenario name: UEDPIE_0_Map_VoxelPlugin_Scenario14; Voxel Model memory: 262144
[2025.05.08-10.43.01:539][768]LogVoxelMeshingProfiling: Display: Scenario name: UEDPIE_0_Map_VoxelPlugin_Scenario14; OpaqueVoxelCount: 22354; TransparentVoxelCount: 10414
[2025.05.08-10.43.01:542][768]LogVoxelMeshingProfiling: Display: Scenario name: UEDPIE_0_Map_VoxelPlugin_Scenario14; Voxel Model memory: 262144
[2025.05.08-10.43.01:542][768]LogVoxelMeshingProfiling: Display: Scenario name: UEDPIE_0_Map_VoxelPlugin_Scenario14; OpaqueVoxelCount: 22354; TransparentVoxelCount: 10414
[2025.05.08-10.43.01:542][768]LogVoxelMeshingProfiling: Display: Scenario name: UEDPIE_0_Map_VoxelPlugin_Scenario14; Voxel Model memory: 262144
[2025.05.08-10.43.01:542][768]LogVoxelMeshingProfiling: Display: Scenario name: UEDPIE_0_Map_VoxelPlugin_Scenario14; OpaqueVoxelCount: 22354; TransparentVoxelCount: 10414
[2025.05.08-10.43.01:543][768]LogVoxelMeshingProfiling: Display: Scenario name: UEDPIE_0_Map_VoxelPlugin_Scenario14; Voxel Model memory: 262144
[2025.05.08-10.43.01:543][768]LogVoxelMeshingProfiling: Display: Scenario name: UEDPIE_0_Map_VoxelPlugin_Scenario14; OpaqueVoxelCount: 22354; TransparentVoxelCount: 10414
[2025.05.08-10.43.01:547][768]LogVoxelMeshingProfiling: Display: Scenario name: UEDPIE_0_Map_VoxelPlugin_Scenario14; Voxel Model memory: 262144
[2025.05.08-10.43.01:547][768]LogVoxelMeshingProfiling: Display: Scenario name: UEDPIE_0_Map_VoxelPlugin_Scenario14; OpaqueVoxelCount: 22354; TransparentVoxelCount: 10414
[2025.05.08-10.43.01:549][768]LogVoxelMeshingProfiling: Display: Scenario name: UEDPIE_0_Map_VoxelPlugin_Scenario14; Voxel Model memory: 262144
[2025.05.08-10.43.01:549][768]LogVoxelMeshingProfiling: Display: Scenario name: UEDPIE_0_Map_VoxelPlugin_Scenario14; Voxel Model memory: 262144
[2025.05.08-10.43.01:549][768]LogVoxelMeshingProfiling: Display: Scenario name: UEDPIE_0_Map_VoxelPlugin_Scenario14; OpaqueVoxelCount: 22354; TransparentVoxelCount: 10414
[2025.05.08-10.43.01:549][768]LogVoxelMeshingProfiling: Display: Scenario name: UEDPIE_0_Map_VoxelPlugin_Scenario14; OpaqueVoxelCount: 22354; TransparentVoxelCount: 10414
[2025.05.08-10.43.01:559][768]LogVoxelMeshingProfiling: Display: Scenario name: UEDPIE_0_Map_VoxelPlugin_Scenario14; Voxel Model memory: 262144
[2025.05.08-10.43.01:559][768]LogVoxelMeshingProfiling: Display: Scenario name: UEDPIE_0_Map_VoxelPlugin_Scenario14; OpaqueVoxelCount: 22354; TransparentVoxelCount: 10414
[2025.05.08-10.43.01:559][768]LogVoxelMeshingProfiling: Display: Scenario name: UEDPIE_0_Map_VoxelPlugin_Scenario14; Voxel Model memory: 262144
[2025.05.08-10.43.01:559][768]LogVoxelMeshingProfiling: Display: Scenario name: UEDPIE_0_Map_VoxelPlugin_Scenario14; OpaqueVoxelCount: 22354; TransparentVoxelCount: 10414
[2025.05.08-10.43.01:561][768]LogVoxelMeshingProfiling: Display: Scenario name: UEDPIE_0_Map_VoxelPlugin_Scenario14; Voxel Model memory: 262144
[2025.05.08-10.43.01:561][768]LogVoxelMeshingProfiling: Display: Scenario name: UEDPIE_0_Map_VoxelPlugin_Scenario14; OpaqueVoxelCount: 22354; TransparentVoxelCount: 10414
[2025.05.08-10.43.01:561][768]LogVoxelMeshingProfiling: Display: Scenario name: UEDPIE_0_Map_VoxelPlugin_Scenario14; Voxel Model memory: 262144
[2025.05.08-10.43.01:561][768]LogVoxelMeshingProfiling: Display: Scenario name: UEDPIE_0_Map_VoxelPlugin_Scenario14; OpaqueVoxelCount: 22354; TransparentVoxelCount: 10414
[2025.05.08-10.43.01:566][768]LogVoxelMeshingProfiling: Display: Scenario name: UEDPIE_0_Map_VoxelPlugin_Scenario14; Voxel Model memory: 262144
[2025.05.08-10.43.01:566][768]LogVoxelMeshingProfiling: Display: Scenario name: UEDPIE_0_Map_VoxelPlugin_Scenario14; OpaqueVoxelCount: 22354; TransparentVoxelCount: 10414
[2025.05.08-10.43.01:567][768]LogVoxelMeshingProfiling: Display: Scenario name: UEDPIE_0_Map_VoxelPlugin_Scenario14; Voxel Model memory: 262144
[2025.05.08-10.43.01:567][768]LogVoxelMeshingProfiling: Display: Scenario name: UEDPIE_0_Map_VoxelPlugin_Scenario14; OpaqueVoxelCount: 22354; TransparentVoxelCount: 10414
[2025.05.08-10.43.01:567][768]LogVoxelMeshingProfiling: Display: Scenario name: UEDPIE_0_Map_VoxelPlugin_Scenario14; Voxel Model memory: 262144
[2025.05.08-10.43.01:567][768]LogVoxelMeshingProfiling: Display: Scenario name: UEDPIE_0_Map_VoxelPlugin_Scenario14; OpaqueVoxelCount: 22354; TransparentVoxelCount: 10414
[2025.05.08-10.43.01:579][768]LogVoxelMeshingProfiling: Display: Scenario name: UEDPIE_0_Map_VoxelPlugin_Scenario14; Voxel Model memory: 262144
[2025.05.08-10.43.01:579][768]LogVoxelMeshingProfiling: Display: Scenario name: UEDPIE_0_Map_VoxelPlugin_Scenario14; OpaqueVoxelCount: 22354; TransparentVoxelCount: 10414
[2025.05.08-10.43.01:579][768]LogVoxelMeshingProfiling: Display: Scenario name: UEDPIE_0_Map_VoxelPlugin_Scenario14; Voxel Model memory: 262144
[2025.05.08-10.43.01:579][768]LogVoxelMeshingProfiling: Display: Scenario name: UEDPIE_0_Map_VoxelPlugin_Scenario14; OpaqueVoxelCount: 22354; TransparentVoxelCount: 10414
[2025.05.08-10.43.01:579][768]LogVoxelMeshingProfiling: Display: Scenario name: UEDPIE_0_Map_VoxelPlugin_Scenario14; Voxel Model memory: 262144
[2025.05.08-10.43.01:579][768]LogVoxelMeshingProfiling: Display: Scenario name: UEDPIE_0_Map_VoxelPlugin_Scenario14; OpaqueVoxelCount: 22354; TransparentVoxelCount: 10414
[2025.05.08-10.43.01:580][768]LogVoxelMeshingProfiling: Display: Scenario name: UEDPIE_0_Map_VoxelPlugin_Scenario14; Voxel Model memory: 262144
[2025.05.08-10.43.01:580][768]LogVoxelMeshingProfiling: Display: Scenario name: UEDPIE_0_Map_VoxelPlugin_Scenario14; OpaqueVoxelCount: 22354; TransparentVoxelCount: 10414
[2025.05.08-10.43.01:582][768]LogVoxelMeshingProfiling: Display: Scenario name: UEDPIE_0_Map_VoxelPlugin_Scenario14; Voxel Model memory: 262144
[2025.05.08-10.43.01:582][768]LogVoxelMeshingProfiling: Display: Scenario name: UEDPIE_0_Map_VoxelPlugin_Scenario14; OpaqueVoxelCount: 22354; TransparentVoxelCount: 10414
[2025.05.08-10.43.01:582][768]LogVoxelMeshingProfiling: Display: Scenario name: UEDPIE_0_Map_VoxelPlugin_Scenario14; Voxel Model memory: 262144
[2025.05.08-10.43.01:582][768]LogVoxelMeshingProfiling: Display: Scenario name: UEDPIE_0_Map_VoxelPlugin_Scenario14; OpaqueVoxelCount: 22354; TransparentVoxelCount: 10414
[2025.05.08-10.43.01:655][769]LogVoxelMeshingProfiling: Display: Scenario name: Map_VoxelPlugin_Scenario14; Vertices: 28044
[2025.05.08-10.43.01:660][769]LogVoxelMeshingProfiling: Display: Scenario name: Map_VoxelPlugin_Scenario14; Vertices: 30024
[2025.05.08-10.43.01:682][769]LogVoxelMeshingProfiling: Display: Scenario name: Map_VoxelPlugin_Scenario14; Vertices: 30024
[2025.05.08-10.43.01:684][769]LogVoxelMeshingProfiling: Display: Scenario name: Map_VoxelPlugin_Scenario14; Vertices: 32004
[2025.05.08-10.43.01:704][769]LogVoxelMeshingProfiling: Display: Scenario name: Map_VoxelPlugin_Scenario14; Vertices: 32004
[2025.05.08-10.43.01:707][769]LogVoxelMeshingProfiling: Display: Scenario name: Map_VoxelPlugin_Scenario14; Vertices: 30024
[2025.05.08-10.43.01:727][770]LogVoxelMeshingProfiling: Display: Scenario name: Map_VoxelPlugin_Scenario14; Vertices: 30024
[2025.05.08-10.43.01:737][770]LogVoxelMeshingProfiling: Display: Scenario name: Map_VoxelPlugin_Scenario14; Vertices: 32004
[2025.05.08-10.43.01:776][772]LogVoxelMeshingProfiling: Display: Scenario name: Map_VoxelPlugin_Scenario14; Vertices: 32004
[2025.05.08-10.43.01:827][774]LogVoxelMeshingProfiling: Display: Scenario name: Map_VoxelPlugin_Scenario14; Vertices: 28044
[2025.05.08-10.43.01:831][774]LogVoxelMeshingProfiling: Display: Scenario name: Map_VoxelPlugin_Scenario14; Vertices: 26064
[2025.05.08-10.43.01:875][776]LogVoxelMeshingProfiling: Display: Scenario name: Map_VoxelPlugin_Scenario14; Vertices: 28044
[2025.05.08-10.43.01:924][777]LogVoxelMeshingProfiling: Display: Scenario name: Map_VoxelPlugin_Scenario14; Vertices: 30024
[2025.05.08-10.43.01:934][777]LogVoxelMeshingProfiling: Display: Scenario name: Map_VoxelPlugin_Scenario14; Vertices: 28044
[2025.05.08-10.43.01:975][779]LogVoxelMeshingProfiling: Display: Scenario name: Map_VoxelPlugin_Scenario14; Vertices: 30024
[2025.05.08-10.43.02:015][780]LogVoxelMeshingProfiling: Display: Scenario name: Map_VoxelPlugin_Scenario14; Vertices: 28044
[2025.05.08-10.43.02:020][780]LogVoxelMeshingProfiling: Display: Scenario name: Map_VoxelPlugin_Scenario14; Vertices: 30024
[2025.05.08-10.43.02:048][782]LogVoxelMeshingProfiling: Display: Scenario name: Map_VoxelPlugin_Scenario14; Vertices: 30024
[2025.05.08-10.43.02:143][786]LogVoxelMeshingProfiling: Display: Scenario name: Map_VoxelPlugin_Scenario14; Vertices: 30024
[2025.05.08-10.43.02:149][787]LogVoxelMeshingProfiling: Display: Scenario name: Map_VoxelPlugin_Scenario14; Vertices: 28044
[2025.05.08-10.43.02:179][788]LogVoxelMeshingProfiling: Display: Scenario name: Map_VoxelPlugin_Scenario14; Vertices: 32004
[2025.05.08-10.43.02:184][788]LogVoxelMeshingProfiling: Display: Scenario name: Map_VoxelPlugin_Scenario14; Vertices: 30024
[2025.05.08-10.43.02:224][791]LogVoxelMeshingProfiling: Display: Scenario name: Map_VoxelPlugin_Scenario14; Vertices: 30024
[2025.05.08-10.43.02:227][791]LogVoxelMeshingProfiling: Display: Scenario name: Map_VoxelPlugin_Scenario14; Vertices: 32004
[2025.05.08-10.43.02:262][793]LogVoxelMeshingProfiling: Display: Scenario name: Map_VoxelPlugin_Scenario14; Vertices: 30024
[2025.05.08-10.43.02:262][793]LogVoxelMeshingProfiling: Display: Scenario name: Map_VoxelPlugin_Scenario14; Vertices: 32004
[2025.05.08-10.43.02:291][795]LogVoxelMeshingProfiling: Display: Scenario name: Map_VoxelPlugin_Scenario14; Vertices: 32004
