[2025.05.08-10.47.43:314][725]LogVoxelMeshingProfiling: Display: Scenario name: UEDPIE_0_Map_Grid_Scenario15; Voxel Model memory: 262144
[2025.05.08-10.47.43:314][725]LogVoxelMeshingProfiling: Display: Scenario name: UEDPIE_0_Map_Grid_Scenario15; OpaqueVoxelCount: 17380; TransparentVoxelCount: 15388
[2025.05.08-10.47.43:323][725]LogVoxelMeshingProfiling: Display: Scenario name: UEDPIE_0_Map_Grid_Scenario15; Voxel Model memory: 262144
[2025.05.08-10.47.43:323][725]LogVoxelMeshingProfiling: Display: Scenario name: UEDPIE_0_Map_Grid_Scenario15; OpaqueVoxelCount: 17380; TransparentVoxelCount: 15388
[2025.05.08-10.47.43:323][725]LogVoxelMeshingProfiling: Display: Scenario name: UEDPIE_0_Map_Grid_Scenario15; Voxel Model memory: 262144
[2025.05.08-10.47.43:324][725]LogVoxelMeshingProfiling: Display: Scenario name: UEDPIE_0_Map_Grid_Scenario15; OpaqueVoxelCount: 17380; TransparentVoxelCount: 15388
[2025.05.08-10.47.43:324][725]LogVoxelMeshingProfiling: Display: Scenario name: UEDPIE_0_Map_Grid_Scenario15; Voxel Model memory: 262144
[2025.05.08-10.47.43:324][725]LogVoxelMeshingProfiling: Display: Scenario name: UEDPIE_0_Map_Grid_Scenario15; OpaqueVoxelCount: 17380; TransparentVoxelCount: 15388
[2025.05.08-10.47.43:324][725]LogVoxelMeshingProfiling: Display: Scenario name: UEDPIE_0_Map_Grid_Scenario15; Voxel Model memory: 262144
[2025.05.08-10.47.43:324][725]LogVoxelMeshingProfiling: Display: Scenario name: UEDPIE_0_Map_Grid_Scenario15; OpaqueVoxelCount: 17380; TransparentVoxelCount: 15388
[2025.05.08-10.47.43:328][725]LogVoxelMeshingProfiling: Display: Scenario name: UEDPIE_0_Map_Grid_Scenario15; Voxel Model memory: 262144
[2025.05.08-10.47.43:328][725]LogVoxelMeshingProfiling: Display: Scenario name: UEDPIE_0_Map_Grid_Scenario15; OpaqueVoxelCount: 17380; TransparentVoxelCount: 15388
[2025.05.08-10.47.43:328][725]LogVoxelMeshingProfiling: Display: Scenario name: UEDPIE_0_Map_Grid_Scenario15; Voxel Model memory: 262144
[2025.05.08-10.47.43:328][725]LogVoxelMeshingProfiling: Display: Scenario name: UEDPIE_0_Map_Grid_Scenario15; OpaqueVoxelCount: 17380; TransparentVoxelCount: 15388
[2025.05.08-10.47.43:336][725]LogVoxelMeshingProfiling: Display: Scenario name: UEDPIE_0_Map_Grid_Scenario15; Voxel Model memory: 262144
[2025.05.08-10.47.43:336][725]LogVoxelMeshingProfiling: Display: Scenario name: UEDPIE_0_Map_Grid_Scenario15; OpaqueVoxelCount: 17380; TransparentVoxelCount: 15388
[2025.05.08-10.47.43:336][725]LogVoxelMeshingProfiling: Display: Scenario name: UEDPIE_0_Map_Grid_Scenario15; Voxel Model memory: 262144
[2025.05.08-10.47.43:336][725]LogVoxelMeshingProfiling: Display: Scenario name: UEDPIE_0_Map_Grid_Scenario15; OpaqueVoxelCount: 17380; TransparentVoxelCount: 15388
[2025.05.08-10.47.43:338][725]LogVoxelMeshingProfiling: Display: Scenario name: UEDPIE_0_Map_Grid_Scenario15; Voxel Model memory: 262144
[2025.05.08-10.47.43:338][725]LogVoxelMeshingProfiling: Display: Scenario name: UEDPIE_0_Map_Grid_Scenario15; OpaqueVoxelCount: 17380; TransparentVoxelCount: 15388
[2025.05.08-10.47.43:339][725]LogVoxelMeshingProfiling: Display: Scenario name: UEDPIE_0_Map_Grid_Scenario15; Voxel Model memory: 262144
[2025.05.08-10.47.43:339][725]LogVoxelMeshingProfiling: Display: Scenario name: UEDPIE_0_Map_Grid_Scenario15; OpaqueVoxelCount: 17380; TransparentVoxelCount: 15388
[2025.05.08-10.47.43:343][725]LogVoxelMeshingProfiling: Display: Scenario name: UEDPIE_0_Map_Grid_Scenario15; Voxel Model memory: 262144
[2025.05.08-10.47.43:343][725]LogVoxelMeshingProfiling: Display: Scenario name: UEDPIE_0_Map_Grid_Scenario15; OpaqueVoxelCount: 17380; TransparentVoxelCount: 15388
[2025.05.08-10.47.43:343][725]LogVoxelMeshingProfiling: Display: Scenario name: UEDPIE_0_Map_Grid_Scenario15; Voxel Model memory: 262144
[2025.05.08-10.47.43:343][725]LogVoxelMeshingProfiling: Display: Scenario name: UEDPIE_0_Map_Grid_Scenario15; OpaqueVoxelCount: 17380; TransparentVoxelCount: 15388
[2025.05.08-10.47.43:344][725]LogVoxelMeshingProfiling: Display: Scenario name: UEDPIE_0_Map_Grid_Scenario15; Voxel Model memory: 262144
[2025.05.08-10.47.43:344][725]LogVoxelMeshingProfiling: Display: Scenario name: UEDPIE_0_Map_Grid_Scenario15; OpaqueVoxelCount: 17380; TransparentVoxelCount: 15388
[2025.05.08-10.47.43:353][725]LogVoxelMeshingProfiling: Display: Scenario name: UEDPIE_0_Map_Grid_Scenario15; Voxel Model memory: 262144
[2025.05.08-10.47.43:353][725]LogVoxelMeshingProfiling: Display: Scenario name: UEDPIE_0_Map_Grid_Scenario15; OpaqueVoxelCount: 17380; TransparentVoxelCount: 15388
[2025.05.08-10.47.43:355][725]LogVoxelMeshingProfiling: Display: Scenario name: UEDPIE_0_Map_Grid_Scenario15; Voxel Model memory: 262144
[2025.05.08-10.47.43:355][725]LogVoxelMeshingProfiling: Display: Scenario name: UEDPIE_0_Map_Grid_Scenario15; OpaqueVoxelCount: 17380; TransparentVoxelCount: 15388
[2025.05.08-10.47.43:355][725]LogVoxelMeshingProfiling: Display: Scenario name: UEDPIE_0_Map_Grid_Scenario15; Voxel Model memory: 262144
[2025.05.08-10.47.43:355][725]LogVoxelMeshingProfiling: Display: Scenario name: UEDPIE_0_Map_Grid_Scenario15; OpaqueVoxelCount: 17380; TransparentVoxelCount: 15388
[2025.05.08-10.47.43:355][725]LogVoxelMeshingProfiling: Display: Scenario name: UEDPIE_0_Map_Grid_Scenario15; Voxel Model memory: 262144
[2025.05.08-10.47.43:355][725]LogVoxelMeshingProfiling: Display: Scenario name: UEDPIE_0_Map_Grid_Scenario15; OpaqueVoxelCount: 17380; TransparentVoxelCount: 15388
[2025.05.08-10.47.43:359][725]LogVoxelMeshingProfiling: Display: Scenario name: UEDPIE_0_Map_Grid_Scenario15; Voxel Model memory: 262144
[2025.05.08-10.47.43:359][725]LogVoxelMeshingProfiling: Display: Scenario name: UEDPIE_0_Map_Grid_Scenario15; OpaqueVoxelCount: 17380; TransparentVoxelCount: 15388
[2025.05.08-10.47.43:361][725]LogVoxelMeshingProfiling: Display: Scenario name: UEDPIE_0_Map_Grid_Scenario15; Voxel Model memory: 262144
[2025.05.08-10.47.43:361][725]LogVoxelMeshingProfiling: Display: Scenario name: UEDPIE_0_Map_Grid_Scenario15; OpaqueVoxelCount: 17380; TransparentVoxelCount: 15388
[2025.05.08-10.47.43:361][725]LogVoxelMeshingProfiling: Display: Scenario name: UEDPIE_0_Map_Grid_Scenario15; Voxel Model memory: 262144
[2025.05.08-10.47.43:362][725]LogVoxelMeshingProfiling: Display: Scenario name: UEDPIE_0_Map_Grid_Scenario15; OpaqueVoxelCount: 17380; TransparentVoxelCount: 15388
[2025.05.08-10.47.43:370][725]LogVoxelMeshingProfiling: Display: Scenario name: UEDPIE_0_Map_Grid_Scenario15; Voxel Model memory: 262144
[2025.05.08-10.47.43:370][725]LogVoxelMeshingProfiling: Display: Scenario name: UEDPIE_0_Map_Grid_Scenario15; OpaqueVoxelCount: 17380; TransparentVoxelCount: 15388
[2025.05.08-10.47.43:372][725]LogVoxelMeshingProfiling: Display: Scenario name: UEDPIE_0_Map_Grid_Scenario15; Voxel Model memory: 262144
[2025.05.08-10.47.43:372][725]LogVoxelMeshingProfiling: Display: Scenario name: UEDPIE_0_Map_Grid_Scenario15; OpaqueVoxelCount: 17380; TransparentVoxelCount: 15388
[2025.05.08-10.47.43:372][725]LogVoxelMeshingProfiling: Display: Scenario name: UEDPIE_0_Map_Grid_Scenario15; Voxel Model memory: 262144
[2025.05.08-10.47.43:372][725]LogVoxelMeshingProfiling: Display: Scenario name: UEDPIE_0_Map_Grid_Scenario15; OpaqueVoxelCount: 17380; TransparentVoxelCount: 15388
[2025.05.08-10.47.43:372][725]LogVoxelMeshingProfiling: Display: Scenario name: UEDPIE_0_Map_Grid_Scenario15; Voxel Model memory: 262144
[2025.05.08-10.47.43:372][725]LogVoxelMeshingProfiling: Display: Scenario name: UEDPIE_0_Map_Grid_Scenario15; OpaqueVoxelCount: 17380; TransparentVoxelCount: 15388
[2025.05.08-10.47.43:375][725]LogVoxelMeshingProfiling: Display: Scenario name: UEDPIE_0_Map_Grid_Scenario15; Voxel Model memory: 262144
[2025.05.08-10.47.43:375][725]LogVoxelMeshingProfiling: Display: Scenario name: UEDPIE_0_Map_Grid_Scenario15; OpaqueVoxelCount: 17380; TransparentVoxelCount: 15388
[2025.05.08-10.47.43:376][725]LogVoxelMeshingProfiling: Display: Scenario name: UEDPIE_0_Map_Grid_Scenario15; Voxel Model memory: 262144
[2025.05.08-10.47.43:376][725]LogVoxelMeshingProfiling: Display: Scenario name: UEDPIE_0_Map_Grid_Scenario15; OpaqueVoxelCount: 17380; TransparentVoxelCount: 15388
[2025.05.08-10.47.43:389][726]LogVoxelMeshingProfiling: Display: Scenario name: UEDPIE_0_Map_Grid_Scenario15; Vertices: 35040
[2025.05.08-10.47.43:405][726]LogVoxelMeshingProfiling: Display: Scenario name: UEDPIE_0_Map_Grid_Scenario15; Vertices: 34716
[2025.05.08-10.47.43:421][726]LogVoxelMeshingProfiling: Display: Scenario name: UEDPIE_0_Map_Grid_Scenario15; Vertices: 34716
[2025.05.08-10.47.43:433][726]LogVoxelMeshingProfiling: Display: Scenario name: UEDPIE_0_Map_Grid_Scenario15; Vertices: 35452
[2025.05.08-10.47.43:445][726]LogVoxelMeshingProfiling: Display: Scenario name: UEDPIE_0_Map_Grid_Scenario15; Vertices: 35452
[2025.05.08-10.47.43:462][726]LogVoxelMeshingProfiling: Display: Scenario name: UEDPIE_0_Map_Grid_Scenario15; Vertices: 34716
[2025.05.08-10.47.43:476][726]LogVoxelMeshingProfiling: Display: Scenario name: UEDPIE_0_Map_Grid_Scenario15; Vertices: 35452
[2025.05.08-10.47.43:493][726]LogVoxelMeshingProfiling: Display: Scenario name: UEDPIE_0_Map_Grid_Scenario15; Vertices: 34392
[2025.05.08-10.47.43:510][727]LogVoxelMeshingProfiling: Display: Scenario name: UEDPIE_0_Map_Grid_Scenario15; Vertices: 35128
[2025.05.08-10.47.43:530][727]LogVoxelMeshingProfiling: Display: Scenario name: UEDPIE_0_Map_Grid_Scenario15; Vertices: 34392
[2025.05.08-10.47.43:556][728]LogVoxelMeshingProfiling: Display: Scenario name: UEDPIE_0_Map_Grid_Scenario15; Vertices: 35128
[2025.05.08-10.47.43:573][728]LogVoxelMeshingProfiling: Display: Scenario name: UEDPIE_0_Map_Grid_Scenario15; Vertices: 35128
[2025.05.08-10.47.43:589][728]LogVoxelMeshingProfiling: Display: Scenario name: UEDPIE_0_Map_Grid_Scenario15; Vertices: 34392
[2025.05.08-10.47.43:610][729]LogVoxelMeshingProfiling: Display: Scenario name: UEDPIE_0_Map_Grid_Scenario15; Vertices: 35128
[2025.05.08-10.47.43:635][729]LogVoxelMeshingProfiling: Display: Scenario name: UEDPIE_0_Map_Grid_Scenario15; Vertices: 35864
[2025.05.08-10.47.43:659][729]LogVoxelMeshingProfiling: Display: Scenario name: UEDPIE_0_Map_Grid_Scenario15; Vertices: 35128
[2025.05.08-10.47.43:678][730]LogVoxelMeshingProfiling: Display: Scenario name: UEDPIE_0_Map_Grid_Scenario15; Vertices: 35864
[2025.05.08-10.47.43:700][731]LogVoxelMeshingProfiling: Display: Scenario name: UEDPIE_0_Map_Grid_Scenario15; Vertices: 35128
[2025.05.08-10.47.43:720][731]LogVoxelMeshingProfiling: Display: Scenario name: UEDPIE_0_Map_Grid_Scenario15; Vertices: 35864
[2025.05.08-10.47.43:741][732]LogVoxelMeshingProfiling: Display: Scenario name: UEDPIE_0_Map_Grid_Scenario15; Vertices: 34068
[2025.05.08-10.47.43:763][733]LogVoxelMeshingProfiling: Display: Scenario name: UEDPIE_0_Map_Grid_Scenario15; Vertices: 34804
[2025.05.08-10.47.43:781][734]LogVoxelMeshingProfiling: Display: Scenario name: UEDPIE_0_Map_Grid_Scenario15; Vertices: 34804
[2025.05.08-10.47.43:801][735]LogVoxelMeshingProfiling: Display: Scenario name: UEDPIE_0_Map_Grid_Scenario15; Vertices: 35540
[2025.05.08-10.47.43:820][736]LogVoxelMeshingProfiling: Display: Scenario name: UEDPIE_0_Map_Grid_Scenario15; Vertices: 34804
[2025.05.08-10.47.43:841][737]LogVoxelMeshingProfiling: Display: Scenario name: UEDPIE_0_Map_Grid_Scenario15; Vertices: 35540
[2025.05.08-10.47.43:861][738]LogVoxelMeshingProfiling: Display: Scenario name: UEDPIE_0_Map_Grid_Scenario15; Vertices: 35540
[2025.05.08-10.47.43:882][739]LogVoxelMeshingProfiling: Display: Scenario name: UEDPIE_0_Map_Grid_Scenario15; Vertices: 36276
[2025.05.08-10.47.49:566][ 81]LogVoxelMeshingProfiling: Display: Scenario name: UEDPIE_0_Map_RLE_Scenario15; Voxel Model memory: 65232
[2025.05.08-10.47.49:574][ 81]LogVoxelMeshingProfiling: Display: Scenario name: UEDPIE_0_Map_RLE_Scenario15; Voxel Model memory: 65232
[2025.05.08-10.47.49:574][ 81]LogVoxelMeshingProfiling: Display: Scenario name: UEDPIE_0_Map_RLE_Scenario15; Voxel Model memory: 65232
[2025.05.08-10.47.49:575][ 81]LogVoxelMeshingProfiling: Display: Scenario name: UEDPIE_0_Map_RLE_Scenario15; Voxel Model memory: 65232
[2025.05.08-10.47.49:575][ 81]LogVoxelMeshingProfiling: Display: Scenario name: UEDPIE_0_Map_RLE_Scenario15; Voxel Model memory: 65232
[2025.05.08-10.47.49:578][ 81]LogVoxelMeshingProfiling: Display: Scenario name: UEDPIE_0_Map_RLE_Scenario15; Voxel Model memory: 65232
[2025.05.08-10.47.49:578][ 81]LogVoxelMeshingProfiling: Display: Scenario name: UEDPIE_0_Map_RLE_Scenario15; Voxel Model memory: 65232
[2025.05.08-10.47.49:586][ 81]LogVoxelMeshingProfiling: Display: Scenario name: UEDPIE_0_Map_RLE_Scenario15; Voxel Model memory: 65232
[2025.05.08-10.47.49:588][ 81]LogVoxelMeshingProfiling: Display: Scenario name: UEDPIE_0_Map_RLE_Scenario15; Voxel Model memory: 65232
[2025.05.08-10.47.49:588][ 81]LogVoxelMeshingProfiling: Display: Scenario name: UEDPIE_0_Map_RLE_Scenario15; Voxel Model memory: 65232
[2025.05.08-10.47.49:589][ 81]LogVoxelMeshingProfiling: Display: Scenario name: UEDPIE_0_Map_RLE_Scenario15; Voxel Model memory: 65232
[2025.05.08-10.47.49:593][ 81]LogVoxelMeshingProfiling: Display: Scenario name: UEDPIE_0_Map_RLE_Scenario15; Voxel Model memory: 65232
[2025.05.08-10.47.49:594][ 81]LogVoxelMeshingProfiling: Display: Scenario name: UEDPIE_0_Map_RLE_Scenario15; Voxel Model memory: 65232
[2025.05.08-10.47.49:594][ 81]LogVoxelMeshingProfiling: Display: Scenario name: UEDPIE_0_Map_RLE_Scenario15; Voxel Model memory: 65232
[2025.05.08-10.47.49:605][ 81]LogVoxelMeshingProfiling: Display: Scenario name: UEDPIE_0_Map_RLE_Scenario15; Voxel Model memory: 65232
[2025.05.08-10.47.49:606][ 81]LogVoxelMeshingProfiling: Display: Scenario name: UEDPIE_0_Map_RLE_Scenario15; Voxel Model memory: 65232
[2025.05.08-10.47.49:606][ 81]LogVoxelMeshingProfiling: Display: Scenario name: UEDPIE_0_Map_RLE_Scenario15; Voxel Model memory: 65232
[2025.05.08-10.47.49:608][ 81]LogVoxelMeshingProfiling: Display: Scenario name: UEDPIE_0_Map_RLE_Scenario15; Voxel Model memory: 65232
[2025.05.08-10.47.49:613][ 81]LogVoxelMeshingProfiling: Display: Scenario name: UEDPIE_0_Map_RLE_Scenario15; Voxel Model memory: 65232
[2025.05.08-10.47.49:614][ 81]LogVoxelMeshingProfiling: Display: Scenario name: UEDPIE_0_Map_RLE_Scenario15; Voxel Model memory: 65232
[2025.05.08-10.47.49:614][ 81]LogVoxelMeshingProfiling: Display: Scenario name: UEDPIE_0_Map_RLE_Scenario15; Voxel Model memory: 65232
[2025.05.08-10.47.49:622][ 82]LogVoxelMeshingProfiling: Display: Scenario name: UEDPIE_0_Map_RLE_Scenario15; Voxel Model memory: 65232
[2025.05.08-10.47.49:624][ 82]LogVoxelMeshingProfiling: Display: Scenario name: UEDPIE_0_Map_RLE_Scenario15; Voxel Model memory: 65232
[2025.05.08-10.47.49:624][ 82]LogVoxelMeshingProfiling: Display: Scenario name: UEDPIE_0_Map_RLE_Scenario15; Voxel Model memory: 65232
[2025.05.08-10.47.49:624][ 82]LogVoxelMeshingProfiling: Display: Scenario name: UEDPIE_0_Map_RLE_Scenario15; Voxel Model memory: 65232
[2025.05.08-10.47.49:627][ 82]LogVoxelMeshingProfiling: Display: Scenario name: UEDPIE_0_Map_RLE_Scenario15; Voxel Model memory: 65232
[2025.05.08-10.47.49:627][ 82]LogVoxelMeshingProfiling: Display: Scenario name: UEDPIE_0_Map_RLE_Scenario15; Voxel Model memory: 65232
[2025.05.08-10.47.49:642][ 82]LogVoxelMeshingProfiling: Display: Scenario name: UEDPIE_0_Map_RLE_Scenario15; Vertices: 65484
[2025.05.08-10.47.49:655][ 82]LogVoxelMeshingProfiling: Display: Scenario name: UEDPIE_0_Map_RLE_Scenario15; Vertices: 65484
[2025.05.08-10.47.49:667][ 82]LogVoxelMeshingProfiling: Display: Scenario name: UEDPIE_0_Map_RLE_Scenario15; Vertices: 65484
[2025.05.08-10.47.49:680][ 82]LogVoxelMeshingProfiling: Display: Scenario name: UEDPIE_0_Map_RLE_Scenario15; Vertices: 65484
[2025.05.08-10.47.49:692][ 82]LogVoxelMeshingProfiling: Display: Scenario name: UEDPIE_0_Map_RLE_Scenario15; Vertices: 65484
[2025.05.08-10.47.49:704][ 83]LogVoxelMeshingProfiling: Display: Scenario name: UEDPIE_0_Map_RLE_Scenario15; Vertices: 65484
[2025.05.08-10.47.49:726][ 83]LogVoxelMeshingProfiling: Display: Scenario name: UEDPIE_0_Map_RLE_Scenario15; Vertices: 65484
[2025.05.08-10.47.49:747][ 83]LogVoxelMeshingProfiling: Display: Scenario name: UEDPIE_0_Map_RLE_Scenario15; Vertices: 65484
[2025.05.08-10.47.49:776][ 83]LogVoxelMeshingProfiling: Display: Scenario name: UEDPIE_0_Map_RLE_Scenario15; Vertices: 65484
[2025.05.08-10.47.49:782][ 83]LogVoxelMeshingProfiling: Display: Scenario name: UEDPIE_0_Map_RLE_Scenario15; Vertices: 65484
[2025.05.08-10.47.49:802][ 83]LogVoxelMeshingProfiling: Display: Scenario name: UEDPIE_0_Map_RLE_Scenario15; Vertices: 65484
[2025.05.08-10.47.49:820][ 83]LogVoxelMeshingProfiling: Display: Scenario name: UEDPIE_0_Map_RLE_Scenario15; Vertices: 65484
[2025.05.08-10.47.49:836][ 84]LogVoxelMeshingProfiling: Display: Scenario name: UEDPIE_0_Map_RLE_Scenario15; Vertices: 65484
[2025.05.08-10.47.49:850][ 84]LogVoxelMeshingProfiling: Display: Scenario name: UEDPIE_0_Map_RLE_Scenario15; Vertices: 65484
[2025.05.08-10.47.49:871][ 84]LogVoxelMeshingProfiling: Display: Scenario name: UEDPIE_0_Map_RLE_Scenario15; Vertices: 65484
[2025.05.08-10.47.49:893][ 85]LogVoxelMeshingProfiling: Display: Scenario name: UEDPIE_0_Map_RLE_Scenario15; Vertices: 65484
[2025.05.08-10.47.49:915][ 85]LogVoxelMeshingProfiling: Display: Scenario name: UEDPIE_0_Map_RLE_Scenario15; Vertices: 65484
[2025.05.08-10.47.49:937][ 85]LogVoxelMeshingProfiling: Display: Scenario name: UEDPIE_0_Map_RLE_Scenario15; Vertices: 65484
[2025.05.08-10.47.49:949][ 85]LogVoxelMeshingProfiling: Display: Scenario name: UEDPIE_0_Map_RLE_Scenario15; Vertices: 65484
[2025.05.08-10.47.49:968][ 85]LogVoxelMeshingProfiling: Display: Scenario name: UEDPIE_0_Map_RLE_Scenario15; Vertices: 65484
[2025.05.08-10.47.49:985][ 85]LogVoxelMeshingProfiling: Display: Scenario name: UEDPIE_0_Map_RLE_Scenario15; Vertices: 65484
[2025.05.08-10.47.50:020][ 86]LogVoxelMeshingProfiling: Display: Scenario name: UEDPIE_0_Map_RLE_Scenario15; Vertices: 65484
[2025.05.08-10.47.50:023][ 86]LogVoxelMeshingProfiling: Display: Scenario name: UEDPIE_0_Map_RLE_Scenario15; Vertices: 65484
[2025.05.08-10.47.50:054][ 86]LogVoxelMeshingProfiling: Display: Scenario name: UEDPIE_0_Map_RLE_Scenario15; Vertices: 65484
[2025.05.08-10.47.50:067][ 86]LogVoxelMeshingProfiling: Display: Scenario name: UEDPIE_0_Map_RLE_Scenario15; Vertices: 65484
[2025.05.08-10.47.50:087][ 86]LogVoxelMeshingProfiling: Display: Scenario name: UEDPIE_0_Map_RLE_Scenario15; Vertices: 65484
[2025.05.08-10.47.50:102][ 87]LogVoxelMeshingProfiling: Display: Scenario name: UEDPIE_0_Map_RLE_Scenario15; Vertices: 65484
[2025.05.08-10.47.57:601][472]LogVoxelMeshingProfiling: Display: Scenario name: UEDPIE_0_Map_VoxelPlugin_Scenario15; Voxel Model memory: 262144
[2025.05.08-10.47.57:601][472]LogVoxelMeshingProfiling: Display: Scenario name: UEDPIE_0_Map_VoxelPlugin_Scenario15; OpaqueVoxelCount: 17380; TransparentVoxelCount: 15388
[2025.05.08-10.47.57:609][472]LogVoxelMeshingProfiling: Display: Scenario name: UEDPIE_0_Map_VoxelPlugin_Scenario15; Voxel Model memory: 262144
[2025.05.08-10.47.57:609][472]LogVoxelMeshingProfiling: Display: Scenario name: UEDPIE_0_Map_VoxelPlugin_Scenario15; Voxel Model memory: 262144
[2025.05.08-10.47.57:609][472]LogVoxelMeshingProfiling: Display: Scenario name: UEDPIE_0_Map_VoxelPlugin_Scenario15; OpaqueVoxelCount: 17380; TransparentVoxelCount: 15388
[2025.05.08-10.47.57:609][472]LogVoxelMeshingProfiling: Display: Scenario name: UEDPIE_0_Map_VoxelPlugin_Scenario15; OpaqueVoxelCount: 17380; TransparentVoxelCount: 15388
[2025.05.08-10.47.57:611][472]LogVoxelMeshingProfiling: Display: Scenario name: UEDPIE_0_Map_VoxelPlugin_Scenario15; Voxel Model memory: 262144
[2025.05.08-10.47.57:611][472]LogVoxelMeshingProfiling: Display: Scenario name: UEDPIE_0_Map_VoxelPlugin_Scenario15; OpaqueVoxelCount: 17380; TransparentVoxelCount: 15388
[2025.05.08-10.47.57:612][472]LogVoxelMeshingProfiling: Display: Scenario name: UEDPIE_0_Map_VoxelPlugin_Scenario15; Voxel Model memory: 262144
[2025.05.08-10.47.57:612][472]LogVoxelMeshingProfiling: Display: Scenario name: UEDPIE_0_Map_VoxelPlugin_Scenario15; OpaqueVoxelCount: 17380; TransparentVoxelCount: 15388
[2025.05.08-10.47.57:613][472]LogVoxelMeshingProfiling: Display: Scenario name: UEDPIE_0_Map_VoxelPlugin_Scenario15; Voxel Model memory: 262144
[2025.05.08-10.47.57:613][472]LogVoxelMeshingProfiling: Display: Scenario name: UEDPIE_0_Map_VoxelPlugin_Scenario15; OpaqueVoxelCount: 17380; TransparentVoxelCount: 15388
[2025.05.08-10.47.57:614][472]LogVoxelMeshingProfiling: Display: Scenario name: UEDPIE_0_Map_VoxelPlugin_Scenario15; Voxel Model memory: 262144
[2025.05.08-10.47.57:614][472]LogVoxelMeshingProfiling: Display: Scenario name: UEDPIE_0_Map_VoxelPlugin_Scenario15; OpaqueVoxelCount: 17380; TransparentVoxelCount: 15388
[2025.05.08-10.47.57:623][472]LogVoxelMeshingProfiling: Display: Scenario name: UEDPIE_0_Map_VoxelPlugin_Scenario15; Voxel Model memory: 262144
[2025.05.08-10.47.57:623][472]LogVoxelMeshingProfiling: Display: Scenario name: UEDPIE_0_Map_VoxelPlugin_Scenario15; OpaqueVoxelCount: 17380; TransparentVoxelCount: 15388
[2025.05.08-10.47.57:623][472]LogVoxelMeshingProfiling: Display: Scenario name: UEDPIE_0_Map_VoxelPlugin_Scenario15; Voxel Model memory: 262144
[2025.05.08-10.47.57:623][472]LogVoxelMeshingProfiling: Display: Scenario name: UEDPIE_0_Map_VoxelPlugin_Scenario15; OpaqueVoxelCount: 17380; TransparentVoxelCount: 15388
[2025.05.08-10.47.57:624][472]LogVoxelMeshingProfiling: Display: Scenario name: UEDPIE_0_Map_VoxelPlugin_Scenario15; Voxel Model memory: 262144
[2025.05.08-10.47.57:624][472]LogVoxelMeshingProfiling: Display: Scenario name: UEDPIE_0_Map_VoxelPlugin_Scenario15; OpaqueVoxelCount: 17380; TransparentVoxelCount: 15388
[2025.05.08-10.47.57:625][472]LogVoxelMeshingProfiling: Display: Scenario name: UEDPIE_0_Map_VoxelPlugin_Scenario15; Voxel Model memory: 262144
[2025.05.08-10.47.57:625][472]LogVoxelMeshingProfiling: Display: Scenario name: UEDPIE_0_Map_VoxelPlugin_Scenario15; OpaqueVoxelCount: 17380; TransparentVoxelCount: 15388
[2025.05.08-10.47.57:630][472]LogVoxelMeshingProfiling: Display: Scenario name: UEDPIE_0_Map_VoxelPlugin_Scenario15; Voxel Model memory: 262144
[2025.05.08-10.47.57:630][472]LogVoxelMeshingProfiling: Display: Scenario name: UEDPIE_0_Map_VoxelPlugin_Scenario15; OpaqueVoxelCount: 17380; TransparentVoxelCount: 15388
[2025.05.08-10.47.57:631][472]LogVoxelMeshingProfiling: Display: Scenario name: UEDPIE_0_Map_VoxelPlugin_Scenario15; Voxel Model memory: 262144
[2025.05.08-10.47.57:631][472]LogVoxelMeshingProfiling: Display: Scenario name: UEDPIE_0_Map_VoxelPlugin_Scenario15; OpaqueVoxelCount: 17380; TransparentVoxelCount: 15388
[2025.05.08-10.47.57:631][472]LogVoxelMeshingProfiling: Display: Scenario name: UEDPIE_0_Map_VoxelPlugin_Scenario15; Voxel Model memory: 262144
[2025.05.08-10.47.57:631][472]LogVoxelMeshingProfiling: Display: Scenario name: UEDPIE_0_Map_VoxelPlugin_Scenario15; OpaqueVoxelCount: 17380; TransparentVoxelCount: 15388
[2025.05.08-10.47.57:639][472]LogVoxelMeshingProfiling: Display: Scenario name: UEDPIE_0_Map_VoxelPlugin_Scenario15; Voxel Model memory: 262144
[2025.05.08-10.47.57:639][472]LogVoxelMeshingProfiling: Display: Scenario name: UEDPIE_0_Map_VoxelPlugin_Scenario15; OpaqueVoxelCount: 17380; TransparentVoxelCount: 15388
[2025.05.08-10.47.57:639][472]LogVoxelMeshingProfiling: Display: Scenario name: UEDPIE_0_Map_VoxelPlugin_Scenario15; Voxel Model memory: 262144
[2025.05.08-10.47.57:639][472]LogVoxelMeshingProfiling: Display: Scenario name: UEDPIE_0_Map_VoxelPlugin_Scenario15; OpaqueVoxelCount: 17380; TransparentVoxelCount: 15388
[2025.05.08-10.47.57:640][472]LogVoxelMeshingProfiling: Display: Scenario name: UEDPIE_0_Map_VoxelPlugin_Scenario15; Voxel Model memory: 262144
[2025.05.08-10.47.57:640][472]LogVoxelMeshingProfiling: Display: Scenario name: UEDPIE_0_Map_VoxelPlugin_Scenario15; OpaqueVoxelCount: 17380; TransparentVoxelCount: 15388
[2025.05.08-10.47.57:643][472]LogVoxelMeshingProfiling: Display: Scenario name: UEDPIE_0_Map_VoxelPlugin_Scenario15; Voxel Model memory: 262144
[2025.05.08-10.47.57:643][472]LogVoxelMeshingProfiling: Display: Scenario name: UEDPIE_0_Map_VoxelPlugin_Scenario15; OpaqueVoxelCount: 17380; TransparentVoxelCount: 15388
[2025.05.08-10.47.57:647][472]LogVoxelMeshingProfiling: Display: Scenario name: UEDPIE_0_Map_VoxelPlugin_Scenario15; Voxel Model memory: 262144
[2025.05.08-10.47.57:647][472]LogVoxelMeshingProfiling: Display: Scenario name: UEDPIE_0_Map_VoxelPlugin_Scenario15; OpaqueVoxelCount: 17380; TransparentVoxelCount: 15388
[2025.05.08-10.47.57:647][472]LogVoxelMeshingProfiling: Display: Scenario name: UEDPIE_0_Map_VoxelPlugin_Scenario15; Voxel Model memory: 262144
[2025.05.08-10.47.57:648][472]LogVoxelMeshingProfiling: Display: Scenario name: UEDPIE_0_Map_VoxelPlugin_Scenario15; OpaqueVoxelCount: 17380; TransparentVoxelCount: 15388
[2025.05.08-10.47.57:648][472]LogVoxelMeshingProfiling: Display: Scenario name: UEDPIE_0_Map_VoxelPlugin_Scenario15; Voxel Model memory: 262144
[2025.05.08-10.47.57:648][472]LogVoxelMeshingProfiling: Display: Scenario name: UEDPIE_0_Map_VoxelPlugin_Scenario15; OpaqueVoxelCount: 17380; TransparentVoxelCount: 15388
[2025.05.08-10.47.57:655][472]LogVoxelMeshingProfiling: Display: Scenario name: UEDPIE_0_Map_VoxelPlugin_Scenario15; Voxel Model memory: 262144
[2025.05.08-10.47.57:655][472]LogVoxelMeshingProfiling: Display: Scenario name: UEDPIE_0_Map_VoxelPlugin_Scenario15; Voxel Model memory: 262144
[2025.05.08-10.47.57:655][472]LogVoxelMeshingProfiling: Display: Scenario name: UEDPIE_0_Map_VoxelPlugin_Scenario15; OpaqueVoxelCount: 17380; TransparentVoxelCount: 15388
[2025.05.08-10.47.57:655][472]LogVoxelMeshingProfiling: Display: Scenario name: UEDPIE_0_Map_VoxelPlugin_Scenario15; OpaqueVoxelCount: 17380; TransparentVoxelCount: 15388
[2025.05.08-10.47.57:655][472]LogVoxelMeshingProfiling: Display: Scenario name: UEDPIE_0_Map_VoxelPlugin_Scenario15; Voxel Model memory: 262144
[2025.05.08-10.47.57:655][472]LogVoxelMeshingProfiling: Display: Scenario name: UEDPIE_0_Map_VoxelPlugin_Scenario15; Voxel Model memory: 262144
[2025.05.08-10.47.57:655][472]LogVoxelMeshingProfiling: Display: Scenario name: UEDPIE_0_Map_VoxelPlugin_Scenario15; OpaqueVoxelCount: 17380; TransparentVoxelCount: 15388
[2025.05.08-10.47.57:655][472]LogVoxelMeshingProfiling: Display: Scenario name: UEDPIE_0_Map_VoxelPlugin_Scenario15; OpaqueVoxelCount: 17380; TransparentVoxelCount: 15388
[2025.05.08-10.47.57:658][472]LogVoxelMeshingProfiling: Display: Scenario name: UEDPIE_0_Map_VoxelPlugin_Scenario15; Voxel Model memory: 262144
[2025.05.08-10.47.57:658][472]LogVoxelMeshingProfiling: Display: Scenario name: UEDPIE_0_Map_VoxelPlugin_Scenario15; OpaqueVoxelCount: 17380; TransparentVoxelCount: 15388
[2025.05.08-10.47.57:658][472]LogVoxelMeshingProfiling: Display: Scenario name: UEDPIE_0_Map_VoxelPlugin_Scenario15; Voxel Model memory: 262144
[2025.05.08-10.47.57:658][472]LogVoxelMeshingProfiling: Display: Scenario name: UEDPIE_0_Map_VoxelPlugin_Scenario15; OpaqueVoxelCount: 17380; TransparentVoxelCount: 15388
[2025.05.08-10.47.57:732][473]LogVoxelMeshingProfiling: Display: Scenario name: Map_VoxelPlugin_Scenario15; Vertices: 55536
[2025.05.08-10.47.57:737][473]LogVoxelMeshingProfiling: Display: Scenario name: Map_VoxelPlugin_Scenario15; Vertices: 57672
[2025.05.08-10.47.57:766][473]LogVoxelMeshingProfiling: Display: Scenario name: Map_VoxelPlugin_Scenario15; Vertices: 57672
[2025.05.08-10.47.57:768][473]LogVoxelMeshingProfiling: Display: Scenario name: Map_VoxelPlugin_Scenario15; Vertices: 59808
[2025.05.08-10.47.57:793][474]LogVoxelMeshingProfiling: Display: Scenario name: Map_VoxelPlugin_Scenario15; Vertices: 59808
[2025.05.08-10.47.57:799][474]LogVoxelMeshingProfiling: Display: Scenario name: Map_VoxelPlugin_Scenario15; Vertices: 57672
[2025.05.08-10.47.57:838][475]LogVoxelMeshingProfiling: Display: Scenario name: Map_VoxelPlugin_Scenario15; Vertices: 57672
[2025.05.08-10.47.57:842][475]LogVoxelMeshingProfiling: Display: Scenario name: Map_VoxelPlugin_Scenario15; Vertices: 59808
[2025.05.08-10.47.57:986][480]LogVoxelMeshingProfiling: Display: Scenario name: Map_VoxelPlugin_Scenario15; Vertices: 59808
[2025.05.08-10.47.57:987][480]LogVoxelMeshingProfiling: Display: Scenario name: Map_VoxelPlugin_Scenario15; Vertices: 55536
[2025.05.08-10.47.58:058][483]LogVoxelMeshingProfiling: Display: Scenario name: Map_VoxelPlugin_Scenario15; Vertices: 53400
[2025.05.08-10.47.58:067][483]LogVoxelMeshingProfiling: Display: Scenario name: Map_VoxelPlugin_Scenario15; Vertices: 55536
[2025.05.08-10.47.58:089][484]LogVoxelMeshingProfiling: Display: Scenario name: Map_VoxelPlugin_Scenario15; Vertices: 57672
[2025.05.08-10.47.58:140][486]LogVoxelMeshingProfiling: Display: Scenario name: Map_VoxelPlugin_Scenario15; Vertices: 55536
[2025.05.08-10.47.58:143][486]LogVoxelMeshingProfiling: Display: Scenario name: Map_VoxelPlugin_Scenario15; Vertices: 57672
[2025.05.08-10.47.58:221][490]LogVoxelMeshingProfiling: Display: Scenario name: Map_VoxelPlugin_Scenario15; Vertices: 55536
[2025.05.08-10.47.58:227][491]LogVoxelMeshingProfiling: Display: Scenario name: Map_VoxelPlugin_Scenario15; Vertices: 57672
[2025.05.08-10.47.58:263][492]LogVoxelMeshingProfiling: Display: Scenario name: Map_VoxelPlugin_Scenario15; Vertices: 57672
[2025.05.08-10.47.58:369][499]LogVoxelMeshingProfiling: Display: Scenario name: Map_VoxelPlugin_Scenario15; Vertices: 57672
[2025.05.08-10.47.58:371][499]LogVoxelMeshingProfiling: Display: Scenario name: Map_VoxelPlugin_Scenario15; Vertices: 55536
[2025.05.08-10.47.58:405][501]LogVoxelMeshingProfiling: Display: Scenario name: Map_VoxelPlugin_Scenario15; Vertices: 59808
[2025.05.08-10.47.58:412][501]LogVoxelMeshingProfiling: Display: Scenario name: Map_VoxelPlugin_Scenario15; Vertices: 57672
[2025.05.08-10.47.58:483][505]LogVoxelMeshingProfiling: Display: Scenario name: Map_VoxelPlugin_Scenario15; Vertices: 57672
[2025.05.08-10.47.58:486][505]LogVoxelMeshingProfiling: Display: Scenario name: Map_VoxelPlugin_Scenario15; Vertices: 59808
[2025.05.08-10.47.58:523][508]LogVoxelMeshingProfiling: Display: Scenario name: Map_VoxelPlugin_Scenario15; Vertices: 57672
[2025.05.08-10.47.58:525][508]LogVoxelMeshingProfiling: Display: Scenario name: Map_VoxelPlugin_Scenario15; Vertices: 59808
[2025.05.08-10.47.58:565][510]LogVoxelMeshingProfiling: Display: Scenario name: Map_VoxelPlugin_Scenario15; Vertices: 59808
