[2025.05.08-14.00.06:811][676]LogVoxelMeshingProfiling: Display: Scenario name: UEDPIE_0_Map__Grid_Scenario16; Voxel Model memory: 262144
[2025.05.08-14.00.06:811][676]LogVoxelMeshingProfiling: Display: Scenario name: UEDPIE_0_Map__Grid_Scenario16; OpaqueVoxelCount: 16065; TransparentVoxelCount: 16703
[2025.05.08-14.00.06:827][676]LogVoxelMeshingProfiling: Display: Scenario name: UEDPIE_0_Map__Grid_Scenario16; Voxel Model memory: 262144
[2025.05.08-14.00.06:827][676]LogVoxelMeshingProfiling: Display: Scenario name: UEDPIE_0_Map__Grid_Scenario16; OpaqueVoxelCount: 16065; TransparentVoxelCount: 16703
[2025.05.08-14.00.06:827][676]LogVoxelMeshingProfiling: Display: Scenario name: UEDPIE_0_Map__Grid_Scenario16; Voxel Model memory: 262144
[2025.05.08-14.00.06:827][676]LogVoxelMeshingProfiling: Display: Scenario name: UEDPIE_0_Map__Grid_Scenario16; OpaqueVoxelCount: 16065; TransparentVoxelCount: 16703
[2025.05.08-14.00.06:830][676]LogVoxelMeshingProfiling: Display: Scenario name: UEDPIE_0_Map__Grid_Scenario16; Voxel Model memory: 262144
[2025.05.08-14.00.06:830][676]LogVoxelMeshingProfiling: Display: Scenario name: UEDPIE_0_Map__Grid_Scenario16; OpaqueVoxelCount: 16065; TransparentVoxelCount: 16703
[2025.05.08-14.00.06:830][676]LogVoxelMeshingProfiling: Display: Scenario name: UEDPIE_0_Map__Grid_Scenario16; Voxel Model memory: 262144
[2025.05.08-14.00.06:830][676]LogVoxelMeshingProfiling: Display: Scenario name: UEDPIE_0_Map__Grid_Scenario16; OpaqueVoxelCount: 16065; TransparentVoxelCount: 16703
[2025.05.08-14.00.06:833][676]LogVoxelMeshingProfiling: Display: Scenario name: UEDPIE_0_Map__Grid_Scenario16; Voxel Model memory: 262144
[2025.05.08-14.00.06:833][676]LogVoxelMeshingProfiling: Display: Scenario name: UEDPIE_0_Map__Grid_Scenario16; OpaqueVoxelCount: 16065; TransparentVoxelCount: 16703
[2025.05.08-14.00.06:834][676]LogVoxelMeshingProfiling: Display: Scenario name: UEDPIE_0_Map__Grid_Scenario16; Voxel Model memory: 262144
[2025.05.08-14.00.06:834][676]LogVoxelMeshingProfiling: Display: Scenario name: UEDPIE_0_Map__Grid_Scenario16; OpaqueVoxelCount: 16065; TransparentVoxelCount: 16703
[2025.05.08-14.00.06:844][676]LogVoxelMeshingProfiling: Display: Scenario name: UEDPIE_0_Map__Grid_Scenario16; Voxel Model memory: 262144
[2025.05.08-14.00.06:844][676]LogVoxelMeshingProfiling: Display: Scenario name: UEDPIE_0_Map__Grid_Scenario16; OpaqueVoxelCount: 16065; TransparentVoxelCount: 16703
[2025.05.08-14.00.06:844][676]LogVoxelMeshingProfiling: Display: Scenario name: UEDPIE_0_Map__Grid_Scenario16; Voxel Model memory: 262144
[2025.05.08-14.00.06:844][676]LogVoxelMeshingProfiling: Display: Scenario name: UEDPIE_0_Map__Grid_Scenario16; OpaqueVoxelCount: 16065; TransparentVoxelCount: 16703
[2025.05.08-14.00.06:845][676]LogVoxelMeshingProfiling: Display: Scenario name: UEDPIE_0_Map__Grid_Scenario16; Voxel Model memory: 262144
[2025.05.08-14.00.06:845][676]LogVoxelMeshingProfiling: Display: Scenario name: UEDPIE_0_Map__Grid_Scenario16; OpaqueVoxelCount: 16065; TransparentVoxelCount: 16703
[2025.05.08-14.00.06:848][676]LogVoxelMeshingProfiling: Display: Scenario name: UEDPIE_0_Map__Grid_Scenario16; Voxel Model memory: 262144
[2025.05.08-14.00.06:848][676]LogVoxelMeshingProfiling: Display: Scenario name: UEDPIE_0_Map__Grid_Scenario16; OpaqueVoxelCount: 16065; TransparentVoxelCount: 16703
[2025.05.08-14.00.06:851][676]LogVoxelMeshingProfiling: Display: Scenario name: UEDPIE_0_Map__Grid_Scenario16; Voxel Model memory: 262144
[2025.05.08-14.00.06:851][676]LogVoxelMeshingProfiling: Display: Scenario name: UEDPIE_0_Map__Grid_Scenario16; OpaqueVoxelCount: 16065; TransparentVoxelCount: 16703
[2025.05.08-14.00.06:851][676]LogVoxelMeshingProfiling: Display: Scenario name: UEDPIE_0_Map__Grid_Scenario16; Voxel Model memory: 262144
[2025.05.08-14.00.06:851][676]LogVoxelMeshingProfiling: Display: Scenario name: UEDPIE_0_Map__Grid_Scenario16; OpaqueVoxelCount: 16065; TransparentVoxelCount: 16703
[2025.05.08-14.00.06:851][676]LogVoxelMeshingProfiling: Display: Scenario name: UEDPIE_0_Map__Grid_Scenario16; Voxel Model memory: 262144
[2025.05.08-14.00.06:853][676]LogVoxelMeshingProfiling: Display: Scenario name: UEDPIE_0_Map__Grid_Scenario16; OpaqueVoxelCount: 16065; TransparentVoxelCount: 16703
[2025.05.08-14.00.06:861][676]LogVoxelMeshingProfiling: Display: Scenario name: UEDPIE_0_Map__Grid_Scenario16; Voxel Model memory: 262144
[2025.05.08-14.00.06:861][676]LogVoxelMeshingProfiling: Display: Scenario name: UEDPIE_0_Map__Grid_Scenario16; OpaqueVoxelCount: 16065; TransparentVoxelCount: 16703
[2025.05.08-14.00.06:861][676]LogVoxelMeshingProfiling: Display: Scenario name: UEDPIE_0_Map__Grid_Scenario16; Voxel Model memory: 262144
[2025.05.08-14.00.06:861][676]LogVoxelMeshingProfiling: Display: Scenario name: UEDPIE_0_Map__Grid_Scenario16; OpaqueVoxelCount: 16065; TransparentVoxelCount: 16703
[2025.05.08-14.00.06:861][676]LogVoxelMeshingProfiling: Display: Scenario name: UEDPIE_0_Map__Grid_Scenario16; Voxel Model memory: 262144
[2025.05.08-14.00.06:861][676]LogVoxelMeshingProfiling: Display: Scenario name: UEDPIE_0_Map__Grid_Scenario16; OpaqueVoxelCount: 16065; TransparentVoxelCount: 16703
[2025.05.08-14.00.06:862][676]LogVoxelMeshingProfiling: Display: Scenario name: UEDPIE_0_Map__Grid_Scenario16; Voxel Model memory: 262144
[2025.05.08-14.00.06:862][676]LogVoxelMeshingProfiling: Display: Scenario name: UEDPIE_0_Map__Grid_Scenario16; OpaqueVoxelCount: 16065; TransparentVoxelCount: 16703
[2025.05.08-14.00.06:868][676]LogVoxelMeshingProfiling: Display: Scenario name: UEDPIE_0_Map__Grid_Scenario16; Voxel Model memory: 262144
[2025.05.08-14.00.06:868][676]LogVoxelMeshingProfiling: Display: Scenario name: UEDPIE_0_Map__Grid_Scenario16; Voxel Model memory: 262144
[2025.05.08-14.00.06:868][676]LogVoxelMeshingProfiling: Display: Scenario name: UEDPIE_0_Map__Grid_Scenario16; OpaqueVoxelCount: 16065; TransparentVoxelCount: 16703
[2025.05.08-14.00.06:868][676]LogVoxelMeshingProfiling: Display: Scenario name: UEDPIE_0_Map__Grid_Scenario16; OpaqueVoxelCount: 16065; TransparentVoxelCount: 16703
[2025.05.08-14.00.06:868][676]LogVoxelMeshingProfiling: Display: Scenario name: UEDPIE_0_Map__Grid_Scenario16; Voxel Model memory: 262144
[2025.05.08-14.00.06:868][676]LogVoxelMeshingProfiling: Display: Scenario name: UEDPIE_0_Map__Grid_Scenario16; OpaqueVoxelCount: 16065; TransparentVoxelCount: 16703
[2025.05.08-14.00.06:878][676]LogVoxelMeshingProfiling: Display: Scenario name: UEDPIE_0_Map__Grid_Scenario16; Voxel Model memory: 262144
[2025.05.08-14.00.06:878][676]LogVoxelMeshingProfiling: Display: Scenario name: UEDPIE_0_Map__Grid_Scenario16; Voxel Model memory: 262144
[2025.05.08-14.00.06:878][676]LogVoxelMeshingProfiling: Display: Scenario name: UEDPIE_0_Map__Grid_Scenario16; OpaqueVoxelCount: 16065; TransparentVoxelCount: 16703
[2025.05.08-14.00.06:878][676]LogVoxelMeshingProfiling: Display: Scenario name: UEDPIE_0_Map__Grid_Scenario16; OpaqueVoxelCount: 16065; TransparentVoxelCount: 16703
[2025.05.08-14.00.06:878][676]LogVoxelMeshingProfiling: Display: Scenario name: UEDPIE_0_Map__Grid_Scenario16; Voxel Model memory: 262144
[2025.05.08-14.00.06:878][676]LogVoxelMeshingProfiling: Display: Scenario name: UEDPIE_0_Map__Grid_Scenario16; OpaqueVoxelCount: 16065; TransparentVoxelCount: 16703
[2025.05.08-14.00.06:879][676]LogVoxelMeshingProfiling: Display: Scenario name: UEDPIE_0_Map__Grid_Scenario16; Voxel Model memory: 262144
[2025.05.08-14.00.06:879][676]LogVoxelMeshingProfiling: Display: Scenario name: UEDPIE_0_Map__Grid_Scenario16; OpaqueVoxelCount: 16065; TransparentVoxelCount: 16703
[2025.05.08-14.00.06:882][676]LogVoxelMeshingProfiling: Display: Scenario name: UEDPIE_0_Map__Grid_Scenario16; Voxel Model memory: 262144
[2025.05.08-14.00.06:882][676]LogVoxelMeshingProfiling: Display: Scenario name: UEDPIE_0_Map__Grid_Scenario16; OpaqueVoxelCount: 16065; TransparentVoxelCount: 16703
[2025.05.08-14.00.06:882][676]LogVoxelMeshingProfiling: Display: Scenario name: UEDPIE_0_Map__Grid_Scenario16; Voxel Model memory: 262144
[2025.05.08-14.00.06:882][676]LogVoxelMeshingProfiling: Display: Scenario name: UEDPIE_0_Map__Grid_Scenario16; OpaqueVoxelCount: 16065; TransparentVoxelCount: 16703
[2025.05.08-14.00.06:923][677]LogVoxelMeshingProfiling: Display: Scenario name: UEDPIE_0_Map__Grid_Scenario16; Vertices: 80760
[2025.05.08-14.00.06:956][677]LogVoxelMeshingProfiling: Display: Scenario name: UEDPIE_0_Map__Grid_Scenario16; Vertices: 81268
[2025.05.08-14.00.06:991][677]LogVoxelMeshingProfiling: Display: Scenario name: UEDPIE_0_Map__Grid_Scenario16; Vertices: 81268
[2025.05.08-14.00.07:041][678]LogVoxelMeshingProfiling: Display: Scenario name: UEDPIE_0_Map__Grid_Scenario16; Vertices: 80592
[2025.05.08-14.00.07:107][681]LogVoxelMeshingProfiling: Display: Scenario name: UEDPIE_0_Map__Grid_Scenario16; Vertices: 80592
[2025.05.08-14.00.07:177][683]LogVoxelMeshingProfiling: Display: Scenario name: UEDPIE_0_Map__Grid_Scenario16; Vertices: 81268
[2025.05.08-14.00.07:226][685]LogVoxelMeshingProfiling: Display: Scenario name: UEDPIE_0_Map__Grid_Scenario16; Vertices: 80592
[2025.05.08-14.00.07:274][688]LogVoxelMeshingProfiling: Display: Scenario name: UEDPIE_0_Map__Grid_Scenario16; Vertices: 81776
[2025.05.08-14.00.07:318][690]LogVoxelMeshingProfiling: Display: Scenario name: UEDPIE_0_Map__Grid_Scenario16; Vertices: 81100
[2025.05.08-14.00.07:371][693]LogVoxelMeshingProfiling: Display: Scenario name: UEDPIE_0_Map__Grid_Scenario16; Vertices: 81776
[2025.05.08-14.00.07:422][696]LogVoxelMeshingProfiling: Display: Scenario name: UEDPIE_0_Map__Grid_Scenario16; Vertices: 81100
[2025.05.08-14.00.07:466][699]LogVoxelMeshingProfiling: Display: Scenario name: UEDPIE_0_Map__Grid_Scenario16; Vertices: 81100
[2025.05.08-14.00.07:512][701]LogVoxelMeshingProfiling: Display: Scenario name: UEDPIE_0_Map__Grid_Scenario16; Vertices: 81776
[2025.05.08-14.00.07:561][704]LogVoxelMeshingProfiling: Display: Scenario name: UEDPIE_0_Map__Grid_Scenario16; Vertices: 81100
[2025.05.08-14.00.07:611][706]LogVoxelMeshingProfiling: Display: Scenario name: UEDPIE_0_Map__Grid_Scenario16; Vertices: 80424
[2025.05.08-14.00.07:665][709]LogVoxelMeshingProfiling: Display: Scenario name: UEDPIE_0_Map__Grid_Scenario16; Vertices: 81100
[2025.05.08-14.00.07:713][712]LogVoxelMeshingProfiling: Display: Scenario name: UEDPIE_0_Map__Grid_Scenario16; Vertices: 80424
[2025.05.08-14.00.07:767][715]LogVoxelMeshingProfiling: Display: Scenario name: UEDPIE_0_Map__Grid_Scenario16; Vertices: 81100
[2025.05.08-14.00.07:811][717]LogVoxelMeshingProfiling: Display: Scenario name: UEDPIE_0_Map__Grid_Scenario16; Vertices: 80424
[2025.05.08-14.00.07:855][719]LogVoxelMeshingProfiling: Display: Scenario name: UEDPIE_0_Map__Grid_Scenario16; Vertices: 82284
[2025.05.08-14.00.07:909][721]LogVoxelMeshingProfiling: Display: Scenario name: UEDPIE_0_Map__Grid_Scenario16; Vertices: 81608
[2025.05.08-14.00.07:959][724]LogVoxelMeshingProfiling: Display: Scenario name: UEDPIE_0_Map__Grid_Scenario16; Vertices: 81608
[2025.05.08-14.00.08:007][727]LogVoxelMeshingProfiling: Display: Scenario name: UEDPIE_0_Map__Grid_Scenario16; Vertices: 80932
[2025.05.08-14.00.08:057][729]LogVoxelMeshingProfiling: Display: Scenario name: UEDPIE_0_Map__Grid_Scenario16; Vertices: 81608
[2025.05.08-14.00.08:102][732]LogVoxelMeshingProfiling: Display: Scenario name: UEDPIE_0_Map__Grid_Scenario16; Vertices: 80932
[2025.05.08-14.00.08:152][735]LogVoxelMeshingProfiling: Display: Scenario name: UEDPIE_0_Map__Grid_Scenario16; Vertices: 80932
[2025.05.08-14.00.08:199][737]LogVoxelMeshingProfiling: Display: Scenario name: UEDPIE_0_Map__Grid_Scenario16; Vertices: 80256
[2025.05.08-14.00.16:776][297]LogVoxelMeshingProfiling: Display: Scenario name: UEDPIE_0_Map_RLE_Scenario16; Voxel Model memory: 123804
[2025.05.08-14.00.16:784][297]LogVoxelMeshingProfiling: Display: Scenario name: UEDPIE_0_Map_RLE_Scenario16; Voxel Model memory: 123804
[2025.05.08-14.00.16:785][297]LogVoxelMeshingProfiling: Display: Scenario name: UEDPIE_0_Map_RLE_Scenario16; Voxel Model memory: 123804
[2025.05.08-14.00.16:785][297]LogVoxelMeshingProfiling: Display: Scenario name: UEDPIE_0_Map_RLE_Scenario16; Voxel Model memory: 123804
[2025.05.08-14.00.16:785][297]LogVoxelMeshingProfiling: Display: Scenario name: UEDPIE_0_Map_RLE_Scenario16; Voxel Model memory: 123804
[2025.05.08-14.00.16:788][297]LogVoxelMeshingProfiling: Display: Scenario name: UEDPIE_0_Map_RLE_Scenario16; Voxel Model memory: 123804
[2025.05.08-14.00.16:788][297]LogVoxelMeshingProfiling: Display: Scenario name: UEDPIE_0_Map_RLE_Scenario16; Voxel Model memory: 123804
[2025.05.08-14.00.16:797][297]LogVoxelMeshingProfiling: Display: Scenario name: UEDPIE_0_Map_RLE_Scenario16; Voxel Model memory: 123804
[2025.05.08-14.00.16:797][297]LogVoxelMeshingProfiling: Display: Scenario name: UEDPIE_0_Map_RLE_Scenario16; Voxel Model memory: 123804
[2025.05.08-14.00.16:797][297]LogVoxelMeshingProfiling: Display: Scenario name: UEDPIE_0_Map_RLE_Scenario16; Voxel Model memory: 123804
[2025.05.08-14.00.16:797][297]LogVoxelMeshingProfiling: Display: Scenario name: UEDPIE_0_Map_RLE_Scenario16; Voxel Model memory: 123804
[2025.05.08-14.00.16:802][297]LogVoxelMeshingProfiling: Display: Scenario name: UEDPIE_0_Map_RLE_Scenario16; Voxel Model memory: 123804
[2025.05.08-14.00.16:802][297]LogVoxelMeshingProfiling: Display: Scenario name: UEDPIE_0_Map_RLE_Scenario16; Voxel Model memory: 123804
[2025.05.08-14.00.16:803][297]LogVoxelMeshingProfiling: Display: Scenario name: UEDPIE_0_Map_RLE_Scenario16; Voxel Model memory: 123804
[2025.05.08-14.00.16:812][297]LogVoxelMeshingProfiling: Display: Scenario name: UEDPIE_0_Map_RLE_Scenario16; Voxel Model memory: 123804
[2025.05.08-14.00.16:813][297]LogVoxelMeshingProfiling: Display: Scenario name: UEDPIE_0_Map_RLE_Scenario16; Voxel Model memory: 123804
[2025.05.08-14.00.16:813][297]LogVoxelMeshingProfiling: Display: Scenario name: UEDPIE_0_Map_RLE_Scenario16; Voxel Model memory: 123804
[2025.05.08-14.00.16:813][297]LogVoxelMeshingProfiling: Display: Scenario name: UEDPIE_0_Map_RLE_Scenario16; Voxel Model memory: 123804
[2025.05.08-14.00.16:819][297]LogVoxelMeshingProfiling: Display: Scenario name: UEDPIE_0_Map_RLE_Scenario16; Voxel Model memory: 123804
[2025.05.08-14.00.16:819][297]LogVoxelMeshingProfiling: Display: Scenario name: UEDPIE_0_Map_RLE_Scenario16; Voxel Model memory: 123804
[2025.05.08-14.00.16:819][297]LogVoxelMeshingProfiling: Display: Scenario name: UEDPIE_0_Map_RLE_Scenario16; Voxel Model memory: 123804
[2025.05.08-14.00.16:828][298]LogVoxelMeshingProfiling: Display: Scenario name: UEDPIE_0_Map_RLE_Scenario16; Voxel Model memory: 123804
[2025.05.08-14.00.16:828][298]LogVoxelMeshingProfiling: Display: Scenario name: UEDPIE_0_Map_RLE_Scenario16; Voxel Model memory: 123804
[2025.05.08-14.00.16:828][298]LogVoxelMeshingProfiling: Display: Scenario name: UEDPIE_0_Map_RLE_Scenario16; Voxel Model memory: 123804
[2025.05.08-14.00.16:829][298]LogVoxelMeshingProfiling: Display: Scenario name: UEDPIE_0_Map_RLE_Scenario16; Voxel Model memory: 123804
[2025.05.08-14.00.16:832][298]LogVoxelMeshingProfiling: Display: Scenario name: UEDPIE_0_Map_RLE_Scenario16; Voxel Model memory: 123804
[2025.05.08-14.00.16:832][298]LogVoxelMeshingProfiling: Display: Scenario name: UEDPIE_0_Map_RLE_Scenario16; Voxel Model memory: 123804
[2025.05.08-14.00.16:854][298]LogVoxelMeshingProfiling: Display: Scenario name: UEDPIE_0_Map_RLE_Scenario16; Vertices: 124808
[2025.05.08-14.00.16:875][298]LogVoxelMeshingProfiling: Display: Scenario name: UEDPIE_0_Map_RLE_Scenario16; Vertices: 124808
[2025.05.08-14.00.16:899][298]LogVoxelMeshingProfiling: Display: Scenario name: UEDPIE_0_Map_RLE_Scenario16; Vertices: 124808
[2025.05.08-14.00.16:925][299]LogVoxelMeshingProfiling: Display: Scenario name: UEDPIE_0_Map_RLE_Scenario16; Vertices: 124808
[2025.05.08-14.00.16:961][300]LogVoxelMeshingProfiling: Display: Scenario name: UEDPIE_0_Map_RLE_Scenario16; Vertices: 124808
[2025.05.08-14.00.16:999][301]LogVoxelMeshingProfiling: Display: Scenario name: UEDPIE_0_Map_RLE_Scenario16; Vertices: 124808
[2025.05.08-14.00.17:047][301]LogVoxelMeshingProfiling: Display: Scenario name: UEDPIE_0_Map_RLE_Scenario16; Vertices: 124808
[2025.05.08-14.00.17:071][301]LogVoxelMeshingProfiling: Display: Scenario name: UEDPIE_0_Map_RLE_Scenario16; Vertices: 124808
[2025.05.08-14.00.17:105][301]LogVoxelMeshingProfiling: Display: Scenario name: UEDPIE_0_Map_RLE_Scenario16; Vertices: 124808
[2025.05.08-14.00.17:139][302]LogVoxelMeshingProfiling: Display: Scenario name: UEDPIE_0_Map_RLE_Scenario16; Vertices: 124808
[2025.05.08-14.00.17:187][303]LogVoxelMeshingProfiling: Display: Scenario name: UEDPIE_0_Map_RLE_Scenario16; Vertices: 124808
[2025.05.08-14.00.17:233][304]LogVoxelMeshingProfiling: Display: Scenario name: UEDPIE_0_Map_RLE_Scenario16; Vertices: 124808
[2025.05.08-14.00.17:271][305]LogVoxelMeshingProfiling: Display: Scenario name: UEDPIE_0_Map_RLE_Scenario16; Vertices: 124808
[2025.05.08-14.00.17:308][305]LogVoxelMeshingProfiling: Display: Scenario name: UEDPIE_0_Map_RLE_Scenario16; Vertices: 124808
[2025.05.08-14.00.17:339][305]LogVoxelMeshingProfiling: Display: Scenario name: UEDPIE_0_Map_RLE_Scenario16; Vertices: 124808
[2025.05.08-14.00.17:387][307]LogVoxelMeshingProfiling: Display: Scenario name: UEDPIE_0_Map_RLE_Scenario16; Vertices: 124808
[2025.05.08-14.00.17:419][307]LogVoxelMeshingProfiling: Display: Scenario name: UEDPIE_0_Map_RLE_Scenario16; Vertices: 124808
[2025.05.08-14.00.17:455][309]LogVoxelMeshingProfiling: Display: Scenario name: UEDPIE_0_Map_RLE_Scenario16; Vertices: 124808
[2025.05.08-14.00.17:493][310]LogVoxelMeshingProfiling: Display: Scenario name: UEDPIE_0_Map_RLE_Scenario16; Vertices: 124808
[2025.05.08-14.00.17:529][310]LogVoxelMeshingProfiling: Display: Scenario name: UEDPIE_0_Map_RLE_Scenario16; Vertices: 124808
[2025.05.08-14.00.17:566][311]LogVoxelMeshingProfiling: Display: Scenario name: UEDPIE_0_Map_RLE_Scenario16; Vertices: 124808
[2025.05.08-14.00.17:601][311]LogVoxelMeshingProfiling: Display: Scenario name: UEDPIE_0_Map_RLE_Scenario16; Vertices: 124808
[2025.05.08-14.00.17:657][312]LogVoxelMeshingProfiling: Display: Scenario name: UEDPIE_0_Map_RLE_Scenario16; Vertices: 124808
[2025.05.08-14.00.17:685][313]LogVoxelMeshingProfiling: Display: Scenario name: UEDPIE_0_Map_RLE_Scenario16; Vertices: 124808
[2025.05.08-14.00.17:710][313]LogVoxelMeshingProfiling: Display: Scenario name: UEDPIE_0_Map_RLE_Scenario16; Vertices: 124808
[2025.05.08-14.00.17:758][314]LogVoxelMeshingProfiling: Display: Scenario name: UEDPIE_0_Map_RLE_Scenario16; Vertices: 124808
[2025.05.08-14.00.17:791][314]LogVoxelMeshingProfiling: Display: Scenario name: UEDPIE_0_Map_RLE_Scenario16; Vertices: 124808
[2025.05.08-14.00.24:748][655]LogVoxelMeshingProfiling: Display: Scenario name: UEDPIE_0_Map_VoxelPlugin_Scenario16; Voxel Model memory: 262144
[2025.05.08-14.00.24:748][655]LogVoxelMeshingProfiling: Display: Scenario name: UEDPIE_0_Map_VoxelPlugin_Scenario16; OpaqueVoxelCount: 16065; TransparentVoxelCount: 16703
[2025.05.08-14.00.24:757][655]LogVoxelMeshingProfiling: Display: Scenario name: UEDPIE_0_Map_VoxelPlugin_Scenario16; Voxel Model memory: 262144
[2025.05.08-14.00.24:757][655]LogVoxelMeshingProfiling: Display: Scenario name: UEDPIE_0_Map_VoxelPlugin_Scenario16; OpaqueVoxelCount: 16065; TransparentVoxelCount: 16703
[2025.05.08-14.00.24:757][655]LogVoxelMeshingProfiling: Display: Scenario name: UEDPIE_0_Map_VoxelPlugin_Scenario16; Voxel Model memory: 262144
[2025.05.08-14.00.24:757][655]LogVoxelMeshingProfiling: Display: Scenario name: UEDPIE_0_Map_VoxelPlugin_Scenario16; OpaqueVoxelCount: 16065; TransparentVoxelCount: 16703
[2025.05.08-14.00.24:758][655]LogVoxelMeshingProfiling: Display: Scenario name: UEDPIE_0_Map_VoxelPlugin_Scenario16; Voxel Model memory: 262144
[2025.05.08-14.00.24:758][655]LogVoxelMeshingProfiling: Display: Scenario name: UEDPIE_0_Map_VoxelPlugin_Scenario16; OpaqueVoxelCount: 16065; TransparentVoxelCount: 16703
[2025.05.08-14.00.24:759][655]LogVoxelMeshingProfiling: Display: Scenario name: UEDPIE_0_Map_VoxelPlugin_Scenario16; Voxel Model memory: 262144
[2025.05.08-14.00.24:759][655]LogVoxelMeshingProfiling: Display: Scenario name: UEDPIE_0_Map_VoxelPlugin_Scenario16; OpaqueVoxelCount: 16065; TransparentVoxelCount: 16703
[2025.05.08-14.00.24:762][655]LogVoxelMeshingProfiling: Display: Scenario name: UEDPIE_0_Map_VoxelPlugin_Scenario16; Voxel Model memory: 262144
[2025.05.08-14.00.24:762][655]LogVoxelMeshingProfiling: Display: Scenario name: UEDPIE_0_Map_VoxelPlugin_Scenario16; OpaqueVoxelCount: 16065; TransparentVoxelCount: 16703
[2025.05.08-14.00.24:762][655]LogVoxelMeshingProfiling: Display: Scenario name: UEDPIE_0_Map_VoxelPlugin_Scenario16; Voxel Model memory: 262144
[2025.05.08-14.00.24:762][655]LogVoxelMeshingProfiling: Display: Scenario name: UEDPIE_0_Map_VoxelPlugin_Scenario16; OpaqueVoxelCount: 16065; TransparentVoxelCount: 16703
[2025.05.08-14.00.24:769][655]LogVoxelMeshingProfiling: Display: Scenario name: UEDPIE_0_Map_VoxelPlugin_Scenario16; Voxel Model memory: 262144
[2025.05.08-14.00.24:770][655]LogVoxelMeshingProfiling: Display: Scenario name: UEDPIE_0_Map_VoxelPlugin_Scenario16; OpaqueVoxelCount: 16065; TransparentVoxelCount: 16703
[2025.05.08-14.00.24:770][655]LogVoxelMeshingProfiling: Display: Scenario name: UEDPIE_0_Map_VoxelPlugin_Scenario16; Voxel Model memory: 262144
[2025.05.08-14.00.24:770][655]LogVoxelMeshingProfiling: Display: Scenario name: UEDPIE_0_Map_VoxelPlugin_Scenario16; OpaqueVoxelCount: 16065; TransparentVoxelCount: 16703
[2025.05.08-14.00.24:771][655]LogVoxelMeshingProfiling: Display: Scenario name: UEDPIE_0_Map_VoxelPlugin_Scenario16; Voxel Model memory: 262144
[2025.05.08-14.00.24:771][655]LogVoxelMeshingProfiling: Display: Scenario name: UEDPIE_0_Map_VoxelPlugin_Scenario16; OpaqueVoxelCount: 16065; TransparentVoxelCount: 16703
[2025.05.08-14.00.24:771][655]LogVoxelMeshingProfiling: Display: Scenario name: UEDPIE_0_Map_VoxelPlugin_Scenario16; Voxel Model memory: 262144
[2025.05.08-14.00.24:771][655]LogVoxelMeshingProfiling: Display: Scenario name: UEDPIE_0_Map_VoxelPlugin_Scenario16; OpaqueVoxelCount: 16065; TransparentVoxelCount: 16703
[2025.05.08-14.00.24:775][655]LogVoxelMeshingProfiling: Display: Scenario name: UEDPIE_0_Map_VoxelPlugin_Scenario16; Voxel Model memory: 262144
[2025.05.08-14.00.24:776][655]LogVoxelMeshingProfiling: Display: Scenario name: UEDPIE_0_Map_VoxelPlugin_Scenario16; OpaqueVoxelCount: 16065; TransparentVoxelCount: 16703
[2025.05.08-14.00.24:776][655]LogVoxelMeshingProfiling: Display: Scenario name: UEDPIE_0_Map_VoxelPlugin_Scenario16; Voxel Model memory: 262144
[2025.05.08-14.00.24:776][655]LogVoxelMeshingProfiling: Display: Scenario name: UEDPIE_0_Map_VoxelPlugin_Scenario16; OpaqueVoxelCount: 16065; TransparentVoxelCount: 16703
[2025.05.08-14.00.24:776][655]LogVoxelMeshingProfiling: Display: Scenario name: UEDPIE_0_Map_VoxelPlugin_Scenario16; Voxel Model memory: 262144
[2025.05.08-14.00.24:776][655]LogVoxelMeshingProfiling: Display: Scenario name: UEDPIE_0_Map_VoxelPlugin_Scenario16; OpaqueVoxelCount: 16065; TransparentVoxelCount: 16703
[2025.05.08-14.00.24:784][655]LogVoxelMeshingProfiling: Display: Scenario name: UEDPIE_0_Map_VoxelPlugin_Scenario16; Voxel Model memory: 262144
[2025.05.08-14.00.24:784][655]LogVoxelMeshingProfiling: Display: Scenario name: UEDPIE_0_Map_VoxelPlugin_Scenario16; Voxel Model memory: 262144
[2025.05.08-14.00.24:784][655]LogVoxelMeshingProfiling: Display: Scenario name: UEDPIE_0_Map_VoxelPlugin_Scenario16; OpaqueVoxelCount: 16065; TransparentVoxelCount: 16703
[2025.05.08-14.00.24:784][655]LogVoxelMeshingProfiling: Display: Scenario name: UEDPIE_0_Map_VoxelPlugin_Scenario16; OpaqueVoxelCount: 16065; TransparentVoxelCount: 16703
[2025.05.08-14.00.24:784][655]LogVoxelMeshingProfiling: Display: Scenario name: UEDPIE_0_Map_VoxelPlugin_Scenario16; Voxel Model memory: 262144
[2025.05.08-14.00.24:784][655]LogVoxelMeshingProfiling: Display: Scenario name: UEDPIE_0_Map_VoxelPlugin_Scenario16; OpaqueVoxelCount: 16065; TransparentVoxelCount: 16703
[2025.05.08-14.00.24:784][655]LogVoxelMeshingProfiling: Display: Scenario name: UEDPIE_0_Map_VoxelPlugin_Scenario16; Voxel Model memory: 262144
[2025.05.08-14.00.24:784][655]LogVoxelMeshingProfiling: Display: Scenario name: UEDPIE_0_Map_VoxelPlugin_Scenario16; OpaqueVoxelCount: 16065; TransparentVoxelCount: 16703
[2025.05.08-14.00.24:789][655]LogVoxelMeshingProfiling: Display: Scenario name: UEDPIE_0_Map_VoxelPlugin_Scenario16; Voxel Model memory: 262144
[2025.05.08-14.00.24:789][655]LogVoxelMeshingProfiling: Display: Scenario name: UEDPIE_0_Map_VoxelPlugin_Scenario16; OpaqueVoxelCount: 16065; TransparentVoxelCount: 16703
[2025.05.08-14.00.24:789][655]LogVoxelMeshingProfiling: Display: Scenario name: UEDPIE_0_Map_VoxelPlugin_Scenario16; Voxel Model memory: 262144
[2025.05.08-14.00.24:789][655]LogVoxelMeshingProfiling: Display: Scenario name: UEDPIE_0_Map_VoxelPlugin_Scenario16; Voxel Model memory: 262144
[2025.05.08-14.00.24:789][655]LogVoxelMeshingProfiling: Display: Scenario name: UEDPIE_0_Map_VoxelPlugin_Scenario16; OpaqueVoxelCount: 16065; TransparentVoxelCount: 16703
[2025.05.08-14.00.24:789][655]LogVoxelMeshingProfiling: Display: Scenario name: UEDPIE_0_Map_VoxelPlugin_Scenario16; OpaqueVoxelCount: 16065; TransparentVoxelCount: 16703
[2025.05.08-14.00.24:798][655]LogVoxelMeshingProfiling: Display: Scenario name: UEDPIE_0_Map_VoxelPlugin_Scenario16; Voxel Model memory: 262144
[2025.05.08-14.00.24:798][655]LogVoxelMeshingProfiling: Display: Scenario name: UEDPIE_0_Map_VoxelPlugin_Scenario16; OpaqueVoxelCount: 16065; TransparentVoxelCount: 16703
[2025.05.08-14.00.24:798][655]LogVoxelMeshingProfiling: Display: Scenario name: UEDPIE_0_Map_VoxelPlugin_Scenario16; Voxel Model memory: 262144
[2025.05.08-14.00.24:798][655]LogVoxelMeshingProfiling: Display: Scenario name: UEDPIE_0_Map_VoxelPlugin_Scenario16; OpaqueVoxelCount: 16065; TransparentVoxelCount: 16703
[2025.05.08-14.00.24:798][655]LogVoxelMeshingProfiling: Display: Scenario name: UEDPIE_0_Map_VoxelPlugin_Scenario16; Voxel Model memory: 262144
[2025.05.08-14.00.24:798][655]LogVoxelMeshingProfiling: Display: Scenario name: UEDPIE_0_Map_VoxelPlugin_Scenario16; OpaqueVoxelCount: 16065; TransparentVoxelCount: 16703
[2025.05.08-14.00.24:798][655]LogVoxelMeshingProfiling: Display: Scenario name: UEDPIE_0_Map_VoxelPlugin_Scenario16; Voxel Model memory: 262144
[2025.05.08-14.00.24:798][655]LogVoxelMeshingProfiling: Display: Scenario name: UEDPIE_0_Map_VoxelPlugin_Scenario16; OpaqueVoxelCount: 16065; TransparentVoxelCount: 16703
[2025.05.08-14.00.24:800][655]LogVoxelMeshingProfiling: Display: Scenario name: UEDPIE_0_Map_VoxelPlugin_Scenario16; Voxel Model memory: 262144
[2025.05.08-14.00.24:800][655]LogVoxelMeshingProfiling: Display: Scenario name: UEDPIE_0_Map_VoxelPlugin_Scenario16; OpaqueVoxelCount: 16065; TransparentVoxelCount: 16703
[2025.05.08-14.00.24:800][655]LogVoxelMeshingProfiling: Display: Scenario name: UEDPIE_0_Map_VoxelPlugin_Scenario16; Voxel Model memory: 262144
[2025.05.08-14.00.24:801][655]LogVoxelMeshingProfiling: Display: Scenario name: UEDPIE_0_Map_VoxelPlugin_Scenario16; OpaqueVoxelCount: 16065; TransparentVoxelCount: 16703
[2025.05.08-14.00.24:892][656]LogVoxelMeshingProfiling: Display: Scenario name: Map_VoxelPlugin_Scenario16; Vertices: 120820
[2025.05.08-14.00.24:894][656]LogVoxelMeshingProfiling: Display: Scenario name: Map_VoxelPlugin_Scenario16; Vertices: 121736
[2025.05.08-14.00.24:933][656]LogVoxelMeshingProfiling: Display: Scenario name: Map_VoxelPlugin_Scenario16; Vertices: 122652
[2025.05.08-14.00.24:934][656]LogVoxelMeshingProfiling: Display: Scenario name: Map_VoxelPlugin_Scenario16; Vertices: 121736
[2025.05.08-14.00.24:981][658]LogVoxelMeshingProfiling: Display: Scenario name: Map_VoxelPlugin_Scenario16; Vertices: 122652
[2025.05.08-14.00.24:982][658]LogVoxelMeshingProfiling: Display: Scenario name: Map_VoxelPlugin_Scenario16; Vertices: 121736
[2025.05.08-14.00.25:228][667]LogVoxelMeshingProfiling: Display: Scenario name: Map_VoxelPlugin_Scenario16; Vertices: 121736
[2025.05.08-14.00.25:281][668]LogVoxelMeshingProfiling: Display: Scenario name: Map_VoxelPlugin_Scenario16; Vertices: 122652
[2025.05.08-14.00.25:307][669]LogVoxelMeshingProfiling: Display: Scenario name: Map_VoxelPlugin_Scenario16; Vertices: 122652
[2025.05.08-14.00.25:326][670]LogVoxelMeshingProfiling: Display: Scenario name: Map_VoxelPlugin_Scenario16; Vertices: 120820
[2025.05.08-14.00.25:372][673]LogVoxelMeshingProfiling: Display: Scenario name: Map_VoxelPlugin_Scenario16; Vertices: 119904
[2025.05.08-14.00.25:454][677]LogVoxelMeshingProfiling: Display: Scenario name: Map_VoxelPlugin_Scenario16; Vertices: 120820
[2025.05.08-14.00.25:496][679]LogVoxelMeshingProfiling: Display: Scenario name: Map_VoxelPlugin_Scenario16; Vertices: 121736
[2025.05.08-14.00.25:543][682]LogVoxelMeshingProfiling: Display: Scenario name: Map_VoxelPlugin_Scenario16; Vertices: 120820
[2025.05.08-14.00.25:571][683]LogVoxelMeshingProfiling: Display: Scenario name: Map_VoxelPlugin_Scenario16; Vertices: 121736
[2025.05.08-14.00.25:634][687]LogVoxelMeshingProfiling: Display: Scenario name: Map_VoxelPlugin_Scenario16; Vertices: 120820
[2025.05.08-14.00.25:683][690]LogVoxelMeshingProfiling: Display: Scenario name: Map_VoxelPlugin_Scenario16; Vertices: 121736
[2025.05.08-14.00.25:710][692]LogVoxelMeshingProfiling: Display: Scenario name: Map_VoxelPlugin_Scenario16; Vertices: 121736
[2025.05.08-14.00.25:869][701]LogVoxelMeshingProfiling: Display: Scenario name: Map_VoxelPlugin_Scenario16; Vertices: 121736
[2025.05.08-14.00.25:872][702]LogVoxelMeshingProfiling: Display: Scenario name: Map_VoxelPlugin_Scenario16; Vertices: 120820
[2025.05.08-14.00.25:921][704]LogVoxelMeshingProfiling: Display: Scenario name: Map_VoxelPlugin_Scenario16; Vertices: 122652
[2025.05.08-14.00.25:953][706]LogVoxelMeshingProfiling: Display: Scenario name: Map_VoxelPlugin_Scenario16; Vertices: 121736
[2025.05.08-14.00.26:074][713]LogVoxelMeshingProfiling: Display: Scenario name: Map_VoxelPlugin_Scenario16; Vertices: 121736
[2025.05.08-14.00.26:086][714]LogVoxelMeshingProfiling: Display: Scenario name: Map_VoxelPlugin_Scenario16; Vertices: 122652
[2025.05.08-14.00.26:133][716]LogVoxelMeshingProfiling: Display: Scenario name: Map_VoxelPlugin_Scenario16; Vertices: 121736
[2025.05.08-14.00.26:151][717]LogVoxelMeshingProfiling: Display: Scenario name: Map_VoxelPlugin_Scenario16; Vertices: 122652
[2025.05.08-14.00.26:268][724]LogVoxelMeshingProfiling: Display: Scenario name: Map_VoxelPlugin_Scenario16; Vertices: 122652
