[2025.05.08-13.52.40:113][466]LogVoxelMeshingProfiling: Display: Scenario name: UEDPIE_0_Map_Grid_Scenario17; Voxel Model memory: 262144
[2025.05.08-13.52.40:113][466]LogVoxelMeshingProfiling: Display: Scenario name: UEDPIE_0_Map_Grid_Scenario17; OpaqueVoxelCount: 16384; TransparentVoxelCount: 16384
[2025.05.08-13.52.40:119][466]LogVoxelMeshingProfiling: Display: Scenario name: UEDPIE_0_Map_Grid_Scenario17; Voxel Model memory: 262144
[2025.05.08-13.52.40:119][466]LogVoxelMeshingProfiling: Display: Scenario name: UEDPIE_0_Map_Grid_Scenario17; OpaqueVoxelCount: 16384; TransparentVoxelCount: 16384
[2025.05.08-13.52.40:119][466]LogVoxelMeshingProfiling: Display: Scenario name: UEDPIE_0_Map_Grid_Scenario17; Voxel Model memory: 262144
[2025.05.08-13.52.40:119][466]LogVoxelMeshingProfiling: Display: Scenario name: UEDPIE_0_Map_Grid_Scenario17; OpaqueVoxelCount: 16384; TransparentVoxelCount: 16384
[2025.05.08-13.52.40:120][466]LogVoxelMeshingProfiling: Display: Scenario name: UEDPIE_0_Map_Grid_Scenario17; Voxel Model memory: 262144
[2025.05.08-13.52.40:121][466]LogVoxelMeshingProfiling: Display: Scenario name: UEDPIE_0_Map_Grid_Scenario17; OpaqueVoxelCount: 16384; TransparentVoxelCount: 16384
[2025.05.08-13.52.40:121][466]LogVoxelMeshingProfiling: Display: Scenario name: UEDPIE_0_Map_Grid_Scenario17; Voxel Model memory: 262144
[2025.05.08-13.52.40:121][466]LogVoxelMeshingProfiling: Display: Scenario name: UEDPIE_0_Map_Grid_Scenario17; OpaqueVoxelCount: 16384; TransparentVoxelCount: 16384
[2025.05.08-13.52.40:122][466]LogVoxelMeshingProfiling: Display: Scenario name: UEDPIE_0_Map_Grid_Scenario17; Voxel Model memory: 262144
[2025.05.08-13.52.40:122][466]LogVoxelMeshingProfiling: Display: Scenario name: UEDPIE_0_Map_Grid_Scenario17; OpaqueVoxelCount: 16384; TransparentVoxelCount: 16384
[2025.05.08-13.52.40:122][466]LogVoxelMeshingProfiling: Display: Scenario name: UEDPIE_0_Map_Grid_Scenario17; Voxel Model memory: 262144
[2025.05.08-13.52.40:122][466]LogVoxelMeshingProfiling: Display: Scenario name: UEDPIE_0_Map_Grid_Scenario17; OpaqueVoxelCount: 16384; TransparentVoxelCount: 16384
[2025.05.08-13.52.40:128][466]LogVoxelMeshingProfiling: Display: Scenario name: UEDPIE_0_Map_Grid_Scenario17; Voxel Model memory: 262144
[2025.05.08-13.52.40:128][466]LogVoxelMeshingProfiling: Display: Scenario name: UEDPIE_0_Map_Grid_Scenario17; OpaqueVoxelCount: 16384; TransparentVoxelCount: 16384
[2025.05.08-13.52.40:129][466]LogVoxelMeshingProfiling: Display: Scenario name: UEDPIE_0_Map_Grid_Scenario17; Voxel Model memory: 262144
[2025.05.08-13.52.40:129][466]LogVoxelMeshingProfiling: Display: Scenario name: UEDPIE_0_Map_Grid_Scenario17; OpaqueVoxelCount: 16384; TransparentVoxelCount: 16384
[2025.05.08-13.52.40:129][466]LogVoxelMeshingProfiling: Display: Scenario name: UEDPIE_0_Map_Grid_Scenario17; Voxel Model memory: 262144
[2025.05.08-13.52.40:129][466]LogVoxelMeshingProfiling: Display: Scenario name: UEDPIE_0_Map_Grid_Scenario17; OpaqueVoxelCount: 16384; TransparentVoxelCount: 16384
[2025.05.08-13.52.40:130][466]LogVoxelMeshingProfiling: Display: Scenario name: UEDPIE_0_Map_Grid_Scenario17; Voxel Model memory: 262144
[2025.05.08-13.52.40:130][466]LogVoxelMeshingProfiling: Display: Scenario name: UEDPIE_0_Map_Grid_Scenario17; OpaqueVoxelCount: 16384; TransparentVoxelCount: 16384
[2025.05.08-13.52.40:132][466]LogVoxelMeshingProfiling: Display: Scenario name: UEDPIE_0_Map_Grid_Scenario17; Voxel Model memory: 262144
[2025.05.08-13.52.40:132][466]LogVoxelMeshingProfiling: Display: Scenario name: UEDPIE_0_Map_Grid_Scenario17; OpaqueVoxelCount: 16384; TransparentVoxelCount: 16384
[2025.05.08-13.52.40:133][466]LogVoxelMeshingProfiling: Display: Scenario name: UEDPIE_0_Map_Grid_Scenario17; Voxel Model memory: 262144
[2025.05.08-13.52.40:133][466]LogVoxelMeshingProfiling: Display: Scenario name: UEDPIE_0_Map_Grid_Scenario17; OpaqueVoxelCount: 16384; TransparentVoxelCount: 16384
[2025.05.08-13.52.40:133][466]LogVoxelMeshingProfiling: Display: Scenario name: UEDPIE_0_Map_Grid_Scenario17; Voxel Model memory: 262144
[2025.05.08-13.52.40:133][466]LogVoxelMeshingProfiling: Display: Scenario name: UEDPIE_0_Map_Grid_Scenario17; OpaqueVoxelCount: 16384; TransparentVoxelCount: 16384
[2025.05.08-13.52.40:139][466]LogVoxelMeshingProfiling: Display: Scenario name: UEDPIE_0_Map_Grid_Scenario17; Voxel Model memory: 262144
[2025.05.08-13.52.40:139][466]LogVoxelMeshingProfiling: Display: Scenario name: UEDPIE_0_Map_Grid_Scenario17; OpaqueVoxelCount: 16384; TransparentVoxelCount: 16384
[2025.05.08-13.52.40:139][466]LogVoxelMeshingProfiling: Display: Scenario name: UEDPIE_0_Map_Grid_Scenario17; Voxel Model memory: 262144
[2025.05.08-13.52.40:139][466]LogVoxelMeshingProfiling: Display: Scenario name: UEDPIE_0_Map_Grid_Scenario17; OpaqueVoxelCount: 16384; TransparentVoxelCount: 16384
[2025.05.08-13.52.40:140][466]LogVoxelMeshingProfiling: Display: Scenario name: UEDPIE_0_Map_Grid_Scenario17; Voxel Model memory: 262144
[2025.05.08-13.52.40:140][466]LogVoxelMeshingProfiling: Display: Scenario name: UEDPIE_0_Map_Grid_Scenario17; OpaqueVoxelCount: 16384; TransparentVoxelCount: 16384
[2025.05.08-13.52.40:140][466]LogVoxelMeshingProfiling: Display: Scenario name: UEDPIE_0_Map_Grid_Scenario17; Voxel Model memory: 262144
[2025.05.08-13.52.40:140][466]LogVoxelMeshingProfiling: Display: Scenario name: UEDPIE_0_Map_Grid_Scenario17; OpaqueVoxelCount: 16384; TransparentVoxelCount: 16384
[2025.05.08-13.52.40:143][466]LogVoxelMeshingProfiling: Display: Scenario name: UEDPIE_0_Map_Grid_Scenario17; Voxel Model memory: 262144
[2025.05.08-13.52.40:143][466]LogVoxelMeshingProfiling: Display: Scenario name: UEDPIE_0_Map_Grid_Scenario17; OpaqueVoxelCount: 16384; TransparentVoxelCount: 16384
[2025.05.08-13.52.40:143][466]LogVoxelMeshingProfiling: Display: Scenario name: UEDPIE_0_Map_Grid_Scenario17; Voxel Model memory: 262144
[2025.05.08-13.52.40:143][466]LogVoxelMeshingProfiling: Display: Scenario name: UEDPIE_0_Map_Grid_Scenario17; Voxel Model memory: 262144
[2025.05.08-13.52.40:143][466]LogVoxelMeshingProfiling: Display: Scenario name: UEDPIE_0_Map_Grid_Scenario17; OpaqueVoxelCount: 16384; TransparentVoxelCount: 16384
[2025.05.08-13.52.40:143][466]LogVoxelMeshingProfiling: Display: Scenario name: UEDPIE_0_Map_Grid_Scenario17; OpaqueVoxelCount: 16384; TransparentVoxelCount: 16384
[2025.05.08-13.52.40:151][466]LogVoxelMeshingProfiling: Display: Scenario name: UEDPIE_0_Map_Grid_Scenario17; Voxel Model memory: 262144
[2025.05.08-13.52.40:151][466]LogVoxelMeshingProfiling: Display: Scenario name: UEDPIE_0_Map_Grid_Scenario17; OpaqueVoxelCount: 16384; TransparentVoxelCount: 16384
[2025.05.08-13.52.40:151][466]LogVoxelMeshingProfiling: Display: Scenario name: UEDPIE_0_Map_Grid_Scenario17; Voxel Model memory: 262144
[2025.05.08-13.52.40:151][466]LogVoxelMeshingProfiling: Display: Scenario name: UEDPIE_0_Map_Grid_Scenario17; OpaqueVoxelCount: 16384; TransparentVoxelCount: 16384
[2025.05.08-13.52.40:151][466]LogVoxelMeshingProfiling: Display: Scenario name: UEDPIE_0_Map_Grid_Scenario17; Voxel Model memory: 262144
[2025.05.08-13.52.40:151][466]LogVoxelMeshingProfiling: Display: Scenario name: UEDPIE_0_Map_Grid_Scenario17; OpaqueVoxelCount: 16384; TransparentVoxelCount: 16384
[2025.05.08-13.52.40:151][466]LogVoxelMeshingProfiling: Display: Scenario name: UEDPIE_0_Map_Grid_Scenario17; Voxel Model memory: 262144
[2025.05.08-13.52.40:152][466]LogVoxelMeshingProfiling: Display: Scenario name: UEDPIE_0_Map_Grid_Scenario17; OpaqueVoxelCount: 16384; TransparentVoxelCount: 16384
[2025.05.08-13.52.40:152][466]LogVoxelMeshingProfiling: Display: Scenario name: UEDPIE_0_Map_Grid_Scenario17; Voxel Model memory: 262144
[2025.05.08-13.52.40:152][466]LogVoxelMeshingProfiling: Display: Scenario name: UEDPIE_0_Map_Grid_Scenario17; OpaqueVoxelCount: 16384; TransparentVoxelCount: 16384
[2025.05.08-13.52.40:153][466]LogVoxelMeshingProfiling: Display: Scenario name: UEDPIE_0_Map_Grid_Scenario17; Voxel Model memory: 262144
[2025.05.08-13.52.40:153][466]LogVoxelMeshingProfiling: Display: Scenario name: UEDPIE_0_Map_Grid_Scenario17; OpaqueVoxelCount: 16384; TransparentVoxelCount: 16384
[2025.05.08-13.52.40:455][477]LogVoxelMeshingProfiling: Display: Scenario name: UEDPIE_0_Map_Grid_Scenario17; Vertices: 393216
[2025.05.08-13.52.40:816][496]LogVoxelMeshingProfiling: Display: Scenario name: UEDPIE_0_Map_Grid_Scenario17; Vertices: 393216
[2025.05.08-13.52.41:165][518]LogVoxelMeshingProfiling: Display: Scenario name: UEDPIE_0_Map_Grid_Scenario17; Vertices: 393216
[2025.05.08-13.52.41:553][542]LogVoxelMeshingProfiling: Display: Scenario name: UEDPIE_0_Map_Grid_Scenario17; Vertices: 393216
[2025.05.08-13.52.41:938][566]LogVoxelMeshingProfiling: Display: Scenario name: UEDPIE_0_Map_Grid_Scenario17; Vertices: 393216
[2025.05.08-13.52.42:301][589]LogVoxelMeshingProfiling: Display: Scenario name: UEDPIE_0_Map_Grid_Scenario17; Vertices: 393216
[2025.05.08-13.52.42:668][613]LogVoxelMeshingProfiling: Display: Scenario name: UEDPIE_0_Map_Grid_Scenario17; Vertices: 393216
[2025.05.08-13.52.43:026][635]LogVoxelMeshingProfiling: Display: Scenario name: UEDPIE_0_Map_Grid_Scenario17; Vertices: 393216
[2025.05.08-13.52.43:414][656]LogVoxelMeshingProfiling: Display: Scenario name: UEDPIE_0_Map_Grid_Scenario17; Vertices: 393216
[2025.05.08-13.52.43:775][678]LogVoxelMeshingProfiling: Display: Scenario name: UEDPIE_0_Map_Grid_Scenario17; Vertices: 393216
[2025.05.08-13.52.44:142][701]LogVoxelMeshingProfiling: Display: Scenario name: UEDPIE_0_Map_Grid_Scenario17; Vertices: 393216
[2025.05.08-13.52.44:500][723]LogVoxelMeshingProfiling: Display: Scenario name: UEDPIE_0_Map_Grid_Scenario17; Vertices: 393216
[2025.05.08-13.52.44:920][746]LogVoxelMeshingProfiling: Display: Scenario name: UEDPIE_0_Map_Grid_Scenario17; Vertices: 393216
[2025.05.08-13.52.45:324][766]LogVoxelMeshingProfiling: Display: Scenario name: UEDPIE_0_Map_Grid_Scenario17; Vertices: 393216
[2025.05.08-13.52.45:659][779]LogVoxelMeshingProfiling: Display: Scenario name: UEDPIE_0_Map_Grid_Scenario17; Vertices: 393216
[2025.05.08-13.52.46:028][800]LogVoxelMeshingProfiling: Display: Scenario name: UEDPIE_0_Map_Grid_Scenario17; Vertices: 393216
[2025.05.08-13.52.46:413][820]LogVoxelMeshingProfiling: Display: Scenario name: UEDPIE_0_Map_Grid_Scenario17; Vertices: 393216
[2025.05.08-13.52.46:780][837]LogVoxelMeshingProfiling: Display: Scenario name: UEDPIE_0_Map_Grid_Scenario17; Vertices: 393216
[2025.05.08-13.52.47:112][850]LogVoxelMeshingProfiling: Display: Scenario name: UEDPIE_0_Map_Grid_Scenario17; Vertices: 393216
[2025.05.08-13.52.47:437][863]LogVoxelMeshingProfiling: Display: Scenario name: UEDPIE_0_Map_Grid_Scenario17; Vertices: 393216
[2025.05.08-13.52.47:772][876]LogVoxelMeshingProfiling: Display: Scenario name: UEDPIE_0_Map_Grid_Scenario17; Vertices: 393216
[2025.05.08-13.52.48:082][887]LogVoxelMeshingProfiling: Display: Scenario name: UEDPIE_0_Map_Grid_Scenario17; Vertices: 393216
[2025.05.08-13.52.48:392][898]LogVoxelMeshingProfiling: Display: Scenario name: UEDPIE_0_Map_Grid_Scenario17; Vertices: 393216
[2025.05.08-13.52.48:702][908]LogVoxelMeshingProfiling: Display: Scenario name: UEDPIE_0_Map_Grid_Scenario17; Vertices: 393216
[2025.05.08-13.52.49:034][920]LogVoxelMeshingProfiling: Display: Scenario name: UEDPIE_0_Map_Grid_Scenario17; Vertices: 393216
[2025.05.08-13.52.49:359][931]LogVoxelMeshingProfiling: Display: Scenario name: UEDPIE_0_Map_Grid_Scenario17; Vertices: 393216
[2025.05.08-13.52.49:683][942]LogVoxelMeshingProfiling: Display: Scenario name: UEDPIE_0_Map_Grid_Scenario17; Vertices: 393216
[2025.05.08-13.53.05:871][556]LogVoxelMeshingProfiling: Display: Scenario name: UEDPIE_0_Map_RLE_Scenario17; Voxel Model memory: 443940
[2025.05.08-13.53.05:878][556]LogVoxelMeshingProfiling: Display: Scenario name: UEDPIE_0_Map_RLE_Scenario17; Voxel Model memory: 443940
[2025.05.08-13.53.05:878][556]LogVoxelMeshingProfiling: Display: Scenario name: UEDPIE_0_Map_RLE_Scenario17; Voxel Model memory: 443940
[2025.05.08-13.53.05:880][556]LogVoxelMeshingProfiling: Display: Scenario name: UEDPIE_0_Map_RLE_Scenario17; Voxel Model memory: 443940
[2025.05.08-13.53.05:880][556]LogVoxelMeshingProfiling: Display: Scenario name: UEDPIE_0_Map_RLE_Scenario17; Voxel Model memory: 443940
[2025.05.08-13.53.05:881][556]LogVoxelMeshingProfiling: Display: Scenario name: UEDPIE_0_Map_RLE_Scenario17; Voxel Model memory: 443940
[2025.05.08-13.53.05:881][556]LogVoxelMeshingProfiling: Display: Scenario name: UEDPIE_0_Map_RLE_Scenario17; Voxel Model memory: 443940
[2025.05.08-13.53.05:888][556]LogVoxelMeshingProfiling: Display: Scenario name: UEDPIE_0_Map_RLE_Scenario17; Voxel Model memory: 443940
[2025.05.08-13.53.05:888][556]LogVoxelMeshingProfiling: Display: Scenario name: UEDPIE_0_Map_RLE_Scenario17; Voxel Model memory: 443940
[2025.05.08-13.53.05:888][556]LogVoxelMeshingProfiling: Display: Scenario name: UEDPIE_0_Map_RLE_Scenario17; Voxel Model memory: 443940
[2025.05.08-13.53.05:888][556]LogVoxelMeshingProfiling: Display: Scenario name: UEDPIE_0_Map_RLE_Scenario17; Voxel Model memory: 443940
[2025.05.08-13.53.05:892][556]LogVoxelMeshingProfiling: Display: Scenario name: UEDPIE_0_Map_RLE_Scenario17; Voxel Model memory: 443940
[2025.05.08-13.53.05:892][556]LogVoxelMeshingProfiling: Display: Scenario name: UEDPIE_0_Map_RLE_Scenario17; Voxel Model memory: 443940
[2025.05.08-13.53.05:893][556]LogVoxelMeshingProfiling: Display: Scenario name: UEDPIE_0_Map_RLE_Scenario17; Voxel Model memory: 443940
[2025.05.08-13.53.05:898][556]LogVoxelMeshingProfiling: Display: Scenario name: UEDPIE_0_Map_RLE_Scenario17; Voxel Model memory: 443940
[2025.05.08-13.53.05:898][556]LogVoxelMeshingProfiling: Display: Scenario name: UEDPIE_0_Map_RLE_Scenario17; Voxel Model memory: 443940
[2025.05.08-13.53.05:898][556]LogVoxelMeshingProfiling: Display: Scenario name: UEDPIE_0_Map_RLE_Scenario17; Voxel Model memory: 443940
[2025.05.08-13.53.05:901][556]LogVoxelMeshingProfiling: Display: Scenario name: UEDPIE_0_Map_RLE_Scenario17; Voxel Model memory: 443940
[2025.05.08-13.53.05:903][556]LogVoxelMeshingProfiling: Display: Scenario name: UEDPIE_0_Map_RLE_Scenario17; Voxel Model memory: 443940
[2025.05.08-13.53.05:903][556]LogVoxelMeshingProfiling: Display: Scenario name: UEDPIE_0_Map_RLE_Scenario17; Voxel Model memory: 443940
[2025.05.08-13.53.05:903][556]LogVoxelMeshingProfiling: Display: Scenario name: UEDPIE_0_Map_RLE_Scenario17; Voxel Model memory: 443940
[2025.05.08-13.53.05:909][556]LogVoxelMeshingProfiling: Display: Scenario name: UEDPIE_0_Map_RLE_Scenario17; Voxel Model memory: 443940
[2025.05.08-13.53.05:909][556]LogVoxelMeshingProfiling: Display: Scenario name: UEDPIE_0_Map_RLE_Scenario17; Voxel Model memory: 443940
[2025.05.08-13.53.05:909][556]LogVoxelMeshingProfiling: Display: Scenario name: UEDPIE_0_Map_RLE_Scenario17; Voxel Model memory: 443940
[2025.05.08-13.53.05:912][556]LogVoxelMeshingProfiling: Display: Scenario name: UEDPIE_0_Map_RLE_Scenario17; Voxel Model memory: 443940
[2025.05.08-13.53.05:912][556]LogVoxelMeshingProfiling: Display: Scenario name: UEDPIE_0_Map_RLE_Scenario17; Voxel Model memory: 443940
[2025.05.08-13.53.05:913][556]LogVoxelMeshingProfiling: Display: Scenario name: UEDPIE_0_Map_RLE_Scenario17; Voxel Model memory: 443940
[2025.05.08-13.53.05:987][557]LogVoxelMeshingProfiling: Display: Scenario name: UEDPIE_0_Map_RLE_Scenario17; Vertices: 393216
[2025.05.08-13.53.06:071][560]LogVoxelMeshingProfiling: Display: Scenario name: UEDPIE_0_Map_RLE_Scenario17; Vertices: 393216
[2025.05.08-13.53.06:181][566]LogVoxelMeshingProfiling: Display: Scenario name: UEDPIE_0_Map_RLE_Scenario17; Vertices: 393216
[2025.05.08-13.53.06:297][572]LogVoxelMeshingProfiling: Display: Scenario name: UEDPIE_0_Map_RLE_Scenario17; Vertices: 393216
[2025.05.08-13.53.06:435][577]LogVoxelMeshingProfiling: Display: Scenario name: UEDPIE_0_Map_RLE_Scenario17; Vertices: 393216
[2025.05.08-13.53.06:560][580]LogVoxelMeshingProfiling: Display: Scenario name: UEDPIE_0_Map_RLE_Scenario17; Vertices: 393216
[2025.05.08-13.53.06:692][583]LogVoxelMeshingProfiling: Display: Scenario name: UEDPIE_0_Map_RLE_Scenario17; Vertices: 393216
[2025.05.08-13.53.06:822][588]LogVoxelMeshingProfiling: Display: Scenario name: UEDPIE_0_Map_RLE_Scenario17; Vertices: 393216
[2025.05.08-13.53.06:947][592]LogVoxelMeshingProfiling: Display: Scenario name: UEDPIE_0_Map_RLE_Scenario17; Vertices: 393216
[2025.05.08-13.53.07:090][596]LogVoxelMeshingProfiling: Display: Scenario name: UEDPIE_0_Map_RLE_Scenario17; Vertices: 393216
[2025.05.08-13.53.07:216][599]LogVoxelMeshingProfiling: Display: Scenario name: UEDPIE_0_Map_RLE_Scenario17; Vertices: 393216
[2025.05.08-13.53.07:350][603]LogVoxelMeshingProfiling: Display: Scenario name: UEDPIE_0_Map_RLE_Scenario17; Vertices: 393216
[2025.05.08-13.53.07:490][607]LogVoxelMeshingProfiling: Display: Scenario name: UEDPIE_0_Map_RLE_Scenario17; Vertices: 393216
[2025.05.08-13.53.07:620][610]LogVoxelMeshingProfiling: Display: Scenario name: UEDPIE_0_Map_RLE_Scenario17; Vertices: 393216
[2025.05.08-13.53.07:747][614]LogVoxelMeshingProfiling: Display: Scenario name: UEDPIE_0_Map_RLE_Scenario17; Vertices: 393216
[2025.05.08-13.53.07:874][618]LogVoxelMeshingProfiling: Display: Scenario name: UEDPIE_0_Map_RLE_Scenario17; Vertices: 393216
[2025.05.08-13.53.08:005][622]LogVoxelMeshingProfiling: Display: Scenario name: UEDPIE_0_Map_RLE_Scenario17; Vertices: 393216
[2025.05.08-13.53.08:140][624]LogVoxelMeshingProfiling: Display: Scenario name: UEDPIE_0_Map_RLE_Scenario17; Vertices: 393216
[2025.05.08-13.53.08:262][626]LogVoxelMeshingProfiling: Display: Scenario name: UEDPIE_0_Map_RLE_Scenario17; Vertices: 393216
[2025.05.08-13.53.08:381][628]LogVoxelMeshingProfiling: Display: Scenario name: UEDPIE_0_Map_RLE_Scenario17; Vertices: 393216
[2025.05.08-13.53.08:509][631]LogVoxelMeshingProfiling: Display: Scenario name: UEDPIE_0_Map_RLE_Scenario17; Vertices: 393216
[2025.05.08-13.53.08:635][633]LogVoxelMeshingProfiling: Display: Scenario name: UEDPIE_0_Map_RLE_Scenario17; Vertices: 393216
[2025.05.08-13.53.08:762][635]LogVoxelMeshingProfiling: Display: Scenario name: UEDPIE_0_Map_RLE_Scenario17; Vertices: 393216
[2025.05.08-13.53.08:890][636]LogVoxelMeshingProfiling: Display: Scenario name: UEDPIE_0_Map_RLE_Scenario17; Vertices: 393216
[2025.05.08-13.53.09:031][638]LogVoxelMeshingProfiling: Display: Scenario name: UEDPIE_0_Map_RLE_Scenario17; Vertices: 393216
[2025.05.08-13.53.09:170][641]LogVoxelMeshingProfiling: Display: Scenario name: UEDPIE_0_Map_RLE_Scenario17; Vertices: 393216
[2025.05.08-13.53.09:310][644]LogVoxelMeshingProfiling: Display: Scenario name: UEDPIE_0_Map_RLE_Scenario17; Vertices: 393216
[2025.05.08-13.53.28:101][301]LogVoxelMeshingProfiling: Display: Scenario name: UEDPIE_0_Map_VoxelPlugin_Scenario17; Voxel Model memory: 262144
[2025.05.08-13.53.28:101][301]LogVoxelMeshingProfiling: Display: Scenario name: UEDPIE_0_Map_VoxelPlugin_Scenario17; OpaqueVoxelCount: 16384; TransparentVoxelCount: 16384
[2025.05.08-13.53.28:109][301]LogVoxelMeshingProfiling: Display: Scenario name: UEDPIE_0_Map_VoxelPlugin_Scenario17; Voxel Model memory: 262144
[2025.05.08-13.53.28:109][301]LogVoxelMeshingProfiling: Display: Scenario name: UEDPIE_0_Map_VoxelPlugin_Scenario17; OpaqueVoxelCount: 16384; TransparentVoxelCount: 16384
[2025.05.08-13.53.28:110][301]LogVoxelMeshingProfiling: Display: Scenario name: UEDPIE_0_Map_VoxelPlugin_Scenario17; Voxel Model memory: 262144
[2025.05.08-13.53.28:110][301]LogVoxelMeshingProfiling: Display: Scenario name: UEDPIE_0_Map_VoxelPlugin_Scenario17; OpaqueVoxelCount: 16384; TransparentVoxelCount: 16384
[2025.05.08-13.53.28:110][301]LogVoxelMeshingProfiling: Display: Scenario name: UEDPIE_0_Map_VoxelPlugin_Scenario17; Voxel Model memory: 262144
[2025.05.08-13.53.28:110][301]LogVoxelMeshingProfiling: Display: Scenario name: UEDPIE_0_Map_VoxelPlugin_Scenario17; OpaqueVoxelCount: 16384; TransparentVoxelCount: 16384
[2025.05.08-13.53.28:111][301]LogVoxelMeshingProfiling: Display: Scenario name: UEDPIE_0_Map_VoxelPlugin_Scenario17; Voxel Model memory: 262144
[2025.05.08-13.53.28:111][301]LogVoxelMeshingProfiling: Display: Scenario name: UEDPIE_0_Map_VoxelPlugin_Scenario17; OpaqueVoxelCount: 16384; TransparentVoxelCount: 16384
[2025.05.08-13.53.28:112][301]LogVoxelMeshingProfiling: Display: Scenario name: UEDPIE_0_Map_VoxelPlugin_Scenario17; Voxel Model memory: 262144
[2025.05.08-13.53.28:112][301]LogVoxelMeshingProfiling: Display: Scenario name: UEDPIE_0_Map_VoxelPlugin_Scenario17; OpaqueVoxelCount: 16384; TransparentVoxelCount: 16384
[2025.05.08-13.53.28:112][301]LogVoxelMeshingProfiling: Display: Scenario name: UEDPIE_0_Map_VoxelPlugin_Scenario17; Voxel Model memory: 262144
[2025.05.08-13.53.28:112][301]LogVoxelMeshingProfiling: Display: Scenario name: UEDPIE_0_Map_VoxelPlugin_Scenario17; OpaqueVoxelCount: 16384; TransparentVoxelCount: 16384
[2025.05.08-13.53.28:116][301]LogVoxelMeshingProfiling: Display: Scenario name: UEDPIE_0_Map_VoxelPlugin_Scenario17; Voxel Model memory: 262144
[2025.05.08-13.53.28:116][301]LogVoxelMeshingProfiling: Display: Scenario name: UEDPIE_0_Map_VoxelPlugin_Scenario17; OpaqueVoxelCount: 16384; TransparentVoxelCount: 16384
[2025.05.08-13.53.28:116][301]LogVoxelMeshingProfiling: Display: Scenario name: UEDPIE_0_Map_VoxelPlugin_Scenario17; Voxel Model memory: 262144
[2025.05.08-13.53.28:116][301]LogVoxelMeshingProfiling: Display: Scenario name: UEDPIE_0_Map_VoxelPlugin_Scenario17; OpaqueVoxelCount: 16384; TransparentVoxelCount: 16384
[2025.05.08-13.53.28:119][301]LogVoxelMeshingProfiling: Display: Scenario name: UEDPIE_0_Map_VoxelPlugin_Scenario17; Voxel Model memory: 262144
[2025.05.08-13.53.28:119][301]LogVoxelMeshingProfiling: Display: Scenario name: UEDPIE_0_Map_VoxelPlugin_Scenario17; OpaqueVoxelCount: 16384; TransparentVoxelCount: 16384
[2025.05.08-13.53.28:123][301]LogVoxelMeshingProfiling: Display: Scenario name: UEDPIE_0_Map_VoxelPlugin_Scenario17; Voxel Model memory: 262144
[2025.05.08-13.53.28:123][301]LogVoxelMeshingProfiling: Display: Scenario name: UEDPIE_0_Map_VoxelPlugin_Scenario17; OpaqueVoxelCount: 16384; TransparentVoxelCount: 16384
[2025.05.08-13.53.28:124][301]LogVoxelMeshingProfiling: Display: Scenario name: UEDPIE_0_Map_VoxelPlugin_Scenario17; Voxel Model memory: 262144
[2025.05.08-13.53.28:124][301]LogVoxelMeshingProfiling: Display: Scenario name: UEDPIE_0_Map_VoxelPlugin_Scenario17; OpaqueVoxelCount: 16384; TransparentVoxelCount: 16384
[2025.05.08-13.53.28:124][301]LogVoxelMeshingProfiling: Display: Scenario name: UEDPIE_0_Map_VoxelPlugin_Scenario17; Voxel Model memory: 262144
[2025.05.08-13.53.28:124][301]LogVoxelMeshingProfiling: Display: Scenario name: UEDPIE_0_Map_VoxelPlugin_Scenario17; OpaqueVoxelCount: 16384; TransparentVoxelCount: 16384
[2025.05.08-13.53.28:124][301]LogVoxelMeshingProfiling: Display: Scenario name: UEDPIE_0_Map_VoxelPlugin_Scenario17; Voxel Model memory: 262144
[2025.05.08-13.53.28:124][301]LogVoxelMeshingProfiling: Display: Scenario name: UEDPIE_0_Map_VoxelPlugin_Scenario17; OpaqueVoxelCount: 16384; TransparentVoxelCount: 16384
[2025.05.08-13.53.28:129][301]LogVoxelMeshingProfiling: Display: Scenario name: UEDPIE_0_Map_VoxelPlugin_Scenario17; Voxel Model memory: 262144
[2025.05.08-13.53.28:129][301]LogVoxelMeshingProfiling: Display: Scenario name: UEDPIE_0_Map_VoxelPlugin_Scenario17; OpaqueVoxelCount: 16384; TransparentVoxelCount: 16384
[2025.05.08-13.53.28:129][301]LogVoxelMeshingProfiling: Display: Scenario name: UEDPIE_0_Map_VoxelPlugin_Scenario17; Voxel Model memory: 262144
[2025.05.08-13.53.28:129][301]LogVoxelMeshingProfiling: Display: Scenario name: UEDPIE_0_Map_VoxelPlugin_Scenario17; OpaqueVoxelCount: 16384; TransparentVoxelCount: 16384
[2025.05.08-13.53.28:131][301]LogVoxelMeshingProfiling: Display: Scenario name: UEDPIE_0_Map_VoxelPlugin_Scenario17; Voxel Model memory: 262144
[2025.05.08-13.53.28:131][301]LogVoxelMeshingProfiling: Display: Scenario name: UEDPIE_0_Map_VoxelPlugin_Scenario17; OpaqueVoxelCount: 16384; TransparentVoxelCount: 16384
[2025.05.08-13.53.28:131][301]LogVoxelMeshingProfiling: Display: Scenario name: UEDPIE_0_Map_VoxelPlugin_Scenario17; Voxel Model memory: 262144
[2025.05.08-13.53.28:132][301]LogVoxelMeshingProfiling: Display: Scenario name: UEDPIE_0_Map_VoxelPlugin_Scenario17; OpaqueVoxelCount: 16384; TransparentVoxelCount: 16384
[2025.05.08-13.53.28:134][301]LogVoxelMeshingProfiling: Display: Scenario name: UEDPIE_0_Map_VoxelPlugin_Scenario17; Voxel Model memory: 262144
[2025.05.08-13.53.28:134][301]LogVoxelMeshingProfiling: Display: Scenario name: UEDPIE_0_Map_VoxelPlugin_Scenario17; OpaqueVoxelCount: 16384; TransparentVoxelCount: 16384
[2025.05.08-13.53.28:134][301]LogVoxelMeshingProfiling: Display: Scenario name: UEDPIE_0_Map_VoxelPlugin_Scenario17; Voxel Model memory: 262144
[2025.05.08-13.53.28:134][301]LogVoxelMeshingProfiling: Display: Scenario name: UEDPIE_0_Map_VoxelPlugin_Scenario17; Voxel Model memory: 262144
[2025.05.08-13.53.28:134][301]LogVoxelMeshingProfiling: Display: Scenario name: UEDPIE_0_Map_VoxelPlugin_Scenario17; OpaqueVoxelCount: 16384; TransparentVoxelCount: 16384
[2025.05.08-13.53.28:134][301]LogVoxelMeshingProfiling: Display: Scenario name: UEDPIE_0_Map_VoxelPlugin_Scenario17; OpaqueVoxelCount: 16384; TransparentVoxelCount: 16384
[2025.05.08-13.53.28:140][301]LogVoxelMeshingProfiling: Display: Scenario name: UEDPIE_0_Map_VoxelPlugin_Scenario17; Voxel Model memory: 262144
[2025.05.08-13.53.28:140][301]LogVoxelMeshingProfiling: Display: Scenario name: UEDPIE_0_Map_VoxelPlugin_Scenario17; OpaqueVoxelCount: 16384; TransparentVoxelCount: 16384
[2025.05.08-13.53.28:141][301]LogVoxelMeshingProfiling: Display: Scenario name: UEDPIE_0_Map_VoxelPlugin_Scenario17; Voxel Model memory: 262144
[2025.05.08-13.53.28:141][301]LogVoxelMeshingProfiling: Display: Scenario name: UEDPIE_0_Map_VoxelPlugin_Scenario17; OpaqueVoxelCount: 16384; TransparentVoxelCount: 16384
[2025.05.08-13.53.28:141][301]LogVoxelMeshingProfiling: Display: Scenario name: UEDPIE_0_Map_VoxelPlugin_Scenario17; Voxel Model memory: 262144
[2025.05.08-13.53.28:141][301]LogVoxelMeshingProfiling: Display: Scenario name: UEDPIE_0_Map_VoxelPlugin_Scenario17; OpaqueVoxelCount: 16384; TransparentVoxelCount: 16384
[2025.05.08-13.53.28:144][301]LogVoxelMeshingProfiling: Display: Scenario name: UEDPIE_0_Map_VoxelPlugin_Scenario17; Voxel Model memory: 262144
[2025.05.08-13.53.28:144][301]LogVoxelMeshingProfiling: Display: Scenario name: UEDPIE_0_Map_VoxelPlugin_Scenario17; OpaqueVoxelCount: 16384; TransparentVoxelCount: 16384
[2025.05.08-13.53.28:144][301]LogVoxelMeshingProfiling: Display: Scenario name: UEDPIE_0_Map_VoxelPlugin_Scenario17; Voxel Model memory: 262144
[2025.05.08-13.53.28:144][301]LogVoxelMeshingProfiling: Display: Scenario name: UEDPIE_0_Map_VoxelPlugin_Scenario17; OpaqueVoxelCount: 16384; TransparentVoxelCount: 16384
[2025.05.08-13.53.28:144][301]LogVoxelMeshingProfiling: Display: Scenario name: UEDPIE_0_Map_VoxelPlugin_Scenario17; Voxel Model memory: 262144
[2025.05.08-13.53.28:144][301]LogVoxelMeshingProfiling: Display: Scenario name: UEDPIE_0_Map_VoxelPlugin_Scenario17; OpaqueVoxelCount: 16384; TransparentVoxelCount: 16384
[2025.05.08-13.53.28:301][303]LogVoxelMeshingProfiling: Display: Scenario name: Map_VoxelPlugin_Scenario17; Vertices: 393216
[2025.05.08-13.53.28:306][303]LogVoxelMeshingProfiling: Display: Scenario name: Map_VoxelPlugin_Scenario17; Vertices: 393216
[2025.05.08-13.53.28:432][309]LogVoxelMeshingProfiling: Display: Scenario name: Map_VoxelPlugin_Scenario17; Vertices: 393216
[2025.05.08-13.53.28:434][309]LogVoxelMeshingProfiling: Display: Scenario name: Map_VoxelPlugin_Scenario17; Vertices: 393216
[2025.05.08-13.53.28:957][326]LogVoxelMeshingProfiling: Display: Scenario name: Map_VoxelPlugin_Scenario17; Vertices: 393216
[2025.05.08-13.53.28:962][326]LogVoxelMeshingProfiling: Display: Scenario name: Map_VoxelPlugin_Scenario17; Vertices: 393216
[2025.05.08-13.53.29:092][330]LogVoxelMeshingProfiling: Display: Scenario name: Map_VoxelPlugin_Scenario17; Vertices: 393216
[2025.05.08-13.53.29:108][330]LogVoxelMeshingProfiling: Display: Scenario name: Map_VoxelPlugin_Scenario17; Vertices: 393216
[2025.05.08-13.53.29:562][350]LogVoxelMeshingProfiling: Display: Scenario name: Map_VoxelPlugin_Scenario17; Vertices: 393216
[2025.05.08-13.53.29:577][351]LogVoxelMeshingProfiling: Display: Scenario name: Map_VoxelPlugin_Scenario17; Vertices: 393216
[2025.05.08-13.53.29:690][357]LogVoxelMeshingProfiling: Display: Scenario name: Map_VoxelPlugin_Scenario17; Vertices: 393216
[2025.05.08-13.53.29:942][369]LogVoxelMeshingProfiling: Display: Scenario name: Map_VoxelPlugin_Scenario17; Vertices: 393216
[2025.05.08-13.53.30:045][373]LogVoxelMeshingProfiling: Display: Scenario name: Map_VoxelPlugin_Scenario17; Vertices: 393216
[2025.05.08-13.53.30:094][375]LogVoxelMeshingProfiling: Display: Scenario name: Map_VoxelPlugin_Scenario17; Vertices: 393216
[2025.05.08-13.53.30:241][382]LogVoxelMeshingProfiling: Display: Scenario name: Map_VoxelPlugin_Scenario17; Vertices: 393216
[2025.05.08-13.53.30:599][397]LogVoxelMeshingProfiling: Display: Scenario name: Map_VoxelPlugin_Scenario17; Vertices: 393216
[2025.05.08-13.53.30:618][397]LogVoxelMeshingProfiling: Display: Scenario name: Map_VoxelPlugin_Scenario17; Vertices: 393216
[2025.05.08-13.53.30:748][402]LogVoxelMeshingProfiling: Display: Scenario name: Map_VoxelPlugin_Scenario17; Vertices: 393216
[2025.05.08-13.53.31:085][416]LogVoxelMeshingProfiling: Display: Scenario name: Map_VoxelPlugin_Scenario17; Vertices: 393216
[2025.05.08-13.53.31:097][416]LogVoxelMeshingProfiling: Display: Scenario name: Map_VoxelPlugin_Scenario17; Vertices: 393216
[2025.05.08-13.53.31:228][421]LogVoxelMeshingProfiling: Display: Scenario name: Map_VoxelPlugin_Scenario17; Vertices: 393216
[2025.05.08-13.53.31:428][430]LogVoxelMeshingProfiling: Display: Scenario name: Map_VoxelPlugin_Scenario17; Vertices: 393216
[2025.05.08-13.53.31:585][437]LogVoxelMeshingProfiling: Display: Scenario name: Map_VoxelPlugin_Scenario17; Vertices: 393216
[2025.05.08-13.53.31:729][443]LogVoxelMeshingProfiling: Display: Scenario name: Map_VoxelPlugin_Scenario17; Vertices: 393216
[2025.05.08-13.53.31:799][446]LogVoxelMeshingProfiling: Display: Scenario name: Map_VoxelPlugin_Scenario17; Vertices: 393216
[2025.05.08-13.53.31:984][453]LogVoxelMeshingProfiling: Display: Scenario name: Map_VoxelPlugin_Scenario17; Vertices: 393216
[2025.05.08-13.53.32:134][459]LogVoxelMeshingProfiling: Display: Scenario name: Map_VoxelPlugin_Scenario17; Vertices: 393216
