[2025.05.08-11.05.05:646][406]LogVoxelMeshingProfiling: Display: Scenario name: UEDPIE_0_Map_Grid_Scenario18; Voxel Model memory: 262144
[2025.05.08-11.05.05:647][406]LogVoxelMeshingProfiling: Display: Scenario name: UEDPIE_0_Map_Grid_Scenario18; OpaqueVoxelCount: 32458; TransparentVoxelCount: 310
[2025.05.08-11.05.05:660][406]LogVoxelMeshingProfiling: Display: Scenario name: UEDPIE_0_Map_Grid_Scenario18; Voxel Model memory: 262144
[2025.05.08-11.05.05:660][406]LogVoxelMeshingProfiling: Display: Scenario name: UEDPIE_0_Map_Grid_Scenario18; OpaqueVoxelCount: 32434; TransparentVoxelCount: 334
[2025.05.08-11.05.05:661][406]LogVoxelMeshingProfiling: Display: Scenario name: UEDPIE_0_Map_Grid_Scenario18; Voxel Model memory: 262144
[2025.05.08-11.05.05:661][406]LogVoxelMeshingProfiling: Display: Scenario name: UEDPIE_0_Map_Grid_Scenario18; OpaqueVoxelCount: 32456; TransparentVoxelCount: 312
[2025.05.08-11.05.05:668][406]LogVoxelMeshingProfiling: Display: Scenario name: UEDPIE_0_Map_Grid_Scenario18; Voxel Model memory: 262144
[2025.05.08-11.05.05:668][406]LogVoxelMeshingProfiling: Display: Scenario name: UEDPIE_0_Map_Grid_Scenario18; OpaqueVoxelCount: 32429; TransparentVoxelCount: 339
[2025.05.08-11.05.05:670][406]LogVoxelMeshingProfiling: Display: Scenario name: UEDPIE_0_Map_Grid_Scenario18; Voxel Model memory: 262144
[2025.05.08-11.05.05:670][406]LogVoxelMeshingProfiling: Display: Scenario name: UEDPIE_0_Map_Grid_Scenario18; OpaqueVoxelCount: 32464; TransparentVoxelCount: 304
[2025.05.08-11.05.05:671][406]LogVoxelMeshingProfiling: Display: Scenario name: UEDPIE_0_Map_Grid_Scenario18; Voxel Model memory: 262144
[2025.05.08-11.05.05:672][406]LogVoxelMeshingProfiling: Display: Scenario name: UEDPIE_0_Map_Grid_Scenario18; OpaqueVoxelCount: 32445; TransparentVoxelCount: 323
[2025.05.08-11.05.05:672][406]LogVoxelMeshingProfiling: Display: Scenario name: UEDPIE_0_Map_Grid_Scenario18; Voxel Model memory: 262144
[2025.05.08-11.05.05:672][406]LogVoxelMeshingProfiling: Display: Scenario name: UEDPIE_0_Map_Grid_Scenario18; OpaqueVoxelCount: 32427; TransparentVoxelCount: 341
[2025.05.08-11.05.05:687][406]LogVoxelMeshingProfiling: Display: Scenario name: UEDPIE_0_Map_Grid_Scenario18; Voxel Model memory: 262144
[2025.05.08-11.05.05:687][406]LogVoxelMeshingProfiling: Display: Scenario name: UEDPIE_0_Map_Grid_Scenario18; OpaqueVoxelCount: 32454; TransparentVoxelCount: 314
[2025.05.08-11.05.05:688][406]LogVoxelMeshingProfiling: Display: Scenario name: UEDPIE_0_Map_Grid_Scenario18; Voxel Model memory: 262144
[2025.05.08-11.05.05:688][406]LogVoxelMeshingProfiling: Display: Scenario name: UEDPIE_0_Map_Grid_Scenario18; OpaqueVoxelCount: 32425; TransparentVoxelCount: 343
[2025.05.08-11.05.05:691][406]LogVoxelMeshingProfiling: Display: Scenario name: UEDPIE_0_Map_Grid_Scenario18; Voxel Model memory: 262144
[2025.05.08-11.05.05:691][406]LogVoxelMeshingProfiling: Display: Scenario name: UEDPIE_0_Map_Grid_Scenario18; OpaqueVoxelCount: 32444; TransparentVoxelCount: 324
[2025.05.08-11.05.05:693][406]LogVoxelMeshingProfiling: Display: Scenario name: UEDPIE_0_Map_Grid_Scenario18; Voxel Model memory: 262144
[2025.05.08-11.05.05:693][406]LogVoxelMeshingProfiling: Display: Scenario name: UEDPIE_0_Map_Grid_Scenario18; OpaqueVoxelCount: 32435; TransparentVoxelCount: 333
[2025.05.08-11.05.05:698][406]LogVoxelMeshingProfiling: Display: Scenario name: UEDPIE_0_Map_Grid_Scenario18; Voxel Model memory: 262144
[2025.05.08-11.05.05:698][406]LogVoxelMeshingProfiling: Display: Scenario name: UEDPIE_0_Map_Grid_Scenario18; OpaqueVoxelCount: 32451; TransparentVoxelCount: 317
[2025.05.08-11.05.05:699][406]LogVoxelMeshingProfiling: Display: Scenario name: UEDPIE_0_Map_Grid_Scenario18; Voxel Model memory: 262144
[2025.05.08-11.05.05:699][406]LogVoxelMeshingProfiling: Display: Scenario name: UEDPIE_0_Map_Grid_Scenario18; OpaqueVoxelCount: 32398; TransparentVoxelCount: 370
[2025.05.08-11.05.05:699][406]LogVoxelMeshingProfiling: Display: Scenario name: UEDPIE_0_Map_Grid_Scenario18; Voxel Model memory: 262144
[2025.05.08-11.05.05:699][406]LogVoxelMeshingProfiling: Display: Scenario name: UEDPIE_0_Map_Grid_Scenario18; OpaqueVoxelCount: 32475; TransparentVoxelCount: 293
[2025.05.08-11.05.05:717][407]LogVoxelMeshingProfiling: Display: Scenario name: UEDPIE_0_Map_Grid_Scenario18; Voxel Model memory: 262144
[2025.05.08-11.05.05:717][407]LogVoxelMeshingProfiling: Display: Scenario name: UEDPIE_0_Map_Grid_Scenario18; OpaqueVoxelCount: 32452; TransparentVoxelCount: 316
[2025.05.08-11.05.05:717][407]LogVoxelMeshingProfiling: Display: Scenario name: UEDPIE_0_Map_Grid_Scenario18; Voxel Model memory: 262144
[2025.05.08-11.05.05:717][407]LogVoxelMeshingProfiling: Display: Scenario name: UEDPIE_0_Map_Grid_Scenario18; OpaqueVoxelCount: 32420; TransparentVoxelCount: 348
[2025.05.08-11.05.05:719][407]LogVoxelMeshingProfiling: Display: Scenario name: UEDPIE_0_Map_Grid_Scenario18; Voxel Model memory: 262144
[2025.05.08-11.05.05:719][407]LogVoxelMeshingProfiling: Display: Scenario name: UEDPIE_0_Map_Grid_Scenario18; OpaqueVoxelCount: 32457; TransparentVoxelCount: 311
[2025.05.08-11.05.05:720][407]LogVoxelMeshingProfiling: Display: Scenario name: UEDPIE_0_Map_Grid_Scenario18; Voxel Model memory: 262144
[2025.05.08-11.05.05:720][407]LogVoxelMeshingProfiling: Display: Scenario name: UEDPIE_0_Map_Grid_Scenario18; OpaqueVoxelCount: 32420; TransparentVoxelCount: 348
[2025.05.08-11.05.05:729][407]LogVoxelMeshingProfiling: Display: Scenario name: UEDPIE_0_Map_Grid_Scenario18; Voxel Model memory: 262144
[2025.05.08-11.05.05:729][407]LogVoxelMeshingProfiling: Display: Scenario name: UEDPIE_0_Map_Grid_Scenario18; Voxel Model memory: 262144
[2025.05.08-11.05.05:729][407]LogVoxelMeshingProfiling: Display: Scenario name: UEDPIE_0_Map_Grid_Scenario18; OpaqueVoxelCount: 32450; TransparentVoxelCount: 318
[2025.05.08-11.05.05:729][407]LogVoxelMeshingProfiling: Display: Scenario name: UEDPIE_0_Map_Grid_Scenario18; OpaqueVoxelCount: 32454; TransparentVoxelCount: 314
[2025.05.08-11.05.05:729][407]LogVoxelMeshingProfiling: Display: Scenario name: UEDPIE_0_Map_Grid_Scenario18; Voxel Model memory: 262144
[2025.05.08-11.05.05:729][407]LogVoxelMeshingProfiling: Display: Scenario name: UEDPIE_0_Map_Grid_Scenario18; OpaqueVoxelCount: 32428; TransparentVoxelCount: 340
[2025.05.08-11.05.05:741][407]LogVoxelMeshingProfiling: Display: Scenario name: UEDPIE_0_Map_Grid_Scenario18; Voxel Model memory: 262144
[2025.05.08-11.05.05:741][407]LogVoxelMeshingProfiling: Display: Scenario name: UEDPIE_0_Map_Grid_Scenario18; OpaqueVoxelCount: 32450; TransparentVoxelCount: 318
[2025.05.08-11.05.05:746][407]LogVoxelMeshingProfiling: Display: Scenario name: UEDPIE_0_Map_Grid_Scenario18; Voxel Model memory: 262144
[2025.05.08-11.05.05:746][407]LogVoxelMeshingProfiling: Display: Scenario name: UEDPIE_0_Map_Grid_Scenario18; OpaqueVoxelCount: 32423; TransparentVoxelCount: 345
[2025.05.08-11.05.05:750][407]LogVoxelMeshingProfiling: Display: Scenario name: UEDPIE_0_Map_Grid_Scenario18; Voxel Model memory: 262144
[2025.05.08-11.05.05:750][407]LogVoxelMeshingProfiling: Display: Scenario name: UEDPIE_0_Map_Grid_Scenario18; OpaqueVoxelCount: 32459; TransparentVoxelCount: 309
[2025.05.08-11.05.05:750][407]LogVoxelMeshingProfiling: Display: Scenario name: UEDPIE_0_Map_Grid_Scenario18; Voxel Model memory: 262144
[2025.05.08-11.05.05:751][407]LogVoxelMeshingProfiling: Display: Scenario name: UEDPIE_0_Map_Grid_Scenario18; OpaqueVoxelCount: 32443; TransparentVoxelCount: 325
[2025.05.08-11.05.05:751][407]LogVoxelMeshingProfiling: Display: Scenario name: UEDPIE_0_Map_Grid_Scenario18; Voxel Model memory: 262144
[2025.05.08-11.05.05:751][407]LogVoxelMeshingProfiling: Display: Scenario name: UEDPIE_0_Map_Grid_Scenario18; OpaqueVoxelCount: 32439; TransparentVoxelCount: 329
[2025.05.08-11.05.05:752][407]LogVoxelMeshingProfiling: Display: Scenario name: UEDPIE_0_Map_Grid_Scenario18; Voxel Model memory: 262144
[2025.05.08-11.05.05:752][407]LogVoxelMeshingProfiling: Display: Scenario name: UEDPIE_0_Map_Grid_Scenario18; OpaqueVoxelCount: 32453; TransparentVoxelCount: 315
[2025.05.08-11.05.05:759][407]LogVoxelMeshingProfiling: Display: Scenario name: UEDPIE_0_Map_Grid_Scenario18; Vertices: 7228
[2025.05.08-11.05.05:764][407]LogVoxelMeshingProfiling: Display: Scenario name: UEDPIE_0_Map_Grid_Scenario18; Vertices: 7376
[2025.05.08-11.05.05:770][407]LogVoxelMeshingProfiling: Display: Scenario name: UEDPIE_0_Map_Grid_Scenario18; Vertices: 7844
[2025.05.08-11.05.05:776][407]LogVoxelMeshingProfiling: Display: Scenario name: UEDPIE_0_Map_Grid_Scenario18; Vertices: 7064
[2025.05.08-11.05.05:782][407]LogVoxelMeshingProfiling: Display: Scenario name: UEDPIE_0_Map_Grid_Scenario18; Vertices: 8000
[2025.05.08-11.05.05:788][407]LogVoxelMeshingProfiling: Display: Scenario name: UEDPIE_0_Map_Grid_Scenario18; Vertices: 7548
[2025.05.08-11.05.05:794][407]LogVoxelMeshingProfiling: Display: Scenario name: UEDPIE_0_Map_Grid_Scenario18; Vertices: 7888
[2025.05.08-11.05.05:801][407]LogVoxelMeshingProfiling: Display: Scenario name: UEDPIE_0_Map_Grid_Scenario18; Vertices: 7704
[2025.05.08-11.05.05:808][407]LogVoxelMeshingProfiling: Display: Scenario name: UEDPIE_0_Map_Grid_Scenario18; Vertices: 8084
[2025.05.08-11.05.05:816][407]LogVoxelMeshingProfiling: Display: Scenario name: UEDPIE_0_Map_Grid_Scenario18; Vertices: 7556
[2025.05.08-11.05.05:829][407]LogVoxelMeshingProfiling: Display: Scenario name: UEDPIE_0_Map_Grid_Scenario18; Vertices: 7856
[2025.05.08-11.05.05:836][407]LogVoxelMeshingProfiling: Display: Scenario name: UEDPIE_0_Map_Grid_Scenario18; Vertices: 8744
[2025.05.08-11.05.05:845][407]LogVoxelMeshingProfiling: Display: Scenario name: UEDPIE_0_Map_Grid_Scenario18; Vertices: 7468
[2025.05.08-11.05.05:853][408]LogVoxelMeshingProfiling: Display: Scenario name: UEDPIE_0_Map_Grid_Scenario18; Vertices: 6976
[2025.05.08-11.05.05:861][408]LogVoxelMeshingProfiling: Display: Scenario name: UEDPIE_0_Map_Grid_Scenario18; Vertices: 7536
[2025.05.08-11.05.05:870][408]LogVoxelMeshingProfiling: Display: Scenario name: UEDPIE_0_Map_Grid_Scenario18; Vertices: 8188
[2025.05.08-11.05.05:876][408]LogVoxelMeshingProfiling: Display: Scenario name: UEDPIE_0_Map_Grid_Scenario18; Vertices: 7324
[2025.05.08-11.05.05:882][408]LogVoxelMeshingProfiling: Display: Scenario name: UEDPIE_0_Map_Grid_Scenario18; Vertices: 8268
[2025.05.08-11.05.05:898][409]LogVoxelMeshingProfiling: Display: Scenario name: UEDPIE_0_Map_Grid_Scenario18; Vertices: 7612
[2025.05.08-11.05.05:901][409]LogVoxelMeshingProfiling: Display: Scenario name: UEDPIE_0_Map_Grid_Scenario18; Vertices: 7580
[2025.05.08-11.05.05:908][409]LogVoxelMeshingProfiling: Display: Scenario name: UEDPIE_0_Map_Grid_Scenario18; Vertices: 8176
[2025.05.08-11.05.05:916][409]LogVoxelMeshingProfiling: Display: Scenario name: UEDPIE_0_Map_Grid_Scenario18; Vertices: 7632
[2025.05.08-11.05.05:924][410]LogVoxelMeshingProfiling: Display: Scenario name: UEDPIE_0_Map_Grid_Scenario18; Vertices: 7380
[2025.05.08-11.05.05:934][410]LogVoxelMeshingProfiling: Display: Scenario name: UEDPIE_0_Map_Grid_Scenario18; Vertices: 7808
[2025.05.08-11.05.05:942][411]LogVoxelMeshingProfiling: Display: Scenario name: UEDPIE_0_Map_Grid_Scenario18; Vertices: 8220
[2025.05.08-11.05.05:951][411]LogVoxelMeshingProfiling: Display: Scenario name: UEDPIE_0_Map_Grid_Scenario18; Vertices: 7844
[2025.05.08-11.05.05:958][411]LogVoxelMeshingProfiling: Display: Scenario name: UEDPIE_0_Map_Grid_Scenario18; Vertices: 7556
[2025.05.08-11.05.13:856][967]LogVoxelMeshingProfiling: Display: Scenario name: UEDPIE_0_Map_RLE_Scenario18; Voxel Model memory: 9192
[2025.05.08-11.05.13:871][967]LogVoxelMeshingProfiling: Display: Scenario name: UEDPIE_0_Map_RLE_Scenario18; Voxel Model memory: 9192
[2025.05.08-11.05.13:871][967]LogVoxelMeshingProfiling: Display: Scenario name: UEDPIE_0_Map_RLE_Scenario18; Voxel Model memory: 9192
[2025.05.08-11.05.13:874][967]LogVoxelMeshingProfiling: Display: Scenario name: UEDPIE_0_Map_RLE_Scenario18; Voxel Model memory: 9192
[2025.05.08-11.05.13:874][967]LogVoxelMeshingProfiling: Display: Scenario name: UEDPIE_0_Map_RLE_Scenario18; Voxel Model memory: 9192
[2025.05.08-11.05.13:877][967]LogVoxelMeshingProfiling: Display: Scenario name: UEDPIE_0_Map_RLE_Scenario18; Voxel Model memory: 9192
[2025.05.08-11.05.13:877][967]LogVoxelMeshingProfiling: Display: Scenario name: UEDPIE_0_Map_RLE_Scenario18; Voxel Model memory: 9192
[2025.05.08-11.05.13:892][967]LogVoxelMeshingProfiling: Display: Scenario name: UEDPIE_0_Map_RLE_Scenario18; Voxel Model memory: 9192
[2025.05.08-11.05.13:892][967]LogVoxelMeshingProfiling: Display: Scenario name: UEDPIE_0_Map_RLE_Scenario18; Voxel Model memory: 9192
[2025.05.08-11.05.13:893][967]LogVoxelMeshingProfiling: Display: Scenario name: UEDPIE_0_Map_RLE_Scenario18; Voxel Model memory: 9192
[2025.05.08-11.05.13:893][967]LogVoxelMeshingProfiling: Display: Scenario name: UEDPIE_0_Map_RLE_Scenario18; Voxel Model memory: 9192
[2025.05.08-11.05.13:901][967]LogVoxelMeshingProfiling: Display: Scenario name: UEDPIE_0_Map_RLE_Scenario18; Voxel Model memory: 9192
[2025.05.08-11.05.13:901][967]LogVoxelMeshingProfiling: Display: Scenario name: UEDPIE_0_Map_RLE_Scenario18; Voxel Model memory: 9192
[2025.05.08-11.05.13:901][967]LogVoxelMeshingProfiling: Display: Scenario name: UEDPIE_0_Map_RLE_Scenario18; Voxel Model memory: 9192
[2025.05.08-11.05.13:919][968]LogVoxelMeshingProfiling: Display: Scenario name: UEDPIE_0_Map_RLE_Scenario18; Voxel Model memory: 9192
[2025.05.08-11.05.13:920][968]LogVoxelMeshingProfiling: Display: Scenario name: UEDPIE_0_Map_RLE_Scenario18; Voxel Model memory: 9192
[2025.05.08-11.05.13:920][968]LogVoxelMeshingProfiling: Display: Scenario name: UEDPIE_0_Map_RLE_Scenario18; Voxel Model memory: 9192
[2025.05.08-11.05.13:921][968]LogVoxelMeshingProfiling: Display: Scenario name: UEDPIE_0_Map_RLE_Scenario18; Voxel Model memory: 9192
[2025.05.08-11.05.13:928][968]LogVoxelMeshingProfiling: Display: Scenario name: UEDPIE_0_Map_RLE_Scenario18; Voxel Model memory: 9192
[2025.05.08-11.05.13:929][968]LogVoxelMeshingProfiling: Display: Scenario name: UEDPIE_0_Map_RLE_Scenario18; Voxel Model memory: 9192
[2025.05.08-11.05.13:930][968]LogVoxelMeshingProfiling: Display: Scenario name: UEDPIE_0_Map_RLE_Scenario18; Voxel Model memory: 9192
[2025.05.08-11.05.13:944][968]LogVoxelMeshingProfiling: Display: Scenario name: UEDPIE_0_Map_RLE_Scenario18; Voxel Model memory: 9192
[2025.05.08-11.05.13:946][968]LogVoxelMeshingProfiling: Display: Scenario name: UEDPIE_0_Map_RLE_Scenario18; Voxel Model memory: 9192
[2025.05.08-11.05.13:948][968]LogVoxelMeshingProfiling: Display: Scenario name: UEDPIE_0_Map_RLE_Scenario18; Voxel Model memory: 9192
[2025.05.08-11.05.13:950][968]LogVoxelMeshingProfiling: Display: Scenario name: UEDPIE_0_Map_RLE_Scenario18; Voxel Model memory: 9192
[2025.05.08-11.05.13:952][968]LogVoxelMeshingProfiling: Display: Scenario name: UEDPIE_0_Map_RLE_Scenario18; Voxel Model memory: 9192
[2025.05.08-11.05.13:953][968]LogVoxelMeshingProfiling: Display: Scenario name: UEDPIE_0_Map_RLE_Scenario18; Voxel Model memory: 9192
[2025.05.08-11.05.13:959][968]LogVoxelMeshingProfiling: Display: Scenario name: UEDPIE_0_Map_RLE_Scenario18; Vertices: 28312
[2025.05.08-11.05.13:967][968]LogVoxelMeshingProfiling: Display: Scenario name: UEDPIE_0_Map_RLE_Scenario18; Vertices: 28980
[2025.05.08-11.05.13:972][968]LogVoxelMeshingProfiling: Display: Scenario name: UEDPIE_0_Map_RLE_Scenario18; Vertices: 28840
[2025.05.08-11.05.13:976][968]LogVoxelMeshingProfiling: Display: Scenario name: UEDPIE_0_Map_RLE_Scenario18; Vertices: 28560
[2025.05.08-11.05.13:983][968]LogVoxelMeshingProfiling: Display: Scenario name: UEDPIE_0_Map_RLE_Scenario18; Vertices: 29632
[2025.05.08-11.05.13:987][968]LogVoxelMeshingProfiling: Display: Scenario name: UEDPIE_0_Map_RLE_Scenario18; Vertices: 28256
[2025.05.08-11.05.13:997][969]LogVoxelMeshingProfiling: Display: Scenario name: UEDPIE_0_Map_RLE_Scenario18; Vertices: 30036
[2025.05.08-11.05.14:003][969]LogVoxelMeshingProfiling: Display: Scenario name: UEDPIE_0_Map_RLE_Scenario18; Vertices: 28448
[2025.05.08-11.05.14:012][969]LogVoxelMeshingProfiling: Display: Scenario name: UEDPIE_0_Map_RLE_Scenario18; Vertices: 29076
[2025.05.08-11.05.14:023][969]LogVoxelMeshingProfiling: Display: Scenario name: UEDPIE_0_Map_RLE_Scenario18; Vertices: 29148
[2025.05.08-11.05.14:029][969]LogVoxelMeshingProfiling: Display: Scenario name: UEDPIE_0_Map_RLE_Scenario18; Vertices: 29600
[2025.05.08-11.05.14:037][969]LogVoxelMeshingProfiling: Display: Scenario name: UEDPIE_0_Map_RLE_Scenario18; Vertices: 29156
[2025.05.08-11.05.14:044][969]LogVoxelMeshingProfiling: Display: Scenario name: UEDPIE_0_Map_RLE_Scenario18; Vertices: 29428
[2025.05.08-11.05.14:050][969]LogVoxelMeshingProfiling: Display: Scenario name: UEDPIE_0_Map_RLE_Scenario18; Vertices: 28560
[2025.05.08-11.05.14:054][969]LogVoxelMeshingProfiling: Display: Scenario name: UEDPIE_0_Map_RLE_Scenario18; Vertices: 29112
[2025.05.08-11.05.14:064][970]LogVoxelMeshingProfiling: Display: Scenario name: UEDPIE_0_Map_RLE_Scenario18; Vertices: 28888
[2025.05.08-11.05.14:069][970]LogVoxelMeshingProfiling: Display: Scenario name: UEDPIE_0_Map_RLE_Scenario18; Vertices: 30148
[2025.05.08-11.05.14:088][970]LogVoxelMeshingProfiling: Display: Scenario name: UEDPIE_0_Map_RLE_Scenario18; Vertices: 28516
[2025.05.08-11.05.14:097][970]LogVoxelMeshingProfiling: Display: Scenario name: UEDPIE_0_Map_RLE_Scenario18; Vertices: 29068
[2025.05.08-11.05.14:102][970]LogVoxelMeshingProfiling: Display: Scenario name: UEDPIE_0_Map_RLE_Scenario18; Vertices: 28572
[2025.05.08-11.05.14:112][971]LogVoxelMeshingProfiling: Display: Scenario name: UEDPIE_0_Map_RLE_Scenario18; Vertices: 29368
[2025.05.08-11.05.14:121][971]LogVoxelMeshingProfiling: Display: Scenario name: UEDPIE_0_Map_RLE_Scenario18; Vertices: 28664
[2025.05.08-11.05.14:128][971]LogVoxelMeshingProfiling: Display: Scenario name: UEDPIE_0_Map_RLE_Scenario18; Vertices: 29060
[2025.05.08-11.05.14:138][971]LogVoxelMeshingProfiling: Display: Scenario name: UEDPIE_0_Map_RLE_Scenario18; Vertices: 28556
[2025.05.08-11.05.14:154][972]LogVoxelMeshingProfiling: Display: Scenario name: UEDPIE_0_Map_RLE_Scenario18; Vertices: 29876
[2025.05.08-11.05.14:160][972]LogVoxelMeshingProfiling: Display: Scenario name: UEDPIE_0_Map_RLE_Scenario18; Vertices: 28880
[2025.05.08-11.05.14:171][972]LogVoxelMeshingProfiling: Display: Scenario name: UEDPIE_0_Map_RLE_Scenario18; Vertices: 28880
[2025.05.08-11.05.22:028][406]LogVoxelMeshingProfiling: Display: Scenario name: UEDPIE_0_Map_VoxelPlugin_Scenario18; Voxel Model memory: 262144
[2025.05.08-11.05.22:028][406]LogVoxelMeshingProfiling: Display: Scenario name: UEDPIE_0_Map_VoxelPlugin_Scenario18; OpaqueVoxelCount: 24658; TransparentVoxelCount: 8110
[2025.05.08-11.05.22:044][406]LogVoxelMeshingProfiling: Display: Scenario name: UEDPIE_0_Map_VoxelPlugin_Scenario18; Voxel Model memory: 262144
[2025.05.08-11.05.22:046][406]LogVoxelMeshingProfiling: Display: Scenario name: UEDPIE_0_Map_VoxelPlugin_Scenario18; OpaqueVoxelCount: 24632; TransparentVoxelCount: 8136
[2025.05.08-11.05.22:046][406]LogVoxelMeshingProfiling: Display: Scenario name: UEDPIE_0_Map_VoxelPlugin_Scenario18; Voxel Model memory: 262144
[2025.05.08-11.05.22:046][406]LogVoxelMeshingProfiling: Display: Scenario name: UEDPIE_0_Map_VoxelPlugin_Scenario18; OpaqueVoxelCount: 24548; TransparentVoxelCount: 8220
[2025.05.08-11.05.22:057][406]LogVoxelMeshingProfiling: Display: Scenario name: UEDPIE_0_Map_VoxelPlugin_Scenario18; Voxel Model memory: 262144
[2025.05.08-11.05.22:057][406]LogVoxelMeshingProfiling: Display: Scenario name: UEDPIE_0_Map_VoxelPlugin_Scenario18; OpaqueVoxelCount: 24597; TransparentVoxelCount: 8171
[2025.05.08-11.05.22:058][406]LogVoxelMeshingProfiling: Display: Scenario name: UEDPIE_0_Map_VoxelPlugin_Scenario18; Voxel Model memory: 262144
[2025.05.08-11.05.22:058][406]LogVoxelMeshingProfiling: Display: Scenario name: UEDPIE_0_Map_VoxelPlugin_Scenario18; OpaqueVoxelCount: 24625; TransparentVoxelCount: 8143
[2025.05.08-11.05.22:058][406]LogVoxelMeshingProfiling: Display: Scenario name: UEDPIE_0_Map_VoxelPlugin_Scenario18; Voxel Model memory: 262144
[2025.05.08-11.05.22:058][406]LogVoxelMeshingProfiling: Display: Scenario name: UEDPIE_0_Map_VoxelPlugin_Scenario18; OpaqueVoxelCount: 24570; TransparentVoxelCount: 8198
[2025.05.08-11.05.22:058][406]LogVoxelMeshingProfiling: Display: Scenario name: UEDPIE_0_Map_VoxelPlugin_Scenario18; Voxel Model memory: 262144
[2025.05.08-11.05.22:058][406]LogVoxelMeshingProfiling: Display: Scenario name: UEDPIE_0_Map_VoxelPlugin_Scenario18; OpaqueVoxelCount: 24715; TransparentVoxelCount: 8053
[2025.05.08-11.05.22:067][406]LogVoxelMeshingProfiling: Display: Scenario name: UEDPIE_0_Map_VoxelPlugin_Scenario18; Voxel Model memory: 262144
[2025.05.08-11.05.22:067][406]LogVoxelMeshingProfiling: Display: Scenario name: UEDPIE_0_Map_VoxelPlugin_Scenario18; OpaqueVoxelCount: 24579; TransparentVoxelCount: 8189
[2025.05.08-11.05.22:067][406]LogVoxelMeshingProfiling: Display: Scenario name: UEDPIE_0_Map_VoxelPlugin_Scenario18; Voxel Model memory: 262144
[2025.05.08-11.05.22:067][406]LogVoxelMeshingProfiling: Display: Scenario name: UEDPIE_0_Map_VoxelPlugin_Scenario18; OpaqueVoxelCount: 24621; TransparentVoxelCount: 8147
[2025.05.08-11.05.22:075][406]LogVoxelMeshingProfiling: Display: Scenario name: UEDPIE_0_Map_VoxelPlugin_Scenario18; Voxel Model memory: 262144
[2025.05.08-11.05.22:077][406]LogVoxelMeshingProfiling: Display: Scenario name: UEDPIE_0_Map_VoxelPlugin_Scenario18; OpaqueVoxelCount: 24534; TransparentVoxelCount: 8234
[2025.05.08-11.05.22:077][406]LogVoxelMeshingProfiling: Display: Scenario name: UEDPIE_0_Map_VoxelPlugin_Scenario18; Voxel Model memory: 262144
[2025.05.08-11.05.22:077][406]LogVoxelMeshingProfiling: Display: Scenario name: UEDPIE_0_Map_VoxelPlugin_Scenario18; OpaqueVoxelCount: 24638; TransparentVoxelCount: 8130
[2025.05.08-11.05.22:077][406]LogVoxelMeshingProfiling: Display: Scenario name: UEDPIE_0_Map_VoxelPlugin_Scenario18; Voxel Model memory: 262144
[2025.05.08-11.05.22:077][406]LogVoxelMeshingProfiling: Display: Scenario name: UEDPIE_0_Map_VoxelPlugin_Scenario18; OpaqueVoxelCount: 24610; TransparentVoxelCount: 8158
[2025.05.08-11.05.22:078][406]LogVoxelMeshingProfiling: Display: Scenario name: UEDPIE_0_Map_VoxelPlugin_Scenario18; Voxel Model memory: 262144
[2025.05.08-11.05.22:078][406]LogVoxelMeshingProfiling: Display: Scenario name: UEDPIE_0_Map_VoxelPlugin_Scenario18; OpaqueVoxelCount: 24654; TransparentVoxelCount: 8114
[2025.05.08-11.05.22:079][406]LogVoxelMeshingProfiling: Display: Scenario name: UEDPIE_0_Map_VoxelPlugin_Scenario18; Voxel Model memory: 262144
[2025.05.08-11.05.22:079][406]LogVoxelMeshingProfiling: Display: Scenario name: UEDPIE_0_Map_VoxelPlugin_Scenario18; OpaqueVoxelCount: 24556; TransparentVoxelCount: 8212
[2025.05.08-11.05.22:089][406]LogVoxelMeshingProfiling: Display: Scenario name: UEDPIE_0_Map_VoxelPlugin_Scenario18; Voxel Model memory: 262144
[2025.05.08-11.05.22:089][406]LogVoxelMeshingProfiling: Display: Scenario name: UEDPIE_0_Map_VoxelPlugin_Scenario18; OpaqueVoxelCount: 24608; TransparentVoxelCount: 8160
[2025.05.08-11.05.22:089][406]LogVoxelMeshingProfiling: Display: Scenario name: UEDPIE_0_Map_VoxelPlugin_Scenario18; Voxel Model memory: 262144
[2025.05.08-11.05.22:089][406]LogVoxelMeshingProfiling: Display: Scenario name: UEDPIE_0_Map_VoxelPlugin_Scenario18; OpaqueVoxelCount: 24743; TransparentVoxelCount: 8025
[2025.05.08-11.05.22:093][406]LogVoxelMeshingProfiling: Display: Scenario name: UEDPIE_0_Map_VoxelPlugin_Scenario18; Voxel Model memory: 262144
[2025.05.08-11.05.22:093][406]LogVoxelMeshingProfiling: Display: Scenario name: UEDPIE_0_Map_VoxelPlugin_Scenario18; OpaqueVoxelCount: 24529; TransparentVoxelCount: 8239
[2025.05.08-11.05.22:093][406]LogVoxelMeshingProfiling: Display: Scenario name: UEDPIE_0_Map_VoxelPlugin_Scenario18; Voxel Model memory: 262144
[2025.05.08-11.05.22:093][406]LogVoxelMeshingProfiling: Display: Scenario name: UEDPIE_0_Map_VoxelPlugin_Scenario18; OpaqueVoxelCount: 24654; TransparentVoxelCount: 8114
[2025.05.08-11.05.22:096][406]LogVoxelMeshingProfiling: Display: Scenario name: UEDPIE_0_Map_VoxelPlugin_Scenario18; Voxel Model memory: 262144
[2025.05.08-11.05.22:096][406]LogVoxelMeshingProfiling: Display: Scenario name: UEDPIE_0_Map_VoxelPlugin_Scenario18; OpaqueVoxelCount: 24554; TransparentVoxelCount: 8214
[2025.05.08-11.05.22:097][406]LogVoxelMeshingProfiling: Display: Scenario name: UEDPIE_0_Map_VoxelPlugin_Scenario18; Voxel Model memory: 262144
[2025.05.08-11.05.22:097][406]LogVoxelMeshingProfiling: Display: Scenario name: UEDPIE_0_Map_VoxelPlugin_Scenario18; OpaqueVoxelCount: 24512; TransparentVoxelCount: 8256
[2025.05.08-11.05.22:098][406]LogVoxelMeshingProfiling: Display: Scenario name: UEDPIE_0_Map_VoxelPlugin_Scenario18; Voxel Model memory: 262144
[2025.05.08-11.05.22:098][406]LogVoxelMeshingProfiling: Display: Scenario name: UEDPIE_0_Map_VoxelPlugin_Scenario18; OpaqueVoxelCount: 24603; TransparentVoxelCount: 8165
[2025.05.08-11.05.22:107][406]LogVoxelMeshingProfiling: Display: Scenario name: UEDPIE_0_Map_VoxelPlugin_Scenario18; Voxel Model memory: 262144
[2025.05.08-11.05.22:107][406]LogVoxelMeshingProfiling: Display: Scenario name: UEDPIE_0_Map_VoxelPlugin_Scenario18; OpaqueVoxelCount: 24664; TransparentVoxelCount: 8104
[2025.05.08-11.05.22:109][406]LogVoxelMeshingProfiling: Display: Scenario name: UEDPIE_0_Map_VoxelPlugin_Scenario18; Voxel Model memory: 262144
[2025.05.08-11.05.22:109][406]LogVoxelMeshingProfiling: Display: Scenario name: UEDPIE_0_Map_VoxelPlugin_Scenario18; OpaqueVoxelCount: 24556; TransparentVoxelCount: 8212
[2025.05.08-11.05.22:110][406]LogVoxelMeshingProfiling: Display: Scenario name: UEDPIE_0_Map_VoxelPlugin_Scenario18; Voxel Model memory: 262144
[2025.05.08-11.05.22:110][406]LogVoxelMeshingProfiling: Display: Scenario name: UEDPIE_0_Map_VoxelPlugin_Scenario18; OpaqueVoxelCount: 24525; TransparentVoxelCount: 8243
[2025.05.08-11.05.22:113][406]LogVoxelMeshingProfiling: Display: Scenario name: UEDPIE_0_Map_VoxelPlugin_Scenario18; Voxel Model memory: 262144
[2025.05.08-11.05.22:113][406]LogVoxelMeshingProfiling: Display: Scenario name: UEDPIE_0_Map_VoxelPlugin_Scenario18; OpaqueVoxelCount: 24715; TransparentVoxelCount: 8053
[2025.05.08-11.05.22:114][406]LogVoxelMeshingProfiling: Display: Scenario name: UEDPIE_0_Map_VoxelPlugin_Scenario18; Voxel Model memory: 262144
[2025.05.08-11.05.22:114][406]LogVoxelMeshingProfiling: Display: Scenario name: UEDPIE_0_Map_VoxelPlugin_Scenario18; OpaqueVoxelCount: 24484; TransparentVoxelCount: 8284
[2025.05.08-11.05.22:114][406]LogVoxelMeshingProfiling: Display: Scenario name: UEDPIE_0_Map_VoxelPlugin_Scenario18; Voxel Model memory: 262144
[2025.05.08-11.05.22:114][406]LogVoxelMeshingProfiling: Display: Scenario name: UEDPIE_0_Map_VoxelPlugin_Scenario18; OpaqueVoxelCount: 24643; TransparentVoxelCount: 8125
[2025.05.08-11.05.22:207][407]LogVoxelMeshingProfiling: Display: Scenario name: Map_VoxelPlugin_Scenario18; Vertices: 149812
[2025.05.08-11.05.22:210][407]LogVoxelMeshingProfiling: Display: Scenario name: Map_VoxelPlugin_Scenario18; Vertices: 153280
[2025.05.08-11.05.22:267][408]LogVoxelMeshingProfiling: Display: Scenario name: Map_VoxelPlugin_Scenario18; Vertices: 154932
[2025.05.08-11.05.22:269][408]LogVoxelMeshingProfiling: Display: Scenario name: Map_VoxelPlugin_Scenario18; Vertices: 150572
[2025.05.08-11.05.22:344][410]LogVoxelMeshingProfiling: Display: Scenario name: Map_VoxelPlugin_Scenario18; Vertices: 151388
[2025.05.08-11.05.22:348][410]LogVoxelMeshingProfiling: Display: Scenario name: Map_VoxelPlugin_Scenario18; Vertices: 152780
[2025.05.08-11.05.22:670][422]LogVoxelMeshingProfiling: Display: Scenario name: Map_VoxelPlugin_Scenario18; Vertices: 150440
[2025.05.08-11.05.22:711][425]LogVoxelMeshingProfiling: Display: Scenario name: Map_VoxelPlugin_Scenario18; Vertices: 152896
[2025.05.08-11.05.22:773][428]LogVoxelMeshingProfiling: Display: Scenario name: Map_VoxelPlugin_Scenario18; Vertices: 154628
[2025.05.08-11.05.22:838][431]LogVoxelMeshingProfiling: Display: Scenario name: Map_VoxelPlugin_Scenario18; Vertices: 149052
[2025.05.08-11.05.22:872][433]LogVoxelMeshingProfiling: Display: Scenario name: Map_VoxelPlugin_Scenario18; Vertices: 146420
[2025.05.08-11.05.22:944][437]LogVoxelMeshingProfiling: Display: Scenario name: Map_VoxelPlugin_Scenario18; Vertices: 149304
[2025.05.08-11.05.22:960][438]LogVoxelMeshingProfiling: Display: Scenario name: Map_VoxelPlugin_Scenario18; Vertices: 151248
[2025.05.08-11.05.23:110][446]LogVoxelMeshingProfiling: Display: Scenario name: Map_VoxelPlugin_Scenario18; Vertices: 147864
[2025.05.08-11.05.23:133][447]LogVoxelMeshingProfiling: Display: Scenario name: Map_VoxelPlugin_Scenario18; Vertices: 152660
[2025.05.08-11.05.23:201][451]LogVoxelMeshingProfiling: Display: Scenario name: Map_VoxelPlugin_Scenario18; Vertices: 150536
[2025.05.08-11.05.23:271][455]LogVoxelMeshingProfiling: Display: Scenario name: Map_VoxelPlugin_Scenario18; Vertices: 152208
[2025.05.08-11.05.23:323][458]LogVoxelMeshingProfiling: Display: Scenario name: Map_VoxelPlugin_Scenario18; Vertices: 152064
[2025.05.08-11.05.23:490][468]LogVoxelMeshingProfiling: Display: Scenario name: Map_VoxelPlugin_Scenario18; Vertices: 151036
[2025.05.08-11.05.23:497][468]LogVoxelMeshingProfiling: Display: Scenario name: Map_VoxelPlugin_Scenario18; Vertices: 149396
[2025.05.08-11.05.23:568][472]LogVoxelMeshingProfiling: Display: Scenario name: Map_VoxelPlugin_Scenario18; Vertices: 155312
[2025.05.08-11.05.23:568][472]LogVoxelMeshingProfiling: Display: Scenario name: Map_VoxelPlugin_Scenario18; Vertices: 152236
[2025.05.08-11.05.23:740][482]LogVoxelMeshingProfiling: Display: Scenario name: Map_VoxelPlugin_Scenario18; Vertices: 151512
[2025.05.08-11.05.23:741][483]LogVoxelMeshingProfiling: Display: Scenario name: Map_VoxelPlugin_Scenario18; Vertices: 154092
[2025.05.08-11.05.23:822][487]LogVoxelMeshingProfiling: Display: Scenario name: Map_VoxelPlugin_Scenario18; Vertices: 152916
[2025.05.08-11.05.23:824][487]LogVoxelMeshingProfiling: Display: Scenario name: Map_VoxelPlugin_Scenario18; Vertices: 152296
[2025.05.08-11.05.23:938][494]LogVoxelMeshingProfiling: Display: Scenario name: Map_VoxelPlugin_Scenario18; Vertices: 153616
