[2025.05.09-14.09.59:678][857]LogVoxelMeshingProfiling: Display: Scenario name: UEDPIE_0_Map_Grid_Scenario19; Voxel Model memory: 262144
[2025.05.09-14.09.59:678][857]LogVoxelMeshingProfiling: Display: Scenario name: UEDPIE_0_Map_Grid_Scenario19; OpaqueVoxelCount: 24658; TransparentVoxelCount: 8110
[2025.05.09-14.09.59:695][857]LogVoxelMeshingProfiling: Display: Scenario name: UEDPIE_0_Map_Grid_Scenario19; Voxel Model memory: 262144
[2025.05.09-14.09.59:695][857]LogVoxelMeshingProfiling: Display: Scenario name: UEDPIE_0_Map_Grid_Scenario19; OpaqueVoxelCount: 24639; TransparentVoxelCount: 8129
[2025.05.09-14.09.59:696][857]LogVoxelMeshingProfiling: Display: Scenario name: UEDPIE_0_Map_Grid_Scenario19; Voxel Model memory: 262144
[2025.05.09-14.09.59:696][857]LogVoxelMeshingProfiling: Display: Scenario name: UEDPIE_0_Map_Grid_Scenario19; OpaqueVoxelCount: 24627; TransparentVoxelCount: 8141
[2025.05.09-14.09.59:701][857]LogVoxelMeshingProfiling: Display: Scenario name: UEDPIE_0_Map_Grid_Scenario19; Voxel Model memory: 262144
[2025.05.09-14.09.59:701][857]LogVoxelMeshingProfiling: Display: Scenario name: UEDPIE_0_Map_Grid_Scenario19; OpaqueVoxelCount: 24616; TransparentVoxelCount: 8152
[2025.05.09-14.09.59:702][857]LogVoxelMeshingProfiling: Display: Scenario name: UEDPIE_0_Map_Grid_Scenario19; Voxel Model memory: 262144
[2025.05.09-14.09.59:702][857]LogVoxelMeshingProfiling: Display: Scenario name: UEDPIE_0_Map_Grid_Scenario19; OpaqueVoxelCount: 24636; TransparentVoxelCount: 8132
[2025.05.09-14.09.59:706][857]LogVoxelMeshingProfiling: Display: Scenario name: UEDPIE_0_Map_Grid_Scenario19; Voxel Model memory: 262144
[2025.05.09-14.09.59:706][857]LogVoxelMeshingProfiling: Display: Scenario name: UEDPIE_0_Map_Grid_Scenario19; OpaqueVoxelCount: 24551; TransparentVoxelCount: 8217
[2025.05.09-14.09.59:706][857]LogVoxelMeshingProfiling: Display: Scenario name: UEDPIE_0_Map_Grid_Scenario19; Voxel Model memory: 262144
[2025.05.09-14.09.59:706][857]LogVoxelMeshingProfiling: Display: Scenario name: UEDPIE_0_Map_Grid_Scenario19; OpaqueVoxelCount: 24625; TransparentVoxelCount: 8143
[2025.05.09-14.09.59:719][857]LogVoxelMeshingProfiling: Display: Scenario name: UEDPIE_0_Map_Grid_Scenario19; Voxel Model memory: 262144
[2025.05.09-14.09.59:719][857]LogVoxelMeshingProfiling: Display: Scenario name: UEDPIE_0_Map_Grid_Scenario19; OpaqueVoxelCount: 24692; TransparentVoxelCount: 8076
[2025.05.09-14.09.59:721][857]LogVoxelMeshingProfiling: Display: Scenario name: UEDPIE_0_Map_Grid_Scenario19; Voxel Model memory: 262144
[2025.05.09-14.09.59:721][857]LogVoxelMeshingProfiling: Display: Scenario name: UEDPIE_0_Map_Grid_Scenario19; OpaqueVoxelCount: 24631; TransparentVoxelCount: 8137
[2025.05.09-14.09.59:722][857]LogVoxelMeshingProfiling: Display: Scenario name: UEDPIE_0_Map_Grid_Scenario19; Voxel Model memory: 262144
[2025.05.09-14.09.59:722][857]LogVoxelMeshingProfiling: Display: Scenario name: UEDPIE_0_Map_Grid_Scenario19; OpaqueVoxelCount: 24631; TransparentVoxelCount: 8137
[2025.05.09-14.09.59:722][857]LogVoxelMeshingProfiling: Display: Scenario name: UEDPIE_0_Map_Grid_Scenario19; Voxel Model memory: 262144
[2025.05.09-14.09.59:722][857]LogVoxelMeshingProfiling: Display: Scenario name: UEDPIE_0_Map_Grid_Scenario19; OpaqueVoxelCount: 24524; TransparentVoxelCount: 8244
[2025.05.09-14.09.59:728][857]LogVoxelMeshingProfiling: Display: Scenario name: UEDPIE_0_Map_Grid_Scenario19; Voxel Model memory: 262144
[2025.05.09-14.09.59:729][857]LogVoxelMeshingProfiling: Display: Scenario name: UEDPIE_0_Map_Grid_Scenario19; OpaqueVoxelCount: 24684; TransparentVoxelCount: 8084
[2025.05.09-14.09.59:729][857]LogVoxelMeshingProfiling: Display: Scenario name: UEDPIE_0_Map_Grid_Scenario19; Voxel Model memory: 262144
[2025.05.09-14.09.59:729][857]LogVoxelMeshingProfiling: Display: Scenario name: UEDPIE_0_Map_Grid_Scenario19; OpaqueVoxelCount: 24573; TransparentVoxelCount: 8195
[2025.05.09-14.09.59:729][857]LogVoxelMeshingProfiling: Display: Scenario name: UEDPIE_0_Map_Grid_Scenario19; Voxel Model memory: 262144
[2025.05.09-14.09.59:729][857]LogVoxelMeshingProfiling: Display: Scenario name: UEDPIE_0_Map_Grid_Scenario19; OpaqueVoxelCount: 24596; TransparentVoxelCount: 8172
[2025.05.09-14.09.59:737][857]LogVoxelMeshingProfiling: Display: Scenario name: UEDPIE_0_Map_Grid_Scenario19; Voxel Model memory: 262144
[2025.05.09-14.09.59:737][857]LogVoxelMeshingProfiling: Display: Scenario name: UEDPIE_0_Map_Grid_Scenario19; OpaqueVoxelCount: 24568; TransparentVoxelCount: 8200
[2025.05.09-14.09.59:738][857]LogVoxelMeshingProfiling: Display: Scenario name: UEDPIE_0_Map_Grid_Scenario19; Voxel Model memory: 262144
[2025.05.09-14.09.59:738][857]LogVoxelMeshingProfiling: Display: Scenario name: UEDPIE_0_Map_Grid_Scenario19; OpaqueVoxelCount: 24672; TransparentVoxelCount: 8096
[2025.05.09-14.09.59:738][857]LogVoxelMeshingProfiling: Display: Scenario name: UEDPIE_0_Map_Grid_Scenario19; Voxel Model memory: 262144
[2025.05.09-14.09.59:738][857]LogVoxelMeshingProfiling: Display: Scenario name: UEDPIE_0_Map_Grid_Scenario19; OpaqueVoxelCount: 24658; TransparentVoxelCount: 8110
[2025.05.09-14.09.59:741][857]LogVoxelMeshingProfiling: Display: Scenario name: UEDPIE_0_Map_Grid_Scenario19; Voxel Model memory: 262144
[2025.05.09-14.09.59:741][857]LogVoxelMeshingProfiling: Display: Scenario name: UEDPIE_0_Map_Grid_Scenario19; OpaqueVoxelCount: 24615; TransparentVoxelCount: 8153
[2025.05.09-14.09.59:744][857]LogVoxelMeshingProfiling: Display: Scenario name: UEDPIE_0_Map_Grid_Scenario19; Voxel Model memory: 262144
[2025.05.09-14.09.59:744][857]LogVoxelMeshingProfiling: Display: Scenario name: UEDPIE_0_Map_Grid_Scenario19; OpaqueVoxelCount: 24565; TransparentVoxelCount: 8203
[2025.05.09-14.09.59:745][857]LogVoxelMeshingProfiling: Display: Scenario name: UEDPIE_0_Map_Grid_Scenario19; Voxel Model memory: 262144
[2025.05.09-14.09.59:745][857]LogVoxelMeshingProfiling: Display: Scenario name: UEDPIE_0_Map_Grid_Scenario19; OpaqueVoxelCount: 24651; TransparentVoxelCount: 8117
[2025.05.09-14.09.59:745][857]LogVoxelMeshingProfiling: Display: Scenario name: UEDPIE_0_Map_Grid_Scenario19; Voxel Model memory: 262144
[2025.05.09-14.09.59:745][857]LogVoxelMeshingProfiling: Display: Scenario name: UEDPIE_0_Map_Grid_Scenario19; OpaqueVoxelCount: 24594; TransparentVoxelCount: 8174
[2025.05.09-14.09.59:756][858]LogVoxelMeshingProfiling: Display: Scenario name: UEDPIE_0_Map_Grid_Scenario19; Voxel Model memory: 262144
[2025.05.09-14.09.59:756][858]LogVoxelMeshingProfiling: Display: Scenario name: UEDPIE_0_Map_Grid_Scenario19; OpaqueVoxelCount: 24711; TransparentVoxelCount: 8057
[2025.05.09-14.09.59:757][858]LogVoxelMeshingProfiling: Display: Scenario name: UEDPIE_0_Map_Grid_Scenario19; Voxel Model memory: 262144
[2025.05.09-14.09.59:757][858]LogVoxelMeshingProfiling: Display: Scenario name: UEDPIE_0_Map_Grid_Scenario19; OpaqueVoxelCount: 24697; TransparentVoxelCount: 8071
[2025.05.09-14.09.59:758][858]LogVoxelMeshingProfiling: Display: Scenario name: UEDPIE_0_Map_Grid_Scenario19; Voxel Model memory: 262144
[2025.05.09-14.09.59:758][858]LogVoxelMeshingProfiling: Display: Scenario name: UEDPIE_0_Map_Grid_Scenario19; OpaqueVoxelCount: 24459; TransparentVoxelCount: 8309
[2025.05.09-14.09.59:759][858]LogVoxelMeshingProfiling: Display: Scenario name: UEDPIE_0_Map_Grid_Scenario19; Voxel Model memory: 262144
[2025.05.09-14.09.59:759][858]LogVoxelMeshingProfiling: Display: Scenario name: UEDPIE_0_Map_Grid_Scenario19; OpaqueVoxelCount: 24628; TransparentVoxelCount: 8140
[2025.05.09-14.09.59:762][858]LogVoxelMeshingProfiling: Display: Scenario name: UEDPIE_0_Map_Grid_Scenario19; Voxel Model memory: 262144
[2025.05.09-14.09.59:762][858]LogVoxelMeshingProfiling: Display: Scenario name: UEDPIE_0_Map_Grid_Scenario19; OpaqueVoxelCount: 24693; TransparentVoxelCount: 8075
[2025.05.09-14.09.59:762][858]LogVoxelMeshingProfiling: Display: Scenario name: UEDPIE_0_Map_Grid_Scenario19; Voxel Model memory: 262144
[2025.05.09-14.09.59:762][858]LogVoxelMeshingProfiling: Display: Scenario name: UEDPIE_0_Map_Grid_Scenario19; OpaqueVoxelCount: 24545; TransparentVoxelCount: 8223
[2025.05.09-14.09.59:813][858]LogVoxelMeshingProfiling: Display: Scenario name: UEDPIE_0_Map_Grid_Scenario19; Vertices: 107588
[2025.05.09-14.09.59:869][858]LogVoxelMeshingProfiling: Display: Scenario name: UEDPIE_0_Map_Grid_Scenario19; Vertices: 107944
[2025.05.09-14.09.59:934][859]LogVoxelMeshingProfiling: Display: Scenario name: UEDPIE_0_Map_Grid_Scenario19; Vertices: 108344
[2025.05.09-14.10.00:001][861]LogVoxelMeshingProfiling: Display: Scenario name: UEDPIE_0_Map_Grid_Scenario19; Vertices: 107604
[2025.05.09-14.10.00:070][862]LogVoxelMeshingProfiling: Display: Scenario name: UEDPIE_0_Map_Grid_Scenario19; Vertices: 108312
[2025.05.09-14.10.00:138][864]LogVoxelMeshingProfiling: Display: Scenario name: UEDPIE_0_Map_Grid_Scenario19; Vertices: 107536
[2025.05.09-14.10.00:223][866]LogVoxelMeshingProfiling: Display: Scenario name: UEDPIE_0_Map_Grid_Scenario19; Vertices: 107700
[2025.05.09-14.10.00:296][869]LogVoxelMeshingProfiling: Display: Scenario name: UEDPIE_0_Map_Grid_Scenario19; Vertices: 108688
[2025.05.09-14.10.00:361][872]LogVoxelMeshingProfiling: Display: Scenario name: UEDPIE_0_Map_Grid_Scenario19; Vertices: 108368
[2025.05.09-14.10.00:432][874]LogVoxelMeshingProfiling: Display: Scenario name: UEDPIE_0_Map_Grid_Scenario19; Vertices: 108740
[2025.05.09-14.10.00:492][877]LogVoxelMeshingProfiling: Display: Scenario name: UEDPIE_0_Map_Grid_Scenario19; Vertices: 108052
[2025.05.09-14.10.00:565][880]LogVoxelMeshingProfiling: Display: Scenario name: UEDPIE_0_Map_Grid_Scenario19; Vertices: 108772
[2025.05.09-14.10.00:633][883]LogVoxelMeshingProfiling: Display: Scenario name: UEDPIE_0_Map_Grid_Scenario19; Vertices: 108148
[2025.05.09-14.10.00:702][887]LogVoxelMeshingProfiling: Display: Scenario name: UEDPIE_0_Map_Grid_Scenario19; Vertices: 107956
[2025.05.09-14.10.00:769][889]LogVoxelMeshingProfiling: Display: Scenario name: UEDPIE_0_Map_Grid_Scenario19; Vertices: 106536
[2025.05.09-14.10.00:840][892]LogVoxelMeshingProfiling: Display: Scenario name: UEDPIE_0_Map_Grid_Scenario19; Vertices: 107596
[2025.05.09-14.10.00:900][895]LogVoxelMeshingProfiling: Display: Scenario name: UEDPIE_0_Map_Grid_Scenario19; Vertices: 109396
[2025.05.09-14.10.00:966][898]LogVoxelMeshingProfiling: Display: Scenario name: UEDPIE_0_Map_Grid_Scenario19; Vertices: 106904
[2025.05.09-14.10.01:035][900]LogVoxelMeshingProfiling: Display: Scenario name: UEDPIE_0_Map_Grid_Scenario19; Vertices: 108520
[2025.05.09-14.10.01:099][903]LogVoxelMeshingProfiling: Display: Scenario name: UEDPIE_0_Map_Grid_Scenario19; Vertices: 106772
[2025.05.09-14.10.01:171][906]LogVoxelMeshingProfiling: Display: Scenario name: UEDPIE_0_Map_Grid_Scenario19; Vertices: 107564
[2025.05.09-14.10.01:240][909]LogVoxelMeshingProfiling: Display: Scenario name: UEDPIE_0_Map_Grid_Scenario19; Vertices: 109804
[2025.05.09-14.10.01:306][913]LogVoxelMeshingProfiling: Display: Scenario name: UEDPIE_0_Map_Grid_Scenario19; Vertices: 107564
[2025.05.09-14.10.01:376][916]LogVoxelMeshingProfiling: Display: Scenario name: UEDPIE_0_Map_Grid_Scenario19; Vertices: 106796
[2025.05.09-14.10.01:462][921]LogVoxelMeshingProfiling: Display: Scenario name: UEDPIE_0_Map_Grid_Scenario19; Vertices: 108828
[2025.05.09-14.10.01:532][925]LogVoxelMeshingProfiling: Display: Scenario name: UEDPIE_0_Map_Grid_Scenario19; Vertices: 108628
[2025.05.09-14.10.01:598][928]LogVoxelMeshingProfiling: Display: Scenario name: UEDPIE_0_Map_Grid_Scenario19; Vertices: 108140
[2025.05.09-14.10.08:659][378]LogVoxelMeshingProfiling: Display: Scenario name: UEDPIE_0_Map_RLE_Scenario19; Voxel Model memory: 170436
[2025.05.09-14.10.08:672][378]LogVoxelMeshingProfiling: Display: Scenario name: UEDPIE_0_Map_RLE_Scenario19; Voxel Model memory: 170436
[2025.05.09-14.10.08:672][378]LogVoxelMeshingProfiling: Display: Scenario name: UEDPIE_0_Map_RLE_Scenario19; Voxel Model memory: 170436
[2025.05.09-14.10.08:674][378]LogVoxelMeshingProfiling: Display: Scenario name: UEDPIE_0_Map_RLE_Scenario19; Voxel Model memory: 170436
[2025.05.09-14.10.08:674][378]LogVoxelMeshingProfiling: Display: Scenario name: UEDPIE_0_Map_RLE_Scenario19; Voxel Model memory: 170436
[2025.05.09-14.10.08:676][378]LogVoxelMeshingProfiling: Display: Scenario name: UEDPIE_0_Map_RLE_Scenario19; Voxel Model memory: 170436
[2025.05.09-14.10.08:676][378]LogVoxelMeshingProfiling: Display: Scenario name: UEDPIE_0_Map_RLE_Scenario19; Voxel Model memory: 170436
[2025.05.09-14.10.08:689][378]LogVoxelMeshingProfiling: Display: Scenario name: UEDPIE_0_Map_RLE_Scenario19; Voxel Model memory: 170436
[2025.05.09-14.10.08:690][378]LogVoxelMeshingProfiling: Display: Scenario name: UEDPIE_0_Map_RLE_Scenario19; Voxel Model memory: 170436
[2025.05.09-14.10.08:691][378]LogVoxelMeshingProfiling: Display: Scenario name: UEDPIE_0_Map_RLE_Scenario19; Voxel Model memory: 170436
[2025.05.09-14.10.08:692][378]LogVoxelMeshingProfiling: Display: Scenario name: UEDPIE_0_Map_RLE_Scenario19; Voxel Model memory: 170436
[2025.05.09-14.10.08:696][378]LogVoxelMeshingProfiling: Display: Scenario name: UEDPIE_0_Map_RLE_Scenario19; Voxel Model memory: 170436
[2025.05.09-14.10.08:697][378]LogVoxelMeshingProfiling: Display: Scenario name: UEDPIE_0_Map_RLE_Scenario19; Voxel Model memory: 170436
[2025.05.09-14.10.08:697][378]LogVoxelMeshingProfiling: Display: Scenario name: UEDPIE_0_Map_RLE_Scenario19; Voxel Model memory: 170436
[2025.05.09-14.10.08:707][379]LogVoxelMeshingProfiling: Display: Scenario name: UEDPIE_0_Map_RLE_Scenario19; Voxel Model memory: 170436
[2025.05.09-14.10.08:707][379]LogVoxelMeshingProfiling: Display: Scenario name: UEDPIE_0_Map_RLE_Scenario19; Voxel Model memory: 170436
[2025.05.09-14.10.08:710][379]LogVoxelMeshingProfiling: Display: Scenario name: UEDPIE_0_Map_RLE_Scenario19; Voxel Model memory: 170436
[2025.05.09-14.10.08:710][379]LogVoxelMeshingProfiling: Display: Scenario name: UEDPIE_0_Map_RLE_Scenario19; Voxel Model memory: 170436
[2025.05.09-14.10.08:715][379]LogVoxelMeshingProfiling: Display: Scenario name: UEDPIE_0_Map_RLE_Scenario19; Voxel Model memory: 170436
[2025.05.09-14.10.08:716][379]LogVoxelMeshingProfiling: Display: Scenario name: UEDPIE_0_Map_RLE_Scenario19; Voxel Model memory: 170436
[2025.05.09-14.10.08:716][379]LogVoxelMeshingProfiling: Display: Scenario name: UEDPIE_0_Map_RLE_Scenario19; Voxel Model memory: 170436
[2025.05.09-14.10.08:727][379]LogVoxelMeshingProfiling: Display: Scenario name: UEDPIE_0_Map_RLE_Scenario19; Voxel Model memory: 170436
[2025.05.09-14.10.08:728][379]LogVoxelMeshingProfiling: Display: Scenario name: UEDPIE_0_Map_RLE_Scenario19; Voxel Model memory: 170436
[2025.05.09-14.10.08:730][379]LogVoxelMeshingProfiling: Display: Scenario name: UEDPIE_0_Map_RLE_Scenario19; Voxel Model memory: 170436
[2025.05.09-14.10.08:733][379]LogVoxelMeshingProfiling: Display: Scenario name: UEDPIE_0_Map_RLE_Scenario19; Voxel Model memory: 170436
[2025.05.09-14.10.08:733][379]LogVoxelMeshingProfiling: Display: Scenario name: UEDPIE_0_Map_RLE_Scenario19; Voxel Model memory: 170436
[2025.05.09-14.10.08:733][379]LogVoxelMeshingProfiling: Display: Scenario name: UEDPIE_0_Map_RLE_Scenario19; Voxel Model memory: 170436
[2025.05.09-14.10.08:761][379]LogVoxelMeshingProfiling: Display: Scenario name: UEDPIE_0_Map_RLE_Scenario19; Vertices: 160080
[2025.05.09-14.10.08:791][379]LogVoxelMeshingProfiling: Display: Scenario name: UEDPIE_0_Map_RLE_Scenario19; Vertices: 163512
[2025.05.09-14.10.08:828][380]LogVoxelMeshingProfiling: Display: Scenario name: UEDPIE_0_Map_RLE_Scenario19; Vertices: 161472
[2025.05.09-14.10.08:871][382]LogVoxelMeshingProfiling: Display: Scenario name: UEDPIE_0_Map_RLE_Scenario19; Vertices: 159600
[2025.05.09-14.10.08:915][383]LogVoxelMeshingProfiling: Display: Scenario name: UEDPIE_0_Map_RLE_Scenario19; Vertices: 160152
[2025.05.09-14.10.08:963][384]LogVoxelMeshingProfiling: Display: Scenario name: UEDPIE_0_Map_RLE_Scenario19; Vertices: 161900
[2025.05.09-14.10.09:019][385]LogVoxelMeshingProfiling: Display: Scenario name: UEDPIE_0_Map_RLE_Scenario19; Vertices: 160368
[2025.05.09-14.10.09:059][385]LogVoxelMeshingProfiling: Display: Scenario name: UEDPIE_0_Map_RLE_Scenario19; Vertices: 160848
[2025.05.09-14.10.09:118][386]LogVoxelMeshingProfiling: Display: Scenario name: UEDPIE_0_Map_RLE_Scenario19; Vertices: 161112
[2025.05.09-14.10.09:165][387]LogVoxelMeshingProfiling: Display: Scenario name: UEDPIE_0_Map_RLE_Scenario19; Vertices: 160868
[2025.05.09-14.10.09:214][388]LogVoxelMeshingProfiling: Display: Scenario name: UEDPIE_0_Map_RLE_Scenario19; Vertices: 161184
[2025.05.09-14.10.09:261][389]LogVoxelMeshingProfiling: Display: Scenario name: UEDPIE_0_Map_RLE_Scenario19; Vertices: 161664
[2025.05.09-14.10.09:303][390]LogVoxelMeshingProfiling: Display: Scenario name: UEDPIE_0_Map_RLE_Scenario19; Vertices: 162000
[2025.05.09-14.10.09:350][390]LogVoxelMeshingProfiling: Display: Scenario name: UEDPIE_0_Map_RLE_Scenario19; Vertices: 160056
[2025.05.09-14.10.09:394][391]LogVoxelMeshingProfiling: Display: Scenario name: UEDPIE_0_Map_RLE_Scenario19; Vertices: 158640
[2025.05.09-14.10.09:443][392]LogVoxelMeshingProfiling: Display: Scenario name: UEDPIE_0_Map_RLE_Scenario19; Vertices: 159888
[2025.05.09-14.10.09:494][392]LogVoxelMeshingProfiling: Display: Scenario name: UEDPIE_0_Map_RLE_Scenario19; Vertices: 162432
[2025.05.09-14.10.09:544][392]LogVoxelMeshingProfiling: Display: Scenario name: UEDPIE_0_Map_RLE_Scenario19; Vertices: 161592
[2025.05.09-14.10.09:592][393]LogVoxelMeshingProfiling: Display: Scenario name: UEDPIE_0_Map_RLE_Scenario19; Vertices: 160176
[2025.05.09-14.10.09:657][393]LogVoxelMeshingProfiling: Display: Scenario name: UEDPIE_0_Map_RLE_Scenario19; Vertices: 160728
[2025.05.09-14.10.09:705][394]LogVoxelMeshingProfiling: Display: Scenario name: UEDPIE_0_Map_RLE_Scenario19; Vertices: 161568
[2025.05.09-14.10.09:751][394]LogVoxelMeshingProfiling: Display: Scenario name: UEDPIE_0_Map_RLE_Scenario19; Vertices: 161352
[2025.05.09-14.10.09:803][395]LogVoxelMeshingProfiling: Display: Scenario name: UEDPIE_0_Map_RLE_Scenario19; Vertices: 159336
[2025.05.09-14.10.09:852][395]LogVoxelMeshingProfiling: Display: Scenario name: UEDPIE_0_Map_RLE_Scenario19; Vertices: 160440
[2025.05.09-14.10.09:908][396]LogVoxelMeshingProfiling: Display: Scenario name: UEDPIE_0_Map_RLE_Scenario19; Vertices: 161616
[2025.05.09-14.10.09:949][396]LogVoxelMeshingProfiling: Display: Scenario name: UEDPIE_0_Map_RLE_Scenario19; Vertices: 162768
[2025.05.09-14.10.09:995][397]LogVoxelMeshingProfiling: Display: Scenario name: UEDPIE_0_Map_RLE_Scenario19; Vertices: 159260
[2025.05.09-14.10.17:653][770]LogVoxelMeshingProfiling: Display: Scenario name: UEDPIE_0_Map_VoxelPlugin_Scenario19; Voxel Model memory: 262144
[2025.05.09-14.10.17:654][770]LogVoxelMeshingProfiling: Display: Scenario name: UEDPIE_0_Map_VoxelPlugin_Scenario19; OpaqueVoxelCount: 24658; TransparentVoxelCount: 8110
[2025.05.09-14.10.17:663][770]LogVoxelMeshingProfiling: Display: Scenario name: UEDPIE_0_Map_VoxelPlugin_Scenario19; Voxel Model memory: 262144
[2025.05.09-14.10.17:663][770]LogVoxelMeshingProfiling: Display: Scenario name: UEDPIE_0_Map_VoxelPlugin_Scenario19; OpaqueVoxelCount: 24664; TransparentVoxelCount: 8104
[2025.05.09-14.10.17:665][770]LogVoxelMeshingProfiling: Display: Scenario name: UEDPIE_0_Map_VoxelPlugin_Scenario19; Voxel Model memory: 262144
[2025.05.09-14.10.17:665][770]LogVoxelMeshingProfiling: Display: Scenario name: UEDPIE_0_Map_VoxelPlugin_Scenario19; OpaqueVoxelCount: 24640; TransparentVoxelCount: 8128
[2025.05.09-14.10.17:668][770]LogVoxelMeshingProfiling: Display: Scenario name: UEDPIE_0_Map_VoxelPlugin_Scenario19; Voxel Model memory: 262144
[2025.05.09-14.10.17:668][770]LogVoxelMeshingProfiling: Display: Scenario name: UEDPIE_0_Map_VoxelPlugin_Scenario19; OpaqueVoxelCount: 24547; TransparentVoxelCount: 8221
[2025.05.09-14.10.17:671][770]LogVoxelMeshingProfiling: Display: Scenario name: UEDPIE_0_Map_VoxelPlugin_Scenario19; Voxel Model memory: 262144
[2025.05.09-14.10.17:671][770]LogVoxelMeshingProfiling: Display: Scenario name: UEDPIE_0_Map_VoxelPlugin_Scenario19; OpaqueVoxelCount: 24677; TransparentVoxelCount: 8091
[2025.05.09-14.10.17:672][770]LogVoxelMeshingProfiling: Display: Scenario name: UEDPIE_0_Map_VoxelPlugin_Scenario19; Voxel Model memory: 262144
[2025.05.09-14.10.17:672][770]LogVoxelMeshingProfiling: Display: Scenario name: UEDPIE_0_Map_VoxelPlugin_Scenario19; OpaqueVoxelCount: 24609; TransparentVoxelCount: 8159
[2025.05.09-14.10.17:672][770]LogVoxelMeshingProfiling: Display: Scenario name: UEDPIE_0_Map_VoxelPlugin_Scenario19; Voxel Model memory: 262144
[2025.05.09-14.10.17:672][770]LogVoxelMeshingProfiling: Display: Scenario name: UEDPIE_0_Map_VoxelPlugin_Scenario19; OpaqueVoxelCount: 24539; TransparentVoxelCount: 8229
[2025.05.09-14.10.17:682][770]LogVoxelMeshingProfiling: Display: Scenario name: UEDPIE_0_Map_VoxelPlugin_Scenario19; Voxel Model memory: 262144
[2025.05.09-14.10.17:682][770]LogVoxelMeshingProfiling: Display: Scenario name: UEDPIE_0_Map_VoxelPlugin_Scenario19; OpaqueVoxelCount: 24631; TransparentVoxelCount: 8137
[2025.05.09-14.10.17:683][770]LogVoxelMeshingProfiling: Display: Scenario name: UEDPIE_0_Map_VoxelPlugin_Scenario19; Voxel Model memory: 262144
[2025.05.09-14.10.17:683][770]LogVoxelMeshingProfiling: Display: Scenario name: UEDPIE_0_Map_VoxelPlugin_Scenario19; OpaqueVoxelCount: 24520; TransparentVoxelCount: 8248
[2025.05.09-14.10.17:689][770]LogVoxelMeshingProfiling: Display: Scenario name: UEDPIE_0_Map_VoxelPlugin_Scenario19; Voxel Model memory: 262144
[2025.05.09-14.10.17:689][770]LogVoxelMeshingProfiling: Display: Scenario name: UEDPIE_0_Map_VoxelPlugin_Scenario19; OpaqueVoxelCount: 24695; TransparentVoxelCount: 8073
[2025.05.09-14.10.17:690][770]LogVoxelMeshingProfiling: Display: Scenario name: UEDPIE_0_Map_VoxelPlugin_Scenario19; Voxel Model memory: 262144
[2025.05.09-14.10.17:690][770]LogVoxelMeshingProfiling: Display: Scenario name: UEDPIE_0_Map_VoxelPlugin_Scenario19; OpaqueVoxelCount: 24693; TransparentVoxelCount: 8075
[2025.05.09-14.10.17:692][770]LogVoxelMeshingProfiling: Display: Scenario name: UEDPIE_0_Map_VoxelPlugin_Scenario19; Voxel Model memory: 262144
[2025.05.09-14.10.17:692][770]LogVoxelMeshingProfiling: Display: Scenario name: UEDPIE_0_Map_VoxelPlugin_Scenario19; OpaqueVoxelCount: 24550; TransparentVoxelCount: 8218
[2025.05.09-14.10.17:693][770]LogVoxelMeshingProfiling: Display: Scenario name: UEDPIE_0_Map_VoxelPlugin_Scenario19; Voxel Model memory: 262144
[2025.05.09-14.10.17:693][770]LogVoxelMeshingProfiling: Display: Scenario name: UEDPIE_0_Map_VoxelPlugin_Scenario19; OpaqueVoxelCount: 24655; TransparentVoxelCount: 8113
[2025.05.09-14.10.17:693][770]LogVoxelMeshingProfiling: Display: Scenario name: UEDPIE_0_Map_VoxelPlugin_Scenario19; Voxel Model memory: 262144
[2025.05.09-14.10.17:693][770]LogVoxelMeshingProfiling: Display: Scenario name: UEDPIE_0_Map_VoxelPlugin_Scenario19; OpaqueVoxelCount: 24575; TransparentVoxelCount: 8193
[2025.05.09-14.10.17:707][770]LogVoxelMeshingProfiling: Display: Scenario name: UEDPIE_0_Map_VoxelPlugin_Scenario19; Voxel Model memory: 262144
[2025.05.09-14.10.17:707][770]LogVoxelMeshingProfiling: Display: Scenario name: UEDPIE_0_Map_VoxelPlugin_Scenario19; OpaqueVoxelCount: 24688; TransparentVoxelCount: 8080
[2025.05.09-14.10.17:709][770]LogVoxelMeshingProfiling: Display: Scenario name: UEDPIE_0_Map_VoxelPlugin_Scenario19; Voxel Model memory: 262144
[2025.05.09-14.10.17:709][770]LogVoxelMeshingProfiling: Display: Scenario name: UEDPIE_0_Map_VoxelPlugin_Scenario19; OpaqueVoxelCount: 24567; TransparentVoxelCount: 8201
[2025.05.09-14.10.17:709][770]LogVoxelMeshingProfiling: Display: Scenario name: UEDPIE_0_Map_VoxelPlugin_Scenario19; Voxel Model memory: 262144
[2025.05.09-14.10.17:709][770]LogVoxelMeshingProfiling: Display: Scenario name: UEDPIE_0_Map_VoxelPlugin_Scenario19; OpaqueVoxelCount: 24632; TransparentVoxelCount: 8136
[2025.05.09-14.10.17:711][770]LogVoxelMeshingProfiling: Display: Scenario name: UEDPIE_0_Map_VoxelPlugin_Scenario19; Voxel Model memory: 262144
[2025.05.09-14.10.17:711][770]LogVoxelMeshingProfiling: Display: Scenario name: UEDPIE_0_Map_VoxelPlugin_Scenario19; OpaqueVoxelCount: 24525; TransparentVoxelCount: 8243
[2025.05.09-14.10.17:717][770]LogVoxelMeshingProfiling: Display: Scenario name: UEDPIE_0_Map_VoxelPlugin_Scenario19; Voxel Model memory: 262144
[2025.05.09-14.10.17:717][770]LogVoxelMeshingProfiling: Display: Scenario name: UEDPIE_0_Map_VoxelPlugin_Scenario19; OpaqueVoxelCount: 24623; TransparentVoxelCount: 8145
[2025.05.09-14.10.17:717][770]LogVoxelMeshingProfiling: Display: Scenario name: UEDPIE_0_Map_VoxelPlugin_Scenario19; Voxel Model memory: 262144
[2025.05.09-14.10.17:717][770]LogVoxelMeshingProfiling: Display: Scenario name: UEDPIE_0_Map_VoxelPlugin_Scenario19; OpaqueVoxelCount: 24603; TransparentVoxelCount: 8165
[2025.05.09-14.10.17:717][770]LogVoxelMeshingProfiling: Display: Scenario name: UEDPIE_0_Map_VoxelPlugin_Scenario19; Voxel Model memory: 262144
[2025.05.09-14.10.17:717][770]LogVoxelMeshingProfiling: Display: Scenario name: UEDPIE_0_Map_VoxelPlugin_Scenario19; OpaqueVoxelCount: 24620; TransparentVoxelCount: 8148
[2025.05.09-14.10.17:730][770]LogVoxelMeshingProfiling: Display: Scenario name: UEDPIE_0_Map_VoxelPlugin_Scenario19; Voxel Model memory: 262144
[2025.05.09-14.10.17:730][770]LogVoxelMeshingProfiling: Display: Scenario name: UEDPIE_0_Map_VoxelPlugin_Scenario19; OpaqueVoxelCount: 24631; TransparentVoxelCount: 8137
[2025.05.09-14.10.17:730][770]LogVoxelMeshingProfiling: Display: Scenario name: UEDPIE_0_Map_VoxelPlugin_Scenario19; Voxel Model memory: 262144
[2025.05.09-14.10.17:730][770]LogVoxelMeshingProfiling: Display: Scenario name: UEDPIE_0_Map_VoxelPlugin_Scenario19; OpaqueVoxelCount: 24448; TransparentVoxelCount: 8320
[2025.05.09-14.10.17:731][770]LogVoxelMeshingProfiling: Display: Scenario name: UEDPIE_0_Map_VoxelPlugin_Scenario19; Voxel Model memory: 262144
[2025.05.09-14.10.17:731][770]LogVoxelMeshingProfiling: Display: Scenario name: UEDPIE_0_Map_VoxelPlugin_Scenario19; OpaqueVoxelCount: 24711; TransparentVoxelCount: 8057
[2025.05.09-14.10.17:731][770]LogVoxelMeshingProfiling: Display: Scenario name: UEDPIE_0_Map_VoxelPlugin_Scenario19; Voxel Model memory: 262144
[2025.05.09-14.10.17:731][770]LogVoxelMeshingProfiling: Display: Scenario name: UEDPIE_0_Map_VoxelPlugin_Scenario19; OpaqueVoxelCount: 24608; TransparentVoxelCount: 8160
[2025.05.09-14.10.17:735][770]LogVoxelMeshingProfiling: Display: Scenario name: UEDPIE_0_Map_VoxelPlugin_Scenario19; Voxel Model memory: 262144
[2025.05.09-14.10.17:735][770]LogVoxelMeshingProfiling: Display: Scenario name: UEDPIE_0_Map_VoxelPlugin_Scenario19; OpaqueVoxelCount: 24668; TransparentVoxelCount: 8100
[2025.05.09-14.10.17:735][770]LogVoxelMeshingProfiling: Display: Scenario name: UEDPIE_0_Map_VoxelPlugin_Scenario19; Voxel Model memory: 262144
[2025.05.09-14.10.17:735][770]LogVoxelMeshingProfiling: Display: Scenario name: UEDPIE_0_Map_VoxelPlugin_Scenario19; OpaqueVoxelCount: 24487; TransparentVoxelCount: 8281
[2025.05.09-14.10.17:832][771]LogVoxelMeshingProfiling: Display: Scenario name: Map_VoxelPlugin_Scenario19; Vertices: 148060
[2025.05.09-14.10.17:838][771]LogVoxelMeshingProfiling: Display: Scenario name: Map_VoxelPlugin_Scenario19; Vertices: 152092
[2025.05.09-14.10.17:906][772]LogVoxelMeshingProfiling: Display: Scenario name: Map_VoxelPlugin_Scenario19; Vertices: 153472
[2025.05.09-14.10.17:907][772]LogVoxelMeshingProfiling: Display: Scenario name: Map_VoxelPlugin_Scenario19; Vertices: 155416
[2025.05.09-14.10.17:995][776]LogVoxelMeshingProfiling: Display: Scenario name: Map_VoxelPlugin_Scenario19; Vertices: 155880
[2025.05.09-14.10.18:242][782]LogVoxelMeshingProfiling: Display: Scenario name: Map_VoxelPlugin_Scenario19; Vertices: 150468
[2025.05.09-14.10.18:278][784]LogVoxelMeshingProfiling: Display: Scenario name: Map_VoxelPlugin_Scenario19; Vertices: 152120
[2025.05.09-14.10.18:317][786]LogVoxelMeshingProfiling: Display: Scenario name: Map_VoxelPlugin_Scenario19; Vertices: 151996
[2025.05.09-14.10.18:428][792]LogVoxelMeshingProfiling: Display: Scenario name: Map_VoxelPlugin_Scenario19; Vertices: 154832
[2025.05.09-14.10.18:441][793]LogVoxelMeshingProfiling: Display: Scenario name: Map_VoxelPlugin_Scenario19; Vertices: 150664
[2025.05.09-14.10.18:543][799]LogVoxelMeshingProfiling: Display: Scenario name: Map_VoxelPlugin_Scenario19; Vertices: 146468
[2025.05.09-14.10.18:639][804]LogVoxelMeshingProfiling: Display: Scenario name: Map_VoxelPlugin_Scenario19; Vertices: 149480
[2025.05.09-14.10.18:646][804]LogVoxelMeshingProfiling: Display: Scenario name: Map_VoxelPlugin_Scenario19; Vertices: 149800
[2025.05.09-14.10.18:747][810]LogVoxelMeshingProfiling: Display: Scenario name: Map_VoxelPlugin_Scenario19; Vertices: 150032
[2025.05.09-14.10.18:751][811]LogVoxelMeshingProfiling: Display: Scenario name: Map_VoxelPlugin_Scenario19; Vertices: 152096
[2025.05.09-14.10.18:923][820]LogVoxelMeshingProfiling: Display: Scenario name: Map_VoxelPlugin_Scenario19; Vertices: 149752
[2025.05.09-14.10.18:927][821]LogVoxelMeshingProfiling: Display: Scenario name: Map_VoxelPlugin_Scenario19; Vertices: 151464
[2025.05.09-14.10.19:008][825]LogVoxelMeshingProfiling: Display: Scenario name: Map_VoxelPlugin_Scenario19; Vertices: 153308
[2025.05.09-14.10.19:183][835]LogVoxelMeshingProfiling: Display: Scenario name: Map_VoxelPlugin_Scenario19; Vertices: 151632
[2025.05.09-14.10.19:193][836]LogVoxelMeshingProfiling: Display: Scenario name: Map_VoxelPlugin_Scenario19; Vertices: 147944
[2025.05.09-14.10.19:275][841]LogVoxelMeshingProfiling: Display: Scenario name: Map_VoxelPlugin_Scenario19; Vertices: 152444
[2025.05.09-14.10.19:284][841]LogVoxelMeshingProfiling: Display: Scenario name: Map_VoxelPlugin_Scenario19; Vertices: 152844
[2025.05.09-14.10.19:448][851]LogVoxelMeshingProfiling: Display: Scenario name: Map_VoxelPlugin_Scenario19; Vertices: 150444
[2025.05.09-14.10.19:478][853]LogVoxelMeshingProfiling: Display: Scenario name: Map_VoxelPlugin_Scenario19; Vertices: 153272
[2025.05.09-14.10.19:537][856]LogVoxelMeshingProfiling: Display: Scenario name: Map_VoxelPlugin_Scenario19; Vertices: 150544
[2025.05.09-14.10.19:639][862]LogVoxelMeshingProfiling: Display: Scenario name: Map_VoxelPlugin_Scenario19; Vertices: 153636
[2025.05.09-14.10.19:693][865]LogVoxelMeshingProfiling: Display: Scenario name: Map_VoxelPlugin_Scenario19; Vertices: 153824
