[2025.05.08-08.55.01:151][914]LogVoxelMeshingProfiling: Display: Scenario name: UEDPIE_0_Map_Grid_Scenario2; Voxel Model memory: 262144
[2025.05.08-08.55.01:151][914]LogVoxelMeshingProfiling: Display: Scenario name: UEDPIE_0_Map_Grid_Scenario2; OpaqueVoxelCount: 16384; TransparentVoxelCount: 16384
[2025.05.08-08.55.01:160][914]LogVoxelMeshingProfiling: Display: Scenario name: UEDPIE_0_Map_Grid_Scenario2; Voxel Model memory: 262144
[2025.05.08-08.55.01:160][914]LogVoxelMeshingProfiling: Display: Scenario name: UEDPIE_0_Map_Grid_Scenario2; OpaqueVoxelCount: 16384; TransparentVoxelCount: 16384
[2025.05.08-08.55.01:161][914]LogVoxelMeshingProfiling: Display: Scenario name: UEDPIE_0_Map_Grid_Scenario2; Voxel Model memory: 262144
[2025.05.08-08.55.01:161][914]LogVoxelMeshingProfiling: Display: Scenario name: UEDPIE_0_Map_Grid_Scenario2; OpaqueVoxelCount: 16384; TransparentVoxelCount: 16384
[2025.05.08-08.55.01:161][914]LogVoxelMeshingProfiling: Display: Scenario name: UEDPIE_0_Map_Grid_Scenario2; Voxel Model memory: 262144
[2025.05.08-08.55.01:162][914]LogVoxelMeshingProfiling: Display: Scenario name: UEDPIE_0_Map_Grid_Scenario2; OpaqueVoxelCount: 16384; TransparentVoxelCount: 16384
[2025.05.08-08.55.01:162][914]LogVoxelMeshingProfiling: Display: Scenario name: UEDPIE_0_Map_Grid_Scenario2; Voxel Model memory: 262144
[2025.05.08-08.55.01:162][914]LogVoxelMeshingProfiling: Display: Scenario name: UEDPIE_0_Map_Grid_Scenario2; OpaqueVoxelCount: 16384; TransparentVoxelCount: 16384
[2025.05.08-08.55.01:163][914]LogVoxelMeshingProfiling: Display: Scenario name: UEDPIE_0_Map_Grid_Scenario2; Voxel Model memory: 262144
[2025.05.08-08.55.01:163][914]LogVoxelMeshingProfiling: Display: Scenario name: UEDPIE_0_Map_Grid_Scenario2; OpaqueVoxelCount: 16384; TransparentVoxelCount: 16384
[2025.05.08-08.55.01:163][914]LogVoxelMeshingProfiling: Display: Scenario name: UEDPIE_0_Map_Grid_Scenario2; Voxel Model memory: 262144
[2025.05.08-08.55.01:163][914]LogVoxelMeshingProfiling: Display: Scenario name: UEDPIE_0_Map_Grid_Scenario2; OpaqueVoxelCount: 16384; TransparentVoxelCount: 16384
[2025.05.08-08.55.01:173][914]LogVoxelMeshingProfiling: Display: Scenario name: UEDPIE_0_Map_Grid_Scenario2; Voxel Model memory: 262144
[2025.05.08-08.55.01:173][914]LogVoxelMeshingProfiling: Display: Scenario name: UEDPIE_0_Map_Grid_Scenario2; OpaqueVoxelCount: 16384; TransparentVoxelCount: 16384
[2025.05.08-08.55.01:173][914]LogVoxelMeshingProfiling: Display: Scenario name: UEDPIE_0_Map_Grid_Scenario2; Voxel Model memory: 262144
[2025.05.08-08.55.01:174][914]LogVoxelMeshingProfiling: Display: Scenario name: UEDPIE_0_Map_Grid_Scenario2; OpaqueVoxelCount: 16384; TransparentVoxelCount: 16384
[2025.05.08-08.55.01:174][914]LogVoxelMeshingProfiling: Display: Scenario name: UEDPIE_0_Map_Grid_Scenario2; Voxel Model memory: 262144
[2025.05.08-08.55.01:174][914]LogVoxelMeshingProfiling: Display: Scenario name: UEDPIE_0_Map_Grid_Scenario2; OpaqueVoxelCount: 16384; TransparentVoxelCount: 16384
[2025.05.08-08.55.01:174][914]LogVoxelMeshingProfiling: Display: Scenario name: UEDPIE_0_Map_Grid_Scenario2; Voxel Model memory: 262144
[2025.05.08-08.55.01:174][914]LogVoxelMeshingProfiling: Display: Scenario name: UEDPIE_0_Map_Grid_Scenario2; OpaqueVoxelCount: 16384; TransparentVoxelCount: 16384
[2025.05.08-08.55.01:177][914]LogVoxelMeshingProfiling: Display: Scenario name: UEDPIE_0_Map_Grid_Scenario2; Voxel Model memory: 262144
[2025.05.08-08.55.01:177][914]LogVoxelMeshingProfiling: Display: Scenario name: UEDPIE_0_Map_Grid_Scenario2; OpaqueVoxelCount: 16384; TransparentVoxelCount: 16384
[2025.05.08-08.55.01:177][914]LogVoxelMeshingProfiling: Display: Scenario name: UEDPIE_0_Map_Grid_Scenario2; Voxel Model memory: 262144
[2025.05.08-08.55.01:177][914]LogVoxelMeshingProfiling: Display: Scenario name: UEDPIE_0_Map_Grid_Scenario2; OpaqueVoxelCount: 16384; TransparentVoxelCount: 16384
[2025.05.08-08.55.01:178][914]LogVoxelMeshingProfiling: Display: Scenario name: UEDPIE_0_Map_Grid_Scenario2; Voxel Model memory: 262144
[2025.05.08-08.55.01:178][914]LogVoxelMeshingProfiling: Display: Scenario name: UEDPIE_0_Map_Grid_Scenario2; OpaqueVoxelCount: 16384; TransparentVoxelCount: 16384
[2025.05.08-08.55.01:186][914]LogVoxelMeshingProfiling: Display: Scenario name: UEDPIE_0_Map_Grid_Scenario2; Voxel Model memory: 262144
[2025.05.08-08.55.01:186][914]LogVoxelMeshingProfiling: Display: Scenario name: UEDPIE_0_Map_Grid_Scenario2; OpaqueVoxelCount: 16384; TransparentVoxelCount: 16384
[2025.05.08-08.55.01:186][914]LogVoxelMeshingProfiling: Display: Scenario name: UEDPIE_0_Map_Grid_Scenario2; Voxel Model memory: 262144
[2025.05.08-08.55.01:186][914]LogVoxelMeshingProfiling: Display: Scenario name: UEDPIE_0_Map_Grid_Scenario2; OpaqueVoxelCount: 16384; TransparentVoxelCount: 16384
[2025.05.08-08.55.01:186][914]LogVoxelMeshingProfiling: Display: Scenario name: UEDPIE_0_Map_Grid_Scenario2; Voxel Model memory: 262144
[2025.05.08-08.55.01:186][914]LogVoxelMeshingProfiling: Display: Scenario name: UEDPIE_0_Map_Grid_Scenario2; OpaqueVoxelCount: 16384; TransparentVoxelCount: 16384
[2025.05.08-08.55.01:189][914]LogVoxelMeshingProfiling: Display: Scenario name: UEDPIE_0_Map_Grid_Scenario2; Voxel Model memory: 262144
[2025.05.08-08.55.01:189][914]LogVoxelMeshingProfiling: Display: Scenario name: UEDPIE_0_Map_Grid_Scenario2; OpaqueVoxelCount: 16384; TransparentVoxelCount: 16384
[2025.05.08-08.55.01:192][914]LogVoxelMeshingProfiling: Display: Scenario name: UEDPIE_0_Map_Grid_Scenario2; Voxel Model memory: 262144
[2025.05.08-08.55.01:192][914]LogVoxelMeshingProfiling: Display: Scenario name: UEDPIE_0_Map_Grid_Scenario2; OpaqueVoxelCount: 16384; TransparentVoxelCount: 16384
[2025.05.08-08.55.01:192][914]LogVoxelMeshingProfiling: Display: Scenario name: UEDPIE_0_Map_Grid_Scenario2; Voxel Model memory: 262144
[2025.05.08-08.55.01:193][914]LogVoxelMeshingProfiling: Display: Scenario name: UEDPIE_0_Map_Grid_Scenario2; OpaqueVoxelCount: 16384; TransparentVoxelCount: 16384
[2025.05.08-08.55.01:193][914]LogVoxelMeshingProfiling: Display: Scenario name: UEDPIE_0_Map_Grid_Scenario2; Voxel Model memory: 262144
[2025.05.08-08.55.01:193][914]LogVoxelMeshingProfiling: Display: Scenario name: UEDPIE_0_Map_Grid_Scenario2; OpaqueVoxelCount: 16384; TransparentVoxelCount: 16384
[2025.05.08-08.55.01:200][914]LogVoxelMeshingProfiling: Display: Scenario name: UEDPIE_0_Map_Grid_Scenario2; Voxel Model memory: 262144
[2025.05.08-08.55.01:200][914]LogVoxelMeshingProfiling: Display: Scenario name: UEDPIE_0_Map_Grid_Scenario2; OpaqueVoxelCount: 16384; TransparentVoxelCount: 16384
[2025.05.08-08.55.01:200][914]LogVoxelMeshingProfiling: Display: Scenario name: UEDPIE_0_Map_Grid_Scenario2; Voxel Model memory: 262144
[2025.05.08-08.55.01:200][914]LogVoxelMeshingProfiling: Display: Scenario name: UEDPIE_0_Map_Grid_Scenario2; OpaqueVoxelCount: 16384; TransparentVoxelCount: 16384
[2025.05.08-08.55.01:201][914]LogVoxelMeshingProfiling: Display: Scenario name: UEDPIE_0_Map_Grid_Scenario2; Voxel Model memory: 262144
[2025.05.08-08.55.01:201][914]LogVoxelMeshingProfiling: Display: Scenario name: UEDPIE_0_Map_Grid_Scenario2; OpaqueVoxelCount: 16384; TransparentVoxelCount: 16384
[2025.05.08-08.55.01:202][914]LogVoxelMeshingProfiling: Display: Scenario name: UEDPIE_0_Map_Grid_Scenario2; Voxel Model memory: 262144
[2025.05.08-08.55.01:202][914]LogVoxelMeshingProfiling: Display: Scenario name: UEDPIE_0_Map_Grid_Scenario2; OpaqueVoxelCount: 16384; TransparentVoxelCount: 16384
[2025.05.08-08.55.01:203][914]LogVoxelMeshingProfiling: Display: Scenario name: UEDPIE_0_Map_Grid_Scenario2; Voxel Model memory: 262144
[2025.05.08-08.55.01:203][914]LogVoxelMeshingProfiling: Display: Scenario name: UEDPIE_0_Map_Grid_Scenario2; OpaqueVoxelCount: 16384; TransparentVoxelCount: 16384
[2025.05.08-08.55.01:203][914]LogVoxelMeshingProfiling: Display: Scenario name: UEDPIE_0_Map_Grid_Scenario2; Voxel Model memory: 262144
[2025.05.08-08.55.01:203][914]LogVoxelMeshingProfiling: Display: Scenario name: UEDPIE_0_Map_Grid_Scenario2; OpaqueVoxelCount: 16384; TransparentVoxelCount: 16384
[2025.05.08-08.55.01:209][914]LogVoxelMeshingProfiling: Display: Scenario name: UEDPIE_0_Map_Grid_Scenario2; Vertices: 8
[2025.05.08-08.55.01:212][914]LogVoxelMeshingProfiling: Display: Scenario name: UEDPIE_0_Map_Grid_Scenario2; Vertices: 8
[2025.05.08-08.55.01:216][914]LogVoxelMeshingProfiling: Display: Scenario name: UEDPIE_0_Map_Grid_Scenario2; Vertices: 12
[2025.05.08-08.55.01:221][914]LogVoxelMeshingProfiling: Display: Scenario name: UEDPIE_0_Map_Grid_Scenario2; Vertices: 12
[2025.05.08-08.55.01:223][914]LogVoxelMeshingProfiling: Display: Scenario name: UEDPIE_0_Map_Grid_Scenario2; Vertices: 8
[2025.05.08-08.55.01:225][914]LogVoxelMeshingProfiling: Display: Scenario name: UEDPIE_0_Map_Grid_Scenario2; Vertices: 12
[2025.05.08-08.55.01:229][914]LogVoxelMeshingProfiling: Display: Scenario name: UEDPIE_0_Map_Grid_Scenario2; Vertices: 12
[2025.05.08-08.55.01:231][914]LogVoxelMeshingProfiling: Display: Scenario name: UEDPIE_0_Map_Grid_Scenario2; Vertices: 12
[2025.05.08-08.55.01:243][914]LogVoxelMeshingProfiling: Display: Scenario name: UEDPIE_0_Map_Grid_Scenario2; Vertices: 12
[2025.05.08-08.55.01:243][914]LogVoxelMeshingProfiling: Display: Scenario name: UEDPIE_0_Map_Grid_Scenario2; Vertices: 12
[2025.05.08-08.55.01:245][914]LogVoxelMeshingProfiling: Display: Scenario name: UEDPIE_0_Map_Grid_Scenario2; Vertices: 12
[2025.05.08-08.55.01:248][914]LogVoxelMeshingProfiling: Display: Scenario name: UEDPIE_0_Map_Grid_Scenario2; Vertices: 12
[2025.05.08-08.55.01:250][914]LogVoxelMeshingProfiling: Display: Scenario name: UEDPIE_0_Map_Grid_Scenario2; Vertices: 16
[2025.05.08-08.55.01:254][915]LogVoxelMeshingProfiling: Display: Scenario name: UEDPIE_0_Map_Grid_Scenario2; Vertices: 16
[2025.05.08-08.55.01:258][915]LogVoxelMeshingProfiling: Display: Scenario name: UEDPIE_0_Map_Grid_Scenario2; Vertices: 12
[2025.05.08-08.55.01:261][915]LogVoxelMeshingProfiling: Display: Scenario name: UEDPIE_0_Map_Grid_Scenario2; Vertices: 16
[2025.05.08-08.55.01:263][915]LogVoxelMeshingProfiling: Display: Scenario name: UEDPIE_0_Map_Grid_Scenario2; Vertices: 16
[2025.05.08-08.55.01:267][915]LogVoxelMeshingProfiling: Display: Scenario name: UEDPIE_0_Map_Grid_Scenario2; Vertices: 12
[2025.05.08-08.55.01:271][915]LogVoxelMeshingProfiling: Display: Scenario name: UEDPIE_0_Map_Grid_Scenario2; Vertices: 12
[2025.05.08-08.55.01:274][915]LogVoxelMeshingProfiling: Display: Scenario name: UEDPIE_0_Map_Grid_Scenario2; Vertices: 16
[2025.05.08-08.55.01:277][915]LogVoxelMeshingProfiling: Display: Scenario name: UEDPIE_0_Map_Grid_Scenario2; Vertices: 16
[2025.05.08-08.55.01:280][915]LogVoxelMeshingProfiling: Display: Scenario name: UEDPIE_0_Map_Grid_Scenario2; Vertices: 16
[2025.05.08-08.55.01:283][915]LogVoxelMeshingProfiling: Display: Scenario name: UEDPIE_0_Map_Grid_Scenario2; Vertices: 16
[2025.05.08-08.55.01:286][915]LogVoxelMeshingProfiling: Display: Scenario name: UEDPIE_0_Map_Grid_Scenario2; Vertices: 16
[2025.05.08-08.55.01:289][915]LogVoxelMeshingProfiling: Display: Scenario name: UEDPIE_0_Map_Grid_Scenario2; Vertices: 16
[2025.05.08-08.55.01:292][915]LogVoxelMeshingProfiling: Display: Scenario name: UEDPIE_0_Map_Grid_Scenario2; Vertices: 16
[2025.05.08-08.55.01:295][915]LogVoxelMeshingProfiling: Display: Scenario name: UEDPIE_0_Map_Grid_Scenario2; Vertices: 16
[2025.05.08-08.55.13:590][909]LogVoxelMeshingProfiling: Display: Scenario name: UEDPIE_0_Map_RLE_Scenario2; Voxel Model memory: 216
[2025.05.08-08.55.13:598][909]LogVoxelMeshingProfiling: Display: Scenario name: UEDPIE_0_Map_RLE_Scenario2; Voxel Model memory: 216
[2025.05.08-08.55.13:599][909]LogVoxelMeshingProfiling: Display: Scenario name: UEDPIE_0_Map_RLE_Scenario2; Voxel Model memory: 216
[2025.05.08-08.55.13:599][909]LogVoxelMeshingProfiling: Display: Scenario name: UEDPIE_0_Map_RLE_Scenario2; Voxel Model memory: 216
[2025.05.08-08.55.13:600][909]LogVoxelMeshingProfiling: Display: Scenario name: UEDPIE_0_Map_RLE_Scenario2; Voxel Model memory: 216
[2025.05.08-08.55.13:601][909]LogVoxelMeshingProfiling: Display: Scenario name: UEDPIE_0_Map_RLE_Scenario2; Voxel Model memory: 216
[2025.05.08-08.55.13:601][909]LogVoxelMeshingProfiling: Display: Scenario name: UEDPIE_0_Map_RLE_Scenario2; Voxel Model memory: 216
[2025.05.08-08.55.13:608][909]LogVoxelMeshingProfiling: Display: Scenario name: UEDPIE_0_Map_RLE_Scenario2; Voxel Model memory: 216
[2025.05.08-08.55.13:608][909]LogVoxelMeshingProfiling: Display: Scenario name: UEDPIE_0_Map_RLE_Scenario2; Voxel Model memory: 216
[2025.05.08-08.55.13:609][909]LogVoxelMeshingProfiling: Display: Scenario name: UEDPIE_0_Map_RLE_Scenario2; Voxel Model memory: 216
[2025.05.08-08.55.13:609][909]LogVoxelMeshingProfiling: Display: Scenario name: UEDPIE_0_Map_RLE_Scenario2; Voxel Model memory: 216
[2025.05.08-08.55.13:613][909]LogVoxelMeshingProfiling: Display: Scenario name: UEDPIE_0_Map_RLE_Scenario2; Voxel Model memory: 216
[2025.05.08-08.55.13:613][909]LogVoxelMeshingProfiling: Display: Scenario name: UEDPIE_0_Map_RLE_Scenario2; Voxel Model memory: 216
[2025.05.08-08.55.13:614][909]LogVoxelMeshingProfiling: Display: Scenario name: UEDPIE_0_Map_RLE_Scenario2; Voxel Model memory: 216
[2025.05.08-08.55.13:617][909]LogVoxelMeshingProfiling: Display: Scenario name: UEDPIE_0_Map_RLE_Scenario2; Voxel Model memory: 216
[2025.05.08-08.55.13:619][909]LogVoxelMeshingProfiling: Display: Scenario name: UEDPIE_0_Map_RLE_Scenario2; Voxel Model memory: 216
[2025.05.08-08.55.13:620][909]LogVoxelMeshingProfiling: Display: Scenario name: UEDPIE_0_Map_RLE_Scenario2; Voxel Model memory: 216
[2025.05.08-08.55.13:620][909]LogVoxelMeshingProfiling: Display: Scenario name: UEDPIE_0_Map_RLE_Scenario2; Voxel Model memory: 216
[2025.05.08-08.55.13:621][909]LogVoxelMeshingProfiling: Display: Scenario name: UEDPIE_0_Map_RLE_Scenario2; Voxel Model memory: 216
[2025.05.08-08.55.13:622][909]LogVoxelMeshingProfiling: Display: Scenario name: UEDPIE_0_Map_RLE_Scenario2; Voxel Model memory: 216
[2025.05.08-08.55.13:622][909]LogVoxelMeshingProfiling: Display: Scenario name: UEDPIE_0_Map_RLE_Scenario2; Voxel Model memory: 216
[2025.05.08-08.55.13:625][909]LogVoxelMeshingProfiling: Display: Scenario name: UEDPIE_0_Map_RLE_Scenario2; Voxel Model memory: 216
[2025.05.08-08.55.13:625][909]LogVoxelMeshingProfiling: Display: Scenario name: UEDPIE_0_Map_RLE_Scenario2; Voxel Model memory: 216
[2025.05.08-08.55.13:629][909]LogVoxelMeshingProfiling: Display: Scenario name: UEDPIE_0_Map_RLE_Scenario2; Voxel Model memory: 216
[2025.05.08-08.55.13:630][909]LogVoxelMeshingProfiling: Display: Scenario name: UEDPIE_0_Map_RLE_Scenario2; Voxel Model memory: 216
[2025.05.08-08.55.13:630][909]LogVoxelMeshingProfiling: Display: Scenario name: UEDPIE_0_Map_RLE_Scenario2; Voxel Model memory: 216
[2025.05.08-08.55.13:630][909]LogVoxelMeshingProfiling: Display: Scenario name: UEDPIE_0_Map_RLE_Scenario2; Voxel Model memory: 216
[2025.05.08-08.55.13:633][909]LogVoxelMeshingProfiling: Display: Scenario name: UEDPIE_0_Map_RLE_Scenario2; Vertices: 8384
[2025.05.08-08.55.13:635][909]LogVoxelMeshingProfiling: Display: Scenario name: UEDPIE_0_Map_RLE_Scenario2; Vertices: 8384
[2025.05.08-08.55.13:636][909]LogVoxelMeshingProfiling: Display: Scenario name: UEDPIE_0_Map_RLE_Scenario2; Vertices: 8384
[2025.05.08-08.55.13:637][909]LogVoxelMeshingProfiling: Display: Scenario name: UEDPIE_0_Map_RLE_Scenario2; Vertices: 8384
[2025.05.08-08.55.13:640][909]LogVoxelMeshingProfiling: Display: Scenario name: UEDPIE_0_Map_RLE_Scenario2; Vertices: 8384
[2025.05.08-08.55.13:641][909]LogVoxelMeshingProfiling: Display: Scenario name: UEDPIE_0_Map_RLE_Scenario2; Vertices: 8384
[2025.05.08-08.55.13:643][909]LogVoxelMeshingProfiling: Display: Scenario name: UEDPIE_0_Map_RLE_Scenario2; Vertices: 8384
[2025.05.08-08.55.13:646][909]LogVoxelMeshingProfiling: Display: Scenario name: UEDPIE_0_Map_RLE_Scenario2; Vertices: 8384
[2025.05.08-08.55.13:648][909]LogVoxelMeshingProfiling: Display: Scenario name: UEDPIE_0_Map_RLE_Scenario2; Vertices: 8384
[2025.05.08-08.55.13:651][909]LogVoxelMeshingProfiling: Display: Scenario name: UEDPIE_0_Map_RLE_Scenario2; Vertices: 8384
[2025.05.08-08.55.13:653][909]LogVoxelMeshingProfiling: Display: Scenario name: UEDPIE_0_Map_RLE_Scenario2; Vertices: 8384
[2025.05.08-08.55.13:655][909]LogVoxelMeshingProfiling: Display: Scenario name: UEDPIE_0_Map_RLE_Scenario2; Vertices: 8384
[2025.05.08-08.55.13:658][910]LogVoxelMeshingProfiling: Display: Scenario name: UEDPIE_0_Map_RLE_Scenario2; Vertices: 8384
[2025.05.08-08.55.13:661][910]LogVoxelMeshingProfiling: Display: Scenario name: UEDPIE_0_Map_RLE_Scenario2; Vertices: 8384
[2025.05.08-08.55.13:664][910]LogVoxelMeshingProfiling: Display: Scenario name: UEDPIE_0_Map_RLE_Scenario2; Vertices: 8384
[2025.05.08-08.55.13:665][910]LogVoxelMeshingProfiling: Display: Scenario name: UEDPIE_0_Map_RLE_Scenario2; Vertices: 8384
[2025.05.08-08.55.13:669][910]LogVoxelMeshingProfiling: Display: Scenario name: UEDPIE_0_Map_RLE_Scenario2; Vertices: 8384
[2025.05.08-08.55.13:671][910]LogVoxelMeshingProfiling: Display: Scenario name: UEDPIE_0_Map_RLE_Scenario2; Vertices: 8384
[2025.05.08-08.55.13:673][910]LogVoxelMeshingProfiling: Display: Scenario name: UEDPIE_0_Map_RLE_Scenario2; Vertices: 8384
[2025.05.08-08.55.13:674][910]LogVoxelMeshingProfiling: Display: Scenario name: UEDPIE_0_Map_RLE_Scenario2; Vertices: 8384
[2025.05.08-08.55.13:677][910]LogVoxelMeshingProfiling: Display: Scenario name: UEDPIE_0_Map_RLE_Scenario2; Vertices: 8384
[2025.05.08-08.55.13:679][910]LogVoxelMeshingProfiling: Display: Scenario name: UEDPIE_0_Map_RLE_Scenario2; Vertices: 8384
[2025.05.08-08.55.13:681][910]LogVoxelMeshingProfiling: Display: Scenario name: UEDPIE_0_Map_RLE_Scenario2; Vertices: 8384
[2025.05.08-08.55.13:683][910]LogVoxelMeshingProfiling: Display: Scenario name: UEDPIE_0_Map_RLE_Scenario2; Vertices: 8384
[2025.05.08-08.55.13:685][910]LogVoxelMeshingProfiling: Display: Scenario name: UEDPIE_0_Map_RLE_Scenario2; Vertices: 8384
[2025.05.08-08.55.13:689][910]LogVoxelMeshingProfiling: Display: Scenario name: UEDPIE_0_Map_RLE_Scenario2; Vertices: 8384
[2025.05.08-08.55.13:704][910]LogVoxelMeshingProfiling: Display: Scenario name: UEDPIE_0_Map_RLE_Scenario2; Vertices: 8384
[2025.05.08-08.55.23:235][573]LogVoxelMeshingProfiling: Display: Scenario name: UEDPIE_0_Map_VoxelPlugin_Scenario2; Voxel Model memory: 262144
[2025.05.08-08.55.23:235][573]LogVoxelMeshingProfiling: Display: Scenario name: UEDPIE_0_Map_VoxelPlugin_Scenario2; OpaqueVoxelCount: 16384; TransparentVoxelCount: 16384
[2025.05.08-08.55.23:243][573]LogVoxelMeshingProfiling: Display: Scenario name: UEDPIE_0_Map_VoxelPlugin_Scenario2; Voxel Model memory: 262144
[2025.05.08-08.55.23:244][573]LogVoxelMeshingProfiling: Display: Scenario name: UEDPIE_0_Map_VoxelPlugin_Scenario2; OpaqueVoxelCount: 16384; TransparentVoxelCount: 16384
[2025.05.08-08.55.23:244][573]LogVoxelMeshingProfiling: Display: Scenario name: UEDPIE_0_Map_VoxelPlugin_Scenario2; Voxel Model memory: 262144
[2025.05.08-08.55.23:244][573]LogVoxelMeshingProfiling: Display: Scenario name: UEDPIE_0_Map_VoxelPlugin_Scenario2; OpaqueVoxelCount: 16384; TransparentVoxelCount: 16384
[2025.05.08-08.55.23:244][573]LogVoxelMeshingProfiling: Display: Scenario name: UEDPIE_0_Map_VoxelPlugin_Scenario2; Voxel Model memory: 262144
[2025.05.08-08.55.23:244][573]LogVoxelMeshingProfiling: Display: Scenario name: UEDPIE_0_Map_VoxelPlugin_Scenario2; OpaqueVoxelCount: 16384; TransparentVoxelCount: 16384
[2025.05.08-08.55.23:245][573]LogVoxelMeshingProfiling: Display: Scenario name: UEDPIE_0_Map_VoxelPlugin_Scenario2; Voxel Model memory: 262144
[2025.05.08-08.55.23:245][573]LogVoxelMeshingProfiling: Display: Scenario name: UEDPIE_0_Map_VoxelPlugin_Scenario2; OpaqueVoxelCount: 16384; TransparentVoxelCount: 16384
[2025.05.08-08.55.23:245][573]LogVoxelMeshingProfiling: Display: Scenario name: UEDPIE_0_Map_VoxelPlugin_Scenario2; Voxel Model memory: 262144
[2025.05.08-08.55.23:245][573]LogVoxelMeshingProfiling: Display: Scenario name: UEDPIE_0_Map_VoxelPlugin_Scenario2; OpaqueVoxelCount: 16384; TransparentVoxelCount: 16384
[2025.05.08-08.55.23:245][573]LogVoxelMeshingProfiling: Display: Scenario name: UEDPIE_0_Map_VoxelPlugin_Scenario2; Voxel Model memory: 262144
[2025.05.08-08.55.23:245][573]LogVoxelMeshingProfiling: Display: Scenario name: UEDPIE_0_Map_VoxelPlugin_Scenario2; OpaqueVoxelCount: 16384; TransparentVoxelCount: 16384
[2025.05.08-08.55.23:253][573]LogVoxelMeshingProfiling: Display: Scenario name: UEDPIE_0_Map_VoxelPlugin_Scenario2; Voxel Model memory: 262144
[2025.05.08-08.55.23:253][573]LogVoxelMeshingProfiling: Display: Scenario name: UEDPIE_0_Map_VoxelPlugin_Scenario2; OpaqueVoxelCount: 16384; TransparentVoxelCount: 16384
[2025.05.08-08.55.23:254][573]LogVoxelMeshingProfiling: Display: Scenario name: UEDPIE_0_Map_VoxelPlugin_Scenario2; Voxel Model memory: 262144
[2025.05.08-08.55.23:254][573]LogVoxelMeshingProfiling: Display: Scenario name: UEDPIE_0_Map_VoxelPlugin_Scenario2; OpaqueVoxelCount: 16384; TransparentVoxelCount: 16384
[2025.05.08-08.55.23:254][573]LogVoxelMeshingProfiling: Display: Scenario name: UEDPIE_0_Map_VoxelPlugin_Scenario2; Voxel Model memory: 262144
[2025.05.08-08.55.23:254][573]LogVoxelMeshingProfiling: Display: Scenario name: UEDPIE_0_Map_VoxelPlugin_Scenario2; OpaqueVoxelCount: 16384; TransparentVoxelCount: 16384
[2025.05.08-08.55.23:254][573]LogVoxelMeshingProfiling: Display: Scenario name: UEDPIE_0_Map_VoxelPlugin_Scenario2; Voxel Model memory: 262144
[2025.05.08-08.55.23:254][573]LogVoxelMeshingProfiling: Display: Scenario name: UEDPIE_0_Map_VoxelPlugin_Scenario2; OpaqueVoxelCount: 16384; TransparentVoxelCount: 16384
[2025.05.08-08.55.23:257][573]LogVoxelMeshingProfiling: Display: Scenario name: UEDPIE_0_Map_VoxelPlugin_Scenario2; Voxel Model memory: 262144
[2025.05.08-08.55.23:257][573]LogVoxelMeshingProfiling: Display: Scenario name: UEDPIE_0_Map_VoxelPlugin_Scenario2; OpaqueVoxelCount: 16384; TransparentVoxelCount: 16384
[2025.05.08-08.55.23:257][573]LogVoxelMeshingProfiling: Display: Scenario name: UEDPIE_0_Map_VoxelPlugin_Scenario2; Voxel Model memory: 262144
[2025.05.08-08.55.23:257][573]LogVoxelMeshingProfiling: Display: Scenario name: UEDPIE_0_Map_VoxelPlugin_Scenario2; OpaqueVoxelCount: 16384; TransparentVoxelCount: 16384
[2025.05.08-08.55.23:258][573]LogVoxelMeshingProfiling: Display: Scenario name: UEDPIE_0_Map_VoxelPlugin_Scenario2; Voxel Model memory: 262144
[2025.05.08-08.55.23:258][573]LogVoxelMeshingProfiling: Display: Scenario name: UEDPIE_0_Map_VoxelPlugin_Scenario2; OpaqueVoxelCount: 16384; TransparentVoxelCount: 16384
[2025.05.08-08.55.23:265][573]LogVoxelMeshingProfiling: Display: Scenario name: UEDPIE_0_Map_VoxelPlugin_Scenario2; Voxel Model memory: 262144
[2025.05.08-08.55.23:265][573]LogVoxelMeshingProfiling: Display: Scenario name: UEDPIE_0_Map_VoxelPlugin_Scenario2; OpaqueVoxelCount: 16384; TransparentVoxelCount: 16384
[2025.05.08-08.55.23:265][573]LogVoxelMeshingProfiling: Display: Scenario name: UEDPIE_0_Map_VoxelPlugin_Scenario2; Voxel Model memory: 262144
[2025.05.08-08.55.23:265][573]LogVoxelMeshingProfiling: Display: Scenario name: UEDPIE_0_Map_VoxelPlugin_Scenario2; OpaqueVoxelCount: 16384; TransparentVoxelCount: 16384
[2025.05.08-08.55.23:265][573]LogVoxelMeshingProfiling: Display: Scenario name: UEDPIE_0_Map_VoxelPlugin_Scenario2; Voxel Model memory: 262144
[2025.05.08-08.55.23:265][573]LogVoxelMeshingProfiling: Display: Scenario name: UEDPIE_0_Map_VoxelPlugin_Scenario2; OpaqueVoxelCount: 16384; TransparentVoxelCount: 16384
[2025.05.08-08.55.23:269][573]LogVoxelMeshingProfiling: Display: Scenario name: UEDPIE_0_Map_VoxelPlugin_Scenario2; Voxel Model memory: 262144
[2025.05.08-08.55.23:270][573]LogVoxelMeshingProfiling: Display: Scenario name: UEDPIE_0_Map_VoxelPlugin_Scenario2; OpaqueVoxelCount: 16384; TransparentVoxelCount: 16384
[2025.05.08-08.55.23:271][573]LogVoxelMeshingProfiling: Display: Scenario name: UEDPIE_0_Map_VoxelPlugin_Scenario2; Voxel Model memory: 262144
[2025.05.08-08.55.23:271][573]LogVoxelMeshingProfiling: Display: Scenario name: UEDPIE_0_Map_VoxelPlugin_Scenario2; OpaqueVoxelCount: 16384; TransparentVoxelCount: 16384
[2025.05.08-08.55.23:271][573]LogVoxelMeshingProfiling: Display: Scenario name: UEDPIE_0_Map_VoxelPlugin_Scenario2; Voxel Model memory: 262144
[2025.05.08-08.55.23:271][573]LogVoxelMeshingProfiling: Display: Scenario name: UEDPIE_0_Map_VoxelPlugin_Scenario2; OpaqueVoxelCount: 16384; TransparentVoxelCount: 16384
[2025.05.08-08.55.23:271][573]LogVoxelMeshingProfiling: Display: Scenario name: UEDPIE_0_Map_VoxelPlugin_Scenario2; Voxel Model memory: 262144
[2025.05.08-08.55.23:271][573]LogVoxelMeshingProfiling: Display: Scenario name: UEDPIE_0_Map_VoxelPlugin_Scenario2; OpaqueVoxelCount: 16384; TransparentVoxelCount: 16384
[2025.05.08-08.55.23:277][573]LogVoxelMeshingProfiling: Display: Scenario name: UEDPIE_0_Map_VoxelPlugin_Scenario2; Voxel Model memory: 262144
[2025.05.08-08.55.23:278][573]LogVoxelMeshingProfiling: Display: Scenario name: UEDPIE_0_Map_VoxelPlugin_Scenario2; OpaqueVoxelCount: 16384; TransparentVoxelCount: 16384
[2025.05.08-08.55.23:278][573]LogVoxelMeshingProfiling: Display: Scenario name: UEDPIE_0_Map_VoxelPlugin_Scenario2; Voxel Model memory: 262144
[2025.05.08-08.55.23:278][573]LogVoxelMeshingProfiling: Display: Scenario name: UEDPIE_0_Map_VoxelPlugin_Scenario2; OpaqueVoxelCount: 16384; TransparentVoxelCount: 16384
[2025.05.08-08.55.23:281][573]LogVoxelMeshingProfiling: Display: Scenario name: UEDPIE_0_Map_VoxelPlugin_Scenario2; Voxel Model memory: 262144
[2025.05.08-08.55.23:281][573]LogVoxelMeshingProfiling: Display: Scenario name: UEDPIE_0_Map_VoxelPlugin_Scenario2; OpaqueVoxelCount: 16384; TransparentVoxelCount: 16384
[2025.05.08-08.55.23:281][573]LogVoxelMeshingProfiling: Display: Scenario name: UEDPIE_0_Map_VoxelPlugin_Scenario2; Voxel Model memory: 262144
[2025.05.08-08.55.23:282][573]LogVoxelMeshingProfiling: Display: Scenario name: UEDPIE_0_Map_VoxelPlugin_Scenario2; OpaqueVoxelCount: 16384; TransparentVoxelCount: 16384
[2025.05.08-08.55.23:282][573]LogVoxelMeshingProfiling: Display: Scenario name: UEDPIE_0_Map_VoxelPlugin_Scenario2; Voxel Model memory: 262144
[2025.05.08-08.55.23:282][573]LogVoxelMeshingProfiling: Display: Scenario name: UEDPIE_0_Map_VoxelPlugin_Scenario2; Voxel Model memory: 262144
[2025.05.08-08.55.23:282][573]LogVoxelMeshingProfiling: Display: Scenario name: UEDPIE_0_Map_VoxelPlugin_Scenario2; OpaqueVoxelCount: 16384; TransparentVoxelCount: 16384
[2025.05.08-08.55.23:282][573]LogVoxelMeshingProfiling: Display: Scenario name: UEDPIE_0_Map_VoxelPlugin_Scenario2; OpaqueVoxelCount: 16384; TransparentVoxelCount: 16384
[2025.05.08-08.55.23:350][574]LogVoxelMeshingProfiling: Display: Scenario name: Map_VoxelPlugin_Scenario2; Vertices: 8192
[2025.05.08-08.55.23:360][574]LogVoxelMeshingProfiling: Display: Scenario name: Map_VoxelPlugin_Scenario2; Vertices: 10240
[2025.05.08-08.55.23:371][574]LogVoxelMeshingProfiling: Display: Scenario name: Map_VoxelPlugin_Scenario2; Vertices: 10240
[2025.05.08-08.55.23:380][574]LogVoxelMeshingProfiling: Display: Scenario name: Map_VoxelPlugin_Scenario2; Vertices: 12288
[2025.05.08-08.55.23:396][574]LogVoxelMeshingProfiling: Display: Scenario name: Map_VoxelPlugin_Scenario2; Vertices: 12288
[2025.05.08-08.55.23:398][574]LogVoxelMeshingProfiling: Display: Scenario name: Map_VoxelPlugin_Scenario2; Vertices: 10240
[2025.05.08-08.55.23:418][574]LogVoxelMeshingProfiling: Display: Scenario name: Map_VoxelPlugin_Scenario2; Vertices: 10240
[2025.05.08-08.55.23:429][575]LogVoxelMeshingProfiling: Display: Scenario name: Map_VoxelPlugin_Scenario2; Vertices: 12288
[2025.05.08-08.55.23:455][576]LogVoxelMeshingProfiling: Display: Scenario name: Map_VoxelPlugin_Scenario2; Vertices: 12288
[2025.05.08-08.55.23:463][576]LogVoxelMeshingProfiling: Display: Scenario name: Map_VoxelPlugin_Scenario2; Vertices: 10240
[2025.05.08-08.55.23:494][577]LogVoxelMeshingProfiling: Display: Scenario name: Map_VoxelPlugin_Scenario2; Vertices: 8192
[2025.05.08-08.55.23:510][578]LogVoxelMeshingProfiling: Display: Scenario name: Map_VoxelPlugin_Scenario2; Vertices: 10240
[2025.05.08-08.55.23:518][578]LogVoxelMeshingProfiling: Display: Scenario name: Map_VoxelPlugin_Scenario2; Vertices: 12288
[2025.05.08-08.55.23:544][580]LogVoxelMeshingProfiling: Display: Scenario name: Map_VoxelPlugin_Scenario2; Vertices: 10240
[2025.05.08-08.55.23:544][580]LogVoxelMeshingProfiling: Display: Scenario name: Map_VoxelPlugin_Scenario2; Vertices: 12288
[2025.05.08-08.55.23:601][583]LogVoxelMeshingProfiling: Display: Scenario name: Map_VoxelPlugin_Scenario2; Vertices: 10240
[2025.05.08-08.55.23:608][584]LogVoxelMeshingProfiling: Display: Scenario name: Map_VoxelPlugin_Scenario2; Vertices: 12288
[2025.05.08-08.55.23:651][585]LogVoxelMeshingProfiling: Display: Scenario name: Map_VoxelPlugin_Scenario2; Vertices: 12288
[2025.05.08-08.55.23:759][589]LogVoxelMeshingProfiling: Display: Scenario name: Map_VoxelPlugin_Scenario2; Vertices: 10240
[2025.05.08-08.55.23:765][589]LogVoxelMeshingProfiling: Display: Scenario name: Map_VoxelPlugin_Scenario2; Vertices: 8192
[2025.05.08-08.55.23:784][591]LogVoxelMeshingProfiling: Display: Scenario name: Map_VoxelPlugin_Scenario2; Vertices: 12288
[2025.05.08-08.55.23:787][591]LogVoxelMeshingProfiling: Display: Scenario name: Map_VoxelPlugin_Scenario2; Vertices: 10240
[2025.05.08-08.55.23:812][593]LogVoxelMeshingProfiling: Display: Scenario name: Map_VoxelPlugin_Scenario2; Vertices: 10240
[2025.05.08-08.55.23:826][594]LogVoxelMeshingProfiling: Display: Scenario name: Map_VoxelPlugin_Scenario2; Vertices: 12288
[2025.05.08-08.55.23:847][595]LogVoxelMeshingProfiling: Display: Scenario name: Map_VoxelPlugin_Scenario2; Vertices: 12288
[2025.05.08-08.55.23:847][595]LogVoxelMeshingProfiling: Display: Scenario name: Map_VoxelPlugin_Scenario2; Vertices: 10240
[2025.05.08-08.55.23:869][597]LogVoxelMeshingProfiling: Display: Scenario name: Map_VoxelPlugin_Scenario2; Vertices: 12288
