[2025.05.08-11.15.02:612][889]LogVoxelMeshingProfiling: Display: Scenario name: UEDPIE_0_Map_Grid_Scenario20; Voxel Model memory: 262144
[2025.05.08-11.15.02:612][889]LogVoxelMeshingProfiling: Display: Scenario name: UEDPIE_0_Map_Grid_Scenario20; OpaqueVoxelCount: 16483; TransparentVoxelCount: 16285
[2025.05.08-11.15.02:622][889]LogVoxelMeshingProfiling: Display: Scenario name: UEDPIE_0_Map_Grid_Scenario20; Voxel Model memory: 262144
[2025.05.08-11.15.02:622][889]LogVoxelMeshingProfiling: Display: Scenario name: UEDPIE_0_Map_Grid_Scenario20; OpaqueVoxelCount: 16586; TransparentVoxelCount: 16182
[2025.05.08-11.15.02:622][889]LogVoxelMeshingProfiling: Display: Scenario name: UEDPIE_0_Map_Grid_Scenario20; Voxel Model memory: 262144
[2025.05.08-11.15.02:622][889]LogVoxelMeshingProfiling: Display: Scenario name: UEDPIE_0_Map_Grid_Scenario20; OpaqueVoxelCount: 16377; TransparentVoxelCount: 16391
[2025.05.08-11.15.02:623][889]LogVoxelMeshingProfiling: Display: Scenario name: UEDPIE_0_Map_Grid_Scenario20; Voxel Model memory: 262144
[2025.05.08-11.15.02:623][889]LogVoxelMeshingProfiling: Display: Scenario name: UEDPIE_0_Map_Grid_Scenario20; OpaqueVoxelCount: 16513; TransparentVoxelCount: 16255
[2025.05.08-11.15.02:623][889]LogVoxelMeshingProfiling: Display: Scenario name: UEDPIE_0_Map_Grid_Scenario20; Voxel Model memory: 262144
[2025.05.08-11.15.02:624][889]LogVoxelMeshingProfiling: Display: Scenario name: UEDPIE_0_Map_Grid_Scenario20; OpaqueVoxelCount: 16341; TransparentVoxelCount: 16427
[2025.05.08-11.15.02:625][889]LogVoxelMeshingProfiling: Display: Scenario name: UEDPIE_0_Map_Grid_Scenario20; Voxel Model memory: 262144
[2025.05.08-11.15.02:625][889]LogVoxelMeshingProfiling: Display: Scenario name: UEDPIE_0_Map_Grid_Scenario20; OpaqueVoxelCount: 16513; TransparentVoxelCount: 16255
[2025.05.08-11.15.02:625][889]LogVoxelMeshingProfiling: Display: Scenario name: UEDPIE_0_Map_Grid_Scenario20; Voxel Model memory: 262144
[2025.05.08-11.15.02:625][889]LogVoxelMeshingProfiling: Display: Scenario name: UEDPIE_0_Map_Grid_Scenario20; OpaqueVoxelCount: 16383; TransparentVoxelCount: 16385
[2025.05.08-11.15.02:633][889]LogVoxelMeshingProfiling: Display: Scenario name: UEDPIE_0_Map_Grid_Scenario20; Voxel Model memory: 262144
[2025.05.08-11.15.02:633][889]LogVoxelMeshingProfiling: Display: Scenario name: UEDPIE_0_Map_Grid_Scenario20; OpaqueVoxelCount: 16533; TransparentVoxelCount: 16235
[2025.05.08-11.15.02:633][889]LogVoxelMeshingProfiling: Display: Scenario name: UEDPIE_0_Map_Grid_Scenario20; Voxel Model memory: 262144
[2025.05.08-11.15.02:633][889]LogVoxelMeshingProfiling: Display: Scenario name: UEDPIE_0_Map_Grid_Scenario20; OpaqueVoxelCount: 16528; TransparentVoxelCount: 16240
[2025.05.08-11.15.02:639][889]LogVoxelMeshingProfiling: Display: Scenario name: UEDPIE_0_Map_Grid_Scenario20; Voxel Model memory: 262144
[2025.05.08-11.15.02:639][889]LogVoxelMeshingProfiling: Display: Scenario name: UEDPIE_0_Map_Grid_Scenario20; Voxel Model memory: 262144
[2025.05.08-11.15.02:639][889]LogVoxelMeshingProfiling: Display: Scenario name: UEDPIE_0_Map_Grid_Scenario20; OpaqueVoxelCount: 16375; TransparentVoxelCount: 16393
[2025.05.08-11.15.02:639][889]LogVoxelMeshingProfiling: Display: Scenario name: UEDPIE_0_Map_Grid_Scenario20; OpaqueVoxelCount: 16435; TransparentVoxelCount: 16333
[2025.05.08-11.15.02:640][889]LogVoxelMeshingProfiling: Display: Scenario name: UEDPIE_0_Map_Grid_Scenario20; Voxel Model memory: 262144
[2025.05.08-11.15.02:640][889]LogVoxelMeshingProfiling: Display: Scenario name: UEDPIE_0_Map_Grid_Scenario20; OpaqueVoxelCount: 16534; TransparentVoxelCount: 16234
[2025.05.08-11.15.02:640][889]LogVoxelMeshingProfiling: Display: Scenario name: UEDPIE_0_Map_Grid_Scenario20; Voxel Model memory: 262144
[2025.05.08-11.15.02:640][889]LogVoxelMeshingProfiling: Display: Scenario name: UEDPIE_0_Map_Grid_Scenario20; OpaqueVoxelCount: 16354; TransparentVoxelCount: 16414
[2025.05.08-11.15.02:640][889]LogVoxelMeshingProfiling: Display: Scenario name: UEDPIE_0_Map_Grid_Scenario20; Voxel Model memory: 262144
[2025.05.08-11.15.02:640][889]LogVoxelMeshingProfiling: Display: Scenario name: UEDPIE_0_Map_Grid_Scenario20; OpaqueVoxelCount: 16433; TransparentVoxelCount: 16335
[2025.05.08-11.15.02:648][889]LogVoxelMeshingProfiling: Display: Scenario name: UEDPIE_0_Map_Grid_Scenario20; Voxel Model memory: 262144
[2025.05.08-11.15.02:648][889]LogVoxelMeshingProfiling: Display: Scenario name: UEDPIE_0_Map_Grid_Scenario20; OpaqueVoxelCount: 16577; TransparentVoxelCount: 16191
[2025.05.08-11.15.02:650][889]LogVoxelMeshingProfiling: Display: Scenario name: UEDPIE_0_Map_Grid_Scenario20; Voxel Model memory: 262144
[2025.05.08-11.15.02:650][889]LogVoxelMeshingProfiling: Display: Scenario name: UEDPIE_0_Map_Grid_Scenario20; OpaqueVoxelCount: 16477; TransparentVoxelCount: 16291
[2025.05.08-11.15.02:650][889]LogVoxelMeshingProfiling: Display: Scenario name: UEDPIE_0_Map_Grid_Scenario20; Voxel Model memory: 262144
[2025.05.08-11.15.02:650][889]LogVoxelMeshingProfiling: Display: Scenario name: UEDPIE_0_Map_Grid_Scenario20; OpaqueVoxelCount: 16428; TransparentVoxelCount: 16340
[2025.05.08-11.15.02:652][889]LogVoxelMeshingProfiling: Display: Scenario name: UEDPIE_0_Map_Grid_Scenario20; Voxel Model memory: 262144
[2025.05.08-11.15.02:652][889]LogVoxelMeshingProfiling: Display: Scenario name: UEDPIE_0_Map_Grid_Scenario20; OpaqueVoxelCount: 16496; TransparentVoxelCount: 16272
[2025.05.08-11.15.02:654][889]LogVoxelMeshingProfiling: Display: Scenario name: UEDPIE_0_Map_Grid_Scenario20; Voxel Model memory: 262144
[2025.05.08-11.15.02:654][889]LogVoxelMeshingProfiling: Display: Scenario name: UEDPIE_0_Map_Grid_Scenario20; OpaqueVoxelCount: 16520; TransparentVoxelCount: 16248
[2025.05.08-11.15.02:654][889]LogVoxelMeshingProfiling: Display: Scenario name: UEDPIE_0_Map_Grid_Scenario20; Voxel Model memory: 262144
[2025.05.08-11.15.02:654][889]LogVoxelMeshingProfiling: Display: Scenario name: UEDPIE_0_Map_Grid_Scenario20; OpaqueVoxelCount: 16428; TransparentVoxelCount: 16340
[2025.05.08-11.15.02:656][889]LogVoxelMeshingProfiling: Display: Scenario name: UEDPIE_0_Map_Grid_Scenario20; Voxel Model memory: 262144
[2025.05.08-11.15.02:656][889]LogVoxelMeshingProfiling: Display: Scenario name: UEDPIE_0_Map_Grid_Scenario20; OpaqueVoxelCount: 16514; TransparentVoxelCount: 16254
[2025.05.08-11.15.02:661][889]LogVoxelMeshingProfiling: Display: Scenario name: UEDPIE_0_Map_Grid_Scenario20; Voxel Model memory: 262144
[2025.05.08-11.15.02:661][889]LogVoxelMeshingProfiling: Display: Scenario name: UEDPIE_0_Map_Grid_Scenario20; OpaqueVoxelCount: 16492; TransparentVoxelCount: 16276
[2025.05.08-11.15.02:665][889]LogVoxelMeshingProfiling: Display: Scenario name: UEDPIE_0_Map_Grid_Scenario20; Voxel Model memory: 262144
[2025.05.08-11.15.02:665][889]LogVoxelMeshingProfiling: Display: Scenario name: UEDPIE_0_Map_Grid_Scenario20; OpaqueVoxelCount: 16503; TransparentVoxelCount: 16265
[2025.05.08-11.15.02:665][889]LogVoxelMeshingProfiling: Display: Scenario name: UEDPIE_0_Map_Grid_Scenario20; Voxel Model memory: 262144
[2025.05.08-11.15.02:665][889]LogVoxelMeshingProfiling: Display: Scenario name: UEDPIE_0_Map_Grid_Scenario20; OpaqueVoxelCount: 16405; TransparentVoxelCount: 16363
[2025.05.08-11.15.02:665][889]LogVoxelMeshingProfiling: Display: Scenario name: UEDPIE_0_Map_Grid_Scenario20; Voxel Model memory: 262144
[2025.05.08-11.15.02:665][889]LogVoxelMeshingProfiling: Display: Scenario name: UEDPIE_0_Map_Grid_Scenario20; OpaqueVoxelCount: 16639; TransparentVoxelCount: 16129
[2025.05.08-11.15.02:666][889]LogVoxelMeshingProfiling: Display: Scenario name: UEDPIE_0_Map_Grid_Scenario20; Voxel Model memory: 262144
[2025.05.08-11.15.02:666][889]LogVoxelMeshingProfiling: Display: Scenario name: UEDPIE_0_Map_Grid_Scenario20; OpaqueVoxelCount: 16454; TransparentVoxelCount: 16314
[2025.05.08-11.15.02:667][889]LogVoxelMeshingProfiling: Display: Scenario name: UEDPIE_0_Map_Grid_Scenario20; Voxel Model memory: 262144
[2025.05.08-11.15.02:667][889]LogVoxelMeshingProfiling: Display: Scenario name: UEDPIE_0_Map_Grid_Scenario20; OpaqueVoxelCount: 16447; TransparentVoxelCount: 16321
[2025.05.08-11.15.02:741][890]LogVoxelMeshingProfiling: Display: Scenario name: UEDPIE_0_Map_Grid_Scenario20; Vertices: 132124
[2025.05.08-11.15.02:827][891]LogVoxelMeshingProfiling: Display: Scenario name: UEDPIE_0_Map_Grid_Scenario20; Vertices: 130756
[2025.05.08-11.15.02:919][895]LogVoxelMeshingProfiling: Display: Scenario name: UEDPIE_0_Map_Grid_Scenario20; Vertices: 132980
[2025.05.08-11.15.03:021][900]LogVoxelMeshingProfiling: Display: Scenario name: UEDPIE_0_Map_Grid_Scenario20; Vertices: 132460
[2025.05.08-11.15.03:125][905]LogVoxelMeshingProfiling: Display: Scenario name: UEDPIE_0_Map_Grid_Scenario20; Vertices: 131608
[2025.05.08-11.15.03:224][911]LogVoxelMeshingProfiling: Display: Scenario name: UEDPIE_0_Map_Grid_Scenario20; Vertices: 131744
[2025.05.08-11.15.03:319][916]LogVoxelMeshingProfiling: Display: Scenario name: UEDPIE_0_Map_Grid_Scenario20; Vertices: 131568
[2025.05.08-11.15.03:412][921]LogVoxelMeshingProfiling: Display: Scenario name: UEDPIE_0_Map_Grid_Scenario20; Vertices: 131848
[2025.05.08-11.15.03:505][926]LogVoxelMeshingProfiling: Display: Scenario name: UEDPIE_0_Map_Grid_Scenario20; Vertices: 131176
[2025.05.08-11.15.03:597][931]LogVoxelMeshingProfiling: Display: Scenario name: UEDPIE_0_Map_Grid_Scenario20; Vertices: 131500
[2025.05.08-11.15.03:698][936]LogVoxelMeshingProfiling: Display: Scenario name: UEDPIE_0_Map_Grid_Scenario20; Vertices: 133616
[2025.05.08-11.15.03:801][942]LogVoxelMeshingProfiling: Display: Scenario name: UEDPIE_0_Map_Grid_Scenario20; Vertices: 133484
[2025.05.08-11.15.03:895][947]LogVoxelMeshingProfiling: Display: Scenario name: UEDPIE_0_Map_Grid_Scenario20; Vertices: 132836
[2025.05.08-11.15.03:993][953]LogVoxelMeshingProfiling: Display: Scenario name: UEDPIE_0_Map_Grid_Scenario20; Vertices: 132544
[2025.05.08-11.15.04:096][958]LogVoxelMeshingProfiling: Display: Scenario name: UEDPIE_0_Map_Grid_Scenario20; Vertices: 132692
[2025.05.08-11.15.04:197][963]LogVoxelMeshingProfiling: Display: Scenario name: UEDPIE_0_Map_Grid_Scenario20; Vertices: 133020
[2025.05.08-11.15.04:297][969]LogVoxelMeshingProfiling: Display: Scenario name: UEDPIE_0_Map_Grid_Scenario20; Vertices: 133848
[2025.05.08-11.15.04:393][975]LogVoxelMeshingProfiling: Display: Scenario name: UEDPIE_0_Map_Grid_Scenario20; Vertices: 132988
[2025.05.08-11.15.04:478][980]LogVoxelMeshingProfiling: Display: Scenario name: UEDPIE_0_Map_Grid_Scenario20; Vertices: 131632
[2025.05.08-11.15.04:570][985]LogVoxelMeshingProfiling: Display: Scenario name: UEDPIE_0_Map_Grid_Scenario20; Vertices: 131944
[2025.05.08-11.15.04:670][990]LogVoxelMeshingProfiling: Display: Scenario name: UEDPIE_0_Map_Grid_Scenario20; Vertices: 132900
[2025.05.08-11.15.04:772][996]LogVoxelMeshingProfiling: Display: Scenario name: UEDPIE_0_Map_Grid_Scenario20; Vertices: 133296
[2025.05.08-11.15.04:872][  1]LogVoxelMeshingProfiling: Display: Scenario name: UEDPIE_0_Map_Grid_Scenario20; Vertices: 133804
[2025.05.08-11.15.04:973][  7]LogVoxelMeshingProfiling: Display: Scenario name: UEDPIE_0_Map_Grid_Scenario20; Vertices: 132680
[2025.05.08-11.15.05:063][ 12]LogVoxelMeshingProfiling: Display: Scenario name: UEDPIE_0_Map_Grid_Scenario20; Vertices: 131796
[2025.05.08-11.15.05:160][ 17]LogVoxelMeshingProfiling: Display: Scenario name: UEDPIE_0_Map_Grid_Scenario20; Vertices: 132508
[2025.05.08-11.15.05:249][ 22]LogVoxelMeshingProfiling: Display: Scenario name: UEDPIE_0_Map_Grid_Scenario20; Vertices: 132112
[2025.05.08-11.15.11:252][379]LogVoxelMeshingProfiling: Display: Scenario name: UEDPIE_0_Map_RLE_Scenario20; Voxel Model memory: 234552
[2025.05.08-11.15.11:258][379]LogVoxelMeshingProfiling: Display: Scenario name: UEDPIE_0_Map_RLE_Scenario20; Voxel Model memory: 234552
[2025.05.08-11.15.11:259][379]LogVoxelMeshingProfiling: Display: Scenario name: UEDPIE_0_Map_RLE_Scenario20; Voxel Model memory: 234552
[2025.05.08-11.15.11:262][379]LogVoxelMeshingProfiling: Display: Scenario name: UEDPIE_0_Map_RLE_Scenario20; Voxel Model memory: 234552
[2025.05.08-11.15.11:263][379]LogVoxelMeshingProfiling: Display: Scenario name: UEDPIE_0_Map_RLE_Scenario20; Voxel Model memory: 234552
[2025.05.08-11.15.11:265][379]LogVoxelMeshingProfiling: Display: Scenario name: UEDPIE_0_Map_RLE_Scenario20; Voxel Model memory: 234552
[2025.05.08-11.15.11:265][379]LogVoxelMeshingProfiling: Display: Scenario name: UEDPIE_0_Map_RLE_Scenario20; Voxel Model memory: 234552
[2025.05.08-11.15.11:271][379]LogVoxelMeshingProfiling: Display: Scenario name: UEDPIE_0_Map_RLE_Scenario20; Voxel Model memory: 234552
[2025.05.08-11.15.11:274][379]LogVoxelMeshingProfiling: Display: Scenario name: UEDPIE_0_Map_RLE_Scenario20; Voxel Model memory: 234552
[2025.05.08-11.15.11:274][379]LogVoxelMeshingProfiling: Display: Scenario name: UEDPIE_0_Map_RLE_Scenario20; Voxel Model memory: 234552
[2025.05.08-11.15.11:274][379]LogVoxelMeshingProfiling: Display: Scenario name: UEDPIE_0_Map_RLE_Scenario20; Voxel Model memory: 234552
[2025.05.08-11.15.11:276][379]LogVoxelMeshingProfiling: Display: Scenario name: UEDPIE_0_Map_RLE_Scenario20; Voxel Model memory: 234552
[2025.05.08-11.15.11:277][379]LogVoxelMeshingProfiling: Display: Scenario name: UEDPIE_0_Map_RLE_Scenario20; Voxel Model memory: 234552
[2025.05.08-11.15.11:278][379]LogVoxelMeshingProfiling: Display: Scenario name: UEDPIE_0_Map_RLE_Scenario20; Voxel Model memory: 234552
[2025.05.08-11.15.11:283][379]LogVoxelMeshingProfiling: Display: Scenario name: UEDPIE_0_Map_RLE_Scenario20; Voxel Model memory: 234552
[2025.05.08-11.15.11:284][379]LogVoxelMeshingProfiling: Display: Scenario name: UEDPIE_0_Map_RLE_Scenario20; Voxel Model memory: 234552
[2025.05.08-11.15.11:284][379]LogVoxelMeshingProfiling: Display: Scenario name: UEDPIE_0_Map_RLE_Scenario20; Voxel Model memory: 234552
[2025.05.08-11.15.11:285][379]LogVoxelMeshingProfiling: Display: Scenario name: UEDPIE_0_Map_RLE_Scenario20; Voxel Model memory: 234552
[2025.05.08-11.15.11:290][379]LogVoxelMeshingProfiling: Display: Scenario name: UEDPIE_0_Map_RLE_Scenario20; Voxel Model memory: 234552
[2025.05.08-11.15.11:291][379]LogVoxelMeshingProfiling: Display: Scenario name: UEDPIE_0_Map_RLE_Scenario20; Voxel Model memory: 234552
[2025.05.08-11.15.11:291][379]LogVoxelMeshingProfiling: Display: Scenario name: UEDPIE_0_Map_RLE_Scenario20; Voxel Model memory: 234552
[2025.05.08-11.15.11:298][379]LogVoxelMeshingProfiling: Display: Scenario name: UEDPIE_0_Map_RLE_Scenario20; Voxel Model memory: 234552
[2025.05.08-11.15.11:302][379]LogVoxelMeshingProfiling: Display: Scenario name: UEDPIE_0_Map_RLE_Scenario20; Voxel Model memory: 234552
[2025.05.08-11.15.11:302][379]LogVoxelMeshingProfiling: Display: Scenario name: UEDPIE_0_Map_RLE_Scenario20; Voxel Model memory: 234552
[2025.05.08-11.15.11:302][379]LogVoxelMeshingProfiling: Display: Scenario name: UEDPIE_0_Map_RLE_Scenario20; Voxel Model memory: 234552
[2025.05.08-11.15.11:303][379]LogVoxelMeshingProfiling: Display: Scenario name: UEDPIE_0_Map_RLE_Scenario20; Voxel Model memory: 234552
[2025.05.08-11.15.11:303][379]LogVoxelMeshingProfiling: Display: Scenario name: UEDPIE_0_Map_RLE_Scenario20; Voxel Model memory: 234552
[2025.05.08-11.15.11:339][380]LogVoxelMeshingProfiling: Display: Scenario name: UEDPIE_0_Map_RLE_Scenario20; Vertices: 203280
[2025.05.08-11.15.11:376][380]LogVoxelMeshingProfiling: Display: Scenario name: UEDPIE_0_Map_RLE_Scenario20; Vertices: 204264
[2025.05.08-11.15.11:417][381]LogVoxelMeshingProfiling: Display: Scenario name: UEDPIE_0_Map_RLE_Scenario20; Vertices: 204720
[2025.05.08-11.15.11:472][383]LogVoxelMeshingProfiling: Display: Scenario name: UEDPIE_0_Map_RLE_Scenario20; Vertices: 202680
[2025.05.08-11.15.11:532][385]LogVoxelMeshingProfiling: Display: Scenario name: UEDPIE_0_Map_RLE_Scenario20; Vertices: 203112
[2025.05.08-11.15.11:599][388]LogVoxelMeshingProfiling: Display: Scenario name: UEDPIE_0_Map_RLE_Scenario20; Vertices: 204312
[2025.05.08-11.15.11:655][388]LogVoxelMeshingProfiling: Display: Scenario name: UEDPIE_0_Map_RLE_Scenario20; Vertices: 203064
[2025.05.08-11.15.11:714][389]LogVoxelMeshingProfiling: Display: Scenario name: UEDPIE_0_Map_RLE_Scenario20; Vertices: 203328
[2025.05.08-11.15.11:778][390]LogVoxelMeshingProfiling: Display: Scenario name: UEDPIE_0_Map_RLE_Scenario20; Vertices: 203616
[2025.05.08-11.15.11:831][391]LogVoxelMeshingProfiling: Display: Scenario name: UEDPIE_0_Map_RLE_Scenario20; Vertices: 204000
[2025.05.08-11.15.11:896][392]LogVoxelMeshingProfiling: Display: Scenario name: UEDPIE_0_Map_RLE_Scenario20; Vertices: 202152
[2025.05.08-11.15.11:958][393]LogVoxelMeshingProfiling: Display: Scenario name: UEDPIE_0_Map_RLE_Scenario20; Vertices: 204192
[2025.05.08-11.15.12:011][394]LogVoxelMeshingProfiling: Display: Scenario name: UEDPIE_0_Map_RLE_Scenario20; Vertices: 203256
[2025.05.08-11.15.12:074][395]LogVoxelMeshingProfiling: Display: Scenario name: UEDPIE_0_Map_RLE_Scenario20; Vertices: 202080
[2025.05.08-11.15.12:139][396]LogVoxelMeshingProfiling: Display: Scenario name: UEDPIE_0_Map_RLE_Scenario20; Vertices: 203280
[2025.05.08-11.15.12:198][397]LogVoxelMeshingProfiling: Display: Scenario name: UEDPIE_0_Map_RLE_Scenario20; Vertices: 203520
[2025.05.08-11.15.12:255][398]LogVoxelMeshingProfiling: Display: Scenario name: UEDPIE_0_Map_RLE_Scenario20; Vertices: 202800
[2025.05.08-11.15.12:333][400]LogVoxelMeshingProfiling: Display: Scenario name: UEDPIE_0_Map_RLE_Scenario20; Vertices: 203016
[2025.05.08-11.15.12:391][400]LogVoxelMeshingProfiling: Display: Scenario name: UEDPIE_0_Map_RLE_Scenario20; Vertices: 202944
[2025.05.08-11.15.12:462][401]LogVoxelMeshingProfiling: Display: Scenario name: UEDPIE_0_Map_RLE_Scenario20; Vertices: 203496
[2025.05.08-11.15.12:525][403]LogVoxelMeshingProfiling: Display: Scenario name: UEDPIE_0_Map_RLE_Scenario20; Vertices: 202632
[2025.05.08-11.15.12:584][404]LogVoxelMeshingProfiling: Display: Scenario name: UEDPIE_0_Map_RLE_Scenario20; Vertices: 203496
[2025.05.08-11.15.12:655][406]LogVoxelMeshingProfiling: Display: Scenario name: UEDPIE_0_Map_RLE_Scenario20; Vertices: 203040
[2025.05.08-11.15.12:721][408]LogVoxelMeshingProfiling: Display: Scenario name: UEDPIE_0_Map_RLE_Scenario20; Vertices: 204072
[2025.05.08-11.15.12:785][409]LogVoxelMeshingProfiling: Display: Scenario name: UEDPIE_0_Map_RLE_Scenario20; Vertices: 202560
[2025.05.08-11.15.12:848][410]LogVoxelMeshingProfiling: Display: Scenario name: UEDPIE_0_Map_RLE_Scenario20; Vertices: 202440
[2025.05.08-11.15.12:911][411]LogVoxelMeshingProfiling: Display: Scenario name: UEDPIE_0_Map_RLE_Scenario20; Vertices: 204360
[2025.05.08-11.15.19:851][741]LogVoxelMeshingProfiling: Display: Scenario name: UEDPIE_0_Map_VoxelPlugin_Scenario20; Voxel Model memory: 262144
[2025.05.08-11.15.19:851][741]LogVoxelMeshingProfiling: Display: Scenario name: UEDPIE_0_Map_VoxelPlugin_Scenario20; OpaqueVoxelCount: 16483; TransparentVoxelCount: 16285
[2025.05.08-11.15.19:882][741]LogVoxelMeshingProfiling: Display: Scenario name: UEDPIE_0_Map_VoxelPlugin_Scenario20; Voxel Model memory: 262144
[2025.05.08-11.15.19:882][741]LogVoxelMeshingProfiling: Display: Scenario name: UEDPIE_0_Map_VoxelPlugin_Scenario20; OpaqueVoxelCount: 16608; TransparentVoxelCount: 16160
[2025.05.08-11.15.19:883][741]LogVoxelMeshingProfiling: Display: Scenario name: UEDPIE_0_Map_VoxelPlugin_Scenario20; Voxel Model memory: 262144
[2025.05.08-11.15.19:883][741]LogVoxelMeshingProfiling: Display: Scenario name: UEDPIE_0_Map_VoxelPlugin_Scenario20; OpaqueVoxelCount: 16317; TransparentVoxelCount: 16451
[2025.05.08-11.15.19:887][741]LogVoxelMeshingProfiling: Display: Scenario name: UEDPIE_0_Map_VoxelPlugin_Scenario20; Voxel Model memory: 262144
[2025.05.08-11.15.19:887][741]LogVoxelMeshingProfiling: Display: Scenario name: UEDPIE_0_Map_VoxelPlugin_Scenario20; OpaqueVoxelCount: 16460; TransparentVoxelCount: 16308
[2025.05.08-11.15.19:888][741]LogVoxelMeshingProfiling: Display: Scenario name: UEDPIE_0_Map_VoxelPlugin_Scenario20; Voxel Model memory: 262144
[2025.05.08-11.15.19:888][741]LogVoxelMeshingProfiling: Display: Scenario name: UEDPIE_0_Map_VoxelPlugin_Scenario20; OpaqueVoxelCount: 16593; TransparentVoxelCount: 16175
[2025.05.08-11.15.19:889][741]LogVoxelMeshingProfiling: Display: Scenario name: UEDPIE_0_Map_VoxelPlugin_Scenario20; Voxel Model memory: 262144
[2025.05.08-11.15.19:889][741]LogVoxelMeshingProfiling: Display: Scenario name: UEDPIE_0_Map_VoxelPlugin_Scenario20; OpaqueVoxelCount: 16487; TransparentVoxelCount: 16281
[2025.05.08-11.15.19:889][741]LogVoxelMeshingProfiling: Display: Scenario name: UEDPIE_0_Map_VoxelPlugin_Scenario20; Voxel Model memory: 262144
[2025.05.08-11.15.19:890][741]LogVoxelMeshingProfiling: Display: Scenario name: UEDPIE_0_Map_VoxelPlugin_Scenario20; OpaqueVoxelCount: 16330; TransparentVoxelCount: 16438
[2025.05.08-11.15.19:901][741]LogVoxelMeshingProfiling: Display: Scenario name: UEDPIE_0_Map_VoxelPlugin_Scenario20; Voxel Model memory: 262144
[2025.05.08-11.15.19:901][741]LogVoxelMeshingProfiling: Display: Scenario name: UEDPIE_0_Map_VoxelPlugin_Scenario20; OpaqueVoxelCount: 16374; TransparentVoxelCount: 16394
[2025.05.08-11.15.19:901][741]LogVoxelMeshingProfiling: Display: Scenario name: UEDPIE_0_Map_VoxelPlugin_Scenario20; Voxel Model memory: 262144
[2025.05.08-11.15.19:901][741]LogVoxelMeshingProfiling: Display: Scenario name: UEDPIE_0_Map_VoxelPlugin_Scenario20; OpaqueVoxelCount: 16487; TransparentVoxelCount: 16281
[2025.05.08-11.15.19:906][741]LogVoxelMeshingProfiling: Display: Scenario name: UEDPIE_0_Map_VoxelPlugin_Scenario20; Voxel Model memory: 262144
[2025.05.08-11.15.19:906][741]LogVoxelMeshingProfiling: Display: Scenario name: UEDPIE_0_Map_VoxelPlugin_Scenario20; OpaqueVoxelCount: 16484; TransparentVoxelCount: 16284
[2025.05.08-11.15.19:908][741]LogVoxelMeshingProfiling: Display: Scenario name: UEDPIE_0_Map_VoxelPlugin_Scenario20; Voxel Model memory: 262144
[2025.05.08-11.15.19:909][741]LogVoxelMeshingProfiling: Display: Scenario name: UEDPIE_0_Map_VoxelPlugin_Scenario20; OpaqueVoxelCount: 16640; TransparentVoxelCount: 16128
[2025.05.08-11.15.19:910][741]LogVoxelMeshingProfiling: Display: Scenario name: UEDPIE_0_Map_VoxelPlugin_Scenario20; Voxel Model memory: 262144
[2025.05.08-11.15.19:910][741]LogVoxelMeshingProfiling: Display: Scenario name: UEDPIE_0_Map_VoxelPlugin_Scenario20; OpaqueVoxelCount: 16413; TransparentVoxelCount: 16355
[2025.05.08-11.15.19:911][741]LogVoxelMeshingProfiling: Display: Scenario name: UEDPIE_0_Map_VoxelPlugin_Scenario20; Voxel Model memory: 262144
[2025.05.08-11.15.19:911][741]LogVoxelMeshingProfiling: Display: Scenario name: UEDPIE_0_Map_VoxelPlugin_Scenario20; OpaqueVoxelCount: 16421; TransparentVoxelCount: 16347
[2025.05.08-11.15.19:911][741]LogVoxelMeshingProfiling: Display: Scenario name: UEDPIE_0_Map_VoxelPlugin_Scenario20; Voxel Model memory: 262144
[2025.05.08-11.15.19:911][741]LogVoxelMeshingProfiling: Display: Scenario name: UEDPIE_0_Map_VoxelPlugin_Scenario20; OpaqueVoxelCount: 16557; TransparentVoxelCount: 16211
[2025.05.08-11.15.19:920][741]LogVoxelMeshingProfiling: Display: Scenario name: UEDPIE_0_Map_VoxelPlugin_Scenario20; Voxel Model memory: 262144
[2025.05.08-11.15.19:920][741]LogVoxelMeshingProfiling: Display: Scenario name: UEDPIE_0_Map_VoxelPlugin_Scenario20; OpaqueVoxelCount: 16508; TransparentVoxelCount: 16260
[2025.05.08-11.15.19:921][741]LogVoxelMeshingProfiling: Display: Scenario name: UEDPIE_0_Map_VoxelPlugin_Scenario20; Voxel Model memory: 262144
[2025.05.08-11.15.19:921][741]LogVoxelMeshingProfiling: Display: Scenario name: UEDPIE_0_Map_VoxelPlugin_Scenario20; OpaqueVoxelCount: 16518; TransparentVoxelCount: 16250
[2025.05.08-11.15.19:922][741]LogVoxelMeshingProfiling: Display: Scenario name: UEDPIE_0_Map_VoxelPlugin_Scenario20; Voxel Model memory: 262144
[2025.05.08-11.15.19:922][741]LogVoxelMeshingProfiling: Display: Scenario name: UEDPIE_0_Map_VoxelPlugin_Scenario20; OpaqueVoxelCount: 16433; TransparentVoxelCount: 16335
[2025.05.08-11.15.19:925][741]LogVoxelMeshingProfiling: Display: Scenario name: UEDPIE_0_Map_VoxelPlugin_Scenario20; Voxel Model memory: 262144
[2025.05.08-11.15.19:925][741]LogVoxelMeshingProfiling: Display: Scenario name: UEDPIE_0_Map_VoxelPlugin_Scenario20; OpaqueVoxelCount: 16508; TransparentVoxelCount: 16260
[2025.05.08-11.15.19:926][741]LogVoxelMeshingProfiling: Display: Scenario name: UEDPIE_0_Map_VoxelPlugin_Scenario20; Voxel Model memory: 262144
[2025.05.08-11.15.19:926][741]LogVoxelMeshingProfiling: Display: Scenario name: UEDPIE_0_Map_VoxelPlugin_Scenario20; OpaqueVoxelCount: 16292; TransparentVoxelCount: 16476
[2025.05.08-11.15.19:927][741]LogVoxelMeshingProfiling: Display: Scenario name: UEDPIE_0_Map_VoxelPlugin_Scenario20; Voxel Model memory: 262144
[2025.05.08-11.15.19:927][741]LogVoxelMeshingProfiling: Display: Scenario name: UEDPIE_0_Map_VoxelPlugin_Scenario20; OpaqueVoxelCount: 16536; TransparentVoxelCount: 16232
[2025.05.08-11.15.19:927][741]LogVoxelMeshingProfiling: Display: Scenario name: UEDPIE_0_Map_VoxelPlugin_Scenario20; Voxel Model memory: 262144
[2025.05.08-11.15.19:927][741]LogVoxelMeshingProfiling: Display: Scenario name: UEDPIE_0_Map_VoxelPlugin_Scenario20; OpaqueVoxelCount: 16565; TransparentVoxelCount: 16203
[2025.05.08-11.15.19:936][741]LogVoxelMeshingProfiling: Display: Scenario name: UEDPIE_0_Map_VoxelPlugin_Scenario20; Voxel Model memory: 262144
[2025.05.08-11.15.19:936][741]LogVoxelMeshingProfiling: Display: Scenario name: UEDPIE_0_Map_VoxelPlugin_Scenario20; OpaqueVoxelCount: 16386; TransparentVoxelCount: 16382
[2025.05.08-11.15.19:936][741]LogVoxelMeshingProfiling: Display: Scenario name: UEDPIE_0_Map_VoxelPlugin_Scenario20; Voxel Model memory: 262144
[2025.05.08-11.15.19:936][741]LogVoxelMeshingProfiling: Display: Scenario name: UEDPIE_0_Map_VoxelPlugin_Scenario20; Voxel Model memory: 262144
[2025.05.08-11.15.19:936][741]LogVoxelMeshingProfiling: Display: Scenario name: UEDPIE_0_Map_VoxelPlugin_Scenario20; OpaqueVoxelCount: 16546; TransparentVoxelCount: 16222
[2025.05.08-11.15.19:936][741]LogVoxelMeshingProfiling: Display: Scenario name: UEDPIE_0_Map_VoxelPlugin_Scenario20; OpaqueVoxelCount: 16416; TransparentVoxelCount: 16352
[2025.05.08-11.15.19:937][741]LogVoxelMeshingProfiling: Display: Scenario name: UEDPIE_0_Map_VoxelPlugin_Scenario20; Voxel Model memory: 262144
[2025.05.08-11.15.19:937][741]LogVoxelMeshingProfiling: Display: Scenario name: UEDPIE_0_Map_VoxelPlugin_Scenario20; OpaqueVoxelCount: 16453; TransparentVoxelCount: 16315
[2025.05.08-11.15.19:939][741]LogVoxelMeshingProfiling: Display: Scenario name: UEDPIE_0_Map_VoxelPlugin_Scenario20; Voxel Model memory: 262144
[2025.05.08-11.15.19:939][741]LogVoxelMeshingProfiling: Display: Scenario name: UEDPIE_0_Map_VoxelPlugin_Scenario20; OpaqueVoxelCount: 16520; TransparentVoxelCount: 16248
[2025.05.08-11.15.19:939][741]LogVoxelMeshingProfiling: Display: Scenario name: UEDPIE_0_Map_VoxelPlugin_Scenario20; Voxel Model memory: 262144
[2025.05.08-11.15.19:939][741]LogVoxelMeshingProfiling: Display: Scenario name: UEDPIE_0_Map_VoxelPlugin_Scenario20; OpaqueVoxelCount: 16446; TransparentVoxelCount: 16322
[2025.05.08-11.15.20:043][742]LogVoxelMeshingProfiling: Display: Scenario name: Map_VoxelPlugin_Scenario20; Vertices: 196796
[2025.05.08-11.15.20:051][742]LogVoxelMeshingProfiling: Display: Scenario name: Map_VoxelPlugin_Scenario20; Vertices: 200284
[2025.05.08-11.15.20:112][744]LogVoxelMeshingProfiling: Display: Scenario name: Map_VoxelPlugin_Scenario20; Vertices: 198516
[2025.05.08-11.15.20:123][744]LogVoxelMeshingProfiling: Display: Scenario name: Map_VoxelPlugin_Scenario20; Vertices: 198772
[2025.05.08-11.15.20:452][756]LogVoxelMeshingProfiling: Display: Scenario name: Map_VoxelPlugin_Scenario20; Vertices: 198408
[2025.05.08-11.15.20:456][756]LogVoxelMeshingProfiling: Display: Scenario name: Map_VoxelPlugin_Scenario20; Vertices: 197828
[2025.05.08-11.15.20:532][760]LogVoxelMeshingProfiling: Display: Scenario name: Map_VoxelPlugin_Scenario20; Vertices: 198892
[2025.05.08-11.15.20:608][764]LogVoxelMeshingProfiling: Display: Scenario name: Map_VoxelPlugin_Scenario20; Vertices: 199648
[2025.05.08-11.15.20:681][768]LogVoxelMeshingProfiling: Display: Scenario name: Map_VoxelPlugin_Scenario20; Vertices: 199472
[2025.05.08-11.15.20:743][771]LogVoxelMeshingProfiling: Display: Scenario name: Map_VoxelPlugin_Scenario20; Vertices: 196596
[2025.05.08-11.15.20:814][775]LogVoxelMeshingProfiling: Display: Scenario name: Map_VoxelPlugin_Scenario20; Vertices: 196864
[2025.05.08-11.15.20:891][779]LogVoxelMeshingProfiling: Display: Scenario name: Map_VoxelPlugin_Scenario20; Vertices: 198060
[2025.05.08-11.15.20:956][783]LogVoxelMeshingProfiling: Display: Scenario name: Map_VoxelPlugin_Scenario20; Vertices: 198396
[2025.05.08-11.15.21:037][787]LogVoxelMeshingProfiling: Display: Scenario name: Map_VoxelPlugin_Scenario20; Vertices: 197680
[2025.05.08-11.15.21:037][787]LogVoxelMeshingProfiling: Display: Scenario name: Map_VoxelPlugin_Scenario20; Vertices: 197696
[2025.05.08-11.15.21:220][798]LogVoxelMeshingProfiling: Display: Scenario name: Map_VoxelPlugin_Scenario20; Vertices: 197260
[2025.05.08-11.15.21:253][800]LogVoxelMeshingProfiling: Display: Scenario name: Map_VoxelPlugin_Scenario20; Vertices: 197552
[2025.05.08-11.15.21:294][802]LogVoxelMeshingProfiling: Display: Scenario name: Map_VoxelPlugin_Scenario20; Vertices: 199200
[2025.05.08-11.15.21:502][814]LogVoxelMeshingProfiling: Display: Scenario name: Map_VoxelPlugin_Scenario20; Vertices: 198240
[2025.05.08-11.15.21:508][815]LogVoxelMeshingProfiling: Display: Scenario name: Map_VoxelPlugin_Scenario20; Vertices: 196652
[2025.05.08-11.15.21:578][819]LogVoxelMeshingProfiling: Display: Scenario name: Map_VoxelPlugin_Scenario20; Vertices: 199452
[2025.05.08-11.15.21:658][824]LogVoxelMeshingProfiling: Display: Scenario name: Map_VoxelPlugin_Scenario20; Vertices: 198712
[2025.05.08-11.15.21:717][827]LogVoxelMeshingProfiling: Display: Scenario name: Map_VoxelPlugin_Scenario20; Vertices: 198960
[2025.05.08-11.15.21:786][831]LogVoxelMeshingProfiling: Display: Scenario name: Map_VoxelPlugin_Scenario20; Vertices: 200256
[2025.05.08-11.15.21:867][836]LogVoxelMeshingProfiling: Display: Scenario name: Map_VoxelPlugin_Scenario20; Vertices: 197732
[2025.05.08-11.15.21:924][839]LogVoxelMeshingProfiling: Display: Scenario name: Map_VoxelPlugin_Scenario20; Vertices: 199372
[2025.05.08-11.15.21:996][843]LogVoxelMeshingProfiling: Display: Scenario name: Map_VoxelPlugin_Scenario20; Vertices: 198768
