[2025.05.08-11.22.57:903][947]LogVoxelMeshingProfiling: Display: Scenario name: UEDPIE_0_Map_Grid_Scenario21; Voxel Model memory: 262144
[2025.05.08-11.22.57:903][947]LogVoxelMeshingProfiling: Display: Scenario name: UEDPIE_0_Map_Grid_Scenario21; OpaqueVoxelCount: 8134; TransparentVoxelCount: 24634
[2025.05.08-11.22.57:908][947]LogVoxelMeshingProfiling: Display: Scenario name: UEDPIE_0_Map_Grid_Scenario21; Voxel Model memory: 262144
[2025.05.08-11.22.57:908][947]LogVoxelMeshingProfiling: Display: Scenario name: UEDPIE_0_Map_Grid_Scenario21; OpaqueVoxelCount: 8183; TransparentVoxelCount: 24585
[2025.05.08-11.22.57:908][947]LogVoxelMeshingProfiling: Display: Scenario name: UEDPIE_0_Map_Grid_Scenario21; Voxel Model memory: 262144
[2025.05.08-11.22.57:908][947]LogVoxelMeshingProfiling: Display: Scenario name: UEDPIE_0_Map_Grid_Scenario21; OpaqueVoxelCount: 8201; TransparentVoxelCount: 24567
[2025.05.08-11.22.57:909][947]LogVoxelMeshingProfiling: Display: Scenario name: UEDPIE_0_Map_Grid_Scenario21; Voxel Model memory: 262144
[2025.05.08-11.22.57:909][947]LogVoxelMeshingProfiling: Display: Scenario name: UEDPIE_0_Map_Grid_Scenario21; OpaqueVoxelCount: 8224; TransparentVoxelCount: 24544
[2025.05.08-11.22.57:910][947]LogVoxelMeshingProfiling: Display: Scenario name: UEDPIE_0_Map_Grid_Scenario21; Voxel Model memory: 262144
[2025.05.08-11.22.57:910][947]LogVoxelMeshingProfiling: Display: Scenario name: UEDPIE_0_Map_Grid_Scenario21; OpaqueVoxelCount: 8251; TransparentVoxelCount: 24517
[2025.05.08-11.22.57:911][947]LogVoxelMeshingProfiling: Display: Scenario name: UEDPIE_0_Map_Grid_Scenario21; Voxel Model memory: 262144
[2025.05.08-11.22.57:911][947]LogVoxelMeshingProfiling: Display: Scenario name: UEDPIE_0_Map_Grid_Scenario21; Voxel Model memory: 262144
[2025.05.08-11.22.57:911][947]LogVoxelMeshingProfiling: Display: Scenario name: UEDPIE_0_Map_Grid_Scenario21; OpaqueVoxelCount: 8283; TransparentVoxelCount: 24485
[2025.05.08-11.22.57:911][947]LogVoxelMeshingProfiling: Display: Scenario name: UEDPIE_0_Map_Grid_Scenario21; OpaqueVoxelCount: 8262; TransparentVoxelCount: 24506
[2025.05.08-11.22.57:915][947]LogVoxelMeshingProfiling: Display: Scenario name: UEDPIE_0_Map_Grid_Scenario21; Voxel Model memory: 262144
[2025.05.08-11.22.57:915][947]LogVoxelMeshingProfiling: Display: Scenario name: UEDPIE_0_Map_Grid_Scenario21; OpaqueVoxelCount: 8200; TransparentVoxelCount: 24568
[2025.05.08-11.22.57:915][947]LogVoxelMeshingProfiling: Display: Scenario name: UEDPIE_0_Map_Grid_Scenario21; Voxel Model memory: 262144
[2025.05.08-11.22.57:915][947]LogVoxelMeshingProfiling: Display: Scenario name: UEDPIE_0_Map_Grid_Scenario21; OpaqueVoxelCount: 8264; TransparentVoxelCount: 24504
[2025.05.08-11.22.57:916][947]LogVoxelMeshingProfiling: Display: Scenario name: UEDPIE_0_Map_Grid_Scenario21; Voxel Model memory: 262144
[2025.05.08-11.22.57:916][947]LogVoxelMeshingProfiling: Display: Scenario name: UEDPIE_0_Map_Grid_Scenario21; OpaqueVoxelCount: 8205; TransparentVoxelCount: 24563
[2025.05.08-11.22.57:918][947]LogVoxelMeshingProfiling: Display: Scenario name: UEDPIE_0_Map_Grid_Scenario21; Voxel Model memory: 262144
[2025.05.08-11.22.57:918][947]LogVoxelMeshingProfiling: Display: Scenario name: UEDPIE_0_Map_Grid_Scenario21; OpaqueVoxelCount: 8275; TransparentVoxelCount: 24493
[2025.05.08-11.22.57:918][947]LogVoxelMeshingProfiling: Display: Scenario name: UEDPIE_0_Map_Grid_Scenario21; Voxel Model memory: 262144
[2025.05.08-11.22.57:918][947]LogVoxelMeshingProfiling: Display: Scenario name: UEDPIE_0_Map_Grid_Scenario21; OpaqueVoxelCount: 8185; TransparentVoxelCount: 24583
[2025.05.08-11.22.57:918][947]LogVoxelMeshingProfiling: Display: Scenario name: UEDPIE_0_Map_Grid_Scenario21; Voxel Model memory: 262144
[2025.05.08-11.22.57:918][947]LogVoxelMeshingProfiling: Display: Scenario name: UEDPIE_0_Map_Grid_Scenario21; OpaqueVoxelCount: 8129; TransparentVoxelCount: 24639
[2025.05.08-11.22.57:919][947]LogVoxelMeshingProfiling: Display: Scenario name: UEDPIE_0_Map_Grid_Scenario21; Voxel Model memory: 262144
[2025.05.08-11.22.57:919][947]LogVoxelMeshingProfiling: Display: Scenario name: UEDPIE_0_Map_Grid_Scenario21; OpaqueVoxelCount: 8210; TransparentVoxelCount: 24558
[2025.05.08-11.22.57:922][947]LogVoxelMeshingProfiling: Display: Scenario name: UEDPIE_0_Map_Grid_Scenario21; Voxel Model memory: 262144
[2025.05.08-11.22.57:922][947]LogVoxelMeshingProfiling: Display: Scenario name: UEDPIE_0_Map_Grid_Scenario21; OpaqueVoxelCount: 8287; TransparentVoxelCount: 24481
[2025.05.08-11.22.57:922][947]LogVoxelMeshingProfiling: Display: Scenario name: UEDPIE_0_Map_Grid_Scenario21; Voxel Model memory: 262144
[2025.05.08-11.22.57:922][947]LogVoxelMeshingProfiling: Display: Scenario name: UEDPIE_0_Map_Grid_Scenario21; OpaqueVoxelCount: 8245; TransparentVoxelCount: 24523
[2025.05.08-11.22.57:924][947]LogVoxelMeshingProfiling: Display: Scenario name: UEDPIE_0_Map_Grid_Scenario21; Voxel Model memory: 262144
[2025.05.08-11.22.57:924][947]LogVoxelMeshingProfiling: Display: Scenario name: UEDPIE_0_Map_Grid_Scenario21; OpaqueVoxelCount: 8248; TransparentVoxelCount: 24520
[2025.05.08-11.22.57:924][947]LogVoxelMeshingProfiling: Display: Scenario name: UEDPIE_0_Map_Grid_Scenario21; Voxel Model memory: 262144
[2025.05.08-11.22.57:924][947]LogVoxelMeshingProfiling: Display: Scenario name: UEDPIE_0_Map_Grid_Scenario21; OpaqueVoxelCount: 8250; TransparentVoxelCount: 24518
[2025.05.08-11.22.57:924][947]LogVoxelMeshingProfiling: Display: Scenario name: UEDPIE_0_Map_Grid_Scenario21; Voxel Model memory: 262144
[2025.05.08-11.22.57:926][947]LogVoxelMeshingProfiling: Display: Scenario name: UEDPIE_0_Map_Grid_Scenario21; OpaqueVoxelCount: 8170; TransparentVoxelCount: 24598
[2025.05.08-11.22.57:926][947]LogVoxelMeshingProfiling: Display: Scenario name: UEDPIE_0_Map_Grid_Scenario21; Voxel Model memory: 262144
[2025.05.08-11.22.57:926][947]LogVoxelMeshingProfiling: Display: Scenario name: UEDPIE_0_Map_Grid_Scenario21; OpaqueVoxelCount: 8430; TransparentVoxelCount: 24338
[2025.05.08-11.22.57:926][947]LogVoxelMeshingProfiling: Display: Scenario name: UEDPIE_0_Map_Grid_Scenario21; Voxel Model memory: 262144
[2025.05.08-11.22.57:926][947]LogVoxelMeshingProfiling: Display: Scenario name: UEDPIE_0_Map_Grid_Scenario21; OpaqueVoxelCount: 8098; TransparentVoxelCount: 24670
[2025.05.08-11.22.57:930][947]LogVoxelMeshingProfiling: Display: Scenario name: UEDPIE_0_Map_Grid_Scenario21; Voxel Model memory: 262144
[2025.05.08-11.22.57:930][947]LogVoxelMeshingProfiling: Display: Scenario name: UEDPIE_0_Map_Grid_Scenario21; OpaqueVoxelCount: 8210; TransparentVoxelCount: 24558
[2025.05.08-11.22.57:931][947]LogVoxelMeshingProfiling: Display: Scenario name: UEDPIE_0_Map_Grid_Scenario21; Voxel Model memory: 262144
[2025.05.08-11.22.57:931][947]LogVoxelMeshingProfiling: Display: Scenario name: UEDPIE_0_Map_Grid_Scenario21; OpaqueVoxelCount: 8257; TransparentVoxelCount: 24511
[2025.05.08-11.22.57:931][947]LogVoxelMeshingProfiling: Display: Scenario name: UEDPIE_0_Map_Grid_Scenario21; Voxel Model memory: 262144
[2025.05.08-11.22.57:931][947]LogVoxelMeshingProfiling: Display: Scenario name: UEDPIE_0_Map_Grid_Scenario21; OpaqueVoxelCount: 8268; TransparentVoxelCount: 24500
[2025.05.08-11.22.57:931][947]LogVoxelMeshingProfiling: Display: Scenario name: UEDPIE_0_Map_Grid_Scenario21; Voxel Model memory: 262144
[2025.05.08-11.22.57:931][947]LogVoxelMeshingProfiling: Display: Scenario name: UEDPIE_0_Map_Grid_Scenario21; OpaqueVoxelCount: 8236; TransparentVoxelCount: 24532
[2025.05.08-11.22.57:932][947]LogVoxelMeshingProfiling: Display: Scenario name: UEDPIE_0_Map_Grid_Scenario21; Voxel Model memory: 262144
[2025.05.08-11.22.57:932][947]LogVoxelMeshingProfiling: Display: Scenario name: UEDPIE_0_Map_Grid_Scenario21; OpaqueVoxelCount: 8078; TransparentVoxelCount: 24690
[2025.05.08-11.22.57:932][947]LogVoxelMeshingProfiling: Display: Scenario name: UEDPIE_0_Map_Grid_Scenario21; Voxel Model memory: 262144
[2025.05.08-11.22.57:932][947]LogVoxelMeshingProfiling: Display: Scenario name: UEDPIE_0_Map_Grid_Scenario21; OpaqueVoxelCount: 8289; TransparentVoxelCount: 24479
[2025.05.08-11.22.57:987][948]LogVoxelMeshingProfiling: Display: Scenario name: UEDPIE_0_Map_Grid_Scenario21; Vertices: 107420
[2025.05.08-11.22.58:041][948]LogVoxelMeshingProfiling: Display: Scenario name: UEDPIE_0_Map_Grid_Scenario21; Vertices: 110052
[2025.05.08-11.22.58:104][949]LogVoxelMeshingProfiling: Display: Scenario name: UEDPIE_0_Map_Grid_Scenario21; Vertices: 108596
[2025.05.08-11.22.58:166][951]LogVoxelMeshingProfiling: Display: Scenario name: UEDPIE_0_Map_Grid_Scenario21; Vertices: 107164
[2025.05.08-11.22.58:247][953]LogVoxelMeshingProfiling: Display: Scenario name: UEDPIE_0_Map_Grid_Scenario21; Vertices: 108032
[2025.05.08-11.22.58:324][956]LogVoxelMeshingProfiling: Display: Scenario name: UEDPIE_0_Map_Grid_Scenario21; Vertices: 109360
[2025.05.08-11.22.58:391][959]LogVoxelMeshingProfiling: Display: Scenario name: UEDPIE_0_Map_Grid_Scenario21; Vertices: 107664
[2025.05.08-11.22.58:463][963]LogVoxelMeshingProfiling: Display: Scenario name: UEDPIE_0_Map_Grid_Scenario21; Vertices: 107716
[2025.05.08-11.22.58:537][966]LogVoxelMeshingProfiling: Display: Scenario name: UEDPIE_0_Map_Grid_Scenario21; Vertices: 109004
[2025.05.08-11.22.58:610][969]LogVoxelMeshingProfiling: Display: Scenario name: UEDPIE_0_Map_Grid_Scenario21; Vertices: 108336
[2025.05.08-11.22.58:683][973]LogVoxelMeshingProfiling: Display: Scenario name: UEDPIE_0_Map_Grid_Scenario21; Vertices: 108924
[2025.05.08-11.22.58:754][977]LogVoxelMeshingProfiling: Display: Scenario name: UEDPIE_0_Map_Grid_Scenario21; Vertices: 108396
[2025.05.08-11.22.58:823][980]LogVoxelMeshingProfiling: Display: Scenario name: UEDPIE_0_Map_Grid_Scenario21; Vertices: 107108
[2025.05.08-11.22.58:896][984]LogVoxelMeshingProfiling: Display: Scenario name: UEDPIE_0_Map_Grid_Scenario21; Vertices: 108436
[2025.05.08-11.22.58:968][987]LogVoxelMeshingProfiling: Display: Scenario name: UEDPIE_0_Map_Grid_Scenario21; Vertices: 108616
[2025.05.08-11.22.59:035][990]LogVoxelMeshingProfiling: Display: Scenario name: UEDPIE_0_Map_Grid_Scenario21; Vertices: 109312
[2025.05.08-11.22.59:102][994]LogVoxelMeshingProfiling: Display: Scenario name: UEDPIE_0_Map_Grid_Scenario21; Vertices: 109296
[2025.05.08-11.22.59:172][998]LogVoxelMeshingProfiling: Display: Scenario name: UEDPIE_0_Map_Grid_Scenario21; Vertices: 108404
[2025.05.08-11.22.59:241][  1]LogVoxelMeshingProfiling: Display: Scenario name: UEDPIE_0_Map_Grid_Scenario21; Vertices: 109856
[2025.05.08-11.22.59:311][  5]LogVoxelMeshingProfiling: Display: Scenario name: UEDPIE_0_Map_Grid_Scenario21; Vertices: 109304
[2025.05.08-11.22.59:377][  9]LogVoxelMeshingProfiling: Display: Scenario name: UEDPIE_0_Map_Grid_Scenario21; Vertices: 108188
[2025.05.08-11.22.59:445][ 13]LogVoxelMeshingProfiling: Display: Scenario name: UEDPIE_0_Map_Grid_Scenario21; Vertices: 109016
[2025.05.08-11.22.59:519][ 16]LogVoxelMeshingProfiling: Display: Scenario name: UEDPIE_0_Map_Grid_Scenario21; Vertices: 107680
[2025.05.08-11.22.59:589][ 20]LogVoxelMeshingProfiling: Display: Scenario name: UEDPIE_0_Map_Grid_Scenario21; Vertices: 108324
[2025.05.08-11.22.59:658][ 24]LogVoxelMeshingProfiling: Display: Scenario name: UEDPIE_0_Map_Grid_Scenario21; Vertices: 107992
[2025.05.08-11.22.59:723][ 27]LogVoxelMeshingProfiling: Display: Scenario name: UEDPIE_0_Map_Grid_Scenario21; Vertices: 107404
[2025.05.08-11.22.59:791][ 31]LogVoxelMeshingProfiling: Display: Scenario name: UEDPIE_0_Map_Grid_Scenario21; Vertices: 109008
[2025.05.08-11.23.06:096][389]LogVoxelMeshingProfiling: Display: Scenario name: UEDPIE_0_Map_RLE_Scenario21; Voxel Model memory: 170436
[2025.05.08-11.23.06:101][389]LogVoxelMeshingProfiling: Display: Scenario name: UEDPIE_0_Map_RLE_Scenario21; Voxel Model memory: 170436
[2025.05.08-11.23.06:101][389]LogVoxelMeshingProfiling: Display: Scenario name: UEDPIE_0_Map_RLE_Scenario21; Voxel Model memory: 170436
[2025.05.08-11.23.06:101][389]LogVoxelMeshingProfiling: Display: Scenario name: UEDPIE_0_Map_RLE_Scenario21; Voxel Model memory: 170436
[2025.05.08-11.23.06:102][389]LogVoxelMeshingProfiling: Display: Scenario name: UEDPIE_0_Map_RLE_Scenario21; Voxel Model memory: 170436
[2025.05.08-11.23.06:104][389]LogVoxelMeshingProfiling: Display: Scenario name: UEDPIE_0_Map_RLE_Scenario21; Voxel Model memory: 170436
[2025.05.08-11.23.06:104][389]LogVoxelMeshingProfiling: Display: Scenario name: UEDPIE_0_Map_RLE_Scenario21; Voxel Model memory: 170436
[2025.05.08-11.23.06:108][389]LogVoxelMeshingProfiling: Display: Scenario name: UEDPIE_0_Map_RLE_Scenario21; Voxel Model memory: 170436
[2025.05.08-11.23.06:108][389]LogVoxelMeshingProfiling: Display: Scenario name: UEDPIE_0_Map_RLE_Scenario21; Voxel Model memory: 170436
[2025.05.08-11.23.06:109][389]LogVoxelMeshingProfiling: Display: Scenario name: UEDPIE_0_Map_RLE_Scenario21; Voxel Model memory: 170436
[2025.05.08-11.23.06:109][389]LogVoxelMeshingProfiling: Display: Scenario name: UEDPIE_0_Map_RLE_Scenario21; Voxel Model memory: 170436
[2025.05.08-11.23.06:111][389]LogVoxelMeshingProfiling: Display: Scenario name: UEDPIE_0_Map_RLE_Scenario21; Voxel Model memory: 170436
[2025.05.08-11.23.06:111][389]LogVoxelMeshingProfiling: Display: Scenario name: UEDPIE_0_Map_RLE_Scenario21; Voxel Model memory: 170436
[2025.05.08-11.23.06:111][389]LogVoxelMeshingProfiling: Display: Scenario name: UEDPIE_0_Map_RLE_Scenario21; Voxel Model memory: 170436
[2025.05.08-11.23.06:115][389]LogVoxelMeshingProfiling: Display: Scenario name: UEDPIE_0_Map_RLE_Scenario21; Voxel Model memory: 170436
[2025.05.08-11.23.06:115][389]LogVoxelMeshingProfiling: Display: Scenario name: UEDPIE_0_Map_RLE_Scenario21; Voxel Model memory: 170436
[2025.05.08-11.23.06:115][389]LogVoxelMeshingProfiling: Display: Scenario name: UEDPIE_0_Map_RLE_Scenario21; Voxel Model memory: 170436
[2025.05.08-11.23.06:117][389]LogVoxelMeshingProfiling: Display: Scenario name: UEDPIE_0_Map_RLE_Scenario21; Voxel Model memory: 170436
[2025.05.08-11.23.06:120][389]LogVoxelMeshingProfiling: Display: Scenario name: UEDPIE_0_Map_RLE_Scenario21; Voxel Model memory: 170436
[2025.05.08-11.23.06:120][389]LogVoxelMeshingProfiling: Display: Scenario name: UEDPIE_0_Map_RLE_Scenario21; Voxel Model memory: 170436
[2025.05.08-11.23.06:120][389]LogVoxelMeshingProfiling: Display: Scenario name: UEDPIE_0_Map_RLE_Scenario21; Voxel Model memory: 170436
[2025.05.08-11.23.06:124][389]LogVoxelMeshingProfiling: Display: Scenario name: UEDPIE_0_Map_RLE_Scenario21; Voxel Model memory: 170436
[2025.05.08-11.23.06:124][389]LogVoxelMeshingProfiling: Display: Scenario name: UEDPIE_0_Map_RLE_Scenario21; Voxel Model memory: 170436
[2025.05.08-11.23.06:125][389]LogVoxelMeshingProfiling: Display: Scenario name: UEDPIE_0_Map_RLE_Scenario21; Voxel Model memory: 170436
[2025.05.08-11.23.06:126][389]LogVoxelMeshingProfiling: Display: Scenario name: UEDPIE_0_Map_RLE_Scenario21; Voxel Model memory: 170436
[2025.05.08-11.23.06:126][389]LogVoxelMeshingProfiling: Display: Scenario name: UEDPIE_0_Map_RLE_Scenario21; Voxel Model memory: 170436
[2025.05.08-11.23.06:126][389]LogVoxelMeshingProfiling: Display: Scenario name: UEDPIE_0_Map_RLE_Scenario21; Voxel Model memory: 170436
[2025.05.08-11.23.06:156][390]LogVoxelMeshingProfiling: Display: Scenario name: UEDPIE_0_Map_RLE_Scenario21; Vertices: 148560
[2025.05.08-11.23.06:182][390]LogVoxelMeshingProfiling: Display: Scenario name: UEDPIE_0_Map_RLE_Scenario21; Vertices: 149616
[2025.05.08-11.23.06:210][390]LogVoxelMeshingProfiling: Display: Scenario name: UEDPIE_0_Map_RLE_Scenario21; Vertices: 150024
[2025.05.08-11.23.06:236][391]LogVoxelMeshingProfiling: Display: Scenario name: UEDPIE_0_Map_RLE_Scenario21; Vertices: 149496
[2025.05.08-11.23.06:275][392]LogVoxelMeshingProfiling: Display: Scenario name: UEDPIE_0_Map_RLE_Scenario21; Vertices: 151080
[2025.05.08-11.23.06:325][393]LogVoxelMeshingProfiling: Display: Scenario name: UEDPIE_0_Map_RLE_Scenario21; Vertices: 150360
[2025.05.08-11.23.06:366][394]LogVoxelMeshingProfiling: Display: Scenario name: UEDPIE_0_Map_RLE_Scenario21; Vertices: 149136
[2025.05.08-11.23.06:415][394]LogVoxelMeshingProfiling: Display: Scenario name: UEDPIE_0_Map_RLE_Scenario21; Vertices: 150192
[2025.05.08-11.23.06:457][394]LogVoxelMeshingProfiling: Display: Scenario name: UEDPIE_0_Map_RLE_Scenario21; Vertices: 150696
[2025.05.08-11.23.06:507][395]LogVoxelMeshingProfiling: Display: Scenario name: UEDPIE_0_Map_RLE_Scenario21; Vertices: 148968
[2025.05.08-11.23.06:559][396]LogVoxelMeshingProfiling: Display: Scenario name: UEDPIE_0_Map_RLE_Scenario21; Vertices: 148608
[2025.05.08-11.23.06:602][397]LogVoxelMeshingProfiling: Display: Scenario name: UEDPIE_0_Map_RLE_Scenario21; Vertices: 149472
[2025.05.08-11.23.06:650][397]LogVoxelMeshingProfiling: Display: Scenario name: UEDPIE_0_Map_RLE_Scenario21; Vertices: 149712
[2025.05.08-11.23.06:695][398]LogVoxelMeshingProfiling: Display: Scenario name: UEDPIE_0_Map_RLE_Scenario21; Vertices: 148632
[2025.05.08-11.23.06:734][398]LogVoxelMeshingProfiling: Display: Scenario name: UEDPIE_0_Map_RLE_Scenario21; Vertices: 150768
[2025.05.08-11.23.06:781][399]LogVoxelMeshingProfiling: Display: Scenario name: UEDPIE_0_Map_RLE_Scenario21; Vertices: 146568
[2025.05.08-11.23.06:834][400]LogVoxelMeshingProfiling: Display: Scenario name: UEDPIE_0_Map_RLE_Scenario21; Vertices: 150456
[2025.05.08-11.23.06:874][401]LogVoxelMeshingProfiling: Display: Scenario name: UEDPIE_0_Map_RLE_Scenario21; Vertices: 148704
[2025.05.08-11.23.06:926][402]LogVoxelMeshingProfiling: Display: Scenario name: UEDPIE_0_Map_RLE_Scenario21; Vertices: 147936
[2025.05.08-11.23.06:971][403]LogVoxelMeshingProfiling: Display: Scenario name: UEDPIE_0_Map_RLE_Scenario21; Vertices: 147600
[2025.05.08-11.23.07:017][403]LogVoxelMeshingProfiling: Display: Scenario name: UEDPIE_0_Map_RLE_Scenario21; Vertices: 150264
[2025.05.08-11.23.07:063][404]LogVoxelMeshingProfiling: Display: Scenario name: UEDPIE_0_Map_RLE_Scenario21; Vertices: 147960
[2025.05.08-11.23.07:105][405]LogVoxelMeshingProfiling: Display: Scenario name: UEDPIE_0_Map_RLE_Scenario21; Vertices: 148632
[2025.05.08-11.23.07:153][406]LogVoxelMeshingProfiling: Display: Scenario name: UEDPIE_0_Map_RLE_Scenario21; Vertices: 150744
[2025.05.08-11.23.07:198][407]LogVoxelMeshingProfiling: Display: Scenario name: UEDPIE_0_Map_RLE_Scenario21; Vertices: 150696
[2025.05.08-11.23.07:241][408]LogVoxelMeshingProfiling: Display: Scenario name: UEDPIE_0_Map_RLE_Scenario21; Vertices: 148584
[2025.05.08-11.23.07:281][408]LogVoxelMeshingProfiling: Display: Scenario name: UEDPIE_0_Map_RLE_Scenario21; Vertices: 149976
[2025.05.08-11.23.14:116][752]LogVoxelMeshingProfiling: Display: Scenario name: UEDPIE_0_Map_VoxelPlugin_Scenario21; Voxel Model memory: 262144
[2025.05.08-11.23.14:116][752]LogVoxelMeshingProfiling: Display: Scenario name: UEDPIE_0_Map_VoxelPlugin_Scenario21; OpaqueVoxelCount: 8134; TransparentVoxelCount: 24634
[2025.05.08-11.23.14:133][752]LogVoxelMeshingProfiling: Display: Scenario name: UEDPIE_0_Map_VoxelPlugin_Scenario21; Voxel Model memory: 262144
[2025.05.08-11.23.14:134][752]LogVoxelMeshingProfiling: Display: Scenario name: UEDPIE_0_Map_VoxelPlugin_Scenario21; Voxel Model memory: 262144
[2025.05.08-11.23.14:134][752]LogVoxelMeshingProfiling: Display: Scenario name: UEDPIE_0_Map_VoxelPlugin_Scenario21; OpaqueVoxelCount: 8292; TransparentVoxelCount: 24476
[2025.05.08-11.23.14:134][752]LogVoxelMeshingProfiling: Display: Scenario name: UEDPIE_0_Map_VoxelPlugin_Scenario21; OpaqueVoxelCount: 8195; TransparentVoxelCount: 24573
[2025.05.08-11.23.14:134][752]LogVoxelMeshingProfiling: Display: Scenario name: UEDPIE_0_Map_VoxelPlugin_Scenario21; Voxel Model memory: 262144
[2025.05.08-11.23.14:134][752]LogVoxelMeshingProfiling: Display: Scenario name: UEDPIE_0_Map_VoxelPlugin_Scenario21; OpaqueVoxelCount: 8274; TransparentVoxelCount: 24494
[2025.05.08-11.23.14:134][752]LogVoxelMeshingProfiling: Display: Scenario name: UEDPIE_0_Map_VoxelPlugin_Scenario21; Voxel Model memory: 262144
[2025.05.08-11.23.14:134][752]LogVoxelMeshingProfiling: Display: Scenario name: UEDPIE_0_Map_VoxelPlugin_Scenario21; OpaqueVoxelCount: 8264; TransparentVoxelCount: 24504
[2025.05.08-11.23.14:138][752]LogVoxelMeshingProfiling: Display: Scenario name: UEDPIE_0_Map_VoxelPlugin_Scenario21; Voxel Model memory: 262144
[2025.05.08-11.23.14:138][752]LogVoxelMeshingProfiling: Display: Scenario name: UEDPIE_0_Map_VoxelPlugin_Scenario21; OpaqueVoxelCount: 8241; TransparentVoxelCount: 24527
[2025.05.08-11.23.14:138][752]LogVoxelMeshingProfiling: Display: Scenario name: UEDPIE_0_Map_VoxelPlugin_Scenario21; Voxel Model memory: 262144
[2025.05.08-11.23.14:139][752]LogVoxelMeshingProfiling: Display: Scenario name: UEDPIE_0_Map_VoxelPlugin_Scenario21; OpaqueVoxelCount: 8137; TransparentVoxelCount: 24631
[2025.05.08-11.23.14:151][752]LogVoxelMeshingProfiling: Display: Scenario name: UEDPIE_0_Map_VoxelPlugin_Scenario21; Voxel Model memory: 262144
[2025.05.08-11.23.14:151][752]LogVoxelMeshingProfiling: Display: Scenario name: UEDPIE_0_Map_VoxelPlugin_Scenario21; OpaqueVoxelCount: 8217; TransparentVoxelCount: 24551
[2025.05.08-11.23.14:155][752]LogVoxelMeshingProfiling: Display: Scenario name: UEDPIE_0_Map_VoxelPlugin_Scenario21; Voxel Model memory: 262144
[2025.05.08-11.23.14:155][752]LogVoxelMeshingProfiling: Display: Scenario name: UEDPIE_0_Map_VoxelPlugin_Scenario21; OpaqueVoxelCount: 8183; TransparentVoxelCount: 24585
[2025.05.08-11.23.14:156][752]LogVoxelMeshingProfiling: Display: Scenario name: UEDPIE_0_Map_VoxelPlugin_Scenario21; Voxel Model memory: 262144
[2025.05.08-11.23.14:156][752]LogVoxelMeshingProfiling: Display: Scenario name: UEDPIE_0_Map_VoxelPlugin_Scenario21; OpaqueVoxelCount: 8176; TransparentVoxelCount: 24592
[2025.05.08-11.23.14:159][752]LogVoxelMeshingProfiling: Display: Scenario name: UEDPIE_0_Map_VoxelPlugin_Scenario21; Voxel Model memory: 262144
[2025.05.08-11.23.14:159][752]LogVoxelMeshingProfiling: Display: Scenario name: UEDPIE_0_Map_VoxelPlugin_Scenario21; OpaqueVoxelCount: 8069; TransparentVoxelCount: 24699
[2025.05.08-11.23.14:160][752]LogVoxelMeshingProfiling: Display: Scenario name: UEDPIE_0_Map_VoxelPlugin_Scenario21; Voxel Model memory: 262144
[2025.05.08-11.23.14:160][752]LogVoxelMeshingProfiling: Display: Scenario name: UEDPIE_0_Map_VoxelPlugin_Scenario21; OpaqueVoxelCount: 8154; TransparentVoxelCount: 24614
[2025.05.08-11.23.14:161][752]LogVoxelMeshingProfiling: Display: Scenario name: UEDPIE_0_Map_VoxelPlugin_Scenario21; Voxel Model memory: 262144
[2025.05.08-11.23.14:161][752]LogVoxelMeshingProfiling: Display: Scenario name: UEDPIE_0_Map_VoxelPlugin_Scenario21; OpaqueVoxelCount: 8214; TransparentVoxelCount: 24554
[2025.05.08-11.23.14:161][752]LogVoxelMeshingProfiling: Display: Scenario name: UEDPIE_0_Map_VoxelPlugin_Scenario21; Voxel Model memory: 262144
[2025.05.08-11.23.14:161][752]LogVoxelMeshingProfiling: Display: Scenario name: UEDPIE_0_Map_VoxelPlugin_Scenario21; OpaqueVoxelCount: 8281; TransparentVoxelCount: 24487
[2025.05.08-11.23.14:168][752]LogVoxelMeshingProfiling: Display: Scenario name: UEDPIE_0_Map_VoxelPlugin_Scenario21; Voxel Model memory: 262144
[2025.05.08-11.23.14:168][752]LogVoxelMeshingProfiling: Display: Scenario name: UEDPIE_0_Map_VoxelPlugin_Scenario21; OpaqueVoxelCount: 8171; TransparentVoxelCount: 24597
[2025.05.08-11.23.14:171][752]LogVoxelMeshingProfiling: Display: Scenario name: UEDPIE_0_Map_VoxelPlugin_Scenario21; Voxel Model memory: 262144
[2025.05.08-11.23.14:171][752]LogVoxelMeshingProfiling: Display: Scenario name: UEDPIE_0_Map_VoxelPlugin_Scenario21; OpaqueVoxelCount: 8190; TransparentVoxelCount: 24578
[2025.05.08-11.23.14:171][752]LogVoxelMeshingProfiling: Display: Scenario name: UEDPIE_0_Map_VoxelPlugin_Scenario21; Voxel Model memory: 262144
[2025.05.08-11.23.14:171][752]LogVoxelMeshingProfiling: Display: Scenario name: UEDPIE_0_Map_VoxelPlugin_Scenario21; OpaqueVoxelCount: 8225; TransparentVoxelCount: 24543
[2025.05.08-11.23.14:174][752]LogVoxelMeshingProfiling: Display: Scenario name: UEDPIE_0_Map_VoxelPlugin_Scenario21; Voxel Model memory: 262144
[2025.05.08-11.23.14:174][752]LogVoxelMeshingProfiling: Display: Scenario name: UEDPIE_0_Map_VoxelPlugin_Scenario21; OpaqueVoxelCount: 8138; TransparentVoxelCount: 24630
[2025.05.08-11.23.14:176][752]LogVoxelMeshingProfiling: Display: Scenario name: UEDPIE_0_Map_VoxelPlugin_Scenario21; Voxel Model memory: 262144
[2025.05.08-11.23.14:176][752]LogVoxelMeshingProfiling: Display: Scenario name: UEDPIE_0_Map_VoxelPlugin_Scenario21; OpaqueVoxelCount: 8290; TransparentVoxelCount: 24478
[2025.05.08-11.23.14:176][752]LogVoxelMeshingProfiling: Display: Scenario name: UEDPIE_0_Map_VoxelPlugin_Scenario21; Voxel Model memory: 262144
[2025.05.08-11.23.14:176][752]LogVoxelMeshingProfiling: Display: Scenario name: UEDPIE_0_Map_VoxelPlugin_Scenario21; OpaqueVoxelCount: 8220; TransparentVoxelCount: 24548
[2025.05.08-11.23.14:176][752]LogVoxelMeshingProfiling: Display: Scenario name: UEDPIE_0_Map_VoxelPlugin_Scenario21; Voxel Model memory: 262144
[2025.05.08-11.23.14:176][752]LogVoxelMeshingProfiling: Display: Scenario name: UEDPIE_0_Map_VoxelPlugin_Scenario21; OpaqueVoxelCount: 8225; TransparentVoxelCount: 24543
[2025.05.08-11.23.14:181][752]LogVoxelMeshingProfiling: Display: Scenario name: UEDPIE_0_Map_VoxelPlugin_Scenario21; Voxel Model memory: 262144
[2025.05.08-11.23.14:181][752]LogVoxelMeshingProfiling: Display: Scenario name: UEDPIE_0_Map_VoxelPlugin_Scenario21; OpaqueVoxelCount: 8183; TransparentVoxelCount: 24585
[2025.05.08-11.23.14:181][752]LogVoxelMeshingProfiling: Display: Scenario name: UEDPIE_0_Map_VoxelPlugin_Scenario21; Voxel Model memory: 262144
[2025.05.08-11.23.14:181][752]LogVoxelMeshingProfiling: Display: Scenario name: UEDPIE_0_Map_VoxelPlugin_Scenario21; OpaqueVoxelCount: 8260; TransparentVoxelCount: 24508
[2025.05.08-11.23.14:184][752]LogVoxelMeshingProfiling: Display: Scenario name: UEDPIE_0_Map_VoxelPlugin_Scenario21; Voxel Model memory: 262144
[2025.05.08-11.23.14:184][752]LogVoxelMeshingProfiling: Display: Scenario name: UEDPIE_0_Map_VoxelPlugin_Scenario21; OpaqueVoxelCount: 8130; TransparentVoxelCount: 24638
[2025.05.08-11.23.14:184][752]LogVoxelMeshingProfiling: Display: Scenario name: UEDPIE_0_Map_VoxelPlugin_Scenario21; Voxel Model memory: 262144
[2025.05.08-11.23.14:184][752]LogVoxelMeshingProfiling: Display: Scenario name: UEDPIE_0_Map_VoxelPlugin_Scenario21; OpaqueVoxelCount: 8301; TransparentVoxelCount: 24467
[2025.05.08-11.23.14:185][752]LogVoxelMeshingProfiling: Display: Scenario name: UEDPIE_0_Map_VoxelPlugin_Scenario21; Voxel Model memory: 262144
[2025.05.08-11.23.14:185][752]LogVoxelMeshingProfiling: Display: Scenario name: UEDPIE_0_Map_VoxelPlugin_Scenario21; Voxel Model memory: 262144
[2025.05.08-11.23.14:185][752]LogVoxelMeshingProfiling: Display: Scenario name: UEDPIE_0_Map_VoxelPlugin_Scenario21; OpaqueVoxelCount: 8326; TransparentVoxelCount: 24442
[2025.05.08-11.23.14:185][752]LogVoxelMeshingProfiling: Display: Scenario name: UEDPIE_0_Map_VoxelPlugin_Scenario21; OpaqueVoxelCount: 8248; TransparentVoxelCount: 24520
[2025.05.08-11.23.14:263][753]LogVoxelMeshingProfiling: Display: Scenario name: Map_VoxelPlugin_Scenario21; Vertices: 149480
[2025.05.08-11.23.14:267][753]LogVoxelMeshingProfiling: Display: Scenario name: Map_VoxelPlugin_Scenario21; Vertices: 149308
[2025.05.08-11.23.14:306][753]LogVoxelMeshingProfiling: Display: Scenario name: Map_VoxelPlugin_Scenario21; Vertices: 147900
[2025.05.08-11.23.14:309][753]LogVoxelMeshingProfiling: Display: Scenario name: Map_VoxelPlugin_Scenario21; Vertices: 149252
[2025.05.08-11.23.14:357][755]LogVoxelMeshingProfiling: Display: Scenario name: Map_VoxelPlugin_Scenario21; Vertices: 149928
[2025.05.08-11.23.14:360][755]LogVoxelMeshingProfiling: Display: Scenario name: Map_VoxelPlugin_Scenario21; Vertices: 147408
[2025.05.08-11.23.14:443][759]LogVoxelMeshingProfiling: Display: Scenario name: Map_VoxelPlugin_Scenario21; Vertices: 148196
[2025.05.08-11.23.14:743][768]LogVoxelMeshingProfiling: Display: Scenario name: Map_VoxelPlugin_Scenario21; Vertices: 150804
[2025.05.08-11.23.14:769][769]LogVoxelMeshingProfiling: Display: Scenario name: Map_VoxelPlugin_Scenario21; Vertices: 149360
[2025.05.08-11.23.14:799][770]LogVoxelMeshingProfiling: Display: Scenario name: Map_VoxelPlugin_Scenario21; Vertices: 147404
[2025.05.08-11.23.14:847][773]LogVoxelMeshingProfiling: Display: Scenario name: Map_VoxelPlugin_Scenario21; Vertices: 146576
[2025.05.08-11.23.14:932][778]LogVoxelMeshingProfiling: Display: Scenario name: Map_VoxelPlugin_Scenario21; Vertices: 146872
[2025.05.08-11.23.14:941][778]LogVoxelMeshingProfiling: Display: Scenario name: Map_VoxelPlugin_Scenario21; Vertices: 147344
[2025.05.08-11.23.14:997][781]LogVoxelMeshingProfiling: Display: Scenario name: Map_VoxelPlugin_Scenario21; Vertices: 148204
[2025.05.08-11.23.15:039][783]LogVoxelMeshingProfiling: Display: Scenario name: Map_VoxelPlugin_Scenario21; Vertices: 149384
[2025.05.08-11.23.15:124][788]LogVoxelMeshingProfiling: Display: Scenario name: Map_VoxelPlugin_Scenario21; Vertices: 146264
[2025.05.08-11.23.15:181][791]LogVoxelMeshingProfiling: Display: Scenario name: Map_VoxelPlugin_Scenario21; Vertices: 147156
[2025.05.08-11.23.15:228][794]LogVoxelMeshingProfiling: Display: Scenario name: Map_VoxelPlugin_Scenario21; Vertices: 148100
[2025.05.08-11.23.15:366][802]LogVoxelMeshingProfiling: Display: Scenario name: Map_VoxelPlugin_Scenario21; Vertices: 147608
[2025.05.08-11.23.15:370][802]LogVoxelMeshingProfiling: Display: Scenario name: Map_VoxelPlugin_Scenario21; Vertices: 148864
[2025.05.08-11.23.15:421][805]LogVoxelMeshingProfiling: Display: Scenario name: Map_VoxelPlugin_Scenario21; Vertices: 147636
[2025.05.08-11.23.15:423][805]LogVoxelMeshingProfiling: Display: Scenario name: Map_VoxelPlugin_Scenario21; Vertices: 147360
[2025.05.08-11.23.15:579][814]LogVoxelMeshingProfiling: Display: Scenario name: Map_VoxelPlugin_Scenario21; Vertices: 147504
[2025.05.08-11.23.15:592][814]LogVoxelMeshingProfiling: Display: Scenario name: Map_VoxelPlugin_Scenario21; Vertices: 148704
[2025.05.08-11.23.15:644][817]LogVoxelMeshingProfiling: Display: Scenario name: Map_VoxelPlugin_Scenario21; Vertices: 146992
[2025.05.08-11.23.15:646][817]LogVoxelMeshingProfiling: Display: Scenario name: Map_VoxelPlugin_Scenario21; Vertices: 148840
[2025.05.08-11.23.15:732][822]LogVoxelMeshingProfiling: Display: Scenario name: Map_VoxelPlugin_Scenario21; Vertices: 148696
