[2025.05.08-11.26.50:532][551]LogVoxelMeshingProfiling: Display: Scenario name: UEDPIE_0_Map_Grid_Scenario22; Voxel Model memory: 262144
[2025.05.08-11.26.50:532][551]LogVoxelMeshingProfiling: Display: Scenario name: UEDPIE_0_Map_Grid_Scenario22; OpaqueVoxelCount: 335; TransparentVoxelCount: 32433
[2025.05.08-11.26.50:534][551]LogVoxelMeshingProfiling: Display: Scenario name: UEDPIE_0_Map_Grid_Scenario22; Voxel Model memory: 262144
[2025.05.08-11.26.50:534][551]LogVoxelMeshingProfiling: Display: Scenario name: UEDPIE_0_Map_Grid_Scenario22; OpaqueVoxelCount: 359; TransparentVoxelCount: 32409
[2025.05.08-11.26.50:534][551]LogVoxelMeshingProfiling: Display: Scenario name: UEDPIE_0_Map_Grid_Scenario22; Voxel Model memory: 262144
[2025.05.08-11.26.50:534][551]LogVoxelMeshingProfiling: Display: Scenario name: UEDPIE_0_Map_Grid_Scenario22; OpaqueVoxelCount: 358; TransparentVoxelCount: 32410
[2025.05.08-11.26.50:534][551]LogVoxelMeshingProfiling: Display: Scenario name: UEDPIE_0_Map_Grid_Scenario22; Voxel Model memory: 262144
[2025.05.08-11.26.50:534][551]LogVoxelMeshingProfiling: Display: Scenario name: UEDPIE_0_Map_Grid_Scenario22; OpaqueVoxelCount: 390; TransparentVoxelCount: 32378
[2025.05.08-11.26.50:534][551]LogVoxelMeshingProfiling: Display: Scenario name: UEDPIE_0_Map_Grid_Scenario22; Voxel Model memory: 262144
[2025.05.08-11.26.50:534][551]LogVoxelMeshingProfiling: Display: Scenario name: UEDPIE_0_Map_Grid_Scenario22; OpaqueVoxelCount: 366; TransparentVoxelCount: 32402
[2025.05.08-11.26.50:534][551]LogVoxelMeshingProfiling: Display: Scenario name: UEDPIE_0_Map_Grid_Scenario22; Voxel Model memory: 262144
[2025.05.08-11.26.50:534][551]LogVoxelMeshingProfiling: Display: Scenario name: UEDPIE_0_Map_Grid_Scenario22; OpaqueVoxelCount: 352; TransparentVoxelCount: 32416
[2025.05.08-11.26.50:534][551]LogVoxelMeshingProfiling: Display: Scenario name: UEDPIE_0_Map_Grid_Scenario22; Voxel Model memory: 262144
[2025.05.08-11.26.50:534][551]LogVoxelMeshingProfiling: Display: Scenario name: UEDPIE_0_Map_Grid_Scenario22; OpaqueVoxelCount: 319; TransparentVoxelCount: 32449
[2025.05.08-11.26.50:534][551]LogVoxelMeshingProfiling: Display: Scenario name: UEDPIE_0_Map_Grid_Scenario22; Voxel Model memory: 262144
[2025.05.08-11.26.50:534][551]LogVoxelMeshingProfiling: Display: Scenario name: UEDPIE_0_Map_Grid_Scenario22; OpaqueVoxelCount: 348; TransparentVoxelCount: 32420
[2025.05.08-11.26.50:535][551]LogVoxelMeshingProfiling: Display: Scenario name: UEDPIE_0_Map_Grid_Scenario22; Voxel Model memory: 262144
[2025.05.08-11.26.50:535][551]LogVoxelMeshingProfiling: Display: Scenario name: UEDPIE_0_Map_Grid_Scenario22; OpaqueVoxelCount: 378; TransparentVoxelCount: 32390
[2025.05.08-11.26.50:535][551]LogVoxelMeshingProfiling: Display: Scenario name: UEDPIE_0_Map_Grid_Scenario22; Voxel Model memory: 262144
[2025.05.08-11.26.50:535][551]LogVoxelMeshingProfiling: Display: Scenario name: UEDPIE_0_Map_Grid_Scenario22; OpaqueVoxelCount: 403; TransparentVoxelCount: 32365
[2025.05.08-11.26.50:535][551]LogVoxelMeshingProfiling: Display: Scenario name: UEDPIE_0_Map_Grid_Scenario22; Voxel Model memory: 262144
[2025.05.08-11.26.50:535][551]LogVoxelMeshingProfiling: Display: Scenario name: UEDPIE_0_Map_Grid_Scenario22; Voxel Model memory: 262144
[2025.05.08-11.26.50:535][551]LogVoxelMeshingProfiling: Display: Scenario name: UEDPIE_0_Map_Grid_Scenario22; OpaqueVoxelCount: 386; TransparentVoxelCount: 32382
[2025.05.08-11.26.50:535][551]LogVoxelMeshingProfiling: Display: Scenario name: UEDPIE_0_Map_Grid_Scenario22; OpaqueVoxelCount: 411; TransparentVoxelCount: 32357
[2025.05.08-11.26.50:535][551]LogVoxelMeshingProfiling: Display: Scenario name: UEDPIE_0_Map_Grid_Scenario22; Voxel Model memory: 262144
[2025.05.08-11.26.50:535][551]LogVoxelMeshingProfiling: Display: Scenario name: UEDPIE_0_Map_Grid_Scenario22; OpaqueVoxelCount: 344; TransparentVoxelCount: 32424
[2025.05.08-11.26.50:535][551]LogVoxelMeshingProfiling: Display: Scenario name: UEDPIE_0_Map_Grid_Scenario22; Voxel Model memory: 262144
[2025.05.08-11.26.50:535][551]LogVoxelMeshingProfiling: Display: Scenario name: UEDPIE_0_Map_Grid_Scenario22; OpaqueVoxelCount: 330; TransparentVoxelCount: 32438
[2025.05.08-11.26.50:537][551]LogVoxelMeshingProfiling: Display: Scenario name: UEDPIE_0_Map_Grid_Scenario22; Voxel Model memory: 262144
[2025.05.08-11.26.50:537][551]LogVoxelMeshingProfiling: Display: Scenario name: UEDPIE_0_Map_Grid_Scenario22; OpaqueVoxelCount: 329; TransparentVoxelCount: 32439
[2025.05.08-11.26.50:537][551]LogVoxelMeshingProfiling: Display: Scenario name: UEDPIE_0_Map_Grid_Scenario22; Voxel Model memory: 262144
[2025.05.08-11.26.50:537][551]LogVoxelMeshingProfiling: Display: Scenario name: UEDPIE_0_Map_Grid_Scenario22; OpaqueVoxelCount: 348; TransparentVoxelCount: 32420
[2025.05.08-11.26.50:537][551]LogVoxelMeshingProfiling: Display: Scenario name: UEDPIE_0_Map_Grid_Scenario22; Voxel Model memory: 262144
[2025.05.08-11.26.50:537][551]LogVoxelMeshingProfiling: Display: Scenario name: UEDPIE_0_Map_Grid_Scenario22; OpaqueVoxelCount: 351; TransparentVoxelCount: 32417
[2025.05.08-11.26.50:537][551]LogVoxelMeshingProfiling: Display: Scenario name: UEDPIE_0_Map_Grid_Scenario22; Voxel Model memory: 262144
[2025.05.08-11.26.50:537][551]LogVoxelMeshingProfiling: Display: Scenario name: UEDPIE_0_Map_Grid_Scenario22; OpaqueVoxelCount: 338; TransparentVoxelCount: 32430
[2025.05.08-11.26.50:537][551]LogVoxelMeshingProfiling: Display: Scenario name: UEDPIE_0_Map_Grid_Scenario22; Voxel Model memory: 262144
[2025.05.08-11.26.50:537][551]LogVoxelMeshingProfiling: Display: Scenario name: UEDPIE_0_Map_Grid_Scenario22; OpaqueVoxelCount: 368; TransparentVoxelCount: 32400
[2025.05.08-11.26.50:537][551]LogVoxelMeshingProfiling: Display: Scenario name: UEDPIE_0_Map_Grid_Scenario22; Voxel Model memory: 262144
[2025.05.08-11.26.50:537][551]LogVoxelMeshingProfiling: Display: Scenario name: UEDPIE_0_Map_Grid_Scenario22; OpaqueVoxelCount: 380; TransparentVoxelCount: 32388
[2025.05.08-11.26.50:537][551]LogVoxelMeshingProfiling: Display: Scenario name: UEDPIE_0_Map_Grid_Scenario22; Voxel Model memory: 262144
[2025.05.08-11.26.50:537][551]LogVoxelMeshingProfiling: Display: Scenario name: UEDPIE_0_Map_Grid_Scenario22; OpaqueVoxelCount: 394; TransparentVoxelCount: 32374
[2025.05.08-11.26.50:538][551]LogVoxelMeshingProfiling: Display: Scenario name: UEDPIE_0_Map_Grid_Scenario22; Voxel Model memory: 262144
[2025.05.08-11.26.50:538][551]LogVoxelMeshingProfiling: Display: Scenario name: UEDPIE_0_Map_Grid_Scenario22; OpaqueVoxelCount: 400; TransparentVoxelCount: 32368
[2025.05.08-11.26.50:538][551]LogVoxelMeshingProfiling: Display: Scenario name: UEDPIE_0_Map_Grid_Scenario22; Voxel Model memory: 262144
[2025.05.08-11.26.50:538][551]LogVoxelMeshingProfiling: Display: Scenario name: UEDPIE_0_Map_Grid_Scenario22; OpaqueVoxelCount: 429; TransparentVoxelCount: 32339
[2025.05.08-11.26.50:538][551]LogVoxelMeshingProfiling: Display: Scenario name: UEDPIE_0_Map_Grid_Scenario22; Voxel Model memory: 262144
[2025.05.08-11.26.50:538][551]LogVoxelMeshingProfiling: Display: Scenario name: UEDPIE_0_Map_Grid_Scenario22; OpaqueVoxelCount: 403; TransparentVoxelCount: 32365
[2025.05.08-11.26.50:538][551]LogVoxelMeshingProfiling: Display: Scenario name: UEDPIE_0_Map_Grid_Scenario22; Voxel Model memory: 262144
[2025.05.08-11.26.50:538][551]LogVoxelMeshingProfiling: Display: Scenario name: UEDPIE_0_Map_Grid_Scenario22; OpaqueVoxelCount: 326; TransparentVoxelCount: 32442
[2025.05.08-11.26.50:538][551]LogVoxelMeshingProfiling: Display: Scenario name: UEDPIE_0_Map_Grid_Scenario22; Voxel Model memory: 262144
[2025.05.08-11.26.50:538][551]LogVoxelMeshingProfiling: Display: Scenario name: UEDPIE_0_Map_Grid_Scenario22; OpaqueVoxelCount: 412; TransparentVoxelCount: 32356
[2025.05.08-11.26.50:538][551]LogVoxelMeshingProfiling: Display: Scenario name: UEDPIE_0_Map_Grid_Scenario22; Voxel Model memory: 262144
[2025.05.08-11.26.50:538][551]LogVoxelMeshingProfiling: Display: Scenario name: UEDPIE_0_Map_Grid_Scenario22; OpaqueVoxelCount: 348; TransparentVoxelCount: 32420
[2025.05.08-11.26.50:542][551]LogVoxelMeshingProfiling: Display: Scenario name: UEDPIE_0_Map_Grid_Scenario22; Vertices: 7764
[2025.05.08-11.26.50:544][551]LogVoxelMeshingProfiling: Display: Scenario name: UEDPIE_0_Map_Grid_Scenario22; Vertices: 8880
[2025.05.08-11.26.50:546][551]LogVoxelMeshingProfiling: Display: Scenario name: UEDPIE_0_Map_Grid_Scenario22; Vertices: 8036
[2025.05.08-11.26.50:550][551]LogVoxelMeshingProfiling: Display: Scenario name: UEDPIE_0_Map_Grid_Scenario22; Vertices: 8412
[2025.05.08-11.26.50:552][551]LogVoxelMeshingProfiling: Display: Scenario name: UEDPIE_0_Map_Grid_Scenario22; Vertices: 8136
[2025.05.08-11.26.50:554][551]LogVoxelMeshingProfiling: Display: Scenario name: UEDPIE_0_Map_Grid_Scenario22; Vertices: 7388
[2025.05.08-11.26.50:557][551]LogVoxelMeshingProfiling: Display: Scenario name: UEDPIE_0_Map_Grid_Scenario22; Vertices: 8160
[2025.05.08-11.26.50:560][551]LogVoxelMeshingProfiling: Display: Scenario name: UEDPIE_0_Map_Grid_Scenario22; Vertices: 9472
[2025.05.08-11.26.50:562][551]LogVoxelMeshingProfiling: Display: Scenario name: UEDPIE_0_Map_Grid_Scenario22; Vertices: 8056
[2025.05.08-11.26.50:565][551]LogVoxelMeshingProfiling: Display: Scenario name: UEDPIE_0_Map_Grid_Scenario22; Vertices: 9356
[2025.05.08-11.26.50:568][551]LogVoxelMeshingProfiling: Display: Scenario name: UEDPIE_0_Map_Grid_Scenario22; Vertices: 8604
[2025.05.08-11.26.50:571][551]LogVoxelMeshingProfiling: Display: Scenario name: UEDPIE_0_Map_Grid_Scenario22; Vertices: 8864
[2025.05.08-11.26.50:574][551]LogVoxelMeshingProfiling: Display: Scenario name: UEDPIE_0_Map_Grid_Scenario22; Vertices: 7812
[2025.05.08-11.26.50:577][551]LogVoxelMeshingProfiling: Display: Scenario name: UEDPIE_0_Map_Grid_Scenario22; Vertices: 7600
[2025.05.08-11.26.50:580][551]LogVoxelMeshingProfiling: Display: Scenario name: UEDPIE_0_Map_Grid_Scenario22; Vertices: 7800
[2025.05.08-11.26.50:584][551]LogVoxelMeshingProfiling: Display: Scenario name: UEDPIE_0_Map_Grid_Scenario22; Vertices: 7984
[2025.05.08-11.26.50:587][551]LogVoxelMeshingProfiling: Display: Scenario name: UEDPIE_0_Map_Grid_Scenario22; Vertices: 8124
[2025.05.08-11.26.50:589][551]LogVoxelMeshingProfiling: Display: Scenario name: UEDPIE_0_Map_Grid_Scenario22; Vertices: 7616
[2025.05.08-11.26.50:593][551]LogVoxelMeshingProfiling: Display: Scenario name: UEDPIE_0_Map_Grid_Scenario22; Vertices: 8512
[2025.05.08-11.26.50:597][551]LogVoxelMeshingProfiling: Display: Scenario name: UEDPIE_0_Map_Grid_Scenario22; Vertices: 8772
[2025.05.08-11.26.50:601][551]LogVoxelMeshingProfiling: Display: Scenario name: UEDPIE_0_Map_Grid_Scenario22; Vertices: 9068
[2025.05.08-11.26.50:606][551]LogVoxelMeshingProfiling: Display: Scenario name: UEDPIE_0_Map_Grid_Scenario22; Vertices: 9088
[2025.05.08-11.26.50:610][551]LogVoxelMeshingProfiling: Display: Scenario name: UEDPIE_0_Map_Grid_Scenario22; Vertices: 9928
[2025.05.08-11.26.50:614][551]LogVoxelMeshingProfiling: Display: Scenario name: UEDPIE_0_Map_Grid_Scenario22; Vertices: 9324
[2025.05.08-11.26.50:618][551]LogVoxelMeshingProfiling: Display: Scenario name: UEDPIE_0_Map_Grid_Scenario22; Vertices: 9264
[2025.05.08-11.26.50:621][551]LogVoxelMeshingProfiling: Display: Scenario name: UEDPIE_0_Map_Grid_Scenario22; Vertices: 7512
[2025.05.08-11.26.50:625][551]LogVoxelMeshingProfiling: Display: Scenario name: UEDPIE_0_Map_Grid_Scenario22; Vertices: 8040
[2025.05.08-11.26.58:514][ 59]LogVoxelMeshingProfiling: Display: Scenario name: UEDPIE_0_Map_RLE_Scenario22; Voxel Model memory: 9192
[2025.05.08-11.26.58:515][ 59]LogVoxelMeshingProfiling: Display: Scenario name: UEDPIE_0_Map_RLE_Scenario22; Voxel Model memory: 9192
[2025.05.08-11.26.58:515][ 59]LogVoxelMeshingProfiling: Display: Scenario name: UEDPIE_0_Map_RLE_Scenario22; Voxel Model memory: 9192
[2025.05.08-11.26.58:515][ 59]LogVoxelMeshingProfiling: Display: Scenario name: UEDPIE_0_Map_RLE_Scenario22; Voxel Model memory: 9192
[2025.05.08-11.26.58:515][ 59]LogVoxelMeshingProfiling: Display: Scenario name: UEDPIE_0_Map_RLE_Scenario22; Voxel Model memory: 9192
[2025.05.08-11.26.58:515][ 59]LogVoxelMeshingProfiling: Display: Scenario name: UEDPIE_0_Map_RLE_Scenario22; Voxel Model memory: 9192
[2025.05.08-11.26.58:515][ 59]LogVoxelMeshingProfiling: Display: Scenario name: UEDPIE_0_Map_RLE_Scenario22; Voxel Model memory: 9192
[2025.05.08-11.26.58:516][ 59]LogVoxelMeshingProfiling: Display: Scenario name: UEDPIE_0_Map_RLE_Scenario22; Voxel Model memory: 9192
[2025.05.08-11.26.58:516][ 59]LogVoxelMeshingProfiling: Display: Scenario name: UEDPIE_0_Map_RLE_Scenario22; Voxel Model memory: 9192
[2025.05.08-11.26.58:516][ 59]LogVoxelMeshingProfiling: Display: Scenario name: UEDPIE_0_Map_RLE_Scenario22; Voxel Model memory: 9192
[2025.05.08-11.26.58:516][ 59]LogVoxelMeshingProfiling: Display: Scenario name: UEDPIE_0_Map_RLE_Scenario22; Voxel Model memory: 9192
[2025.05.08-11.26.58:516][ 59]LogVoxelMeshingProfiling: Display: Scenario name: UEDPIE_0_Map_RLE_Scenario22; Voxel Model memory: 9192
[2025.05.08-11.26.58:517][ 59]LogVoxelMeshingProfiling: Display: Scenario name: UEDPIE_0_Map_RLE_Scenario22; Voxel Model memory: 9192
[2025.05.08-11.26.58:517][ 59]LogVoxelMeshingProfiling: Display: Scenario name: UEDPIE_0_Map_RLE_Scenario22; Voxel Model memory: 9192
[2025.05.08-11.26.58:519][ 59]LogVoxelMeshingProfiling: Display: Scenario name: UEDPIE_0_Map_RLE_Scenario22; Voxel Model memory: 12840
[2025.05.08-11.26.58:519][ 59]LogVoxelMeshingProfiling: Display: Scenario name: UEDPIE_0_Map_RLE_Scenario22; Voxel Model memory: 12840
[2025.05.08-11.26.58:519][ 59]LogVoxelMeshingProfiling: Display: Scenario name: UEDPIE_0_Map_RLE_Scenario22; Voxel Model memory: 12840
[2025.05.08-11.26.58:519][ 59]LogVoxelMeshingProfiling: Display: Scenario name: UEDPIE_0_Map_RLE_Scenario22; Voxel Model memory: 12840
[2025.05.08-11.26.58:519][ 59]LogVoxelMeshingProfiling: Display: Scenario name: UEDPIE_0_Map_RLE_Scenario22; Voxel Model memory: 9192
[2025.05.08-11.26.58:519][ 59]LogVoxelMeshingProfiling: Display: Scenario name: UEDPIE_0_Map_RLE_Scenario22; Voxel Model memory: 9192
[2025.05.08-11.26.58:519][ 59]LogVoxelMeshingProfiling: Display: Scenario name: UEDPIE_0_Map_RLE_Scenario22; Voxel Model memory: 9192
[2025.05.08-11.26.58:520][ 59]LogVoxelMeshingProfiling: Display: Scenario name: UEDPIE_0_Map_RLE_Scenario22; Voxel Model memory: 9192
[2025.05.08-11.26.58:520][ 59]LogVoxelMeshingProfiling: Display: Scenario name: UEDPIE_0_Map_RLE_Scenario22; Voxel Model memory: 9192
[2025.05.08-11.26.58:520][ 59]LogVoxelMeshingProfiling: Display: Scenario name: UEDPIE_0_Map_RLE_Scenario22; Voxel Model memory: 9192
[2025.05.08-11.26.58:520][ 59]LogVoxelMeshingProfiling: Display: Scenario name: UEDPIE_0_Map_RLE_Scenario22; Voxel Model memory: 9192
[2025.05.08-11.26.58:521][ 59]LogVoxelMeshingProfiling: Display: Scenario name: UEDPIE_0_Map_RLE_Scenario22; Voxel Model memory: 9192
[2025.05.08-11.26.58:521][ 59]LogVoxelMeshingProfiling: Display: Scenario name: UEDPIE_0_Map_RLE_Scenario22; Voxel Model memory: 9192
[2025.05.08-11.26.58:522][ 59]LogVoxelMeshingProfiling: Display: Scenario name: UEDPIE_0_Map_RLE_Scenario22; Vertices: 7968
[2025.05.08-11.26.58:523][ 59]LogVoxelMeshingProfiling: Display: Scenario name: UEDPIE_0_Map_RLE_Scenario22; Vertices: 8256
[2025.05.08-11.26.58:525][ 59]LogVoxelMeshingProfiling: Display: Scenario name: UEDPIE_0_Map_RLE_Scenario22; Vertices: 8232
[2025.05.08-11.26.58:527][ 59]LogVoxelMeshingProfiling: Display: Scenario name: UEDPIE_0_Map_RLE_Scenario22; Vertices: 8184
[2025.05.08-11.26.58:528][ 59]LogVoxelMeshingProfiling: Display: Scenario name: UEDPIE_0_Map_RLE_Scenario22; Vertices: 7872
[2025.05.08-11.26.58:529][ 59]LogVoxelMeshingProfiling: Display: Scenario name: UEDPIE_0_Map_RLE_Scenario22; Vertices: 7968
[2025.05.08-11.26.58:531][ 59]LogVoxelMeshingProfiling: Display: Scenario name: UEDPIE_0_Map_RLE_Scenario22; Vertices: 7968
[2025.05.08-11.26.58:533][ 59]LogVoxelMeshingProfiling: Display: Scenario name: UEDPIE_0_Map_RLE_Scenario22; Vertices: 8184
[2025.05.08-11.26.58:537][ 59]LogVoxelMeshingProfiling: Display: Scenario name: UEDPIE_0_Map_RLE_Scenario22; Vertices: 8376
[2025.05.08-11.26.58:539][ 59]LogVoxelMeshingProfiling: Display: Scenario name: UEDPIE_0_Map_RLE_Scenario22; Vertices: 8448
[2025.05.08-11.26.58:540][ 59]LogVoxelMeshingProfiling: Display: Scenario name: UEDPIE_0_Map_RLE_Scenario22; Vertices: 7488
[2025.05.08-11.26.58:542][ 59]LogVoxelMeshingProfiling: Display: Scenario name: UEDPIE_0_Map_RLE_Scenario22; Vertices: 8400
[2025.05.08-11.26.58:544][ 59]LogVoxelMeshingProfiling: Display: Scenario name: UEDPIE_0_Map_RLE_Scenario22; Vertices: 8256
[2025.05.08-11.26.58:545][ 59]LogVoxelMeshingProfiling: Display: Scenario name: UEDPIE_0_Map_RLE_Scenario22; Vertices: 7992
[2025.05.08-11.26.58:548][ 59]LogVoxelMeshingProfiling: Display: Scenario name: UEDPIE_0_Map_RLE_Scenario22; Vertices: 9792
[2025.05.08-11.26.58:550][ 59]LogVoxelMeshingProfiling: Display: Scenario name: UEDPIE_0_Map_RLE_Scenario22; Vertices: 9384
[2025.05.08-11.26.58:551][ 59]LogVoxelMeshingProfiling: Display: Scenario name: UEDPIE_0_Map_RLE_Scenario22; Vertices: 10104
[2025.05.08-11.26.58:554][ 59]LogVoxelMeshingProfiling: Display: Scenario name: UEDPIE_0_Map_RLE_Scenario22; Vertices: 9600
[2025.05.08-11.26.58:556][ 59]LogVoxelMeshingProfiling: Display: Scenario name: UEDPIE_0_Map_RLE_Scenario22; Vertices: 8520
[2025.05.08-11.26.58:559][ 59]LogVoxelMeshingProfiling: Display: Scenario name: UEDPIE_0_Map_RLE_Scenario22; Vertices: 9000
[2025.05.08-11.26.58:560][ 59]LogVoxelMeshingProfiling: Display: Scenario name: UEDPIE_0_Map_RLE_Scenario22; Vertices: 7968
[2025.05.08-11.26.58:562][ 59]LogVoxelMeshingProfiling: Display: Scenario name: UEDPIE_0_Map_RLE_Scenario22; Vertices: 7488
[2025.05.08-11.26.58:564][ 59]LogVoxelMeshingProfiling: Display: Scenario name: UEDPIE_0_Map_RLE_Scenario22; Vertices: 7776
[2025.05.08-11.26.58:566][ 59]LogVoxelMeshingProfiling: Display: Scenario name: UEDPIE_0_Map_RLE_Scenario22; Vertices: 8160
[2025.05.08-11.26.58:568][ 59]LogVoxelMeshingProfiling: Display: Scenario name: UEDPIE_0_Map_RLE_Scenario22; Vertices: 7560
[2025.05.08-11.26.58:571][ 59]LogVoxelMeshingProfiling: Display: Scenario name: UEDPIE_0_Map_RLE_Scenario22; Vertices: 7704
[2025.05.08-11.26.58:577][ 59]LogVoxelMeshingProfiling: Display: Scenario name: UEDPIE_0_Map_RLE_Scenario22; Vertices: 8040
[2025.05.08-11.27.05:315][492]LogVoxelMeshingProfiling: Display: Scenario name: UEDPIE_0_Map_VoxelPlugin_Scenario22; Voxel Model memory: 262144
[2025.05.08-11.27.05:315][492]LogVoxelMeshingProfiling: Display: Scenario name: UEDPIE_0_Map_VoxelPlugin_Scenario22; OpaqueVoxelCount: 32458; TransparentVoxelCount: 310
[2025.05.08-11.27.05:355][492]LogVoxelMeshingProfiling: Display: Scenario name: UEDPIE_0_Map_VoxelPlugin_Scenario22; Voxel Model memory: 262144
[2025.05.08-11.27.05:356][492]LogVoxelMeshingProfiling: Display: Scenario name: UEDPIE_0_Map_VoxelPlugin_Scenario22; OpaqueVoxelCount: 32412; TransparentVoxelCount: 356
[2025.05.08-11.27.05:357][492]LogVoxelMeshingProfiling: Display: Scenario name: UEDPIE_0_Map_VoxelPlugin_Scenario22; Voxel Model memory: 262144
[2025.05.08-11.27.05:357][492]LogVoxelMeshingProfiling: Display: Scenario name: UEDPIE_0_Map_VoxelPlugin_Scenario22; OpaqueVoxelCount: 32466; TransparentVoxelCount: 302
[2025.05.08-11.27.05:358][492]LogVoxelMeshingProfiling: Display: Scenario name: UEDPIE_0_Map_VoxelPlugin_Scenario22; Voxel Model memory: 262144
[2025.05.08-11.27.05:358][492]LogVoxelMeshingProfiling: Display: Scenario name: UEDPIE_0_Map_VoxelPlugin_Scenario22; OpaqueVoxelCount: 32454; TransparentVoxelCount: 314
[2025.05.08-11.27.05:366][492]LogVoxelMeshingProfiling: Display: Scenario name: UEDPIE_0_Map_VoxelPlugin_Scenario22; Voxel Model memory: 262144
[2025.05.08-11.27.05:366][492]LogVoxelMeshingProfiling: Display: Scenario name: UEDPIE_0_Map_VoxelPlugin_Scenario22; OpaqueVoxelCount: 32465; TransparentVoxelCount: 303
[2025.05.08-11.27.05:366][492]LogVoxelMeshingProfiling: Display: Scenario name: UEDPIE_0_Map_VoxelPlugin_Scenario22; Voxel Model memory: 262144
[2025.05.08-11.27.05:366][492]LogVoxelMeshingProfiling: Display: Scenario name: UEDPIE_0_Map_VoxelPlugin_Scenario22; OpaqueVoxelCount: 32428; TransparentVoxelCount: 340
[2025.05.08-11.27.05:366][492]LogVoxelMeshingProfiling: Display: Scenario name: UEDPIE_0_Map_VoxelPlugin_Scenario22; Voxel Model memory: 262144
[2025.05.08-11.27.05:366][492]LogVoxelMeshingProfiling: Display: Scenario name: UEDPIE_0_Map_VoxelPlugin_Scenario22; OpaqueVoxelCount: 32423; TransparentVoxelCount: 345
[2025.05.08-11.27.05:381][492]LogVoxelMeshingProfiling: Display: Scenario name: UEDPIE_0_Map_VoxelPlugin_Scenario22; Voxel Model memory: 262144
[2025.05.08-11.27.05:381][492]LogVoxelMeshingProfiling: Display: Scenario name: UEDPIE_0_Map_VoxelPlugin_Scenario22; OpaqueVoxelCount: 32451; TransparentVoxelCount: 317
[2025.05.08-11.27.05:383][492]LogVoxelMeshingProfiling: Display: Scenario name: UEDPIE_0_Map_VoxelPlugin_Scenario22; Voxel Model memory: 262144
[2025.05.08-11.27.05:383][492]LogVoxelMeshingProfiling: Display: Scenario name: UEDPIE_0_Map_VoxelPlugin_Scenario22; OpaqueVoxelCount: 32439; TransparentVoxelCount: 329
[2025.05.08-11.27.05:389][492]LogVoxelMeshingProfiling: Display: Scenario name: UEDPIE_0_Map_VoxelPlugin_Scenario22; Voxel Model memory: 262144
[2025.05.08-11.27.05:389][492]LogVoxelMeshingProfiling: Display: Scenario name: UEDPIE_0_Map_VoxelPlugin_Scenario22; OpaqueVoxelCount: 32409; TransparentVoxelCount: 359
[2025.05.08-11.27.05:389][492]LogVoxelMeshingProfiling: Display: Scenario name: UEDPIE_0_Map_VoxelPlugin_Scenario22; Voxel Model memory: 262144
[2025.05.08-11.27.05:389][492]LogVoxelMeshingProfiling: Display: Scenario name: UEDPIE_0_Map_VoxelPlugin_Scenario22; OpaqueVoxelCount: 32441; TransparentVoxelCount: 327
[2025.05.08-11.27.05:394][492]LogVoxelMeshingProfiling: Display: Scenario name: UEDPIE_0_Map_VoxelPlugin_Scenario22; Voxel Model memory: 262144
[2025.05.08-11.27.05:394][492]LogVoxelMeshingProfiling: Display: Scenario name: UEDPIE_0_Map_VoxelPlugin_Scenario22; OpaqueVoxelCount: 32418; TransparentVoxelCount: 350
[2025.05.08-11.27.05:394][492]LogVoxelMeshingProfiling: Display: Scenario name: UEDPIE_0_Map_VoxelPlugin_Scenario22; Voxel Model memory: 262144
[2025.05.08-11.27.05:394][492]LogVoxelMeshingProfiling: Display: Scenario name: UEDPIE_0_Map_VoxelPlugin_Scenario22; OpaqueVoxelCount: 32446; TransparentVoxelCount: 322
[2025.05.08-11.27.05:395][492]LogVoxelMeshingProfiling: Display: Scenario name: UEDPIE_0_Map_VoxelPlugin_Scenario22; Voxel Model memory: 262144
[2025.05.08-11.27.05:395][492]LogVoxelMeshingProfiling: Display: Scenario name: UEDPIE_0_Map_VoxelPlugin_Scenario22; OpaqueVoxelCount: 32478; TransparentVoxelCount: 290
[2025.05.08-11.27.05:415][492]LogVoxelMeshingProfiling: Display: Scenario name: UEDPIE_0_Map_VoxelPlugin_Scenario22; Voxel Model memory: 262144
[2025.05.08-11.27.05:415][492]LogVoxelMeshingProfiling: Display: Scenario name: UEDPIE_0_Map_VoxelPlugin_Scenario22; OpaqueVoxelCount: 32436; TransparentVoxelCount: 332
[2025.05.08-11.27.05:415][492]LogVoxelMeshingProfiling: Display: Scenario name: UEDPIE_0_Map_VoxelPlugin_Scenario22; Voxel Model memory: 262144
[2025.05.08-11.27.05:415][492]LogVoxelMeshingProfiling: Display: Scenario name: UEDPIE_0_Map_VoxelPlugin_Scenario22; OpaqueVoxelCount: 32433; TransparentVoxelCount: 335
[2025.05.08-11.27.05:416][492]LogVoxelMeshingProfiling: Display: Scenario name: UEDPIE_0_Map_VoxelPlugin_Scenario22; Voxel Model memory: 262144
[2025.05.08-11.27.05:416][492]LogVoxelMeshingProfiling: Display: Scenario name: UEDPIE_0_Map_VoxelPlugin_Scenario22; OpaqueVoxelCount: 32440; TransparentVoxelCount: 328
[2025.05.08-11.27.05:418][492]LogVoxelMeshingProfiling: Display: Scenario name: UEDPIE_0_Map_VoxelPlugin_Scenario22; Voxel Model memory: 262144
[2025.05.08-11.27.05:418][492]LogVoxelMeshingProfiling: Display: Scenario name: UEDPIE_0_Map_VoxelPlugin_Scenario22; OpaqueVoxelCount: 32451; TransparentVoxelCount: 317
[2025.05.08-11.27.05:422][492]LogVoxelMeshingProfiling: Display: Scenario name: UEDPIE_0_Map_VoxelPlugin_Scenario22; Voxel Model memory: 262144
[2025.05.08-11.27.05:422][492]LogVoxelMeshingProfiling: Display: Scenario name: UEDPIE_0_Map_VoxelPlugin_Scenario22; OpaqueVoxelCount: 32423; TransparentVoxelCount: 345
[2025.05.08-11.27.05:423][492]LogVoxelMeshingProfiling: Display: Scenario name: UEDPIE_0_Map_VoxelPlugin_Scenario22; Voxel Model memory: 262144
[2025.05.08-11.27.05:423][492]LogVoxelMeshingProfiling: Display: Scenario name: UEDPIE_0_Map_VoxelPlugin_Scenario22; OpaqueVoxelCount: 32448; TransparentVoxelCount: 320
[2025.05.08-11.27.05:423][492]LogVoxelMeshingProfiling: Display: Scenario name: UEDPIE_0_Map_VoxelPlugin_Scenario22; Voxel Model memory: 262144
[2025.05.08-11.27.05:423][492]LogVoxelMeshingProfiling: Display: Scenario name: UEDPIE_0_Map_VoxelPlugin_Scenario22; OpaqueVoxelCount: 32438; TransparentVoxelCount: 330
[2025.05.08-11.27.05:436][492]LogVoxelMeshingProfiling: Display: Scenario name: UEDPIE_0_Map_VoxelPlugin_Scenario22; Voxel Model memory: 262144
[2025.05.08-11.27.05:436][492]LogVoxelMeshingProfiling: Display: Scenario name: UEDPIE_0_Map_VoxelPlugin_Scenario22; OpaqueVoxelCount: 32443; TransparentVoxelCount: 325
[2025.05.08-11.27.05:438][492]LogVoxelMeshingProfiling: Display: Scenario name: UEDPIE_0_Map_VoxelPlugin_Scenario22; Voxel Model memory: 262144
[2025.05.08-11.27.05:438][492]LogVoxelMeshingProfiling: Display: Scenario name: UEDPIE_0_Map_VoxelPlugin_Scenario22; OpaqueVoxelCount: 32427; TransparentVoxelCount: 341
[2025.05.08-11.27.05:438][492]LogVoxelMeshingProfiling: Display: Scenario name: UEDPIE_0_Map_VoxelPlugin_Scenario22; Voxel Model memory: 262144
[2025.05.08-11.27.05:438][492]LogVoxelMeshingProfiling: Display: Scenario name: UEDPIE_0_Map_VoxelPlugin_Scenario22; OpaqueVoxelCount: 32414; TransparentVoxelCount: 354
[2025.05.08-11.27.05:439][492]LogVoxelMeshingProfiling: Display: Scenario name: UEDPIE_0_Map_VoxelPlugin_Scenario22; Voxel Model memory: 262144
[2025.05.08-11.27.05:439][492]LogVoxelMeshingProfiling: Display: Scenario name: UEDPIE_0_Map_VoxelPlugin_Scenario22; OpaqueVoxelCount: 32468; TransparentVoxelCount: 300
[2025.05.08-11.27.05:441][492]LogVoxelMeshingProfiling: Display: Scenario name: UEDPIE_0_Map_VoxelPlugin_Scenario22; Voxel Model memory: 262144
[2025.05.08-11.27.05:441][492]LogVoxelMeshingProfiling: Display: Scenario name: UEDPIE_0_Map_VoxelPlugin_Scenario22; OpaqueVoxelCount: 32446; TransparentVoxelCount: 322
[2025.05.08-11.27.05:441][492]LogVoxelMeshingProfiling: Display: Scenario name: UEDPIE_0_Map_VoxelPlugin_Scenario22; Voxel Model memory: 262144
[2025.05.08-11.27.05:443][492]LogVoxelMeshingProfiling: Display: Scenario name: UEDPIE_0_Map_VoxelPlugin_Scenario22; OpaqueVoxelCount: 32439; TransparentVoxelCount: 329
[2025.05.08-11.27.05:507][493]LogVoxelMeshingProfiling: Display: Scenario name: Map_VoxelPlugin_Scenario22; Vertices: 11224
[2025.05.08-11.27.05:513][493]LogVoxelMeshingProfiling: Display: Scenario name: Map_VoxelPlugin_Scenario22; Vertices: 16240
[2025.05.08-11.27.05:533][493]LogVoxelMeshingProfiling: Display: Scenario name: Map_VoxelPlugin_Scenario22; Vertices: 15916
[2025.05.08-11.27.05:536][493]LogVoxelMeshingProfiling: Display: Scenario name: Map_VoxelPlugin_Scenario22; Vertices: 19848
[2025.05.08-11.27.05:558][493]LogVoxelMeshingProfiling: Display: Scenario name: Map_VoxelPlugin_Scenario22; Vertices: 19192
[2025.05.08-11.27.05:563][493]LogVoxelMeshingProfiling: Display: Scenario name: Map_VoxelPlugin_Scenario22; Vertices: 16284
[2025.05.08-11.27.05:598][494]LogVoxelMeshingProfiling: Display: Scenario name: Map_VoxelPlugin_Scenario22; Vertices: 15976
[2025.05.08-11.27.05:602][494]LogVoxelMeshingProfiling: Display: Scenario name: Map_VoxelPlugin_Scenario22; Vertices: 19720
[2025.05.08-11.27.05:659][497]LogVoxelMeshingProfiling: Display: Scenario name: Map_VoxelPlugin_Scenario22; Vertices: 19800
[2025.05.08-11.27.05:667][497]LogVoxelMeshingProfiling: Display: Scenario name: Map_VoxelPlugin_Scenario22; Vertices: 12080
[2025.05.08-11.27.05:713][499]LogVoxelMeshingProfiling: Display: Scenario name: Map_VoxelPlugin_Scenario22; Vertices: 7376
[2025.05.08-11.27.05:755][500]LogVoxelMeshingProfiling: Display: Scenario name: Map_VoxelPlugin_Scenario22; Vertices: 15780
[2025.05.08-11.27.05:756][500]LogVoxelMeshingProfiling: Display: Scenario name: Map_VoxelPlugin_Scenario22; Vertices: 11536
[2025.05.08-11.27.05:803][502]LogVoxelMeshingProfiling: Display: Scenario name: Map_VoxelPlugin_Scenario22; Vertices: 15000
[2025.05.08-11.27.05:804][502]LogVoxelMeshingProfiling: Display: Scenario name: Map_VoxelPlugin_Scenario22; Vertices: 12392
[2025.05.08-11.27.05:848][505]LogVoxelMeshingProfiling: Display: Scenario name: Map_VoxelPlugin_Scenario22; Vertices: 11260
[2025.05.08-11.27.05:853][505]LogVoxelMeshingProfiling: Display: Scenario name: Map_VoxelPlugin_Scenario22; Vertices: 15552
[2025.05.08-11.27.05:891][507]LogVoxelMeshingProfiling: Display: Scenario name: Map_VoxelPlugin_Scenario22; Vertices: 15768
[2025.05.08-11.27.05:975][512]LogVoxelMeshingProfiling: Display: Scenario name: Map_VoxelPlugin_Scenario22; Vertices: 15956
[2025.05.08-11.27.05:975][512]LogVoxelMeshingProfiling: Display: Scenario name: Map_VoxelPlugin_Scenario22; Vertices: 12076
[2025.05.08-11.27.06:006][514]LogVoxelMeshingProfiling: Display: Scenario name: Map_VoxelPlugin_Scenario22; Vertices: 20456
[2025.05.08-11.27.06:007][514]LogVoxelMeshingProfiling: Display: Scenario name: Map_VoxelPlugin_Scenario22; Vertices: 16536
[2025.05.08-11.27.06:041][516]LogVoxelMeshingProfiling: Display: Scenario name: Map_VoxelPlugin_Scenario22; Vertices: 15896
[2025.05.08-11.27.06:055][517]LogVoxelMeshingProfiling: Display: Scenario name: Map_VoxelPlugin_Scenario22; Vertices: 19596
[2025.05.08-11.27.06:084][519]LogVoxelMeshingProfiling: Display: Scenario name: Map_VoxelPlugin_Scenario22; Vertices: 15640
[2025.05.08-11.27.06:088][519]LogVoxelMeshingProfiling: Display: Scenario name: Map_VoxelPlugin_Scenario22; Vertices: 20056
[2025.05.08-11.27.06:121][521]LogVoxelMeshingProfiling: Display: Scenario name: Map_VoxelPlugin_Scenario22; Vertices: 19788
