[2025.05.08-11.30.39:906][397]LogVoxelMeshingProfiling: Display: Scenario name: UEDPIE_0_Map_Grid_Scenario23; Voxel Model memory: 262144
[2025.05.08-11.30.39:907][397]LogVoxelMeshingProfiling: Display: Scenario name: UEDPIE_0_Map_Grid_Scenario23; OpaqueVoxelCount: 16384; TransparentVoxelCount: 16384
[2025.05.08-11.30.39:914][397]LogVoxelMeshingProfiling: Display: Scenario name: UEDPIE_0_Map_Grid_Scenario23; Voxel Model memory: 262144
[2025.05.08-11.30.39:914][397]LogVoxelMeshingProfiling: Display: Scenario name: UEDPIE_0_Map_Grid_Scenario23; OpaqueVoxelCount: 16384; TransparentVoxelCount: 16384
[2025.05.08-11.30.39:914][397]LogVoxelMeshingProfiling: Display: Scenario name: UEDPIE_0_Map_Grid_Scenario23; Voxel Model memory: 262144
[2025.05.08-11.30.39:914][397]LogVoxelMeshingProfiling: Display: Scenario name: UEDPIE_0_Map_Grid_Scenario23; OpaqueVoxelCount: 16384; TransparentVoxelCount: 16384
[2025.05.08-11.30.39:916][397]LogVoxelMeshingProfiling: Display: Scenario name: UEDPIE_0_Map_Grid_Scenario23; Voxel Model memory: 262144
[2025.05.08-11.30.39:916][397]LogVoxelMeshingProfiling: Display: Scenario name: UEDPIE_0_Map_Grid_Scenario23; OpaqueVoxelCount: 16384; TransparentVoxelCount: 16384
[2025.05.08-11.30.39:916][397]LogVoxelMeshingProfiling: Display: Scenario name: UEDPIE_0_Map_Grid_Scenario23; Voxel Model memory: 262144
[2025.05.08-11.30.39:916][397]LogVoxelMeshingProfiling: Display: Scenario name: UEDPIE_0_Map_Grid_Scenario23; OpaqueVoxelCount: 16384; TransparentVoxelCount: 16384
[2025.05.08-11.30.39:917][397]LogVoxelMeshingProfiling: Display: Scenario name: UEDPIE_0_Map_Grid_Scenario23; Voxel Model memory: 262144
[2025.05.08-11.30.39:917][397]LogVoxelMeshingProfiling: Display: Scenario name: UEDPIE_0_Map_Grid_Scenario23; OpaqueVoxelCount: 16384; TransparentVoxelCount: 16384
[2025.05.08-11.30.39:917][397]LogVoxelMeshingProfiling: Display: Scenario name: UEDPIE_0_Map_Grid_Scenario23; Voxel Model memory: 262144
[2025.05.08-11.30.39:917][397]LogVoxelMeshingProfiling: Display: Scenario name: UEDPIE_0_Map_Grid_Scenario23; OpaqueVoxelCount: 16384; TransparentVoxelCount: 16384
[2025.05.08-11.30.39:924][397]LogVoxelMeshingProfiling: Display: Scenario name: UEDPIE_0_Map_Grid_Scenario23; Voxel Model memory: 262144
[2025.05.08-11.30.39:924][397]LogVoxelMeshingProfiling: Display: Scenario name: UEDPIE_0_Map_Grid_Scenario23; OpaqueVoxelCount: 16384; TransparentVoxelCount: 16384
[2025.05.08-11.30.39:924][397]LogVoxelMeshingProfiling: Display: Scenario name: UEDPIE_0_Map_Grid_Scenario23; Voxel Model memory: 262144
[2025.05.08-11.30.39:924][397]LogVoxelMeshingProfiling: Display: Scenario name: UEDPIE_0_Map_Grid_Scenario23; OpaqueVoxelCount: 16384; TransparentVoxelCount: 16384
[2025.05.08-11.30.39:925][397]LogVoxelMeshingProfiling: Display: Scenario name: UEDPIE_0_Map_Grid_Scenario23; Voxel Model memory: 262144
[2025.05.08-11.30.39:925][397]LogVoxelMeshingProfiling: Display: Scenario name: UEDPIE_0_Map_Grid_Scenario23; OpaqueVoxelCount: 16384; TransparentVoxelCount: 16384
[2025.05.08-11.30.39:930][397]LogVoxelMeshingProfiling: Display: Scenario name: UEDPIE_0_Map_Grid_Scenario23; Voxel Model memory: 262144
[2025.05.08-11.30.39:930][397]LogVoxelMeshingProfiling: Display: Scenario name: UEDPIE_0_Map_Grid_Scenario23; OpaqueVoxelCount: 16384; TransparentVoxelCount: 16384
[2025.05.08-11.30.39:930][397]LogVoxelMeshingProfiling: Display: Scenario name: UEDPIE_0_Map_Grid_Scenario23; Voxel Model memory: 262144
[2025.05.08-11.30.39:930][397]LogVoxelMeshingProfiling: Display: Scenario name: UEDPIE_0_Map_Grid_Scenario23; OpaqueVoxelCount: 16384; TransparentVoxelCount: 16384
[2025.05.08-11.30.39:930][397]LogVoxelMeshingProfiling: Display: Scenario name: UEDPIE_0_Map_Grid_Scenario23; Voxel Model memory: 262144
[2025.05.08-11.30.39:930][397]LogVoxelMeshingProfiling: Display: Scenario name: UEDPIE_0_Map_Grid_Scenario23; OpaqueVoxelCount: 16384; TransparentVoxelCount: 16384
[2025.05.08-11.30.39:930][397]LogVoxelMeshingProfiling: Display: Scenario name: UEDPIE_0_Map_Grid_Scenario23; Voxel Model memory: 262144
[2025.05.08-11.30.39:930][397]LogVoxelMeshingProfiling: Display: Scenario name: UEDPIE_0_Map_Grid_Scenario23; OpaqueVoxelCount: 16384; TransparentVoxelCount: 16384
[2025.05.08-11.30.39:937][397]LogVoxelMeshingProfiling: Display: Scenario name: UEDPIE_0_Map_Grid_Scenario23; Voxel Model memory: 262144
[2025.05.08-11.30.39:937][397]LogVoxelMeshingProfiling: Display: Scenario name: UEDPIE_0_Map_Grid_Scenario23; OpaqueVoxelCount: 16384; TransparentVoxelCount: 16384
[2025.05.08-11.30.39:937][397]LogVoxelMeshingProfiling: Display: Scenario name: UEDPIE_0_Map_Grid_Scenario23; Voxel Model memory: 262144
[2025.05.08-11.30.39:937][397]LogVoxelMeshingProfiling: Display: Scenario name: UEDPIE_0_Map_Grid_Scenario23; OpaqueVoxelCount: 16384; TransparentVoxelCount: 16384
[2025.05.08-11.30.39:937][397]LogVoxelMeshingProfiling: Display: Scenario name: UEDPIE_0_Map_Grid_Scenario23; Voxel Model memory: 262144
[2025.05.08-11.30.39:937][397]LogVoxelMeshingProfiling: Display: Scenario name: UEDPIE_0_Map_Grid_Scenario23; OpaqueVoxelCount: 16384; TransparentVoxelCount: 16384
[2025.05.08-11.30.39:939][397]LogVoxelMeshingProfiling: Display: Scenario name: UEDPIE_0_Map_Grid_Scenario23; Voxel Model memory: 262144
[2025.05.08-11.30.39:939][397]LogVoxelMeshingProfiling: Display: Scenario name: UEDPIE_0_Map_Grid_Scenario23; OpaqueVoxelCount: 16384; TransparentVoxelCount: 16384
[2025.05.08-11.30.39:942][397]LogVoxelMeshingProfiling: Display: Scenario name: UEDPIE_0_Map_Grid_Scenario23; Voxel Model memory: 262144
[2025.05.08-11.30.39:942][397]LogVoxelMeshingProfiling: Display: Scenario name: UEDPIE_0_Map_Grid_Scenario23; Voxel Model memory: 262144
[2025.05.08-11.30.39:942][397]LogVoxelMeshingProfiling: Display: Scenario name: UEDPIE_0_Map_Grid_Scenario23; OpaqueVoxelCount: 16384; TransparentVoxelCount: 16384
[2025.05.08-11.30.39:942][397]LogVoxelMeshingProfiling: Display: Scenario name: UEDPIE_0_Map_Grid_Scenario23; OpaqueVoxelCount: 16384; TransparentVoxelCount: 16384
[2025.05.08-11.30.39:942][397]LogVoxelMeshingProfiling: Display: Scenario name: UEDPIE_0_Map_Grid_Scenario23; Voxel Model memory: 262144
[2025.05.08-11.30.39:942][397]LogVoxelMeshingProfiling: Display: Scenario name: UEDPIE_0_Map_Grid_Scenario23; OpaqueVoxelCount: 16384; TransparentVoxelCount: 16384
[2025.05.08-11.30.39:947][397]LogVoxelMeshingProfiling: Display: Scenario name: UEDPIE_0_Map_Grid_Scenario23; Voxel Model memory: 262144
[2025.05.08-11.30.39:947][397]LogVoxelMeshingProfiling: Display: Scenario name: UEDPIE_0_Map_Grid_Scenario23; OpaqueVoxelCount: 16384; TransparentVoxelCount: 16384
[2025.05.08-11.30.39:948][397]LogVoxelMeshingProfiling: Display: Scenario name: UEDPIE_0_Map_Grid_Scenario23; Voxel Model memory: 262144
[2025.05.08-11.30.39:948][397]LogVoxelMeshingProfiling: Display: Scenario name: UEDPIE_0_Map_Grid_Scenario23; OpaqueVoxelCount: 16384; TransparentVoxelCount: 16384
[2025.05.08-11.30.39:950][397]LogVoxelMeshingProfiling: Display: Scenario name: UEDPIE_0_Map_Grid_Scenario23; Voxel Model memory: 262144
[2025.05.08-11.30.39:950][397]LogVoxelMeshingProfiling: Display: Scenario name: UEDPIE_0_Map_Grid_Scenario23; OpaqueVoxelCount: 16384; TransparentVoxelCount: 16384
[2025.05.08-11.30.39:952][397]LogVoxelMeshingProfiling: Display: Scenario name: UEDPIE_0_Map_Grid_Scenario23; Voxel Model memory: 262144
[2025.05.08-11.30.39:952][397]LogVoxelMeshingProfiling: Display: Scenario name: UEDPIE_0_Map_Grid_Scenario23; OpaqueVoxelCount: 16384; TransparentVoxelCount: 16384
[2025.05.08-11.30.39:952][397]LogVoxelMeshingProfiling: Display: Scenario name: UEDPIE_0_Map_Grid_Scenario23; Voxel Model memory: 262144
[2025.05.08-11.30.39:952][397]LogVoxelMeshingProfiling: Display: Scenario name: UEDPIE_0_Map_Grid_Scenario23; OpaqueVoxelCount: 16384; TransparentVoxelCount: 16384
[2025.05.08-11.30.39:952][397]LogVoxelMeshingProfiling: Display: Scenario name: UEDPIE_0_Map_Grid_Scenario23; Voxel Model memory: 262144
[2025.05.08-11.30.39:952][397]LogVoxelMeshingProfiling: Display: Scenario name: UEDPIE_0_Map_Grid_Scenario23; OpaqueVoxelCount: 16384; TransparentVoxelCount: 16384
[2025.05.08-11.30.39:959][397]LogVoxelMeshingProfiling: Display: Scenario name: UEDPIE_0_Map_Grid_Scenario23; Vertices: 128
[2025.05.08-11.30.39:964][397]LogVoxelMeshingProfiling: Display: Scenario name: UEDPIE_0_Map_Grid_Scenario23; Vertices: 192
[2025.05.08-11.30.39:969][397]LogVoxelMeshingProfiling: Display: Scenario name: UEDPIE_0_Map_Grid_Scenario23; Vertices: 128
[2025.05.08-11.30.39:972][397]LogVoxelMeshingProfiling: Display: Scenario name: UEDPIE_0_Map_Grid_Scenario23; Vertices: 128
[2025.05.08-11.30.39:976][397]LogVoxelMeshingProfiling: Display: Scenario name: UEDPIE_0_Map_Grid_Scenario23; Vertices: 192
[2025.05.08-11.30.39:980][397]LogVoxelMeshingProfiling: Display: Scenario name: UEDPIE_0_Map_Grid_Scenario23; Vertices: 192
[2025.05.08-11.30.39:985][398]LogVoxelMeshingProfiling: Display: Scenario name: UEDPIE_0_Map_Grid_Scenario23; Vertices: 192
[2025.05.08-11.30.39:989][398]LogVoxelMeshingProfiling: Display: Scenario name: UEDPIE_0_Map_Grid_Scenario23; Vertices: 192
[2025.05.08-11.30.39:994][398]LogVoxelMeshingProfiling: Display: Scenario name: UEDPIE_0_Map_Grid_Scenario23; Vertices: 192
[2025.05.08-11.30.39:997][398]LogVoxelMeshingProfiling: Display: Scenario name: UEDPIE_0_Map_Grid_Scenario23; Vertices: 256
[2025.05.08-11.30.40:001][398]LogVoxelMeshingProfiling: Display: Scenario name: UEDPIE_0_Map_Grid_Scenario23; Vertices: 256
[2025.05.08-11.30.40:005][398]LogVoxelMeshingProfiling: Display: Scenario name: UEDPIE_0_Map_Grid_Scenario23; Vertices: 192
[2025.05.08-11.30.40:008][398]LogVoxelMeshingProfiling: Display: Scenario name: UEDPIE_0_Map_Grid_Scenario23; Vertices: 192
[2025.05.08-11.30.40:012][398]LogVoxelMeshingProfiling: Display: Scenario name: UEDPIE_0_Map_Grid_Scenario23; Vertices: 192
[2025.05.08-11.30.40:015][398]LogVoxelMeshingProfiling: Display: Scenario name: UEDPIE_0_Map_Grid_Scenario23; Vertices: 192
[2025.05.08-11.30.40:020][398]LogVoxelMeshingProfiling: Display: Scenario name: UEDPIE_0_Map_Grid_Scenario23; Vertices: 192
[2025.05.08-11.30.40:023][398]LogVoxelMeshingProfiling: Display: Scenario name: UEDPIE_0_Map_Grid_Scenario23; Vertices: 192
[2025.05.08-11.30.40:027][398]LogVoxelMeshingProfiling: Display: Scenario name: UEDPIE_0_Map_Grid_Scenario23; Vertices: 256
[2025.05.08-11.30.40:030][398]LogVoxelMeshingProfiling: Display: Scenario name: UEDPIE_0_Map_Grid_Scenario23; Vertices: 256
[2025.05.08-11.30.40:035][398]LogVoxelMeshingProfiling: Display: Scenario name: UEDPIE_0_Map_Grid_Scenario23; Vertices: 256
[2025.05.08-11.30.40:038][398]LogVoxelMeshingProfiling: Display: Scenario name: UEDPIE_0_Map_Grid_Scenario23; Vertices: 256
[2025.05.08-11.30.40:042][398]LogVoxelMeshingProfiling: Display: Scenario name: UEDPIE_0_Map_Grid_Scenario23; Vertices: 256
[2025.05.08-11.30.40:046][398]LogVoxelMeshingProfiling: Display: Scenario name: UEDPIE_0_Map_Grid_Scenario23; Vertices: 256
[2025.05.08-11.30.40:049][398]LogVoxelMeshingProfiling: Display: Scenario name: UEDPIE_0_Map_Grid_Scenario23; Vertices: 256
[2025.05.08-11.30.40:053][398]LogVoxelMeshingProfiling: Display: Scenario name: UEDPIE_0_Map_Grid_Scenario23; Vertices: 256
[2025.05.08-11.30.40:058][398]LogVoxelMeshingProfiling: Display: Scenario name: UEDPIE_0_Map_Grid_Scenario23; Vertices: 256
[2025.05.08-11.30.40:062][398]LogVoxelMeshingProfiling: Display: Scenario name: UEDPIE_0_Map_Grid_Scenario23; Vertices: 256
[2025.05.08-11.30.46:649][823]LogVoxelMeshingProfiling: Display: Scenario name: UEDPIE_0_Map_RLE_Scenario23; Voxel Model memory: 443940
[2025.05.08-11.30.46:656][823]LogVoxelMeshingProfiling: Display: Scenario name: UEDPIE_0_Map_RLE_Scenario23; Voxel Model memory: 443940
[2025.05.08-11.30.46:657][823]LogVoxelMeshingProfiling: Display: Scenario name: UEDPIE_0_Map_RLE_Scenario23; Voxel Model memory: 443940
[2025.05.08-11.30.46:657][823]LogVoxelMeshingProfiling: Display: Scenario name: UEDPIE_0_Map_RLE_Scenario23; Voxel Model memory: 443940
[2025.05.08-11.30.46:659][823]LogVoxelMeshingProfiling: Display: Scenario name: UEDPIE_0_Map_RLE_Scenario23; Voxel Model memory: 443940
[2025.05.08-11.30.46:659][823]LogVoxelMeshingProfiling: Display: Scenario name: UEDPIE_0_Map_RLE_Scenario23; Voxel Model memory: 443940
[2025.05.08-11.30.46:659][823]LogVoxelMeshingProfiling: Display: Scenario name: UEDPIE_0_Map_RLE_Scenario23; Voxel Model memory: 443940
[2025.05.08-11.30.46:666][823]LogVoxelMeshingProfiling: Display: Scenario name: UEDPIE_0_Map_RLE_Scenario23; Voxel Model memory: 443940
[2025.05.08-11.30.46:667][823]LogVoxelMeshingProfiling: Display: Scenario name: UEDPIE_0_Map_RLE_Scenario23; Voxel Model memory: 443940
[2025.05.08-11.30.46:667][823]LogVoxelMeshingProfiling: Display: Scenario name: UEDPIE_0_Map_RLE_Scenario23; Voxel Model memory: 443940
[2025.05.08-11.30.46:668][823]LogVoxelMeshingProfiling: Display: Scenario name: UEDPIE_0_Map_RLE_Scenario23; Voxel Model memory: 443940
[2025.05.08-11.30.46:670][823]LogVoxelMeshingProfiling: Display: Scenario name: UEDPIE_0_Map_RLE_Scenario23; Voxel Model memory: 443940
[2025.05.08-11.30.46:671][823]LogVoxelMeshingProfiling: Display: Scenario name: UEDPIE_0_Map_RLE_Scenario23; Voxel Model memory: 443940
[2025.05.08-11.30.46:671][823]LogVoxelMeshingProfiling: Display: Scenario name: UEDPIE_0_Map_RLE_Scenario23; Voxel Model memory: 443940
[2025.05.08-11.30.46:676][823]LogVoxelMeshingProfiling: Display: Scenario name: UEDPIE_0_Map_RLE_Scenario23; Voxel Model memory: 443940
[2025.05.08-11.30.46:679][823]LogVoxelMeshingProfiling: Display: Scenario name: UEDPIE_0_Map_RLE_Scenario23; Voxel Model memory: 443940
[2025.05.08-11.30.46:681][823]LogVoxelMeshingProfiling: Display: Scenario name: UEDPIE_0_Map_RLE_Scenario23; Voxel Model memory: 443940
[2025.05.08-11.30.46:684][823]LogVoxelMeshingProfiling: Display: Scenario name: UEDPIE_0_Map_RLE_Scenario23; Voxel Model memory: 443940
[2025.05.08-11.30.46:684][823]LogVoxelMeshingProfiling: Display: Scenario name: UEDPIE_0_Map_RLE_Scenario23; Voxel Model memory: 443940
[2025.05.08-11.30.46:686][823]LogVoxelMeshingProfiling: Display: Scenario name: UEDPIE_0_Map_RLE_Scenario23; Voxel Model memory: 443940
[2025.05.08-11.30.46:687][823]LogVoxelMeshingProfiling: Display: Scenario name: UEDPIE_0_Map_RLE_Scenario23; Voxel Model memory: 443940
[2025.05.08-11.30.46:693][823]LogVoxelMeshingProfiling: Display: Scenario name: UEDPIE_0_Map_RLE_Scenario23; Voxel Model memory: 443940
[2025.05.08-11.30.46:693][823]LogVoxelMeshingProfiling: Display: Scenario name: UEDPIE_0_Map_RLE_Scenario23; Voxel Model memory: 443940
[2025.05.08-11.30.46:694][823]LogVoxelMeshingProfiling: Display: Scenario name: UEDPIE_0_Map_RLE_Scenario23; Voxel Model memory: 443940
[2025.05.08-11.30.46:695][823]LogVoxelMeshingProfiling: Display: Scenario name: UEDPIE_0_Map_RLE_Scenario23; Voxel Model memory: 443940
[2025.05.08-11.30.46:696][823]LogVoxelMeshingProfiling: Display: Scenario name: UEDPIE_0_Map_RLE_Scenario23; Voxel Model memory: 443940
[2025.05.08-11.30.46:696][823]LogVoxelMeshingProfiling: Display: Scenario name: UEDPIE_0_Map_RLE_Scenario23; Voxel Model memory: 443940
[2025.05.08-11.30.46:789][824]LogVoxelMeshingProfiling: Display: Scenario name: UEDPIE_0_Map_RLE_Scenario23; Vertices: 393216
[2025.05.08-11.30.46:902][829]LogVoxelMeshingProfiling: Display: Scenario name: UEDPIE_0_Map_RLE_Scenario23; Vertices: 393216
[2025.05.08-11.30.47:022][835]LogVoxelMeshingProfiling: Display: Scenario name: UEDPIE_0_Map_RLE_Scenario23; Vertices: 393216
[2025.05.08-11.30.47:142][839]LogVoxelMeshingProfiling: Display: Scenario name: UEDPIE_0_Map_RLE_Scenario23; Vertices: 393216
[2025.05.08-11.30.47:276][842]LogVoxelMeshingProfiling: Display: Scenario name: UEDPIE_0_Map_RLE_Scenario23; Vertices: 393216
[2025.05.08-11.30.47:400][843]LogVoxelMeshingProfiling: Display: Scenario name: UEDPIE_0_Map_RLE_Scenario23; Vertices: 393216
[2025.05.08-11.30.47:522][847]LogVoxelMeshingProfiling: Display: Scenario name: UEDPIE_0_Map_RLE_Scenario23; Vertices: 393216
[2025.05.08-11.30.47:649][850]LogVoxelMeshingProfiling: Display: Scenario name: UEDPIE_0_Map_RLE_Scenario23; Vertices: 393216
[2025.05.08-11.30.47:778][851]LogVoxelMeshingProfiling: Display: Scenario name: UEDPIE_0_Map_RLE_Scenario23; Vertices: 393216
[2025.05.08-11.30.47:881][851]LogVoxelMeshingProfiling: Display: Scenario name: UEDPIE_0_Map_RLE_Scenario23; Vertices: 393216
[2025.05.08-11.30.47:971][851]LogVoxelMeshingProfiling: Display: Scenario name: UEDPIE_0_Map_RLE_Scenario23; Vertices: 393216
[2025.05.08-11.30.48:074][851]LogVoxelMeshingProfiling: Display: Scenario name: UEDPIE_0_Map_RLE_Scenario23; Vertices: 393216
[2025.05.08-11.30.48:144][851]LogVoxelMeshingProfiling: Display: Scenario name: UEDPIE_0_Map_RLE_Scenario23; Vertices: 393216
[2025.05.08-11.30.48:256][853]LogVoxelMeshingProfiling: Display: Scenario name: UEDPIE_0_Map_RLE_Scenario23; Vertices: 393216
[2025.05.08-11.30.48:373][853]LogVoxelMeshingProfiling: Display: Scenario name: UEDPIE_0_Map_RLE_Scenario23; Vertices: 393216
[2025.05.08-11.30.48:492][853]LogVoxelMeshingProfiling: Display: Scenario name: UEDPIE_0_Map_RLE_Scenario23; Vertices: 393216
[2025.05.08-11.30.48:607][853]LogVoxelMeshingProfiling: Display: Scenario name: UEDPIE_0_Map_RLE_Scenario23; Vertices: 393216
[2025.05.08-11.30.48:724][853]LogVoxelMeshingProfiling: Display: Scenario name: UEDPIE_0_Map_RLE_Scenario23; Vertices: 393216
[2025.05.08-11.30.48:839][853]LogVoxelMeshingProfiling: Display: Scenario name: UEDPIE_0_Map_RLE_Scenario23; Vertices: 393216
[2025.05.08-11.30.48:970][855]LogVoxelMeshingProfiling: Display: Scenario name: UEDPIE_0_Map_RLE_Scenario23; Vertices: 393216
[2025.05.08-11.30.49:108][855]LogVoxelMeshingProfiling: Display: Scenario name: UEDPIE_0_Map_RLE_Scenario23; Vertices: 393216
[2025.05.08-11.30.49:226][855]LogVoxelMeshingProfiling: Display: Scenario name: UEDPIE_0_Map_RLE_Scenario23; Vertices: 393216
[2025.05.08-11.30.49:347][855]LogVoxelMeshingProfiling: Display: Scenario name: UEDPIE_0_Map_RLE_Scenario23; Vertices: 393216
[2025.05.08-11.30.49:479][857]LogVoxelMeshingProfiling: Display: Scenario name: UEDPIE_0_Map_RLE_Scenario23; Vertices: 393216
[2025.05.08-11.30.49:626][860]LogVoxelMeshingProfiling: Display: Scenario name: UEDPIE_0_Map_RLE_Scenario23; Vertices: 393216
[2025.05.08-11.30.49:755][861]LogVoxelMeshingProfiling: Display: Scenario name: UEDPIE_0_Map_RLE_Scenario23; Vertices: 393216
[2025.05.08-11.30.49:874][861]LogVoxelMeshingProfiling: Display: Scenario name: UEDPIE_0_Map_RLE_Scenario23; Vertices: 393216
[2025.05.08-11.30.58:605][219]LogVoxelMeshingProfiling: Display: Scenario name: UEDPIE_0_Map_VoxelPlugin_Scenario23; Voxel Model memory: 262144
[2025.05.08-11.30.58:605][219]LogVoxelMeshingProfiling: Display: Scenario name: UEDPIE_0_Map_VoxelPlugin_Scenario23; OpaqueVoxelCount: 16384; TransparentVoxelCount: 16384
[2025.05.08-11.30.58:612][219]LogVoxelMeshingProfiling: Display: Scenario name: UEDPIE_0_Map_VoxelPlugin_Scenario23; Voxel Model memory: 262144
[2025.05.08-11.30.58:612][219]LogVoxelMeshingProfiling: Display: Scenario name: UEDPIE_0_Map_VoxelPlugin_Scenario23; OpaqueVoxelCount: 16384; TransparentVoxelCount: 16384
[2025.05.08-11.30.58:613][219]LogVoxelMeshingProfiling: Display: Scenario name: UEDPIE_0_Map_VoxelPlugin_Scenario23; Voxel Model memory: 262144
[2025.05.08-11.30.58:613][219]LogVoxelMeshingProfiling: Display: Scenario name: UEDPIE_0_Map_VoxelPlugin_Scenario23; OpaqueVoxelCount: 16384; TransparentVoxelCount: 16384
[2025.05.08-11.30.58:613][219]LogVoxelMeshingProfiling: Display: Scenario name: UEDPIE_0_Map_VoxelPlugin_Scenario23; Voxel Model memory: 262144
[2025.05.08-11.30.58:613][219]LogVoxelMeshingProfiling: Display: Scenario name: UEDPIE_0_Map_VoxelPlugin_Scenario23; OpaqueVoxelCount: 16384; TransparentVoxelCount: 16384
[2025.05.08-11.30.58:613][219]LogVoxelMeshingProfiling: Display: Scenario name: UEDPIE_0_Map_VoxelPlugin_Scenario23; Voxel Model memory: 262144
[2025.05.08-11.30.58:613][219]LogVoxelMeshingProfiling: Display: Scenario name: UEDPIE_0_Map_VoxelPlugin_Scenario23; OpaqueVoxelCount: 16384; TransparentVoxelCount: 16384
[2025.05.08-11.30.58:614][219]LogVoxelMeshingProfiling: Display: Scenario name: UEDPIE_0_Map_VoxelPlugin_Scenario23; Voxel Model memory: 262144
[2025.05.08-11.30.58:614][219]LogVoxelMeshingProfiling: Display: Scenario name: UEDPIE_0_Map_VoxelPlugin_Scenario23; OpaqueVoxelCount: 16384; TransparentVoxelCount: 16384
[2025.05.08-11.30.58:614][219]LogVoxelMeshingProfiling: Display: Scenario name: UEDPIE_0_Map_VoxelPlugin_Scenario23; Voxel Model memory: 262144
[2025.05.08-11.30.58:614][219]LogVoxelMeshingProfiling: Display: Scenario name: UEDPIE_0_Map_VoxelPlugin_Scenario23; OpaqueVoxelCount: 16384; TransparentVoxelCount: 16384
[2025.05.08-11.30.58:620][219]LogVoxelMeshingProfiling: Display: Scenario name: UEDPIE_0_Map_VoxelPlugin_Scenario23; Voxel Model memory: 262144
[2025.05.08-11.30.58:620][219]LogVoxelMeshingProfiling: Display: Scenario name: UEDPIE_0_Map_VoxelPlugin_Scenario23; OpaqueVoxelCount: 16384; TransparentVoxelCount: 16384
[2025.05.08-11.30.58:623][219]LogVoxelMeshingProfiling: Display: Scenario name: UEDPIE_0_Map_VoxelPlugin_Scenario23; Voxel Model memory: 262144
[2025.05.08-11.30.58:623][219]LogVoxelMeshingProfiling: Display: Scenario name: UEDPIE_0_Map_VoxelPlugin_Scenario23; OpaqueVoxelCount: 16384; TransparentVoxelCount: 16384
[2025.05.08-11.30.58:625][219]LogVoxelMeshingProfiling: Display: Scenario name: UEDPIE_0_Map_VoxelPlugin_Scenario23; Voxel Model memory: 262144
[2025.05.08-11.30.58:625][219]LogVoxelMeshingProfiling: Display: Scenario name: UEDPIE_0_Map_VoxelPlugin_Scenario23; OpaqueVoxelCount: 16384; TransparentVoxelCount: 16384
[2025.05.08-11.30.58:626][219]LogVoxelMeshingProfiling: Display: Scenario name: UEDPIE_0_Map_VoxelPlugin_Scenario23; Voxel Model memory: 262144
[2025.05.08-11.30.58:626][219]LogVoxelMeshingProfiling: Display: Scenario name: UEDPIE_0_Map_VoxelPlugin_Scenario23; OpaqueVoxelCount: 16384; TransparentVoxelCount: 16384
[2025.05.08-11.30.58:628][219]LogVoxelMeshingProfiling: Display: Scenario name: UEDPIE_0_Map_VoxelPlugin_Scenario23; Voxel Model memory: 262144
[2025.05.08-11.30.58:628][219]LogVoxelMeshingProfiling: Display: Scenario name: UEDPIE_0_Map_VoxelPlugin_Scenario23; OpaqueVoxelCount: 16384; TransparentVoxelCount: 16384
[2025.05.08-11.30.58:628][219]LogVoxelMeshingProfiling: Display: Scenario name: UEDPIE_0_Map_VoxelPlugin_Scenario23; Voxel Model memory: 262144
[2025.05.08-11.30.58:628][219]LogVoxelMeshingProfiling: Display: Scenario name: UEDPIE_0_Map_VoxelPlugin_Scenario23; OpaqueVoxelCount: 16384; TransparentVoxelCount: 16384
[2025.05.08-11.30.58:628][219]LogVoxelMeshingProfiling: Display: Scenario name: UEDPIE_0_Map_VoxelPlugin_Scenario23; Voxel Model memory: 262144
[2025.05.08-11.30.58:628][219]LogVoxelMeshingProfiling: Display: Scenario name: UEDPIE_0_Map_VoxelPlugin_Scenario23; OpaqueVoxelCount: 16384; TransparentVoxelCount: 16384
[2025.05.08-11.30.58:635][219]LogVoxelMeshingProfiling: Display: Scenario name: UEDPIE_0_Map_VoxelPlugin_Scenario23; Voxel Model memory: 262144
[2025.05.08-11.30.58:635][219]LogVoxelMeshingProfiling: Display: Scenario name: UEDPIE_0_Map_VoxelPlugin_Scenario23; OpaqueVoxelCount: 16384; TransparentVoxelCount: 16384
[2025.05.08-11.30.58:635][219]LogVoxelMeshingProfiling: Display: Scenario name: UEDPIE_0_Map_VoxelPlugin_Scenario23; Voxel Model memory: 262144
[2025.05.08-11.30.58:635][219]LogVoxelMeshingProfiling: Display: Scenario name: UEDPIE_0_Map_VoxelPlugin_Scenario23; OpaqueVoxelCount: 16384; TransparentVoxelCount: 16384
[2025.05.08-11.30.58:636][219]LogVoxelMeshingProfiling: Display: Scenario name: UEDPIE_0_Map_VoxelPlugin_Scenario23; Voxel Model memory: 262144
[2025.05.08-11.30.58:636][219]LogVoxelMeshingProfiling: Display: Scenario name: UEDPIE_0_Map_VoxelPlugin_Scenario23; OpaqueVoxelCount: 16384; TransparentVoxelCount: 16384
[2025.05.08-11.30.58:640][219]LogVoxelMeshingProfiling: Display: Scenario name: UEDPIE_0_Map_VoxelPlugin_Scenario23; Voxel Model memory: 262144
[2025.05.08-11.30.58:640][219]LogVoxelMeshingProfiling: Display: Scenario name: UEDPIE_0_Map_VoxelPlugin_Scenario23; OpaqueVoxelCount: 16384; TransparentVoxelCount: 16384
[2025.05.08-11.30.58:642][219]LogVoxelMeshingProfiling: Display: Scenario name: UEDPIE_0_Map_VoxelPlugin_Scenario23; Voxel Model memory: 262144
[2025.05.08-11.30.58:642][219]LogVoxelMeshingProfiling: Display: Scenario name: UEDPIE_0_Map_VoxelPlugin_Scenario23; OpaqueVoxelCount: 16384; TransparentVoxelCount: 16384
[2025.05.08-11.30.58:642][219]LogVoxelMeshingProfiling: Display: Scenario name: UEDPIE_0_Map_VoxelPlugin_Scenario23; Voxel Model memory: 262144
[2025.05.08-11.30.58:642][219]LogVoxelMeshingProfiling: Display: Scenario name: UEDPIE_0_Map_VoxelPlugin_Scenario23; OpaqueVoxelCount: 16384; TransparentVoxelCount: 16384
[2025.05.08-11.30.58:643][219]LogVoxelMeshingProfiling: Display: Scenario name: UEDPIE_0_Map_VoxelPlugin_Scenario23; Voxel Model memory: 262144
[2025.05.08-11.30.58:643][219]LogVoxelMeshingProfiling: Display: Scenario name: UEDPIE_0_Map_VoxelPlugin_Scenario23; OpaqueVoxelCount: 16384; TransparentVoxelCount: 16384
[2025.05.08-11.30.58:649][219]LogVoxelMeshingProfiling: Display: Scenario name: UEDPIE_0_Map_VoxelPlugin_Scenario23; Voxel Model memory: 262144
[2025.05.08-11.30.58:649][219]LogVoxelMeshingProfiling: Display: Scenario name: UEDPIE_0_Map_VoxelPlugin_Scenario23; OpaqueVoxelCount: 16384; TransparentVoxelCount: 16384
[2025.05.08-11.30.58:649][219]LogVoxelMeshingProfiling: Display: Scenario name: UEDPIE_0_Map_VoxelPlugin_Scenario23; Voxel Model memory: 262144
[2025.05.08-11.30.58:649][219]LogVoxelMeshingProfiling: Display: Scenario name: UEDPIE_0_Map_VoxelPlugin_Scenario23; OpaqueVoxelCount: 16384; TransparentVoxelCount: 16384
[2025.05.08-11.30.58:649][219]LogVoxelMeshingProfiling: Display: Scenario name: UEDPIE_0_Map_VoxelPlugin_Scenario23; Voxel Model memory: 262144
[2025.05.08-11.30.58:649][219]LogVoxelMeshingProfiling: Display: Scenario name: UEDPIE_0_Map_VoxelPlugin_Scenario23; OpaqueVoxelCount: 16384; TransparentVoxelCount: 16384
[2025.05.08-11.30.58:650][219]LogVoxelMeshingProfiling: Display: Scenario name: UEDPIE_0_Map_VoxelPlugin_Scenario23; Voxel Model memory: 262144
[2025.05.08-11.30.58:650][219]LogVoxelMeshingProfiling: Display: Scenario name: UEDPIE_0_Map_VoxelPlugin_Scenario23; OpaqueVoxelCount: 16384; TransparentVoxelCount: 16384
[2025.05.08-11.30.58:652][219]LogVoxelMeshingProfiling: Display: Scenario name: UEDPIE_0_Map_VoxelPlugin_Scenario23; Voxel Model memory: 262144
[2025.05.08-11.30.58:652][219]LogVoxelMeshingProfiling: Display: Scenario name: UEDPIE_0_Map_VoxelPlugin_Scenario23; OpaqueVoxelCount: 16384; TransparentVoxelCount: 16384
[2025.05.08-11.30.58:652][219]LogVoxelMeshingProfiling: Display: Scenario name: UEDPIE_0_Map_VoxelPlugin_Scenario23; Voxel Model memory: 262144
[2025.05.08-11.30.58:652][219]LogVoxelMeshingProfiling: Display: Scenario name: UEDPIE_0_Map_VoxelPlugin_Scenario23; OpaqueVoxelCount: 16384; TransparentVoxelCount: 16384
[2025.05.08-11.30.58:732][220]LogVoxelMeshingProfiling: Display: Scenario name: Map_VoxelPlugin_Scenario23; Vertices: 133120
[2025.05.08-11.30.58:738][220]LogVoxelMeshingProfiling: Display: Scenario name: Map_VoxelPlugin_Scenario23; Vertices: 135168
[2025.05.08-11.30.58:777][220]LogVoxelMeshingProfiling: Display: Scenario name: Map_VoxelPlugin_Scenario23; Vertices: 135168
[2025.05.08-11.30.58:777][220]LogVoxelMeshingProfiling: Display: Scenario name: Map_VoxelPlugin_Scenario23; Vertices: 133120
[2025.05.08-11.30.58:821][221]LogVoxelMeshingProfiling: Display: Scenario name: Map_VoxelPlugin_Scenario23; Vertices: 135168
[2025.05.08-11.30.58:830][222]LogVoxelMeshingProfiling: Display: Scenario name: Map_VoxelPlugin_Scenario23; Vertices: 133120
[2025.05.08-11.30.58:901][225]LogVoxelMeshingProfiling: Display: Scenario name: Map_VoxelPlugin_Scenario23; Vertices: 135168
[2025.05.08-11.30.59:124][232]LogVoxelMeshingProfiling: Display: Scenario name: Map_VoxelPlugin_Scenario23; Vertices: 135168
[2025.05.08-11.30.59:169][233]LogVoxelMeshingProfiling: Display: Scenario name: Map_VoxelPlugin_Scenario23; Vertices: 135168
[2025.05.08-11.30.59:177][234]LogVoxelMeshingProfiling: Display: Scenario name: Map_VoxelPlugin_Scenario23; Vertices: 133120
[2025.05.08-11.30.59:229][236]LogVoxelMeshingProfiling: Display: Scenario name: Map_VoxelPlugin_Scenario23; Vertices: 131072
[2025.05.08-11.30.59:327][242]LogVoxelMeshingProfiling: Display: Scenario name: Map_VoxelPlugin_Scenario23; Vertices: 131072
[2025.05.08-11.30.59:342][242]LogVoxelMeshingProfiling: Display: Scenario name: Map_VoxelPlugin_Scenario23; Vertices: 133120
[2025.05.08-11.30.59:389][245]LogVoxelMeshingProfiling: Display: Scenario name: Map_VoxelPlugin_Scenario23; Vertices: 131072
[2025.05.08-11.30.59:392][245]LogVoxelMeshingProfiling: Display: Scenario name: Map_VoxelPlugin_Scenario23; Vertices: 133120
[2025.05.08-11.30.59:522][252]LogVoxelMeshingProfiling: Display: Scenario name: Map_VoxelPlugin_Scenario23; Vertices: 133120
[2025.05.08-11.30.59:530][253]LogVoxelMeshingProfiling: Display: Scenario name: Map_VoxelPlugin_Scenario23; Vertices: 133120
[2025.05.08-11.30.59:573][255]LogVoxelMeshingProfiling: Display: Scenario name: Map_VoxelPlugin_Scenario23; Vertices: 133120
[2025.05.08-11.30.59:718][263]LogVoxelMeshingProfiling: Display: Scenario name: Map_VoxelPlugin_Scenario23; Vertices: 135168
[2025.05.08-11.30.59:722][263]LogVoxelMeshingProfiling: Display: Scenario name: Map_VoxelPlugin_Scenario23; Vertices: 133120
[2025.05.08-11.30.59:770][266]LogVoxelMeshingProfiling: Display: Scenario name: Map_VoxelPlugin_Scenario23; Vertices: 135168
[2025.05.08-11.30.59:771][266]LogVoxelMeshingProfiling: Display: Scenario name: Map_VoxelPlugin_Scenario23; Vertices: 133120
[2025.05.08-11.30.59:902][274]LogVoxelMeshingProfiling: Display: Scenario name: Map_VoxelPlugin_Scenario23; Vertices: 133120
[2025.05.08-11.30.59:908][275]LogVoxelMeshingProfiling: Display: Scenario name: Map_VoxelPlugin_Scenario23; Vertices: 135168
[2025.05.08-11.30.59:962][278]LogVoxelMeshingProfiling: Display: Scenario name: Map_VoxelPlugin_Scenario23; Vertices: 135168
[2025.05.08-11.30.59:972][278]LogVoxelMeshingProfiling: Display: Scenario name: Map_VoxelPlugin_Scenario23; Vertices: 135168
[2025.05.08-11.31.00:092][286]LogVoxelMeshingProfiling: Display: Scenario name: Map_VoxelPlugin_Scenario23; Vertices: 135168
