[2025.05.08-11.35.40:690][569]LogVoxelMeshingProfiling: Display: Scenario name: UEDPIE_0_Map_Grid_Scenario24; Voxel Model memory: 262144
[2025.05.08-11.35.40:690][569]LogVoxelMeshingProfiling: Display: Scenario name: UEDPIE_0_Map_Grid_Scenario24; OpaqueVoxelCount: 16384; TransparentVoxelCount: 16384
[2025.05.08-11.35.40:696][569]LogVoxelMeshingProfiling: Display: Scenario name: UEDPIE_0_Map_Grid_Scenario24; Voxel Model memory: 262144
[2025.05.08-11.35.40:697][569]LogVoxelMeshingProfiling: Display: Scenario name: UEDPIE_0_Map_Grid_Scenario24; OpaqueVoxelCount: 16384; TransparentVoxelCount: 16384
[2025.05.08-11.35.40:698][569]LogVoxelMeshingProfiling: Display: Scenario name: UEDPIE_0_Map_Grid_Scenario24; Voxel Model memory: 262144
[2025.05.08-11.35.40:698][569]LogVoxelMeshingProfiling: Display: Scenario name: UEDPIE_0_Map_Grid_Scenario24; OpaqueVoxelCount: 16384; TransparentVoxelCount: 16384
[2025.05.08-11.35.40:701][569]LogVoxelMeshingProfiling: Display: Scenario name: UEDPIE_0_Map_Grid_Scenario24; Voxel Model memory: 262144
[2025.05.08-11.35.40:701][569]LogVoxelMeshingProfiling: Display: Scenario name: UEDPIE_0_Map_Grid_Scenario24; OpaqueVoxelCount: 16384; TransparentVoxelCount: 16384
[2025.05.08-11.35.40:702][569]LogVoxelMeshingProfiling: Display: Scenario name: UEDPIE_0_Map_Grid_Scenario24; Voxel Model memory: 262144
[2025.05.08-11.35.40:702][569]LogVoxelMeshingProfiling: Display: Scenario name: UEDPIE_0_Map_Grid_Scenario24; OpaqueVoxelCount: 16384; TransparentVoxelCount: 16384
[2025.05.08-11.35.40:702][569]LogVoxelMeshingProfiling: Display: Scenario name: UEDPIE_0_Map_Grid_Scenario24; Voxel Model memory: 262144
[2025.05.08-11.35.40:702][569]LogVoxelMeshingProfiling: Display: Scenario name: UEDPIE_0_Map_Grid_Scenario24; OpaqueVoxelCount: 16384; TransparentVoxelCount: 16384
[2025.05.08-11.35.40:702][569]LogVoxelMeshingProfiling: Display: Scenario name: UEDPIE_0_Map_Grid_Scenario24; Voxel Model memory: 262144
[2025.05.08-11.35.40:702][569]LogVoxelMeshingProfiling: Display: Scenario name: UEDPIE_0_Map_Grid_Scenario24; OpaqueVoxelCount: 16384; TransparentVoxelCount: 16384
[2025.05.08-11.35.40:709][569]LogVoxelMeshingProfiling: Display: Scenario name: UEDPIE_0_Map_Grid_Scenario24; Voxel Model memory: 262144
[2025.05.08-11.35.40:709][569]LogVoxelMeshingProfiling: Display: Scenario name: UEDPIE_0_Map_Grid_Scenario24; OpaqueVoxelCount: 16384; TransparentVoxelCount: 16384
[2025.05.08-11.35.40:709][569]LogVoxelMeshingProfiling: Display: Scenario name: UEDPIE_0_Map_Grid_Scenario24; Voxel Model memory: 262144
[2025.05.08-11.35.40:709][569]LogVoxelMeshingProfiling: Display: Scenario name: UEDPIE_0_Map_Grid_Scenario24; OpaqueVoxelCount: 16384; TransparentVoxelCount: 16384
[2025.05.08-11.35.40:711][569]LogVoxelMeshingProfiling: Display: Scenario name: UEDPIE_0_Map_Grid_Scenario24; Voxel Model memory: 262144
[2025.05.08-11.35.40:711][569]LogVoxelMeshingProfiling: Display: Scenario name: UEDPIE_0_Map_Grid_Scenario24; OpaqueVoxelCount: 16384; TransparentVoxelCount: 16384
[2025.05.08-11.35.40:716][569]LogVoxelMeshingProfiling: Display: Scenario name: UEDPIE_0_Map_Grid_Scenario24; Voxel Model memory: 262144
[2025.05.08-11.35.40:716][569]LogVoxelMeshingProfiling: Display: Scenario name: UEDPIE_0_Map_Grid_Scenario24; OpaqueVoxelCount: 16384; TransparentVoxelCount: 16384
[2025.05.08-11.35.40:717][569]LogVoxelMeshingProfiling: Display: Scenario name: UEDPIE_0_Map_Grid_Scenario24; Voxel Model memory: 262144
[2025.05.08-11.35.40:717][569]LogVoxelMeshingProfiling: Display: Scenario name: UEDPIE_0_Map_Grid_Scenario24; OpaqueVoxelCount: 16384; TransparentVoxelCount: 16384
[2025.05.08-11.35.40:717][569]LogVoxelMeshingProfiling: Display: Scenario name: UEDPIE_0_Map_Grid_Scenario24; Voxel Model memory: 262144
[2025.05.08-11.35.40:717][569]LogVoxelMeshingProfiling: Display: Scenario name: UEDPIE_0_Map_Grid_Scenario24; OpaqueVoxelCount: 16384; TransparentVoxelCount: 16384
[2025.05.08-11.35.40:717][569]LogVoxelMeshingProfiling: Display: Scenario name: UEDPIE_0_Map_Grid_Scenario24; Voxel Model memory: 262144
[2025.05.08-11.35.40:717][569]LogVoxelMeshingProfiling: Display: Scenario name: UEDPIE_0_Map_Grid_Scenario24; OpaqueVoxelCount: 16384; TransparentVoxelCount: 16384
[2025.05.08-11.35.40:724][569]LogVoxelMeshingProfiling: Display: Scenario name: UEDPIE_0_Map_Grid_Scenario24; Voxel Model memory: 262144
[2025.05.08-11.35.40:725][569]LogVoxelMeshingProfiling: Display: Scenario name: UEDPIE_0_Map_Grid_Scenario24; OpaqueVoxelCount: 16384; TransparentVoxelCount: 16384
[2025.05.08-11.35.40:725][569]LogVoxelMeshingProfiling: Display: Scenario name: UEDPIE_0_Map_Grid_Scenario24; Voxel Model memory: 262144
[2025.05.08-11.35.40:725][569]LogVoxelMeshingProfiling: Display: Scenario name: UEDPIE_0_Map_Grid_Scenario24; OpaqueVoxelCount: 16384; TransparentVoxelCount: 16384
[2025.05.08-11.35.40:726][569]LogVoxelMeshingProfiling: Display: Scenario name: UEDPIE_0_Map_Grid_Scenario24; Voxel Model memory: 262144
[2025.05.08-11.35.40:726][569]LogVoxelMeshingProfiling: Display: Scenario name: UEDPIE_0_Map_Grid_Scenario24; OpaqueVoxelCount: 16384; TransparentVoxelCount: 16384
[2025.05.08-11.35.40:727][569]LogVoxelMeshingProfiling: Display: Scenario name: UEDPIE_0_Map_Grid_Scenario24; Voxel Model memory: 262144
[2025.05.08-11.35.40:727][569]LogVoxelMeshingProfiling: Display: Scenario name: UEDPIE_0_Map_Grid_Scenario24; OpaqueVoxelCount: 16384; TransparentVoxelCount: 16384
[2025.05.08-11.35.40:729][569]LogVoxelMeshingProfiling: Display: Scenario name: UEDPIE_0_Map_Grid_Scenario24; Voxel Model memory: 262144
[2025.05.08-11.35.40:729][569]LogVoxelMeshingProfiling: Display: Scenario name: UEDPIE_0_Map_Grid_Scenario24; OpaqueVoxelCount: 16384; TransparentVoxelCount: 16384
[2025.05.08-11.35.40:729][569]LogVoxelMeshingProfiling: Display: Scenario name: UEDPIE_0_Map_Grid_Scenario24; Voxel Model memory: 262144
[2025.05.08-11.35.40:729][569]LogVoxelMeshingProfiling: Display: Scenario name: UEDPIE_0_Map_Grid_Scenario24; OpaqueVoxelCount: 16384; TransparentVoxelCount: 16384
[2025.05.08-11.35.40:731][569]LogVoxelMeshingProfiling: Display: Scenario name: UEDPIE_0_Map_Grid_Scenario24; Voxel Model memory: 262144
[2025.05.08-11.35.40:731][569]LogVoxelMeshingProfiling: Display: Scenario name: UEDPIE_0_Map_Grid_Scenario24; OpaqueVoxelCount: 16384; TransparentVoxelCount: 16384
[2025.05.08-11.35.40:737][569]LogVoxelMeshingProfiling: Display: Scenario name: UEDPIE_0_Map_Grid_Scenario24; Voxel Model memory: 262144
[2025.05.08-11.35.40:737][569]LogVoxelMeshingProfiling: Display: Scenario name: UEDPIE_0_Map_Grid_Scenario24; OpaqueVoxelCount: 16384; TransparentVoxelCount: 16384
[2025.05.08-11.35.40:738][569]LogVoxelMeshingProfiling: Display: Scenario name: UEDPIE_0_Map_Grid_Scenario24; Voxel Model memory: 262144
[2025.05.08-11.35.40:738][569]LogVoxelMeshingProfiling: Display: Scenario name: UEDPIE_0_Map_Grid_Scenario24; OpaqueVoxelCount: 16384; TransparentVoxelCount: 16384
[2025.05.08-11.35.40:739][569]LogVoxelMeshingProfiling: Display: Scenario name: UEDPIE_0_Map_Grid_Scenario24; Voxel Model memory: 262144
[2025.05.08-11.35.40:739][569]LogVoxelMeshingProfiling: Display: Scenario name: UEDPIE_0_Map_Grid_Scenario24; OpaqueVoxelCount: 16384; TransparentVoxelCount: 16384
[2025.05.08-11.35.40:739][569]LogVoxelMeshingProfiling: Display: Scenario name: UEDPIE_0_Map_Grid_Scenario24; Voxel Model memory: 262144
[2025.05.08-11.35.40:739][569]LogVoxelMeshingProfiling: Display: Scenario name: UEDPIE_0_Map_Grid_Scenario24; OpaqueVoxelCount: 16384; TransparentVoxelCount: 16384
[2025.05.08-11.35.40:739][569]LogVoxelMeshingProfiling: Display: Scenario name: UEDPIE_0_Map_Grid_Scenario24; Voxel Model memory: 262144
[2025.05.08-11.35.40:740][569]LogVoxelMeshingProfiling: Display: Scenario name: UEDPIE_0_Map_Grid_Scenario24; OpaqueVoxelCount: 16384; TransparentVoxelCount: 16384
[2025.05.08-11.35.40:741][569]LogVoxelMeshingProfiling: Display: Scenario name: UEDPIE_0_Map_Grid_Scenario24; Voxel Model memory: 262144
[2025.05.08-11.35.40:741][569]LogVoxelMeshingProfiling: Display: Scenario name: UEDPIE_0_Map_Grid_Scenario24; OpaqueVoxelCount: 16384; TransparentVoxelCount: 16384
[2025.05.08-11.35.40:745][569]LogVoxelMeshingProfiling: Display: Scenario name: UEDPIE_0_Map_Grid_Scenario24; Vertices: 64
[2025.05.08-11.35.40:749][569]LogVoxelMeshingProfiling: Display: Scenario name: UEDPIE_0_Map_Grid_Scenario24; Vertices: 96
[2025.05.08-11.35.40:752][569]LogVoxelMeshingProfiling: Display: Scenario name: UEDPIE_0_Map_Grid_Scenario24; Vertices: 64
[2025.05.08-11.35.40:755][569]LogVoxelMeshingProfiling: Display: Scenario name: UEDPIE_0_Map_Grid_Scenario24; Vertices: 64
[2025.05.08-11.35.40:758][569]LogVoxelMeshingProfiling: Display: Scenario name: UEDPIE_0_Map_Grid_Scenario24; Vertices: 96
[2025.05.08-11.35.40:761][569]LogVoxelMeshingProfiling: Display: Scenario name: UEDPIE_0_Map_Grid_Scenario24; Vertices: 96
[2025.05.08-11.35.40:766][569]LogVoxelMeshingProfiling: Display: Scenario name: UEDPIE_0_Map_Grid_Scenario24; Vertices: 96
[2025.05.08-11.35.40:771][570]LogVoxelMeshingProfiling: Display: Scenario name: UEDPIE_0_Map_Grid_Scenario24; Vertices: 96
[2025.05.08-11.35.40:773][570]LogVoxelMeshingProfiling: Display: Scenario name: UEDPIE_0_Map_Grid_Scenario24; Vertices: 96
[2025.05.08-11.35.40:776][570]LogVoxelMeshingProfiling: Display: Scenario name: UEDPIE_0_Map_Grid_Scenario24; Vertices: 128
[2025.05.08-11.35.40:781][570]LogVoxelMeshingProfiling: Display: Scenario name: UEDPIE_0_Map_Grid_Scenario24; Vertices: 128
[2025.05.08-11.35.40:784][570]LogVoxelMeshingProfiling: Display: Scenario name: UEDPIE_0_Map_Grid_Scenario24; Vertices: 96
[2025.05.08-11.35.40:787][570]LogVoxelMeshingProfiling: Display: Scenario name: UEDPIE_0_Map_Grid_Scenario24; Vertices: 96
[2025.05.08-11.35.40:791][570]LogVoxelMeshingProfiling: Display: Scenario name: UEDPIE_0_Map_Grid_Scenario24; Vertices: 96
[2025.05.08-11.35.40:794][570]LogVoxelMeshingProfiling: Display: Scenario name: UEDPIE_0_Map_Grid_Scenario24; Vertices: 96
[2025.05.08-11.35.40:797][570]LogVoxelMeshingProfiling: Display: Scenario name: UEDPIE_0_Map_Grid_Scenario24; Vertices: 96
[2025.05.08-11.35.40:799][570]LogVoxelMeshingProfiling: Display: Scenario name: UEDPIE_0_Map_Grid_Scenario24; Vertices: 96
[2025.05.08-11.35.40:803][570]LogVoxelMeshingProfiling: Display: Scenario name: UEDPIE_0_Map_Grid_Scenario24; Vertices: 128
[2025.05.08-11.35.40:806][570]LogVoxelMeshingProfiling: Display: Scenario name: UEDPIE_0_Map_Grid_Scenario24; Vertices: 128
[2025.05.08-11.35.40:810][570]LogVoxelMeshingProfiling: Display: Scenario name: UEDPIE_0_Map_Grid_Scenario24; Vertices: 128
[2025.05.08-11.35.40:813][570]LogVoxelMeshingProfiling: Display: Scenario name: UEDPIE_0_Map_Grid_Scenario24; Vertices: 128
[2025.05.08-11.35.40:816][570]LogVoxelMeshingProfiling: Display: Scenario name: UEDPIE_0_Map_Grid_Scenario24; Vertices: 128
[2025.05.08-11.35.40:819][570]LogVoxelMeshingProfiling: Display: Scenario name: UEDPIE_0_Map_Grid_Scenario24; Vertices: 128
[2025.05.08-11.35.40:823][570]LogVoxelMeshingProfiling: Display: Scenario name: UEDPIE_0_Map_Grid_Scenario24; Vertices: 128
[2025.05.08-11.35.40:826][570]LogVoxelMeshingProfiling: Display: Scenario name: UEDPIE_0_Map_Grid_Scenario24; Vertices: 128
[2025.05.08-11.35.40:829][570]LogVoxelMeshingProfiling: Display: Scenario name: UEDPIE_0_Map_Grid_Scenario24; Vertices: 128
[2025.05.08-11.35.40:832][570]LogVoxelMeshingProfiling: Display: Scenario name: UEDPIE_0_Map_Grid_Scenario24; Vertices: 128
[2025.05.08-11.35.48:344][129]LogVoxelMeshingProfiling: Display: Scenario name: UEDPIE_0_Map_RLE_Scenario24; Voxel Model memory: 234552
[2025.05.08-11.35.48:352][129]LogVoxelMeshingProfiling: Display: Scenario name: UEDPIE_0_Map_RLE_Scenario24; Voxel Model memory: 234552
[2025.05.08-11.35.48:353][129]LogVoxelMeshingProfiling: Display: Scenario name: UEDPIE_0_Map_RLE_Scenario24; Voxel Model memory: 234552
[2025.05.08-11.35.48:353][129]LogVoxelMeshingProfiling: Display: Scenario name: UEDPIE_0_Map_RLE_Scenario24; Voxel Model memory: 234552
[2025.05.08-11.35.48:354][129]LogVoxelMeshingProfiling: Display: Scenario name: UEDPIE_0_Map_RLE_Scenario24; Voxel Model memory: 234552
[2025.05.08-11.35.48:355][129]LogVoxelMeshingProfiling: Display: Scenario name: UEDPIE_0_Map_RLE_Scenario24; Voxel Model memory: 234552
[2025.05.08-11.35.48:355][129]LogVoxelMeshingProfiling: Display: Scenario name: UEDPIE_0_Map_RLE_Scenario24; Voxel Model memory: 234552
[2025.05.08-11.35.48:362][129]LogVoxelMeshingProfiling: Display: Scenario name: UEDPIE_0_Map_RLE_Scenario24; Voxel Model memory: 234552
[2025.05.08-11.35.48:363][129]LogVoxelMeshingProfiling: Display: Scenario name: UEDPIE_0_Map_RLE_Scenario24; Voxel Model memory: 234552
[2025.05.08-11.35.48:363][129]LogVoxelMeshingProfiling: Display: Scenario name: UEDPIE_0_Map_RLE_Scenario24; Voxel Model memory: 234552
[2025.05.08-11.35.48:364][129]LogVoxelMeshingProfiling: Display: Scenario name: UEDPIE_0_Map_RLE_Scenario24; Voxel Model memory: 234552
[2025.05.08-11.35.48:366][129]LogVoxelMeshingProfiling: Display: Scenario name: UEDPIE_0_Map_RLE_Scenario24; Voxel Model memory: 234552
[2025.05.08-11.35.48:367][129]LogVoxelMeshingProfiling: Display: Scenario name: UEDPIE_0_Map_RLE_Scenario24; Voxel Model memory: 234552
[2025.05.08-11.35.48:367][129]LogVoxelMeshingProfiling: Display: Scenario name: UEDPIE_0_Map_RLE_Scenario24; Voxel Model memory: 234552
[2025.05.08-11.35.48:375][129]LogVoxelMeshingProfiling: Display: Scenario name: UEDPIE_0_Map_RLE_Scenario24; Voxel Model memory: 234552
[2025.05.08-11.35.48:375][129]LogVoxelMeshingProfiling: Display: Scenario name: UEDPIE_0_Map_RLE_Scenario24; Voxel Model memory: 234552
[2025.05.08-11.35.48:376][129]LogVoxelMeshingProfiling: Display: Scenario name: UEDPIE_0_Map_RLE_Scenario24; Voxel Model memory: 234552
[2025.05.08-11.35.48:377][129]LogVoxelMeshingProfiling: Display: Scenario name: UEDPIE_0_Map_RLE_Scenario24; Voxel Model memory: 234552
[2025.05.08-11.35.48:378][129]LogVoxelMeshingProfiling: Display: Scenario name: UEDPIE_0_Map_RLE_Scenario24; Voxel Model memory: 234552
[2025.05.08-11.35.48:379][129]LogVoxelMeshingProfiling: Display: Scenario name: UEDPIE_0_Map_RLE_Scenario24; Voxel Model memory: 234552
[2025.05.08-11.35.48:379][129]LogVoxelMeshingProfiling: Display: Scenario name: UEDPIE_0_Map_RLE_Scenario24; Voxel Model memory: 234552
[2025.05.08-11.35.48:385][129]LogVoxelMeshingProfiling: Display: Scenario name: UEDPIE_0_Map_RLE_Scenario24; Voxel Model memory: 234552
[2025.05.08-11.35.48:387][129]LogVoxelMeshingProfiling: Display: Scenario name: UEDPIE_0_Map_RLE_Scenario24; Voxel Model memory: 234552
[2025.05.08-11.35.48:388][129]LogVoxelMeshingProfiling: Display: Scenario name: UEDPIE_0_Map_RLE_Scenario24; Voxel Model memory: 234552
[2025.05.08-11.35.48:388][129]LogVoxelMeshingProfiling: Display: Scenario name: UEDPIE_0_Map_RLE_Scenario24; Voxel Model memory: 234552
[2025.05.08-11.35.48:389][129]LogVoxelMeshingProfiling: Display: Scenario name: UEDPIE_0_Map_RLE_Scenario24; Voxel Model memory: 234552
[2025.05.08-11.35.48:390][129]LogVoxelMeshingProfiling: Display: Scenario name: UEDPIE_0_Map_RLE_Scenario24; Voxel Model memory: 234552
[2025.05.08-11.35.48:429][130]LogVoxelMeshingProfiling: Display: Scenario name: UEDPIE_0_Map_RLE_Scenario24; Vertices: 196608
[2025.05.08-11.35.48:465][130]LogVoxelMeshingProfiling: Display: Scenario name: UEDPIE_0_Map_RLE_Scenario24; Vertices: 196608
[2025.05.08-11.35.48:506][131]LogVoxelMeshingProfiling: Display: Scenario name: UEDPIE_0_Map_RLE_Scenario24; Vertices: 196608
[2025.05.08-11.35.48:559][133]LogVoxelMeshingProfiling: Display: Scenario name: UEDPIE_0_Map_RLE_Scenario24; Vertices: 196608
[2025.05.08-11.35.48:632][137]LogVoxelMeshingProfiling: Display: Scenario name: UEDPIE_0_Map_RLE_Scenario24; Vertices: 196608
[2025.05.08-11.35.48:705][139]LogVoxelMeshingProfiling: Display: Scenario name: UEDPIE_0_Map_RLE_Scenario24; Vertices: 196608
[2025.05.08-11.35.48:755][140]LogVoxelMeshingProfiling: Display: Scenario name: UEDPIE_0_Map_RLE_Scenario24; Vertices: 196608
[2025.05.08-11.35.48:815][142]LogVoxelMeshingProfiling: Display: Scenario name: UEDPIE_0_Map_RLE_Scenario24; Vertices: 196608
[2025.05.08-11.35.48:879][144]LogVoxelMeshingProfiling: Display: Scenario name: UEDPIE_0_Map_RLE_Scenario24; Vertices: 196608
[2025.05.08-11.35.48:934][145]LogVoxelMeshingProfiling: Display: Scenario name: UEDPIE_0_Map_RLE_Scenario24; Vertices: 196608
[2025.05.08-11.35.48:996][147]LogVoxelMeshingProfiling: Display: Scenario name: UEDPIE_0_Map_RLE_Scenario24; Vertices: 196608
[2025.05.08-11.35.49:054][149]LogVoxelMeshingProfiling: Display: Scenario name: UEDPIE_0_Map_RLE_Scenario24; Vertices: 196608
[2025.05.08-11.35.49:109][151]LogVoxelMeshingProfiling: Display: Scenario name: UEDPIE_0_Map_RLE_Scenario24; Vertices: 196608
[2025.05.08-11.35.49:169][152]LogVoxelMeshingProfiling: Display: Scenario name: UEDPIE_0_Map_RLE_Scenario24; Vertices: 196608
[2025.05.08-11.35.49:241][155]LogVoxelMeshingProfiling: Display: Scenario name: UEDPIE_0_Map_RLE_Scenario24; Vertices: 196608
[2025.05.08-11.35.49:300][157]LogVoxelMeshingProfiling: Display: Scenario name: UEDPIE_0_Map_RLE_Scenario24; Vertices: 196608
[2025.05.08-11.35.49:368][160]LogVoxelMeshingProfiling: Display: Scenario name: UEDPIE_0_Map_RLE_Scenario24; Vertices: 196608
[2025.05.08-11.35.49:453][163]LogVoxelMeshingProfiling: Display: Scenario name: UEDPIE_0_Map_RLE_Scenario24; Vertices: 196608
[2025.05.08-11.35.49:518][166]LogVoxelMeshingProfiling: Display: Scenario name: UEDPIE_0_Map_RLE_Scenario24; Vertices: 196608
[2025.05.08-11.35.49:586][169]LogVoxelMeshingProfiling: Display: Scenario name: UEDPIE_0_Map_RLE_Scenario24; Vertices: 196608
[2025.05.08-11.35.49:646][171]LogVoxelMeshingProfiling: Display: Scenario name: UEDPIE_0_Map_RLE_Scenario24; Vertices: 196608
[2025.05.08-11.35.49:712][174]LogVoxelMeshingProfiling: Display: Scenario name: UEDPIE_0_Map_RLE_Scenario24; Vertices: 196608
[2025.05.08-11.35.49:770][175]LogVoxelMeshingProfiling: Display: Scenario name: UEDPIE_0_Map_RLE_Scenario24; Vertices: 196608
[2025.05.08-11.35.49:833][178]LogVoxelMeshingProfiling: Display: Scenario name: UEDPIE_0_Map_RLE_Scenario24; Vertices: 196608
[2025.05.08-11.35.49:890][180]LogVoxelMeshingProfiling: Display: Scenario name: UEDPIE_0_Map_RLE_Scenario24; Vertices: 196608
[2025.05.08-11.35.49:952][181]LogVoxelMeshingProfiling: Display: Scenario name: UEDPIE_0_Map_RLE_Scenario24; Vertices: 196608
[2025.05.08-11.35.50:009][183]LogVoxelMeshingProfiling: Display: Scenario name: UEDPIE_0_Map_RLE_Scenario24; Vertices: 196608
[2025.05.08-11.35.56:305][496]LogVoxelMeshingProfiling: Display: Scenario name: UEDPIE_0_Map_VoxelPlugin_Scenario24; Voxel Model memory: 262144
[2025.05.08-11.35.56:305][496]LogVoxelMeshingProfiling: Display: Scenario name: UEDPIE_0_Map_VoxelPlugin_Scenario24; OpaqueVoxelCount: 16384; TransparentVoxelCount: 16384
[2025.05.08-11.35.56:312][496]LogVoxelMeshingProfiling: Display: Scenario name: UEDPIE_0_Map_VoxelPlugin_Scenario24; Voxel Model memory: 262144
[2025.05.08-11.35.56:312][496]LogVoxelMeshingProfiling: Display: Scenario name: UEDPIE_0_Map_VoxelPlugin_Scenario24; OpaqueVoxelCount: 16384; TransparentVoxelCount: 16384
[2025.05.08-11.35.56:313][496]LogVoxelMeshingProfiling: Display: Scenario name: UEDPIE_0_Map_VoxelPlugin_Scenario24; Voxel Model memory: 262144
[2025.05.08-11.35.56:313][496]LogVoxelMeshingProfiling: Display: Scenario name: UEDPIE_0_Map_VoxelPlugin_Scenario24; OpaqueVoxelCount: 16384; TransparentVoxelCount: 16384
[2025.05.08-11.35.56:313][496]LogVoxelMeshingProfiling: Display: Scenario name: UEDPIE_0_Map_VoxelPlugin_Scenario24; Voxel Model memory: 262144
[2025.05.08-11.35.56:313][496]LogVoxelMeshingProfiling: Display: Scenario name: UEDPIE_0_Map_VoxelPlugin_Scenario24; OpaqueVoxelCount: 16384; TransparentVoxelCount: 16384
[2025.05.08-11.35.56:314][496]LogVoxelMeshingProfiling: Display: Scenario name: UEDPIE_0_Map_VoxelPlugin_Scenario24; Voxel Model memory: 262144
[2025.05.08-11.35.56:314][496]LogVoxelMeshingProfiling: Display: Scenario name: UEDPIE_0_Map_VoxelPlugin_Scenario24; OpaqueVoxelCount: 16384; TransparentVoxelCount: 16384
[2025.05.08-11.35.56:316][496]LogVoxelMeshingProfiling: Display: Scenario name: UEDPIE_0_Map_VoxelPlugin_Scenario24; Voxel Model memory: 262144
[2025.05.08-11.35.56:316][496]LogVoxelMeshingProfiling: Display: Scenario name: UEDPIE_0_Map_VoxelPlugin_Scenario24; OpaqueVoxelCount: 16384; TransparentVoxelCount: 16384
[2025.05.08-11.35.56:316][496]LogVoxelMeshingProfiling: Display: Scenario name: UEDPIE_0_Map_VoxelPlugin_Scenario24; Voxel Model memory: 262144
[2025.05.08-11.35.56:316][496]LogVoxelMeshingProfiling: Display: Scenario name: UEDPIE_0_Map_VoxelPlugin_Scenario24; OpaqueVoxelCount: 16384; TransparentVoxelCount: 16384
[2025.05.08-11.35.56:323][496]LogVoxelMeshingProfiling: Display: Scenario name: UEDPIE_0_Map_VoxelPlugin_Scenario24; Voxel Model memory: 262144
[2025.05.08-11.35.56:323][496]LogVoxelMeshingProfiling: Display: Scenario name: UEDPIE_0_Map_VoxelPlugin_Scenario24; OpaqueVoxelCount: 16384; TransparentVoxelCount: 16384
[2025.05.08-11.35.56:323][496]LogVoxelMeshingProfiling: Display: Scenario name: UEDPIE_0_Map_VoxelPlugin_Scenario24; Voxel Model memory: 262144
[2025.05.08-11.35.56:323][496]LogVoxelMeshingProfiling: Display: Scenario name: UEDPIE_0_Map_VoxelPlugin_Scenario24; OpaqueVoxelCount: 16384; TransparentVoxelCount: 16384
[2025.05.08-11.35.56:325][496]LogVoxelMeshingProfiling: Display: Scenario name: UEDPIE_0_Map_VoxelPlugin_Scenario24; Voxel Model memory: 262144
[2025.05.08-11.35.56:325][496]LogVoxelMeshingProfiling: Display: Scenario name: UEDPIE_0_Map_VoxelPlugin_Scenario24; OpaqueVoxelCount: 16384; TransparentVoxelCount: 16384
[2025.05.08-11.35.56:328][496]LogVoxelMeshingProfiling: Display: Scenario name: UEDPIE_0_Map_VoxelPlugin_Scenario24; Voxel Model memory: 262144
[2025.05.08-11.35.56:328][496]LogVoxelMeshingProfiling: Display: Scenario name: UEDPIE_0_Map_VoxelPlugin_Scenario24; OpaqueVoxelCount: 16384; TransparentVoxelCount: 16384
[2025.05.08-11.35.56:330][496]LogVoxelMeshingProfiling: Display: Scenario name: UEDPIE_0_Map_VoxelPlugin_Scenario24; Voxel Model memory: 262144
[2025.05.08-11.35.56:330][496]LogVoxelMeshingProfiling: Display: Scenario name: UEDPIE_0_Map_VoxelPlugin_Scenario24; OpaqueVoxelCount: 16384; TransparentVoxelCount: 16384
[2025.05.08-11.35.56:330][496]LogVoxelMeshingProfiling: Display: Scenario name: UEDPIE_0_Map_VoxelPlugin_Scenario24; Voxel Model memory: 262144
[2025.05.08-11.35.56:330][496]LogVoxelMeshingProfiling: Display: Scenario name: UEDPIE_0_Map_VoxelPlugin_Scenario24; OpaqueVoxelCount: 16384; TransparentVoxelCount: 16384
[2025.05.08-11.35.56:330][496]LogVoxelMeshingProfiling: Display: Scenario name: UEDPIE_0_Map_VoxelPlugin_Scenario24; Voxel Model memory: 262144
[2025.05.08-11.35.56:330][496]LogVoxelMeshingProfiling: Display: Scenario name: UEDPIE_0_Map_VoxelPlugin_Scenario24; OpaqueVoxelCount: 16384; TransparentVoxelCount: 16384
[2025.05.08-11.35.56:337][496]LogVoxelMeshingProfiling: Display: Scenario name: UEDPIE_0_Map_VoxelPlugin_Scenario24; Voxel Model memory: 262144
[2025.05.08-11.35.56:337][496]LogVoxelMeshingProfiling: Display: Scenario name: UEDPIE_0_Map_VoxelPlugin_Scenario24; OpaqueVoxelCount: 16384; TransparentVoxelCount: 16384
[2025.05.08-11.35.56:338][496]LogVoxelMeshingProfiling: Display: Scenario name: UEDPIE_0_Map_VoxelPlugin_Scenario24; Voxel Model memory: 262144
[2025.05.08-11.35.56:338][496]LogVoxelMeshingProfiling: Display: Scenario name: UEDPIE_0_Map_VoxelPlugin_Scenario24; OpaqueVoxelCount: 16384; TransparentVoxelCount: 16384
[2025.05.08-11.35.56:339][496]LogVoxelMeshingProfiling: Display: Scenario name: UEDPIE_0_Map_VoxelPlugin_Scenario24; Voxel Model memory: 262144
[2025.05.08-11.35.56:339][496]LogVoxelMeshingProfiling: Display: Scenario name: UEDPIE_0_Map_VoxelPlugin_Scenario24; OpaqueVoxelCount: 16384; TransparentVoxelCount: 16384
[2025.05.08-11.35.56:340][496]LogVoxelMeshingProfiling: Display: Scenario name: UEDPIE_0_Map_VoxelPlugin_Scenario24; Voxel Model memory: 262144
[2025.05.08-11.35.56:340][496]LogVoxelMeshingProfiling: Display: Scenario name: UEDPIE_0_Map_VoxelPlugin_Scenario24; OpaqueVoxelCount: 16384; TransparentVoxelCount: 16384
[2025.05.08-11.35.56:343][496]LogVoxelMeshingProfiling: Display: Scenario name: UEDPIE_0_Map_VoxelPlugin_Scenario24; Voxel Model memory: 262144
[2025.05.08-11.35.56:343][496]LogVoxelMeshingProfiling: Display: Scenario name: UEDPIE_0_Map_VoxelPlugin_Scenario24; OpaqueVoxelCount: 16384; TransparentVoxelCount: 16384
[2025.05.08-11.35.56:343][496]LogVoxelMeshingProfiling: Display: Scenario name: UEDPIE_0_Map_VoxelPlugin_Scenario24; Voxel Model memory: 262144
[2025.05.08-11.35.56:343][496]LogVoxelMeshingProfiling: Display: Scenario name: UEDPIE_0_Map_VoxelPlugin_Scenario24; OpaqueVoxelCount: 16384; TransparentVoxelCount: 16384
[2025.05.08-11.35.56:343][496]LogVoxelMeshingProfiling: Display: Scenario name: UEDPIE_0_Map_VoxelPlugin_Scenario24; Voxel Model memory: 262144
[2025.05.08-11.35.56:343][496]LogVoxelMeshingProfiling: Display: Scenario name: UEDPIE_0_Map_VoxelPlugin_Scenario24; OpaqueVoxelCount: 16384; TransparentVoxelCount: 16384
[2025.05.08-11.35.56:350][496]LogVoxelMeshingProfiling: Display: Scenario name: UEDPIE_0_Map_VoxelPlugin_Scenario24; Voxel Model memory: 262144
[2025.05.08-11.35.56:350][496]LogVoxelMeshingProfiling: Display: Scenario name: UEDPIE_0_Map_VoxelPlugin_Scenario24; OpaqueVoxelCount: 16384; TransparentVoxelCount: 16384
[2025.05.08-11.35.56:351][496]LogVoxelMeshingProfiling: Display: Scenario name: UEDPIE_0_Map_VoxelPlugin_Scenario24; Voxel Model memory: 262144
[2025.05.08-11.35.56:351][496]LogVoxelMeshingProfiling: Display: Scenario name: UEDPIE_0_Map_VoxelPlugin_Scenario24; OpaqueVoxelCount: 16384; TransparentVoxelCount: 16384
[2025.05.08-11.35.56:352][496]LogVoxelMeshingProfiling: Display: Scenario name: UEDPIE_0_Map_VoxelPlugin_Scenario24; Voxel Model memory: 262144
[2025.05.08-11.35.56:352][496]LogVoxelMeshingProfiling: Display: Scenario name: UEDPIE_0_Map_VoxelPlugin_Scenario24; OpaqueVoxelCount: 16384; TransparentVoxelCount: 16384
[2025.05.08-11.35.56:352][496]LogVoxelMeshingProfiling: Display: Scenario name: UEDPIE_0_Map_VoxelPlugin_Scenario24; Voxel Model memory: 262144
[2025.05.08-11.35.56:352][496]LogVoxelMeshingProfiling: Display: Scenario name: UEDPIE_0_Map_VoxelPlugin_Scenario24; OpaqueVoxelCount: 16384; TransparentVoxelCount: 16384
[2025.05.08-11.35.56:353][496]LogVoxelMeshingProfiling: Display: Scenario name: UEDPIE_0_Map_VoxelPlugin_Scenario24; Voxel Model memory: 262144
[2025.05.08-11.35.56:353][496]LogVoxelMeshingProfiling: Display: Scenario name: UEDPIE_0_Map_VoxelPlugin_Scenario24; OpaqueVoxelCount: 16384; TransparentVoxelCount: 16384
[2025.05.08-11.35.56:354][496]LogVoxelMeshingProfiling: Display: Scenario name: UEDPIE_0_Map_VoxelPlugin_Scenario24; Voxel Model memory: 262144
[2025.05.08-11.35.56:354][496]LogVoxelMeshingProfiling: Display: Scenario name: UEDPIE_0_Map_VoxelPlugin_Scenario24; OpaqueVoxelCount: 16384; TransparentVoxelCount: 16384
[2025.05.08-11.35.56:424][497]LogVoxelMeshingProfiling: Display: Scenario name: Map_VoxelPlugin_Scenario24; Vertices: 67584
[2025.05.08-11.35.56:424][497]LogVoxelMeshingProfiling: Display: Scenario name: Map_VoxelPlugin_Scenario24; Vertices: 69632
[2025.05.08-11.35.56:449][497]LogVoxelMeshingProfiling: Display: Scenario name: Map_VoxelPlugin_Scenario24; Vertices: 67584
[2025.05.08-11.35.56:451][497]LogVoxelMeshingProfiling: Display: Scenario name: Map_VoxelPlugin_Scenario24; Vertices: 69632
[2025.05.08-11.35.56:478][497]LogVoxelMeshingProfiling: Display: Scenario name: Map_VoxelPlugin_Scenario24; Vertices: 69632
[2025.05.08-11.35.56:484][497]LogVoxelMeshingProfiling: Display: Scenario name: Map_VoxelPlugin_Scenario24; Vertices: 67584
[2025.05.08-11.35.56:508][498]LogVoxelMeshingProfiling: Display: Scenario name: Map_VoxelPlugin_Scenario24; Vertices: 69632
[2025.05.08-11.35.56:547][501]LogVoxelMeshingProfiling: Display: Scenario name: Map_VoxelPlugin_Scenario24; Vertices: 69632
[2025.05.08-11.35.56:795][512]LogVoxelMeshingProfiling: Display: Scenario name: Map_VoxelPlugin_Scenario24; Vertices: 69632
[2025.05.08-11.35.56:804][512]LogVoxelMeshingProfiling: Display: Scenario name: Map_VoxelPlugin_Scenario24; Vertices: 67584
[2025.05.08-11.35.56:838][514]LogVoxelMeshingProfiling: Display: Scenario name: Map_VoxelPlugin_Scenario24; Vertices: 65536
[2025.05.08-11.35.56:868][517]LogVoxelMeshingProfiling: Display: Scenario name: Map_VoxelPlugin_Scenario24; Vertices: 65536
[2025.05.08-11.35.56:885][518]LogVoxelMeshingProfiling: Display: Scenario name: Map_VoxelPlugin_Scenario24; Vertices: 67584
[2025.05.08-11.35.56:919][520]LogVoxelMeshingProfiling: Display: Scenario name: Map_VoxelPlugin_Scenario24; Vertices: 67584
[2025.05.08-11.35.56:922][520]LogVoxelMeshingProfiling: Display: Scenario name: Map_VoxelPlugin_Scenario24; Vertices: 65536
[2025.05.08-11.35.57:001][525]LogVoxelMeshingProfiling: Display: Scenario name: Map_VoxelPlugin_Scenario24; Vertices: 67584
[2025.05.08-11.35.57:010][525]LogVoxelMeshingProfiling: Display: Scenario name: Map_VoxelPlugin_Scenario24; Vertices: 67584
[2025.05.08-11.35.57:042][527]LogVoxelMeshingProfiling: Display: Scenario name: Map_VoxelPlugin_Scenario24; Vertices: 67584
[2025.05.08-11.35.57:149][534]LogVoxelMeshingProfiling: Display: Scenario name: Map_VoxelPlugin_Scenario24; Vertices: 69632
[2025.05.08-11.35.57:154][534]LogVoxelMeshingProfiling: Display: Scenario name: Map_VoxelPlugin_Scenario24; Vertices: 67584
[2025.05.08-11.35.57:185][536]LogVoxelMeshingProfiling: Display: Scenario name: Map_VoxelPlugin_Scenario24; Vertices: 69632
[2025.05.08-11.35.57:187][536]LogVoxelMeshingProfiling: Display: Scenario name: Map_VoxelPlugin_Scenario24; Vertices: 67584
[2025.05.08-11.35.57:229][538]LogVoxelMeshingProfiling: Display: Scenario name: Map_VoxelPlugin_Scenario24; Vertices: 67584
[2025.05.08-11.35.57:281][542]LogVoxelMeshingProfiling: Display: Scenario name: Map_VoxelPlugin_Scenario24; Vertices: 69632
[2025.05.08-11.35.57:320][544]LogVoxelMeshingProfiling: Display: Scenario name: Map_VoxelPlugin_Scenario24; Vertices: 69632
[2025.05.08-11.35.57:323][544]LogVoxelMeshingProfiling: Display: Scenario name: Map_VoxelPlugin_Scenario24; Vertices: 69632
[2025.05.08-11.35.57:353][546]LogVoxelMeshingProfiling: Display: Scenario name: Map_VoxelPlugin_Scenario24; Vertices: 69632
