[2025.05.08-12.16.50:999][961]LogVoxelMeshingProfiling: Display: Scenario name: UEDPIE_0_Map_Grid_Scenario25; Voxel Model memory: 262144
[2025.05.08-12.16.50:999][961]LogVoxelMeshingProfiling: Display: Scenario name: UEDPIE_0_Map_Grid_Scenario25; OpaqueVoxelCount: 16384; TransparentVoxelCount: 16384
[2025.05.08-12.16.51:007][961]LogVoxelMeshingProfiling: Display: Scenario name: UEDPIE_0_Map_Grid_Scenario25; Voxel Model memory: 262144
[2025.05.08-12.16.51:007][961]LogVoxelMeshingProfiling: Display: Scenario name: UEDPIE_0_Map_Grid_Scenario25; OpaqueVoxelCount: 16384; TransparentVoxelCount: 16384
[2025.05.08-12.16.51:007][961]LogVoxelMeshingProfiling: Display: Scenario name: UEDPIE_0_Map_Grid_Scenario25; Voxel Model memory: 262144
[2025.05.08-12.16.51:007][961]LogVoxelMeshingProfiling: Display: Scenario name: UEDPIE_0_Map_Grid_Scenario25; OpaqueVoxelCount: 16384; TransparentVoxelCount: 16384
[2025.05.08-12.16.51:007][961]LogVoxelMeshingProfiling: Display: Scenario name: UEDPIE_0_Map_Grid_Scenario25; Voxel Model memory: 262144
[2025.05.08-12.16.51:007][961]LogVoxelMeshingProfiling: Display: Scenario name: UEDPIE_0_Map_Grid_Scenario25; OpaqueVoxelCount: 16384; TransparentVoxelCount: 16384
[2025.05.08-12.16.51:007][961]LogVoxelMeshingProfiling: Display: Scenario name: UEDPIE_0_Map_Grid_Scenario25; Voxel Model memory: 262144
[2025.05.08-12.16.51:007][961]LogVoxelMeshingProfiling: Display: Scenario name: UEDPIE_0_Map_Grid_Scenario25; OpaqueVoxelCount: 16384; TransparentVoxelCount: 16384
[2025.05.08-12.16.51:009][961]LogVoxelMeshingProfiling: Display: Scenario name: UEDPIE_0_Map_Grid_Scenario25; Voxel Model memory: 262144
[2025.05.08-12.16.51:009][961]LogVoxelMeshingProfiling: Display: Scenario name: UEDPIE_0_Map_Grid_Scenario25; OpaqueVoxelCount: 16384; TransparentVoxelCount: 16384
[2025.05.08-12.16.51:009][961]LogVoxelMeshingProfiling: Display: Scenario name: UEDPIE_0_Map_Grid_Scenario25; Voxel Model memory: 262144
[2025.05.08-12.16.51:009][961]LogVoxelMeshingProfiling: Display: Scenario name: UEDPIE_0_Map_Grid_Scenario25; OpaqueVoxelCount: 16384; TransparentVoxelCount: 16384
[2025.05.08-12.16.51:018][961]LogVoxelMeshingProfiling: Display: Scenario name: UEDPIE_0_Map_Grid_Scenario25; Voxel Model memory: 262144
[2025.05.08-12.16.51:018][961]LogVoxelMeshingProfiling: Display: Scenario name: UEDPIE_0_Map_Grid_Scenario25; OpaqueVoxelCount: 16384; TransparentVoxelCount: 16384
[2025.05.08-12.16.51:018][961]LogVoxelMeshingProfiling: Display: Scenario name: UEDPIE_0_Map_Grid_Scenario25; Voxel Model memory: 262144
[2025.05.08-12.16.51:018][961]LogVoxelMeshingProfiling: Display: Scenario name: UEDPIE_0_Map_Grid_Scenario25; OpaqueVoxelCount: 16384; TransparentVoxelCount: 16384
[2025.05.08-12.16.51:018][961]LogVoxelMeshingProfiling: Display: Scenario name: UEDPIE_0_Map_Grid_Scenario25; Voxel Model memory: 262144
[2025.05.08-12.16.51:018][961]LogVoxelMeshingProfiling: Display: Scenario name: UEDPIE_0_Map_Grid_Scenario25; OpaqueVoxelCount: 16384; TransparentVoxelCount: 16384
[2025.05.08-12.16.51:018][961]LogVoxelMeshingProfiling: Display: Scenario name: UEDPIE_0_Map_Grid_Scenario25; Voxel Model memory: 262144
[2025.05.08-12.16.51:018][961]LogVoxelMeshingProfiling: Display: Scenario name: UEDPIE_0_Map_Grid_Scenario25; OpaqueVoxelCount: 16384; TransparentVoxelCount: 16384
[2025.05.08-12.16.51:020][961]LogVoxelMeshingProfiling: Display: Scenario name: UEDPIE_0_Map_Grid_Scenario25; Voxel Model memory: 262144
[2025.05.08-12.16.51:020][961]LogVoxelMeshingProfiling: Display: Scenario name: UEDPIE_0_Map_Grid_Scenario25; OpaqueVoxelCount: 16384; TransparentVoxelCount: 16384
[2025.05.08-12.16.51:020][961]LogVoxelMeshingProfiling: Display: Scenario name: UEDPIE_0_Map_Grid_Scenario25; Voxel Model memory: 262144
[2025.05.08-12.16.51:020][961]LogVoxelMeshingProfiling: Display: Scenario name: UEDPIE_0_Map_Grid_Scenario25; OpaqueVoxelCount: 16384; TransparentVoxelCount: 16384
[2025.05.08-12.16.51:021][961]LogVoxelMeshingProfiling: Display: Scenario name: UEDPIE_0_Map_Grid_Scenario25; Voxel Model memory: 262144
[2025.05.08-12.16.51:021][961]LogVoxelMeshingProfiling: Display: Scenario name: UEDPIE_0_Map_Grid_Scenario25; OpaqueVoxelCount: 16384; TransparentVoxelCount: 16384
[2025.05.08-12.16.51:028][961]LogVoxelMeshingProfiling: Display: Scenario name: UEDPIE_0_Map_Grid_Scenario25; Voxel Model memory: 262144
[2025.05.08-12.16.51:028][961]LogVoxelMeshingProfiling: Display: Scenario name: UEDPIE_0_Map_Grid_Scenario25; OpaqueVoxelCount: 16384; TransparentVoxelCount: 16384
[2025.05.08-12.16.51:029][961]LogVoxelMeshingProfiling: Display: Scenario name: UEDPIE_0_Map_Grid_Scenario25; Voxel Model memory: 262144
[2025.05.08-12.16.51:029][961]LogVoxelMeshingProfiling: Display: Scenario name: UEDPIE_0_Map_Grid_Scenario25; OpaqueVoxelCount: 16384; TransparentVoxelCount: 16384
[2025.05.08-12.16.51:029][961]LogVoxelMeshingProfiling: Display: Scenario name: UEDPIE_0_Map_Grid_Scenario25; Voxel Model memory: 262144
[2025.05.08-12.16.51:029][961]LogVoxelMeshingProfiling: Display: Scenario name: UEDPIE_0_Map_Grid_Scenario25; OpaqueVoxelCount: 16384; TransparentVoxelCount: 16384
[2025.05.08-12.16.51:029][961]LogVoxelMeshingProfiling: Display: Scenario name: UEDPIE_0_Map_Grid_Scenario25; Voxel Model memory: 262144
[2025.05.08-12.16.51:029][961]LogVoxelMeshingProfiling: Display: Scenario name: UEDPIE_0_Map_Grid_Scenario25; OpaqueVoxelCount: 16384; TransparentVoxelCount: 16384
[2025.05.08-12.16.51:031][961]LogVoxelMeshingProfiling: Display: Scenario name: UEDPIE_0_Map_Grid_Scenario25; Voxel Model memory: 262144
[2025.05.08-12.16.51:031][961]LogVoxelMeshingProfiling: Display: Scenario name: UEDPIE_0_Map_Grid_Scenario25; OpaqueVoxelCount: 16384; TransparentVoxelCount: 16384
[2025.05.08-12.16.51:031][961]LogVoxelMeshingProfiling: Display: Scenario name: UEDPIE_0_Map_Grid_Scenario25; Voxel Model memory: 262144
[2025.05.08-12.16.51:031][961]LogVoxelMeshingProfiling: Display: Scenario name: UEDPIE_0_Map_Grid_Scenario25; OpaqueVoxelCount: 16384; TransparentVoxelCount: 16384
[2025.05.08-12.16.51:032][961]LogVoxelMeshingProfiling: Display: Scenario name: UEDPIE_0_Map_Grid_Scenario25; Voxel Model memory: 262144
[2025.05.08-12.16.51:032][961]LogVoxelMeshingProfiling: Display: Scenario name: UEDPIE_0_Map_Grid_Scenario25; OpaqueVoxelCount: 16384; TransparentVoxelCount: 16384
[2025.05.08-12.16.51:037][961]LogVoxelMeshingProfiling: Display: Scenario name: UEDPIE_0_Map_Grid_Scenario25; Voxel Model memory: 262144
[2025.05.08-12.16.51:037][961]LogVoxelMeshingProfiling: Display: Scenario name: UEDPIE_0_Map_Grid_Scenario25; OpaqueVoxelCount: 16384; TransparentVoxelCount: 16384
[2025.05.08-12.16.51:038][961]LogVoxelMeshingProfiling: Display: Scenario name: UEDPIE_0_Map_Grid_Scenario25; Voxel Model memory: 262144
[2025.05.08-12.16.51:038][961]LogVoxelMeshingProfiling: Display: Scenario name: UEDPIE_0_Map_Grid_Scenario25; OpaqueVoxelCount: 16384; TransparentVoxelCount: 16384
[2025.05.08-12.16.51:038][961]LogVoxelMeshingProfiling: Display: Scenario name: UEDPIE_0_Map_Grid_Scenario25; Voxel Model memory: 262144
[2025.05.08-12.16.51:038][961]LogVoxelMeshingProfiling: Display: Scenario name: UEDPIE_0_Map_Grid_Scenario25; OpaqueVoxelCount: 16384; TransparentVoxelCount: 16384
[2025.05.08-12.16.51:040][961]LogVoxelMeshingProfiling: Display: Scenario name: UEDPIE_0_Map_Grid_Scenario25; Voxel Model memory: 262144
[2025.05.08-12.16.51:040][961]LogVoxelMeshingProfiling: Display: Scenario name: UEDPIE_0_Map_Grid_Scenario25; OpaqueVoxelCount: 16384; TransparentVoxelCount: 16384
[2025.05.08-12.16.51:041][961]LogVoxelMeshingProfiling: Display: Scenario name: UEDPIE_0_Map_Grid_Scenario25; Voxel Model memory: 262144
[2025.05.08-12.16.51:041][961]LogVoxelMeshingProfiling: Display: Scenario name: UEDPIE_0_Map_Grid_Scenario25; OpaqueVoxelCount: 16384; TransparentVoxelCount: 16384
[2025.05.08-12.16.51:041][961]LogVoxelMeshingProfiling: Display: Scenario name: UEDPIE_0_Map_Grid_Scenario25; Voxel Model memory: 262144
[2025.05.08-12.16.51:041][961]LogVoxelMeshingProfiling: Display: Scenario name: UEDPIE_0_Map_Grid_Scenario25; OpaqueVoxelCount: 16384; TransparentVoxelCount: 16384
[2025.05.08-12.16.51:044][961]LogVoxelMeshingProfiling: Display: Scenario name: UEDPIE_0_Map_Grid_Scenario25; Vertices: 32
[2025.05.08-12.16.51:047][961]LogVoxelMeshingProfiling: Display: Scenario name: UEDPIE_0_Map_Grid_Scenario25; Vertices: 48
[2025.05.08-12.16.51:052][961]LogVoxelMeshingProfiling: Display: Scenario name: UEDPIE_0_Map_Grid_Scenario25; Vertices: 32
[2025.05.08-12.16.51:056][961]LogVoxelMeshingProfiling: Display: Scenario name: UEDPIE_0_Map_Grid_Scenario25; Vertices: 32
[2025.05.08-12.16.51:060][961]LogVoxelMeshingProfiling: Display: Scenario name: UEDPIE_0_Map_Grid_Scenario25; Vertices: 48
[2025.05.08-12.16.51:063][961]LogVoxelMeshingProfiling: Display: Scenario name: UEDPIE_0_Map_Grid_Scenario25; Vertices: 48
[2025.05.08-12.16.51:066][961]LogVoxelMeshingProfiling: Display: Scenario name: UEDPIE_0_Map_Grid_Scenario25; Vertices: 48
[2025.05.08-12.16.51:069][961]LogVoxelMeshingProfiling: Display: Scenario name: UEDPIE_0_Map_Grid_Scenario25; Vertices: 48
[2025.05.08-12.16.51:072][961]LogVoxelMeshingProfiling: Display: Scenario name: UEDPIE_0_Map_Grid_Scenario25; Vertices: 48
[2025.05.08-12.16.51:076][961]LogVoxelMeshingProfiling: Display: Scenario name: UEDPIE_0_Map_Grid_Scenario25; Vertices: 64
[2025.05.08-12.16.51:080][962]LogVoxelMeshingProfiling: Display: Scenario name: UEDPIE_0_Map_Grid_Scenario25; Vertices: 64
[2025.05.08-12.16.51:084][962]LogVoxelMeshingProfiling: Display: Scenario name: UEDPIE_0_Map_Grid_Scenario25; Vertices: 48
[2025.05.08-12.16.51:088][962]LogVoxelMeshingProfiling: Display: Scenario name: UEDPIE_0_Map_Grid_Scenario25; Vertices: 48
[2025.05.08-12.16.51:090][962]LogVoxelMeshingProfiling: Display: Scenario name: UEDPIE_0_Map_Grid_Scenario25; Vertices: 48
[2025.05.08-12.16.51:094][962]LogVoxelMeshingProfiling: Display: Scenario name: UEDPIE_0_Map_Grid_Scenario25; Vertices: 48
[2025.05.08-12.16.51:098][962]LogVoxelMeshingProfiling: Display: Scenario name: UEDPIE_0_Map_Grid_Scenario25; Vertices: 48
[2025.05.08-12.16.51:100][962]LogVoxelMeshingProfiling: Display: Scenario name: UEDPIE_0_Map_Grid_Scenario25; Vertices: 48
[2025.05.08-12.16.51:103][962]LogVoxelMeshingProfiling: Display: Scenario name: UEDPIE_0_Map_Grid_Scenario25; Vertices: 64
[2025.05.08-12.16.51:106][962]LogVoxelMeshingProfiling: Display: Scenario name: UEDPIE_0_Map_Grid_Scenario25; Vertices: 64
[2025.05.08-12.16.51:109][962]LogVoxelMeshingProfiling: Display: Scenario name: UEDPIE_0_Map_Grid_Scenario25; Vertices: 64
[2025.05.08-12.16.51:112][962]LogVoxelMeshingProfiling: Display: Scenario name: UEDPIE_0_Map_Grid_Scenario25; Vertices: 64
[2025.05.08-12.16.51:115][962]LogVoxelMeshingProfiling: Display: Scenario name: UEDPIE_0_Map_Grid_Scenario25; Vertices: 64
[2025.05.08-12.16.51:118][962]LogVoxelMeshingProfiling: Display: Scenario name: UEDPIE_0_Map_Grid_Scenario25; Vertices: 64
[2025.05.08-12.16.51:121][962]LogVoxelMeshingProfiling: Display: Scenario name: UEDPIE_0_Map_Grid_Scenario25; Vertices: 64
[2025.05.08-12.16.51:123][962]LogVoxelMeshingProfiling: Display: Scenario name: UEDPIE_0_Map_Grid_Scenario25; Vertices: 64
[2025.05.08-12.16.51:126][962]LogVoxelMeshingProfiling: Display: Scenario name: UEDPIE_0_Map_Grid_Scenario25; Vertices: 64
[2025.05.08-12.16.51:130][962]LogVoxelMeshingProfiling: Display: Scenario name: UEDPIE_0_Map_Grid_Scenario25; Vertices: 64
[2025.05.08-12.16.57:045][353]LogVoxelMeshingProfiling: Display: Scenario name: UEDPIE_0_Map_RLE_Scenario25; Voxel Model memory: 123804
[2025.05.08-12.16.57:052][353]LogVoxelMeshingProfiling: Display: Scenario name: UEDPIE_0_Map_RLE_Scenario25; Voxel Model memory: 123804
[2025.05.08-12.16.57:052][353]LogVoxelMeshingProfiling: Display: Scenario name: UEDPIE_0_Map_RLE_Scenario25; Voxel Model memory: 123804
[2025.05.08-12.16.57:057][353]LogVoxelMeshingProfiling: Display: Scenario name: UEDPIE_0_Map_RLE_Scenario25; Voxel Model memory: 123804
[2025.05.08-12.16.57:057][353]LogVoxelMeshingProfiling: Display: Scenario name: UEDPIE_0_Map_RLE_Scenario25; Voxel Model memory: 123804
[2025.05.08-12.16.57:057][353]LogVoxelMeshingProfiling: Display: Scenario name: UEDPIE_0_Map_RLE_Scenario25; Voxel Model memory: 123804
[2025.05.08-12.16.57:057][353]LogVoxelMeshingProfiling: Display: Scenario name: UEDPIE_0_Map_RLE_Scenario25; Voxel Model memory: 123804
[2025.05.08-12.16.57:065][353]LogVoxelMeshingProfiling: Display: Scenario name: UEDPIE_0_Map_RLE_Scenario25; Voxel Model memory: 123804
[2025.05.08-12.16.57:065][353]LogVoxelMeshingProfiling: Display: Scenario name: UEDPIE_0_Map_RLE_Scenario25; Voxel Model memory: 123804
[2025.05.08-12.16.57:065][353]LogVoxelMeshingProfiling: Display: Scenario name: UEDPIE_0_Map_RLE_Scenario25; Voxel Model memory: 123804
[2025.05.08-12.16.57:066][353]LogVoxelMeshingProfiling: Display: Scenario name: UEDPIE_0_Map_RLE_Scenario25; Voxel Model memory: 123804
[2025.05.08-12.16.57:070][353]LogVoxelMeshingProfiling: Display: Scenario name: UEDPIE_0_Map_RLE_Scenario25; Voxel Model memory: 123804
[2025.05.08-12.16.57:070][353]LogVoxelMeshingProfiling: Display: Scenario name: UEDPIE_0_Map_RLE_Scenario25; Voxel Model memory: 123804
[2025.05.08-12.16.57:070][353]LogVoxelMeshingProfiling: Display: Scenario name: UEDPIE_0_Map_RLE_Scenario25; Voxel Model memory: 123804
[2025.05.08-12.16.57:077][353]LogVoxelMeshingProfiling: Display: Scenario name: UEDPIE_0_Map_RLE_Scenario25; Voxel Model memory: 123804
[2025.05.08-12.16.57:077][353]LogVoxelMeshingProfiling: Display: Scenario name: UEDPIE_0_Map_RLE_Scenario25; Voxel Model memory: 123804
[2025.05.08-12.16.57:077][353]LogVoxelMeshingProfiling: Display: Scenario name: UEDPIE_0_Map_RLE_Scenario25; Voxel Model memory: 123804
[2025.05.08-12.16.57:078][353]LogVoxelMeshingProfiling: Display: Scenario name: UEDPIE_0_Map_RLE_Scenario25; Voxel Model memory: 123804
[2025.05.08-12.16.57:081][353]LogVoxelMeshingProfiling: Display: Scenario name: UEDPIE_0_Map_RLE_Scenario25; Voxel Model memory: 123804
[2025.05.08-12.16.57:081][353]LogVoxelMeshingProfiling: Display: Scenario name: UEDPIE_0_Map_RLE_Scenario25; Voxel Model memory: 123804
[2025.05.08-12.16.57:082][353]LogVoxelMeshingProfiling: Display: Scenario name: UEDPIE_0_Map_RLE_Scenario25; Voxel Model memory: 123804
[2025.05.08-12.16.57:085][353]LogVoxelMeshingProfiling: Display: Scenario name: UEDPIE_0_Map_RLE_Scenario25; Voxel Model memory: 123804
[2025.05.08-12.16.57:087][353]LogVoxelMeshingProfiling: Display: Scenario name: UEDPIE_0_Map_RLE_Scenario25; Voxel Model memory: 123804
[2025.05.08-12.16.57:090][353]LogVoxelMeshingProfiling: Display: Scenario name: UEDPIE_0_Map_RLE_Scenario25; Voxel Model memory: 123804
[2025.05.08-12.16.57:090][353]LogVoxelMeshingProfiling: Display: Scenario name: UEDPIE_0_Map_RLE_Scenario25; Voxel Model memory: 123804
[2025.05.08-12.16.57:090][353]LogVoxelMeshingProfiling: Display: Scenario name: UEDPIE_0_Map_RLE_Scenario25; Voxel Model memory: 123804
[2025.05.08-12.16.57:092][353]LogVoxelMeshingProfiling: Display: Scenario name: UEDPIE_0_Map_RLE_Scenario25; Voxel Model memory: 123804
[2025.05.08-12.16.57:120][354]LogVoxelMeshingProfiling: Display: Scenario name: UEDPIE_0_Map_RLE_Scenario25; Vertices: 98304
[2025.05.08-12.16.57:144][354]LogVoxelMeshingProfiling: Display: Scenario name: UEDPIE_0_Map_RLE_Scenario25; Vertices: 98304
[2025.05.08-12.16.57:165][354]LogVoxelMeshingProfiling: Display: Scenario name: UEDPIE_0_Map_RLE_Scenario25; Vertices: 98304
[2025.05.08-12.16.57:183][354]LogVoxelMeshingProfiling: Display: Scenario name: UEDPIE_0_Map_RLE_Scenario25; Vertices: 98304
[2025.05.08-12.16.57:201][355]LogVoxelMeshingProfiling: Display: Scenario name: UEDPIE_0_Map_RLE_Scenario25; Vertices: 98304
[2025.05.08-12.16.57:224][355]LogVoxelMeshingProfiling: Display: Scenario name: UEDPIE_0_Map_RLE_Scenario25; Vertices: 98304
[2025.05.08-12.16.57:258][356]LogVoxelMeshingProfiling: Display: Scenario name: UEDPIE_0_Map_RLE_Scenario25; Vertices: 98304
[2025.05.08-12.16.57:286][356]LogVoxelMeshingProfiling: Display: Scenario name: UEDPIE_0_Map_RLE_Scenario25; Vertices: 98304
[2025.05.08-12.16.57:322][356]LogVoxelMeshingProfiling: Display: Scenario name: UEDPIE_0_Map_RLE_Scenario25; Vertices: 98304
[2025.05.08-12.16.57:339][356]LogVoxelMeshingProfiling: Display: Scenario name: UEDPIE_0_Map_RLE_Scenario25; Vertices: 98304
[2025.05.08-12.16.57:367][357]LogVoxelMeshingProfiling: Display: Scenario name: UEDPIE_0_Map_RLE_Scenario25; Vertices: 98304
[2025.05.08-12.16.57:392][358]LogVoxelMeshingProfiling: Display: Scenario name: UEDPIE_0_Map_RLE_Scenario25; Vertices: 98304
[2025.05.08-12.16.57:423][359]LogVoxelMeshingProfiling: Display: Scenario name: UEDPIE_0_Map_RLE_Scenario25; Vertices: 98304
[2025.05.08-12.16.57:459][359]LogVoxelMeshingProfiling: Display: Scenario name: UEDPIE_0_Map_RLE_Scenario25; Vertices: 98304
[2025.05.08-12.16.57:485][359]LogVoxelMeshingProfiling: Display: Scenario name: UEDPIE_0_Map_RLE_Scenario25; Vertices: 98304
[2025.05.08-12.16.57:513][360]LogVoxelMeshingProfiling: Display: Scenario name: UEDPIE_0_Map_RLE_Scenario25; Vertices: 98304
[2025.05.08-12.16.57:542][361]LogVoxelMeshingProfiling: Display: Scenario name: UEDPIE_0_Map_RLE_Scenario25; Vertices: 98304
[2025.05.08-12.16.57:572][361]LogVoxelMeshingProfiling: Display: Scenario name: UEDPIE_0_Map_RLE_Scenario25; Vertices: 98304
[2025.05.08-12.16.57:613][362]LogVoxelMeshingProfiling: Display: Scenario name: UEDPIE_0_Map_RLE_Scenario25; Vertices: 98304
[2025.05.08-12.16.57:636][363]LogVoxelMeshingProfiling: Display: Scenario name: UEDPIE_0_Map_RLE_Scenario25; Vertices: 98304
[2025.05.08-12.16.57:664][363]LogVoxelMeshingProfiling: Display: Scenario name: UEDPIE_0_Map_RLE_Scenario25; Vertices: 98304
[2025.05.08-12.16.57:694][364]LogVoxelMeshingProfiling: Display: Scenario name: UEDPIE_0_Map_RLE_Scenario25; Vertices: 98304
[2025.05.08-12.16.57:719][365]LogVoxelMeshingProfiling: Display: Scenario name: UEDPIE_0_Map_RLE_Scenario25; Vertices: 98304
[2025.05.08-12.16.57:750][366]LogVoxelMeshingProfiling: Display: Scenario name: UEDPIE_0_Map_RLE_Scenario25; Vertices: 98304
[2025.05.08-12.16.57:779][367]LogVoxelMeshingProfiling: Display: Scenario name: UEDPIE_0_Map_RLE_Scenario25; Vertices: 98304
[2025.05.08-12.16.57:811][368]LogVoxelMeshingProfiling: Display: Scenario name: UEDPIE_0_Map_RLE_Scenario25; Vertices: 98304
[2025.05.08-12.16.57:840][369]LogVoxelMeshingProfiling: Display: Scenario name: UEDPIE_0_Map_RLE_Scenario25; Vertices: 98304
[2025.05.08-12.17.10:033][  9]LogVoxelMeshingProfiling: Display: Scenario name: UEDPIE_0_Map_VoxelPlugin_Scenario25; Voxel Model memory: 262144
[2025.05.08-12.17.10:033][  9]LogVoxelMeshingProfiling: Display: Scenario name: UEDPIE_0_Map_VoxelPlugin_Scenario25; OpaqueVoxelCount: 16384; TransparentVoxelCount: 16384
[2025.05.08-12.17.10:041][  9]LogVoxelMeshingProfiling: Display: Scenario name: UEDPIE_0_Map_VoxelPlugin_Scenario25; Voxel Model memory: 262144
[2025.05.08-12.17.10:042][  9]LogVoxelMeshingProfiling: Display: Scenario name: UEDPIE_0_Map_VoxelPlugin_Scenario25; OpaqueVoxelCount: 16384; TransparentVoxelCount: 16384
[2025.05.08-12.17.10:043][  9]LogVoxelMeshingProfiling: Display: Scenario name: UEDPIE_0_Map_VoxelPlugin_Scenario25; Voxel Model memory: 262144
[2025.05.08-12.17.10:043][  9]LogVoxelMeshingProfiling: Display: Scenario name: UEDPIE_0_Map_VoxelPlugin_Scenario25; OpaqueVoxelCount: 16384; TransparentVoxelCount: 16384
[2025.05.08-12.17.10:043][  9]LogVoxelMeshingProfiling: Display: Scenario name: UEDPIE_0_Map_VoxelPlugin_Scenario25; Voxel Model memory: 262144
[2025.05.08-12.17.10:043][  9]LogVoxelMeshingProfiling: Display: Scenario name: UEDPIE_0_Map_VoxelPlugin_Scenario25; OpaqueVoxelCount: 16384; TransparentVoxelCount: 16384
[2025.05.08-12.17.10:043][  9]LogVoxelMeshingProfiling: Display: Scenario name: UEDPIE_0_Map_VoxelPlugin_Scenario25; Voxel Model memory: 262144
[2025.05.08-12.17.10:043][  9]LogVoxelMeshingProfiling: Display: Scenario name: UEDPIE_0_Map_VoxelPlugin_Scenario25; OpaqueVoxelCount: 16384; TransparentVoxelCount: 16384
[2025.05.08-12.17.10:044][  9]LogVoxelMeshingProfiling: Display: Scenario name: UEDPIE_0_Map_VoxelPlugin_Scenario25; Voxel Model memory: 262144
[2025.05.08-12.17.10:045][  9]LogVoxelMeshingProfiling: Display: Scenario name: UEDPIE_0_Map_VoxelPlugin_Scenario25; OpaqueVoxelCount: 16384; TransparentVoxelCount: 16384
[2025.05.08-12.17.10:045][  9]LogVoxelMeshingProfiling: Display: Scenario name: UEDPIE_0_Map_VoxelPlugin_Scenario25; Voxel Model memory: 262144
[2025.05.08-12.17.10:045][  9]LogVoxelMeshingProfiling: Display: Scenario name: UEDPIE_0_Map_VoxelPlugin_Scenario25; OpaqueVoxelCount: 16384; TransparentVoxelCount: 16384
[2025.05.08-12.17.10:051][  9]LogVoxelMeshingProfiling: Display: Scenario name: UEDPIE_0_Map_VoxelPlugin_Scenario25; Voxel Model memory: 262144
[2025.05.08-12.17.10:051][  9]LogVoxelMeshingProfiling: Display: Scenario name: UEDPIE_0_Map_VoxelPlugin_Scenario25; OpaqueVoxelCount: 16384; TransparentVoxelCount: 16384
[2025.05.08-12.17.10:051][  9]LogVoxelMeshingProfiling: Display: Scenario name: UEDPIE_0_Map_VoxelPlugin_Scenario25; Voxel Model memory: 262144
[2025.05.08-12.17.10:051][  9]LogVoxelMeshingProfiling: Display: Scenario name: UEDPIE_0_Map_VoxelPlugin_Scenario25; OpaqueVoxelCount: 16384; TransparentVoxelCount: 16384
[2025.05.08-12.17.10:053][  9]LogVoxelMeshingProfiling: Display: Scenario name: UEDPIE_0_Map_VoxelPlugin_Scenario25; Voxel Model memory: 262144
[2025.05.08-12.17.10:053][  9]LogVoxelMeshingProfiling: Display: Scenario name: UEDPIE_0_Map_VoxelPlugin_Scenario25; OpaqueVoxelCount: 16384; TransparentVoxelCount: 16384
[2025.05.08-12.17.10:053][  9]LogVoxelMeshingProfiling: Display: Scenario name: UEDPIE_0_Map_VoxelPlugin_Scenario25; Voxel Model memory: 262144
[2025.05.08-12.17.10:053][  9]LogVoxelMeshingProfiling: Display: Scenario name: UEDPIE_0_Map_VoxelPlugin_Scenario25; OpaqueVoxelCount: 16384; TransparentVoxelCount: 16384
[2025.05.08-12.17.10:055][  9]LogVoxelMeshingProfiling: Display: Scenario name: UEDPIE_0_Map_VoxelPlugin_Scenario25; Voxel Model memory: 262144
[2025.05.08-12.17.10:055][  9]LogVoxelMeshingProfiling: Display: Scenario name: UEDPIE_0_Map_VoxelPlugin_Scenario25; OpaqueVoxelCount: 16384; TransparentVoxelCount: 16384
[2025.05.08-12.17.10:055][  9]LogVoxelMeshingProfiling: Display: Scenario name: UEDPIE_0_Map_VoxelPlugin_Scenario25; Voxel Model memory: 262144
[2025.05.08-12.17.10:055][  9]LogVoxelMeshingProfiling: Display: Scenario name: UEDPIE_0_Map_VoxelPlugin_Scenario25; OpaqueVoxelCount: 16384; TransparentVoxelCount: 16384
[2025.05.08-12.17.10:055][  9]LogVoxelMeshingProfiling: Display: Scenario name: UEDPIE_0_Map_VoxelPlugin_Scenario25; Voxel Model memory: 262144
[2025.05.08-12.17.10:055][  9]LogVoxelMeshingProfiling: Display: Scenario name: UEDPIE_0_Map_VoxelPlugin_Scenario25; OpaqueVoxelCount: 16384; TransparentVoxelCount: 16384
[2025.05.08-12.17.10:063][  9]LogVoxelMeshingProfiling: Display: Scenario name: UEDPIE_0_Map_VoxelPlugin_Scenario25; Voxel Model memory: 262144
[2025.05.08-12.17.10:063][  9]LogVoxelMeshingProfiling: Display: Scenario name: UEDPIE_0_Map_VoxelPlugin_Scenario25; OpaqueVoxelCount: 16384; TransparentVoxelCount: 16384
[2025.05.08-12.17.10:065][  9]LogVoxelMeshingProfiling: Display: Scenario name: UEDPIE_0_Map_VoxelPlugin_Scenario25; Voxel Model memory: 262144
[2025.05.08-12.17.10:065][  9]LogVoxelMeshingProfiling: Display: Scenario name: UEDPIE_0_Map_VoxelPlugin_Scenario25; OpaqueVoxelCount: 16384; TransparentVoxelCount: 16384
[2025.05.08-12.17.10:065][  9]LogVoxelMeshingProfiling: Display: Scenario name: UEDPIE_0_Map_VoxelPlugin_Scenario25; Voxel Model memory: 262144
[2025.05.08-12.17.10:065][  9]LogVoxelMeshingProfiling: Display: Scenario name: UEDPIE_0_Map_VoxelPlugin_Scenario25; OpaqueVoxelCount: 16384; TransparentVoxelCount: 16384
[2025.05.08-12.17.10:066][  9]LogVoxelMeshingProfiling: Display: Scenario name: UEDPIE_0_Map_VoxelPlugin_Scenario25; Voxel Model memory: 262144
[2025.05.08-12.17.10:066][  9]LogVoxelMeshingProfiling: Display: Scenario name: UEDPIE_0_Map_VoxelPlugin_Scenario25; OpaqueVoxelCount: 16384; TransparentVoxelCount: 16384
[2025.05.08-12.17.10:067][  9]LogVoxelMeshingProfiling: Display: Scenario name: UEDPIE_0_Map_VoxelPlugin_Scenario25; Voxel Model memory: 262144
[2025.05.08-12.17.10:067][  9]LogVoxelMeshingProfiling: Display: Scenario name: UEDPIE_0_Map_VoxelPlugin_Scenario25; OpaqueVoxelCount: 16384; TransparentVoxelCount: 16384
[2025.05.08-12.17.10:068][  9]LogVoxelMeshingProfiling: Display: Scenario name: UEDPIE_0_Map_VoxelPlugin_Scenario25; Voxel Model memory: 262144
[2025.05.08-12.17.10:068][  9]LogVoxelMeshingProfiling: Display: Scenario name: UEDPIE_0_Map_VoxelPlugin_Scenario25; OpaqueVoxelCount: 16384; TransparentVoxelCount: 16384
[2025.05.08-12.17.10:068][  9]LogVoxelMeshingProfiling: Display: Scenario name: UEDPIE_0_Map_VoxelPlugin_Scenario25; Voxel Model memory: 262144
[2025.05.08-12.17.10:068][  9]LogVoxelMeshingProfiling: Display: Scenario name: UEDPIE_0_Map_VoxelPlugin_Scenario25; OpaqueVoxelCount: 16384; TransparentVoxelCount: 16384
[2025.05.08-12.17.10:078][  9]LogVoxelMeshingProfiling: Display: Scenario name: UEDPIE_0_Map_VoxelPlugin_Scenario25; Voxel Model memory: 262144
[2025.05.08-12.17.10:078][  9]LogVoxelMeshingProfiling: Display: Scenario name: UEDPIE_0_Map_VoxelPlugin_Scenario25; OpaqueVoxelCount: 16384; TransparentVoxelCount: 16384
[2025.05.08-12.17.10:078][  9]LogVoxelMeshingProfiling: Display: Scenario name: UEDPIE_0_Map_VoxelPlugin_Scenario25; Voxel Model memory: 262144
[2025.05.08-12.17.10:078][  9]LogVoxelMeshingProfiling: Display: Scenario name: UEDPIE_0_Map_VoxelPlugin_Scenario25; OpaqueVoxelCount: 16384; TransparentVoxelCount: 16384
[2025.05.08-12.17.10:078][  9]LogVoxelMeshingProfiling: Display: Scenario name: UEDPIE_0_Map_VoxelPlugin_Scenario25; Voxel Model memory: 262144
[2025.05.08-12.17.10:078][  9]LogVoxelMeshingProfiling: Display: Scenario name: UEDPIE_0_Map_VoxelPlugin_Scenario25; OpaqueVoxelCount: 16384; TransparentVoxelCount: 16384
[2025.05.08-12.17.10:078][  9]LogVoxelMeshingProfiling: Display: Scenario name: UEDPIE_0_Map_VoxelPlugin_Scenario25; Voxel Model memory: 262144
[2025.05.08-12.17.10:078][  9]LogVoxelMeshingProfiling: Display: Scenario name: UEDPIE_0_Map_VoxelPlugin_Scenario25; OpaqueVoxelCount: 16384; TransparentVoxelCount: 16384
[2025.05.08-12.17.10:080][  9]LogVoxelMeshingProfiling: Display: Scenario name: UEDPIE_0_Map_VoxelPlugin_Scenario25; Voxel Model memory: 262144
[2025.05.08-12.17.10:080][  9]LogVoxelMeshingProfiling: Display: Scenario name: UEDPIE_0_Map_VoxelPlugin_Scenario25; OpaqueVoxelCount: 16384; TransparentVoxelCount: 16384
[2025.05.08-12.17.10:080][  9]LogVoxelMeshingProfiling: Display: Scenario name: UEDPIE_0_Map_VoxelPlugin_Scenario25; Voxel Model memory: 262144
[2025.05.08-12.17.10:080][  9]LogVoxelMeshingProfiling: Display: Scenario name: UEDPIE_0_Map_VoxelPlugin_Scenario25; OpaqueVoxelCount: 16384; TransparentVoxelCount: 16384
[2025.05.08-12.17.10:144][ 10]LogVoxelMeshingProfiling: Display: Scenario name: Map_VoxelPlugin_Scenario25; Vertices: 34816
[2025.05.08-12.17.10:149][ 10]LogVoxelMeshingProfiling: Display: Scenario name: Map_VoxelPlugin_Scenario25; Vertices: 36864
[2025.05.08-12.17.10:164][ 10]LogVoxelMeshingProfiling: Display: Scenario name: Map_VoxelPlugin_Scenario25; Vertices: 34816
[2025.05.08-12.17.10:166][ 10]LogVoxelMeshingProfiling: Display: Scenario name: Map_VoxelPlugin_Scenario25; Vertices: 36864
[2025.05.08-12.17.10:183][ 10]LogVoxelMeshingProfiling: Display: Scenario name: Map_VoxelPlugin_Scenario25; Vertices: 36864
[2025.05.08-12.17.10:184][ 10]LogVoxelMeshingProfiling: Display: Scenario name: Map_VoxelPlugin_Scenario25; Vertices: 34816
[2025.05.08-12.17.10:207][ 10]LogVoxelMeshingProfiling: Display: Scenario name: Map_VoxelPlugin_Scenario25; Vertices: 36864
[2025.05.08-12.17.10:211][ 11]LogVoxelMeshingProfiling: Display: Scenario name: Map_VoxelPlugin_Scenario25; Vertices: 36864
[2025.05.08-12.17.10:251][ 12]LogVoxelMeshingProfiling: Display: Scenario name: Map_VoxelPlugin_Scenario25; Vertices: 36864
[2025.05.08-12.17.10:257][ 12]LogVoxelMeshingProfiling: Display: Scenario name: Map_VoxelPlugin_Scenario25; Vertices: 34816
[2025.05.08-12.17.10:321][ 15]LogVoxelMeshingProfiling: Display: Scenario name: Map_VoxelPlugin_Scenario25; Vertices: 32768
[2025.05.08-12.17.10:327][ 15]LogVoxelMeshingProfiling: Display: Scenario name: Map_VoxelPlugin_Scenario25; Vertices: 32768
[2025.05.08-12.17.10:398][ 17]LogVoxelMeshingProfiling: Display: Scenario name: Map_VoxelPlugin_Scenario25; Vertices: 34816
[2025.05.08-12.17.10:464][ 19]LogVoxelMeshingProfiling: Display: Scenario name: Map_VoxelPlugin_Scenario25; Vertices: 32768
[2025.05.08-12.17.10:465][ 19]LogVoxelMeshingProfiling: Display: Scenario name: Map_VoxelPlugin_Scenario25; Vertices: 34816
[2025.05.08-12.17.10:506][ 20]LogVoxelMeshingProfiling: Display: Scenario name: Map_VoxelPlugin_Scenario25; Vertices: 34816
[2025.05.08-12.17.10:512][ 21]LogVoxelMeshingProfiling: Display: Scenario name: Map_VoxelPlugin_Scenario25; Vertices: 34816
[2025.05.08-12.17.10:528][ 21]LogVoxelMeshingProfiling: Display: Scenario name: Map_VoxelPlugin_Scenario25; Vertices: 34816
[2025.05.08-12.17.10:623][ 27]LogVoxelMeshingProfiling: Display: Scenario name: Map_VoxelPlugin_Scenario25; Vertices: 34816
[2025.05.08-12.17.10:624][ 27]LogVoxelMeshingProfiling: Display: Scenario name: Map_VoxelPlugin_Scenario25; Vertices: 36864
[2025.05.08-12.17.10:648][ 29]LogVoxelMeshingProfiling: Display: Scenario name: Map_VoxelPlugin_Scenario25; Vertices: 36864
[2025.05.08-12.17.10:653][ 29]LogVoxelMeshingProfiling: Display: Scenario name: Map_VoxelPlugin_Scenario25; Vertices: 34816
[2025.05.08-12.17.10:675][ 30]LogVoxelMeshingProfiling: Display: Scenario name: Map_VoxelPlugin_Scenario25; Vertices: 34816
[2025.05.08-12.17.10:686][ 31]LogVoxelMeshingProfiling: Display: Scenario name: Map_VoxelPlugin_Scenario25; Vertices: 36864
[2025.05.08-12.17.10:738][ 34]LogVoxelMeshingProfiling: Display: Scenario name: Map_VoxelPlugin_Scenario25; Vertices: 36864
[2025.05.08-12.17.10:740][ 34]LogVoxelMeshingProfiling: Display: Scenario name: Map_VoxelPlugin_Scenario25; Vertices: 36864
[2025.05.08-12.17.10:762][ 35]LogVoxelMeshingProfiling: Display: Scenario name: Map_VoxelPlugin_Scenario25; Vertices: 36864
