[2025.05.08-12.33.04:103][579]LogVoxelMeshingProfiling: Display: Scenario name: UEDPIE_0_Map_Grid_Scenario26; Voxel Model memory: 262144
[2025.05.08-12.33.04:103][579]LogVoxelMeshingProfiling: Display: Scenario name: UEDPIE_0_Map_Grid_Scenario26; OpaqueVoxelCount: 18432; TransparentVoxelCount: 14336
[2025.05.08-12.33.04:113][579]LogVoxelMeshingProfiling: Display: Scenario name: UEDPIE_0_Map_Grid_Scenario26; Voxel Model memory: 262144
[2025.05.08-12.33.04:114][579]LogVoxelMeshingProfiling: Display: Scenario name: UEDPIE_0_Map_Grid_Scenario26; OpaqueVoxelCount: 18432; TransparentVoxelCount: 14336
[2025.05.08-12.33.04:115][579]LogVoxelMeshingProfiling: Display: Scenario name: UEDPIE_0_Map_Grid_Scenario26; Voxel Model memory: 262144
[2025.05.08-12.33.04:115][579]LogVoxelMeshingProfiling: Display: Scenario name: UEDPIE_0_Map_Grid_Scenario26; OpaqueVoxelCount: 18432; TransparentVoxelCount: 14336
[2025.05.08-12.33.04:115][579]LogVoxelMeshingProfiling: Display: Scenario name: UEDPIE_0_Map_Grid_Scenario26; Voxel Model memory: 262144
[2025.05.08-12.33.04:115][579]LogVoxelMeshingProfiling: Display: Scenario name: UEDPIE_0_Map_Grid_Scenario26; OpaqueVoxelCount: 18432; TransparentVoxelCount: 14336
[2025.05.08-12.33.04:115][579]LogVoxelMeshingProfiling: Display: Scenario name: UEDPIE_0_Map_Grid_Scenario26; Voxel Model memory: 262144
[2025.05.08-12.33.04:115][579]LogVoxelMeshingProfiling: Display: Scenario name: UEDPIE_0_Map_Grid_Scenario26; OpaqueVoxelCount: 18432; TransparentVoxelCount: 14336
[2025.05.08-12.33.04:116][579]LogVoxelMeshingProfiling: Display: Scenario name: UEDPIE_0_Map_Grid_Scenario26; Voxel Model memory: 262144
[2025.05.08-12.33.04:116][579]LogVoxelMeshingProfiling: Display: Scenario name: UEDPIE_0_Map_Grid_Scenario26; OpaqueVoxelCount: 18432; TransparentVoxelCount: 14336
[2025.05.08-12.33.04:116][579]LogVoxelMeshingProfiling: Display: Scenario name: UEDPIE_0_Map_Grid_Scenario26; Voxel Model memory: 262144
[2025.05.08-12.33.04:116][579]LogVoxelMeshingProfiling: Display: Scenario name: UEDPIE_0_Map_Grid_Scenario26; OpaqueVoxelCount: 18432; TransparentVoxelCount: 14336
[2025.05.08-12.33.04:122][579]LogVoxelMeshingProfiling: Display: Scenario name: UEDPIE_0_Map_Grid_Scenario26; Voxel Model memory: 262144
[2025.05.08-12.33.04:122][579]LogVoxelMeshingProfiling: Display: Scenario name: UEDPIE_0_Map_Grid_Scenario26; OpaqueVoxelCount: 18432; TransparentVoxelCount: 14336
[2025.05.08-12.33.04:122][579]LogVoxelMeshingProfiling: Display: Scenario name: UEDPIE_0_Map_Grid_Scenario26; Voxel Model memory: 262144
[2025.05.08-12.33.04:122][579]LogVoxelMeshingProfiling: Display: Scenario name: UEDPIE_0_Map_Grid_Scenario26; OpaqueVoxelCount: 18432; TransparentVoxelCount: 14336
[2025.05.08-12.33.04:127][579]LogVoxelMeshingProfiling: Display: Scenario name: UEDPIE_0_Map_Grid_Scenario26; Voxel Model memory: 262144
[2025.05.08-12.33.04:127][579]LogVoxelMeshingProfiling: Display: Scenario name: UEDPIE_0_Map_Grid_Scenario26; OpaqueVoxelCount: 18432; TransparentVoxelCount: 14336
[2025.05.08-12.33.04:127][579]LogVoxelMeshingProfiling: Display: Scenario name: UEDPIE_0_Map_Grid_Scenario26; Voxel Model memory: 262144
[2025.05.08-12.33.04:127][579]LogVoxelMeshingProfiling: Display: Scenario name: UEDPIE_0_Map_Grid_Scenario26; OpaqueVoxelCount: 18432; TransparentVoxelCount: 14336
[2025.05.08-12.33.04:130][579]LogVoxelMeshingProfiling: Display: Scenario name: UEDPIE_0_Map_Grid_Scenario26; Voxel Model memory: 262144
[2025.05.08-12.33.04:130][579]LogVoxelMeshingProfiling: Display: Scenario name: UEDPIE_0_Map_Grid_Scenario26; OpaqueVoxelCount: 18432; TransparentVoxelCount: 14336
[2025.05.08-12.33.04:130][579]LogVoxelMeshingProfiling: Display: Scenario name: UEDPIE_0_Map_Grid_Scenario26; Voxel Model memory: 262144
[2025.05.08-12.33.04:130][579]LogVoxelMeshingProfiling: Display: Scenario name: UEDPIE_0_Map_Grid_Scenario26; OpaqueVoxelCount: 18432; TransparentVoxelCount: 14336
[2025.05.08-12.33.04:130][579]LogVoxelMeshingProfiling: Display: Scenario name: UEDPIE_0_Map_Grid_Scenario26; Voxel Model memory: 262144
[2025.05.08-12.33.04:130][579]LogVoxelMeshingProfiling: Display: Scenario name: UEDPIE_0_Map_Grid_Scenario26; OpaqueVoxelCount: 18432; TransparentVoxelCount: 14336
[2025.05.08-12.33.04:138][579]LogVoxelMeshingProfiling: Display: Scenario name: UEDPIE_0_Map_Grid_Scenario26; Voxel Model memory: 262144
[2025.05.08-12.33.04:138][579]LogVoxelMeshingProfiling: Display: Scenario name: UEDPIE_0_Map_Grid_Scenario26; OpaqueVoxelCount: 18432; TransparentVoxelCount: 14336
[2025.05.08-12.33.04:141][579]LogVoxelMeshingProfiling: Display: Scenario name: UEDPIE_0_Map_Grid_Scenario26; Voxel Model memory: 262144
[2025.05.08-12.33.04:141][579]LogVoxelMeshingProfiling: Display: Scenario name: UEDPIE_0_Map_Grid_Scenario26; OpaqueVoxelCount: 18432; TransparentVoxelCount: 14336
[2025.05.08-12.33.04:141][579]LogVoxelMeshingProfiling: Display: Scenario name: UEDPIE_0_Map_Grid_Scenario26; Voxel Model memory: 262144
[2025.05.08-12.33.04:141][579]LogVoxelMeshingProfiling: Display: Scenario name: UEDPIE_0_Map_Grid_Scenario26; OpaqueVoxelCount: 18432; TransparentVoxelCount: 14336
[2025.05.08-12.33.04:142][579]LogVoxelMeshingProfiling: Display: Scenario name: UEDPIE_0_Map_Grid_Scenario26; Voxel Model memory: 262144
[2025.05.08-12.33.04:142][579]LogVoxelMeshingProfiling: Display: Scenario name: UEDPIE_0_Map_Grid_Scenario26; OpaqueVoxelCount: 18432; TransparentVoxelCount: 14336
[2025.05.08-12.33.04:145][579]LogVoxelMeshingProfiling: Display: Scenario name: UEDPIE_0_Map_Grid_Scenario26; Voxel Model memory: 262144
[2025.05.08-12.33.04:145][579]LogVoxelMeshingProfiling: Display: Scenario name: UEDPIE_0_Map_Grid_Scenario26; OpaqueVoxelCount: 18432; TransparentVoxelCount: 14336
[2025.05.08-12.33.04:145][579]LogVoxelMeshingProfiling: Display: Scenario name: UEDPIE_0_Map_Grid_Scenario26; Voxel Model memory: 262144
[2025.05.08-12.33.04:145][579]LogVoxelMeshingProfiling: Display: Scenario name: UEDPIE_0_Map_Grid_Scenario26; OpaqueVoxelCount: 18432; TransparentVoxelCount: 14336
[2025.05.08-12.33.04:145][579]LogVoxelMeshingProfiling: Display: Scenario name: UEDPIE_0_Map_Grid_Scenario26; Voxel Model memory: 262144
[2025.05.08-12.33.04:145][579]LogVoxelMeshingProfiling: Display: Scenario name: UEDPIE_0_Map_Grid_Scenario26; OpaqueVoxelCount: 18432; TransparentVoxelCount: 14336
[2025.05.08-12.33.04:152][579]LogVoxelMeshingProfiling: Display: Scenario name: UEDPIE_0_Map_Grid_Scenario26; Voxel Model memory: 262144
[2025.05.08-12.33.04:152][579]LogVoxelMeshingProfiling: Display: Scenario name: UEDPIE_0_Map_Grid_Scenario26; OpaqueVoxelCount: 18432; TransparentVoxelCount: 14336
[2025.05.08-12.33.04:152][579]LogVoxelMeshingProfiling: Display: Scenario name: UEDPIE_0_Map_Grid_Scenario26; Voxel Model memory: 262144
[2025.05.08-12.33.04:152][579]LogVoxelMeshingProfiling: Display: Scenario name: UEDPIE_0_Map_Grid_Scenario26; OpaqueVoxelCount: 18432; TransparentVoxelCount: 14336
[2025.05.08-12.33.04:153][579]LogVoxelMeshingProfiling: Display: Scenario name: UEDPIE_0_Map_Grid_Scenario26; Voxel Model memory: 262144
[2025.05.08-12.33.04:153][579]LogVoxelMeshingProfiling: Display: Scenario name: UEDPIE_0_Map_Grid_Scenario26; OpaqueVoxelCount: 18432; TransparentVoxelCount: 14336
[2025.05.08-12.33.04:156][579]LogVoxelMeshingProfiling: Display: Scenario name: UEDPIE_0_Map_Grid_Scenario26; Voxel Model memory: 262144
[2025.05.08-12.33.04:156][579]LogVoxelMeshingProfiling: Display: Scenario name: UEDPIE_0_Map_Grid_Scenario26; OpaqueVoxelCount: 18432; TransparentVoxelCount: 14336
[2025.05.08-12.33.04:156][579]LogVoxelMeshingProfiling: Display: Scenario name: UEDPIE_0_Map_Grid_Scenario26; Voxel Model memory: 262144
[2025.05.08-12.33.04:156][579]LogVoxelMeshingProfiling: Display: Scenario name: UEDPIE_0_Map_Grid_Scenario26; OpaqueVoxelCount: 18432; TransparentVoxelCount: 14336
[2025.05.08-12.33.04:156][579]LogVoxelMeshingProfiling: Display: Scenario name: UEDPIE_0_Map_Grid_Scenario26; Voxel Model memory: 262144
[2025.05.08-12.33.04:156][579]LogVoxelMeshingProfiling: Display: Scenario name: UEDPIE_0_Map_Grid_Scenario26; OpaqueVoxelCount: 18432; TransparentVoxelCount: 14336
[2025.05.08-12.33.04:161][579]LogVoxelMeshingProfiling: Display: Scenario name: UEDPIE_0_Map_Grid_Scenario26; Vertices: 24
[2025.05.08-12.33.04:165][579]LogVoxelMeshingProfiling: Display: Scenario name: UEDPIE_0_Map_Grid_Scenario26; Vertices: 36
[2025.05.08-12.33.04:168][579]LogVoxelMeshingProfiling: Display: Scenario name: UEDPIE_0_Map_Grid_Scenario26; Vertices: 24
[2025.05.08-12.33.04:172][579]LogVoxelMeshingProfiling: Display: Scenario name: UEDPIE_0_Map_Grid_Scenario26; Vertices: 24
[2025.05.08-12.33.04:175][579]LogVoxelMeshingProfiling: Display: Scenario name: UEDPIE_0_Map_Grid_Scenario26; Vertices: 36
[2025.05.08-12.33.04:179][580]LogVoxelMeshingProfiling: Display: Scenario name: UEDPIE_0_Map_Grid_Scenario26; Vertices: 36
[2025.05.08-12.33.04:183][580]LogVoxelMeshingProfiling: Display: Scenario name: UEDPIE_0_Map_Grid_Scenario26; Vertices: 36
[2025.05.08-12.33.04:187][580]LogVoxelMeshingProfiling: Display: Scenario name: UEDPIE_0_Map_Grid_Scenario26; Vertices: 36
[2025.05.08-12.33.04:191][580]LogVoxelMeshingProfiling: Display: Scenario name: UEDPIE_0_Map_Grid_Scenario26; Vertices: 36
[2025.05.08-12.33.04:194][580]LogVoxelMeshingProfiling: Display: Scenario name: UEDPIE_0_Map_Grid_Scenario26; Vertices: 48
[2025.05.08-12.33.04:198][580]LogVoxelMeshingProfiling: Display: Scenario name: UEDPIE_0_Map_Grid_Scenario26; Vertices: 48
[2025.05.08-12.33.04:201][580]LogVoxelMeshingProfiling: Display: Scenario name: UEDPIE_0_Map_Grid_Scenario26; Vertices: 36
[2025.05.08-12.33.04:204][580]LogVoxelMeshingProfiling: Display: Scenario name: UEDPIE_0_Map_Grid_Scenario26; Vertices: 36
[2025.05.08-12.33.04:207][580]LogVoxelMeshingProfiling: Display: Scenario name: UEDPIE_0_Map_Grid_Scenario26; Vertices: 36
[2025.05.08-12.33.04:211][580]LogVoxelMeshingProfiling: Display: Scenario name: UEDPIE_0_Map_Grid_Scenario26; Vertices: 36
[2025.05.08-12.33.04:214][580]LogVoxelMeshingProfiling: Display: Scenario name: UEDPIE_0_Map_Grid_Scenario26; Vertices: 36
[2025.05.08-12.33.04:218][580]LogVoxelMeshingProfiling: Display: Scenario name: UEDPIE_0_Map_Grid_Scenario26; Vertices: 36
[2025.05.08-12.33.04:221][580]LogVoxelMeshingProfiling: Display: Scenario name: UEDPIE_0_Map_Grid_Scenario26; Vertices: 48
[2025.05.08-12.33.04:224][580]LogVoxelMeshingProfiling: Display: Scenario name: UEDPIE_0_Map_Grid_Scenario26; Vertices: 48
[2025.05.08-12.33.04:228][580]LogVoxelMeshingProfiling: Display: Scenario name: UEDPIE_0_Map_Grid_Scenario26; Vertices: 48
[2025.05.08-12.33.04:232][580]LogVoxelMeshingProfiling: Display: Scenario name: UEDPIE_0_Map_Grid_Scenario26; Vertices: 48
[2025.05.08-12.33.04:235][580]LogVoxelMeshingProfiling: Display: Scenario name: UEDPIE_0_Map_Grid_Scenario26; Vertices: 48
[2025.05.08-12.33.04:238][580]LogVoxelMeshingProfiling: Display: Scenario name: UEDPIE_0_Map_Grid_Scenario26; Vertices: 48
[2025.05.08-12.33.04:241][580]LogVoxelMeshingProfiling: Display: Scenario name: UEDPIE_0_Map_Grid_Scenario26; Vertices: 48
[2025.05.08-12.33.04:244][580]LogVoxelMeshingProfiling: Display: Scenario name: UEDPIE_0_Map_Grid_Scenario26; Vertices: 48
[2025.05.08-12.33.04:248][580]LogVoxelMeshingProfiling: Display: Scenario name: UEDPIE_0_Map_Grid_Scenario26; Vertices: 48
[2025.05.08-12.33.04:251][580]LogVoxelMeshingProfiling: Display: Scenario name: UEDPIE_0_Map_Grid_Scenario26; Vertices: 48
[2025.05.08-12.33.10:214][987]LogVoxelMeshingProfiling: Display: Scenario name: UEDPIE_0_Map_RLE_Scenario26; Voxel Model memory: 89892
[2025.05.08-12.33.10:223][987]LogVoxelMeshingProfiling: Display: Scenario name: UEDPIE_0_Map_RLE_Scenario26; Voxel Model memory: 89892
[2025.05.08-12.33.10:224][987]LogVoxelMeshingProfiling: Display: Scenario name: UEDPIE_0_Map_RLE_Scenario26; Voxel Model memory: 89892
[2025.05.08-12.33.10:224][987]LogVoxelMeshingProfiling: Display: Scenario name: UEDPIE_0_Map_RLE_Scenario26; Voxel Model memory: 89892
[2025.05.08-12.33.10:224][987]LogVoxelMeshingProfiling: Display: Scenario name: UEDPIE_0_Map_RLE_Scenario26; Voxel Model memory: 89892
[2025.05.08-12.33.10:225][987]LogVoxelMeshingProfiling: Display: Scenario name: UEDPIE_0_Map_RLE_Scenario26; Voxel Model memory: 89892
[2025.05.08-12.33.10:226][987]LogVoxelMeshingProfiling: Display: Scenario name: UEDPIE_0_Map_RLE_Scenario26; Voxel Model memory: 89892
[2025.05.08-12.33.10:234][987]LogVoxelMeshingProfiling: Display: Scenario name: UEDPIE_0_Map_RLE_Scenario26; Voxel Model memory: 89892
[2025.05.08-12.33.10:234][987]LogVoxelMeshingProfiling: Display: Scenario name: UEDPIE_0_Map_RLE_Scenario26; Voxel Model memory: 89892
[2025.05.08-12.33.10:236][987]LogVoxelMeshingProfiling: Display: Scenario name: UEDPIE_0_Map_RLE_Scenario26; Voxel Model memory: 89892
[2025.05.08-12.33.10:236][987]LogVoxelMeshingProfiling: Display: Scenario name: UEDPIE_0_Map_RLE_Scenario26; Voxel Model memory: 89892
[2025.05.08-12.33.10:240][987]LogVoxelMeshingProfiling: Display: Scenario name: UEDPIE_0_Map_RLE_Scenario26; Voxel Model memory: 89892
[2025.05.08-12.33.10:240][987]LogVoxelMeshingProfiling: Display: Scenario name: UEDPIE_0_Map_RLE_Scenario26; Voxel Model memory: 89892
[2025.05.08-12.33.10:240][987]LogVoxelMeshingProfiling: Display: Scenario name: UEDPIE_0_Map_RLE_Scenario26; Voxel Model memory: 89892
[2025.05.08-12.33.10:246][987]LogVoxelMeshingProfiling: Display: Scenario name: UEDPIE_0_Map_RLE_Scenario26; Voxel Model memory: 89892
[2025.05.08-12.33.10:246][987]LogVoxelMeshingProfiling: Display: Scenario name: UEDPIE_0_Map_RLE_Scenario26; Voxel Model memory: 89892
[2025.05.08-12.33.10:248][987]LogVoxelMeshingProfiling: Display: Scenario name: UEDPIE_0_Map_RLE_Scenario26; Voxel Model memory: 89892
[2025.05.08-12.33.10:248][987]LogVoxelMeshingProfiling: Display: Scenario name: UEDPIE_0_Map_RLE_Scenario26; Voxel Model memory: 89892
[2025.05.08-12.33.10:250][987]LogVoxelMeshingProfiling: Display: Scenario name: UEDPIE_0_Map_RLE_Scenario26; Voxel Model memory: 89892
[2025.05.08-12.33.10:251][987]LogVoxelMeshingProfiling: Display: Scenario name: UEDPIE_0_Map_RLE_Scenario26; Voxel Model memory: 89892
[2025.05.08-12.33.10:251][987]LogVoxelMeshingProfiling: Display: Scenario name: UEDPIE_0_Map_RLE_Scenario26; Voxel Model memory: 89892
[2025.05.08-12.33.10:261][987]LogVoxelMeshingProfiling: Display: Scenario name: UEDPIE_0_Map_RLE_Scenario26; Voxel Model memory: 89892
[2025.05.08-12.33.10:261][987]LogVoxelMeshingProfiling: Display: Scenario name: UEDPIE_0_Map_RLE_Scenario26; Voxel Model memory: 89892
[2025.05.08-12.33.10:261][987]LogVoxelMeshingProfiling: Display: Scenario name: UEDPIE_0_Map_RLE_Scenario26; Voxel Model memory: 89892
[2025.05.08-12.33.10:261][987]LogVoxelMeshingProfiling: Display: Scenario name: UEDPIE_0_Map_RLE_Scenario26; Voxel Model memory: 89892
[2025.05.08-12.33.10:263][987]LogVoxelMeshingProfiling: Display: Scenario name: UEDPIE_0_Map_RLE_Scenario26; Voxel Model memory: 89892
[2025.05.08-12.33.10:264][988]LogVoxelMeshingProfiling: Display: Scenario name: UEDPIE_0_Map_RLE_Scenario26; Voxel Model memory: 89892
[2025.05.08-12.33.10:279][988]LogVoxelMeshingProfiling: Display: Scenario name: UEDPIE_0_Map_RLE_Scenario26; Vertices: 73728
[2025.05.08-12.33.10:292][988]LogVoxelMeshingProfiling: Display: Scenario name: UEDPIE_0_Map_RLE_Scenario26; Vertices: 73728
[2025.05.08-12.33.10:305][988]LogVoxelMeshingProfiling: Display: Scenario name: UEDPIE_0_Map_RLE_Scenario26; Vertices: 73728
[2025.05.08-12.33.10:321][988]LogVoxelMeshingProfiling: Display: Scenario name: UEDPIE_0_Map_RLE_Scenario26; Vertices: 73728
[2025.05.08-12.33.10:332][988]LogVoxelMeshingProfiling: Display: Scenario name: UEDPIE_0_Map_RLE_Scenario26; Vertices: 73728
[2025.05.08-12.33.10:346][988]LogVoxelMeshingProfiling: Display: Scenario name: UEDPIE_0_Map_RLE_Scenario26; Vertices: 73728
[2025.05.08-12.33.10:363][989]LogVoxelMeshingProfiling: Display: Scenario name: UEDPIE_0_Map_RLE_Scenario26; Vertices: 73728
[2025.05.08-12.33.10:391][989]LogVoxelMeshingProfiling: Display: Scenario name: UEDPIE_0_Map_RLE_Scenario26; Vertices: 73728
[2025.05.08-12.33.10:403][989]LogVoxelMeshingProfiling: Display: Scenario name: UEDPIE_0_Map_RLE_Scenario26; Vertices: 73728
[2025.05.08-12.33.10:424][989]LogVoxelMeshingProfiling: Display: Scenario name: UEDPIE_0_Map_RLE_Scenario26; Vertices: 73728
[2025.05.08-12.33.10:444][989]LogVoxelMeshingProfiling: Display: Scenario name: UEDPIE_0_Map_RLE_Scenario26; Vertices: 73728
[2025.05.08-12.33.10:465][989]LogVoxelMeshingProfiling: Display: Scenario name: UEDPIE_0_Map_RLE_Scenario26; Vertices: 73728
[2025.05.08-12.33.10:480][990]LogVoxelMeshingProfiling: Display: Scenario name: UEDPIE_0_Map_RLE_Scenario26; Vertices: 73728
[2025.05.08-12.33.10:518][991]LogVoxelMeshingProfiling: Display: Scenario name: UEDPIE_0_Map_RLE_Scenario26; Vertices: 73728
[2025.05.08-12.33.10:521][991]LogVoxelMeshingProfiling: Display: Scenario name: UEDPIE_0_Map_RLE_Scenario26; Vertices: 73728
[2025.05.08-12.33.10:543][991]LogVoxelMeshingProfiling: Display: Scenario name: UEDPIE_0_Map_RLE_Scenario26; Vertices: 73728
[2025.05.08-12.33.10:563][991]LogVoxelMeshingProfiling: Display: Scenario name: UEDPIE_0_Map_RLE_Scenario26; Vertices: 73728
[2025.05.08-12.33.10:589][991]LogVoxelMeshingProfiling: Display: Scenario name: UEDPIE_0_Map_RLE_Scenario26; Vertices: 73728
[2025.05.08-12.33.10:611][991]LogVoxelMeshingProfiling: Display: Scenario name: UEDPIE_0_Map_RLE_Scenario26; Vertices: 73728
[2025.05.08-12.33.10:634][992]LogVoxelMeshingProfiling: Display: Scenario name: UEDPIE_0_Map_RLE_Scenario26; Vertices: 73728
[2025.05.08-12.33.10:653][992]LogVoxelMeshingProfiling: Display: Scenario name: UEDPIE_0_Map_RLE_Scenario26; Vertices: 73728
[2025.05.08-12.33.10:674][992]LogVoxelMeshingProfiling: Display: Scenario name: UEDPIE_0_Map_RLE_Scenario26; Vertices: 73728
[2025.05.08-12.33.10:693][992]LogVoxelMeshingProfiling: Display: Scenario name: UEDPIE_0_Map_RLE_Scenario26; Vertices: 73728
[2025.05.08-12.33.10:714][993]LogVoxelMeshingProfiling: Display: Scenario name: UEDPIE_0_Map_RLE_Scenario26; Vertices: 73728
[2025.05.08-12.33.10:741][994]LogVoxelMeshingProfiling: Display: Scenario name: UEDPIE_0_Map_RLE_Scenario26; Vertices: 73728
[2025.05.08-12.33.10:762][994]LogVoxelMeshingProfiling: Display: Scenario name: UEDPIE_0_Map_RLE_Scenario26; Vertices: 73728
[2025.05.08-12.33.10:785][994]LogVoxelMeshingProfiling: Display: Scenario name: UEDPIE_0_Map_RLE_Scenario26; Vertices: 73728
[2025.05.08-12.33.18:758][399]LogVoxelMeshingProfiling: Display: Scenario name: UEDPIE_0_Map_VoxelPlugin_Scenario26; Voxel Model memory: 262144
[2025.05.08-12.33.18:758][399]LogVoxelMeshingProfiling: Display: Scenario name: UEDPIE_0_Map_VoxelPlugin_Scenario26; OpaqueVoxelCount: 18432; TransparentVoxelCount: 14336
[2025.05.08-12.33.18:766][399]LogVoxelMeshingProfiling: Display: Scenario name: UEDPIE_0_Map_VoxelPlugin_Scenario26; Voxel Model memory: 262144
[2025.05.08-12.33.18:766][399]LogVoxelMeshingProfiling: Display: Scenario name: UEDPIE_0_Map_VoxelPlugin_Scenario26; OpaqueVoxelCount: 18432; TransparentVoxelCount: 14336
[2025.05.08-12.33.18:766][399]LogVoxelMeshingProfiling: Display: Scenario name: UEDPIE_0_Map_VoxelPlugin_Scenario26; Voxel Model memory: 262144
[2025.05.08-12.33.18:766][399]LogVoxelMeshingProfiling: Display: Scenario name: UEDPIE_0_Map_VoxelPlugin_Scenario26; OpaqueVoxelCount: 18432; TransparentVoxelCount: 14336
[2025.05.08-12.33.18:766][399]LogVoxelMeshingProfiling: Display: Scenario name: UEDPIE_0_Map_VoxelPlugin_Scenario26; Voxel Model memory: 262144
[2025.05.08-12.33.18:766][399]LogVoxelMeshingProfiling: Display: Scenario name: UEDPIE_0_Map_VoxelPlugin_Scenario26; OpaqueVoxelCount: 18432; TransparentVoxelCount: 14336
[2025.05.08-12.33.18:769][399]LogVoxelMeshingProfiling: Display: Scenario name: UEDPIE_0_Map_VoxelPlugin_Scenario26; Voxel Model memory: 262144
[2025.05.08-12.33.18:769][399]LogVoxelMeshingProfiling: Display: Scenario name: UEDPIE_0_Map_VoxelPlugin_Scenario26; OpaqueVoxelCount: 18432; TransparentVoxelCount: 14336
[2025.05.08-12.33.18:769][399]LogVoxelMeshingProfiling: Display: Scenario name: UEDPIE_0_Map_VoxelPlugin_Scenario26; Voxel Model memory: 262144
[2025.05.08-12.33.18:770][399]LogVoxelMeshingProfiling: Display: Scenario name: UEDPIE_0_Map_VoxelPlugin_Scenario26; OpaqueVoxelCount: 18432; TransparentVoxelCount: 14336
[2025.05.08-12.33.18:770][399]LogVoxelMeshingProfiling: Display: Scenario name: UEDPIE_0_Map_VoxelPlugin_Scenario26; Voxel Model memory: 262144
[2025.05.08-12.33.18:770][399]LogVoxelMeshingProfiling: Display: Scenario name: UEDPIE_0_Map_VoxelPlugin_Scenario26; OpaqueVoxelCount: 18432; TransparentVoxelCount: 14336
[2025.05.08-12.33.18:778][399]LogVoxelMeshingProfiling: Display: Scenario name: UEDPIE_0_Map_VoxelPlugin_Scenario26; Voxel Model memory: 262144
[2025.05.08-12.33.18:778][399]LogVoxelMeshingProfiling: Display: Scenario name: UEDPIE_0_Map_VoxelPlugin_Scenario26; OpaqueVoxelCount: 18432; TransparentVoxelCount: 14336
[2025.05.08-12.33.18:778][399]LogVoxelMeshingProfiling: Display: Scenario name: UEDPIE_0_Map_VoxelPlugin_Scenario26; Voxel Model memory: 262144
[2025.05.08-12.33.18:778][399]LogVoxelMeshingProfiling: Display: Scenario name: UEDPIE_0_Map_VoxelPlugin_Scenario26; OpaqueVoxelCount: 18432; TransparentVoxelCount: 14336
[2025.05.08-12.33.18:778][399]LogVoxelMeshingProfiling: Display: Scenario name: UEDPIE_0_Map_VoxelPlugin_Scenario26; Voxel Model memory: 262144
[2025.05.08-12.33.18:778][399]LogVoxelMeshingProfiling: Display: Scenario name: UEDPIE_0_Map_VoxelPlugin_Scenario26; OpaqueVoxelCount: 18432; TransparentVoxelCount: 14336
[2025.05.08-12.33.18:780][399]LogVoxelMeshingProfiling: Display: Scenario name: UEDPIE_0_Map_VoxelPlugin_Scenario26; Voxel Model memory: 262144
[2025.05.08-12.33.18:780][399]LogVoxelMeshingProfiling: Display: Scenario name: UEDPIE_0_Map_VoxelPlugin_Scenario26; OpaqueVoxelCount: 18432; TransparentVoxelCount: 14336
[2025.05.08-12.33.18:783][399]LogVoxelMeshingProfiling: Display: Scenario name: UEDPIE_0_Map_VoxelPlugin_Scenario26; Voxel Model memory: 262144
[2025.05.08-12.33.18:783][399]LogVoxelMeshingProfiling: Display: Scenario name: UEDPIE_0_Map_VoxelPlugin_Scenario26; OpaqueVoxelCount: 18432; TransparentVoxelCount: 14336
[2025.05.08-12.33.18:783][399]LogVoxelMeshingProfiling: Display: Scenario name: UEDPIE_0_Map_VoxelPlugin_Scenario26; Voxel Model memory: 262144
[2025.05.08-12.33.18:783][399]LogVoxelMeshingProfiling: Display: Scenario name: UEDPIE_0_Map_VoxelPlugin_Scenario26; OpaqueVoxelCount: 18432; TransparentVoxelCount: 14336
[2025.05.08-12.33.18:783][399]LogVoxelMeshingProfiling: Display: Scenario name: UEDPIE_0_Map_VoxelPlugin_Scenario26; Voxel Model memory: 262144
[2025.05.08-12.33.18:783][399]LogVoxelMeshingProfiling: Display: Scenario name: UEDPIE_0_Map_VoxelPlugin_Scenario26; OpaqueVoxelCount: 18432; TransparentVoxelCount: 14336
[2025.05.08-12.33.18:793][399]LogVoxelMeshingProfiling: Display: Scenario name: UEDPIE_0_Map_VoxelPlugin_Scenario26; Voxel Model memory: 262144
[2025.05.08-12.33.18:793][399]LogVoxelMeshingProfiling: Display: Scenario name: UEDPIE_0_Map_VoxelPlugin_Scenario26; OpaqueVoxelCount: 18432; TransparentVoxelCount: 14336
[2025.05.08-12.33.18:793][399]LogVoxelMeshingProfiling: Display: Scenario name: UEDPIE_0_Map_VoxelPlugin_Scenario26; Voxel Model memory: 262144
[2025.05.08-12.33.18:793][399]LogVoxelMeshingProfiling: Display: Scenario name: UEDPIE_0_Map_VoxelPlugin_Scenario26; OpaqueVoxelCount: 18432; TransparentVoxelCount: 14336
[2025.05.08-12.33.18:793][399]LogVoxelMeshingProfiling: Display: Scenario name: UEDPIE_0_Map_VoxelPlugin_Scenario26; Voxel Model memory: 262144
[2025.05.08-12.33.18:793][399]LogVoxelMeshingProfiling: Display: Scenario name: UEDPIE_0_Map_VoxelPlugin_Scenario26; OpaqueVoxelCount: 18432; TransparentVoxelCount: 14336
[2025.05.08-12.33.18:795][399]LogVoxelMeshingProfiling: Display: Scenario name: UEDPIE_0_Map_VoxelPlugin_Scenario26; Voxel Model memory: 262144
[2025.05.08-12.33.18:795][399]LogVoxelMeshingProfiling: Display: Scenario name: UEDPIE_0_Map_VoxelPlugin_Scenario26; OpaqueVoxelCount: 18432; TransparentVoxelCount: 14336
[2025.05.08-12.33.18:796][399]LogVoxelMeshingProfiling: Display: Scenario name: UEDPIE_0_Map_VoxelPlugin_Scenario26; Voxel Model memory: 262144
[2025.05.08-12.33.18:796][399]LogVoxelMeshingProfiling: Display: Scenario name: UEDPIE_0_Map_VoxelPlugin_Scenario26; OpaqueVoxelCount: 18432; TransparentVoxelCount: 14336
[2025.05.08-12.33.18:797][399]LogVoxelMeshingProfiling: Display: Scenario name: UEDPIE_0_Map_VoxelPlugin_Scenario26; Voxel Model memory: 262144
[2025.05.08-12.33.18:797][399]LogVoxelMeshingProfiling: Display: Scenario name: UEDPIE_0_Map_VoxelPlugin_Scenario26; OpaqueVoxelCount: 18432; TransparentVoxelCount: 14336
[2025.05.08-12.33.18:797][399]LogVoxelMeshingProfiling: Display: Scenario name: UEDPIE_0_Map_VoxelPlugin_Scenario26; Voxel Model memory: 262144
[2025.05.08-12.33.18:797][399]LogVoxelMeshingProfiling: Display: Scenario name: UEDPIE_0_Map_VoxelPlugin_Scenario26; OpaqueVoxelCount: 18432; TransparentVoxelCount: 14336
[2025.05.08-12.33.18:805][399]LogVoxelMeshingProfiling: Display: Scenario name: UEDPIE_0_Map_VoxelPlugin_Scenario26; Voxel Model memory: 262144
[2025.05.08-12.33.18:805][399]LogVoxelMeshingProfiling: Display: Scenario name: UEDPIE_0_Map_VoxelPlugin_Scenario26; OpaqueVoxelCount: 18432; TransparentVoxelCount: 14336
[2025.05.08-12.33.18:805][399]LogVoxelMeshingProfiling: Display: Scenario name: UEDPIE_0_Map_VoxelPlugin_Scenario26; Voxel Model memory: 262144
[2025.05.08-12.33.18:805][399]LogVoxelMeshingProfiling: Display: Scenario name: UEDPIE_0_Map_VoxelPlugin_Scenario26; OpaqueVoxelCount: 18432; TransparentVoxelCount: 14336
[2025.05.08-12.33.18:808][399]LogVoxelMeshingProfiling: Display: Scenario name: UEDPIE_0_Map_VoxelPlugin_Scenario26; Voxel Model memory: 262144
[2025.05.08-12.33.18:808][399]LogVoxelMeshingProfiling: Display: Scenario name: UEDPIE_0_Map_VoxelPlugin_Scenario26; OpaqueVoxelCount: 18432; TransparentVoxelCount: 14336
[2025.05.08-12.33.18:810][399]LogVoxelMeshingProfiling: Display: Scenario name: UEDPIE_0_Map_VoxelPlugin_Scenario26; Voxel Model memory: 262144
[2025.05.08-12.33.18:810][399]LogVoxelMeshingProfiling: Display: Scenario name: UEDPIE_0_Map_VoxelPlugin_Scenario26; OpaqueVoxelCount: 18432; TransparentVoxelCount: 14336
[2025.05.08-12.33.18:810][399]LogVoxelMeshingProfiling: Display: Scenario name: UEDPIE_0_Map_VoxelPlugin_Scenario26; Voxel Model memory: 262144
[2025.05.08-12.33.18:810][399]LogVoxelMeshingProfiling: Display: Scenario name: UEDPIE_0_Map_VoxelPlugin_Scenario26; OpaqueVoxelCount: 18432; TransparentVoxelCount: 14336
[2025.05.08-12.33.18:810][399]LogVoxelMeshingProfiling: Display: Scenario name: UEDPIE_0_Map_VoxelPlugin_Scenario26; Voxel Model memory: 262144
[2025.05.08-12.33.18:810][399]LogVoxelMeshingProfiling: Display: Scenario name: UEDPIE_0_Map_VoxelPlugin_Scenario26; OpaqueVoxelCount: 18432; TransparentVoxelCount: 14336
[2025.05.08-12.33.18:874][400]LogVoxelMeshingProfiling: Display: Scenario name: Map_VoxelPlugin_Scenario26; Vertices: 26880
[2025.05.08-12.33.18:883][400]LogVoxelMeshingProfiling: Display: Scenario name: Map_VoxelPlugin_Scenario26; Vertices: 29184
[2025.05.08-12.33.18:896][400]LogVoxelMeshingProfiling: Display: Scenario name: Map_VoxelPlugin_Scenario26; Vertices: 26880
[2025.05.08-12.33.18:901][400]LogVoxelMeshingProfiling: Display: Scenario name: Map_VoxelPlugin_Scenario26; Vertices: 29184
[2025.05.08-12.33.18:919][400]LogVoxelMeshingProfiling: Display: Scenario name: Map_VoxelPlugin_Scenario26; Vertices: 26880
[2025.05.08-12.33.18:924][400]LogVoxelMeshingProfiling: Display: Scenario name: Map_VoxelPlugin_Scenario26; Vertices: 29184
[2025.05.08-12.33.18:938][400]LogVoxelMeshingProfiling: Display: Scenario name: Map_VoxelPlugin_Scenario26; Vertices: 29184
[2025.05.08-12.33.18:958][401]LogVoxelMeshingProfiling: Display: Scenario name: Map_VoxelPlugin_Scenario26; Vertices: 29184
[2025.05.08-12.33.18:993][402]LogVoxelMeshingProfiling: Display: Scenario name: Map_VoxelPlugin_Scenario26; Vertices: 29184
[2025.05.08-12.33.19:003][402]LogVoxelMeshingProfiling: Display: Scenario name: Map_VoxelPlugin_Scenario26; Vertices: 26880
[2025.05.08-12.33.19:057][404]LogVoxelMeshingProfiling: Display: Scenario name: Map_VoxelPlugin_Scenario26; Vertices: 24576
[2025.05.08-12.33.19:065][405]LogVoxelMeshingProfiling: Display: Scenario name: Map_VoxelPlugin_Scenario26; Vertices: 24576
[2025.05.08-12.33.19:129][407]LogVoxelMeshingProfiling: Display: Scenario name: Map_VoxelPlugin_Scenario26; Vertices: 26880
[2025.05.08-12.33.19:141][407]LogVoxelMeshingProfiling: Display: Scenario name: Map_VoxelPlugin_Scenario26; Vertices: 24576
[2025.05.08-12.33.19:164][408]LogVoxelMeshingProfiling: Display: Scenario name: Map_VoxelPlugin_Scenario26; Vertices: 26880
[2025.05.08-12.33.19:210][410]LogVoxelMeshingProfiling: Display: Scenario name: Map_VoxelPlugin_Scenario26; Vertices: 26880
[2025.05.08-12.33.19:230][410]LogVoxelMeshingProfiling: Display: Scenario name: Map_VoxelPlugin_Scenario26; Vertices: 26880
[2025.05.08-12.33.19:249][411]LogVoxelMeshingProfiling: Display: Scenario name: Map_VoxelPlugin_Scenario26; Vertices: 26880
[2025.05.08-12.33.19:348][417]LogVoxelMeshingProfiling: Display: Scenario name: Map_VoxelPlugin_Scenario26; Vertices: 26880
[2025.05.08-12.33.19:348][417]LogVoxelMeshingProfiling: Display: Scenario name: Map_VoxelPlugin_Scenario26; Vertices: 29184
[2025.05.08-12.33.19:379][418]LogVoxelMeshingProfiling: Display: Scenario name: Map_VoxelPlugin_Scenario26; Vertices: 26880
[2025.05.08-12.33.19:384][418]LogVoxelMeshingProfiling: Display: Scenario name: Map_VoxelPlugin_Scenario26; Vertices: 29184
[2025.05.08-12.33.19:423][420]LogVoxelMeshingProfiling: Display: Scenario name: Map_VoxelPlugin_Scenario26; Vertices: 26880
[2025.05.08-12.33.19:428][421]LogVoxelMeshingProfiling: Display: Scenario name: Map_VoxelPlugin_Scenario26; Vertices: 29184
[2025.05.08-12.33.19:462][422]LogVoxelMeshingProfiling: Display: Scenario name: Map_VoxelPlugin_Scenario26; Vertices: 29184
[2025.05.08-12.33.19:471][423]LogVoxelMeshingProfiling: Display: Scenario name: Map_VoxelPlugin_Scenario26; Vertices: 29184
[2025.05.08-12.33.19:498][424]LogVoxelMeshingProfiling: Display: Scenario name: Map_VoxelPlugin_Scenario26; Vertices: 29184
[2025.05.08-12.33.27:135][923]LogVoxelMeshingProfiling: Display: Scenario name: UEDPIE_0_Map_Grid_Scenario26; Voxel Model memory: 262144
[2025.05.08-12.33.27:135][923]LogVoxelMeshingProfiling: Display: Scenario name: UEDPIE_0_Map_Grid_Scenario26; OpaqueVoxelCount: 18432; TransparentVoxelCount: 14336
[2025.05.08-12.33.27:142][923]LogVoxelMeshingProfiling: Display: Scenario name: UEDPIE_0_Map_Grid_Scenario26; Voxel Model memory: 262144
[2025.05.08-12.33.27:142][923]LogVoxelMeshingProfiling: Display: Scenario name: UEDPIE_0_Map_Grid_Scenario26; OpaqueVoxelCount: 18432; TransparentVoxelCount: 14336
[2025.05.08-12.33.27:142][923]LogVoxelMeshingProfiling: Display: Scenario name: UEDPIE_0_Map_Grid_Scenario26; Voxel Model memory: 262144
[2025.05.08-12.33.27:142][923]LogVoxelMeshingProfiling: Display: Scenario name: UEDPIE_0_Map_Grid_Scenario26; OpaqueVoxelCount: 18432; TransparentVoxelCount: 14336
[2025.05.08-12.33.27:146][923]LogVoxelMeshingProfiling: Display: Scenario name: UEDPIE_0_Map_Grid_Scenario26; Voxel Model memory: 262144
[2025.05.08-12.33.27:146][923]LogVoxelMeshingProfiling: Display: Scenario name: UEDPIE_0_Map_Grid_Scenario26; OpaqueVoxelCount: 18432; TransparentVoxelCount: 14336
[2025.05.08-12.33.27:146][923]LogVoxelMeshingProfiling: Display: Scenario name: UEDPIE_0_Map_Grid_Scenario26; Voxel Model memory: 262144
[2025.05.08-12.33.27:148][923]LogVoxelMeshingProfiling: Display: Scenario name: UEDPIE_0_Map_Grid_Scenario26; OpaqueVoxelCount: 18432; TransparentVoxelCount: 14336
[2025.05.08-12.33.27:148][923]LogVoxelMeshingProfiling: Display: Scenario name: UEDPIE_0_Map_Grid_Scenario26; Voxel Model memory: 262144
[2025.05.08-12.33.27:148][923]LogVoxelMeshingProfiling: Display: Scenario name: UEDPIE_0_Map_Grid_Scenario26; OpaqueVoxelCount: 18432; TransparentVoxelCount: 14336
[2025.05.08-12.33.27:148][923]LogVoxelMeshingProfiling: Display: Scenario name: UEDPIE_0_Map_Grid_Scenario26; Voxel Model memory: 262144
[2025.05.08-12.33.27:148][923]LogVoxelMeshingProfiling: Display: Scenario name: UEDPIE_0_Map_Grid_Scenario26; OpaqueVoxelCount: 18432; TransparentVoxelCount: 14336
[2025.05.08-12.33.27:154][923]LogVoxelMeshingProfiling: Display: Scenario name: UEDPIE_0_Map_Grid_Scenario26; Voxel Model memory: 262144
[2025.05.08-12.33.27:154][923]LogVoxelMeshingProfiling: Display: Scenario name: UEDPIE_0_Map_Grid_Scenario26; OpaqueVoxelCount: 18432; TransparentVoxelCount: 14336
[2025.05.08-12.33.27:154][923]LogVoxelMeshingProfiling: Display: Scenario name: UEDPIE_0_Map_Grid_Scenario26; Voxel Model memory: 262144
[2025.05.08-12.33.27:154][923]LogVoxelMeshingProfiling: Display: Scenario name: UEDPIE_0_Map_Grid_Scenario26; OpaqueVoxelCount: 18432; TransparentVoxelCount: 14336
[2025.05.08-12.33.27:159][923]LogVoxelMeshingProfiling: Display: Scenario name: UEDPIE_0_Map_Grid_Scenario26; Voxel Model memory: 262144
[2025.05.08-12.33.27:159][923]LogVoxelMeshingProfiling: Display: Scenario name: UEDPIE_0_Map_Grid_Scenario26; OpaqueVoxelCount: 18432; TransparentVoxelCount: 14336
[2025.05.08-12.33.27:160][923]LogVoxelMeshingProfiling: Display: Scenario name: UEDPIE_0_Map_Grid_Scenario26; Voxel Model memory: 262144
[2025.05.08-12.33.27:160][923]LogVoxelMeshingProfiling: Display: Scenario name: UEDPIE_0_Map_Grid_Scenario26; OpaqueVoxelCount: 18432; TransparentVoxelCount: 14336
[2025.05.08-12.33.27:160][923]LogVoxelMeshingProfiling: Display: Scenario name: UEDPIE_0_Map_Grid_Scenario26; Voxel Model memory: 262144
[2025.05.08-12.33.27:160][923]LogVoxelMeshingProfiling: Display: Scenario name: UEDPIE_0_Map_Grid_Scenario26; OpaqueVoxelCount: 18432; TransparentVoxelCount: 14336
[2025.05.08-12.33.27:161][923]LogVoxelMeshingProfiling: Display: Scenario name: UEDPIE_0_Map_Grid_Scenario26; Voxel Model memory: 262144
[2025.05.08-12.33.27:161][923]LogVoxelMeshingProfiling: Display: Scenario name: UEDPIE_0_Map_Grid_Scenario26; OpaqueVoxelCount: 18432; TransparentVoxelCount: 14336
[2025.05.08-12.33.27:162][923]LogVoxelMeshingProfiling: Display: Scenario name: UEDPIE_0_Map_Grid_Scenario26; Voxel Model memory: 262144
[2025.05.08-12.33.27:162][923]LogVoxelMeshingProfiling: Display: Scenario name: UEDPIE_0_Map_Grid_Scenario26; OpaqueVoxelCount: 18432; TransparentVoxelCount: 14336
[2025.05.08-12.33.27:169][923]LogVoxelMeshingProfiling: Display: Scenario name: UEDPIE_0_Map_Grid_Scenario26; Voxel Model memory: 262144
[2025.05.08-12.33.27:169][923]LogVoxelMeshingProfiling: Display: Scenario name: UEDPIE_0_Map_Grid_Scenario26; OpaqueVoxelCount: 18432; TransparentVoxelCount: 14336
[2025.05.08-12.33.27:169][923]LogVoxelMeshingProfiling: Display: Scenario name: UEDPIE_0_Map_Grid_Scenario26; Voxel Model memory: 262144
[2025.05.08-12.33.27:169][923]LogVoxelMeshingProfiling: Display: Scenario name: UEDPIE_0_Map_Grid_Scenario26; OpaqueVoxelCount: 18432; TransparentVoxelCount: 14336
[2025.05.08-12.33.27:170][923]LogVoxelMeshingProfiling: Display: Scenario name: UEDPIE_0_Map_Grid_Scenario26; Voxel Model memory: 262144
[2025.05.08-12.33.27:170][923]LogVoxelMeshingProfiling: Display: Scenario name: UEDPIE_0_Map_Grid_Scenario26; OpaqueVoxelCount: 18432; TransparentVoxelCount: 14336
[2025.05.08-12.33.27:173][923]LogVoxelMeshingProfiling: Display: Scenario name: UEDPIE_0_Map_Grid_Scenario26; Voxel Model memory: 262144
[2025.05.08-12.33.27:173][923]LogVoxelMeshingProfiling: Display: Scenario name: UEDPIE_0_Map_Grid_Scenario26; OpaqueVoxelCount: 18432; TransparentVoxelCount: 14336
[2025.05.08-12.33.27:174][923]LogVoxelMeshingProfiling: Display: Scenario name: UEDPIE_0_Map_Grid_Scenario26; Voxel Model memory: 262144
[2025.05.08-12.33.27:174][923]LogVoxelMeshingProfiling: Display: Scenario name: UEDPIE_0_Map_Grid_Scenario26; OpaqueVoxelCount: 18432; TransparentVoxelCount: 14336
[2025.05.08-12.33.27:174][923]LogVoxelMeshingProfiling: Display: Scenario name: UEDPIE_0_Map_Grid_Scenario26; Voxel Model memory: 262144
[2025.05.08-12.33.27:174][923]LogVoxelMeshingProfiling: Display: Scenario name: UEDPIE_0_Map_Grid_Scenario26; OpaqueVoxelCount: 18432; TransparentVoxelCount: 14336
[2025.05.08-12.33.27:174][923]LogVoxelMeshingProfiling: Display: Scenario name: UEDPIE_0_Map_Grid_Scenario26; Voxel Model memory: 262144
[2025.05.08-12.33.27:174][923]LogVoxelMeshingProfiling: Display: Scenario name: UEDPIE_0_Map_Grid_Scenario26; OpaqueVoxelCount: 18432; TransparentVoxelCount: 14336
[2025.05.08-12.33.27:180][923]LogVoxelMeshingProfiling: Display: Scenario name: UEDPIE_0_Map_Grid_Scenario26; Voxel Model memory: 262144
[2025.05.08-12.33.27:180][923]LogVoxelMeshingProfiling: Display: Scenario name: UEDPIE_0_Map_Grid_Scenario26; OpaqueVoxelCount: 18432; TransparentVoxelCount: 14336
[2025.05.08-12.33.27:180][923]LogVoxelMeshingProfiling: Display: Scenario name: UEDPIE_0_Map_Grid_Scenario26; Voxel Model memory: 262144
[2025.05.08-12.33.27:180][923]LogVoxelMeshingProfiling: Display: Scenario name: UEDPIE_0_Map_Grid_Scenario26; OpaqueVoxelCount: 18432; TransparentVoxelCount: 14336
[2025.05.08-12.33.27:184][923]LogVoxelMeshingProfiling: Display: Scenario name: UEDPIE_0_Map_Grid_Scenario26; Voxel Model memory: 262144
[2025.05.08-12.33.27:185][923]LogVoxelMeshingProfiling: Display: Scenario name: UEDPIE_0_Map_Grid_Scenario26; OpaqueVoxelCount: 18432; TransparentVoxelCount: 14336
[2025.05.08-12.33.27:186][923]LogVoxelMeshingProfiling: Display: Scenario name: UEDPIE_0_Map_Grid_Scenario26; Voxel Model memory: 262144
[2025.05.08-12.33.27:186][923]LogVoxelMeshingProfiling: Display: Scenario name: UEDPIE_0_Map_Grid_Scenario26; OpaqueVoxelCount: 18432; TransparentVoxelCount: 14336
[2025.05.08-12.33.27:186][923]LogVoxelMeshingProfiling: Display: Scenario name: UEDPIE_0_Map_Grid_Scenario26; Voxel Model memory: 262144
[2025.05.08-12.33.27:186][923]LogVoxelMeshingProfiling: Display: Scenario name: UEDPIE_0_Map_Grid_Scenario26; OpaqueVoxelCount: 18432; TransparentVoxelCount: 14336
[2025.05.08-12.33.27:186][923]LogVoxelMeshingProfiling: Display: Scenario name: UEDPIE_0_Map_Grid_Scenario26; Voxel Model memory: 262144
[2025.05.08-12.33.27:186][923]LogVoxelMeshingProfiling: Display: Scenario name: UEDPIE_0_Map_Grid_Scenario26; OpaqueVoxelCount: 18432; TransparentVoxelCount: 14336
[2025.05.08-12.33.27:190][923]LogVoxelMeshingProfiling: Display: Scenario name: UEDPIE_0_Map_Grid_Scenario26; Vertices: 24
[2025.05.08-12.33.27:193][923]LogVoxelMeshingProfiling: Display: Scenario name: UEDPIE_0_Map_Grid_Scenario26; Vertices: 36
[2025.05.08-12.33.27:196][924]LogVoxelMeshingProfiling: Display: Scenario name: UEDPIE_0_Map_Grid_Scenario26; Vertices: 24
[2025.05.08-12.33.27:200][924]LogVoxelMeshingProfiling: Display: Scenario name: UEDPIE_0_Map_Grid_Scenario26; Vertices: 24
[2025.05.08-12.33.27:202][924]LogVoxelMeshingProfiling: Display: Scenario name: UEDPIE_0_Map_Grid_Scenario26; Vertices: 36
[2025.05.08-12.33.27:206][924]LogVoxelMeshingProfiling: Display: Scenario name: UEDPIE_0_Map_Grid_Scenario26; Vertices: 36
[2025.05.08-12.33.27:210][924]LogVoxelMeshingProfiling: Display: Scenario name: UEDPIE_0_Map_Grid_Scenario26; Vertices: 36
[2025.05.08-12.33.27:213][924]LogVoxelMeshingProfiling: Display: Scenario name: UEDPIE_0_Map_Grid_Scenario26; Vertices: 36
[2025.05.08-12.33.27:216][924]LogVoxelMeshingProfiling: Display: Scenario name: UEDPIE_0_Map_Grid_Scenario26; Vertices: 36
[2025.05.08-12.33.27:219][924]LogVoxelMeshingProfiling: Display: Scenario name: UEDPIE_0_Map_Grid_Scenario26; Vertices: 48
[2025.05.08-12.33.27:223][924]LogVoxelMeshingProfiling: Display: Scenario name: UEDPIE_0_Map_Grid_Scenario26; Vertices: 48
[2025.05.08-12.33.27:226][924]LogVoxelMeshingProfiling: Display: Scenario name: UEDPIE_0_Map_Grid_Scenario26; Vertices: 36
[2025.05.08-12.33.27:230][924]LogVoxelMeshingProfiling: Display: Scenario name: UEDPIE_0_Map_Grid_Scenario26; Vertices: 36
[2025.05.08-12.33.27:235][924]LogVoxelMeshingProfiling: Display: Scenario name: UEDPIE_0_Map_Grid_Scenario26; Vertices: 36
[2025.05.08-12.33.27:238][924]LogVoxelMeshingProfiling: Display: Scenario name: UEDPIE_0_Map_Grid_Scenario26; Vertices: 36
[2025.05.08-12.33.27:241][924]LogVoxelMeshingProfiling: Display: Scenario name: UEDPIE_0_Map_Grid_Scenario26; Vertices: 36
[2025.05.08-12.33.27:244][924]LogVoxelMeshingProfiling: Display: Scenario name: UEDPIE_0_Map_Grid_Scenario26; Vertices: 36
[2025.05.08-12.33.27:248][924]LogVoxelMeshingProfiling: Display: Scenario name: UEDPIE_0_Map_Grid_Scenario26; Vertices: 48
[2025.05.08-12.33.27:252][924]LogVoxelMeshingProfiling: Display: Scenario name: UEDPIE_0_Map_Grid_Scenario26; Vertices: 48
[2025.05.08-12.33.27:255][924]LogVoxelMeshingProfiling: Display: Scenario name: UEDPIE_0_Map_Grid_Scenario26; Vertices: 48
[2025.05.08-12.33.27:259][924]LogVoxelMeshingProfiling: Display: Scenario name: UEDPIE_0_Map_Grid_Scenario26; Vertices: 48
[2025.05.08-12.33.27:262][924]LogVoxelMeshingProfiling: Display: Scenario name: UEDPIE_0_Map_Grid_Scenario26; Vertices: 48
[2025.05.08-12.33.27:265][924]LogVoxelMeshingProfiling: Display: Scenario name: UEDPIE_0_Map_Grid_Scenario26; Vertices: 48
[2025.05.08-12.33.27:269][924]LogVoxelMeshingProfiling: Display: Scenario name: UEDPIE_0_Map_Grid_Scenario26; Vertices: 48
[2025.05.08-12.33.27:272][924]LogVoxelMeshingProfiling: Display: Scenario name: UEDPIE_0_Map_Grid_Scenario26; Vertices: 48
[2025.05.08-12.33.27:275][924]LogVoxelMeshingProfiling: Display: Scenario name: UEDPIE_0_Map_Grid_Scenario26; Vertices: 48
[2025.05.08-12.33.27:278][924]LogVoxelMeshingProfiling: Display: Scenario name: UEDPIE_0_Map_Grid_Scenario26; Vertices: 48
[2025.05.08-12.33.34:416][417]LogVoxelMeshingProfiling: Display: Scenario name: UEDPIE_0_Map_RLE_Scenario26; Voxel Model memory: 89892
[2025.05.08-12.33.34:425][417]LogVoxelMeshingProfiling: Display: Scenario name: UEDPIE_0_Map_RLE_Scenario26; Voxel Model memory: 89892
[2025.05.08-12.33.34:425][417]LogVoxelMeshingProfiling: Display: Scenario name: UEDPIE_0_Map_RLE_Scenario26; Voxel Model memory: 89892
[2025.05.08-12.33.34:426][417]LogVoxelMeshingProfiling: Display: Scenario name: UEDPIE_0_Map_RLE_Scenario26; Voxel Model memory: 89892
[2025.05.08-12.33.34:426][417]LogVoxelMeshingProfiling: Display: Scenario name: UEDPIE_0_Map_RLE_Scenario26; Voxel Model memory: 89892
[2025.05.08-12.33.34:427][417]LogVoxelMeshingProfiling: Display: Scenario name: UEDPIE_0_Map_RLE_Scenario26; Voxel Model memory: 89892
[2025.05.08-12.33.34:427][417]LogVoxelMeshingProfiling: Display: Scenario name: UEDPIE_0_Map_RLE_Scenario26; Voxel Model memory: 89892
[2025.05.08-12.33.34:436][417]LogVoxelMeshingProfiling: Display: Scenario name: UEDPIE_0_Map_RLE_Scenario26; Voxel Model memory: 89892
[2025.05.08-12.33.34:437][417]LogVoxelMeshingProfiling: Display: Scenario name: UEDPIE_0_Map_RLE_Scenario26; Voxel Model memory: 89892
[2025.05.08-12.33.34:437][417]LogVoxelMeshingProfiling: Display: Scenario name: UEDPIE_0_Map_RLE_Scenario26; Voxel Model memory: 89892
[2025.05.08-12.33.34:437][417]LogVoxelMeshingProfiling: Display: Scenario name: UEDPIE_0_Map_RLE_Scenario26; Voxel Model memory: 89892
[2025.05.08-12.33.34:443][417]LogVoxelMeshingProfiling: Display: Scenario name: UEDPIE_0_Map_RLE_Scenario26; Voxel Model memory: 89892
[2025.05.08-12.33.34:443][417]LogVoxelMeshingProfiling: Display: Scenario name: UEDPIE_0_Map_RLE_Scenario26; Voxel Model memory: 89892
[2025.05.08-12.33.34:443][417]LogVoxelMeshingProfiling: Display: Scenario name: UEDPIE_0_Map_RLE_Scenario26; Voxel Model memory: 89892
[2025.05.08-12.33.34:449][417]LogVoxelMeshingProfiling: Display: Scenario name: UEDPIE_0_Map_RLE_Scenario26; Voxel Model memory: 89892
[2025.05.08-12.33.34:449][417]LogVoxelMeshingProfiling: Display: Scenario name: UEDPIE_0_Map_RLE_Scenario26; Voxel Model memory: 89892
[2025.05.08-12.33.34:450][417]LogVoxelMeshingProfiling: Display: Scenario name: UEDPIE_0_Map_RLE_Scenario26; Voxel Model memory: 89892
[2025.05.08-12.33.34:450][417]LogVoxelMeshingProfiling: Display: Scenario name: UEDPIE_0_Map_RLE_Scenario26; Voxel Model memory: 89892
[2025.05.08-12.33.34:454][417]LogVoxelMeshingProfiling: Display: Scenario name: UEDPIE_0_Map_RLE_Scenario26; Voxel Model memory: 89892
[2025.05.08-12.33.34:454][417]LogVoxelMeshingProfiling: Display: Scenario name: UEDPIE_0_Map_RLE_Scenario26; Voxel Model memory: 89892
[2025.05.08-12.33.34:454][417]LogVoxelMeshingProfiling: Display: Scenario name: UEDPIE_0_Map_RLE_Scenario26; Voxel Model memory: 89892
[2025.05.08-12.33.34:460][417]LogVoxelMeshingProfiling: Display: Scenario name: UEDPIE_0_Map_RLE_Scenario26; Voxel Model memory: 89892
[2025.05.08-12.33.34:461][417]LogVoxelMeshingProfiling: Display: Scenario name: UEDPIE_0_Map_RLE_Scenario26; Voxel Model memory: 89892
[2025.05.08-12.33.34:462][417]LogVoxelMeshingProfiling: Display: Scenario name: UEDPIE_0_Map_RLE_Scenario26; Voxel Model memory: 89892
[2025.05.08-12.33.34:462][417]LogVoxelMeshingProfiling: Display: Scenario name: UEDPIE_0_Map_RLE_Scenario26; Voxel Model memory: 89892
[2025.05.08-12.33.34:464][417]LogVoxelMeshingProfiling: Display: Scenario name: UEDPIE_0_Map_RLE_Scenario26; Voxel Model memory: 89892
[2025.05.08-12.33.34:464][417]LogVoxelMeshingProfiling: Display: Scenario name: UEDPIE_0_Map_RLE_Scenario26; Voxel Model memory: 89892
[2025.05.08-12.33.34:479][418]LogVoxelMeshingProfiling: Display: Scenario name: UEDPIE_0_Map_RLE_Scenario26; Vertices: 73728
[2025.05.08-12.33.34:493][418]LogVoxelMeshingProfiling: Display: Scenario name: UEDPIE_0_Map_RLE_Scenario26; Vertices: 73728
[2025.05.08-12.33.34:505][418]LogVoxelMeshingProfiling: Display: Scenario name: UEDPIE_0_Map_RLE_Scenario26; Vertices: 73728
[2025.05.08-12.33.34:517][418]LogVoxelMeshingProfiling: Display: Scenario name: UEDPIE_0_Map_RLE_Scenario26; Vertices: 73728
[2025.05.08-12.33.34:532][418]LogVoxelMeshingProfiling: Display: Scenario name: UEDPIE_0_Map_RLE_Scenario26; Vertices: 73728
[2025.05.08-12.33.34:546][418]LogVoxelMeshingProfiling: Display: Scenario name: UEDPIE_0_Map_RLE_Scenario26; Vertices: 73728
[2025.05.08-12.33.34:564][419]LogVoxelMeshingProfiling: Display: Scenario name: UEDPIE_0_Map_RLE_Scenario26; Vertices: 73728
[2025.05.08-12.33.34:590][419]LogVoxelMeshingProfiling: Display: Scenario name: UEDPIE_0_Map_RLE_Scenario26; Vertices: 73728
[2025.05.08-12.33.34:610][419]LogVoxelMeshingProfiling: Display: Scenario name: UEDPIE_0_Map_RLE_Scenario26; Vertices: 73728
[2025.05.08-12.33.34:629][419]LogVoxelMeshingProfiling: Display: Scenario name: UEDPIE_0_Map_RLE_Scenario26; Vertices: 73728
[2025.05.08-12.33.34:649][419]LogVoxelMeshingProfiling: Display: Scenario name: UEDPIE_0_Map_RLE_Scenario26; Vertices: 73728
[2025.05.08-12.33.34:669][419]LogVoxelMeshingProfiling: Display: Scenario name: UEDPIE_0_Map_RLE_Scenario26; Vertices: 73728
[2025.05.08-12.33.34:687][420]LogVoxelMeshingProfiling: Display: Scenario name: UEDPIE_0_Map_RLE_Scenario26; Vertices: 73728
[2025.05.08-12.33.34:714][420]LogVoxelMeshingProfiling: Display: Scenario name: UEDPIE_0_Map_RLE_Scenario26; Vertices: 73728
[2025.05.08-12.33.34:750][420]LogVoxelMeshingProfiling: Display: Scenario name: UEDPIE_0_Map_RLE_Scenario26; Vertices: 73728
[2025.05.08-12.33.34:762][420]LogVoxelMeshingProfiling: Display: Scenario name: UEDPIE_0_Map_RLE_Scenario26; Vertices: 73728
[2025.05.08-12.33.34:783][421]LogVoxelMeshingProfiling: Display: Scenario name: UEDPIE_0_Map_RLE_Scenario26; Vertices: 73728
[2025.05.08-12.33.34:801][421]LogVoxelMeshingProfiling: Display: Scenario name: UEDPIE_0_Map_RLE_Scenario26; Vertices: 73728
[2025.05.08-12.33.34:820][421]LogVoxelMeshingProfiling: Display: Scenario name: UEDPIE_0_Map_RLE_Scenario26; Vertices: 73728
[2025.05.08-12.33.34:841][422]LogVoxelMeshingProfiling: Display: Scenario name: UEDPIE_0_Map_RLE_Scenario26; Vertices: 73728
[2025.05.08-12.33.34:863][423]LogVoxelMeshingProfiling: Display: Scenario name: UEDPIE_0_Map_RLE_Scenario26; Vertices: 73728
[2025.05.08-12.33.34:882][423]LogVoxelMeshingProfiling: Display: Scenario name: UEDPIE_0_Map_RLE_Scenario26; Vertices: 73728
[2025.05.08-12.33.34:902][423]LogVoxelMeshingProfiling: Display: Scenario name: UEDPIE_0_Map_RLE_Scenario26; Vertices: 73728
[2025.05.08-12.33.34:926][423]LogVoxelMeshingProfiling: Display: Scenario name: UEDPIE_0_Map_RLE_Scenario26; Vertices: 73728
[2025.05.08-12.33.34:950][424]LogVoxelMeshingProfiling: Display: Scenario name: UEDPIE_0_Map_RLE_Scenario26; Vertices: 73728
[2025.05.08-12.33.34:972][424]LogVoxelMeshingProfiling: Display: Scenario name: UEDPIE_0_Map_RLE_Scenario26; Vertices: 73728
[2025.05.08-12.33.34:995][425]LogVoxelMeshingProfiling: Display: Scenario name: UEDPIE_0_Map_RLE_Scenario26; Vertices: 73728
[2025.05.08-12.33.43:030][873]LogVoxelMeshingProfiling: Display: Scenario name: UEDPIE_0_Map_VoxelPlugin_Scenario26; Voxel Model memory: 262144
[2025.05.08-12.33.43:030][873]LogVoxelMeshingProfiling: Display: Scenario name: UEDPIE_0_Map_VoxelPlugin_Scenario26; OpaqueVoxelCount: 18432; TransparentVoxelCount: 14336
[2025.05.08-12.33.43:037][873]LogVoxelMeshingProfiling: Display: Scenario name: UEDPIE_0_Map_VoxelPlugin_Scenario26; Voxel Model memory: 262144
[2025.05.08-12.33.43:037][873]LogVoxelMeshingProfiling: Display: Scenario name: UEDPIE_0_Map_VoxelPlugin_Scenario26; OpaqueVoxelCount: 18432; TransparentVoxelCount: 14336
[2025.05.08-12.33.43:037][873]LogVoxelMeshingProfiling: Display: Scenario name: UEDPIE_0_Map_VoxelPlugin_Scenario26; Voxel Model memory: 262144
[2025.05.08-12.33.43:037][873]LogVoxelMeshingProfiling: Display: Scenario name: UEDPIE_0_Map_VoxelPlugin_Scenario26; OpaqueVoxelCount: 18432; TransparentVoxelCount: 14336
[2025.05.08-12.33.43:038][873]LogVoxelMeshingProfiling: Display: Scenario name: UEDPIE_0_Map_VoxelPlugin_Scenario26; Voxel Model memory: 262144
[2025.05.08-12.33.43:038][873]LogVoxelMeshingProfiling: Display: Scenario name: UEDPIE_0_Map_VoxelPlugin_Scenario26; OpaqueVoxelCount: 18432; TransparentVoxelCount: 14336
[2025.05.08-12.33.43:039][873]LogVoxelMeshingProfiling: Display: Scenario name: UEDPIE_0_Map_VoxelPlugin_Scenario26; Voxel Model memory: 262144
[2025.05.08-12.33.43:039][873]LogVoxelMeshingProfiling: Display: Scenario name: UEDPIE_0_Map_VoxelPlugin_Scenario26; OpaqueVoxelCount: 18432; TransparentVoxelCount: 14336
[2025.05.08-12.33.43:040][873]LogVoxelMeshingProfiling: Display: Scenario name: UEDPIE_0_Map_VoxelPlugin_Scenario26; Voxel Model memory: 262144
[2025.05.08-12.33.43:040][873]LogVoxelMeshingProfiling: Display: Scenario name: UEDPIE_0_Map_VoxelPlugin_Scenario26; OpaqueVoxelCount: 18432; TransparentVoxelCount: 14336
[2025.05.08-12.33.43:040][873]LogVoxelMeshingProfiling: Display: Scenario name: UEDPIE_0_Map_VoxelPlugin_Scenario26; Voxel Model memory: 262144
[2025.05.08-12.33.43:040][873]LogVoxelMeshingProfiling: Display: Scenario name: UEDPIE_0_Map_VoxelPlugin_Scenario26; OpaqueVoxelCount: 18432; TransparentVoxelCount: 14336
[2025.05.08-12.33.43:048][873]LogVoxelMeshingProfiling: Display: Scenario name: UEDPIE_0_Map_VoxelPlugin_Scenario26; Voxel Model memory: 262144
[2025.05.08-12.33.43:048][873]LogVoxelMeshingProfiling: Display: Scenario name: UEDPIE_0_Map_VoxelPlugin_Scenario26; OpaqueVoxelCount: 18432; TransparentVoxelCount: 14336
[2025.05.08-12.33.43:048][873]LogVoxelMeshingProfiling: Display: Scenario name: UEDPIE_0_Map_VoxelPlugin_Scenario26; Voxel Model memory: 262144
[2025.05.08-12.33.43:048][873]LogVoxelMeshingProfiling: Display: Scenario name: UEDPIE_0_Map_VoxelPlugin_Scenario26; OpaqueVoxelCount: 18432; TransparentVoxelCount: 14336
[2025.05.08-12.33.43:052][873]LogVoxelMeshingProfiling: Display: Scenario name: UEDPIE_0_Map_VoxelPlugin_Scenario26; Voxel Model memory: 262144
[2025.05.08-12.33.43:052][873]LogVoxelMeshingProfiling: Display: Scenario name: UEDPIE_0_Map_VoxelPlugin_Scenario26; OpaqueVoxelCount: 18432; TransparentVoxelCount: 14336
[2025.05.08-12.33.43:052][873]LogVoxelMeshingProfiling: Display: Scenario name: UEDPIE_0_Map_VoxelPlugin_Scenario26; Voxel Model memory: 262144
[2025.05.08-12.33.43:052][873]LogVoxelMeshingProfiling: Display: Scenario name: UEDPIE_0_Map_VoxelPlugin_Scenario26; OpaqueVoxelCount: 18432; TransparentVoxelCount: 14336
[2025.05.08-12.33.43:052][873]LogVoxelMeshingProfiling: Display: Scenario name: UEDPIE_0_Map_VoxelPlugin_Scenario26; Voxel Model memory: 262144
[2025.05.08-12.33.43:052][873]LogVoxelMeshingProfiling: Display: Scenario name: UEDPIE_0_Map_VoxelPlugin_Scenario26; OpaqueVoxelCount: 18432; TransparentVoxelCount: 14336
[2025.05.08-12.33.43:052][873]LogVoxelMeshingProfiling: Display: Scenario name: UEDPIE_0_Map_VoxelPlugin_Scenario26; Voxel Model memory: 262144
[2025.05.08-12.33.43:052][873]LogVoxelMeshingProfiling: Display: Scenario name: UEDPIE_0_Map_VoxelPlugin_Scenario26; OpaqueVoxelCount: 18432; TransparentVoxelCount: 14336
[2025.05.08-12.33.43:053][873]LogVoxelMeshingProfiling: Display: Scenario name: UEDPIE_0_Map_VoxelPlugin_Scenario26; Voxel Model memory: 262144
[2025.05.08-12.33.43:053][873]LogVoxelMeshingProfiling: Display: Scenario name: UEDPIE_0_Map_VoxelPlugin_Scenario26; OpaqueVoxelCount: 18432; TransparentVoxelCount: 14336
[2025.05.08-12.33.43:062][873]LogVoxelMeshingProfiling: Display: Scenario name: UEDPIE_0_Map_VoxelPlugin_Scenario26; Voxel Model memory: 262144
[2025.05.08-12.33.43:062][873]LogVoxelMeshingProfiling: Display: Scenario name: UEDPIE_0_Map_VoxelPlugin_Scenario26; OpaqueVoxelCount: 18432; TransparentVoxelCount: 14336
[2025.05.08-12.33.43:063][873]LogVoxelMeshingProfiling: Display: Scenario name: UEDPIE_0_Map_VoxelPlugin_Scenario26; Voxel Model memory: 262144
[2025.05.08-12.33.43:063][873]LogVoxelMeshingProfiling: Display: Scenario name: UEDPIE_0_Map_VoxelPlugin_Scenario26; OpaqueVoxelCount: 18432; TransparentVoxelCount: 14336
[2025.05.08-12.33.43:063][873]LogVoxelMeshingProfiling: Display: Scenario name: UEDPIE_0_Map_VoxelPlugin_Scenario26; Voxel Model memory: 262144
[2025.05.08-12.33.43:064][873]LogVoxelMeshingProfiling: Display: Scenario name: UEDPIE_0_Map_VoxelPlugin_Scenario26; OpaqueVoxelCount: 18432; TransparentVoxelCount: 14336
[2025.05.08-12.33.43:064][873]LogVoxelMeshingProfiling: Display: Scenario name: UEDPIE_0_Map_VoxelPlugin_Scenario26; Voxel Model memory: 262144
[2025.05.08-12.33.43:064][873]LogVoxelMeshingProfiling: Display: Scenario name: UEDPIE_0_Map_VoxelPlugin_Scenario26; OpaqueVoxelCount: 18432; TransparentVoxelCount: 14336
[2025.05.08-12.33.43:066][873]LogVoxelMeshingProfiling: Display: Scenario name: UEDPIE_0_Map_VoxelPlugin_Scenario26; Voxel Model memory: 262144
[2025.05.08-12.33.43:066][873]LogVoxelMeshingProfiling: Display: Scenario name: UEDPIE_0_Map_VoxelPlugin_Scenario26; OpaqueVoxelCount: 18432; TransparentVoxelCount: 14336
[2025.05.08-12.33.43:067][873]LogVoxelMeshingProfiling: Display: Scenario name: UEDPIE_0_Map_VoxelPlugin_Scenario26; Voxel Model memory: 262144
[2025.05.08-12.33.43:067][873]LogVoxelMeshingProfiling: Display: Scenario name: UEDPIE_0_Map_VoxelPlugin_Scenario26; OpaqueVoxelCount: 18432; TransparentVoxelCount: 14336
[2025.05.08-12.33.43:067][873]LogVoxelMeshingProfiling: Display: Scenario name: UEDPIE_0_Map_VoxelPlugin_Scenario26; Voxel Model memory: 262144
[2025.05.08-12.33.43:067][873]LogVoxelMeshingProfiling: Display: Scenario name: UEDPIE_0_Map_VoxelPlugin_Scenario26; OpaqueVoxelCount: 18432; TransparentVoxelCount: 14336
[2025.05.08-12.33.43:075][873]LogVoxelMeshingProfiling: Display: Scenario name: UEDPIE_0_Map_VoxelPlugin_Scenario26; Voxel Model memory: 262144
[2025.05.08-12.33.43:075][873]LogVoxelMeshingProfiling: Display: Scenario name: UEDPIE_0_Map_VoxelPlugin_Scenario26; OpaqueVoxelCount: 18432; TransparentVoxelCount: 14336
[2025.05.08-12.33.43:075][873]LogVoxelMeshingProfiling: Display: Scenario name: UEDPIE_0_Map_VoxelPlugin_Scenario26; Voxel Model memory: 262144
[2025.05.08-12.33.43:075][873]LogVoxelMeshingProfiling: Display: Scenario name: UEDPIE_0_Map_VoxelPlugin_Scenario26; OpaqueVoxelCount: 18432; TransparentVoxelCount: 14336
[2025.05.08-12.33.43:078][873]LogVoxelMeshingProfiling: Display: Scenario name: UEDPIE_0_Map_VoxelPlugin_Scenario26; Voxel Model memory: 262144
[2025.05.08-12.33.43:079][873]LogVoxelMeshingProfiling: Display: Scenario name: UEDPIE_0_Map_VoxelPlugin_Scenario26; OpaqueVoxelCount: 18432; TransparentVoxelCount: 14336
[2025.05.08-12.33.43:079][873]LogVoxelMeshingProfiling: Display: Scenario name: UEDPIE_0_Map_VoxelPlugin_Scenario26; Voxel Model memory: 262144
[2025.05.08-12.33.43:079][873]LogVoxelMeshingProfiling: Display: Scenario name: UEDPIE_0_Map_VoxelPlugin_Scenario26; OpaqueVoxelCount: 18432; TransparentVoxelCount: 14336
[2025.05.08-12.33.43:080][873]LogVoxelMeshingProfiling: Display: Scenario name: UEDPIE_0_Map_VoxelPlugin_Scenario26; Voxel Model memory: 262144
[2025.05.08-12.33.43:080][873]LogVoxelMeshingProfiling: Display: Scenario name: UEDPIE_0_Map_VoxelPlugin_Scenario26; OpaqueVoxelCount: 18432; TransparentVoxelCount: 14336
[2025.05.08-12.33.43:080][873]LogVoxelMeshingProfiling: Display: Scenario name: UEDPIE_0_Map_VoxelPlugin_Scenario26; Voxel Model memory: 262144
[2025.05.08-12.33.43:080][873]LogVoxelMeshingProfiling: Display: Scenario name: UEDPIE_0_Map_VoxelPlugin_Scenario26; OpaqueVoxelCount: 18432; TransparentVoxelCount: 14336
[2025.05.08-12.33.43:136][874]LogVoxelMeshingProfiling: Display: Scenario name: Map_VoxelPlugin_Scenario26; Vertices: 26880
[2025.05.08-12.33.43:150][874]LogVoxelMeshingProfiling: Display: Scenario name: Map_VoxelPlugin_Scenario26; Vertices: 29184
[2025.05.08-12.33.43:157][874]LogVoxelMeshingProfiling: Display: Scenario name: Map_VoxelPlugin_Scenario26; Vertices: 26880
[2025.05.08-12.33.43:169][874]LogVoxelMeshingProfiling: Display: Scenario name: Map_VoxelPlugin_Scenario26; Vertices: 29184
[2025.05.08-12.33.43:182][874]LogVoxelMeshingProfiling: Display: Scenario name: Map_VoxelPlugin_Scenario26; Vertices: 29184
[2025.05.08-12.33.43:187][874]LogVoxelMeshingProfiling: Display: Scenario name: Map_VoxelPlugin_Scenario26; Vertices: 26880
[2025.05.08-12.33.43:201][874]LogVoxelMeshingProfiling: Display: Scenario name: Map_VoxelPlugin_Scenario26; Vertices: 29184
[2025.05.08-12.33.43:215][875]LogVoxelMeshingProfiling: Display: Scenario name: Map_VoxelPlugin_Scenario26; Vertices: 29184
[2025.05.08-12.33.43:242][876]LogVoxelMeshingProfiling: Display: Scenario name: Map_VoxelPlugin_Scenario26; Vertices: 29184
[2025.05.08-12.33.43:248][876]LogVoxelMeshingProfiling: Display: Scenario name: Map_VoxelPlugin_Scenario26; Vertices: 26880
[2025.05.08-12.33.43:293][878]LogVoxelMeshingProfiling: Display: Scenario name: Map_VoxelPlugin_Scenario26; Vertices: 24576
[2025.05.08-12.33.43:304][878]LogVoxelMeshingProfiling: Display: Scenario name: Map_VoxelPlugin_Scenario26; Vertices: 24576
[2025.05.08-12.33.43:328][880]LogVoxelMeshingProfiling: Display: Scenario name: Map_VoxelPlugin_Scenario26; Vertices: 26880
[2025.05.08-12.33.43:345][880]LogVoxelMeshingProfiling: Display: Scenario name: Map_VoxelPlugin_Scenario26; Vertices: 24576
[2025.05.08-12.33.43:366][882]LogVoxelMeshingProfiling: Display: Scenario name: Map_VoxelPlugin_Scenario26; Vertices: 26880
[2025.05.08-12.33.43:398][884]LogVoxelMeshingProfiling: Display: Scenario name: Map_VoxelPlugin_Scenario26; Vertices: 26880
[2025.05.08-12.33.43:407][884]LogVoxelMeshingProfiling: Display: Scenario name: Map_VoxelPlugin_Scenario26; Vertices: 26880
[2025.05.08-12.33.43:430][885]LogVoxelMeshingProfiling: Display: Scenario name: Map_VoxelPlugin_Scenario26; Vertices: 26880
[2025.05.08-12.33.43:508][890]LogVoxelMeshingProfiling: Display: Scenario name: Map_VoxelPlugin_Scenario26; Vertices: 29184
[2025.05.08-12.33.43:509][890]LogVoxelMeshingProfiling: Display: Scenario name: Map_VoxelPlugin_Scenario26; Vertices: 26880
[2025.05.08-12.33.43:533][891]LogVoxelMeshingProfiling: Display: Scenario name: Map_VoxelPlugin_Scenario26; Vertices: 26880
[2025.05.08-12.33.43:537][891]LogVoxelMeshingProfiling: Display: Scenario name: Map_VoxelPlugin_Scenario26; Vertices: 29184
[2025.05.08-12.33.43:572][894]LogVoxelMeshingProfiling: Display: Scenario name: Map_VoxelPlugin_Scenario26; Vertices: 26880
[2025.05.08-12.33.43:590][895]LogVoxelMeshingProfiling: Display: Scenario name: Map_VoxelPlugin_Scenario26; Vertices: 29184
[2025.05.08-12.33.43:600][895]LogVoxelMeshingProfiling: Display: Scenario name: Map_VoxelPlugin_Scenario26; Vertices: 29184
[2025.05.08-12.33.43:614][896]LogVoxelMeshingProfiling: Display: Scenario name: Map_VoxelPlugin_Scenario26; Vertices: 29184
[2025.05.08-12.33.43:634][898]LogVoxelMeshingProfiling: Display: Scenario name: Map_VoxelPlugin_Scenario26; Vertices: 29184
