[2025.05.08-12.37.45:575][878]LogVoxelMeshingProfiling: Display: Scenario name: UEDPIE_0_Map_Grid_Scenario27; Voxel Model memory: 262144
[2025.05.08-12.37.45:575][878]LogVoxelMeshingProfiling: Display: Scenario name: UEDPIE_0_Map_Grid_Scenario27; OpaqueVoxelCount: 21504; TransparentVoxelCount: 11264
[2025.05.08-12.37.45:585][878]LogVoxelMeshingProfiling: Display: Scenario name: UEDPIE_0_Map_Grid_Scenario27; Voxel Model memory: 262144
[2025.05.08-12.37.45:585][878]LogVoxelMeshingProfiling: Display: Scenario name: UEDPIE_0_Map_Grid_Scenario27; OpaqueVoxelCount: 21504; TransparentVoxelCount: 11264
[2025.05.08-12.37.45:585][878]LogVoxelMeshingProfiling: Display: Scenario name: UEDPIE_0_Map_Grid_Scenario27; Voxel Model memory: 262144
[2025.05.08-12.37.45:585][878]LogVoxelMeshingProfiling: Display: Scenario name: UEDPIE_0_Map_Grid_Scenario27; OpaqueVoxelCount: 21504; TransparentVoxelCount: 11264
[2025.05.08-12.37.45:585][878]LogVoxelMeshingProfiling: Display: Scenario name: UEDPIE_0_Map_Grid_Scenario27; Voxel Model memory: 262144
[2025.05.08-12.37.45:585][878]LogVoxelMeshingProfiling: Display: Scenario name: UEDPIE_0_Map_Grid_Scenario27; OpaqueVoxelCount: 21504; TransparentVoxelCount: 11264
[2025.05.08-12.37.45:586][878]LogVoxelMeshingProfiling: Display: Scenario name: UEDPIE_0_Map_Grid_Scenario27; Voxel Model memory: 262144
[2025.05.08-12.37.45:586][878]LogVoxelMeshingProfiling: Display: Scenario name: UEDPIE_0_Map_Grid_Scenario27; OpaqueVoxelCount: 21504; TransparentVoxelCount: 11264
[2025.05.08-12.37.45:588][878]LogVoxelMeshingProfiling: Display: Scenario name: UEDPIE_0_Map_Grid_Scenario27; Voxel Model memory: 262144
[2025.05.08-12.37.45:588][878]LogVoxelMeshingProfiling: Display: Scenario name: UEDPIE_0_Map_Grid_Scenario27; OpaqueVoxelCount: 21504; TransparentVoxelCount: 11264
[2025.05.08-12.37.45:588][878]LogVoxelMeshingProfiling: Display: Scenario name: UEDPIE_0_Map_Grid_Scenario27; Voxel Model memory: 262144
[2025.05.08-12.37.45:588][878]LogVoxelMeshingProfiling: Display: Scenario name: UEDPIE_0_Map_Grid_Scenario27; OpaqueVoxelCount: 21504; TransparentVoxelCount: 11264
[2025.05.08-12.37.45:597][878]LogVoxelMeshingProfiling: Display: Scenario name: UEDPIE_0_Map_Grid_Scenario27; Voxel Model memory: 262144
[2025.05.08-12.37.45:597][878]LogVoxelMeshingProfiling: Display: Scenario name: UEDPIE_0_Map_Grid_Scenario27; OpaqueVoxelCount: 21504; TransparentVoxelCount: 11264
[2025.05.08-12.37.45:597][878]LogVoxelMeshingProfiling: Display: Scenario name: UEDPIE_0_Map_Grid_Scenario27; Voxel Model memory: 262144
[2025.05.08-12.37.45:597][878]LogVoxelMeshingProfiling: Display: Scenario name: UEDPIE_0_Map_Grid_Scenario27; OpaqueVoxelCount: 21504; TransparentVoxelCount: 11264
[2025.05.08-12.37.45:599][878]LogVoxelMeshingProfiling: Display: Scenario name: UEDPIE_0_Map_Grid_Scenario27; Voxel Model memory: 262144
[2025.05.08-12.37.45:599][878]LogVoxelMeshingProfiling: Display: Scenario name: UEDPIE_0_Map_Grid_Scenario27; OpaqueVoxelCount: 21504; TransparentVoxelCount: 11264
[2025.05.08-12.37.45:599][878]LogVoxelMeshingProfiling: Display: Scenario name: UEDPIE_0_Map_Grid_Scenario27; Voxel Model memory: 262144
[2025.05.08-12.37.45:600][878]LogVoxelMeshingProfiling: Display: Scenario name: UEDPIE_0_Map_Grid_Scenario27; OpaqueVoxelCount: 21504; TransparentVoxelCount: 11264
[2025.05.08-12.37.45:602][878]LogVoxelMeshingProfiling: Display: Scenario name: UEDPIE_0_Map_Grid_Scenario27; Voxel Model memory: 262144
[2025.05.08-12.37.45:602][878]LogVoxelMeshingProfiling: Display: Scenario name: UEDPIE_0_Map_Grid_Scenario27; OpaqueVoxelCount: 21504; TransparentVoxelCount: 11264
[2025.05.08-12.37.45:602][878]LogVoxelMeshingProfiling: Display: Scenario name: UEDPIE_0_Map_Grid_Scenario27; Voxel Model memory: 262144
[2025.05.08-12.37.45:602][878]LogVoxelMeshingProfiling: Display: Scenario name: UEDPIE_0_Map_Grid_Scenario27; OpaqueVoxelCount: 21504; TransparentVoxelCount: 11264
[2025.05.08-12.37.45:602][878]LogVoxelMeshingProfiling: Display: Scenario name: UEDPIE_0_Map_Grid_Scenario27; Voxel Model memory: 262144
[2025.05.08-12.37.45:602][878]LogVoxelMeshingProfiling: Display: Scenario name: UEDPIE_0_Map_Grid_Scenario27; OpaqueVoxelCount: 21504; TransparentVoxelCount: 11264
[2025.05.08-12.37.45:614][878]LogVoxelMeshingProfiling: Display: Scenario name: UEDPIE_0_Map_Grid_Scenario27; Voxel Model memory: 262144
[2025.05.08-12.37.45:614][878]LogVoxelMeshingProfiling: Display: Scenario name: UEDPIE_0_Map_Grid_Scenario27; Voxel Model memory: 262144
[2025.05.08-12.37.45:614][878]LogVoxelMeshingProfiling: Display: Scenario name: UEDPIE_0_Map_Grid_Scenario27; OpaqueVoxelCount: 21504; TransparentVoxelCount: 11264
[2025.05.08-12.37.45:614][878]LogVoxelMeshingProfiling: Display: Scenario name: UEDPIE_0_Map_Grid_Scenario27; OpaqueVoxelCount: 21504; TransparentVoxelCount: 11264
[2025.05.08-12.37.45:615][878]LogVoxelMeshingProfiling: Display: Scenario name: UEDPIE_0_Map_Grid_Scenario27; Voxel Model memory: 262144
[2025.05.08-12.37.45:615][878]LogVoxelMeshingProfiling: Display: Scenario name: UEDPIE_0_Map_Grid_Scenario27; OpaqueVoxelCount: 21504; TransparentVoxelCount: 11264
[2025.05.08-12.37.45:615][878]LogVoxelMeshingProfiling: Display: Scenario name: UEDPIE_0_Map_Grid_Scenario27; Voxel Model memory: 262144
[2025.05.08-12.37.45:615][878]LogVoxelMeshingProfiling: Display: Scenario name: UEDPIE_0_Map_Grid_Scenario27; OpaqueVoxelCount: 21504; TransparentVoxelCount: 11264
[2025.05.08-12.37.45:620][878]LogVoxelMeshingProfiling: Display: Scenario name: UEDPIE_0_Map_Grid_Scenario27; Voxel Model memory: 262144
[2025.05.08-12.37.45:620][878]LogVoxelMeshingProfiling: Display: Scenario name: UEDPIE_0_Map_Grid_Scenario27; OpaqueVoxelCount: 21504; TransparentVoxelCount: 11264
[2025.05.08-12.37.45:620][878]LogVoxelMeshingProfiling: Display: Scenario name: UEDPIE_0_Map_Grid_Scenario27; Voxel Model memory: 262144
[2025.05.08-12.37.45:620][878]LogVoxelMeshingProfiling: Display: Scenario name: UEDPIE_0_Map_Grid_Scenario27; OpaqueVoxelCount: 21504; TransparentVoxelCount: 11264
[2025.05.08-12.37.45:620][878]LogVoxelMeshingProfiling: Display: Scenario name: UEDPIE_0_Map_Grid_Scenario27; Voxel Model memory: 262144
[2025.05.08-12.37.45:620][878]LogVoxelMeshingProfiling: Display: Scenario name: UEDPIE_0_Map_Grid_Scenario27; OpaqueVoxelCount: 21504; TransparentVoxelCount: 11264
[2025.05.08-12.37.45:627][878]LogVoxelMeshingProfiling: Display: Scenario name: UEDPIE_0_Map_Grid_Scenario27; Voxel Model memory: 262144
[2025.05.08-12.37.45:627][878]LogVoxelMeshingProfiling: Display: Scenario name: UEDPIE_0_Map_Grid_Scenario27; OpaqueVoxelCount: 21504; TransparentVoxelCount: 11264
[2025.05.08-12.37.45:628][878]LogVoxelMeshingProfiling: Display: Scenario name: UEDPIE_0_Map_Grid_Scenario27; Voxel Model memory: 262144
[2025.05.08-12.37.45:628][878]LogVoxelMeshingProfiling: Display: Scenario name: UEDPIE_0_Map_Grid_Scenario27; OpaqueVoxelCount: 21504; TransparentVoxelCount: 11264
[2025.05.08-12.37.45:629][878]LogVoxelMeshingProfiling: Display: Scenario name: UEDPIE_0_Map_Grid_Scenario27; Voxel Model memory: 262144
[2025.05.08-12.37.45:629][878]LogVoxelMeshingProfiling: Display: Scenario name: UEDPIE_0_Map_Grid_Scenario27; OpaqueVoxelCount: 21504; TransparentVoxelCount: 11264
[2025.05.08-12.37.45:633][878]LogVoxelMeshingProfiling: Display: Scenario name: UEDPIE_0_Map_Grid_Scenario27; Voxel Model memory: 262144
[2025.05.08-12.37.45:633][878]LogVoxelMeshingProfiling: Display: Scenario name: UEDPIE_0_Map_Grid_Scenario27; OpaqueVoxelCount: 21504; TransparentVoxelCount: 11264
[2025.05.08-12.37.45:633][878]LogVoxelMeshingProfiling: Display: Scenario name: UEDPIE_0_Map_Grid_Scenario27; Voxel Model memory: 262144
[2025.05.08-12.37.45:633][878]LogVoxelMeshingProfiling: Display: Scenario name: UEDPIE_0_Map_Grid_Scenario27; OpaqueVoxelCount: 21504; TransparentVoxelCount: 11264
[2025.05.08-12.37.45:633][878]LogVoxelMeshingProfiling: Display: Scenario name: UEDPIE_0_Map_Grid_Scenario27; Voxel Model memory: 262144
[2025.05.08-12.37.45:633][878]LogVoxelMeshingProfiling: Display: Scenario name: UEDPIE_0_Map_Grid_Scenario27; OpaqueVoxelCount: 21504; TransparentVoxelCount: 11264
[2025.05.08-12.37.45:637][878]LogVoxelMeshingProfiling: Display: Scenario name: UEDPIE_0_Map_Grid_Scenario27; Vertices: 8
[2025.05.08-12.37.45:640][878]LogVoxelMeshingProfiling: Display: Scenario name: UEDPIE_0_Map_Grid_Scenario27; Vertices: 16
[2025.05.08-12.37.45:644][878]LogVoxelMeshingProfiling: Display: Scenario name: UEDPIE_0_Map_Grid_Scenario27; Vertices: 12
[2025.05.08-12.37.45:648][878]LogVoxelMeshingProfiling: Display: Scenario name: UEDPIE_0_Map_Grid_Scenario27; Vertices: 12
[2025.05.08-12.37.45:652][878]LogVoxelMeshingProfiling: Display: Scenario name: UEDPIE_0_Map_Grid_Scenario27; Vertices: 16
[2025.05.08-12.37.45:655][879]LogVoxelMeshingProfiling: Display: Scenario name: UEDPIE_0_Map_Grid_Scenario27; Vertices: 16
[2025.05.08-12.37.45:660][879]LogVoxelMeshingProfiling: Display: Scenario name: UEDPIE_0_Map_Grid_Scenario27; Vertices: 16
[2025.05.08-12.37.45:663][879]LogVoxelMeshingProfiling: Display: Scenario name: UEDPIE_0_Map_Grid_Scenario27; Vertices: 20
[2025.05.08-12.37.45:668][879]LogVoxelMeshingProfiling: Display: Scenario name: UEDPIE_0_Map_Grid_Scenario27; Vertices: 20
[2025.05.08-12.37.45:671][879]LogVoxelMeshingProfiling: Display: Scenario name: UEDPIE_0_Map_Grid_Scenario27; Vertices: 24
[2025.05.08-12.37.45:675][879]LogVoxelMeshingProfiling: Display: Scenario name: UEDPIE_0_Map_Grid_Scenario27; Vertices: 24
[2025.05.08-12.37.45:677][879]LogVoxelMeshingProfiling: Display: Scenario name: UEDPIE_0_Map_Grid_Scenario27; Vertices: 20
[2025.05.08-12.37.45:681][879]LogVoxelMeshingProfiling: Display: Scenario name: UEDPIE_0_Map_Grid_Scenario27; Vertices: 20
[2025.05.08-12.37.45:686][879]LogVoxelMeshingProfiling: Display: Scenario name: UEDPIE_0_Map_Grid_Scenario27; Vertices: 20
[2025.05.08-12.37.45:690][879]LogVoxelMeshingProfiling: Display: Scenario name: UEDPIE_0_Map_Grid_Scenario27; Vertices: 20
[2025.05.08-12.37.45:693][879]LogVoxelMeshingProfiling: Display: Scenario name: UEDPIE_0_Map_Grid_Scenario27; Vertices: 20
[2025.05.08-12.37.45:697][879]LogVoxelMeshingProfiling: Display: Scenario name: UEDPIE_0_Map_Grid_Scenario27; Vertices: 20
[2025.05.08-12.37.45:700][879]LogVoxelMeshingProfiling: Display: Scenario name: UEDPIE_0_Map_Grid_Scenario27; Vertices: 24
[2025.05.08-12.37.45:704][879]LogVoxelMeshingProfiling: Display: Scenario name: UEDPIE_0_Map_Grid_Scenario27; Vertices: 24
[2025.05.08-12.37.45:707][879]LogVoxelMeshingProfiling: Display: Scenario name: UEDPIE_0_Map_Grid_Scenario27; Vertices: 28
[2025.05.08-12.37.45:711][879]LogVoxelMeshingProfiling: Display: Scenario name: UEDPIE_0_Map_Grid_Scenario27; Vertices: 28
[2025.05.08-12.37.45:715][879]LogVoxelMeshingProfiling: Display: Scenario name: UEDPIE_0_Map_Grid_Scenario27; Vertices: 28
[2025.05.08-12.37.45:718][879]LogVoxelMeshingProfiling: Display: Scenario name: UEDPIE_0_Map_Grid_Scenario27; Vertices: 28
[2025.05.08-12.37.45:721][879]LogVoxelMeshingProfiling: Display: Scenario name: UEDPIE_0_Map_Grid_Scenario27; Vertices: 28
[2025.05.08-12.37.45:724][879]LogVoxelMeshingProfiling: Display: Scenario name: UEDPIE_0_Map_Grid_Scenario27; Vertices: 28
[2025.05.08-12.37.45:729][879]LogVoxelMeshingProfiling: Display: Scenario name: UEDPIE_0_Map_Grid_Scenario27; Vertices: 28
[2025.05.08-12.37.45:732][879]LogVoxelMeshingProfiling: Display: Scenario name: UEDPIE_0_Map_Grid_Scenario27; Vertices: 28
[2025.05.08-12.37.53:429][408]LogVoxelMeshingProfiling: Display: Scenario name: UEDPIE_0_Map_RLE_Scenario27; Voxel Model memory: 24756
[2025.05.08-12.37.53:440][408]LogVoxelMeshingProfiling: Display: Scenario name: UEDPIE_0_Map_RLE_Scenario27; Voxel Model memory: 24756
[2025.05.08-12.37.53:442][408]LogVoxelMeshingProfiling: Display: Scenario name: UEDPIE_0_Map_RLE_Scenario27; Voxel Model memory: 24756
[2025.05.08-12.37.53:442][408]LogVoxelMeshingProfiling: Display: Scenario name: UEDPIE_0_Map_RLE_Scenario27; Voxel Model memory: 24756
[2025.05.08-12.37.53:442][408]LogVoxelMeshingProfiling: Display: Scenario name: UEDPIE_0_Map_RLE_Scenario27; Voxel Model memory: 24756
[2025.05.08-12.37.53:445][408]LogVoxelMeshingProfiling: Display: Scenario name: UEDPIE_0_Map_RLE_Scenario27; Voxel Model memory: 24756
[2025.05.08-12.37.53:446][408]LogVoxelMeshingProfiling: Display: Scenario name: UEDPIE_0_Map_RLE_Scenario27; Voxel Model memory: 24756
[2025.05.08-12.37.53:455][408]LogVoxelMeshingProfiling: Display: Scenario name: UEDPIE_0_Map_RLE_Scenario27; Voxel Model memory: 24756
[2025.05.08-12.37.53:455][408]LogVoxelMeshingProfiling: Display: Scenario name: UEDPIE_0_Map_RLE_Scenario27; Voxel Model memory: 24756
[2025.05.08-12.37.53:456][408]LogVoxelMeshingProfiling: Display: Scenario name: UEDPIE_0_Map_RLE_Scenario27; Voxel Model memory: 24756
[2025.05.08-12.37.53:457][408]LogVoxelMeshingProfiling: Display: Scenario name: UEDPIE_0_Map_RLE_Scenario27; Voxel Model memory: 24756
[2025.05.08-12.37.53:458][408]LogVoxelMeshingProfiling: Display: Scenario name: UEDPIE_0_Map_RLE_Scenario27; Voxel Model memory: 24756
[2025.05.08-12.37.53:459][408]LogVoxelMeshingProfiling: Display: Scenario name: UEDPIE_0_Map_RLE_Scenario27; Voxel Model memory: 24756
[2025.05.08-12.37.53:459][408]LogVoxelMeshingProfiling: Display: Scenario name: UEDPIE_0_Map_RLE_Scenario27; Voxel Model memory: 24756
[2025.05.08-12.37.53:469][408]LogVoxelMeshingProfiling: Display: Scenario name: UEDPIE_0_Map_RLE_Scenario27; Voxel Model memory: 24756
[2025.05.08-12.37.53:469][408]LogVoxelMeshingProfiling: Display: Scenario name: UEDPIE_0_Map_RLE_Scenario27; Voxel Model memory: 24756
[2025.05.08-12.37.53:469][408]LogVoxelMeshingProfiling: Display: Scenario name: UEDPIE_0_Map_RLE_Scenario27; Voxel Model memory: 24756
[2025.05.08-12.37.53:469][408]LogVoxelMeshingProfiling: Display: Scenario name: UEDPIE_0_Map_RLE_Scenario27; Voxel Model memory: 24756
[2025.05.08-12.37.53:475][408]LogVoxelMeshingProfiling: Display: Scenario name: UEDPIE_0_Map_RLE_Scenario27; Voxel Model memory: 24756
[2025.05.08-12.37.53:475][408]LogVoxelMeshingProfiling: Display: Scenario name: UEDPIE_0_Map_RLE_Scenario27; Voxel Model memory: 24756
[2025.05.08-12.37.53:476][408]LogVoxelMeshingProfiling: Display: Scenario name: UEDPIE_0_Map_RLE_Scenario27; Voxel Model memory: 24756
[2025.05.08-12.37.53:485][409]LogVoxelMeshingProfiling: Display: Scenario name: UEDPIE_0_Map_RLE_Scenario27; Voxel Model memory: 24756
[2025.05.08-12.37.53:487][409]LogVoxelMeshingProfiling: Display: Scenario name: UEDPIE_0_Map_RLE_Scenario27; Voxel Model memory: 24756
[2025.05.08-12.37.53:487][409]LogVoxelMeshingProfiling: Display: Scenario name: UEDPIE_0_Map_RLE_Scenario27; Voxel Model memory: 24756
[2025.05.08-12.37.53:488][409]LogVoxelMeshingProfiling: Display: Scenario name: UEDPIE_0_Map_RLE_Scenario27; Voxel Model memory: 24756
[2025.05.08-12.37.53:489][409]LogVoxelMeshingProfiling: Display: Scenario name: UEDPIE_0_Map_RLE_Scenario27; Voxel Model memory: 24756
[2025.05.08-12.37.53:489][409]LogVoxelMeshingProfiling: Display: Scenario name: UEDPIE_0_Map_RLE_Scenario27; Voxel Model memory: 24756
[2025.05.08-12.37.53:500][409]LogVoxelMeshingProfiling: Display: Scenario name: UEDPIE_0_Map_RLE_Scenario27; Vertices: 49152
[2025.05.08-12.37.53:508][409]LogVoxelMeshingProfiling: Display: Scenario name: UEDPIE_0_Map_RLE_Scenario27; Vertices: 49152
[2025.05.08-12.37.53:518][409]LogVoxelMeshingProfiling: Display: Scenario name: UEDPIE_0_Map_RLE_Scenario27; Vertices: 49152
[2025.05.08-12.37.53:526][409]LogVoxelMeshingProfiling: Display: Scenario name: UEDPIE_0_Map_RLE_Scenario27; Vertices: 49152
[2025.05.08-12.37.53:534][409]LogVoxelMeshingProfiling: Display: Scenario name: UEDPIE_0_Map_RLE_Scenario27; Vertices: 49152
[2025.05.08-12.37.53:542][409]LogVoxelMeshingProfiling: Display: Scenario name: UEDPIE_0_Map_RLE_Scenario27; Vertices: 49152
[2025.05.08-12.37.53:551][409]LogVoxelMeshingProfiling: Display: Scenario name: UEDPIE_0_Map_RLE_Scenario27; Vertices: 49152
[2025.05.08-12.37.53:559][409]LogVoxelMeshingProfiling: Display: Scenario name: UEDPIE_0_Map_RLE_Scenario27; Vertices: 49152
[2025.05.08-12.37.53:568][409]LogVoxelMeshingProfiling: Display: Scenario name: UEDPIE_0_Map_RLE_Scenario27; Vertices: 49152
[2025.05.08-12.37.53:579][410]LogVoxelMeshingProfiling: Display: Scenario name: UEDPIE_0_Map_RLE_Scenario27; Vertices: 49152
[2025.05.08-12.37.53:595][410]LogVoxelMeshingProfiling: Display: Scenario name: UEDPIE_0_Map_RLE_Scenario27; Vertices: 49152
[2025.05.08-12.37.53:609][410]LogVoxelMeshingProfiling: Display: Scenario name: UEDPIE_0_Map_RLE_Scenario27; Vertices: 49152
[2025.05.08-12.37.53:628][410]LogVoxelMeshingProfiling: Display: Scenario name: UEDPIE_0_Map_RLE_Scenario27; Vertices: 49152
[2025.05.08-12.37.53:639][410]LogVoxelMeshingProfiling: Display: Scenario name: UEDPIE_0_Map_RLE_Scenario27; Vertices: 49152
[2025.05.08-12.37.53:653][410]LogVoxelMeshingProfiling: Display: Scenario name: UEDPIE_0_Map_RLE_Scenario27; Vertices: 49152
[2025.05.08-12.37.53:670][411]LogVoxelMeshingProfiling: Display: Scenario name: UEDPIE_0_Map_RLE_Scenario27; Vertices: 49152
[2025.05.08-12.37.53:683][411]LogVoxelMeshingProfiling: Display: Scenario name: UEDPIE_0_Map_RLE_Scenario27; Vertices: 49152
[2025.05.08-12.37.53:696][411]LogVoxelMeshingProfiling: Display: Scenario name: UEDPIE_0_Map_RLE_Scenario27; Vertices: 49152
[2025.05.08-12.37.53:715][411]LogVoxelMeshingProfiling: Display: Scenario name: UEDPIE_0_Map_RLE_Scenario27; Vertices: 49152
[2025.05.08-12.37.53:736][412]LogVoxelMeshingProfiling: Display: Scenario name: UEDPIE_0_Map_RLE_Scenario27; Vertices: 49152
[2025.05.08-12.37.53:744][412]LogVoxelMeshingProfiling: Display: Scenario name: UEDPIE_0_Map_RLE_Scenario27; Vertices: 49152
[2025.05.08-12.37.53:755][412]LogVoxelMeshingProfiling: Display: Scenario name: UEDPIE_0_Map_RLE_Scenario27; Vertices: 49152
[2025.05.08-12.37.53:770][412]LogVoxelMeshingProfiling: Display: Scenario name: UEDPIE_0_Map_RLE_Scenario27; Vertices: 49152
[2025.05.08-12.37.53:791][413]LogVoxelMeshingProfiling: Display: Scenario name: UEDPIE_0_Map_RLE_Scenario27; Vertices: 49152
[2025.05.08-12.37.53:802][413]LogVoxelMeshingProfiling: Display: Scenario name: UEDPIE_0_Map_RLE_Scenario27; Vertices: 49152
[2025.05.08-12.37.53:815][413]LogVoxelMeshingProfiling: Display: Scenario name: UEDPIE_0_Map_RLE_Scenario27; Vertices: 49152
[2025.05.08-12.37.53:832][413]LogVoxelMeshingProfiling: Display: Scenario name: UEDPIE_0_Map_RLE_Scenario27; Vertices: 49152
[2025.05.08-12.38.01:615][784]LogVoxelMeshingProfiling: Display: Scenario name: UEDPIE_0_Map_VoxelPlugin_Scenario27; Voxel Model memory: 262144
[2025.05.08-12.38.01:615][784]LogVoxelMeshingProfiling: Display: Scenario name: UEDPIE_0_Map_VoxelPlugin_Scenario27; OpaqueVoxelCount: 21504; TransparentVoxelCount: 11264
[2025.05.08-12.38.01:626][784]LogVoxelMeshingProfiling: Display: Scenario name: UEDPIE_0_Map_VoxelPlugin_Scenario27; Voxel Model memory: 262144
[2025.05.08-12.38.01:626][784]LogVoxelMeshingProfiling: Display: Scenario name: UEDPIE_0_Map_VoxelPlugin_Scenario27; OpaqueVoxelCount: 21504; TransparentVoxelCount: 11264
[2025.05.08-12.38.01:626][784]LogVoxelMeshingProfiling: Display: Scenario name: UEDPIE_0_Map_VoxelPlugin_Scenario27; Voxel Model memory: 262144
[2025.05.08-12.38.01:628][784]LogVoxelMeshingProfiling: Display: Scenario name: UEDPIE_0_Map_VoxelPlugin_Scenario27; OpaqueVoxelCount: 21504; TransparentVoxelCount: 11264
[2025.05.08-12.38.01:628][784]LogVoxelMeshingProfiling: Display: Scenario name: UEDPIE_0_Map_VoxelPlugin_Scenario27; Voxel Model memory: 262144
[2025.05.08-12.38.01:628][784]LogVoxelMeshingProfiling: Display: Scenario name: UEDPIE_0_Map_VoxelPlugin_Scenario27; OpaqueVoxelCount: 21504; TransparentVoxelCount: 11264
[2025.05.08-12.38.01:630][784]LogVoxelMeshingProfiling: Display: Scenario name: UEDPIE_0_Map_VoxelPlugin_Scenario27; Voxel Model memory: 262144
[2025.05.08-12.38.01:630][784]LogVoxelMeshingProfiling: Display: Scenario name: UEDPIE_0_Map_VoxelPlugin_Scenario27; OpaqueVoxelCount: 21504; TransparentVoxelCount: 11264
[2025.05.08-12.38.01:630][784]LogVoxelMeshingProfiling: Display: Scenario name: UEDPIE_0_Map_VoxelPlugin_Scenario27; Voxel Model memory: 262144
[2025.05.08-12.38.01:630][784]LogVoxelMeshingProfiling: Display: Scenario name: UEDPIE_0_Map_VoxelPlugin_Scenario27; OpaqueVoxelCount: 21504; TransparentVoxelCount: 11264
[2025.05.08-12.38.01:630][784]LogVoxelMeshingProfiling: Display: Scenario name: UEDPIE_0_Map_VoxelPlugin_Scenario27; Voxel Model memory: 262144
[2025.05.08-12.38.01:630][784]LogVoxelMeshingProfiling: Display: Scenario name: UEDPIE_0_Map_VoxelPlugin_Scenario27; OpaqueVoxelCount: 21504; TransparentVoxelCount: 11264
[2025.05.08-12.38.01:640][784]LogVoxelMeshingProfiling: Display: Scenario name: UEDPIE_0_Map_VoxelPlugin_Scenario27; Voxel Model memory: 262144
[2025.05.08-12.38.01:640][784]LogVoxelMeshingProfiling: Display: Scenario name: UEDPIE_0_Map_VoxelPlugin_Scenario27; OpaqueVoxelCount: 21504; TransparentVoxelCount: 11264
[2025.05.08-12.38.01:641][784]LogVoxelMeshingProfiling: Display: Scenario name: UEDPIE_0_Map_VoxelPlugin_Scenario27; Voxel Model memory: 262144
[2025.05.08-12.38.01:641][784]LogVoxelMeshingProfiling: Display: Scenario name: UEDPIE_0_Map_VoxelPlugin_Scenario27; OpaqueVoxelCount: 21504; TransparentVoxelCount: 11264
[2025.05.08-12.38.01:641][784]LogVoxelMeshingProfiling: Display: Scenario name: UEDPIE_0_Map_VoxelPlugin_Scenario27; Voxel Model memory: 262144
[2025.05.08-12.38.01:641][784]LogVoxelMeshingProfiling: Display: Scenario name: UEDPIE_0_Map_VoxelPlugin_Scenario27; OpaqueVoxelCount: 21504; TransparentVoxelCount: 11264
[2025.05.08-12.38.01:645][784]LogVoxelMeshingProfiling: Display: Scenario name: UEDPIE_0_Map_VoxelPlugin_Scenario27; Voxel Model memory: 262144
[2025.05.08-12.38.01:645][784]LogVoxelMeshingProfiling: Display: Scenario name: UEDPIE_0_Map_VoxelPlugin_Scenario27; OpaqueVoxelCount: 21504; TransparentVoxelCount: 11264
[2025.05.08-12.38.01:648][784]LogVoxelMeshingProfiling: Display: Scenario name: UEDPIE_0_Map_VoxelPlugin_Scenario27; Voxel Model memory: 262144
[2025.05.08-12.38.01:648][784]LogVoxelMeshingProfiling: Display: Scenario name: UEDPIE_0_Map_VoxelPlugin_Scenario27; OpaqueVoxelCount: 21504; TransparentVoxelCount: 11264
[2025.05.08-12.38.01:648][784]LogVoxelMeshingProfiling: Display: Scenario name: UEDPIE_0_Map_VoxelPlugin_Scenario27; Voxel Model memory: 262144
[2025.05.08-12.38.01:648][784]LogVoxelMeshingProfiling: Display: Scenario name: UEDPIE_0_Map_VoxelPlugin_Scenario27; OpaqueVoxelCount: 21504; TransparentVoxelCount: 11264
[2025.05.08-12.38.01:648][784]LogVoxelMeshingProfiling: Display: Scenario name: UEDPIE_0_Map_VoxelPlugin_Scenario27; Voxel Model memory: 262144
[2025.05.08-12.38.01:648][784]LogVoxelMeshingProfiling: Display: Scenario name: UEDPIE_0_Map_VoxelPlugin_Scenario27; OpaqueVoxelCount: 21504; TransparentVoxelCount: 11264
[2025.05.08-12.38.01:658][784]LogVoxelMeshingProfiling: Display: Scenario name: UEDPIE_0_Map_VoxelPlugin_Scenario27; Voxel Model memory: 262144
[2025.05.08-12.38.01:658][784]LogVoxelMeshingProfiling: Display: Scenario name: UEDPIE_0_Map_VoxelPlugin_Scenario27; OpaqueVoxelCount: 21504; TransparentVoxelCount: 11264
[2025.05.08-12.38.01:661][784]LogVoxelMeshingProfiling: Display: Scenario name: UEDPIE_0_Map_VoxelPlugin_Scenario27; Voxel Model memory: 262144
[2025.05.08-12.38.01:661][784]LogVoxelMeshingProfiling: Display: Scenario name: UEDPIE_0_Map_VoxelPlugin_Scenario27; OpaqueVoxelCount: 21504; TransparentVoxelCount: 11264
[2025.05.08-12.38.01:661][784]LogVoxelMeshingProfiling: Display: Scenario name: UEDPIE_0_Map_VoxelPlugin_Scenario27; Voxel Model memory: 262144
[2025.05.08-12.38.01:661][784]LogVoxelMeshingProfiling: Display: Scenario name: UEDPIE_0_Map_VoxelPlugin_Scenario27; OpaqueVoxelCount: 21504; TransparentVoxelCount: 11264
[2025.05.08-12.38.01:661][784]LogVoxelMeshingProfiling: Display: Scenario name: UEDPIE_0_Map_VoxelPlugin_Scenario27; Voxel Model memory: 262144
[2025.05.08-12.38.01:661][784]LogVoxelMeshingProfiling: Display: Scenario name: UEDPIE_0_Map_VoxelPlugin_Scenario27; OpaqueVoxelCount: 21504; TransparentVoxelCount: 11264
[2025.05.08-12.38.01:667][784]LogVoxelMeshingProfiling: Display: Scenario name: UEDPIE_0_Map_VoxelPlugin_Scenario27; Voxel Model memory: 262144
[2025.05.08-12.38.01:667][784]LogVoxelMeshingProfiling: Display: Scenario name: UEDPIE_0_Map_VoxelPlugin_Scenario27; OpaqueVoxelCount: 21504; TransparentVoxelCount: 11264
[2025.05.08-12.38.01:667][784]LogVoxelMeshingProfiling: Display: Scenario name: UEDPIE_0_Map_VoxelPlugin_Scenario27; Voxel Model memory: 262144
[2025.05.08-12.38.01:667][784]LogVoxelMeshingProfiling: Display: Scenario name: UEDPIE_0_Map_VoxelPlugin_Scenario27; OpaqueVoxelCount: 21504; TransparentVoxelCount: 11264
[2025.05.08-12.38.01:667][784]LogVoxelMeshingProfiling: Display: Scenario name: UEDPIE_0_Map_VoxelPlugin_Scenario27; Voxel Model memory: 262144
[2025.05.08-12.38.01:667][784]LogVoxelMeshingProfiling: Display: Scenario name: UEDPIE_0_Map_VoxelPlugin_Scenario27; OpaqueVoxelCount: 21504; TransparentVoxelCount: 11264
[2025.05.08-12.38.01:675][784]LogVoxelMeshingProfiling: Display: Scenario name: UEDPIE_0_Map_VoxelPlugin_Scenario27; Voxel Model memory: 262144
[2025.05.08-12.38.01:675][784]LogVoxelMeshingProfiling: Display: Scenario name: UEDPIE_0_Map_VoxelPlugin_Scenario27; OpaqueVoxelCount: 21504; TransparentVoxelCount: 11264
[2025.05.08-12.38.01:678][784]LogVoxelMeshingProfiling: Display: Scenario name: UEDPIE_0_Map_VoxelPlugin_Scenario27; Voxel Model memory: 262144
[2025.05.08-12.38.01:678][784]LogVoxelMeshingProfiling: Display: Scenario name: UEDPIE_0_Map_VoxelPlugin_Scenario27; OpaqueVoxelCount: 21504; TransparentVoxelCount: 11264
[2025.05.08-12.38.01:678][784]LogVoxelMeshingProfiling: Display: Scenario name: UEDPIE_0_Map_VoxelPlugin_Scenario27; Voxel Model memory: 262144
[2025.05.08-12.38.01:678][784]LogVoxelMeshingProfiling: Display: Scenario name: UEDPIE_0_Map_VoxelPlugin_Scenario27; OpaqueVoxelCount: 21504; TransparentVoxelCount: 11264
[2025.05.08-12.38.01:679][784]LogVoxelMeshingProfiling: Display: Scenario name: UEDPIE_0_Map_VoxelPlugin_Scenario27; Voxel Model memory: 262144
[2025.05.08-12.38.01:679][784]LogVoxelMeshingProfiling: Display: Scenario name: UEDPIE_0_Map_VoxelPlugin_Scenario27; OpaqueVoxelCount: 21504; TransparentVoxelCount: 11264
[2025.05.08-12.38.01:682][784]LogVoxelMeshingProfiling: Display: Scenario name: UEDPIE_0_Map_VoxelPlugin_Scenario27; Voxel Model memory: 262144
[2025.05.08-12.38.01:682][784]LogVoxelMeshingProfiling: Display: Scenario name: UEDPIE_0_Map_VoxelPlugin_Scenario27; Voxel Model memory: 262144
[2025.05.08-12.38.01:682][784]LogVoxelMeshingProfiling: Display: Scenario name: UEDPIE_0_Map_VoxelPlugin_Scenario27; OpaqueVoxelCount: 21504; TransparentVoxelCount: 11264
[2025.05.08-12.38.01:682][784]LogVoxelMeshingProfiling: Display: Scenario name: UEDPIE_0_Map_VoxelPlugin_Scenario27; OpaqueVoxelCount: 21504; TransparentVoxelCount: 11264
[2025.05.08-12.38.01:738][785]LogVoxelMeshingProfiling: Display: Scenario name: Map_VoxelPlugin_Scenario27; Vertices: 10880
[2025.05.08-12.38.01:743][785]LogVoxelMeshingProfiling: Display: Scenario name: Map_VoxelPlugin_Scenario27; Vertices: 13568
[2025.05.08-12.38.01:759][785]LogVoxelMeshingProfiling: Display: Scenario name: Map_VoxelPlugin_Scenario27; Vertices: 14976
[2025.05.08-12.38.01:762][785]LogVoxelMeshingProfiling: Display: Scenario name: Map_VoxelPlugin_Scenario27; Vertices: 17664
[2025.05.08-12.38.01:779][785]LogVoxelMeshingProfiling: Display: Scenario name: Map_VoxelPlugin_Scenario27; Vertices: 17664
[2025.05.08-12.38.01:783][785]LogVoxelMeshingProfiling: Display: Scenario name: Map_VoxelPlugin_Scenario27; Vertices: 14976
[2025.05.08-12.38.01:800][785]LogVoxelMeshingProfiling: Display: Scenario name: Map_VoxelPlugin_Scenario27; Vertices: 13568
[2025.05.08-12.38.01:805][785]LogVoxelMeshingProfiling: Display: Scenario name: Map_VoxelPlugin_Scenario27; Vertices: 17664
[2025.05.08-12.38.01:826][786]LogVoxelMeshingProfiling: Display: Scenario name: Map_VoxelPlugin_Scenario27; Vertices: 17664
[2025.05.08-12.38.01:835][786]LogVoxelMeshingProfiling: Display: Scenario name: Map_VoxelPlugin_Scenario27; Vertices: 10880
[2025.05.08-12.38.01:858][787]LogVoxelMeshingProfiling: Display: Scenario name: Map_VoxelPlugin_Scenario27; Vertices: 8192
[2025.05.08-12.38.01:872][788]LogVoxelMeshingProfiling: Display: Scenario name: Map_VoxelPlugin_Scenario27; Vertices: 12288
[2025.05.08-12.38.01:912][789]LogVoxelMeshingProfiling: Display: Scenario name: Map_VoxelPlugin_Scenario27; Vertices: 14976
[2025.05.08-12.38.01:924][790]LogVoxelMeshingProfiling: Display: Scenario name: Map_VoxelPlugin_Scenario27; Vertices: 12288
[2025.05.08-12.38.01:958][791]LogVoxelMeshingProfiling: Display: Scenario name: Map_VoxelPlugin_Scenario27; Vertices: 14976
[2025.05.08-12.38.01:997][793]LogVoxelMeshingProfiling: Display: Scenario name: Map_VoxelPlugin_Scenario27; Vertices: 10880
[2025.05.08-12.38.02:003][793]LogVoxelMeshingProfiling: Display: Scenario name: Map_VoxelPlugin_Scenario27; Vertices: 14976
[2025.05.08-12.38.02:035][794]LogVoxelMeshingProfiling: Display: Scenario name: Map_VoxelPlugin_Scenario27; Vertices: 14976
[2025.05.08-12.38.02:121][799]LogVoxelMeshingProfiling: Display: Scenario name: Map_VoxelPlugin_Scenario27; Vertices: 10880
[2025.05.08-12.38.02:124][799]LogVoxelMeshingProfiling: Display: Scenario name: Map_VoxelPlugin_Scenario27; Vertices: 13568
[2025.05.08-12.38.02:145][800]LogVoxelMeshingProfiling: Display: Scenario name: Map_VoxelPlugin_Scenario27; Vertices: 17664
[2025.05.08-12.38.02:151][801]LogVoxelMeshingProfiling: Display: Scenario name: Map_VoxelPlugin_Scenario27; Vertices: 14976
[2025.05.08-12.38.02:189][803]LogVoxelMeshingProfiling: Display: Scenario name: Map_VoxelPlugin_Scenario27; Vertices: 14976
[2025.05.08-12.38.02:193][803]LogVoxelMeshingProfiling: Display: Scenario name: Map_VoxelPlugin_Scenario27; Vertices: 17664
[2025.05.08-12.38.02:222][805]LogVoxelMeshingProfiling: Display: Scenario name: Map_VoxelPlugin_Scenario27; Vertices: 17664
[2025.05.08-12.38.02:222][805]LogVoxelMeshingProfiling: Display: Scenario name: Map_VoxelPlugin_Scenario27; Vertices: 13568
[2025.05.08-12.38.02:249][807]LogVoxelMeshingProfiling: Display: Scenario name: Map_VoxelPlugin_Scenario27; Vertices: 17664
