[2025.05.08-13.40.50:845][424]LogVoxelMeshingProfiling: Display: Scenario name: UEDPIE_0_Map_Grid_Scenario28; Voxel Model memory: 262144
[2025.05.08-13.40.50:845][424]LogVoxelMeshingProfiling: Display: Scenario name: UEDPIE_0_Map_Grid_Scenario28; OpaqueVoxelCount: 16384; TransparentVoxelCount: 16384
[2025.05.08-13.40.50:851][424]LogVoxelMeshingProfiling: Display: Scenario name: UEDPIE_0_Map_Grid_Scenario28; Voxel Model memory: 262144
[2025.05.08-13.40.50:851][424]LogVoxelMeshingProfiling: Display: Scenario name: UEDPIE_0_Map_Grid_Scenario28; OpaqueVoxelCount: 16384; TransparentVoxelCount: 16384
[2025.05.08-13.40.50:851][424]LogVoxelMeshingProfiling: Display: Scenario name: UEDPIE_0_Map_Grid_Scenario28; Voxel Model memory: 262144
[2025.05.08-13.40.50:851][424]LogVoxelMeshingProfiling: Display: Scenario name: UEDPIE_0_Map_Grid_Scenario28; OpaqueVoxelCount: 16384; TransparentVoxelCount: 16384
[2025.05.08-13.40.50:854][424]LogVoxelMeshingProfiling: Display: Scenario name: UEDPIE_0_Map_Grid_Scenario28; Voxel Model memory: 262144
[2025.05.08-13.40.50:854][424]LogVoxelMeshingProfiling: Display: Scenario name: UEDPIE_0_Map_Grid_Scenario28; OpaqueVoxelCount: 16384; TransparentVoxelCount: 16384
[2025.05.08-13.40.50:855][424]LogVoxelMeshingProfiling: Display: Scenario name: UEDPIE_0_Map_Grid_Scenario28; Voxel Model memory: 262144
[2025.05.08-13.40.50:855][424]LogVoxelMeshingProfiling: Display: Scenario name: UEDPIE_0_Map_Grid_Scenario28; OpaqueVoxelCount: 16384; TransparentVoxelCount: 16384
[2025.05.08-13.40.50:855][424]LogVoxelMeshingProfiling: Display: Scenario name: UEDPIE_0_Map_Grid_Scenario28; Voxel Model memory: 262144
[2025.05.08-13.40.50:855][424]LogVoxelMeshingProfiling: Display: Scenario name: UEDPIE_0_Map_Grid_Scenario28; OpaqueVoxelCount: 16384; TransparentVoxelCount: 16384
[2025.05.08-13.40.50:855][424]LogVoxelMeshingProfiling: Display: Scenario name: UEDPIE_0_Map_Grid_Scenario28; Voxel Model memory: 262144
[2025.05.08-13.40.50:855][424]LogVoxelMeshingProfiling: Display: Scenario name: UEDPIE_0_Map_Grid_Scenario28; OpaqueVoxelCount: 16384; TransparentVoxelCount: 16384
[2025.05.08-13.40.50:863][424]LogVoxelMeshingProfiling: Display: Scenario name: UEDPIE_0_Map_Grid_Scenario28; Voxel Model memory: 262144
[2025.05.08-13.40.50:863][424]LogVoxelMeshingProfiling: Display: Scenario name: UEDPIE_0_Map_Grid_Scenario28; OpaqueVoxelCount: 16384; TransparentVoxelCount: 16384
[2025.05.08-13.40.50:864][424]LogVoxelMeshingProfiling: Display: Scenario name: UEDPIE_0_Map_Grid_Scenario28; Voxel Model memory: 262144
[2025.05.08-13.40.50:864][424]LogVoxelMeshingProfiling: Display: Scenario name: UEDPIE_0_Map_Grid_Scenario28; OpaqueVoxelCount: 16384; TransparentVoxelCount: 16384
[2025.05.08-13.40.50:864][424]LogVoxelMeshingProfiling: Display: Scenario name: UEDPIE_0_Map_Grid_Scenario28; Voxel Model memory: 262144
[2025.05.08-13.40.50:864][424]LogVoxelMeshingProfiling: Display: Scenario name: UEDPIE_0_Map_Grid_Scenario28; OpaqueVoxelCount: 16384; TransparentVoxelCount: 16384
[2025.05.08-13.40.50:865][424]LogVoxelMeshingProfiling: Display: Scenario name: UEDPIE_0_Map_Grid_Scenario28; Voxel Model memory: 262144
[2025.05.08-13.40.50:865][424]LogVoxelMeshingProfiling: Display: Scenario name: UEDPIE_0_Map_Grid_Scenario28; OpaqueVoxelCount: 16384; TransparentVoxelCount: 16384
[2025.05.08-13.40.50:868][424]LogVoxelMeshingProfiling: Display: Scenario name: UEDPIE_0_Map_Grid_Scenario28; Voxel Model memory: 262144
[2025.05.08-13.40.50:868][424]LogVoxelMeshingProfiling: Display: Scenario name: UEDPIE_0_Map_Grid_Scenario28; OpaqueVoxelCount: 16384; TransparentVoxelCount: 16384
[2025.05.08-13.40.50:868][424]LogVoxelMeshingProfiling: Display: Scenario name: UEDPIE_0_Map_Grid_Scenario28; Voxel Model memory: 262144
[2025.05.08-13.40.50:868][424]LogVoxelMeshingProfiling: Display: Scenario name: UEDPIE_0_Map_Grid_Scenario28; OpaqueVoxelCount: 16384; TransparentVoxelCount: 16384
[2025.05.08-13.40.50:868][424]LogVoxelMeshingProfiling: Display: Scenario name: UEDPIE_0_Map_Grid_Scenario28; Voxel Model memory: 262144
[2025.05.08-13.40.50:868][424]LogVoxelMeshingProfiling: Display: Scenario name: UEDPIE_0_Map_Grid_Scenario28; OpaqueVoxelCount: 16384; TransparentVoxelCount: 16384
[2025.05.08-13.40.50:875][424]LogVoxelMeshingProfiling: Display: Scenario name: UEDPIE_0_Map_Grid_Scenario28; Voxel Model memory: 262144
[2025.05.08-13.40.50:875][424]LogVoxelMeshingProfiling: Display: Scenario name: UEDPIE_0_Map_Grid_Scenario28; OpaqueVoxelCount: 16384; TransparentVoxelCount: 16384
[2025.05.08-13.40.50:875][424]LogVoxelMeshingProfiling: Display: Scenario name: UEDPIE_0_Map_Grid_Scenario28; Voxel Model memory: 262144
[2025.05.08-13.40.50:875][424]LogVoxelMeshingProfiling: Display: Scenario name: UEDPIE_0_Map_Grid_Scenario28; OpaqueVoxelCount: 16384; TransparentVoxelCount: 16384
[2025.05.08-13.40.50:878][424]LogVoxelMeshingProfiling: Display: Scenario name: UEDPIE_0_Map_Grid_Scenario28; Voxel Model memory: 262144
[2025.05.08-13.40.50:878][424]LogVoxelMeshingProfiling: Display: Scenario name: UEDPIE_0_Map_Grid_Scenario28; OpaqueVoxelCount: 16384; TransparentVoxelCount: 16384
[2025.05.08-13.40.50:881][424]LogVoxelMeshingProfiling: Display: Scenario name: UEDPIE_0_Map_Grid_Scenario28; Voxel Model memory: 262144
[2025.05.08-13.40.50:881][424]LogVoxelMeshingProfiling: Display: Scenario name: UEDPIE_0_Map_Grid_Scenario28; OpaqueVoxelCount: 16384; TransparentVoxelCount: 16384
[2025.05.08-13.40.50:881][424]LogVoxelMeshingProfiling: Display: Scenario name: UEDPIE_0_Map_Grid_Scenario28; Voxel Model memory: 262144
[2025.05.08-13.40.50:881][424]LogVoxelMeshingProfiling: Display: Scenario name: UEDPIE_0_Map_Grid_Scenario28; OpaqueVoxelCount: 16384; TransparentVoxelCount: 16384
[2025.05.08-13.40.50:883][424]LogVoxelMeshingProfiling: Display: Scenario name: UEDPIE_0_Map_Grid_Scenario28; Voxel Model memory: 262144
[2025.05.08-13.40.50:883][424]LogVoxelMeshingProfiling: Display: Scenario name: UEDPIE_0_Map_Grid_Scenario28; OpaqueVoxelCount: 16384; TransparentVoxelCount: 16384
[2025.05.08-13.40.50:883][424]LogVoxelMeshingProfiling: Display: Scenario name: UEDPIE_0_Map_Grid_Scenario28; Voxel Model memory: 262144
[2025.05.08-13.40.50:883][424]LogVoxelMeshingProfiling: Display: Scenario name: UEDPIE_0_Map_Grid_Scenario28; OpaqueVoxelCount: 16384; TransparentVoxelCount: 16384
[2025.05.08-13.40.50:888][424]LogVoxelMeshingProfiling: Display: Scenario name: UEDPIE_0_Map_Grid_Scenario28; Voxel Model memory: 262144
[2025.05.08-13.40.50:888][424]LogVoxelMeshingProfiling: Display: Scenario name: UEDPIE_0_Map_Grid_Scenario28; OpaqueVoxelCount: 16384; TransparentVoxelCount: 16384
[2025.05.08-13.40.50:889][424]LogVoxelMeshingProfiling: Display: Scenario name: UEDPIE_0_Map_Grid_Scenario28; Voxel Model memory: 262144
[2025.05.08-13.40.50:889][424]LogVoxelMeshingProfiling: Display: Scenario name: UEDPIE_0_Map_Grid_Scenario28; OpaqueVoxelCount: 16384; TransparentVoxelCount: 16384
[2025.05.08-13.40.50:890][424]LogVoxelMeshingProfiling: Display: Scenario name: UEDPIE_0_Map_Grid_Scenario28; Voxel Model memory: 262144
[2025.05.08-13.40.50:891][424]LogVoxelMeshingProfiling: Display: Scenario name: UEDPIE_0_Map_Grid_Scenario28; OpaqueVoxelCount: 16384; TransparentVoxelCount: 16384
[2025.05.08-13.40.50:892][424]LogVoxelMeshingProfiling: Display: Scenario name: UEDPIE_0_Map_Grid_Scenario28; Voxel Model memory: 262144
[2025.05.08-13.40.50:892][424]LogVoxelMeshingProfiling: Display: Scenario name: UEDPIE_0_Map_Grid_Scenario28; OpaqueVoxelCount: 16384; TransparentVoxelCount: 16384
[2025.05.08-13.40.50:892][424]LogVoxelMeshingProfiling: Display: Scenario name: UEDPIE_0_Map_Grid_Scenario28; Voxel Model memory: 262144
[2025.05.08-13.40.50:892][424]LogVoxelMeshingProfiling: Display: Scenario name: UEDPIE_0_Map_Grid_Scenario28; OpaqueVoxelCount: 16384; TransparentVoxelCount: 16384
[2025.05.08-13.40.50:893][424]LogVoxelMeshingProfiling: Display: Scenario name: UEDPIE_0_Map_Grid_Scenario28; Voxel Model memory: 262144
[2025.05.08-13.40.50:893][424]LogVoxelMeshingProfiling: Display: Scenario name: UEDPIE_0_Map_Grid_Scenario28; OpaqueVoxelCount: 16384; TransparentVoxelCount: 16384
[2025.05.08-13.40.50:897][424]LogVoxelMeshingProfiling: Display: Scenario name: UEDPIE_0_Map_Grid_Scenario28; Vertices: 128
[2025.05.08-13.40.50:903][424]LogVoxelMeshingProfiling: Display: Scenario name: UEDPIE_0_Map_Grid_Scenario28; Vertices: 192
[2025.05.08-13.40.50:907][424]LogVoxelMeshingProfiling: Display: Scenario name: UEDPIE_0_Map_Grid_Scenario28; Vertices: 192
[2025.05.08-13.40.50:911][424]LogVoxelMeshingProfiling: Display: Scenario name: UEDPIE_0_Map_Grid_Scenario28; Vertices: 192
[2025.05.08-13.40.50:914][424]LogVoxelMeshingProfiling: Display: Scenario name: UEDPIE_0_Map_Grid_Scenario28; Vertices: 192
[2025.05.08-13.40.50:918][424]LogVoxelMeshingProfiling: Display: Scenario name: UEDPIE_0_Map_Grid_Scenario28; Vertices: 128
[2025.05.08-13.40.50:922][425]LogVoxelMeshingProfiling: Display: Scenario name: UEDPIE_0_Map_Grid_Scenario28; Vertices: 128
[2025.05.08-13.40.50:926][425]LogVoxelMeshingProfiling: Display: Scenario name: UEDPIE_0_Map_Grid_Scenario28; Vertices: 256
[2025.05.08-13.40.50:929][425]LogVoxelMeshingProfiling: Display: Scenario name: UEDPIE_0_Map_Grid_Scenario28; Vertices: 256
[2025.05.08-13.40.50:933][425]LogVoxelMeshingProfiling: Display: Scenario name: UEDPIE_0_Map_Grid_Scenario28; Vertices: 192
[2025.05.08-13.40.50:937][425]LogVoxelMeshingProfiling: Display: Scenario name: UEDPIE_0_Map_Grid_Scenario28; Vertices: 192
[2025.05.08-13.40.50:940][425]LogVoxelMeshingProfiling: Display: Scenario name: UEDPIE_0_Map_Grid_Scenario28; Vertices: 256
[2025.05.08-13.40.50:943][425]LogVoxelMeshingProfiling: Display: Scenario name: UEDPIE_0_Map_Grid_Scenario28; Vertices: 192
[2025.05.08-13.40.50:946][425]LogVoxelMeshingProfiling: Display: Scenario name: UEDPIE_0_Map_Grid_Scenario28; Vertices: 192
[2025.05.08-13.40.50:950][425]LogVoxelMeshingProfiling: Display: Scenario name: UEDPIE_0_Map_Grid_Scenario28; Vertices: 256
[2025.05.08-13.40.50:954][425]LogVoxelMeshingProfiling: Display: Scenario name: UEDPIE_0_Map_Grid_Scenario28; Vertices: 192
[2025.05.08-13.40.50:957][425]LogVoxelMeshingProfiling: Display: Scenario name: UEDPIE_0_Map_Grid_Scenario28; Vertices: 192
[2025.05.08-13.40.50:961][425]LogVoxelMeshingProfiling: Display: Scenario name: UEDPIE_0_Map_Grid_Scenario28; Vertices: 192
[2025.05.08-13.40.50:965][425]LogVoxelMeshingProfiling: Display: Scenario name: UEDPIE_0_Map_Grid_Scenario28; Vertices: 192
[2025.05.08-13.40.50:969][425]LogVoxelMeshingProfiling: Display: Scenario name: UEDPIE_0_Map_Grid_Scenario28; Vertices: 256
[2025.05.08-13.40.50:973][425]LogVoxelMeshingProfiling: Display: Scenario name: UEDPIE_0_Map_Grid_Scenario28; Vertices: 256
[2025.05.08-13.40.50:977][425]LogVoxelMeshingProfiling: Display: Scenario name: UEDPIE_0_Map_Grid_Scenario28; Vertices: 256
[2025.05.08-13.40.50:980][425]LogVoxelMeshingProfiling: Display: Scenario name: UEDPIE_0_Map_Grid_Scenario28; Vertices: 256
[2025.05.08-13.40.50:983][425]LogVoxelMeshingProfiling: Display: Scenario name: UEDPIE_0_Map_Grid_Scenario28; Vertices: 256
[2025.05.08-13.40.50:987][425]LogVoxelMeshingProfiling: Display: Scenario name: UEDPIE_0_Map_Grid_Scenario28; Vertices: 256
[2025.05.08-13.40.50:990][425]LogVoxelMeshingProfiling: Display: Scenario name: UEDPIE_0_Map_Grid_Scenario28; Vertices: 256
[2025.05.08-13.40.50:994][425]LogVoxelMeshingProfiling: Display: Scenario name: UEDPIE_0_Map_Grid_Scenario28; Vertices: 256
[2025.05.08-13.40.57:286][746]LogVoxelMeshingProfiling: Display: Scenario name: UEDPIE_0_Map_RLE_Scenario28; Voxel Model memory: 12840
[2025.05.08-13.40.57:294][746]LogVoxelMeshingProfiling: Display: Scenario name: UEDPIE_0_Map_RLE_Scenario28; Voxel Model memory: 12840
[2025.05.08-13.40.57:294][746]LogVoxelMeshingProfiling: Display: Scenario name: UEDPIE_0_Map_RLE_Scenario28; Voxel Model memory: 12840
[2025.05.08-13.40.57:295][746]LogVoxelMeshingProfiling: Display: Scenario name: UEDPIE_0_Map_RLE_Scenario28; Voxel Model memory: 12840
[2025.05.08-13.40.57:297][746]LogVoxelMeshingProfiling: Display: Scenario name: UEDPIE_0_Map_RLE_Scenario28; Voxel Model memory: 12840
[2025.05.08-13.40.57:297][746]LogVoxelMeshingProfiling: Display: Scenario name: UEDPIE_0_Map_RLE_Scenario28; Voxel Model memory: 12840
[2025.05.08-13.40.57:297][746]LogVoxelMeshingProfiling: Display: Scenario name: UEDPIE_0_Map_RLE_Scenario28; Voxel Model memory: 12840
[2025.05.08-13.40.57:305][746]LogVoxelMeshingProfiling: Display: Scenario name: UEDPIE_0_Map_RLE_Scenario28; Voxel Model memory: 12840
[2025.05.08-13.40.57:305][746]LogVoxelMeshingProfiling: Display: Scenario name: UEDPIE_0_Map_RLE_Scenario28; Voxel Model memory: 12840
[2025.05.08-13.40.57:305][746]LogVoxelMeshingProfiling: Display: Scenario name: UEDPIE_0_Map_RLE_Scenario28; Voxel Model memory: 12840
[2025.05.08-13.40.57:306][746]LogVoxelMeshingProfiling: Display: Scenario name: UEDPIE_0_Map_RLE_Scenario28; Voxel Model memory: 12840
[2025.05.08-13.40.57:309][746]LogVoxelMeshingProfiling: Display: Scenario name: UEDPIE_0_Map_RLE_Scenario28; Voxel Model memory: 12840
[2025.05.08-13.40.57:309][746]LogVoxelMeshingProfiling: Display: Scenario name: UEDPIE_0_Map_RLE_Scenario28; Voxel Model memory: 12840
[2025.05.08-13.40.57:310][746]LogVoxelMeshingProfiling: Display: Scenario name: UEDPIE_0_Map_RLE_Scenario28; Voxel Model memory: 12840
[2025.05.08-13.40.57:315][746]LogVoxelMeshingProfiling: Display: Scenario name: UEDPIE_0_Map_RLE_Scenario28; Voxel Model memory: 12840
[2025.05.08-13.40.57:318][746]LogVoxelMeshingProfiling: Display: Scenario name: UEDPIE_0_Map_RLE_Scenario28; Voxel Model memory: 12840
[2025.05.08-13.40.57:318][746]LogVoxelMeshingProfiling: Display: Scenario name: UEDPIE_0_Map_RLE_Scenario28; Voxel Model memory: 12840
[2025.05.08-13.40.57:319][746]LogVoxelMeshingProfiling: Display: Scenario name: UEDPIE_0_Map_RLE_Scenario28; Voxel Model memory: 12840
[2025.05.08-13.40.57:319][746]LogVoxelMeshingProfiling: Display: Scenario name: UEDPIE_0_Map_RLE_Scenario28; Voxel Model memory: 12840
[2025.05.08-13.40.57:321][746]LogVoxelMeshingProfiling: Display: Scenario name: UEDPIE_0_Map_RLE_Scenario28; Voxel Model memory: 12840
[2025.05.08-13.40.57:321][746]LogVoxelMeshingProfiling: Display: Scenario name: UEDPIE_0_Map_RLE_Scenario28; Voxel Model memory: 12840
[2025.05.08-13.40.57:326][746]LogVoxelMeshingProfiling: Display: Scenario name: UEDPIE_0_Map_RLE_Scenario28; Voxel Model memory: 12840
[2025.05.08-13.40.57:326][746]LogVoxelMeshingProfiling: Display: Scenario name: UEDPIE_0_Map_RLE_Scenario28; Voxel Model memory: 12840
[2025.05.08-13.40.57:329][746]LogVoxelMeshingProfiling: Display: Scenario name: UEDPIE_0_Map_RLE_Scenario28; Voxel Model memory: 12840
[2025.05.08-13.40.57:331][746]LogVoxelMeshingProfiling: Display: Scenario name: UEDPIE_0_Map_RLE_Scenario28; Voxel Model memory: 12840
[2025.05.08-13.40.57:331][746]LogVoxelMeshingProfiling: Display: Scenario name: UEDPIE_0_Map_RLE_Scenario28; Voxel Model memory: 12840
[2025.05.08-13.40.57:331][746]LogVoxelMeshingProfiling: Display: Scenario name: UEDPIE_0_Map_RLE_Scenario28; Voxel Model memory: 12840
[2025.05.08-13.40.57:336][746]LogVoxelMeshingProfiling: Display: Scenario name: UEDPIE_0_Map_RLE_Scenario28; Vertices: 12288
[2025.05.08-13.40.57:341][746]LogVoxelMeshingProfiling: Display: Scenario name: UEDPIE_0_Map_RLE_Scenario28; Vertices: 12288
[2025.05.08-13.40.57:345][747]LogVoxelMeshingProfiling: Display: Scenario name: UEDPIE_0_Map_RLE_Scenario28; Vertices: 12288
[2025.05.08-13.40.57:348][747]LogVoxelMeshingProfiling: Display: Scenario name: UEDPIE_0_Map_RLE_Scenario28; Vertices: 12288
[2025.05.08-13.40.57:352][747]LogVoxelMeshingProfiling: Display: Scenario name: UEDPIE_0_Map_RLE_Scenario28; Vertices: 12288
[2025.05.08-13.40.57:354][747]LogVoxelMeshingProfiling: Display: Scenario name: UEDPIE_0_Map_RLE_Scenario28; Vertices: 12288
[2025.05.08-13.40.57:358][747]LogVoxelMeshingProfiling: Display: Scenario name: UEDPIE_0_Map_RLE_Scenario28; Vertices: 12288
[2025.05.08-13.40.57:363][747]LogVoxelMeshingProfiling: Display: Scenario name: UEDPIE_0_Map_RLE_Scenario28; Vertices: 12288
[2025.05.08-13.40.57:367][747]LogVoxelMeshingProfiling: Display: Scenario name: UEDPIE_0_Map_RLE_Scenario28; Vertices: 12288
[2025.05.08-13.40.57:369][747]LogVoxelMeshingProfiling: Display: Scenario name: UEDPIE_0_Map_RLE_Scenario28; Vertices: 12288
[2025.05.08-13.40.57:373][747]LogVoxelMeshingProfiling: Display: Scenario name: UEDPIE_0_Map_RLE_Scenario28; Vertices: 12288
[2025.05.08-13.40.57:375][747]LogVoxelMeshingProfiling: Display: Scenario name: UEDPIE_0_Map_RLE_Scenario28; Vertices: 12288
[2025.05.08-13.40.57:379][747]LogVoxelMeshingProfiling: Display: Scenario name: UEDPIE_0_Map_RLE_Scenario28; Vertices: 12288
[2025.05.08-13.40.57:381][747]LogVoxelMeshingProfiling: Display: Scenario name: UEDPIE_0_Map_RLE_Scenario28; Vertices: 12288
[2025.05.08-13.40.57:386][747]LogVoxelMeshingProfiling: Display: Scenario name: UEDPIE_0_Map_RLE_Scenario28; Vertices: 12288
[2025.05.08-13.40.57:388][747]LogVoxelMeshingProfiling: Display: Scenario name: UEDPIE_0_Map_RLE_Scenario28; Vertices: 12288
[2025.05.08-13.40.57:391][747]LogVoxelMeshingProfiling: Display: Scenario name: UEDPIE_0_Map_RLE_Scenario28; Vertices: 12288
[2025.05.08-13.40.57:394][747]LogVoxelMeshingProfiling: Display: Scenario name: UEDPIE_0_Map_RLE_Scenario28; Vertices: 12288
[2025.05.08-13.40.57:396][747]LogVoxelMeshingProfiling: Display: Scenario name: UEDPIE_0_Map_RLE_Scenario28; Vertices: 12288
[2025.05.08-13.40.57:400][747]LogVoxelMeshingProfiling: Display: Scenario name: UEDPIE_0_Map_RLE_Scenario28; Vertices: 12288
[2025.05.08-13.40.57:403][747]LogVoxelMeshingProfiling: Display: Scenario name: UEDPIE_0_Map_RLE_Scenario28; Vertices: 12288
[2025.05.08-13.40.57:405][747]LogVoxelMeshingProfiling: Display: Scenario name: UEDPIE_0_Map_RLE_Scenario28; Vertices: 12288
[2025.05.08-13.40.57:408][747]LogVoxelMeshingProfiling: Display: Scenario name: UEDPIE_0_Map_RLE_Scenario28; Vertices: 12288
[2025.05.08-13.40.57:413][747]LogVoxelMeshingProfiling: Display: Scenario name: UEDPIE_0_Map_RLE_Scenario28; Vertices: 12288
[2025.05.08-13.40.57:416][747]LogVoxelMeshingProfiling: Display: Scenario name: UEDPIE_0_Map_RLE_Scenario28; Vertices: 12288
[2025.05.08-13.40.57:418][747]LogVoxelMeshingProfiling: Display: Scenario name: UEDPIE_0_Map_RLE_Scenario28; Vertices: 12288
[2025.05.08-13.40.57:422][747]LogVoxelMeshingProfiling: Display: Scenario name: UEDPIE_0_Map_RLE_Scenario28; Vertices: 12288
[2025.05.08-13.41.02:903][987]LogVoxelMeshingProfiling: Display: Scenario name: UEDPIE_0_Map_VoxelPlugin_Scenario28; Voxel Model memory: 262144
[2025.05.08-13.41.02:903][987]LogVoxelMeshingProfiling: Display: Scenario name: UEDPIE_0_Map_VoxelPlugin_Scenario28; OpaqueVoxelCount: 16384; TransparentVoxelCount: 16384
[2025.05.08-13.41.02:910][987]LogVoxelMeshingProfiling: Display: Scenario name: UEDPIE_0_Map_VoxelPlugin_Scenario28; Voxel Model memory: 262144
[2025.05.08-13.41.02:910][987]LogVoxelMeshingProfiling: Display: Scenario name: UEDPIE_0_Map_VoxelPlugin_Scenario28; OpaqueVoxelCount: 16384; TransparentVoxelCount: 16384
[2025.05.08-13.41.02:910][987]LogVoxelMeshingProfiling: Display: Scenario name: UEDPIE_0_Map_VoxelPlugin_Scenario28; Voxel Model memory: 262144
[2025.05.08-13.41.02:910][987]LogVoxelMeshingProfiling: Display: Scenario name: UEDPIE_0_Map_VoxelPlugin_Scenario28; OpaqueVoxelCount: 16384; TransparentVoxelCount: 16384
[2025.05.08-13.41.02:912][987]LogVoxelMeshingProfiling: Display: Scenario name: UEDPIE_0_Map_VoxelPlugin_Scenario28; Voxel Model memory: 262144
[2025.05.08-13.41.02:913][987]LogVoxelMeshingProfiling: Display: Scenario name: UEDPIE_0_Map_VoxelPlugin_Scenario28; OpaqueVoxelCount: 16384; TransparentVoxelCount: 16384
[2025.05.08-13.41.02:913][987]LogVoxelMeshingProfiling: Display: Scenario name: UEDPIE_0_Map_VoxelPlugin_Scenario28; Voxel Model memory: 262144
[2025.05.08-13.41.02:913][987]LogVoxelMeshingProfiling: Display: Scenario name: UEDPIE_0_Map_VoxelPlugin_Scenario28; OpaqueVoxelCount: 16384; TransparentVoxelCount: 16384
[2025.05.08-13.41.02:914][987]LogVoxelMeshingProfiling: Display: Scenario name: UEDPIE_0_Map_VoxelPlugin_Scenario28; Voxel Model memory: 262144
[2025.05.08-13.41.02:914][987]LogVoxelMeshingProfiling: Display: Scenario name: UEDPIE_0_Map_VoxelPlugin_Scenario28; OpaqueVoxelCount: 16384; TransparentVoxelCount: 16384
[2025.05.08-13.41.02:914][987]LogVoxelMeshingProfiling: Display: Scenario name: UEDPIE_0_Map_VoxelPlugin_Scenario28; Voxel Model memory: 262144
[2025.05.08-13.41.02:914][987]LogVoxelMeshingProfiling: Display: Scenario name: UEDPIE_0_Map_VoxelPlugin_Scenario28; OpaqueVoxelCount: 16384; TransparentVoxelCount: 16384
[2025.05.08-13.41.02:922][987]LogVoxelMeshingProfiling: Display: Scenario name: UEDPIE_0_Map_VoxelPlugin_Scenario28; Voxel Model memory: 262144
[2025.05.08-13.41.02:922][987]LogVoxelMeshingProfiling: Display: Scenario name: UEDPIE_0_Map_VoxelPlugin_Scenario28; OpaqueVoxelCount: 16384; TransparentVoxelCount: 16384
[2025.05.08-13.41.02:922][987]LogVoxelMeshingProfiling: Display: Scenario name: UEDPIE_0_Map_VoxelPlugin_Scenario28; Voxel Model memory: 262144
[2025.05.08-13.41.02:922][987]LogVoxelMeshingProfiling: Display: Scenario name: UEDPIE_0_Map_VoxelPlugin_Scenario28; OpaqueVoxelCount: 16384; TransparentVoxelCount: 16384
[2025.05.08-13.41.02:922][987]LogVoxelMeshingProfiling: Display: Scenario name: UEDPIE_0_Map_VoxelPlugin_Scenario28; Voxel Model memory: 262144
[2025.05.08-13.41.02:922][987]LogVoxelMeshingProfiling: Display: Scenario name: UEDPIE_0_Map_VoxelPlugin_Scenario28; OpaqueVoxelCount: 16384; TransparentVoxelCount: 16384
[2025.05.08-13.41.02:928][987]LogVoxelMeshingProfiling: Display: Scenario name: UEDPIE_0_Map_VoxelPlugin_Scenario28; Voxel Model memory: 262144
[2025.05.08-13.41.02:928][987]LogVoxelMeshingProfiling: Display: Scenario name: UEDPIE_0_Map_VoxelPlugin_Scenario28; OpaqueVoxelCount: 16384; TransparentVoxelCount: 16384
[2025.05.08-13.41.02:928][987]LogVoxelMeshingProfiling: Display: Scenario name: UEDPIE_0_Map_VoxelPlugin_Scenario28; Voxel Model memory: 262144
[2025.05.08-13.41.02:928][987]LogVoxelMeshingProfiling: Display: Scenario name: UEDPIE_0_Map_VoxelPlugin_Scenario28; OpaqueVoxelCount: 16384; TransparentVoxelCount: 16384
[2025.05.08-13.41.02:928][987]LogVoxelMeshingProfiling: Display: Scenario name: UEDPIE_0_Map_VoxelPlugin_Scenario28; Voxel Model memory: 262144
[2025.05.08-13.41.02:928][987]LogVoxelMeshingProfiling: Display: Scenario name: UEDPIE_0_Map_VoxelPlugin_Scenario28; OpaqueVoxelCount: 16384; TransparentVoxelCount: 16384
[2025.05.08-13.41.02:928][987]LogVoxelMeshingProfiling: Display: Scenario name: UEDPIE_0_Map_VoxelPlugin_Scenario28; Voxel Model memory: 262144
[2025.05.08-13.41.02:928][987]LogVoxelMeshingProfiling: Display: Scenario name: UEDPIE_0_Map_VoxelPlugin_Scenario28; OpaqueVoxelCount: 16384; TransparentVoxelCount: 16384
[2025.05.08-13.41.02:934][987]LogVoxelMeshingProfiling: Display: Scenario name: UEDPIE_0_Map_VoxelPlugin_Scenario28; Voxel Model memory: 262144
[2025.05.08-13.41.02:934][987]LogVoxelMeshingProfiling: Display: Scenario name: UEDPIE_0_Map_VoxelPlugin_Scenario28; OpaqueVoxelCount: 16384; TransparentVoxelCount: 16384
[2025.05.08-13.41.02:935][987]LogVoxelMeshingProfiling: Display: Scenario name: UEDPIE_0_Map_VoxelPlugin_Scenario28; Voxel Model memory: 262144
[2025.05.08-13.41.02:935][987]LogVoxelMeshingProfiling: Display: Scenario name: UEDPIE_0_Map_VoxelPlugin_Scenario28; OpaqueVoxelCount: 16384; TransparentVoxelCount: 16384
[2025.05.08-13.41.02:940][987]LogVoxelMeshingProfiling: Display: Scenario name: UEDPIE_0_Map_VoxelPlugin_Scenario28; Voxel Model memory: 262144
[2025.05.08-13.41.02:940][987]LogVoxelMeshingProfiling: Display: Scenario name: UEDPIE_0_Map_VoxelPlugin_Scenario28; OpaqueVoxelCount: 16384; TransparentVoxelCount: 16384
[2025.05.08-13.41.02:941][987]LogVoxelMeshingProfiling: Display: Scenario name: UEDPIE_0_Map_VoxelPlugin_Scenario28; Voxel Model memory: 262144
[2025.05.08-13.41.02:941][987]LogVoxelMeshingProfiling: Display: Scenario name: UEDPIE_0_Map_VoxelPlugin_Scenario28; OpaqueVoxelCount: 16384; TransparentVoxelCount: 16384
[2025.05.08-13.41.02:941][987]LogVoxelMeshingProfiling: Display: Scenario name: UEDPIE_0_Map_VoxelPlugin_Scenario28; Voxel Model memory: 262144
[2025.05.08-13.41.02:941][987]LogVoxelMeshingProfiling: Display: Scenario name: UEDPIE_0_Map_VoxelPlugin_Scenario28; OpaqueVoxelCount: 16384; TransparentVoxelCount: 16384
[2025.05.08-13.41.02:942][987]LogVoxelMeshingProfiling: Display: Scenario name: UEDPIE_0_Map_VoxelPlugin_Scenario28; Voxel Model memory: 262144
[2025.05.08-13.41.02:942][987]LogVoxelMeshingProfiling: Display: Scenario name: UEDPIE_0_Map_VoxelPlugin_Scenario28; OpaqueVoxelCount: 16384; TransparentVoxelCount: 16384
[2025.05.08-13.41.02:942][987]LogVoxelMeshingProfiling: Display: Scenario name: UEDPIE_0_Map_VoxelPlugin_Scenario28; Voxel Model memory: 262144
[2025.05.08-13.41.02:942][987]LogVoxelMeshingProfiling: Display: Scenario name: UEDPIE_0_Map_VoxelPlugin_Scenario28; OpaqueVoxelCount: 16384; TransparentVoxelCount: 16384
[2025.05.08-13.41.02:946][987]LogVoxelMeshingProfiling: Display: Scenario name: UEDPIE_0_Map_VoxelPlugin_Scenario28; Voxel Model memory: 262144
[2025.05.08-13.41.02:946][987]LogVoxelMeshingProfiling: Display: Scenario name: UEDPIE_0_Map_VoxelPlugin_Scenario28; OpaqueVoxelCount: 16384; TransparentVoxelCount: 16384
[2025.05.08-13.41.02:950][987]LogVoxelMeshingProfiling: Display: Scenario name: UEDPIE_0_Map_VoxelPlugin_Scenario28; Voxel Model memory: 262144
[2025.05.08-13.41.02:950][987]LogVoxelMeshingProfiling: Display: Scenario name: UEDPIE_0_Map_VoxelPlugin_Scenario28; OpaqueVoxelCount: 16384; TransparentVoxelCount: 16384
[2025.05.08-13.41.02:951][987]LogVoxelMeshingProfiling: Display: Scenario name: UEDPIE_0_Map_VoxelPlugin_Scenario28; Voxel Model memory: 262144
[2025.05.08-13.41.02:951][987]LogVoxelMeshingProfiling: Display: Scenario name: UEDPIE_0_Map_VoxelPlugin_Scenario28; OpaqueVoxelCount: 16384; TransparentVoxelCount: 16384
[2025.05.08-13.41.02:953][987]LogVoxelMeshingProfiling: Display: Scenario name: UEDPIE_0_Map_VoxelPlugin_Scenario28; Voxel Model memory: 262144
[2025.05.08-13.41.02:953][987]LogVoxelMeshingProfiling: Display: Scenario name: UEDPIE_0_Map_VoxelPlugin_Scenario28; OpaqueVoxelCount: 16384; TransparentVoxelCount: 16384
[2025.05.08-13.41.02:953][987]LogVoxelMeshingProfiling: Display: Scenario name: UEDPIE_0_Map_VoxelPlugin_Scenario28; Voxel Model memory: 262144
[2025.05.08-13.41.02:953][987]LogVoxelMeshingProfiling: Display: Scenario name: UEDPIE_0_Map_VoxelPlugin_Scenario28; OpaqueVoxelCount: 16384; TransparentVoxelCount: 16384
[2025.05.08-13.41.02:953][987]LogVoxelMeshingProfiling: Display: Scenario name: UEDPIE_0_Map_VoxelPlugin_Scenario28; Voxel Model memory: 262144
[2025.05.08-13.41.02:953][987]LogVoxelMeshingProfiling: Display: Scenario name: UEDPIE_0_Map_VoxelPlugin_Scenario28; OpaqueVoxelCount: 16384; TransparentVoxelCount: 16384
[2025.05.08-13.41.03:041][988]LogVoxelMeshingProfiling: Display: Scenario name: Map_VoxelPlugin_Scenario28; Vertices: 133120
[2025.05.08-13.41.03:042][988]LogVoxelMeshingProfiling: Display: Scenario name: Map_VoxelPlugin_Scenario28; Vertices: 133120
[2025.05.08-13.41.03:086][988]LogVoxelMeshingProfiling: Display: Scenario name: Map_VoxelPlugin_Scenario28; Vertices: 135168
[2025.05.08-13.41.03:090][988]LogVoxelMeshingProfiling: Display: Scenario name: Map_VoxelPlugin_Scenario28; Vertices: 135168
[2025.05.08-13.41.03:140][990]LogVoxelMeshingProfiling: Display: Scenario name: Map_VoxelPlugin_Scenario28; Vertices: 135168
[2025.05.08-13.41.03:149][990]LogVoxelMeshingProfiling: Display: Scenario name: Map_VoxelPlugin_Scenario28; Vertices: 135168
[2025.05.08-13.41.03:246][995]LogVoxelMeshingProfiling: Display: Scenario name: Map_VoxelPlugin_Scenario28; Vertices: 133120
[2025.05.08-13.41.03:254][995]LogVoxelMeshingProfiling: Display: Scenario name: Map_VoxelPlugin_Scenario28; Vertices: 135168
[2025.05.08-13.41.03:596][  4]LogVoxelMeshingProfiling: Display: Scenario name: Map_VoxelPlugin_Scenario28; Vertices: 135168
[2025.05.08-13.41.03:611][  4]LogVoxelMeshingProfiling: Display: Scenario name: Map_VoxelPlugin_Scenario28; Vertices: 131072
[2025.05.08-13.41.03:652][  6]LogVoxelMeshingProfiling: Display: Scenario name: Map_VoxelPlugin_Scenario28; Vertices: 131072
[2025.05.08-13.41.03:712][  9]LogVoxelMeshingProfiling: Display: Scenario name: Map_VoxelPlugin_Scenario28; Vertices: 133120
[2025.05.08-13.41.03:774][ 13]LogVoxelMeshingProfiling: Display: Scenario name: Map_VoxelPlugin_Scenario28; Vertices: 133120
[2025.05.08-13.41.03:843][ 16]LogVoxelMeshingProfiling: Display: Scenario name: Map_VoxelPlugin_Scenario28; Vertices: 133120
[2025.05.08-13.41.03:848][ 16]LogVoxelMeshingProfiling: Display: Scenario name: Map_VoxelPlugin_Scenario28; Vertices: 133120
[2025.05.08-13.41.03:946][ 22]LogVoxelMeshingProfiling: Display: Scenario name: Map_VoxelPlugin_Scenario28; Vertices: 131072
[2025.05.08-13.41.04:000][ 25]LogVoxelMeshingProfiling: Display: Scenario name: Map_VoxelPlugin_Scenario28; Vertices: 133120
[2025.05.08-13.41.04:014][ 25]LogVoxelMeshingProfiling: Display: Scenario name: Map_VoxelPlugin_Scenario28; Vertices: 133120
[2025.05.08-13.41.04:189][ 36]LogVoxelMeshingProfiling: Display: Scenario name: Map_VoxelPlugin_Scenario28; Vertices: 133120
[2025.05.08-13.41.04:191][ 36]LogVoxelMeshingProfiling: Display: Scenario name: Map_VoxelPlugin_Scenario28; Vertices: 133120
[2025.05.08-13.41.04:254][ 39]LogVoxelMeshingProfiling: Display: Scenario name: Map_VoxelPlugin_Scenario28; Vertices: 135168
[2025.05.08-13.41.04:259][ 40]LogVoxelMeshingProfiling: Display: Scenario name: Map_VoxelPlugin_Scenario28; Vertices: 135168
[2025.05.08-13.41.04:340][ 44]LogVoxelMeshingProfiling: Display: Scenario name: Map_VoxelPlugin_Scenario28; Vertices: 135168
[2025.05.08-13.41.04:435][ 49]LogVoxelMeshingProfiling: Display: Scenario name: Map_VoxelPlugin_Scenario28; Vertices: 135168
[2025.05.08-13.41.04:503][ 53]LogVoxelMeshingProfiling: Display: Scenario name: Map_VoxelPlugin_Scenario28; Vertices: 133120
[2025.05.08-13.41.04:518][ 54]LogVoxelMeshingProfiling: Display: Scenario name: Map_VoxelPlugin_Scenario28; Vertices: 135168
[2025.05.08-13.41.04:600][ 58]LogVoxelMeshingProfiling: Display: Scenario name: Map_VoxelPlugin_Scenario28; Vertices: 135168
