[2025.05.08-12.47.57:008][104]LogVoxelMeshingProfiling: Display: Scenario name: UEDPIE_0_Map_Grid_Scenario29; Voxel Model memory: 262144
[2025.05.08-12.47.57:008][104]LogVoxelMeshingProfiling: Display: Scenario name: UEDPIE_0_Map_Grid_Scenario29; OpaqueVoxelCount: 16384; TransparentVoxelCount: 16384
[2025.05.08-12.47.57:016][104]LogVoxelMeshingProfiling: Display: Scenario name: UEDPIE_0_Map_Grid_Scenario29; Voxel Model memory: 262144
[2025.05.08-12.47.57:016][104]LogVoxelMeshingProfiling: Display: Scenario name: UEDPIE_0_Map_Grid_Scenario29; OpaqueVoxelCount: 16384; TransparentVoxelCount: 16384
[2025.05.08-12.47.57:016][104]LogVoxelMeshingProfiling: Display: Scenario name: UEDPIE_0_Map_Grid_Scenario29; Voxel Model memory: 262144
[2025.05.08-12.47.57:016][104]LogVoxelMeshingProfiling: Display: Scenario name: UEDPIE_0_Map_Grid_Scenario29; OpaqueVoxelCount: 16384; TransparentVoxelCount: 16384
[2025.05.08-12.47.57:017][104]LogVoxelMeshingProfiling: Display: Scenario name: UEDPIE_0_Map_Grid_Scenario29; Voxel Model memory: 262144
[2025.05.08-12.47.57:017][104]LogVoxelMeshingProfiling: Display: Scenario name: UEDPIE_0_Map_Grid_Scenario29; OpaqueVoxelCount: 16384; TransparentVoxelCount: 16384
[2025.05.08-12.47.57:019][104]LogVoxelMeshingProfiling: Display: Scenario name: UEDPIE_0_Map_Grid_Scenario29; Voxel Model memory: 262144
[2025.05.08-12.47.57:019][104]LogVoxelMeshingProfiling: Display: Scenario name: UEDPIE_0_Map_Grid_Scenario29; OpaqueVoxelCount: 16384; TransparentVoxelCount: 16384
[2025.05.08-12.47.57:019][104]LogVoxelMeshingProfiling: Display: Scenario name: UEDPIE_0_Map_Grid_Scenario29; Voxel Model memory: 262144
[2025.05.08-12.47.57:019][104]LogVoxelMeshingProfiling: Display: Scenario name: UEDPIE_0_Map_Grid_Scenario29; OpaqueVoxelCount: 16384; TransparentVoxelCount: 16384
[2025.05.08-12.47.57:019][104]LogVoxelMeshingProfiling: Display: Scenario name: UEDPIE_0_Map_Grid_Scenario29; Voxel Model memory: 262144
[2025.05.08-12.47.57:019][104]LogVoxelMeshingProfiling: Display: Scenario name: UEDPIE_0_Map_Grid_Scenario29; OpaqueVoxelCount: 16384; TransparentVoxelCount: 16384
[2025.05.08-12.47.57:026][104]LogVoxelMeshingProfiling: Display: Scenario name: UEDPIE_0_Map_Grid_Scenario29; Voxel Model memory: 262144
[2025.05.08-12.47.57:026][104]LogVoxelMeshingProfiling: Display: Scenario name: UEDPIE_0_Map_Grid_Scenario29; OpaqueVoxelCount: 16384; TransparentVoxelCount: 16384
[2025.05.08-12.47.57:026][104]LogVoxelMeshingProfiling: Display: Scenario name: UEDPIE_0_Map_Grid_Scenario29; Voxel Model memory: 262144
[2025.05.08-12.47.57:026][104]LogVoxelMeshingProfiling: Display: Scenario name: UEDPIE_0_Map_Grid_Scenario29; OpaqueVoxelCount: 16384; TransparentVoxelCount: 16384
[2025.05.08-12.47.57:027][104]LogVoxelMeshingProfiling: Display: Scenario name: UEDPIE_0_Map_Grid_Scenario29; Voxel Model memory: 262144
[2025.05.08-12.47.57:027][104]LogVoxelMeshingProfiling: Display: Scenario name: UEDPIE_0_Map_Grid_Scenario29; OpaqueVoxelCount: 16384; TransparentVoxelCount: 16384
[2025.05.08-12.47.57:029][104]LogVoxelMeshingProfiling: Display: Scenario name: UEDPIE_0_Map_Grid_Scenario29; Voxel Model memory: 262144
[2025.05.08-12.47.57:029][104]LogVoxelMeshingProfiling: Display: Scenario name: UEDPIE_0_Map_Grid_Scenario29; OpaqueVoxelCount: 16384; TransparentVoxelCount: 16384
[2025.05.08-12.47.57:031][104]LogVoxelMeshingProfiling: Display: Scenario name: UEDPIE_0_Map_Grid_Scenario29; Voxel Model memory: 262144
[2025.05.08-12.47.57:031][104]LogVoxelMeshingProfiling: Display: Scenario name: UEDPIE_0_Map_Grid_Scenario29; OpaqueVoxelCount: 16384; TransparentVoxelCount: 16384
[2025.05.08-12.47.57:031][104]LogVoxelMeshingProfiling: Display: Scenario name: UEDPIE_0_Map_Grid_Scenario29; Voxel Model memory: 262144
[2025.05.08-12.47.57:031][104]LogVoxelMeshingProfiling: Display: Scenario name: UEDPIE_0_Map_Grid_Scenario29; OpaqueVoxelCount: 16384; TransparentVoxelCount: 16384
[2025.05.08-12.47.57:031][104]LogVoxelMeshingProfiling: Display: Scenario name: UEDPIE_0_Map_Grid_Scenario29; Voxel Model memory: 262144
[2025.05.08-12.47.57:031][104]LogVoxelMeshingProfiling: Display: Scenario name: UEDPIE_0_Map_Grid_Scenario29; OpaqueVoxelCount: 16384; TransparentVoxelCount: 16384
[2025.05.08-12.47.57:039][104]LogVoxelMeshingProfiling: Display: Scenario name: UEDPIE_0_Map_Grid_Scenario29; Voxel Model memory: 262144
[2025.05.08-12.47.57:039][104]LogVoxelMeshingProfiling: Display: Scenario name: UEDPIE_0_Map_Grid_Scenario29; Voxel Model memory: 262144
[2025.05.08-12.47.57:039][104]LogVoxelMeshingProfiling: Display: Scenario name: UEDPIE_0_Map_Grid_Scenario29; Voxel Model memory: 262144
[2025.05.08-12.47.57:039][104]LogVoxelMeshingProfiling: Display: Scenario name: UEDPIE_0_Map_Grid_Scenario29; OpaqueVoxelCount: 16384; TransparentVoxelCount: 16384
[2025.05.08-12.47.57:039][104]LogVoxelMeshingProfiling: Display: Scenario name: UEDPIE_0_Map_Grid_Scenario29; OpaqueVoxelCount: 16384; TransparentVoxelCount: 16384
[2025.05.08-12.47.57:041][104]LogVoxelMeshingProfiling: Display: Scenario name: UEDPIE_0_Map_Grid_Scenario29; OpaqueVoxelCount: 16384; TransparentVoxelCount: 16384
[2025.05.08-12.47.57:041][104]LogVoxelMeshingProfiling: Display: Scenario name: UEDPIE_0_Map_Grid_Scenario29; Voxel Model memory: 262144
[2025.05.08-12.47.57:041][104]LogVoxelMeshingProfiling: Display: Scenario name: UEDPIE_0_Map_Grid_Scenario29; OpaqueVoxelCount: 16384; TransparentVoxelCount: 16384
[2025.05.08-12.47.57:045][104]LogVoxelMeshingProfiling: Display: Scenario name: UEDPIE_0_Map_Grid_Scenario29; Voxel Model memory: 262144
[2025.05.08-12.47.57:045][104]LogVoxelMeshingProfiling: Display: Scenario name: UEDPIE_0_Map_Grid_Scenario29; OpaqueVoxelCount: 16384; TransparentVoxelCount: 16384
[2025.05.08-12.47.57:045][104]LogVoxelMeshingProfiling: Display: Scenario name: UEDPIE_0_Map_Grid_Scenario29; Voxel Model memory: 262144
[2025.05.08-12.47.57:045][104]LogVoxelMeshingProfiling: Display: Scenario name: UEDPIE_0_Map_Grid_Scenario29; OpaqueVoxelCount: 16384; TransparentVoxelCount: 16384
[2025.05.08-12.47.57:045][104]LogVoxelMeshingProfiling: Display: Scenario name: UEDPIE_0_Map_Grid_Scenario29; Voxel Model memory: 262144
[2025.05.08-12.47.57:045][104]LogVoxelMeshingProfiling: Display: Scenario name: UEDPIE_0_Map_Grid_Scenario29; OpaqueVoxelCount: 16384; TransparentVoxelCount: 16384
[2025.05.08-12.47.57:050][104]LogVoxelMeshingProfiling: Display: Scenario name: UEDPIE_0_Map_Grid_Scenario29; Voxel Model memory: 262144
[2025.05.08-12.47.57:050][104]LogVoxelMeshingProfiling: Display: Scenario name: UEDPIE_0_Map_Grid_Scenario29; OpaqueVoxelCount: 16384; TransparentVoxelCount: 16384
[2025.05.08-12.47.57:051][104]LogVoxelMeshingProfiling: Display: Scenario name: UEDPIE_0_Map_Grid_Scenario29; Voxel Model memory: 262144
[2025.05.08-12.47.57:051][104]LogVoxelMeshingProfiling: Display: Scenario name: UEDPIE_0_Map_Grid_Scenario29; OpaqueVoxelCount: 16384; TransparentVoxelCount: 16384
[2025.05.08-12.47.57:052][104]LogVoxelMeshingProfiling: Display: Scenario name: UEDPIE_0_Map_Grid_Scenario29; Voxel Model memory: 262144
[2025.05.08-12.47.57:052][104]LogVoxelMeshingProfiling: Display: Scenario name: UEDPIE_0_Map_Grid_Scenario29; OpaqueVoxelCount: 16384; TransparentVoxelCount: 16384
[2025.05.08-12.47.57:052][104]LogVoxelMeshingProfiling: Display: Scenario name: UEDPIE_0_Map_Grid_Scenario29; Voxel Model memory: 262144
[2025.05.08-12.47.57:052][104]LogVoxelMeshingProfiling: Display: Scenario name: UEDPIE_0_Map_Grid_Scenario29; OpaqueVoxelCount: 16384; TransparentVoxelCount: 16384
[2025.05.08-12.47.57:053][104]LogVoxelMeshingProfiling: Display: Scenario name: UEDPIE_0_Map_Grid_Scenario29; Voxel Model memory: 262144
[2025.05.08-12.47.57:053][104]LogVoxelMeshingProfiling: Display: Scenario name: UEDPIE_0_Map_Grid_Scenario29; Voxel Model memory: 262144
[2025.05.08-12.47.57:053][104]LogVoxelMeshingProfiling: Display: Scenario name: UEDPIE_0_Map_Grid_Scenario29; OpaqueVoxelCount: 16384; TransparentVoxelCount: 16384
[2025.05.08-12.47.57:053][104]LogVoxelMeshingProfiling: Display: Scenario name: UEDPIE_0_Map_Grid_Scenario29; OpaqueVoxelCount: 16384; TransparentVoxelCount: 16384
[2025.05.08-12.47.57:058][104]LogVoxelMeshingProfiling: Display: Scenario name: UEDPIE_0_Map_Grid_Scenario29; Vertices: 64
[2025.05.08-12.47.57:063][104]LogVoxelMeshingProfiling: Display: Scenario name: UEDPIE_0_Map_Grid_Scenario29; Vertices: 96
[2025.05.08-12.47.57:067][104]LogVoxelMeshingProfiling: Display: Scenario name: UEDPIE_0_Map_Grid_Scenario29; Vertices: 96
[2025.05.08-12.47.57:071][104]LogVoxelMeshingProfiling: Display: Scenario name: UEDPIE_0_Map_Grid_Scenario29; Vertices: 96
[2025.05.08-12.47.57:076][104]LogVoxelMeshingProfiling: Display: Scenario name: UEDPIE_0_Map_Grid_Scenario29; Vertices: 96
[2025.05.08-12.47.57:079][104]LogVoxelMeshingProfiling: Display: Scenario name: UEDPIE_0_Map_Grid_Scenario29; Vertices: 64
[2025.05.08-12.47.57:083][104]LogVoxelMeshingProfiling: Display: Scenario name: UEDPIE_0_Map_Grid_Scenario29; Vertices: 64
[2025.05.08-12.47.57:086][105]LogVoxelMeshingProfiling: Display: Scenario name: UEDPIE_0_Map_Grid_Scenario29; Vertices: 128
[2025.05.08-12.47.57:089][105]LogVoxelMeshingProfiling: Display: Scenario name: UEDPIE_0_Map_Grid_Scenario29; Vertices: 128
[2025.05.08-12.47.57:093][105]LogVoxelMeshingProfiling: Display: Scenario name: UEDPIE_0_Map_Grid_Scenario29; Vertices: 96
[2025.05.08-12.47.57:096][105]LogVoxelMeshingProfiling: Display: Scenario name: UEDPIE_0_Map_Grid_Scenario29; Vertices: 96
[2025.05.08-12.47.57:100][105]LogVoxelMeshingProfiling: Display: Scenario name: UEDPIE_0_Map_Grid_Scenario29; Vertices: 128
[2025.05.08-12.47.57:103][105]LogVoxelMeshingProfiling: Display: Scenario name: UEDPIE_0_Map_Grid_Scenario29; Vertices: 96
[2025.05.08-12.47.57:106][105]LogVoxelMeshingProfiling: Display: Scenario name: UEDPIE_0_Map_Grid_Scenario29; Vertices: 96
[2025.05.08-12.47.57:109][105]LogVoxelMeshingProfiling: Display: Scenario name: UEDPIE_0_Map_Grid_Scenario29; Vertices: 128
[2025.05.08-12.47.57:112][105]LogVoxelMeshingProfiling: Display: Scenario name: UEDPIE_0_Map_Grid_Scenario29; Vertices: 96
[2025.05.08-12.47.57:116][105]LogVoxelMeshingProfiling: Display: Scenario name: UEDPIE_0_Map_Grid_Scenario29; Vertices: 96
[2025.05.08-12.47.57:119][105]LogVoxelMeshingProfiling: Display: Scenario name: UEDPIE_0_Map_Grid_Scenario29; Vertices: 96
[2025.05.08-12.47.57:122][105]LogVoxelMeshingProfiling: Display: Scenario name: UEDPIE_0_Map_Grid_Scenario29; Vertices: 96
[2025.05.08-12.47.57:125][105]LogVoxelMeshingProfiling: Display: Scenario name: UEDPIE_0_Map_Grid_Scenario29; Vertices: 128
[2025.05.08-12.47.57:127][105]LogVoxelMeshingProfiling: Display: Scenario name: UEDPIE_0_Map_Grid_Scenario29; Vertices: 128
[2025.05.08-12.47.57:130][105]LogVoxelMeshingProfiling: Display: Scenario name: UEDPIE_0_Map_Grid_Scenario29; Vertices: 128
[2025.05.08-12.47.57:135][105]LogVoxelMeshingProfiling: Display: Scenario name: UEDPIE_0_Map_Grid_Scenario29; Vertices: 128
[2025.05.08-12.47.57:138][105]LogVoxelMeshingProfiling: Display: Scenario name: UEDPIE_0_Map_Grid_Scenario29; Vertices: 128
[2025.05.08-12.47.57:141][105]LogVoxelMeshingProfiling: Display: Scenario name: UEDPIE_0_Map_Grid_Scenario29; Vertices: 128
[2025.05.08-12.47.57:144][105]LogVoxelMeshingProfiling: Display: Scenario name: UEDPIE_0_Map_Grid_Scenario29; Vertices: 128
[2025.05.08-12.47.57:148][105]LogVoxelMeshingProfiling: Display: Scenario name: UEDPIE_0_Map_Grid_Scenario29; Vertices: 128
[2025.05.08-12.48.04:644][611]LogVoxelMeshingProfiling: Display: Scenario name: UEDPIE_0_Map_RLE_Scenario29; Voxel Model memory: 6540
[2025.05.08-12.48.04:651][611]LogVoxelMeshingProfiling: Display: Scenario name: UEDPIE_0_Map_RLE_Scenario29; Voxel Model memory: 6540
[2025.05.08-12.48.04:653][611]LogVoxelMeshingProfiling: Display: Scenario name: UEDPIE_0_Map_RLE_Scenario29; Voxel Model memory: 6540
[2025.05.08-12.48.04:654][611]LogVoxelMeshingProfiling: Display: Scenario name: UEDPIE_0_Map_RLE_Scenario29; Voxel Model memory: 6540
[2025.05.08-12.48.04:654][611]LogVoxelMeshingProfiling: Display: Scenario name: UEDPIE_0_Map_RLE_Scenario29; Voxel Model memory: 6540
[2025.05.08-12.48.04:656][611]LogVoxelMeshingProfiling: Display: Scenario name: UEDPIE_0_Map_RLE_Scenario29; Voxel Model memory: 6540
[2025.05.08-12.48.04:656][611]LogVoxelMeshingProfiling: Display: Scenario name: UEDPIE_0_Map_RLE_Scenario29; Voxel Model memory: 6540
[2025.05.08-12.48.04:663][611]LogVoxelMeshingProfiling: Display: Scenario name: UEDPIE_0_Map_RLE_Scenario29; Voxel Model memory: 6540
[2025.05.08-12.48.04:663][611]LogVoxelMeshingProfiling: Display: Scenario name: UEDPIE_0_Map_RLE_Scenario29; Voxel Model memory: 6540
[2025.05.08-12.48.04:663][611]LogVoxelMeshingProfiling: Display: Scenario name: UEDPIE_0_Map_RLE_Scenario29; Voxel Model memory: 6540
[2025.05.08-12.48.04:664][611]LogVoxelMeshingProfiling: Display: Scenario name: UEDPIE_0_Map_RLE_Scenario29; Voxel Model memory: 6540
[2025.05.08-12.48.04:668][611]LogVoxelMeshingProfiling: Display: Scenario name: UEDPIE_0_Map_RLE_Scenario29; Voxel Model memory: 6540
[2025.05.08-12.48.04:668][611]LogVoxelMeshingProfiling: Display: Scenario name: UEDPIE_0_Map_RLE_Scenario29; Voxel Model memory: 6540
[2025.05.08-12.48.04:668][611]LogVoxelMeshingProfiling: Display: Scenario name: UEDPIE_0_Map_RLE_Scenario29; Voxel Model memory: 6540
[2025.05.08-12.48.04:676][611]LogVoxelMeshingProfiling: Display: Scenario name: UEDPIE_0_Map_RLE_Scenario29; Voxel Model memory: 6540
[2025.05.08-12.48.04:676][611]LogVoxelMeshingProfiling: Display: Scenario name: UEDPIE_0_Map_RLE_Scenario29; Voxel Model memory: 6540
[2025.05.08-12.48.04:676][611]LogVoxelMeshingProfiling: Display: Scenario name: UEDPIE_0_Map_RLE_Scenario29; Voxel Model memory: 6540
[2025.05.08-12.48.04:678][611]LogVoxelMeshingProfiling: Display: Scenario name: UEDPIE_0_Map_RLE_Scenario29; Voxel Model memory: 6540
[2025.05.08-12.48.04:679][611]LogVoxelMeshingProfiling: Display: Scenario name: UEDPIE_0_Map_RLE_Scenario29; Voxel Model memory: 6540
[2025.05.08-12.48.04:680][611]LogVoxelMeshingProfiling: Display: Scenario name: UEDPIE_0_Map_RLE_Scenario29; Voxel Model memory: 6540
[2025.05.08-12.48.04:681][611]LogVoxelMeshingProfiling: Display: Scenario name: UEDPIE_0_Map_RLE_Scenario29; Voxel Model memory: 6540
[2025.05.08-12.48.04:688][611]LogVoxelMeshingProfiling: Display: Scenario name: UEDPIE_0_Map_RLE_Scenario29; Voxel Model memory: 6540
[2025.05.08-12.48.04:688][611]LogVoxelMeshingProfiling: Display: Scenario name: UEDPIE_0_Map_RLE_Scenario29; Voxel Model memory: 6540
[2025.05.08-12.48.04:689][611]LogVoxelMeshingProfiling: Display: Scenario name: UEDPIE_0_Map_RLE_Scenario29; Voxel Model memory: 6540
[2025.05.08-12.48.04:689][611]LogVoxelMeshingProfiling: Display: Scenario name: UEDPIE_0_Map_RLE_Scenario29; Voxel Model memory: 6540
[2025.05.08-12.48.04:691][611]LogVoxelMeshingProfiling: Display: Scenario name: UEDPIE_0_Map_RLE_Scenario29; Voxel Model memory: 6540
[2025.05.08-12.48.04:692][611]LogVoxelMeshingProfiling: Display: Scenario name: UEDPIE_0_Map_RLE_Scenario29; Voxel Model memory: 6540
[2025.05.08-12.48.04:694][611]LogVoxelMeshingProfiling: Display: Scenario name: UEDPIE_0_Map_RLE_Scenario29; Vertices: 11264
[2025.05.08-12.48.04:697][611]LogVoxelMeshingProfiling: Display: Scenario name: UEDPIE_0_Map_RLE_Scenario29; Vertices: 11264
[2025.05.08-12.48.04:699][611]LogVoxelMeshingProfiling: Display: Scenario name: UEDPIE_0_Map_RLE_Scenario29; Vertices: 11264
[2025.05.08-12.48.04:701][611]LogVoxelMeshingProfiling: Display: Scenario name: UEDPIE_0_Map_RLE_Scenario29; Vertices: 11264
[2025.05.08-12.48.04:704][612]LogVoxelMeshingProfiling: Display: Scenario name: UEDPIE_0_Map_RLE_Scenario29; Vertices: 11264
[2025.05.08-12.48.04:707][612]LogVoxelMeshingProfiling: Display: Scenario name: UEDPIE_0_Map_RLE_Scenario29; Vertices: 11264
[2025.05.08-12.48.04:709][612]LogVoxelMeshingProfiling: Display: Scenario name: UEDPIE_0_Map_RLE_Scenario29; Vertices: 11264
[2025.05.08-12.48.04:711][612]LogVoxelMeshingProfiling: Display: Scenario name: UEDPIE_0_Map_RLE_Scenario29; Vertices: 11264
[2025.05.08-12.48.04:714][612]LogVoxelMeshingProfiling: Display: Scenario name: UEDPIE_0_Map_RLE_Scenario29; Vertices: 11264
[2025.05.08-12.48.04:722][612]LogVoxelMeshingProfiling: Display: Scenario name: UEDPIE_0_Map_RLE_Scenario29; Vertices: 11264
[2025.05.08-12.48.04:722][612]LogVoxelMeshingProfiling: Display: Scenario name: UEDPIE_0_Map_RLE_Scenario29; Vertices: 11264
[2025.05.08-12.48.04:724][612]LogVoxelMeshingProfiling: Display: Scenario name: UEDPIE_0_Map_RLE_Scenario29; Vertices: 11264
[2025.05.08-12.48.04:728][612]LogVoxelMeshingProfiling: Display: Scenario name: UEDPIE_0_Map_RLE_Scenario29; Vertices: 11264
[2025.05.08-12.48.04:730][612]LogVoxelMeshingProfiling: Display: Scenario name: UEDPIE_0_Map_RLE_Scenario29; Vertices: 11264
[2025.05.08-12.48.04:731][612]LogVoxelMeshingProfiling: Display: Scenario name: UEDPIE_0_Map_RLE_Scenario29; Vertices: 11264
[2025.05.08-12.48.04:733][612]LogVoxelMeshingProfiling: Display: Scenario name: UEDPIE_0_Map_RLE_Scenario29; Vertices: 11264
[2025.05.08-12.48.04:735][612]LogVoxelMeshingProfiling: Display: Scenario name: UEDPIE_0_Map_RLE_Scenario29; Vertices: 11264
[2025.05.08-12.48.04:738][612]LogVoxelMeshingProfiling: Display: Scenario name: UEDPIE_0_Map_RLE_Scenario29; Vertices: 11264
[2025.05.08-12.48.04:740][612]LogVoxelMeshingProfiling: Display: Scenario name: UEDPIE_0_Map_RLE_Scenario29; Vertices: 11264
[2025.05.08-12.48.04:742][612]LogVoxelMeshingProfiling: Display: Scenario name: UEDPIE_0_Map_RLE_Scenario29; Vertices: 11264
[2025.05.08-12.48.04:745][612]LogVoxelMeshingProfiling: Display: Scenario name: UEDPIE_0_Map_RLE_Scenario29; Vertices: 11264
[2025.05.08-12.48.04:746][612]LogVoxelMeshingProfiling: Display: Scenario name: UEDPIE_0_Map_RLE_Scenario29; Vertices: 11264
[2025.05.08-12.48.04:749][612]LogVoxelMeshingProfiling: Display: Scenario name: UEDPIE_0_Map_RLE_Scenario29; Vertices: 11264
[2025.05.08-12.48.04:751][612]LogVoxelMeshingProfiling: Display: Scenario name: UEDPIE_0_Map_RLE_Scenario29; Vertices: 11264
[2025.05.08-12.48.04:753][612]LogVoxelMeshingProfiling: Display: Scenario name: UEDPIE_0_Map_RLE_Scenario29; Vertices: 11264
[2025.05.08-12.48.04:755][612]LogVoxelMeshingProfiling: Display: Scenario name: UEDPIE_0_Map_RLE_Scenario29; Vertices: 11264
[2025.05.08-12.48.04:757][612]LogVoxelMeshingProfiling: Display: Scenario name: UEDPIE_0_Map_RLE_Scenario29; Vertices: 11264
[2025.05.08-12.48.11:193][  2]LogVoxelMeshingProfiling: Display: Scenario name: UEDPIE_0_Map_VoxelPlugin_Scenario29; Voxel Model memory: 262144
[2025.05.08-12.48.11:194][  2]LogVoxelMeshingProfiling: Display: Scenario name: UEDPIE_0_Map_VoxelPlugin_Scenario29; OpaqueVoxelCount: 16384; TransparentVoxelCount: 16384
[2025.05.08-12.48.11:200][  2]LogVoxelMeshingProfiling: Display: Scenario name: UEDPIE_0_Map_VoxelPlugin_Scenario29; Voxel Model memory: 262144
[2025.05.08-12.48.11:201][  2]LogVoxelMeshingProfiling: Display: Scenario name: UEDPIE_0_Map_VoxelPlugin_Scenario29; OpaqueVoxelCount: 16384; TransparentVoxelCount: 16384
[2025.05.08-12.48.11:201][  2]LogVoxelMeshingProfiling: Display: Scenario name: UEDPIE_0_Map_VoxelPlugin_Scenario29; Voxel Model memory: 262144
[2025.05.08-12.48.11:201][  2]LogVoxelMeshingProfiling: Display: Scenario name: UEDPIE_0_Map_VoxelPlugin_Scenario29; OpaqueVoxelCount: 16384; TransparentVoxelCount: 16384
[2025.05.08-12.48.11:203][  2]LogVoxelMeshingProfiling: Display: Scenario name: UEDPIE_0_Map_VoxelPlugin_Scenario29; Voxel Model memory: 262144
[2025.05.08-12.48.11:203][  2]LogVoxelMeshingProfiling: Display: Scenario name: UEDPIE_0_Map_VoxelPlugin_Scenario29; OpaqueVoxelCount: 16384; TransparentVoxelCount: 16384
[2025.05.08-12.48.11:203][  2]LogVoxelMeshingProfiling: Display: Scenario name: UEDPIE_0_Map_VoxelPlugin_Scenario29; Voxel Model memory: 262144
[2025.05.08-12.48.11:203][  2]LogVoxelMeshingProfiling: Display: Scenario name: UEDPIE_0_Map_VoxelPlugin_Scenario29; OpaqueVoxelCount: 16384; TransparentVoxelCount: 16384
[2025.05.08-12.48.11:204][  2]LogVoxelMeshingProfiling: Display: Scenario name: UEDPIE_0_Map_VoxelPlugin_Scenario29; Voxel Model memory: 262144
[2025.05.08-12.48.11:205][  2]LogVoxelMeshingProfiling: Display: Scenario name: UEDPIE_0_Map_VoxelPlugin_Scenario29; OpaqueVoxelCount: 16384; TransparentVoxelCount: 16384
[2025.05.08-12.48.11:205][  2]LogVoxelMeshingProfiling: Display: Scenario name: UEDPIE_0_Map_VoxelPlugin_Scenario29; Voxel Model memory: 262144
[2025.05.08-12.48.11:205][  2]LogVoxelMeshingProfiling: Display: Scenario name: UEDPIE_0_Map_VoxelPlugin_Scenario29; OpaqueVoxelCount: 16384; TransparentVoxelCount: 16384
[2025.05.08-12.48.11:213][  2]LogVoxelMeshingProfiling: Display: Scenario name: UEDPIE_0_Map_VoxelPlugin_Scenario29; Voxel Model memory: 262144
[2025.05.08-12.48.11:213][  2]LogVoxelMeshingProfiling: Display: Scenario name: UEDPIE_0_Map_VoxelPlugin_Scenario29; OpaqueVoxelCount: 16384; TransparentVoxelCount: 16384
[2025.05.08-12.48.11:214][  2]LogVoxelMeshingProfiling: Display: Scenario name: UEDPIE_0_Map_VoxelPlugin_Scenario29; Voxel Model memory: 262144
[2025.05.08-12.48.11:214][  2]LogVoxelMeshingProfiling: Display: Scenario name: UEDPIE_0_Map_VoxelPlugin_Scenario29; OpaqueVoxelCount: 16384; TransparentVoxelCount: 16384
[2025.05.08-12.48.11:214][  2]LogVoxelMeshingProfiling: Display: Scenario name: UEDPIE_0_Map_VoxelPlugin_Scenario29; Voxel Model memory: 262144
[2025.05.08-12.48.11:214][  2]LogVoxelMeshingProfiling: Display: Scenario name: UEDPIE_0_Map_VoxelPlugin_Scenario29; OpaqueVoxelCount: 16384; TransparentVoxelCount: 16384
[2025.05.08-12.48.11:214][  2]LogVoxelMeshingProfiling: Display: Scenario name: UEDPIE_0_Map_VoxelPlugin_Scenario29; Voxel Model memory: 262144
[2025.05.08-12.48.11:214][  2]LogVoxelMeshingProfiling: Display: Scenario name: UEDPIE_0_Map_VoxelPlugin_Scenario29; OpaqueVoxelCount: 16384; TransparentVoxelCount: 16384
[2025.05.08-12.48.11:217][  2]LogVoxelMeshingProfiling: Display: Scenario name: UEDPIE_0_Map_VoxelPlugin_Scenario29; Voxel Model memory: 262144
[2025.05.08-12.48.11:217][  2]LogVoxelMeshingProfiling: Display: Scenario name: UEDPIE_0_Map_VoxelPlugin_Scenario29; OpaqueVoxelCount: 16384; TransparentVoxelCount: 16384
[2025.05.08-12.48.11:217][  2]LogVoxelMeshingProfiling: Display: Scenario name: UEDPIE_0_Map_VoxelPlugin_Scenario29; Voxel Model memory: 262144
[2025.05.08-12.48.11:217][  2]LogVoxelMeshingProfiling: Display: Scenario name: UEDPIE_0_Map_VoxelPlugin_Scenario29; OpaqueVoxelCount: 16384; TransparentVoxelCount: 16384
[2025.05.08-12.48.11:217][  2]LogVoxelMeshingProfiling: Display: Scenario name: UEDPIE_0_Map_VoxelPlugin_Scenario29; Voxel Model memory: 262144
[2025.05.08-12.48.11:217][  2]LogVoxelMeshingProfiling: Display: Scenario name: UEDPIE_0_Map_VoxelPlugin_Scenario29; OpaqueVoxelCount: 16384; TransparentVoxelCount: 16384
[2025.05.08-12.48.11:224][  2]LogVoxelMeshingProfiling: Display: Scenario name: UEDPIE_0_Map_VoxelPlugin_Scenario29; Voxel Model memory: 262144
[2025.05.08-12.48.11:224][  2]LogVoxelMeshingProfiling: Display: Scenario name: UEDPIE_0_Map_VoxelPlugin_Scenario29; OpaqueVoxelCount: 16384; TransparentVoxelCount: 16384
[2025.05.08-12.48.11:225][  2]LogVoxelMeshingProfiling: Display: Scenario name: UEDPIE_0_Map_VoxelPlugin_Scenario29; Voxel Model memory: 262144
[2025.05.08-12.48.11:225][  2]LogVoxelMeshingProfiling: Display: Scenario name: UEDPIE_0_Map_VoxelPlugin_Scenario29; OpaqueVoxelCount: 16384; TransparentVoxelCount: 16384
[2025.05.08-12.48.11:226][  2]LogVoxelMeshingProfiling: Display: Scenario name: UEDPIE_0_Map_VoxelPlugin_Scenario29; Voxel Model memory: 262144
[2025.05.08-12.48.11:226][  2]LogVoxelMeshingProfiling: Display: Scenario name: UEDPIE_0_Map_VoxelPlugin_Scenario29; OpaqueVoxelCount: 16384; TransparentVoxelCount: 16384
[2025.05.08-12.48.11:229][  2]LogVoxelMeshingProfiling: Display: Scenario name: UEDPIE_0_Map_VoxelPlugin_Scenario29; Voxel Model memory: 262144
[2025.05.08-12.48.11:229][  2]LogVoxelMeshingProfiling: Display: Scenario name: UEDPIE_0_Map_VoxelPlugin_Scenario29; OpaqueVoxelCount: 16384; TransparentVoxelCount: 16384
[2025.05.08-12.48.11:230][  2]LogVoxelMeshingProfiling: Display: Scenario name: UEDPIE_0_Map_VoxelPlugin_Scenario29; Voxel Model memory: 262144
[2025.05.08-12.48.11:230][  2]LogVoxelMeshingProfiling: Display: Scenario name: UEDPIE_0_Map_VoxelPlugin_Scenario29; OpaqueVoxelCount: 16384; TransparentVoxelCount: 16384
[2025.05.08-12.48.11:230][  2]LogVoxelMeshingProfiling: Display: Scenario name: UEDPIE_0_Map_VoxelPlugin_Scenario29; Voxel Model memory: 262144
[2025.05.08-12.48.11:230][  2]LogVoxelMeshingProfiling: Display: Scenario name: UEDPIE_0_Map_VoxelPlugin_Scenario29; OpaqueVoxelCount: 16384; TransparentVoxelCount: 16384
[2025.05.08-12.48.11:230][  2]LogVoxelMeshingProfiling: Display: Scenario name: UEDPIE_0_Map_VoxelPlugin_Scenario29; Voxel Model memory: 262144
[2025.05.08-12.48.11:231][  2]LogVoxelMeshingProfiling: Display: Scenario name: UEDPIE_0_Map_VoxelPlugin_Scenario29; OpaqueVoxelCount: 16384; TransparentVoxelCount: 16384
[2025.05.08-12.48.11:239][  2]LogVoxelMeshingProfiling: Display: Scenario name: UEDPIE_0_Map_VoxelPlugin_Scenario29; Voxel Model memory: 262144
[2025.05.08-12.48.11:239][  2]LogVoxelMeshingProfiling: Display: Scenario name: UEDPIE_0_Map_VoxelPlugin_Scenario29; OpaqueVoxelCount: 16384; TransparentVoxelCount: 16384
[2025.05.08-12.48.11:239][  2]LogVoxelMeshingProfiling: Display: Scenario name: UEDPIE_0_Map_VoxelPlugin_Scenario29; Voxel Model memory: 262144
[2025.05.08-12.48.11:239][  2]LogVoxelMeshingProfiling: Display: Scenario name: UEDPIE_0_Map_VoxelPlugin_Scenario29; OpaqueVoxelCount: 16384; TransparentVoxelCount: 16384
[2025.05.08-12.48.11:239][  2]LogVoxelMeshingProfiling: Display: Scenario name: UEDPIE_0_Map_VoxelPlugin_Scenario29; Voxel Model memory: 262144
[2025.05.08-12.48.11:239][  2]LogVoxelMeshingProfiling: Display: Scenario name: UEDPIE_0_Map_VoxelPlugin_Scenario29; OpaqueVoxelCount: 16384; TransparentVoxelCount: 16384
[2025.05.08-12.48.11:240][  2]LogVoxelMeshingProfiling: Display: Scenario name: UEDPIE_0_Map_VoxelPlugin_Scenario29; Voxel Model memory: 262144
[2025.05.08-12.48.11:240][  2]LogVoxelMeshingProfiling: Display: Scenario name: UEDPIE_0_Map_VoxelPlugin_Scenario29; OpaqueVoxelCount: 16384; TransparentVoxelCount: 16384
[2025.05.08-12.48.11:242][  2]LogVoxelMeshingProfiling: Display: Scenario name: UEDPIE_0_Map_VoxelPlugin_Scenario29; Voxel Model memory: 262144
[2025.05.08-12.48.11:242][  2]LogVoxelMeshingProfiling: Display: Scenario name: UEDPIE_0_Map_VoxelPlugin_Scenario29; OpaqueVoxelCount: 16384; TransparentVoxelCount: 16384
[2025.05.08-12.48.11:242][  2]LogVoxelMeshingProfiling: Display: Scenario name: UEDPIE_0_Map_VoxelPlugin_Scenario29; Voxel Model memory: 262144
[2025.05.08-12.48.11:242][  2]LogVoxelMeshingProfiling: Display: Scenario name: UEDPIE_0_Map_VoxelPlugin_Scenario29; OpaqueVoxelCount: 16384; TransparentVoxelCount: 16384
[2025.05.08-12.48.11:313][  3]LogVoxelMeshingProfiling: Display: Scenario name: Map_VoxelPlugin_Scenario29; Vertices: 67584
[2025.05.08-12.48.11:318][  3]LogVoxelMeshingProfiling: Display: Scenario name: Map_VoxelPlugin_Scenario29; Vertices: 67584
[2025.05.08-12.48.11:344][  3]LogVoxelMeshingProfiling: Display: Scenario name: Map_VoxelPlugin_Scenario29; Vertices: 69632
[2025.05.08-12.48.11:344][  3]LogVoxelMeshingProfiling: Display: Scenario name: Map_VoxelPlugin_Scenario29; Vertices: 69632
[2025.05.08-12.48.11:376][  4]LogVoxelMeshingProfiling: Display: Scenario name: Map_VoxelPlugin_Scenario29; Vertices: 69632
[2025.05.08-12.48.11:379][  4]LogVoxelMeshingProfiling: Display: Scenario name: Map_VoxelPlugin_Scenario29; Vertices: 69632
[2025.05.08-12.48.11:422][  5]LogVoxelMeshingProfiling: Display: Scenario name: Map_VoxelPlugin_Scenario29; Vertices: 67584
[2025.05.08-12.48.11:435][  6]LogVoxelMeshingProfiling: Display: Scenario name: Map_VoxelPlugin_Scenario29; Vertices: 69632
[2025.05.08-12.48.11:660][ 13]LogVoxelMeshingProfiling: Display: Scenario name: Map_VoxelPlugin_Scenario29; Vertices: 69632
[2025.05.08-12.48.11:667][ 13]LogVoxelMeshingProfiling: Display: Scenario name: Map_VoxelPlugin_Scenario29; Vertices: 65536
[2025.05.08-12.48.11:693][ 14]LogVoxelMeshingProfiling: Display: Scenario name: Map_VoxelPlugin_Scenario29; Vertices: 65536
[2025.05.08-12.48.11:703][ 15]LogVoxelMeshingProfiling: Display: Scenario name: Map_VoxelPlugin_Scenario29; Vertices: 67584
[2025.05.08-12.48.11:738][ 16]LogVoxelMeshingProfiling: Display: Scenario name: Map_VoxelPlugin_Scenario29; Vertices: 67584
[2025.05.08-12.48.11:752][ 17]LogVoxelMeshingProfiling: Display: Scenario name: Map_VoxelPlugin_Scenario29; Vertices: 67584
[2025.05.08-12.48.11:834][ 22]LogVoxelMeshingProfiling: Display: Scenario name: Map_VoxelPlugin_Scenario29; Vertices: 67584
[2025.05.08-12.48.11:861][ 23]LogVoxelMeshingProfiling: Display: Scenario name: Map_VoxelPlugin_Scenario29; Vertices: 65536
[2025.05.08-12.48.11:868][ 24]LogVoxelMeshingProfiling: Display: Scenario name: Map_VoxelPlugin_Scenario29; Vertices: 67584
[2025.05.08-12.48.11:906][ 26]LogVoxelMeshingProfiling: Display: Scenario name: Map_VoxelPlugin_Scenario29; Vertices: 67584
[2025.05.08-12.48.12:022][ 33]LogVoxelMeshingProfiling: Display: Scenario name: Map_VoxelPlugin_Scenario29; Vertices: 67584
[2025.05.08-12.48.12:026][ 33]LogVoxelMeshingProfiling: Display: Scenario name: Map_VoxelPlugin_Scenario29; Vertices: 67584
[2025.05.08-12.48.12:056][ 35]LogVoxelMeshingProfiling: Display: Scenario name: Map_VoxelPlugin_Scenario29; Vertices: 69632
[2025.05.08-12.48.12:059][ 35]LogVoxelMeshingProfiling: Display: Scenario name: Map_VoxelPlugin_Scenario29; Vertices: 69632
[2025.05.08-12.48.12:103][ 37]LogVoxelMeshingProfiling: Display: Scenario name: Map_VoxelPlugin_Scenario29; Vertices: 69632
[2025.05.08-12.48.12:110][ 38]LogVoxelMeshingProfiling: Display: Scenario name: Map_VoxelPlugin_Scenario29; Vertices: 69632
[2025.05.08-12.48.12:206][ 43]LogVoxelMeshingProfiling: Display: Scenario name: Map_VoxelPlugin_Scenario29; Vertices: 67584
[2025.05.08-12.48.12:209][ 43]LogVoxelMeshingProfiling: Display: Scenario name: Map_VoxelPlugin_Scenario29; Vertices: 69632
[2025.05.08-12.48.12:240][ 45]LogVoxelMeshingProfiling: Display: Scenario name: Map_VoxelPlugin_Scenario29; Vertices: 69632
