[2025.05.08-09.03.59:458][ 69]LogVoxelMeshingProfiling: Display: Scenario name: UEDPIE_0_Map_Grid_Scenario3; Voxel Model memory: 262144
[2025.05.08-09.03.59:458][ 69]LogVoxelMeshingProfiling: Display: Scenario name: UEDPIE_0_Map_Grid_Scenario3; OpaqueVoxelCount: 16384; TransparentVoxelCount: 16384
[2025.05.08-09.03.59:465][ 69]LogVoxelMeshingProfiling: Display: Scenario name: UEDPIE_0_Map_Grid_Scenario3; Voxel Model memory: 262144
[2025.05.08-09.03.59:465][ 69]LogVoxelMeshingProfiling: Display: Scenario name: UEDPIE_0_Map_Grid_Scenario3; OpaqueVoxelCount: 16384; TransparentVoxelCount: 16384
[2025.05.08-09.03.59:466][ 69]LogVoxelMeshingProfiling: Display: Scenario name: UEDPIE_0_Map_Grid_Scenario3; Voxel Model memory: 262144
[2025.05.08-09.03.59:466][ 69]LogVoxelMeshingProfiling: Display: Scenario name: UEDPIE_0_Map_Grid_Scenario3; OpaqueVoxelCount: 16384; TransparentVoxelCount: 16384
[2025.05.08-09.03.59:467][ 69]LogVoxelMeshingProfiling: Display: Scenario name: UEDPIE_0_Map_Grid_Scenario3; Voxel Model memory: 262144
[2025.05.08-09.03.59:467][ 69]LogVoxelMeshingProfiling: Display: Scenario name: UEDPIE_0_Map_Grid_Scenario3; OpaqueVoxelCount: 16384; TransparentVoxelCount: 16384
[2025.05.08-09.03.59:468][ 69]LogVoxelMeshingProfiling: Display: Scenario name: UEDPIE_0_Map_Grid_Scenario3; Voxel Model memory: 262144
[2025.05.08-09.03.59:468][ 69]LogVoxelMeshingProfiling: Display: Scenario name: UEDPIE_0_Map_Grid_Scenario3; OpaqueVoxelCount: 16384; TransparentVoxelCount: 16384
[2025.05.08-09.03.59:470][ 69]LogVoxelMeshingProfiling: Display: Scenario name: UEDPIE_0_Map_Grid_Scenario3; Voxel Model memory: 262144
[2025.05.08-09.03.59:470][ 69]LogVoxelMeshingProfiling: Display: Scenario name: UEDPIE_0_Map_Grid_Scenario3; OpaqueVoxelCount: 16384; TransparentVoxelCount: 16384
[2025.05.08-09.03.59:470][ 69]LogVoxelMeshingProfiling: Display: Scenario name: UEDPIE_0_Map_Grid_Scenario3; Voxel Model memory: 262144
[2025.05.08-09.03.59:470][ 69]LogVoxelMeshingProfiling: Display: Scenario name: UEDPIE_0_Map_Grid_Scenario3; OpaqueVoxelCount: 16384; TransparentVoxelCount: 16384
[2025.05.08-09.03.59:478][ 69]LogVoxelMeshingProfiling: Display: Scenario name: UEDPIE_0_Map_Grid_Scenario3; Voxel Model memory: 262144
[2025.05.08-09.03.59:478][ 69]LogVoxelMeshingProfiling: Display: Scenario name: UEDPIE_0_Map_Grid_Scenario3; OpaqueVoxelCount: 16384; TransparentVoxelCount: 16384
[2025.05.08-09.03.59:479][ 69]LogVoxelMeshingProfiling: Display: Scenario name: UEDPIE_0_Map_Grid_Scenario3; Voxel Model memory: 262144
[2025.05.08-09.03.59:479][ 69]LogVoxelMeshingProfiling: Display: Scenario name: UEDPIE_0_Map_Grid_Scenario3; OpaqueVoxelCount: 16384; TransparentVoxelCount: 16384
[2025.05.08-09.03.59:479][ 69]LogVoxelMeshingProfiling: Display: Scenario name: UEDPIE_0_Map_Grid_Scenario3; Voxel Model memory: 262144
[2025.05.08-09.03.59:479][ 69]LogVoxelMeshingProfiling: Display: Scenario name: UEDPIE_0_Map_Grid_Scenario3; OpaqueVoxelCount: 16384; TransparentVoxelCount: 16384
[2025.05.08-09.03.59:481][ 69]LogVoxelMeshingProfiling: Display: Scenario name: UEDPIE_0_Map_Grid_Scenario3; Voxel Model memory: 262144
[2025.05.08-09.03.59:481][ 69]LogVoxelMeshingProfiling: Display: Scenario name: UEDPIE_0_Map_Grid_Scenario3; OpaqueVoxelCount: 16384; TransparentVoxelCount: 16384
[2025.05.08-09.03.59:484][ 69]LogVoxelMeshingProfiling: Display: Scenario name: UEDPIE_0_Map_Grid_Scenario3; Voxel Model memory: 262144
[2025.05.08-09.03.59:484][ 69]LogVoxelMeshingProfiling: Display: Scenario name: UEDPIE_0_Map_Grid_Scenario3; OpaqueVoxelCount: 16384; TransparentVoxelCount: 16384
[2025.05.08-09.03.59:484][ 69]LogVoxelMeshingProfiling: Display: Scenario name: UEDPIE_0_Map_Grid_Scenario3; Voxel Model memory: 262144
[2025.05.08-09.03.59:484][ 69]LogVoxelMeshingProfiling: Display: Scenario name: UEDPIE_0_Map_Grid_Scenario3; OpaqueVoxelCount: 16384; TransparentVoxelCount: 16384
[2025.05.08-09.03.59:485][ 69]LogVoxelMeshingProfiling: Display: Scenario name: UEDPIE_0_Map_Grid_Scenario3; Voxel Model memory: 262144
[2025.05.08-09.03.59:485][ 69]LogVoxelMeshingProfiling: Display: Scenario name: UEDPIE_0_Map_Grid_Scenario3; OpaqueVoxelCount: 16384; TransparentVoxelCount: 16384
[2025.05.08-09.03.59:492][ 69]LogVoxelMeshingProfiling: Display: Scenario name: UEDPIE_0_Map_Grid_Scenario3; Voxel Model memory: 262144
[2025.05.08-09.03.59:492][ 69]LogVoxelMeshingProfiling: Display: Scenario name: UEDPIE_0_Map_Grid_Scenario3; OpaqueVoxelCount: 16384; TransparentVoxelCount: 16384
[2025.05.08-09.03.59:492][ 69]LogVoxelMeshingProfiling: Display: Scenario name: UEDPIE_0_Map_Grid_Scenario3; Voxel Model memory: 262144
[2025.05.08-09.03.59:492][ 69]LogVoxelMeshingProfiling: Display: Scenario name: UEDPIE_0_Map_Grid_Scenario3; OpaqueVoxelCount: 16384; TransparentVoxelCount: 16384
[2025.05.08-09.03.59:494][ 69]LogVoxelMeshingProfiling: Display: Scenario name: UEDPIE_0_Map_Grid_Scenario3; Voxel Model memory: 262144
[2025.05.08-09.03.59:494][ 69]LogVoxelMeshingProfiling: Display: Scenario name: UEDPIE_0_Map_Grid_Scenario3; OpaqueVoxelCount: 16384; TransparentVoxelCount: 16384
[2025.05.08-09.03.59:495][ 69]LogVoxelMeshingProfiling: Display: Scenario name: UEDPIE_0_Map_Grid_Scenario3; Voxel Model memory: 262144
[2025.05.08-09.03.59:495][ 69]LogVoxelMeshingProfiling: Display: Scenario name: UEDPIE_0_Map_Grid_Scenario3; OpaqueVoxelCount: 16384; TransparentVoxelCount: 16384
[2025.05.08-09.03.59:497][ 69]LogVoxelMeshingProfiling: Display: Scenario name: UEDPIE_0_Map_Grid_Scenario3; Voxel Model memory: 262144
[2025.05.08-09.03.59:497][ 69]LogVoxelMeshingProfiling: Display: Scenario name: UEDPIE_0_Map_Grid_Scenario3; OpaqueVoxelCount: 16384; TransparentVoxelCount: 16384
[2025.05.08-09.03.59:497][ 69]LogVoxelMeshingProfiling: Display: Scenario name: UEDPIE_0_Map_Grid_Scenario3; Voxel Model memory: 262144
[2025.05.08-09.03.59:497][ 69]LogVoxelMeshingProfiling: Display: Scenario name: UEDPIE_0_Map_Grid_Scenario3; OpaqueVoxelCount: 16384; TransparentVoxelCount: 16384
[2025.05.08-09.03.59:498][ 69]LogVoxelMeshingProfiling: Display: Scenario name: UEDPIE_0_Map_Grid_Scenario3; Voxel Model memory: 262144
[2025.05.08-09.03.59:498][ 69]LogVoxelMeshingProfiling: Display: Scenario name: UEDPIE_0_Map_Grid_Scenario3; OpaqueVoxelCount: 16384; TransparentVoxelCount: 16384
[2025.05.08-09.03.59:505][ 69]LogVoxelMeshingProfiling: Display: Scenario name: UEDPIE_0_Map_Grid_Scenario3; Voxel Model memory: 262144
[2025.05.08-09.03.59:505][ 69]LogVoxelMeshingProfiling: Display: Scenario name: UEDPIE_0_Map_Grid_Scenario3; OpaqueVoxelCount: 16384; TransparentVoxelCount: 16384
[2025.05.08-09.03.59:505][ 69]LogVoxelMeshingProfiling: Display: Scenario name: UEDPIE_0_Map_Grid_Scenario3; Voxel Model memory: 262144
[2025.05.08-09.03.59:505][ 69]LogVoxelMeshingProfiling: Display: Scenario name: UEDPIE_0_Map_Grid_Scenario3; OpaqueVoxelCount: 16384; TransparentVoxelCount: 16384
[2025.05.08-09.03.59:505][ 69]LogVoxelMeshingProfiling: Display: Scenario name: UEDPIE_0_Map_Grid_Scenario3; Voxel Model memory: 262144
[2025.05.08-09.03.59:505][ 69]LogVoxelMeshingProfiling: Display: Scenario name: UEDPIE_0_Map_Grid_Scenario3; OpaqueVoxelCount: 16384; TransparentVoxelCount: 16384
[2025.05.08-09.03.59:508][ 69]LogVoxelMeshingProfiling: Display: Scenario name: UEDPIE_0_Map_Grid_Scenario3; Voxel Model memory: 262144
[2025.05.08-09.03.59:508][ 69]LogVoxelMeshingProfiling: Display: Scenario name: UEDPIE_0_Map_Grid_Scenario3; OpaqueVoxelCount: 16384; TransparentVoxelCount: 16384
[2025.05.08-09.03.59:509][ 69]LogVoxelMeshingProfiling: Display: Scenario name: UEDPIE_0_Map_Grid_Scenario3; Voxel Model memory: 262144
[2025.05.08-09.03.59:509][ 69]LogVoxelMeshingProfiling: Display: Scenario name: UEDPIE_0_Map_Grid_Scenario3; OpaqueVoxelCount: 16384; TransparentVoxelCount: 16384
[2025.05.08-09.03.59:509][ 69]LogVoxelMeshingProfiling: Display: Scenario name: UEDPIE_0_Map_Grid_Scenario3; Voxel Model memory: 262144
[2025.05.08-09.03.59:509][ 69]LogVoxelMeshingProfiling: Display: Scenario name: UEDPIE_0_Map_Grid_Scenario3; OpaqueVoxelCount: 16384; TransparentVoxelCount: 16384
[2025.05.08-09.03.59:514][ 69]LogVoxelMeshingProfiling: Display: Scenario name: UEDPIE_0_Map_Grid_Scenario3; Vertices: 8
[2025.05.08-09.03.59:518][ 69]LogVoxelMeshingProfiling: Display: Scenario name: UEDPIE_0_Map_Grid_Scenario3; Vertices: 12
[2025.05.08-09.03.59:520][ 69]LogVoxelMeshingProfiling: Display: Scenario name: UEDPIE_0_Map_Grid_Scenario3; Vertices: 12
[2025.05.08-09.03.59:524][ 69]LogVoxelMeshingProfiling: Display: Scenario name: UEDPIE_0_Map_Grid_Scenario3; Vertices: 12
[2025.05.08-09.03.59:527][ 69]LogVoxelMeshingProfiling: Display: Scenario name: UEDPIE_0_Map_Grid_Scenario3; Vertices: 12
[2025.05.08-09.03.59:531][ 69]LogVoxelMeshingProfiling: Display: Scenario name: UEDPIE_0_Map_Grid_Scenario3; Vertices: 8
[2025.05.08-09.03.59:535][ 69]LogVoxelMeshingProfiling: Display: Scenario name: UEDPIE_0_Map_Grid_Scenario3; Vertices: 8
[2025.05.08-09.03.59:539][ 69]LogVoxelMeshingProfiling: Display: Scenario name: UEDPIE_0_Map_Grid_Scenario3; Vertices: 16
[2025.05.08-09.03.59:543][ 69]LogVoxelMeshingProfiling: Display: Scenario name: UEDPIE_0_Map_Grid_Scenario3; Vertices: 16
[2025.05.08-09.03.59:546][ 70]LogVoxelMeshingProfiling: Display: Scenario name: UEDPIE_0_Map_Grid_Scenario3; Vertices: 12
[2025.05.08-09.03.59:549][ 70]LogVoxelMeshingProfiling: Display: Scenario name: UEDPIE_0_Map_Grid_Scenario3; Vertices: 12
[2025.05.08-09.03.59:552][ 70]LogVoxelMeshingProfiling: Display: Scenario name: UEDPIE_0_Map_Grid_Scenario3; Vertices: 16
[2025.05.08-09.03.59:557][ 70]LogVoxelMeshingProfiling: Display: Scenario name: UEDPIE_0_Map_Grid_Scenario3; Vertices: 12
[2025.05.08-09.03.59:559][ 70]LogVoxelMeshingProfiling: Display: Scenario name: UEDPIE_0_Map_Grid_Scenario3; Vertices: 12
[2025.05.08-09.03.59:562][ 70]LogVoxelMeshingProfiling: Display: Scenario name: UEDPIE_0_Map_Grid_Scenario3; Vertices: 16
[2025.05.08-09.03.59:565][ 70]LogVoxelMeshingProfiling: Display: Scenario name: UEDPIE_0_Map_Grid_Scenario3; Vertices: 12
[2025.05.08-09.03.59:568][ 70]LogVoxelMeshingProfiling: Display: Scenario name: UEDPIE_0_Map_Grid_Scenario3; Vertices: 12
[2025.05.08-09.03.59:571][ 70]LogVoxelMeshingProfiling: Display: Scenario name: UEDPIE_0_Map_Grid_Scenario3; Vertices: 12
[2025.05.08-09.03.59:573][ 70]LogVoxelMeshingProfiling: Display: Scenario name: UEDPIE_0_Map_Grid_Scenario3; Vertices: 12
[2025.05.08-09.03.59:577][ 70]LogVoxelMeshingProfiling: Display: Scenario name: UEDPIE_0_Map_Grid_Scenario3; Vertices: 16
[2025.05.08-09.03.59:579][ 70]LogVoxelMeshingProfiling: Display: Scenario name: UEDPIE_0_Map_Grid_Scenario3; Vertices: 16
[2025.05.08-09.03.59:582][ 70]LogVoxelMeshingProfiling: Display: Scenario name: UEDPIE_0_Map_Grid_Scenario3; Vertices: 16
[2025.05.08-09.03.59:585][ 70]LogVoxelMeshingProfiling: Display: Scenario name: UEDPIE_0_Map_Grid_Scenario3; Vertices: 16
[2025.05.08-09.03.59:588][ 70]LogVoxelMeshingProfiling: Display: Scenario name: UEDPIE_0_Map_Grid_Scenario3; Vertices: 16
[2025.05.08-09.03.59:591][ 70]LogVoxelMeshingProfiling: Display: Scenario name: UEDPIE_0_Map_Grid_Scenario3; Vertices: 16
[2025.05.08-09.03.59:594][ 70]LogVoxelMeshingProfiling: Display: Scenario name: UEDPIE_0_Map_Grid_Scenario3; Vertices: 16
[2025.05.08-09.03.59:598][ 70]LogVoxelMeshingProfiling: Display: Scenario name: UEDPIE_0_Map_Grid_Scenario3; Vertices: 16
[2025.05.08-09.04.09:178][739]LogVoxelMeshingProfiling: Display: Scenario name: UEDPIE_0_Map_RLE_Scenario3; Voxel Model memory: 900
[2025.05.08-09.04.09:187][739]LogVoxelMeshingProfiling: Display: Scenario name: UEDPIE_0_Map_RLE_Scenario3; Voxel Model memory: 900
[2025.05.08-09.04.09:187][739]LogVoxelMeshingProfiling: Display: Scenario name: UEDPIE_0_Map_RLE_Scenario3; Voxel Model memory: 900
[2025.05.08-09.04.09:187][739]LogVoxelMeshingProfiling: Display: Scenario name: UEDPIE_0_Map_RLE_Scenario3; Voxel Model memory: 900
[2025.05.08-09.04.09:188][739]LogVoxelMeshingProfiling: Display: Scenario name: UEDPIE_0_Map_RLE_Scenario3; Voxel Model memory: 900
[2025.05.08-09.04.09:189][739]LogVoxelMeshingProfiling: Display: Scenario name: UEDPIE_0_Map_RLE_Scenario3; Voxel Model memory: 900
[2025.05.08-09.04.09:189][739]LogVoxelMeshingProfiling: Display: Scenario name: UEDPIE_0_Map_RLE_Scenario3; Voxel Model memory: 900
[2025.05.08-09.04.09:197][739]LogVoxelMeshingProfiling: Display: Scenario name: UEDPIE_0_Map_RLE_Scenario3; Voxel Model memory: 900
[2025.05.08-09.04.09:197][739]LogVoxelMeshingProfiling: Display: Scenario name: UEDPIE_0_Map_RLE_Scenario3; Voxel Model memory: 900
[2025.05.08-09.04.09:197][739]LogVoxelMeshingProfiling: Display: Scenario name: UEDPIE_0_Map_RLE_Scenario3; Voxel Model memory: 900
[2025.05.08-09.04.09:197][739]LogVoxelMeshingProfiling: Display: Scenario name: UEDPIE_0_Map_RLE_Scenario3; Voxel Model memory: 900
[2025.05.08-09.04.09:200][739]LogVoxelMeshingProfiling: Display: Scenario name: UEDPIE_0_Map_RLE_Scenario3; Voxel Model memory: 900
[2025.05.08-09.04.09:201][739]LogVoxelMeshingProfiling: Display: Scenario name: UEDPIE_0_Map_RLE_Scenario3; Voxel Model memory: 900
[2025.05.08-09.04.09:201][739]LogVoxelMeshingProfiling: Display: Scenario name: UEDPIE_0_Map_RLE_Scenario3; Voxel Model memory: 900
[2025.05.08-09.04.09:207][739]LogVoxelMeshingProfiling: Display: Scenario name: UEDPIE_0_Map_RLE_Scenario3; Voxel Model memory: 900
[2025.05.08-09.04.09:208][739]LogVoxelMeshingProfiling: Display: Scenario name: UEDPIE_0_Map_RLE_Scenario3; Voxel Model memory: 900
[2025.05.08-09.04.09:209][739]LogVoxelMeshingProfiling: Display: Scenario name: UEDPIE_0_Map_RLE_Scenario3; Voxel Model memory: 900
[2025.05.08-09.04.09:209][739]LogVoxelMeshingProfiling: Display: Scenario name: UEDPIE_0_Map_RLE_Scenario3; Voxel Model memory: 900
[2025.05.08-09.04.09:213][739]LogVoxelMeshingProfiling: Display: Scenario name: UEDPIE_0_Map_RLE_Scenario3; Voxel Model memory: 900
[2025.05.08-09.04.09:213][739]LogVoxelMeshingProfiling: Display: Scenario name: UEDPIE_0_Map_RLE_Scenario3; Voxel Model memory: 900
[2025.05.08-09.04.09:213][739]LogVoxelMeshingProfiling: Display: Scenario name: UEDPIE_0_Map_RLE_Scenario3; Voxel Model memory: 900
[2025.05.08-09.04.09:221][739]LogVoxelMeshingProfiling: Display: Scenario name: UEDPIE_0_Map_RLE_Scenario3; Voxel Model memory: 900
[2025.05.08-09.04.09:221][739]LogVoxelMeshingProfiling: Display: Scenario name: UEDPIE_0_Map_RLE_Scenario3; Voxel Model memory: 900
[2025.05.08-09.04.09:221][739]LogVoxelMeshingProfiling: Display: Scenario name: UEDPIE_0_Map_RLE_Scenario3; Voxel Model memory: 900
[2025.05.08-09.04.09:222][739]LogVoxelMeshingProfiling: Display: Scenario name: UEDPIE_0_Map_RLE_Scenario3; Voxel Model memory: 900
[2025.05.08-09.04.09:223][739]LogVoxelMeshingProfiling: Display: Scenario name: UEDPIE_0_Map_RLE_Scenario3; Voxel Model memory: 900
[2025.05.08-09.04.09:223][739]LogVoxelMeshingProfiling: Display: Scenario name: UEDPIE_0_Map_RLE_Scenario3; Voxel Model memory: 900
[2025.05.08-09.04.09:227][739]LogVoxelMeshingProfiling: Display: Scenario name: UEDPIE_0_Map_RLE_Scenario3; Vertices: 10368
[2025.05.08-09.04.09:229][739]LogVoxelMeshingProfiling: Display: Scenario name: UEDPIE_0_Map_RLE_Scenario3; Vertices: 10368
[2025.05.08-09.04.09:231][740]LogVoxelMeshingProfiling: Display: Scenario name: UEDPIE_0_Map_RLE_Scenario3; Vertices: 10368
[2025.05.08-09.04.09:234][740]LogVoxelMeshingProfiling: Display: Scenario name: UEDPIE_0_Map_RLE_Scenario3; Vertices: 10368
[2025.05.08-09.04.09:236][740]LogVoxelMeshingProfiling: Display: Scenario name: UEDPIE_0_Map_RLE_Scenario3; Vertices: 10368
[2025.05.08-09.04.09:239][740]LogVoxelMeshingProfiling: Display: Scenario name: UEDPIE_0_Map_RLE_Scenario3; Vertices: 10368
[2025.05.08-09.04.09:241][740]LogVoxelMeshingProfiling: Display: Scenario name: UEDPIE_0_Map_RLE_Scenario3; Vertices: 10368
[2025.05.08-09.04.09:243][740]LogVoxelMeshingProfiling: Display: Scenario name: UEDPIE_0_Map_RLE_Scenario3; Vertices: 10368
[2025.05.08-09.04.09:245][740]LogVoxelMeshingProfiling: Display: Scenario name: UEDPIE_0_Map_RLE_Scenario3; Vertices: 10368
[2025.05.08-09.04.09:248][740]LogVoxelMeshingProfiling: Display: Scenario name: UEDPIE_0_Map_RLE_Scenario3; Vertices: 10368
[2025.05.08-09.04.09:250][740]LogVoxelMeshingProfiling: Display: Scenario name: UEDPIE_0_Map_RLE_Scenario3; Vertices: 10368
[2025.05.08-09.04.09:254][740]LogVoxelMeshingProfiling: Display: Scenario name: UEDPIE_0_Map_RLE_Scenario3; Vertices: 10368
[2025.05.08-09.04.09:256][740]LogVoxelMeshingProfiling: Display: Scenario name: UEDPIE_0_Map_RLE_Scenario3; Vertices: 10368
[2025.05.08-09.04.09:259][740]LogVoxelMeshingProfiling: Display: Scenario name: UEDPIE_0_Map_RLE_Scenario3; Vertices: 10368
[2025.05.08-09.04.09:261][740]LogVoxelMeshingProfiling: Display: Scenario name: UEDPIE_0_Map_RLE_Scenario3; Vertices: 10368
[2025.05.08-09.04.09:263][740]LogVoxelMeshingProfiling: Display: Scenario name: UEDPIE_0_Map_RLE_Scenario3; Vertices: 10368
[2025.05.08-09.04.09:264][740]LogVoxelMeshingProfiling: Display: Scenario name: UEDPIE_0_Map_RLE_Scenario3; Vertices: 10368
[2025.05.08-09.04.09:268][740]LogVoxelMeshingProfiling: Display: Scenario name: UEDPIE_0_Map_RLE_Scenario3; Vertices: 10368
[2025.05.08-09.04.09:270][740]LogVoxelMeshingProfiling: Display: Scenario name: UEDPIE_0_Map_RLE_Scenario3; Vertices: 10368
[2025.05.08-09.04.09:271][740]LogVoxelMeshingProfiling: Display: Scenario name: UEDPIE_0_Map_RLE_Scenario3; Vertices: 10368
[2025.05.08-09.04.09:274][740]LogVoxelMeshingProfiling: Display: Scenario name: UEDPIE_0_Map_RLE_Scenario3; Vertices: 10368
[2025.05.08-09.04.09:276][740]LogVoxelMeshingProfiling: Display: Scenario name: UEDPIE_0_Map_RLE_Scenario3; Vertices: 10368
[2025.05.08-09.04.09:278][740]LogVoxelMeshingProfiling: Display: Scenario name: UEDPIE_0_Map_RLE_Scenario3; Vertices: 10368
[2025.05.08-09.04.09:281][740]LogVoxelMeshingProfiling: Display: Scenario name: UEDPIE_0_Map_RLE_Scenario3; Vertices: 10368
[2025.05.08-09.04.09:282][740]LogVoxelMeshingProfiling: Display: Scenario name: UEDPIE_0_Map_RLE_Scenario3; Vertices: 10368
[2025.05.08-09.04.09:284][740]LogVoxelMeshingProfiling: Display: Scenario name: UEDPIE_0_Map_RLE_Scenario3; Vertices: 10368
[2025.05.08-09.04.09:286][740]LogVoxelMeshingProfiling: Display: Scenario name: UEDPIE_0_Map_RLE_Scenario3; Vertices: 10368
[2025.05.08-09.04.19:311][367]LogVoxelMeshingProfiling: Display: Scenario name: UEDPIE_0_Map_VoxelPlugin_Scenario3; Voxel Model memory: 262144
[2025.05.08-09.04.19:311][367]LogVoxelMeshingProfiling: Display: Scenario name: UEDPIE_0_Map_VoxelPlugin_Scenario3; OpaqueVoxelCount: 16384; TransparentVoxelCount: 16384
[2025.05.08-09.04.19:316][367]LogVoxelMeshingProfiling: Display: Scenario name: UEDPIE_0_Map_VoxelPlugin_Scenario3; Voxel Model memory: 262144
[2025.05.08-09.04.19:316][367]LogVoxelMeshingProfiling: Display: Scenario name: UEDPIE_0_Map_VoxelPlugin_Scenario3; OpaqueVoxelCount: 16384; TransparentVoxelCount: 16384
[2025.05.08-09.04.19:317][367]LogVoxelMeshingProfiling: Display: Scenario name: UEDPIE_0_Map_VoxelPlugin_Scenario3; Voxel Model memory: 262144
[2025.05.08-09.04.19:317][367]LogVoxelMeshingProfiling: Display: Scenario name: UEDPIE_0_Map_VoxelPlugin_Scenario3; OpaqueVoxelCount: 16384; TransparentVoxelCount: 16384
[2025.05.08-09.04.19:321][367]LogVoxelMeshingProfiling: Display: Scenario name: UEDPIE_0_Map_VoxelPlugin_Scenario3; Voxel Model memory: 262144
[2025.05.08-09.04.19:321][367]LogVoxelMeshingProfiling: Display: Scenario name: UEDPIE_0_Map_VoxelPlugin_Scenario3; OpaqueVoxelCount: 16384; TransparentVoxelCount: 16384
[2025.05.08-09.04.19:322][367]LogVoxelMeshingProfiling: Display: Scenario name: UEDPIE_0_Map_VoxelPlugin_Scenario3; Voxel Model memory: 262144
[2025.05.08-09.04.19:322][367]LogVoxelMeshingProfiling: Display: Scenario name: UEDPIE_0_Map_VoxelPlugin_Scenario3; OpaqueVoxelCount: 16384; TransparentVoxelCount: 16384
[2025.05.08-09.04.19:322][367]LogVoxelMeshingProfiling: Display: Scenario name: UEDPIE_0_Map_VoxelPlugin_Scenario3; Voxel Model memory: 262144
[2025.05.08-09.04.19:322][367]LogVoxelMeshingProfiling: Display: Scenario name: UEDPIE_0_Map_VoxelPlugin_Scenario3; OpaqueVoxelCount: 16384; TransparentVoxelCount: 16384
[2025.05.08-09.04.19:322][367]LogVoxelMeshingProfiling: Display: Scenario name: UEDPIE_0_Map_VoxelPlugin_Scenario3; Voxel Model memory: 262144
[2025.05.08-09.04.19:322][367]LogVoxelMeshingProfiling: Display: Scenario name: UEDPIE_0_Map_VoxelPlugin_Scenario3; OpaqueVoxelCount: 16384; TransparentVoxelCount: 16384
[2025.05.08-09.04.19:331][367]LogVoxelMeshingProfiling: Display: Scenario name: UEDPIE_0_Map_VoxelPlugin_Scenario3; Voxel Model memory: 262144
[2025.05.08-09.04.19:331][367]LogVoxelMeshingProfiling: Display: Scenario name: UEDPIE_0_Map_VoxelPlugin_Scenario3; OpaqueVoxelCount: 16384; TransparentVoxelCount: 16384
[2025.05.08-09.04.19:331][367]LogVoxelMeshingProfiling: Display: Scenario name: UEDPIE_0_Map_VoxelPlugin_Scenario3; Voxel Model memory: 262144
[2025.05.08-09.04.19:331][367]LogVoxelMeshingProfiling: Display: Scenario name: UEDPIE_0_Map_VoxelPlugin_Scenario3; OpaqueVoxelCount: 16384; TransparentVoxelCount: 16384
[2025.05.08-09.04.19:331][367]LogVoxelMeshingProfiling: Display: Scenario name: UEDPIE_0_Map_VoxelPlugin_Scenario3; Voxel Model memory: 262144
[2025.05.08-09.04.19:331][367]LogVoxelMeshingProfiling: Display: Scenario name: UEDPIE_0_Map_VoxelPlugin_Scenario3; OpaqueVoxelCount: 16384; TransparentVoxelCount: 16384
[2025.05.08-09.04.19:332][367]LogVoxelMeshingProfiling: Display: Scenario name: UEDPIE_0_Map_VoxelPlugin_Scenario3; Voxel Model memory: 262144
[2025.05.08-09.04.19:332][367]LogVoxelMeshingProfiling: Display: Scenario name: UEDPIE_0_Map_VoxelPlugin_Scenario3; OpaqueVoxelCount: 16384; TransparentVoxelCount: 16384
[2025.05.08-09.04.19:334][367]LogVoxelMeshingProfiling: Display: Scenario name: UEDPIE_0_Map_VoxelPlugin_Scenario3; Voxel Model memory: 262144
[2025.05.08-09.04.19:334][367]LogVoxelMeshingProfiling: Display: Scenario name: UEDPIE_0_Map_VoxelPlugin_Scenario3; OpaqueVoxelCount: 16384; TransparentVoxelCount: 16384
[2025.05.08-09.04.19:334][367]LogVoxelMeshingProfiling: Display: Scenario name: UEDPIE_0_Map_VoxelPlugin_Scenario3; Voxel Model memory: 262144
[2025.05.08-09.04.19:334][367]LogVoxelMeshingProfiling: Display: Scenario name: UEDPIE_0_Map_VoxelPlugin_Scenario3; OpaqueVoxelCount: 16384; TransparentVoxelCount: 16384
[2025.05.08-09.04.19:334][367]LogVoxelMeshingProfiling: Display: Scenario name: UEDPIE_0_Map_VoxelPlugin_Scenario3; Voxel Model memory: 262144
[2025.05.08-09.04.19:334][367]LogVoxelMeshingProfiling: Display: Scenario name: UEDPIE_0_Map_VoxelPlugin_Scenario3; OpaqueVoxelCount: 16384; TransparentVoxelCount: 16384
[2025.05.08-09.04.19:341][367]LogVoxelMeshingProfiling: Display: Scenario name: UEDPIE_0_Map_VoxelPlugin_Scenario3; Voxel Model memory: 262144
[2025.05.08-09.04.19:341][367]LogVoxelMeshingProfiling: Display: Scenario name: UEDPIE_0_Map_VoxelPlugin_Scenario3; OpaqueVoxelCount: 16384; TransparentVoxelCount: 16384
[2025.05.08-09.04.19:342][367]LogVoxelMeshingProfiling: Display: Scenario name: UEDPIE_0_Map_VoxelPlugin_Scenario3; Voxel Model memory: 262144
[2025.05.08-09.04.19:342][367]LogVoxelMeshingProfiling: Display: Scenario name: UEDPIE_0_Map_VoxelPlugin_Scenario3; OpaqueVoxelCount: 16384; TransparentVoxelCount: 16384
[2025.05.08-09.04.19:344][367]LogVoxelMeshingProfiling: Display: Scenario name: UEDPIE_0_Map_VoxelPlugin_Scenario3; Voxel Model memory: 262144
[2025.05.08-09.04.19:344][367]LogVoxelMeshingProfiling: Display: Scenario name: UEDPIE_0_Map_VoxelPlugin_Scenario3; OpaqueVoxelCount: 16384; TransparentVoxelCount: 16384
[2025.05.08-09.04.19:346][367]LogVoxelMeshingProfiling: Display: Scenario name: UEDPIE_0_Map_VoxelPlugin_Scenario3; Voxel Model memory: 262144
[2025.05.08-09.04.19:346][367]LogVoxelMeshingProfiling: Display: Scenario name: UEDPIE_0_Map_VoxelPlugin_Scenario3; OpaqueVoxelCount: 16384; TransparentVoxelCount: 16384
[2025.05.08-09.04.19:348][367]LogVoxelMeshingProfiling: Display: Scenario name: UEDPIE_0_Map_VoxelPlugin_Scenario3; Voxel Model memory: 262144
[2025.05.08-09.04.19:348][367]LogVoxelMeshingProfiling: Display: Scenario name: UEDPIE_0_Map_VoxelPlugin_Scenario3; OpaqueVoxelCount: 16384; TransparentVoxelCount: 16384
[2025.05.08-09.04.19:349][367]LogVoxelMeshingProfiling: Display: Scenario name: UEDPIE_0_Map_VoxelPlugin_Scenario3; Voxel Model memory: 262144
[2025.05.08-09.04.19:349][367]LogVoxelMeshingProfiling: Display: Scenario name: UEDPIE_0_Map_VoxelPlugin_Scenario3; OpaqueVoxelCount: 16384; TransparentVoxelCount: 16384
[2025.05.08-09.04.19:349][367]LogVoxelMeshingProfiling: Display: Scenario name: UEDPIE_0_Map_VoxelPlugin_Scenario3; Voxel Model memory: 262144
[2025.05.08-09.04.19:349][367]LogVoxelMeshingProfiling: Display: Scenario name: UEDPIE_0_Map_VoxelPlugin_Scenario3; OpaqueVoxelCount: 16384; TransparentVoxelCount: 16384
[2025.05.08-09.04.19:356][367]LogVoxelMeshingProfiling: Display: Scenario name: UEDPIE_0_Map_VoxelPlugin_Scenario3; Voxel Model memory: 262144
[2025.05.08-09.04.19:356][367]LogVoxelMeshingProfiling: Display: Scenario name: UEDPIE_0_Map_VoxelPlugin_Scenario3; OpaqueVoxelCount: 16384; TransparentVoxelCount: 16384
[2025.05.08-09.04.19:359][367]LogVoxelMeshingProfiling: Display: Scenario name: UEDPIE_0_Map_VoxelPlugin_Scenario3; Voxel Model memory: 262144
[2025.05.08-09.04.19:359][367]LogVoxelMeshingProfiling: Display: Scenario name: UEDPIE_0_Map_VoxelPlugin_Scenario3; OpaqueVoxelCount: 16384; TransparentVoxelCount: 16384
[2025.05.08-09.04.19:359][367]LogVoxelMeshingProfiling: Display: Scenario name: UEDPIE_0_Map_VoxelPlugin_Scenario3; Voxel Model memory: 262144
[2025.05.08-09.04.19:360][367]LogVoxelMeshingProfiling: Display: Scenario name: UEDPIE_0_Map_VoxelPlugin_Scenario3; OpaqueVoxelCount: 16384; TransparentVoxelCount: 16384
[2025.05.08-09.04.19:360][367]LogVoxelMeshingProfiling: Display: Scenario name: UEDPIE_0_Map_VoxelPlugin_Scenario3; Voxel Model memory: 262144
[2025.05.08-09.04.19:360][367]LogVoxelMeshingProfiling: Display: Scenario name: UEDPIE_0_Map_VoxelPlugin_Scenario3; OpaqueVoxelCount: 16384; TransparentVoxelCount: 16384
[2025.05.08-09.04.19:362][367]LogVoxelMeshingProfiling: Display: Scenario name: UEDPIE_0_Map_VoxelPlugin_Scenario3; Voxel Model memory: 262144
[2025.05.08-09.04.19:362][367]LogVoxelMeshingProfiling: Display: Scenario name: UEDPIE_0_Map_VoxelPlugin_Scenario3; OpaqueVoxelCount: 16384; TransparentVoxelCount: 16384
[2025.05.08-09.04.19:362][367]LogVoxelMeshingProfiling: Display: Scenario name: UEDPIE_0_Map_VoxelPlugin_Scenario3; Voxel Model memory: 262144
[2025.05.08-09.04.19:362][367]LogVoxelMeshingProfiling: Display: Scenario name: UEDPIE_0_Map_VoxelPlugin_Scenario3; OpaqueVoxelCount: 16384; TransparentVoxelCount: 16384
[2025.05.08-09.04.19:418][368]LogVoxelMeshingProfiling: Display: Scenario name: Map_VoxelPlugin_Scenario3; Vertices: 10240
[2025.05.08-09.04.19:418][368]LogVoxelMeshingProfiling: Display: Scenario name: Map_VoxelPlugin_Scenario3; Vertices: 10240
[2025.05.08-09.04.19:437][368]LogVoxelMeshingProfiling: Display: Scenario name: Map_VoxelPlugin_Scenario3; Vertices: 12288
[2025.05.08-09.04.19:440][368]LogVoxelMeshingProfiling: Display: Scenario name: Map_VoxelPlugin_Scenario3; Vertices: 12288
[2025.05.08-09.04.19:460][368]LogVoxelMeshingProfiling: Display: Scenario name: Map_VoxelPlugin_Scenario3; Vertices: 12288
[2025.05.08-09.04.19:461][368]LogVoxelMeshingProfiling: Display: Scenario name: Map_VoxelPlugin_Scenario3; Vertices: 12288
[2025.05.08-09.04.19:481][368]LogVoxelMeshingProfiling: Display: Scenario name: Map_VoxelPlugin_Scenario3; Vertices: 10240
[2025.05.08-09.04.19:495][369]LogVoxelMeshingProfiling: Display: Scenario name: Map_VoxelPlugin_Scenario3; Vertices: 12288
[2025.05.08-09.04.19:514][369]LogVoxelMeshingProfiling: Display: Scenario name: Map_VoxelPlugin_Scenario3; Vertices: 12288
[2025.05.08-09.04.19:531][370]LogVoxelMeshingProfiling: Display: Scenario name: Map_VoxelPlugin_Scenario3; Vertices: 8192
[2025.05.08-09.04.19:540][370]LogVoxelMeshingProfiling: Display: Scenario name: Map_VoxelPlugin_Scenario3; Vertices: 8192
[2025.05.08-09.04.19:571][371]LogVoxelMeshingProfiling: Display: Scenario name: Map_VoxelPlugin_Scenario3; Vertices: 10240
[2025.05.08-09.04.19:577][371]LogVoxelMeshingProfiling: Display: Scenario name: Map_VoxelPlugin_Scenario3; Vertices: 10240
[2025.05.08-09.04.19:604][373]LogVoxelMeshingProfiling: Display: Scenario name: Map_VoxelPlugin_Scenario3; Vertices: 10240
[2025.05.08-09.04.19:607][373]LogVoxelMeshingProfiling: Display: Scenario name: Map_VoxelPlugin_Scenario3; Vertices: 10240
[2025.05.08-09.04.19:663][375]LogVoxelMeshingProfiling: Display: Scenario name: Map_VoxelPlugin_Scenario3; Vertices: 8192
[2025.05.08-09.04.19:670][375]LogVoxelMeshingProfiling: Display: Scenario name: Map_VoxelPlugin_Scenario3; Vertices: 10240
[2025.05.08-09.04.19:700][376]LogVoxelMeshingProfiling: Display: Scenario name: Map_VoxelPlugin_Scenario3; Vertices: 10240
[2025.05.08-09.04.19:805][380]LogVoxelMeshingProfiling: Display: Scenario name: Map_VoxelPlugin_Scenario3; Vertices: 10240
[2025.05.08-09.04.19:806][380]LogVoxelMeshingProfiling: Display: Scenario name: Map_VoxelPlugin_Scenario3; Vertices: 10240
[2025.05.08-09.04.19:829][381]LogVoxelMeshingProfiling: Display: Scenario name: Map_VoxelPlugin_Scenario3; Vertices: 12288
[2025.05.08-09.04.19:832][381]LogVoxelMeshingProfiling: Display: Scenario name: Map_VoxelPlugin_Scenario3; Vertices: 12288
[2025.05.08-09.04.19:859][383]LogVoxelMeshingProfiling: Display: Scenario name: Map_VoxelPlugin_Scenario3; Vertices: 12288
[2025.05.08-09.04.19:873][383]LogVoxelMeshingProfiling: Display: Scenario name: Map_VoxelPlugin_Scenario3; Vertices: 12288
[2025.05.08-09.04.19:894][384]LogVoxelMeshingProfiling: Display: Scenario name: Map_VoxelPlugin_Scenario3; Vertices: 10240
[2025.05.08-09.04.19:895][384]LogVoxelMeshingProfiling: Display: Scenario name: Map_VoxelPlugin_Scenario3; Vertices: 12288
[2025.05.08-09.04.19:923][386]LogVoxelMeshingProfiling: Display: Scenario name: Map_VoxelPlugin_Scenario3; Vertices: 12288
