[2025.05.08-12.53.08:927][518]LogVoxelMeshingProfiling: Display: Scenario name: UEDPIE_0_Map_Grid_Scenario30; Voxel Model memory: 262144
[2025.05.08-12.53.08:927][518]LogVoxelMeshingProfiling: Display: Scenario name: UEDPIE_0_Map_Grid_Scenario30; OpaqueVoxelCount: 16384; TransparentVoxelCount: 16384
[2025.05.08-12.53.08:935][518]LogVoxelMeshingProfiling: Display: Scenario name: UEDPIE_0_Map_Grid_Scenario30; Voxel Model memory: 262144
[2025.05.08-12.53.08:935][518]LogVoxelMeshingProfiling: Display: Scenario name: UEDPIE_0_Map_Grid_Scenario30; OpaqueVoxelCount: 16384; TransparentVoxelCount: 16384
[2025.05.08-12.53.08:935][518]LogVoxelMeshingProfiling: Display: Scenario name: UEDPIE_0_Map_Grid_Scenario30; Voxel Model memory: 262144
[2025.05.08-12.53.08:935][518]LogVoxelMeshingProfiling: Display: Scenario name: UEDPIE_0_Map_Grid_Scenario30; OpaqueVoxelCount: 16384; TransparentVoxelCount: 16384
[2025.05.08-12.53.08:937][518]LogVoxelMeshingProfiling: Display: Scenario name: UEDPIE_0_Map_Grid_Scenario30; Voxel Model memory: 262144
[2025.05.08-12.53.08:937][518]LogVoxelMeshingProfiling: Display: Scenario name: UEDPIE_0_Map_Grid_Scenario30; OpaqueVoxelCount: 16384; TransparentVoxelCount: 16384
[2025.05.08-12.53.08:938][518]LogVoxelMeshingProfiling: Display: Scenario name: UEDPIE_0_Map_Grid_Scenario30; Voxel Model memory: 262144
[2025.05.08-12.53.08:938][518]LogVoxelMeshingProfiling: Display: Scenario name: UEDPIE_0_Map_Grid_Scenario30; OpaqueVoxelCount: 16384; TransparentVoxelCount: 16384
[2025.05.08-12.53.08:939][518]LogVoxelMeshingProfiling: Display: Scenario name: UEDPIE_0_Map_Grid_Scenario30; Voxel Model memory: 262144
[2025.05.08-12.53.08:939][518]LogVoxelMeshingProfiling: Display: Scenario name: UEDPIE_0_Map_Grid_Scenario30; OpaqueVoxelCount: 16384; TransparentVoxelCount: 16384
[2025.05.08-12.53.08:939][518]LogVoxelMeshingProfiling: Display: Scenario name: UEDPIE_0_Map_Grid_Scenario30; Voxel Model memory: 262144
[2025.05.08-12.53.08:939][518]LogVoxelMeshingProfiling: Display: Scenario name: UEDPIE_0_Map_Grid_Scenario30; OpaqueVoxelCount: 16384; TransparentVoxelCount: 16384
[2025.05.08-12.53.08:947][518]LogVoxelMeshingProfiling: Display: Scenario name: UEDPIE_0_Map_Grid_Scenario30; Voxel Model memory: 262144
[2025.05.08-12.53.08:947][518]LogVoxelMeshingProfiling: Display: Scenario name: UEDPIE_0_Map_Grid_Scenario30; OpaqueVoxelCount: 16384; TransparentVoxelCount: 16384
[2025.05.08-12.53.08:948][518]LogVoxelMeshingProfiling: Display: Scenario name: UEDPIE_0_Map_Grid_Scenario30; Voxel Model memory: 262144
[2025.05.08-12.53.08:948][518]LogVoxelMeshingProfiling: Display: Scenario name: UEDPIE_0_Map_Grid_Scenario30; OpaqueVoxelCount: 16384; TransparentVoxelCount: 16384
[2025.05.08-12.53.08:948][518]LogVoxelMeshingProfiling: Display: Scenario name: UEDPIE_0_Map_Grid_Scenario30; Voxel Model memory: 262144
[2025.05.08-12.53.08:948][518]LogVoxelMeshingProfiling: Display: Scenario name: UEDPIE_0_Map_Grid_Scenario30; OpaqueVoxelCount: 16384; TransparentVoxelCount: 16384
[2025.05.08-12.53.08:948][518]LogVoxelMeshingProfiling: Display: Scenario name: UEDPIE_0_Map_Grid_Scenario30; Voxel Model memory: 262144
[2025.05.08-12.53.08:948][518]LogVoxelMeshingProfiling: Display: Scenario name: UEDPIE_0_Map_Grid_Scenario30; OpaqueVoxelCount: 16384; TransparentVoxelCount: 16384
[2025.05.08-12.53.08:952][518]LogVoxelMeshingProfiling: Display: Scenario name: UEDPIE_0_Map_Grid_Scenario30; Voxel Model memory: 262144
[2025.05.08-12.53.08:952][518]LogVoxelMeshingProfiling: Display: Scenario name: UEDPIE_0_Map_Grid_Scenario30; OpaqueVoxelCount: 16384; TransparentVoxelCount: 16384
[2025.05.08-12.53.08:953][518]LogVoxelMeshingProfiling: Display: Scenario name: UEDPIE_0_Map_Grid_Scenario30; Voxel Model memory: 262144
[2025.05.08-12.53.08:953][518]LogVoxelMeshingProfiling: Display: Scenario name: UEDPIE_0_Map_Grid_Scenario30; OpaqueVoxelCount: 16384; TransparentVoxelCount: 16384
[2025.05.08-12.53.08:953][518]LogVoxelMeshingProfiling: Display: Scenario name: UEDPIE_0_Map_Grid_Scenario30; Voxel Model memory: 262144
[2025.05.08-12.53.08:953][518]LogVoxelMeshingProfiling: Display: Scenario name: UEDPIE_0_Map_Grid_Scenario30; OpaqueVoxelCount: 16384; TransparentVoxelCount: 16384
[2025.05.08-12.53.08:960][518]LogVoxelMeshingProfiling: Display: Scenario name: UEDPIE_0_Map_Grid_Scenario30; Voxel Model memory: 262144
[2025.05.08-12.53.08:960][518]LogVoxelMeshingProfiling: Display: Scenario name: UEDPIE_0_Map_Grid_Scenario30; OpaqueVoxelCount: 16384; TransparentVoxelCount: 16384
[2025.05.08-12.53.08:960][518]LogVoxelMeshingProfiling: Display: Scenario name: UEDPIE_0_Map_Grid_Scenario30; Voxel Model memory: 262144
[2025.05.08-12.53.08:960][518]LogVoxelMeshingProfiling: Display: Scenario name: UEDPIE_0_Map_Grid_Scenario30; OpaqueVoxelCount: 16384; TransparentVoxelCount: 16384
[2025.05.08-12.53.08:960][518]LogVoxelMeshingProfiling: Display: Scenario name: UEDPIE_0_Map_Grid_Scenario30; Voxel Model memory: 262144
[2025.05.08-12.53.08:960][518]LogVoxelMeshingProfiling: Display: Scenario name: UEDPIE_0_Map_Grid_Scenario30; OpaqueVoxelCount: 16384; TransparentVoxelCount: 16384
[2025.05.08-12.53.08:963][518]LogVoxelMeshingProfiling: Display: Scenario name: UEDPIE_0_Map_Grid_Scenario30; Voxel Model memory: 262144
[2025.05.08-12.53.08:963][518]LogVoxelMeshingProfiling: Display: Scenario name: UEDPIE_0_Map_Grid_Scenario30; OpaqueVoxelCount: 16384; TransparentVoxelCount: 16384
[2025.05.08-12.53.08:965][518]LogVoxelMeshingProfiling: Display: Scenario name: UEDPIE_0_Map_Grid_Scenario30; Voxel Model memory: 262144
[2025.05.08-12.53.08:965][518]LogVoxelMeshingProfiling: Display: Scenario name: UEDPIE_0_Map_Grid_Scenario30; OpaqueVoxelCount: 16384; TransparentVoxelCount: 16384
[2025.05.08-12.53.08:965][518]LogVoxelMeshingProfiling: Display: Scenario name: UEDPIE_0_Map_Grid_Scenario30; Voxel Model memory: 262144
[2025.05.08-12.53.08:965][518]LogVoxelMeshingProfiling: Display: Scenario name: UEDPIE_0_Map_Grid_Scenario30; OpaqueVoxelCount: 16384; TransparentVoxelCount: 16384
[2025.05.08-12.53.08:965][518]LogVoxelMeshingProfiling: Display: Scenario name: UEDPIE_0_Map_Grid_Scenario30; Voxel Model memory: 262144
[2025.05.08-12.53.08:965][518]LogVoxelMeshingProfiling: Display: Scenario name: UEDPIE_0_Map_Grid_Scenario30; OpaqueVoxelCount: 16384; TransparentVoxelCount: 16384
[2025.05.08-12.53.08:973][518]LogVoxelMeshingProfiling: Display: Scenario name: UEDPIE_0_Map_Grid_Scenario30; Voxel Model memory: 262144
[2025.05.08-12.53.08:973][518]LogVoxelMeshingProfiling: Display: Scenario name: UEDPIE_0_Map_Grid_Scenario30; OpaqueVoxelCount: 16384; TransparentVoxelCount: 16384
[2025.05.08-12.53.08:973][518]LogVoxelMeshingProfiling: Display: Scenario name: UEDPIE_0_Map_Grid_Scenario30; Voxel Model memory: 262144
[2025.05.08-12.53.08:973][518]LogVoxelMeshingProfiling: Display: Scenario name: UEDPIE_0_Map_Grid_Scenario30; OpaqueVoxelCount: 16384; TransparentVoxelCount: 16384
[2025.05.08-12.53.08:975][518]LogVoxelMeshingProfiling: Display: Scenario name: UEDPIE_0_Map_Grid_Scenario30; Voxel Model memory: 262144
[2025.05.08-12.53.08:975][518]LogVoxelMeshingProfiling: Display: Scenario name: UEDPIE_0_Map_Grid_Scenario30; OpaqueVoxelCount: 16384; TransparentVoxelCount: 16384
[2025.05.08-12.53.08:977][518]LogVoxelMeshingProfiling: Display: Scenario name: UEDPIE_0_Map_Grid_Scenario30; Voxel Model memory: 262144
[2025.05.08-12.53.08:978][518]LogVoxelMeshingProfiling: Display: Scenario name: UEDPIE_0_Map_Grid_Scenario30; OpaqueVoxelCount: 16384; TransparentVoxelCount: 16384
[2025.05.08-12.53.08:979][518]LogVoxelMeshingProfiling: Display: Scenario name: UEDPIE_0_Map_Grid_Scenario30; Voxel Model memory: 262144
[2025.05.08-12.53.08:979][518]LogVoxelMeshingProfiling: Display: Scenario name: UEDPIE_0_Map_Grid_Scenario30; OpaqueVoxelCount: 16384; TransparentVoxelCount: 16384
[2025.05.08-12.53.08:980][518]LogVoxelMeshingProfiling: Display: Scenario name: UEDPIE_0_Map_Grid_Scenario30; Voxel Model memory: 262144
[2025.05.08-12.53.08:980][518]LogVoxelMeshingProfiling: Display: Scenario name: UEDPIE_0_Map_Grid_Scenario30; OpaqueVoxelCount: 16384; TransparentVoxelCount: 16384
[2025.05.08-12.53.08:984][518]LogVoxelMeshingProfiling: Display: Scenario name: UEDPIE_0_Map_Grid_Scenario30; Vertices: 32
[2025.05.08-12.53.08:988][518]LogVoxelMeshingProfiling: Display: Scenario name: UEDPIE_0_Map_Grid_Scenario30; Vertices: 48
[2025.05.08-12.53.08:992][518]LogVoxelMeshingProfiling: Display: Scenario name: UEDPIE_0_Map_Grid_Scenario30; Vertices: 48
[2025.05.08-12.53.08:997][518]LogVoxelMeshingProfiling: Display: Scenario name: UEDPIE_0_Map_Grid_Scenario30; Vertices: 48
[2025.05.08-12.53.09:002][518]LogVoxelMeshingProfiling: Display: Scenario name: UEDPIE_0_Map_Grid_Scenario30; Vertices: 48
[2025.05.08-12.53.09:004][518]LogVoxelMeshingProfiling: Display: Scenario name: UEDPIE_0_Map_Grid_Scenario30; Vertices: 32
[2025.05.08-12.53.09:009][519]LogVoxelMeshingProfiling: Display: Scenario name: UEDPIE_0_Map_Grid_Scenario30; Vertices: 32
[2025.05.08-12.53.09:013][519]LogVoxelMeshingProfiling: Display: Scenario name: UEDPIE_0_Map_Grid_Scenario30; Vertices: 64
[2025.05.08-12.53.09:018][519]LogVoxelMeshingProfiling: Display: Scenario name: UEDPIE_0_Map_Grid_Scenario30; Vertices: 64
[2025.05.08-12.53.09:023][519]LogVoxelMeshingProfiling: Display: Scenario name: UEDPIE_0_Map_Grid_Scenario30; Vertices: 48
[2025.05.08-12.53.09:026][519]LogVoxelMeshingProfiling: Display: Scenario name: UEDPIE_0_Map_Grid_Scenario30; Vertices: 48
[2025.05.08-12.53.09:029][519]LogVoxelMeshingProfiling: Display: Scenario name: UEDPIE_0_Map_Grid_Scenario30; Vertices: 64
[2025.05.08-12.53.09:033][519]LogVoxelMeshingProfiling: Display: Scenario name: UEDPIE_0_Map_Grid_Scenario30; Vertices: 48
[2025.05.08-12.53.09:036][519]LogVoxelMeshingProfiling: Display: Scenario name: UEDPIE_0_Map_Grid_Scenario30; Vertices: 48
[2025.05.08-12.53.09:039][519]LogVoxelMeshingProfiling: Display: Scenario name: UEDPIE_0_Map_Grid_Scenario30; Vertices: 64
[2025.05.08-12.53.09:043][519]LogVoxelMeshingProfiling: Display: Scenario name: UEDPIE_0_Map_Grid_Scenario30; Vertices: 48
[2025.05.08-12.53.09:046][519]LogVoxelMeshingProfiling: Display: Scenario name: UEDPIE_0_Map_Grid_Scenario30; Vertices: 48
[2025.05.08-12.53.09:048][519]LogVoxelMeshingProfiling: Display: Scenario name: UEDPIE_0_Map_Grid_Scenario30; Vertices: 48
[2025.05.08-12.53.09:052][519]LogVoxelMeshingProfiling: Display: Scenario name: UEDPIE_0_Map_Grid_Scenario30; Vertices: 48
[2025.05.08-12.53.09:054][519]LogVoxelMeshingProfiling: Display: Scenario name: UEDPIE_0_Map_Grid_Scenario30; Vertices: 64
[2025.05.08-12.53.09:057][519]LogVoxelMeshingProfiling: Display: Scenario name: UEDPIE_0_Map_Grid_Scenario30; Vertices: 64
[2025.05.08-12.53.09:060][519]LogVoxelMeshingProfiling: Display: Scenario name: UEDPIE_0_Map_Grid_Scenario30; Vertices: 64
[2025.05.08-12.53.09:063][519]LogVoxelMeshingProfiling: Display: Scenario name: UEDPIE_0_Map_Grid_Scenario30; Vertices: 64
[2025.05.08-12.53.09:066][519]LogVoxelMeshingProfiling: Display: Scenario name: UEDPIE_0_Map_Grid_Scenario30; Vertices: 64
[2025.05.08-12.53.09:071][519]LogVoxelMeshingProfiling: Display: Scenario name: UEDPIE_0_Map_Grid_Scenario30; Vertices: 64
[2025.05.08-12.53.09:074][519]LogVoxelMeshingProfiling: Display: Scenario name: UEDPIE_0_Map_Grid_Scenario30; Vertices: 64
[2025.05.08-12.53.09:077][519]LogVoxelMeshingProfiling: Display: Scenario name: UEDPIE_0_Map_Grid_Scenario30; Vertices: 64
[2025.05.08-12.53.15:898][974]LogVoxelMeshingProfiling: Display: Scenario name: UEDPIE_0_Map_RLE_Scenario30; Voxel Model memory: 3204
[2025.05.08-12.53.15:904][974]LogVoxelMeshingProfiling: Display: Scenario name: UEDPIE_0_Map_RLE_Scenario30; Voxel Model memory: 3204
[2025.05.08-12.53.15:904][974]LogVoxelMeshingProfiling: Display: Scenario name: UEDPIE_0_Map_RLE_Scenario30; Voxel Model memory: 3204
[2025.05.08-12.53.15:906][974]LogVoxelMeshingProfiling: Display: Scenario name: UEDPIE_0_Map_RLE_Scenario30; Voxel Model memory: 3204
[2025.05.08-12.53.15:906][974]LogVoxelMeshingProfiling: Display: Scenario name: UEDPIE_0_Map_RLE_Scenario30; Voxel Model memory: 3204
[2025.05.08-12.53.15:908][974]LogVoxelMeshingProfiling: Display: Scenario name: UEDPIE_0_Map_RLE_Scenario30; Voxel Model memory: 3204
[2025.05.08-12.53.15:908][974]LogVoxelMeshingProfiling: Display: Scenario name: UEDPIE_0_Map_RLE_Scenario30; Voxel Model memory: 3204
[2025.05.08-12.53.15:914][974]LogVoxelMeshingProfiling: Display: Scenario name: UEDPIE_0_Map_RLE_Scenario30; Voxel Model memory: 3204
[2025.05.08-12.53.15:915][974]LogVoxelMeshingProfiling: Display: Scenario name: UEDPIE_0_Map_RLE_Scenario30; Voxel Model memory: 3204
[2025.05.08-12.53.15:915][974]LogVoxelMeshingProfiling: Display: Scenario name: UEDPIE_0_Map_RLE_Scenario30; Voxel Model memory: 3204
[2025.05.08-12.53.15:916][974]LogVoxelMeshingProfiling: Display: Scenario name: UEDPIE_0_Map_RLE_Scenario30; Voxel Model memory: 3204
[2025.05.08-12.53.15:918][974]LogVoxelMeshingProfiling: Display: Scenario name: UEDPIE_0_Map_RLE_Scenario30; Voxel Model memory: 3204
[2025.05.08-12.53.15:919][974]LogVoxelMeshingProfiling: Display: Scenario name: UEDPIE_0_Map_RLE_Scenario30; Voxel Model memory: 3204
[2025.05.08-12.53.15:919][974]LogVoxelMeshingProfiling: Display: Scenario name: UEDPIE_0_Map_RLE_Scenario30; Voxel Model memory: 3204
[2025.05.08-12.53.15:926][974]LogVoxelMeshingProfiling: Display: Scenario name: UEDPIE_0_Map_RLE_Scenario30; Voxel Model memory: 3204
[2025.05.08-12.53.15:927][974]LogVoxelMeshingProfiling: Display: Scenario name: UEDPIE_0_Map_RLE_Scenario30; Voxel Model memory: 3204
[2025.05.08-12.53.15:928][974]LogVoxelMeshingProfiling: Display: Scenario name: UEDPIE_0_Map_RLE_Scenario30; Voxel Model memory: 3204
[2025.05.08-12.53.15:928][974]LogVoxelMeshingProfiling: Display: Scenario name: UEDPIE_0_Map_RLE_Scenario30; Voxel Model memory: 3204
[2025.05.08-12.53.15:934][974]LogVoxelMeshingProfiling: Display: Scenario name: UEDPIE_0_Map_RLE_Scenario30; Voxel Model memory: 3204
[2025.05.08-12.53.15:935][974]LogVoxelMeshingProfiling: Display: Scenario name: UEDPIE_0_Map_RLE_Scenario30; Voxel Model memory: 3204
[2025.05.08-12.53.15:935][974]LogVoxelMeshingProfiling: Display: Scenario name: UEDPIE_0_Map_RLE_Scenario30; Voxel Model memory: 3204
[2025.05.08-12.53.15:938][974]LogVoxelMeshingProfiling: Display: Scenario name: UEDPIE_0_Map_RLE_Scenario30; Voxel Model memory: 3204
[2025.05.08-12.53.15:945][974]LogVoxelMeshingProfiling: Display: Scenario name: UEDPIE_0_Map_RLE_Scenario30; Voxel Model memory: 3204
[2025.05.08-12.53.15:947][974]LogVoxelMeshingProfiling: Display: Scenario name: UEDPIE_0_Map_RLE_Scenario30; Voxel Model memory: 3204
[2025.05.08-12.53.15:947][974]LogVoxelMeshingProfiling: Display: Scenario name: UEDPIE_0_Map_RLE_Scenario30; Voxel Model memory: 3204
[2025.05.08-12.53.15:947][974]LogVoxelMeshingProfiling: Display: Scenario name: UEDPIE_0_Map_RLE_Scenario30; Voxel Model memory: 3204
[2025.05.08-12.53.15:949][974]LogVoxelMeshingProfiling: Display: Scenario name: UEDPIE_0_Map_RLE_Scenario30; Voxel Model memory: 3204
[2025.05.08-12.53.15:952][974]LogVoxelMeshingProfiling: Display: Scenario name: UEDPIE_0_Map_RLE_Scenario30; Vertices: 10752
[2025.05.08-12.53.15:956][975]LogVoxelMeshingProfiling: Display: Scenario name: UEDPIE_0_Map_RLE_Scenario30; Vertices: 10752
[2025.05.08-12.53.15:959][975]LogVoxelMeshingProfiling: Display: Scenario name: UEDPIE_0_Map_RLE_Scenario30; Vertices: 10752
[2025.05.08-12.53.15:960][975]LogVoxelMeshingProfiling: Display: Scenario name: UEDPIE_0_Map_RLE_Scenario30; Vertices: 10752
[2025.05.08-12.53.15:965][975]LogVoxelMeshingProfiling: Display: Scenario name: UEDPIE_0_Map_RLE_Scenario30; Vertices: 10752
[2025.05.08-12.53.15:967][975]LogVoxelMeshingProfiling: Display: Scenario name: UEDPIE_0_Map_RLE_Scenario30; Vertices: 10752
[2025.05.08-12.53.15:971][975]LogVoxelMeshingProfiling: Display: Scenario name: UEDPIE_0_Map_RLE_Scenario30; Vertices: 10752
[2025.05.08-12.53.15:973][975]LogVoxelMeshingProfiling: Display: Scenario name: UEDPIE_0_Map_RLE_Scenario30; Vertices: 10752
[2025.05.08-12.53.15:975][975]LogVoxelMeshingProfiling: Display: Scenario name: UEDPIE_0_Map_RLE_Scenario30; Vertices: 10752
[2025.05.08-12.53.15:977][975]LogVoxelMeshingProfiling: Display: Scenario name: UEDPIE_0_Map_RLE_Scenario30; Vertices: 10752
[2025.05.08-12.53.15:979][975]LogVoxelMeshingProfiling: Display: Scenario name: UEDPIE_0_Map_RLE_Scenario30; Vertices: 10752
[2025.05.08-12.53.15:982][975]LogVoxelMeshingProfiling: Display: Scenario name: UEDPIE_0_Map_RLE_Scenario30; Vertices: 10752
[2025.05.08-12.53.15:984][975]LogVoxelMeshingProfiling: Display: Scenario name: UEDPIE_0_Map_RLE_Scenario30; Vertices: 10752
[2025.05.08-12.53.15:986][975]LogVoxelMeshingProfiling: Display: Scenario name: UEDPIE_0_Map_RLE_Scenario30; Vertices: 10752
[2025.05.08-12.53.15:988][975]LogVoxelMeshingProfiling: Display: Scenario name: UEDPIE_0_Map_RLE_Scenario30; Vertices: 10752
[2025.05.08-12.53.15:991][975]LogVoxelMeshingProfiling: Display: Scenario name: UEDPIE_0_Map_RLE_Scenario30; Vertices: 10752
[2025.05.08-12.53.15:993][975]LogVoxelMeshingProfiling: Display: Scenario name: UEDPIE_0_Map_RLE_Scenario30; Vertices: 10752
[2025.05.08-12.53.15:996][975]LogVoxelMeshingProfiling: Display: Scenario name: UEDPIE_0_Map_RLE_Scenario30; Vertices: 10752
[2025.05.08-12.53.15:997][975]LogVoxelMeshingProfiling: Display: Scenario name: UEDPIE_0_Map_RLE_Scenario30; Vertices: 10752
[2025.05.08-12.53.16:001][975]LogVoxelMeshingProfiling: Display: Scenario name: UEDPIE_0_Map_RLE_Scenario30; Vertices: 10752
[2025.05.08-12.53.16:002][975]LogVoxelMeshingProfiling: Display: Scenario name: UEDPIE_0_Map_RLE_Scenario30; Vertices: 10752
[2025.05.08-12.53.16:004][975]LogVoxelMeshingProfiling: Display: Scenario name: UEDPIE_0_Map_RLE_Scenario30; Vertices: 10752
[2025.05.08-12.53.16:006][975]LogVoxelMeshingProfiling: Display: Scenario name: UEDPIE_0_Map_RLE_Scenario30; Vertices: 10752
[2025.05.08-12.53.16:008][975]LogVoxelMeshingProfiling: Display: Scenario name: UEDPIE_0_Map_RLE_Scenario30; Vertices: 10752
[2025.05.08-12.53.16:010][975]LogVoxelMeshingProfiling: Display: Scenario name: UEDPIE_0_Map_RLE_Scenario30; Vertices: 10752
[2025.05.08-12.53.16:012][975]LogVoxelMeshingProfiling: Display: Scenario name: UEDPIE_0_Map_RLE_Scenario30; Vertices: 10752
[2025.05.08-12.53.16:015][975]LogVoxelMeshingProfiling: Display: Scenario name: UEDPIE_0_Map_RLE_Scenario30; Vertices: 10752
[2025.05.08-12.53.25:911][417]LogVoxelMeshingProfiling: Display: Scenario name: UEDPIE_0_Map_VoxelPlugin_Scenario30; Voxel Model memory: 262144
[2025.05.08-12.53.25:911][417]LogVoxelMeshingProfiling: Display: Scenario name: UEDPIE_0_Map_VoxelPlugin_Scenario30; OpaqueVoxelCount: 16384; TransparentVoxelCount: 16384
[2025.05.08-12.53.25:921][417]LogVoxelMeshingProfiling: Display: Scenario name: UEDPIE_0_Map_VoxelPlugin_Scenario30; Voxel Model memory: 262144
[2025.05.08-12.53.25:921][417]LogVoxelMeshingProfiling: Display: Scenario name: UEDPIE_0_Map_VoxelPlugin_Scenario30; OpaqueVoxelCount: 16384; TransparentVoxelCount: 16384
[2025.05.08-12.53.25:921][417]LogVoxelMeshingProfiling: Display: Scenario name: UEDPIE_0_Map_VoxelPlugin_Scenario30; Voxel Model memory: 262144
[2025.05.08-12.53.25:921][417]LogVoxelMeshingProfiling: Display: Scenario name: UEDPIE_0_Map_VoxelPlugin_Scenario30; OpaqueVoxelCount: 16384; TransparentVoxelCount: 16384
[2025.05.08-12.53.25:921][417]LogVoxelMeshingProfiling: Display: Scenario name: UEDPIE_0_Map_VoxelPlugin_Scenario30; Voxel Model memory: 262144
[2025.05.08-12.53.25:921][417]LogVoxelMeshingProfiling: Display: Scenario name: UEDPIE_0_Map_VoxelPlugin_Scenario30; OpaqueVoxelCount: 16384; TransparentVoxelCount: 16384
[2025.05.08-12.53.25:921][417]LogVoxelMeshingProfiling: Display: Scenario name: UEDPIE_0_Map_VoxelPlugin_Scenario30; Voxel Model memory: 262144
[2025.05.08-12.53.25:921][417]LogVoxelMeshingProfiling: Display: Scenario name: UEDPIE_0_Map_VoxelPlugin_Scenario30; OpaqueVoxelCount: 16384; TransparentVoxelCount: 16384
[2025.05.08-12.53.25:922][417]LogVoxelMeshingProfiling: Display: Scenario name: UEDPIE_0_Map_VoxelPlugin_Scenario30; Voxel Model memory: 262144
[2025.05.08-12.53.25:922][417]LogVoxelMeshingProfiling: Display: Scenario name: UEDPIE_0_Map_VoxelPlugin_Scenario30; OpaqueVoxelCount: 16384; TransparentVoxelCount: 16384
[2025.05.08-12.53.25:922][417]LogVoxelMeshingProfiling: Display: Scenario name: UEDPIE_0_Map_VoxelPlugin_Scenario30; Voxel Model memory: 262144
[2025.05.08-12.53.25:922][417]LogVoxelMeshingProfiling: Display: Scenario name: UEDPIE_0_Map_VoxelPlugin_Scenario30; OpaqueVoxelCount: 16384; TransparentVoxelCount: 16384
[2025.05.08-12.53.25:931][417]LogVoxelMeshingProfiling: Display: Scenario name: UEDPIE_0_Map_VoxelPlugin_Scenario30; Voxel Model memory: 262144
[2025.05.08-12.53.25:931][417]LogVoxelMeshingProfiling: Display: Scenario name: UEDPIE_0_Map_VoxelPlugin_Scenario30; OpaqueVoxelCount: 16384; TransparentVoxelCount: 16384
[2025.05.08-12.53.25:931][417]LogVoxelMeshingProfiling: Display: Scenario name: UEDPIE_0_Map_VoxelPlugin_Scenario30; Voxel Model memory: 262144
[2025.05.08-12.53.25:931][417]LogVoxelMeshingProfiling: Display: Scenario name: UEDPIE_0_Map_VoxelPlugin_Scenario30; OpaqueVoxelCount: 16384; TransparentVoxelCount: 16384
[2025.05.08-12.53.25:931][417]LogVoxelMeshingProfiling: Display: Scenario name: UEDPIE_0_Map_VoxelPlugin_Scenario30; Voxel Model memory: 262144
[2025.05.08-12.53.25:931][417]LogVoxelMeshingProfiling: Display: Scenario name: UEDPIE_0_Map_VoxelPlugin_Scenario30; OpaqueVoxelCount: 16384; TransparentVoxelCount: 16384
[2025.05.08-12.53.25:931][417]LogVoxelMeshingProfiling: Display: Scenario name: UEDPIE_0_Map_VoxelPlugin_Scenario30; Voxel Model memory: 262144
[2025.05.08-12.53.25:931][417]LogVoxelMeshingProfiling: Display: Scenario name: UEDPIE_0_Map_VoxelPlugin_Scenario30; OpaqueVoxelCount: 16384; TransparentVoxelCount: 16384
[2025.05.08-12.53.25:934][417]LogVoxelMeshingProfiling: Display: Scenario name: UEDPIE_0_Map_VoxelPlugin_Scenario30; Voxel Model memory: 262144
[2025.05.08-12.53.25:934][417]LogVoxelMeshingProfiling: Display: Scenario name: UEDPIE_0_Map_VoxelPlugin_Scenario30; OpaqueVoxelCount: 16384; TransparentVoxelCount: 16384
[2025.05.08-12.53.25:934][417]LogVoxelMeshingProfiling: Display: Scenario name: UEDPIE_0_Map_VoxelPlugin_Scenario30; Voxel Model memory: 262144
[2025.05.08-12.53.25:934][417]LogVoxelMeshingProfiling: Display: Scenario name: UEDPIE_0_Map_VoxelPlugin_Scenario30; OpaqueVoxelCount: 16384; TransparentVoxelCount: 16384
[2025.05.08-12.53.25:935][417]LogVoxelMeshingProfiling: Display: Scenario name: UEDPIE_0_Map_VoxelPlugin_Scenario30; Voxel Model memory: 262144
[2025.05.08-12.53.25:935][417]LogVoxelMeshingProfiling: Display: Scenario name: UEDPIE_0_Map_VoxelPlugin_Scenario30; OpaqueVoxelCount: 16384; TransparentVoxelCount: 16384
[2025.05.08-12.53.25:942][417]LogVoxelMeshingProfiling: Display: Scenario name: UEDPIE_0_Map_VoxelPlugin_Scenario30; Voxel Model memory: 262144
[2025.05.08-12.53.25:942][417]LogVoxelMeshingProfiling: Display: Scenario name: UEDPIE_0_Map_VoxelPlugin_Scenario30; OpaqueVoxelCount: 16384; TransparentVoxelCount: 16384
[2025.05.08-12.53.25:943][417]LogVoxelMeshingProfiling: Display: Scenario name: UEDPIE_0_Map_VoxelPlugin_Scenario30; Voxel Model memory: 262144
[2025.05.08-12.53.25:943][417]LogVoxelMeshingProfiling: Display: Scenario name: UEDPIE_0_Map_VoxelPlugin_Scenario30; OpaqueVoxelCount: 16384; TransparentVoxelCount: 16384
[2025.05.08-12.53.25:943][417]LogVoxelMeshingProfiling: Display: Scenario name: UEDPIE_0_Map_VoxelPlugin_Scenario30; Voxel Model memory: 262144
[2025.05.08-12.53.25:943][417]LogVoxelMeshingProfiling: Display: Scenario name: UEDPIE_0_Map_VoxelPlugin_Scenario30; OpaqueVoxelCount: 16384; TransparentVoxelCount: 16384
[2025.05.08-12.53.25:945][417]LogVoxelMeshingProfiling: Display: Scenario name: UEDPIE_0_Map_VoxelPlugin_Scenario30; Voxel Model memory: 262144
[2025.05.08-12.53.25:945][417]LogVoxelMeshingProfiling: Display: Scenario name: UEDPIE_0_Map_VoxelPlugin_Scenario30; OpaqueVoxelCount: 16384; TransparentVoxelCount: 16384
[2025.05.08-12.53.25:947][417]LogVoxelMeshingProfiling: Display: Scenario name: UEDPIE_0_Map_VoxelPlugin_Scenario30; Voxel Model memory: 262144
[2025.05.08-12.53.25:947][417]LogVoxelMeshingProfiling: Display: Scenario name: UEDPIE_0_Map_VoxelPlugin_Scenario30; OpaqueVoxelCount: 16384; TransparentVoxelCount: 16384
[2025.05.08-12.53.25:947][417]LogVoxelMeshingProfiling: Display: Scenario name: UEDPIE_0_Map_VoxelPlugin_Scenario30; Voxel Model memory: 262144
[2025.05.08-12.53.25:947][417]LogVoxelMeshingProfiling: Display: Scenario name: UEDPIE_0_Map_VoxelPlugin_Scenario30; OpaqueVoxelCount: 16384; TransparentVoxelCount: 16384
[2025.05.08-12.53.25:948][417]LogVoxelMeshingProfiling: Display: Scenario name: UEDPIE_0_Map_VoxelPlugin_Scenario30; Voxel Model memory: 262144
[2025.05.08-12.53.25:948][417]LogVoxelMeshingProfiling: Display: Scenario name: UEDPIE_0_Map_VoxelPlugin_Scenario30; OpaqueVoxelCount: 16384; TransparentVoxelCount: 16384
[2025.05.08-12.53.25:953][417]LogVoxelMeshingProfiling: Display: Scenario name: UEDPIE_0_Map_VoxelPlugin_Scenario30; Voxel Model memory: 262144
[2025.05.08-12.53.25:953][417]LogVoxelMeshingProfiling: Display: Scenario name: UEDPIE_0_Map_VoxelPlugin_Scenario30; OpaqueVoxelCount: 16384; TransparentVoxelCount: 16384
[2025.05.08-12.53.25:954][417]LogVoxelMeshingProfiling: Display: Scenario name: UEDPIE_0_Map_VoxelPlugin_Scenario30; Voxel Model memory: 262144
[2025.05.08-12.53.25:954][417]LogVoxelMeshingProfiling: Display: Scenario name: UEDPIE_0_Map_VoxelPlugin_Scenario30; OpaqueVoxelCount: 16384; TransparentVoxelCount: 16384
[2025.05.08-12.53.25:956][417]LogVoxelMeshingProfiling: Display: Scenario name: UEDPIE_0_Map_VoxelPlugin_Scenario30; Voxel Model memory: 262144
[2025.05.08-12.53.25:956][417]LogVoxelMeshingProfiling: Display: Scenario name: UEDPIE_0_Map_VoxelPlugin_Scenario30; OpaqueVoxelCount: 16384; TransparentVoxelCount: 16384
[2025.05.08-12.53.25:956][417]LogVoxelMeshingProfiling: Display: Scenario name: UEDPIE_0_Map_VoxelPlugin_Scenario30; Voxel Model memory: 262144
[2025.05.08-12.53.25:956][417]LogVoxelMeshingProfiling: Display: Scenario name: UEDPIE_0_Map_VoxelPlugin_Scenario30; OpaqueVoxelCount: 16384; TransparentVoxelCount: 16384
[2025.05.08-12.53.25:957][417]LogVoxelMeshingProfiling: Display: Scenario name: UEDPIE_0_Map_VoxelPlugin_Scenario30; Voxel Model memory: 262144
[2025.05.08-12.53.25:957][417]LogVoxelMeshingProfiling: Display: Scenario name: UEDPIE_0_Map_VoxelPlugin_Scenario30; OpaqueVoxelCount: 16384; TransparentVoxelCount: 16384
[2025.05.08-12.53.25:957][417]LogVoxelMeshingProfiling: Display: Scenario name: UEDPIE_0_Map_VoxelPlugin_Scenario30; Voxel Model memory: 262144
[2025.05.08-12.53.25:957][417]LogVoxelMeshingProfiling: Display: Scenario name: UEDPIE_0_Map_VoxelPlugin_Scenario30; OpaqueVoxelCount: 16384; TransparentVoxelCount: 16384
[2025.05.08-12.53.26:019][418]LogVoxelMeshingProfiling: Display: Scenario name: Map_VoxelPlugin_Scenario30; Vertices: 34816
[2025.05.08-12.53.26:025][418]LogVoxelMeshingProfiling: Display: Scenario name: Map_VoxelPlugin_Scenario30; Vertices: 34816
[2025.05.08-12.53.26:041][418]LogVoxelMeshingProfiling: Display: Scenario name: Map_VoxelPlugin_Scenario30; Vertices: 36864
[2025.05.08-12.53.26:044][418]LogVoxelMeshingProfiling: Display: Scenario name: Map_VoxelPlugin_Scenario30; Vertices: 36864
[2025.05.08-12.53.26:064][418]LogVoxelMeshingProfiling: Display: Scenario name: Map_VoxelPlugin_Scenario30; Vertices: 36864
[2025.05.08-12.53.26:064][418]LogVoxelMeshingProfiling: Display: Scenario name: Map_VoxelPlugin_Scenario30; Vertices: 36864
[2025.05.08-12.53.26:084][418]LogVoxelMeshingProfiling: Display: Scenario name: Map_VoxelPlugin_Scenario30; Vertices: 34816
[2025.05.08-12.53.26:092][419]LogVoxelMeshingProfiling: Display: Scenario name: Map_VoxelPlugin_Scenario30; Vertices: 36864
[2025.05.08-12.53.26:130][420]LogVoxelMeshingProfiling: Display: Scenario name: Map_VoxelPlugin_Scenario30; Vertices: 36864
[2025.05.08-12.53.26:136][420]LogVoxelMeshingProfiling: Display: Scenario name: Map_VoxelPlugin_Scenario30; Vertices: 32768
[2025.05.08-12.53.26:198][422]LogVoxelMeshingProfiling: Display: Scenario name: Map_VoxelPlugin_Scenario30; Vertices: 32768
[2025.05.08-12.53.26:206][423]LogVoxelMeshingProfiling: Display: Scenario name: Map_VoxelPlugin_Scenario30; Vertices: 34816
[2025.05.08-12.53.26:304][426]LogVoxelMeshingProfiling: Display: Scenario name: Map_VoxelPlugin_Scenario30; Vertices: 34816
[2025.05.08-12.53.26:313][426]LogVoxelMeshingProfiling: Display: Scenario name: Map_VoxelPlugin_Scenario30; Vertices: 34816
[2025.05.08-12.53.26:347][427]LogVoxelMeshingProfiling: Display: Scenario name: Map_VoxelPlugin_Scenario30; Vertices: 34816
[2025.05.08-12.53.26:369][428]LogVoxelMeshingProfiling: Display: Scenario name: Map_VoxelPlugin_Scenario30; Vertices: 32768
[2025.05.08-12.53.26:379][428]LogVoxelMeshingProfiling: Display: Scenario name: Map_VoxelPlugin_Scenario30; Vertices: 34816
[2025.05.08-12.53.26:402][429]LogVoxelMeshingProfiling: Display: Scenario name: Map_VoxelPlugin_Scenario30; Vertices: 34816
[2025.05.08-12.53.26:499][435]LogVoxelMeshingProfiling: Display: Scenario name: Map_VoxelPlugin_Scenario30; Vertices: 34816
[2025.05.08-12.53.26:501][435]LogVoxelMeshingProfiling: Display: Scenario name: Map_VoxelPlugin_Scenario30; Vertices: 34816
[2025.05.08-12.53.26:520][436]LogVoxelMeshingProfiling: Display: Scenario name: Map_VoxelPlugin_Scenario30; Vertices: 36864
[2025.05.08-12.53.26:528][437]LogVoxelMeshingProfiling: Display: Scenario name: Map_VoxelPlugin_Scenario30; Vertices: 36864
[2025.05.08-12.53.26:570][439]LogVoxelMeshingProfiling: Display: Scenario name: Map_VoxelPlugin_Scenario30; Vertices: 36864
[2025.05.08-12.53.26:592][440]LogVoxelMeshingProfiling: Display: Scenario name: Map_VoxelPlugin_Scenario30; Vertices: 36864
[2025.05.08-12.53.26:602][441]LogVoxelMeshingProfiling: Display: Scenario name: Map_VoxelPlugin_Scenario30; Vertices: 34816
[2025.05.08-12.53.26:625][442]LogVoxelMeshingProfiling: Display: Scenario name: Map_VoxelPlugin_Scenario30; Vertices: 36864
[2025.05.08-12.53.26:633][443]LogVoxelMeshingProfiling: Display: Scenario name: Map_VoxelPlugin_Scenario30; Vertices: 36864
