[2025.05.08-12.57.55:919][286]LogVoxelMeshingProfiling: Display: Scenario name: UEDPIE_0_Map_Grid_Scenario31; Voxel Model memory: 262144
[2025.05.08-12.57.55:919][286]LogVoxelMeshingProfiling: Display: Scenario name: UEDPIE_0_Map_Grid_Scenario31; OpaqueVoxelCount: 18432; TransparentVoxelCount: 14336
[2025.05.08-12.57.55:926][286]LogVoxelMeshingProfiling: Display: Scenario name: UEDPIE_0_Map_Grid_Scenario31; Voxel Model memory: 262144
[2025.05.08-12.57.55:926][286]LogVoxelMeshingProfiling: Display: Scenario name: UEDPIE_0_Map_Grid_Scenario31; OpaqueVoxelCount: 18432; TransparentVoxelCount: 14336
[2025.05.08-12.57.55:928][286]LogVoxelMeshingProfiling: Display: Scenario name: UEDPIE_0_Map_Grid_Scenario31; Voxel Model memory: 262144
[2025.05.08-12.57.55:928][286]LogVoxelMeshingProfiling: Display: Scenario name: UEDPIE_0_Map_Grid_Scenario31; OpaqueVoxelCount: 18432; TransparentVoxelCount: 14336
[2025.05.08-12.57.55:928][286]LogVoxelMeshingProfiling: Display: Scenario name: UEDPIE_0_Map_Grid_Scenario31; Voxel Model memory: 262144
[2025.05.08-12.57.55:928][286]LogVoxelMeshingProfiling: Display: Scenario name: UEDPIE_0_Map_Grid_Scenario31; OpaqueVoxelCount: 18432; TransparentVoxelCount: 14336
[2025.05.08-12.57.55:930][286]LogVoxelMeshingProfiling: Display: Scenario name: UEDPIE_0_Map_Grid_Scenario31; Voxel Model memory: 262144
[2025.05.08-12.57.55:930][286]LogVoxelMeshingProfiling: Display: Scenario name: UEDPIE_0_Map_Grid_Scenario31; OpaqueVoxelCount: 18432; TransparentVoxelCount: 14336
[2025.05.08-12.57.55:930][286]LogVoxelMeshingProfiling: Display: Scenario name: UEDPIE_0_Map_Grid_Scenario31; Voxel Model memory: 262144
[2025.05.08-12.57.55:930][286]LogVoxelMeshingProfiling: Display: Scenario name: UEDPIE_0_Map_Grid_Scenario31; OpaqueVoxelCount: 18432; TransparentVoxelCount: 14336
[2025.05.08-12.57.55:930][286]LogVoxelMeshingProfiling: Display: Scenario name: UEDPIE_0_Map_Grid_Scenario31; Voxel Model memory: 262144
[2025.05.08-12.57.55:930][286]LogVoxelMeshingProfiling: Display: Scenario name: UEDPIE_0_Map_Grid_Scenario31; OpaqueVoxelCount: 18432; TransparentVoxelCount: 14336
[2025.05.08-12.57.55:935][286]LogVoxelMeshingProfiling: Display: Scenario name: UEDPIE_0_Map_Grid_Scenario31; Voxel Model memory: 262144
[2025.05.08-12.57.55:935][286]LogVoxelMeshingProfiling: Display: Scenario name: UEDPIE_0_Map_Grid_Scenario31; OpaqueVoxelCount: 18432; TransparentVoxelCount: 14336
[2025.05.08-12.57.55:936][286]LogVoxelMeshingProfiling: Display: Scenario name: UEDPIE_0_Map_Grid_Scenario31; Voxel Model memory: 262144
[2025.05.08-12.57.55:936][286]LogVoxelMeshingProfiling: Display: Scenario name: UEDPIE_0_Map_Grid_Scenario31; OpaqueVoxelCount: 18432; TransparentVoxelCount: 14336
[2025.05.08-12.57.55:936][286]LogVoxelMeshingProfiling: Display: Scenario name: UEDPIE_0_Map_Grid_Scenario31; Voxel Model memory: 262144
[2025.05.08-12.57.55:936][286]LogVoxelMeshingProfiling: Display: Scenario name: UEDPIE_0_Map_Grid_Scenario31; OpaqueVoxelCount: 18432; TransparentVoxelCount: 14336
[2025.05.08-12.57.55:936][286]LogVoxelMeshingProfiling: Display: Scenario name: UEDPIE_0_Map_Grid_Scenario31; Voxel Model memory: 262144
[2025.05.08-12.57.55:936][286]LogVoxelMeshingProfiling: Display: Scenario name: UEDPIE_0_Map_Grid_Scenario31; OpaqueVoxelCount: 18432; TransparentVoxelCount: 14336
[2025.05.08-12.57.55:940][286]LogVoxelMeshingProfiling: Display: Scenario name: UEDPIE_0_Map_Grid_Scenario31; Voxel Model memory: 262144
[2025.05.08-12.57.55:940][286]LogVoxelMeshingProfiling: Display: Scenario name: UEDPIE_0_Map_Grid_Scenario31; OpaqueVoxelCount: 18432; TransparentVoxelCount: 14336
[2025.05.08-12.57.55:940][286]LogVoxelMeshingProfiling: Display: Scenario name: UEDPIE_0_Map_Grid_Scenario31; Voxel Model memory: 262144
[2025.05.08-12.57.55:940][286]LogVoxelMeshingProfiling: Display: Scenario name: UEDPIE_0_Map_Grid_Scenario31; OpaqueVoxelCount: 18432; TransparentVoxelCount: 14336
[2025.05.08-12.57.55:940][286]LogVoxelMeshingProfiling: Display: Scenario name: UEDPIE_0_Map_Grid_Scenario31; Voxel Model memory: 262144
[2025.05.08-12.57.55:940][286]LogVoxelMeshingProfiling: Display: Scenario name: UEDPIE_0_Map_Grid_Scenario31; OpaqueVoxelCount: 18432; TransparentVoxelCount: 14336
[2025.05.08-12.57.55:949][286]LogVoxelMeshingProfiling: Display: Scenario name: UEDPIE_0_Map_Grid_Scenario31; Voxel Model memory: 262144
[2025.05.08-12.57.55:949][286]LogVoxelMeshingProfiling: Display: Scenario name: UEDPIE_0_Map_Grid_Scenario31; OpaqueVoxelCount: 18432; TransparentVoxelCount: 14336
[2025.05.08-12.57.55:949][286]LogVoxelMeshingProfiling: Display: Scenario name: UEDPIE_0_Map_Grid_Scenario31; Voxel Model memory: 262144
[2025.05.08-12.57.55:949][286]LogVoxelMeshingProfiling: Display: Scenario name: UEDPIE_0_Map_Grid_Scenario31; OpaqueVoxelCount: 18432; TransparentVoxelCount: 14336
[2025.05.08-12.57.55:950][286]LogVoxelMeshingProfiling: Display: Scenario name: UEDPIE_0_Map_Grid_Scenario31; Voxel Model memory: 262144
[2025.05.08-12.57.55:950][286]LogVoxelMeshingProfiling: Display: Scenario name: UEDPIE_0_Map_Grid_Scenario31; OpaqueVoxelCount: 18432; TransparentVoxelCount: 14336
[2025.05.08-12.57.55:950][286]LogVoxelMeshingProfiling: Display: Scenario name: UEDPIE_0_Map_Grid_Scenario31; Voxel Model memory: 262144
[2025.05.08-12.57.55:950][286]LogVoxelMeshingProfiling: Display: Scenario name: UEDPIE_0_Map_Grid_Scenario31; OpaqueVoxelCount: 18432; TransparentVoxelCount: 14336
[2025.05.08-12.57.55:952][286]LogVoxelMeshingProfiling: Display: Scenario name: UEDPIE_0_Map_Grid_Scenario31; Voxel Model memory: 262144
[2025.05.08-12.57.55:952][286]LogVoxelMeshingProfiling: Display: Scenario name: UEDPIE_0_Map_Grid_Scenario31; OpaqueVoxelCount: 18432; TransparentVoxelCount: 14336
[2025.05.08-12.57.55:952][286]LogVoxelMeshingProfiling: Display: Scenario name: UEDPIE_0_Map_Grid_Scenario31; Voxel Model memory: 262144
[2025.05.08-12.57.55:952][286]LogVoxelMeshingProfiling: Display: Scenario name: UEDPIE_0_Map_Grid_Scenario31; OpaqueVoxelCount: 18432; TransparentVoxelCount: 14336
[2025.05.08-12.57.55:953][286]LogVoxelMeshingProfiling: Display: Scenario name: UEDPIE_0_Map_Grid_Scenario31; Voxel Model memory: 262144
[2025.05.08-12.57.55:953][286]LogVoxelMeshingProfiling: Display: Scenario name: UEDPIE_0_Map_Grid_Scenario31; OpaqueVoxelCount: 18432; TransparentVoxelCount: 14336
[2025.05.08-12.57.55:961][286]LogVoxelMeshingProfiling: Display: Scenario name: UEDPIE_0_Map_Grid_Scenario31; Voxel Model memory: 262144
[2025.05.08-12.57.55:961][286]LogVoxelMeshingProfiling: Display: Scenario name: UEDPIE_0_Map_Grid_Scenario31; OpaqueVoxelCount: 18432; TransparentVoxelCount: 14336
[2025.05.08-12.57.55:962][286]LogVoxelMeshingProfiling: Display: Scenario name: UEDPIE_0_Map_Grid_Scenario31; Voxel Model memory: 262144
[2025.05.08-12.57.55:962][286]LogVoxelMeshingProfiling: Display: Scenario name: UEDPIE_0_Map_Grid_Scenario31; OpaqueVoxelCount: 18432; TransparentVoxelCount: 14336
[2025.05.08-12.57.55:962][286]LogVoxelMeshingProfiling: Display: Scenario name: UEDPIE_0_Map_Grid_Scenario31; Voxel Model memory: 262144
[2025.05.08-12.57.55:962][286]LogVoxelMeshingProfiling: Display: Scenario name: UEDPIE_0_Map_Grid_Scenario31; OpaqueVoxelCount: 18432; TransparentVoxelCount: 14336
[2025.05.08-12.57.55:962][286]LogVoxelMeshingProfiling: Display: Scenario name: UEDPIE_0_Map_Grid_Scenario31; Voxel Model memory: 262144
[2025.05.08-12.57.55:962][286]LogVoxelMeshingProfiling: Display: Scenario name: UEDPIE_0_Map_Grid_Scenario31; OpaqueVoxelCount: 18432; TransparentVoxelCount: 14336
[2025.05.08-12.57.55:964][286]LogVoxelMeshingProfiling: Display: Scenario name: UEDPIE_0_Map_Grid_Scenario31; Voxel Model memory: 262144
[2025.05.08-12.57.55:964][286]LogVoxelMeshingProfiling: Display: Scenario name: UEDPIE_0_Map_Grid_Scenario31; OpaqueVoxelCount: 18432; TransparentVoxelCount: 14336
[2025.05.08-12.57.55:964][286]LogVoxelMeshingProfiling: Display: Scenario name: UEDPIE_0_Map_Grid_Scenario31; Voxel Model memory: 262144
[2025.05.08-12.57.55:964][286]LogVoxelMeshingProfiling: Display: Scenario name: UEDPIE_0_Map_Grid_Scenario31; OpaqueVoxelCount: 18432; TransparentVoxelCount: 14336
[2025.05.08-12.57.55:969][286]LogVoxelMeshingProfiling: Display: Scenario name: UEDPIE_0_Map_Grid_Scenario31; Vertices: 24
[2025.05.08-12.57.55:972][286]LogVoxelMeshingProfiling: Display: Scenario name: UEDPIE_0_Map_Grid_Scenario31; Vertices: 36
[2025.05.08-12.57.55:976][286]LogVoxelMeshingProfiling: Display: Scenario name: UEDPIE_0_Map_Grid_Scenario31; Vertices: 36
[2025.05.08-12.57.55:979][286]LogVoxelMeshingProfiling: Display: Scenario name: UEDPIE_0_Map_Grid_Scenario31; Vertices: 36
[2025.05.08-12.57.55:983][286]LogVoxelMeshingProfiling: Display: Scenario name: UEDPIE_0_Map_Grid_Scenario31; Vertices: 36
[2025.05.08-12.57.55:985][286]LogVoxelMeshingProfiling: Display: Scenario name: UEDPIE_0_Map_Grid_Scenario31; Vertices: 24
[2025.05.08-12.57.55:989][286]LogVoxelMeshingProfiling: Display: Scenario name: UEDPIE_0_Map_Grid_Scenario31; Vertices: 24
[2025.05.08-12.57.55:992][286]LogVoxelMeshingProfiling: Display: Scenario name: UEDPIE_0_Map_Grid_Scenario31; Vertices: 48
[2025.05.08-12.57.55:996][287]LogVoxelMeshingProfiling: Display: Scenario name: UEDPIE_0_Map_Grid_Scenario31; Vertices: 48
[2025.05.08-12.57.56:000][287]LogVoxelMeshingProfiling: Display: Scenario name: UEDPIE_0_Map_Grid_Scenario31; Vertices: 36
[2025.05.08-12.57.56:004][287]LogVoxelMeshingProfiling: Display: Scenario name: UEDPIE_0_Map_Grid_Scenario31; Vertices: 36
[2025.05.08-12.57.56:007][287]LogVoxelMeshingProfiling: Display: Scenario name: UEDPIE_0_Map_Grid_Scenario31; Vertices: 48
[2025.05.08-12.57.56:011][287]LogVoxelMeshingProfiling: Display: Scenario name: UEDPIE_0_Map_Grid_Scenario31; Vertices: 36
[2025.05.08-12.57.56:014][287]LogVoxelMeshingProfiling: Display: Scenario name: UEDPIE_0_Map_Grid_Scenario31; Vertices: 36
[2025.05.08-12.57.56:016][287]LogVoxelMeshingProfiling: Display: Scenario name: UEDPIE_0_Map_Grid_Scenario31; Vertices: 48
[2025.05.08-12.57.56:020][287]LogVoxelMeshingProfiling: Display: Scenario name: UEDPIE_0_Map_Grid_Scenario31; Vertices: 36
[2025.05.08-12.57.56:023][287]LogVoxelMeshingProfiling: Display: Scenario name: UEDPIE_0_Map_Grid_Scenario31; Vertices: 36
[2025.05.08-12.57.56:026][287]LogVoxelMeshingProfiling: Display: Scenario name: UEDPIE_0_Map_Grid_Scenario31; Vertices: 36
[2025.05.08-12.57.56:029][287]LogVoxelMeshingProfiling: Display: Scenario name: UEDPIE_0_Map_Grid_Scenario31; Vertices: 36
[2025.05.08-12.57.56:032][287]LogVoxelMeshingProfiling: Display: Scenario name: UEDPIE_0_Map_Grid_Scenario31; Vertices: 48
[2025.05.08-12.57.56:035][287]LogVoxelMeshingProfiling: Display: Scenario name: UEDPIE_0_Map_Grid_Scenario31; Vertices: 48
[2025.05.08-12.57.56:039][287]LogVoxelMeshingProfiling: Display: Scenario name: UEDPIE_0_Map_Grid_Scenario31; Vertices: 48
[2025.05.08-12.57.56:042][287]LogVoxelMeshingProfiling: Display: Scenario name: UEDPIE_0_Map_Grid_Scenario31; Vertices: 48
[2025.05.08-12.57.56:046][287]LogVoxelMeshingProfiling: Display: Scenario name: UEDPIE_0_Map_Grid_Scenario31; Vertices: 48
[2025.05.08-12.57.56:049][287]LogVoxelMeshingProfiling: Display: Scenario name: UEDPIE_0_Map_Grid_Scenario31; Vertices: 48
[2025.05.08-12.57.56:052][287]LogVoxelMeshingProfiling: Display: Scenario name: UEDPIE_0_Map_Grid_Scenario31; Vertices: 48
[2025.05.08-12.57.56:055][287]LogVoxelMeshingProfiling: Display: Scenario name: UEDPIE_0_Map_Grid_Scenario31; Vertices: 48
[2025.05.08-12.58.02:845][764]LogVoxelMeshingProfiling: Display: Scenario name: UEDPIE_0_Map_RLE_Scenario31; Voxel Model memory: 3204
[2025.05.08-12.58.02:854][764]LogVoxelMeshingProfiling: Display: Scenario name: UEDPIE_0_Map_RLE_Scenario31; Voxel Model memory: 3204
[2025.05.08-12.58.02:855][764]LogVoxelMeshingProfiling: Display: Scenario name: UEDPIE_0_Map_RLE_Scenario31; Voxel Model memory: 3204
[2025.05.08-12.58.02:855][764]LogVoxelMeshingProfiling: Display: Scenario name: UEDPIE_0_Map_RLE_Scenario31; Voxel Model memory: 3204
[2025.05.08-12.58.02:855][764]LogVoxelMeshingProfiling: Display: Scenario name: UEDPIE_0_Map_RLE_Scenario31; Voxel Model memory: 3204
[2025.05.08-12.58.02:857][764]LogVoxelMeshingProfiling: Display: Scenario name: UEDPIE_0_Map_RLE_Scenario31; Voxel Model memory: 3204
[2025.05.08-12.58.02:857][764]LogVoxelMeshingProfiling: Display: Scenario name: UEDPIE_0_Map_RLE_Scenario31; Voxel Model memory: 3204
[2025.05.08-12.58.02:866][764]LogVoxelMeshingProfiling: Display: Scenario name: UEDPIE_0_Map_RLE_Scenario31; Voxel Model memory: 3204
[2025.05.08-12.58.02:866][764]LogVoxelMeshingProfiling: Display: Scenario name: UEDPIE_0_Map_RLE_Scenario31; Voxel Model memory: 3204
[2025.05.08-12.58.02:866][764]LogVoxelMeshingProfiling: Display: Scenario name: UEDPIE_0_Map_RLE_Scenario31; Voxel Model memory: 3204
[2025.05.08-12.58.02:866][764]LogVoxelMeshingProfiling: Display: Scenario name: UEDPIE_0_Map_RLE_Scenario31; Voxel Model memory: 3204
[2025.05.08-12.58.02:869][764]LogVoxelMeshingProfiling: Display: Scenario name: UEDPIE_0_Map_RLE_Scenario31; Voxel Model memory: 3204
[2025.05.08-12.58.02:869][764]LogVoxelMeshingProfiling: Display: Scenario name: UEDPIE_0_Map_RLE_Scenario31; Voxel Model memory: 3204
[2025.05.08-12.58.02:870][764]LogVoxelMeshingProfiling: Display: Scenario name: UEDPIE_0_Map_RLE_Scenario31; Voxel Model memory: 3204
[2025.05.08-12.58.02:879][764]LogVoxelMeshingProfiling: Display: Scenario name: UEDPIE_0_Map_RLE_Scenario31; Voxel Model memory: 3204
[2025.05.08-12.58.02:879][764]LogVoxelMeshingProfiling: Display: Scenario name: UEDPIE_0_Map_RLE_Scenario31; Voxel Model memory: 3204
[2025.05.08-12.58.02:879][764]LogVoxelMeshingProfiling: Display: Scenario name: UEDPIE_0_Map_RLE_Scenario31; Voxel Model memory: 3204
[2025.05.08-12.58.02:879][764]LogVoxelMeshingProfiling: Display: Scenario name: UEDPIE_0_Map_RLE_Scenario31; Voxel Model memory: 3204
[2025.05.08-12.58.02:884][764]LogVoxelMeshingProfiling: Display: Scenario name: UEDPIE_0_Map_RLE_Scenario31; Voxel Model memory: 3204
[2025.05.08-12.58.02:884][764]LogVoxelMeshingProfiling: Display: Scenario name: UEDPIE_0_Map_RLE_Scenario31; Voxel Model memory: 3204
[2025.05.08-12.58.02:885][764]LogVoxelMeshingProfiling: Display: Scenario name: UEDPIE_0_Map_RLE_Scenario31; Voxel Model memory: 3204
[2025.05.08-12.58.02:894][764]LogVoxelMeshingProfiling: Display: Scenario name: UEDPIE_0_Map_RLE_Scenario31; Voxel Model memory: 3204
[2025.05.08-12.58.02:894][764]LogVoxelMeshingProfiling: Display: Scenario name: UEDPIE_0_Map_RLE_Scenario31; Voxel Model memory: 3204
[2025.05.08-12.58.02:895][764]LogVoxelMeshingProfiling: Display: Scenario name: UEDPIE_0_Map_RLE_Scenario31; Voxel Model memory: 3204
[2025.05.08-12.58.02:896][764]LogVoxelMeshingProfiling: Display: Scenario name: UEDPIE_0_Map_RLE_Scenario31; Voxel Model memory: 3204
[2025.05.08-12.58.02:897][765]LogVoxelMeshingProfiling: Display: Scenario name: UEDPIE_0_Map_RLE_Scenario31; Voxel Model memory: 3204
[2025.05.08-12.58.02:897][765]LogVoxelMeshingProfiling: Display: Scenario name: UEDPIE_0_Map_RLE_Scenario31; Voxel Model memory: 3204
[2025.05.08-12.58.02:901][765]LogVoxelMeshingProfiling: Display: Scenario name: UEDPIE_0_Map_RLE_Scenario31; Vertices: 11904
[2025.05.08-12.58.02:904][765]LogVoxelMeshingProfiling: Display: Scenario name: UEDPIE_0_Map_RLE_Scenario31; Vertices: 11904
[2025.05.08-12.58.02:907][765]LogVoxelMeshingProfiling: Display: Scenario name: UEDPIE_0_Map_RLE_Scenario31; Vertices: 11904
[2025.05.08-12.58.02:909][765]LogVoxelMeshingProfiling: Display: Scenario name: UEDPIE_0_Map_RLE_Scenario31; Vertices: 11904
[2025.05.08-12.58.02:911][765]LogVoxelMeshingProfiling: Display: Scenario name: UEDPIE_0_Map_RLE_Scenario31; Vertices: 11904
[2025.05.08-12.58.02:914][765]LogVoxelMeshingProfiling: Display: Scenario name: UEDPIE_0_Map_RLE_Scenario31; Vertices: 11904
[2025.05.08-12.58.02:916][765]LogVoxelMeshingProfiling: Display: Scenario name: UEDPIE_0_Map_RLE_Scenario31; Vertices: 11904
[2025.05.08-12.58.02:919][765]LogVoxelMeshingProfiling: Display: Scenario name: UEDPIE_0_Map_RLE_Scenario31; Vertices: 11904
[2025.05.08-12.58.02:921][765]LogVoxelMeshingProfiling: Display: Scenario name: UEDPIE_0_Map_RLE_Scenario31; Vertices: 11904
[2025.05.08-12.58.02:924][765]LogVoxelMeshingProfiling: Display: Scenario name: UEDPIE_0_Map_RLE_Scenario31; Vertices: 11904
[2025.05.08-12.58.02:925][765]LogVoxelMeshingProfiling: Display: Scenario name: UEDPIE_0_Map_RLE_Scenario31; Vertices: 11904
[2025.05.08-12.58.02:928][765]LogVoxelMeshingProfiling: Display: Scenario name: UEDPIE_0_Map_RLE_Scenario31; Vertices: 11904
[2025.05.08-12.58.02:930][765]LogVoxelMeshingProfiling: Display: Scenario name: UEDPIE_0_Map_RLE_Scenario31; Vertices: 11904
[2025.05.08-12.58.02:932][765]LogVoxelMeshingProfiling: Display: Scenario name: UEDPIE_0_Map_RLE_Scenario31; Vertices: 11904
[2025.05.08-12.58.02:934][765]LogVoxelMeshingProfiling: Display: Scenario name: UEDPIE_0_Map_RLE_Scenario31; Vertices: 11904
[2025.05.08-12.58.02:938][765]LogVoxelMeshingProfiling: Display: Scenario name: UEDPIE_0_Map_RLE_Scenario31; Vertices: 11904
[2025.05.08-12.58.02:940][765]LogVoxelMeshingProfiling: Display: Scenario name: UEDPIE_0_Map_RLE_Scenario31; Vertices: 11904
[2025.05.08-12.58.02:942][765]LogVoxelMeshingProfiling: Display: Scenario name: UEDPIE_0_Map_RLE_Scenario31; Vertices: 11904
[2025.05.08-12.58.02:944][765]LogVoxelMeshingProfiling: Display: Scenario name: UEDPIE_0_Map_RLE_Scenario31; Vertices: 11904
[2025.05.08-12.58.02:947][765]LogVoxelMeshingProfiling: Display: Scenario name: UEDPIE_0_Map_RLE_Scenario31; Vertices: 11904
[2025.05.08-12.58.02:949][765]LogVoxelMeshingProfiling: Display: Scenario name: UEDPIE_0_Map_RLE_Scenario31; Vertices: 11904
[2025.05.08-12.58.02:951][765]LogVoxelMeshingProfiling: Display: Scenario name: UEDPIE_0_Map_RLE_Scenario31; Vertices: 11904
[2025.05.08-12.58.02:953][765]LogVoxelMeshingProfiling: Display: Scenario name: UEDPIE_0_Map_RLE_Scenario31; Vertices: 11904
[2025.05.08-12.58.02:956][765]LogVoxelMeshingProfiling: Display: Scenario name: UEDPIE_0_Map_RLE_Scenario31; Vertices: 11904
[2025.05.08-12.58.02:957][765]LogVoxelMeshingProfiling: Display: Scenario name: UEDPIE_0_Map_RLE_Scenario31; Vertices: 11904
[2025.05.08-12.58.02:961][765]LogVoxelMeshingProfiling: Display: Scenario name: UEDPIE_0_Map_RLE_Scenario31; Vertices: 11904
[2025.05.08-12.58.02:963][765]LogVoxelMeshingProfiling: Display: Scenario name: UEDPIE_0_Map_RLE_Scenario31; Vertices: 11904
[2025.05.08-12.58.10:394][237]LogVoxelMeshingProfiling: Display: Scenario name: UEDPIE_0_Map_VoxelPlugin_Scenario31; Voxel Model memory: 262144
[2025.05.08-12.58.10:394][237]LogVoxelMeshingProfiling: Display: Scenario name: UEDPIE_0_Map_VoxelPlugin_Scenario31; OpaqueVoxelCount: 21504; TransparentVoxelCount: 11264
[2025.05.08-12.58.10:401][237]LogVoxelMeshingProfiling: Display: Scenario name: UEDPIE_0_Map_VoxelPlugin_Scenario31; Voxel Model memory: 262144
[2025.05.08-12.58.10:402][237]LogVoxelMeshingProfiling: Display: Scenario name: UEDPIE_0_Map_VoxelPlugin_Scenario31; OpaqueVoxelCount: 21504; TransparentVoxelCount: 11264
[2025.05.08-12.58.10:402][237]LogVoxelMeshingProfiling: Display: Scenario name: UEDPIE_0_Map_VoxelPlugin_Scenario31; Voxel Model memory: 262144
[2025.05.08-12.58.10:402][237]LogVoxelMeshingProfiling: Display: Scenario name: UEDPIE_0_Map_VoxelPlugin_Scenario31; OpaqueVoxelCount: 21504; TransparentVoxelCount: 11264
[2025.05.08-12.58.10:407][237]LogVoxelMeshingProfiling: Display: Scenario name: UEDPIE_0_Map_VoxelPlugin_Scenario31; Voxel Model memory: 262144
[2025.05.08-12.58.10:407][237]LogVoxelMeshingProfiling: Display: Scenario name: UEDPIE_0_Map_VoxelPlugin_Scenario31; OpaqueVoxelCount: 21504; TransparentVoxelCount: 11264
[2025.05.08-12.58.10:410][237]LogVoxelMeshingProfiling: Display: Scenario name: UEDPIE_0_Map_VoxelPlugin_Scenario31; Voxel Model memory: 262144
[2025.05.08-12.58.10:410][237]LogVoxelMeshingProfiling: Display: Scenario name: UEDPIE_0_Map_VoxelPlugin_Scenario31; OpaqueVoxelCount: 21504; TransparentVoxelCount: 11264
[2025.05.08-12.58.10:410][237]LogVoxelMeshingProfiling: Display: Scenario name: UEDPIE_0_Map_VoxelPlugin_Scenario31; Voxel Model memory: 262144
[2025.05.08-12.58.10:410][237]LogVoxelMeshingProfiling: Display: Scenario name: UEDPIE_0_Map_VoxelPlugin_Scenario31; OpaqueVoxelCount: 21504; TransparentVoxelCount: 11264
[2025.05.08-12.58.10:410][237]LogVoxelMeshingProfiling: Display: Scenario name: UEDPIE_0_Map_VoxelPlugin_Scenario31; Voxel Model memory: 262144
[2025.05.08-12.58.10:410][237]LogVoxelMeshingProfiling: Display: Scenario name: UEDPIE_0_Map_VoxelPlugin_Scenario31; OpaqueVoxelCount: 21504; TransparentVoxelCount: 11264
[2025.05.08-12.58.10:419][237]LogVoxelMeshingProfiling: Display: Scenario name: UEDPIE_0_Map_VoxelPlugin_Scenario31; Voxel Model memory: 262144
[2025.05.08-12.58.10:419][237]LogVoxelMeshingProfiling: Display: Scenario name: UEDPIE_0_Map_VoxelPlugin_Scenario31; OpaqueVoxelCount: 21504; TransparentVoxelCount: 11264
[2025.05.08-12.58.10:420][237]LogVoxelMeshingProfiling: Display: Scenario name: UEDPIE_0_Map_VoxelPlugin_Scenario31; Voxel Model memory: 262144
[2025.05.08-12.58.10:421][237]LogVoxelMeshingProfiling: Display: Scenario name: UEDPIE_0_Map_VoxelPlugin_Scenario31; OpaqueVoxelCount: 21504; TransparentVoxelCount: 11264
[2025.05.08-12.58.10:423][237]LogVoxelMeshingProfiling: Display: Scenario name: UEDPIE_0_Map_VoxelPlugin_Scenario31; Voxel Model memory: 262144
[2025.05.08-12.58.10:423][237]LogVoxelMeshingProfiling: Display: Scenario name: UEDPIE_0_Map_VoxelPlugin_Scenario31; OpaqueVoxelCount: 21504; TransparentVoxelCount: 11264
[2025.05.08-12.58.10:425][237]LogVoxelMeshingProfiling: Display: Scenario name: UEDPIE_0_Map_VoxelPlugin_Scenario31; Voxel Model memory: 262144
[2025.05.08-12.58.10:425][237]LogVoxelMeshingProfiling: Display: Scenario name: UEDPIE_0_Map_VoxelPlugin_Scenario31; OpaqueVoxelCount: 21504; TransparentVoxelCount: 11264
[2025.05.08-12.58.10:427][237]LogVoxelMeshingProfiling: Display: Scenario name: UEDPIE_0_Map_VoxelPlugin_Scenario31; Voxel Model memory: 262144
[2025.05.08-12.58.10:427][237]LogVoxelMeshingProfiling: Display: Scenario name: UEDPIE_0_Map_VoxelPlugin_Scenario31; OpaqueVoxelCount: 21504; TransparentVoxelCount: 11264
[2025.05.08-12.58.10:427][237]LogVoxelMeshingProfiling: Display: Scenario name: UEDPIE_0_Map_VoxelPlugin_Scenario31; Voxel Model memory: 262144
[2025.05.08-12.58.10:427][237]LogVoxelMeshingProfiling: Display: Scenario name: UEDPIE_0_Map_VoxelPlugin_Scenario31; OpaqueVoxelCount: 21504; TransparentVoxelCount: 11264
[2025.05.08-12.58.10:427][237]LogVoxelMeshingProfiling: Display: Scenario name: UEDPIE_0_Map_VoxelPlugin_Scenario31; Voxel Model memory: 262144
[2025.05.08-12.58.10:427][237]LogVoxelMeshingProfiling: Display: Scenario name: UEDPIE_0_Map_VoxelPlugin_Scenario31; OpaqueVoxelCount: 21504; TransparentVoxelCount: 11264
[2025.05.08-12.58.10:435][237]LogVoxelMeshingProfiling: Display: Scenario name: UEDPIE_0_Map_VoxelPlugin_Scenario31; Voxel Model memory: 262144
[2025.05.08-12.58.10:435][237]LogVoxelMeshingProfiling: Display: Scenario name: UEDPIE_0_Map_VoxelPlugin_Scenario31; OpaqueVoxelCount: 21504; TransparentVoxelCount: 11264
[2025.05.08-12.58.10:435][237]LogVoxelMeshingProfiling: Display: Scenario name: UEDPIE_0_Map_VoxelPlugin_Scenario31; Voxel Model memory: 262144
[2025.05.08-12.58.10:435][237]LogVoxelMeshingProfiling: Display: Scenario name: UEDPIE_0_Map_VoxelPlugin_Scenario31; OpaqueVoxelCount: 21504; TransparentVoxelCount: 11264
[2025.05.08-12.58.10:439][237]LogVoxelMeshingProfiling: Display: Scenario name: UEDPIE_0_Map_VoxelPlugin_Scenario31; Voxel Model memory: 262144
[2025.05.08-12.58.10:439][237]LogVoxelMeshingProfiling: Display: Scenario name: UEDPIE_0_Map_VoxelPlugin_Scenario31; OpaqueVoxelCount: 21504; TransparentVoxelCount: 11264
[2025.05.08-12.58.10:439][237]LogVoxelMeshingProfiling: Display: Scenario name: UEDPIE_0_Map_VoxelPlugin_Scenario31; Voxel Model memory: 262144
[2025.05.08-12.58.10:439][237]LogVoxelMeshingProfiling: Display: Scenario name: UEDPIE_0_Map_VoxelPlugin_Scenario31; OpaqueVoxelCount: 21504; TransparentVoxelCount: 11264
[2025.05.08-12.58.10:444][237]LogVoxelMeshingProfiling: Display: Scenario name: UEDPIE_0_Map_VoxelPlugin_Scenario31; Voxel Model memory: 262144
[2025.05.08-12.58.10:444][237]LogVoxelMeshingProfiling: Display: Scenario name: UEDPIE_0_Map_VoxelPlugin_Scenario31; OpaqueVoxelCount: 21504; TransparentVoxelCount: 11264
[2025.05.08-12.58.10:445][237]LogVoxelMeshingProfiling: Display: Scenario name: UEDPIE_0_Map_VoxelPlugin_Scenario31; Voxel Model memory: 262144
[2025.05.08-12.58.10:445][237]LogVoxelMeshingProfiling: Display: Scenario name: UEDPIE_0_Map_VoxelPlugin_Scenario31; OpaqueVoxelCount: 21504; TransparentVoxelCount: 11264
[2025.05.08-12.58.10:445][237]LogVoxelMeshingProfiling: Display: Scenario name: UEDPIE_0_Map_VoxelPlugin_Scenario31; Voxel Model memory: 262144
[2025.05.08-12.58.10:445][237]LogVoxelMeshingProfiling: Display: Scenario name: UEDPIE_0_Map_VoxelPlugin_Scenario31; OpaqueVoxelCount: 21504; TransparentVoxelCount: 11264
[2025.05.08-12.58.10:453][237]LogVoxelMeshingProfiling: Display: Scenario name: UEDPIE_0_Map_VoxelPlugin_Scenario31; Voxel Model memory: 262144
[2025.05.08-12.58.10:453][237]LogVoxelMeshingProfiling: Display: Scenario name: UEDPIE_0_Map_VoxelPlugin_Scenario31; OpaqueVoxelCount: 21504; TransparentVoxelCount: 11264
[2025.05.08-12.58.10:454][237]LogVoxelMeshingProfiling: Display: Scenario name: UEDPIE_0_Map_VoxelPlugin_Scenario31; Voxel Model memory: 262144
[2025.05.08-12.58.10:454][237]LogVoxelMeshingProfiling: Display: Scenario name: UEDPIE_0_Map_VoxelPlugin_Scenario31; OpaqueVoxelCount: 21504; TransparentVoxelCount: 11264
[2025.05.08-12.58.10:455][237]LogVoxelMeshingProfiling: Display: Scenario name: UEDPIE_0_Map_VoxelPlugin_Scenario31; Voxel Model memory: 262144
[2025.05.08-12.58.10:455][237]LogVoxelMeshingProfiling: Display: Scenario name: UEDPIE_0_Map_VoxelPlugin_Scenario31; OpaqueVoxelCount: 21504; TransparentVoxelCount: 11264
[2025.05.08-12.58.10:459][237]LogVoxelMeshingProfiling: Display: Scenario name: UEDPIE_0_Map_VoxelPlugin_Scenario31; Voxel Model memory: 262144
[2025.05.08-12.58.10:459][237]LogVoxelMeshingProfiling: Display: Scenario name: UEDPIE_0_Map_VoxelPlugin_Scenario31; OpaqueVoxelCount: 21504; TransparentVoxelCount: 11264
[2025.05.08-12.58.10:459][237]LogVoxelMeshingProfiling: Display: Scenario name: UEDPIE_0_Map_VoxelPlugin_Scenario31; Voxel Model memory: 262144
[2025.05.08-12.58.10:459][237]LogVoxelMeshingProfiling: Display: Scenario name: UEDPIE_0_Map_VoxelPlugin_Scenario31; OpaqueVoxelCount: 21504; TransparentVoxelCount: 11264
[2025.05.08-12.58.10:459][237]LogVoxelMeshingProfiling: Display: Scenario name: UEDPIE_0_Map_VoxelPlugin_Scenario31; Voxel Model memory: 262144
[2025.05.08-12.58.10:459][237]LogVoxelMeshingProfiling: Display: Scenario name: UEDPIE_0_Map_VoxelPlugin_Scenario31; OpaqueVoxelCount: 21504; TransparentVoxelCount: 11264
[2025.05.08-12.58.10:515][238]LogVoxelMeshingProfiling: Display: Scenario name: Map_VoxelPlugin_Scenario31; Vertices: 10880
[2025.05.08-12.58.10:520][238]LogVoxelMeshingProfiling: Display: Scenario name: Map_VoxelPlugin_Scenario31; Vertices: 14976
[2025.05.08-12.58.10:537][238]LogVoxelMeshingProfiling: Display: Scenario name: Map_VoxelPlugin_Scenario31; Vertices: 17664
[2025.05.08-12.58.10:539][238]LogVoxelMeshingProfiling: Display: Scenario name: Map_VoxelPlugin_Scenario31; Vertices: 13568
[2025.05.08-12.58.10:556][238]LogVoxelMeshingProfiling: Display: Scenario name: Map_VoxelPlugin_Scenario31; Vertices: 17664
[2025.05.08-12.58.10:559][238]LogVoxelMeshingProfiling: Display: Scenario name: Map_VoxelPlugin_Scenario31; Vertices: 13568
[2025.05.08-12.58.10:577][238]LogVoxelMeshingProfiling: Display: Scenario name: Map_VoxelPlugin_Scenario31; Vertices: 14976
[2025.05.08-12.58.10:579][238]LogVoxelMeshingProfiling: Display: Scenario name: Map_VoxelPlugin_Scenario31; Vertices: 17664
[2025.05.08-12.58.10:605][239]LogVoxelMeshingProfiling: Display: Scenario name: Map_VoxelPlugin_Scenario31; Vertices: 17664
[2025.05.08-12.58.10:619][240]LogVoxelMeshingProfiling: Display: Scenario name: Map_VoxelPlugin_Scenario31; Vertices: 12288
[2025.05.08-12.58.10:627][240]LogVoxelMeshingProfiling: Display: Scenario name: Map_VoxelPlugin_Scenario31; Vertices: 8192
[2025.05.08-12.58.10:673][242]LogVoxelMeshingProfiling: Display: Scenario name: Map_VoxelPlugin_Scenario31; Vertices: 10880
[2025.05.08-12.58.10:673][242]LogVoxelMeshingProfiling: Display: Scenario name: Map_VoxelPlugin_Scenario31; Vertices: 14976
[2025.05.08-12.58.10:713][244]LogVoxelMeshingProfiling: Display: Scenario name: Map_VoxelPlugin_Scenario31; Vertices: 14976
[2025.05.08-12.58.10:715][244]LogVoxelMeshingProfiling: Display: Scenario name: Map_VoxelPlugin_Scenario31; Vertices: 10880
[2025.05.08-12.58.10:761][245]LogVoxelMeshingProfiling: Display: Scenario name: Map_VoxelPlugin_Scenario31; Vertices: 12288
[2025.05.08-12.58.10:786][246]LogVoxelMeshingProfiling: Display: Scenario name: Map_VoxelPlugin_Scenario31; Vertices: 14976
[2025.05.08-12.58.10:810][247]LogVoxelMeshingProfiling: Display: Scenario name: Map_VoxelPlugin_Scenario31; Vertices: 14976
[2025.05.08-12.58.10:893][251]LogVoxelMeshingProfiling: Display: Scenario name: Map_VoxelPlugin_Scenario31; Vertices: 14976
[2025.05.08-12.58.10:896][251]LogVoxelMeshingProfiling: Display: Scenario name: Map_VoxelPlugin_Scenario31; Vertices: 10880
[2025.05.08-12.58.10:921][253]LogVoxelMeshingProfiling: Display: Scenario name: Map_VoxelPlugin_Scenario31; Vertices: 17664
[2025.05.08-12.58.10:922][253]LogVoxelMeshingProfiling: Display: Scenario name: Map_VoxelPlugin_Scenario31; Vertices: 13568
[2025.05.08-12.58.10:949][254]LogVoxelMeshingProfiling: Display: Scenario name: Map_VoxelPlugin_Scenario31; Vertices: 13568
[2025.05.08-12.58.10:958][255]LogVoxelMeshingProfiling: Display: Scenario name: Map_VoxelPlugin_Scenario31; Vertices: 17664
[2025.05.08-12.58.10:986][257]LogVoxelMeshingProfiling: Display: Scenario name: Map_VoxelPlugin_Scenario31; Vertices: 17664
[2025.05.08-12.58.10:989][257]LogVoxelMeshingProfiling: Display: Scenario name: Map_VoxelPlugin_Scenario31; Vertices: 14976
[2025.05.08-12.58.11:016][258]LogVoxelMeshingProfiling: Display: Scenario name: Map_VoxelPlugin_Scenario31; Vertices: 17664
