[2025.05.08-13.03.18:019][604]LogVoxelMeshingProfiling: Display: Scenario name: UEDPIE_0_Map_Grid_Scenario32; Voxel Model memory: 262144
[2025.05.08-13.03.18:019][604]LogVoxelMeshingProfiling: Display: Scenario name: UEDPIE_0_Map_Grid_Scenario32; OpaqueVoxelCount: 21504; TransparentVoxelCount: 11264
[2025.05.08-13.03.18:032][604]LogVoxelMeshingProfiling: Display: Scenario name: UEDPIE_0_Map_Grid_Scenario32; Voxel Model memory: 262144
[2025.05.08-13.03.18:032][604]LogVoxelMeshingProfiling: Display: Scenario name: UEDPIE_0_Map_Grid_Scenario32; OpaqueVoxelCount: 21504; TransparentVoxelCount: 11264
[2025.05.08-13.03.18:032][604]LogVoxelMeshingProfiling: Display: Scenario name: UEDPIE_0_Map_Grid_Scenario32; Voxel Model memory: 262144
[2025.05.08-13.03.18:032][604]LogVoxelMeshingProfiling: Display: Scenario name: UEDPIE_0_Map_Grid_Scenario32; OpaqueVoxelCount: 21504; TransparentVoxelCount: 11264
[2025.05.08-13.03.18:033][604]LogVoxelMeshingProfiling: Display: Scenario name: UEDPIE_0_Map_Grid_Scenario32; Voxel Model memory: 262144
[2025.05.08-13.03.18:033][604]LogVoxelMeshingProfiling: Display: Scenario name: UEDPIE_0_Map_Grid_Scenario32; OpaqueVoxelCount: 21504; TransparentVoxelCount: 11264
[2025.05.08-13.03.18:033][604]LogVoxelMeshingProfiling: Display: Scenario name: UEDPIE_0_Map_Grid_Scenario32; Voxel Model memory: 262144
[2025.05.08-13.03.18:033][604]LogVoxelMeshingProfiling: Display: Scenario name: UEDPIE_0_Map_Grid_Scenario32; OpaqueVoxelCount: 21504; TransparentVoxelCount: 11264
[2025.05.08-13.03.18:035][604]LogVoxelMeshingProfiling: Display: Scenario name: UEDPIE_0_Map_Grid_Scenario32; Voxel Model memory: 262144
[2025.05.08-13.03.18:037][604]LogVoxelMeshingProfiling: Display: Scenario name: UEDPIE_0_Map_Grid_Scenario32; OpaqueVoxelCount: 21504; TransparentVoxelCount: 11264
[2025.05.08-13.03.18:037][604]LogVoxelMeshingProfiling: Display: Scenario name: UEDPIE_0_Map_Grid_Scenario32; Voxel Model memory: 262144
[2025.05.08-13.03.18:037][604]LogVoxelMeshingProfiling: Display: Scenario name: UEDPIE_0_Map_Grid_Scenario32; OpaqueVoxelCount: 21504; TransparentVoxelCount: 11264
[2025.05.08-13.03.18:046][604]LogVoxelMeshingProfiling: Display: Scenario name: UEDPIE_0_Map_Grid_Scenario32; Voxel Model memory: 262144
[2025.05.08-13.03.18:046][604]LogVoxelMeshingProfiling: Display: Scenario name: UEDPIE_0_Map_Grid_Scenario32; OpaqueVoxelCount: 21504; TransparentVoxelCount: 11264
[2025.05.08-13.03.18:047][604]LogVoxelMeshingProfiling: Display: Scenario name: UEDPIE_0_Map_Grid_Scenario32; Voxel Model memory: 262144
[2025.05.08-13.03.18:047][604]LogVoxelMeshingProfiling: Display: Scenario name: UEDPIE_0_Map_Grid_Scenario32; OpaqueVoxelCount: 21504; TransparentVoxelCount: 11264
[2025.05.08-13.03.18:047][604]LogVoxelMeshingProfiling: Display: Scenario name: UEDPIE_0_Map_Grid_Scenario32; Voxel Model memory: 262144
[2025.05.08-13.03.18:047][604]LogVoxelMeshingProfiling: Display: Scenario name: UEDPIE_0_Map_Grid_Scenario32; OpaqueVoxelCount: 21504; TransparentVoxelCount: 11264
[2025.05.08-13.03.18:047][604]LogVoxelMeshingProfiling: Display: Scenario name: UEDPIE_0_Map_Grid_Scenario32; Voxel Model memory: 262144
[2025.05.08-13.03.18:047][604]LogVoxelMeshingProfiling: Display: Scenario name: UEDPIE_0_Map_Grid_Scenario32; OpaqueVoxelCount: 21504; TransparentVoxelCount: 11264
[2025.05.08-13.03.18:051][604]LogVoxelMeshingProfiling: Display: Scenario name: UEDPIE_0_Map_Grid_Scenario32; Voxel Model memory: 262144
[2025.05.08-13.03.18:051][604]LogVoxelMeshingProfiling: Display: Scenario name: UEDPIE_0_Map_Grid_Scenario32; OpaqueVoxelCount: 21504; TransparentVoxelCount: 11264
[2025.05.08-13.03.18:051][604]LogVoxelMeshingProfiling: Display: Scenario name: UEDPIE_0_Map_Grid_Scenario32; Voxel Model memory: 262144
[2025.05.08-13.03.18:051][604]LogVoxelMeshingProfiling: Display: Scenario name: UEDPIE_0_Map_Grid_Scenario32; OpaqueVoxelCount: 21504; TransparentVoxelCount: 11264
[2025.05.08-13.03.18:052][604]LogVoxelMeshingProfiling: Display: Scenario name: UEDPIE_0_Map_Grid_Scenario32; Voxel Model memory: 262144
[2025.05.08-13.03.18:052][604]LogVoxelMeshingProfiling: Display: Scenario name: UEDPIE_0_Map_Grid_Scenario32; OpaqueVoxelCount: 21504; TransparentVoxelCount: 11264
[2025.05.08-13.03.18:063][604]LogVoxelMeshingProfiling: Display: Scenario name: UEDPIE_0_Map_Grid_Scenario32; Voxel Model memory: 262144
[2025.05.08-13.03.18:063][604]LogVoxelMeshingProfiling: Display: Scenario name: UEDPIE_0_Map_Grid_Scenario32; Voxel Model memory: 262144
[2025.05.08-13.03.18:063][604]LogVoxelMeshingProfiling: Display: Scenario name: UEDPIE_0_Map_Grid_Scenario32; OpaqueVoxelCount: 21504; TransparentVoxelCount: 11264
[2025.05.08-13.03.18:063][604]LogVoxelMeshingProfiling: Display: Scenario name: UEDPIE_0_Map_Grid_Scenario32; Voxel Model memory: 262144
[2025.05.08-13.03.18:063][604]LogVoxelMeshingProfiling: Display: Scenario name: UEDPIE_0_Map_Grid_Scenario32; OpaqueVoxelCount: 21504; TransparentVoxelCount: 11264
[2025.05.08-13.03.18:063][604]LogVoxelMeshingProfiling: Display: Scenario name: UEDPIE_0_Map_Grid_Scenario32; OpaqueVoxelCount: 21504; TransparentVoxelCount: 11264
[2025.05.08-13.03.18:065][604]LogVoxelMeshingProfiling: Display: Scenario name: UEDPIE_0_Map_Grid_Scenario32; Voxel Model memory: 262144
[2025.05.08-13.03.18:065][604]LogVoxelMeshingProfiling: Display: Scenario name: UEDPIE_0_Map_Grid_Scenario32; OpaqueVoxelCount: 21504; TransparentVoxelCount: 11264
[2025.05.08-13.03.18:068][604]LogVoxelMeshingProfiling: Display: Scenario name: UEDPIE_0_Map_Grid_Scenario32; Voxel Model memory: 262144
[2025.05.08-13.03.18:068][604]LogVoxelMeshingProfiling: Display: Scenario name: UEDPIE_0_Map_Grid_Scenario32; OpaqueVoxelCount: 21504; TransparentVoxelCount: 11264
[2025.05.08-13.03.18:068][604]LogVoxelMeshingProfiling: Display: Scenario name: UEDPIE_0_Map_Grid_Scenario32; Voxel Model memory: 262144
[2025.05.08-13.03.18:068][604]LogVoxelMeshingProfiling: Display: Scenario name: UEDPIE_0_Map_Grid_Scenario32; OpaqueVoxelCount: 21504; TransparentVoxelCount: 11264
[2025.05.08-13.03.18:068][604]LogVoxelMeshingProfiling: Display: Scenario name: UEDPIE_0_Map_Grid_Scenario32; Voxel Model memory: 262144
[2025.05.08-13.03.18:068][604]LogVoxelMeshingProfiling: Display: Scenario name: UEDPIE_0_Map_Grid_Scenario32; OpaqueVoxelCount: 21504; TransparentVoxelCount: 11264
[2025.05.08-13.03.18:075][604]LogVoxelMeshingProfiling: Display: Scenario name: UEDPIE_0_Map_Grid_Scenario32; Voxel Model memory: 262144
[2025.05.08-13.03.18:075][604]LogVoxelMeshingProfiling: Display: Scenario name: UEDPIE_0_Map_Grid_Scenario32; OpaqueVoxelCount: 21504; TransparentVoxelCount: 11264
[2025.05.08-13.03.18:077][604]LogVoxelMeshingProfiling: Display: Scenario name: UEDPIE_0_Map_Grid_Scenario32; Voxel Model memory: 262144
[2025.05.08-13.03.18:077][604]LogVoxelMeshingProfiling: Display: Scenario name: UEDPIE_0_Map_Grid_Scenario32; OpaqueVoxelCount: 21504; TransparentVoxelCount: 11264
[2025.05.08-13.03.18:078][604]LogVoxelMeshingProfiling: Display: Scenario name: UEDPIE_0_Map_Grid_Scenario32; Voxel Model memory: 262144
[2025.05.08-13.03.18:078][604]LogVoxelMeshingProfiling: Display: Scenario name: UEDPIE_0_Map_Grid_Scenario32; OpaqueVoxelCount: 21504; TransparentVoxelCount: 11264
[2025.05.08-13.03.18:078][604]LogVoxelMeshingProfiling: Display: Scenario name: UEDPIE_0_Map_Grid_Scenario32; Voxel Model memory: 262144
[2025.05.08-13.03.18:078][604]LogVoxelMeshingProfiling: Display: Scenario name: UEDPIE_0_Map_Grid_Scenario32; OpaqueVoxelCount: 21504; TransparentVoxelCount: 11264
[2025.05.08-13.03.18:080][604]LogVoxelMeshingProfiling: Display: Scenario name: UEDPIE_0_Map_Grid_Scenario32; Voxel Model memory: 262144
[2025.05.08-13.03.18:080][604]LogVoxelMeshingProfiling: Display: Scenario name: UEDPIE_0_Map_Grid_Scenario32; OpaqueVoxelCount: 21504; TransparentVoxelCount: 11264
[2025.05.08-13.03.18:080][604]LogVoxelMeshingProfiling: Display: Scenario name: UEDPIE_0_Map_Grid_Scenario32; Voxel Model memory: 262144
[2025.05.08-13.03.18:080][604]LogVoxelMeshingProfiling: Display: Scenario name: UEDPIE_0_Map_Grid_Scenario32; OpaqueVoxelCount: 21504; TransparentVoxelCount: 11264
[2025.05.08-13.03.18:084][604]LogVoxelMeshingProfiling: Display: Scenario name: UEDPIE_0_Map_Grid_Scenario32; Vertices: 8
[2025.05.08-13.03.18:087][604]LogVoxelMeshingProfiling: Display: Scenario name: UEDPIE_0_Map_Grid_Scenario32; Vertices: 16
[2025.05.08-13.03.18:090][604]LogVoxelMeshingProfiling: Display: Scenario name: UEDPIE_0_Map_Grid_Scenario32; Vertices: 16
[2025.05.08-13.03.18:095][604]LogVoxelMeshingProfiling: Display: Scenario name: UEDPIE_0_Map_Grid_Scenario32; Vertices: 16
[2025.05.08-13.03.18:100][605]LogVoxelMeshingProfiling: Display: Scenario name: UEDPIE_0_Map_Grid_Scenario32; Vertices: 16
[2025.05.08-13.03.18:104][605]LogVoxelMeshingProfiling: Display: Scenario name: UEDPIE_0_Map_Grid_Scenario32; Vertices: 12
[2025.05.08-13.03.18:108][605]LogVoxelMeshingProfiling: Display: Scenario name: UEDPIE_0_Map_Grid_Scenario32; Vertices: 12
[2025.05.08-13.03.18:111][605]LogVoxelMeshingProfiling: Display: Scenario name: UEDPIE_0_Map_Grid_Scenario32; Vertices: 24
[2025.05.08-13.03.18:115][605]LogVoxelMeshingProfiling: Display: Scenario name: UEDPIE_0_Map_Grid_Scenario32; Vertices: 24
[2025.05.08-13.03.18:119][605]LogVoxelMeshingProfiling: Display: Scenario name: UEDPIE_0_Map_Grid_Scenario32; Vertices: 20
[2025.05.08-13.03.18:122][605]LogVoxelMeshingProfiling: Display: Scenario name: UEDPIE_0_Map_Grid_Scenario32; Vertices: 20
[2025.05.08-13.03.18:125][605]LogVoxelMeshingProfiling: Display: Scenario name: UEDPIE_0_Map_Grid_Scenario32; Vertices: 24
[2025.05.08-13.03.18:128][605]LogVoxelMeshingProfiling: Display: Scenario name: UEDPIE_0_Map_Grid_Scenario32; Vertices: 20
[2025.05.08-13.03.18:132][605]LogVoxelMeshingProfiling: Display: Scenario name: UEDPIE_0_Map_Grid_Scenario32; Vertices: 20
[2025.05.08-13.03.18:136][605]LogVoxelMeshingProfiling: Display: Scenario name: UEDPIE_0_Map_Grid_Scenario32; Vertices: 24
[2025.05.08-13.03.18:139][605]LogVoxelMeshingProfiling: Display: Scenario name: UEDPIE_0_Map_Grid_Scenario32; Vertices: 20
[2025.05.08-13.03.18:142][605]LogVoxelMeshingProfiling: Display: Scenario name: UEDPIE_0_Map_Grid_Scenario32; Vertices: 20
[2025.05.08-13.03.18:145][605]LogVoxelMeshingProfiling: Display: Scenario name: UEDPIE_0_Map_Grid_Scenario32; Vertices: 20
[2025.05.08-13.03.18:148][605]LogVoxelMeshingProfiling: Display: Scenario name: UEDPIE_0_Map_Grid_Scenario32; Vertices: 20
[2025.05.08-13.03.18:153][605]LogVoxelMeshingProfiling: Display: Scenario name: UEDPIE_0_Map_Grid_Scenario32; Vertices: 28
[2025.05.08-13.03.18:158][605]LogVoxelMeshingProfiling: Display: Scenario name: UEDPIE_0_Map_Grid_Scenario32; Vertices: 28
[2025.05.08-13.03.18:161][605]LogVoxelMeshingProfiling: Display: Scenario name: UEDPIE_0_Map_Grid_Scenario32; Vertices: 28
[2025.05.08-13.03.18:165][605]LogVoxelMeshingProfiling: Display: Scenario name: UEDPIE_0_Map_Grid_Scenario32; Vertices: 28
[2025.05.08-13.03.18:169][605]LogVoxelMeshingProfiling: Display: Scenario name: UEDPIE_0_Map_Grid_Scenario32; Vertices: 28
[2025.05.08-13.03.18:172][605]LogVoxelMeshingProfiling: Display: Scenario name: UEDPIE_0_Map_Grid_Scenario32; Vertices: 28
[2025.05.08-13.03.18:174][605]LogVoxelMeshingProfiling: Display: Scenario name: UEDPIE_0_Map_Grid_Scenario32; Vertices: 28
[2025.05.08-13.03.18:179][605]LogVoxelMeshingProfiling: Display: Scenario name: UEDPIE_0_Map_Grid_Scenario32; Vertices: 28
[2025.05.08-13.03.28:889][ 35]LogVoxelMeshingProfiling: Display: Scenario name: UEDPIE_0_Map_RLE_Scenario32; Voxel Model memory: 900
[2025.05.08-13.03.28:898][ 35]LogVoxelMeshingProfiling: Display: Scenario name: UEDPIE_0_Map_RLE_Scenario32; Voxel Model memory: 900
[2025.05.08-13.03.28:900][ 35]LogVoxelMeshingProfiling: Display: Scenario name: UEDPIE_0_Map_RLE_Scenario32; Voxel Model memory: 900
[2025.05.08-13.03.28:900][ 35]LogVoxelMeshingProfiling: Display: Scenario name: UEDPIE_0_Map_RLE_Scenario32; Voxel Model memory: 900
[2025.05.08-13.03.28:900][ 35]LogVoxelMeshingProfiling: Display: Scenario name: UEDPIE_0_Map_RLE_Scenario32; Voxel Model memory: 900
[2025.05.08-13.03.28:903][ 35]LogVoxelMeshingProfiling: Display: Scenario name: UEDPIE_0_Map_RLE_Scenario32; Voxel Model memory: 900
[2025.05.08-13.03.28:903][ 35]LogVoxelMeshingProfiling: Display: Scenario name: UEDPIE_0_Map_RLE_Scenario32; Voxel Model memory: 900
[2025.05.08-13.03.28:912][ 35]LogVoxelMeshingProfiling: Display: Scenario name: UEDPIE_0_Map_RLE_Scenario32; Voxel Model memory: 900
[2025.05.08-13.03.28:912][ 35]LogVoxelMeshingProfiling: Display: Scenario name: UEDPIE_0_Map_RLE_Scenario32; Voxel Model memory: 900
[2025.05.08-13.03.28:913][ 35]LogVoxelMeshingProfiling: Display: Scenario name: UEDPIE_0_Map_RLE_Scenario32; Voxel Model memory: 900
[2025.05.08-13.03.28:913][ 35]LogVoxelMeshingProfiling: Display: Scenario name: UEDPIE_0_Map_RLE_Scenario32; Voxel Model memory: 900
[2025.05.08-13.03.28:917][ 35]LogVoxelMeshingProfiling: Display: Scenario name: UEDPIE_0_Map_RLE_Scenario32; Voxel Model memory: 900
[2025.05.08-13.03.28:917][ 35]LogVoxelMeshingProfiling: Display: Scenario name: UEDPIE_0_Map_RLE_Scenario32; Voxel Model memory: 900
[2025.05.08-13.03.28:918][ 35]LogVoxelMeshingProfiling: Display: Scenario name: UEDPIE_0_Map_RLE_Scenario32; Voxel Model memory: 900
[2025.05.08-13.03.28:924][ 35]LogVoxelMeshingProfiling: Display: Scenario name: UEDPIE_0_Map_RLE_Scenario32; Voxel Model memory: 900
[2025.05.08-13.03.28:926][ 35]LogVoxelMeshingProfiling: Display: Scenario name: UEDPIE_0_Map_RLE_Scenario32; Voxel Model memory: 900
[2025.05.08-13.03.28:928][ 35]LogVoxelMeshingProfiling: Display: Scenario name: UEDPIE_0_Map_RLE_Scenario32; Voxel Model memory: 900
[2025.05.08-13.03.28:928][ 35]LogVoxelMeshingProfiling: Display: Scenario name: UEDPIE_0_Map_RLE_Scenario32; Voxel Model memory: 900
[2025.05.08-13.03.28:931][ 35]LogVoxelMeshingProfiling: Display: Scenario name: UEDPIE_0_Map_RLE_Scenario32; Voxel Model memory: 900
[2025.05.08-13.03.28:931][ 35]LogVoxelMeshingProfiling: Display: Scenario name: UEDPIE_0_Map_RLE_Scenario32; Voxel Model memory: 900
[2025.05.08-13.03.28:933][ 35]LogVoxelMeshingProfiling: Display: Scenario name: UEDPIE_0_Map_RLE_Scenario32; Voxel Model memory: 900
[2025.05.08-13.03.28:943][ 36]LogVoxelMeshingProfiling: Display: Scenario name: UEDPIE_0_Map_RLE_Scenario32; Voxel Model memory: 900
[2025.05.08-13.03.28:943][ 36]LogVoxelMeshingProfiling: Display: Scenario name: UEDPIE_0_Map_RLE_Scenario32; Voxel Model memory: 900
[2025.05.08-13.03.28:944][ 36]LogVoxelMeshingProfiling: Display: Scenario name: UEDPIE_0_Map_RLE_Scenario32; Voxel Model memory: 900
[2025.05.08-13.03.28:945][ 36]LogVoxelMeshingProfiling: Display: Scenario name: UEDPIE_0_Map_RLE_Scenario32; Voxel Model memory: 900
[2025.05.08-13.03.28:947][ 36]LogVoxelMeshingProfiling: Display: Scenario name: UEDPIE_0_Map_RLE_Scenario32; Voxel Model memory: 900
[2025.05.08-13.03.28:947][ 36]LogVoxelMeshingProfiling: Display: Scenario name: UEDPIE_0_Map_RLE_Scenario32; Voxel Model memory: 900
[2025.05.08-13.03.28:951][ 36]LogVoxelMeshingProfiling: Display: Scenario name: UEDPIE_0_Map_RLE_Scenario32; Vertices: 13696
[2025.05.08-13.03.28:953][ 36]LogVoxelMeshingProfiling: Display: Scenario name: UEDPIE_0_Map_RLE_Scenario32; Vertices: 13696
[2025.05.08-13.03.28:957][ 36]LogVoxelMeshingProfiling: Display: Scenario name: UEDPIE_0_Map_RLE_Scenario32; Vertices: 13696
[2025.05.08-13.03.28:959][ 36]LogVoxelMeshingProfiling: Display: Scenario name: UEDPIE_0_Map_RLE_Scenario32; Vertices: 13696
[2025.05.08-13.03.28:962][ 36]LogVoxelMeshingProfiling: Display: Scenario name: UEDPIE_0_Map_RLE_Scenario32; Vertices: 13696
[2025.05.08-13.03.28:965][ 36]LogVoxelMeshingProfiling: Display: Scenario name: UEDPIE_0_Map_RLE_Scenario32; Vertices: 13696
[2025.05.08-13.03.28:968][ 36]LogVoxelMeshingProfiling: Display: Scenario name: UEDPIE_0_Map_RLE_Scenario32; Vertices: 13696
[2025.05.08-13.03.28:969][ 36]LogVoxelMeshingProfiling: Display: Scenario name: UEDPIE_0_Map_RLE_Scenario32; Vertices: 13696
[2025.05.08-13.03.28:971][ 36]LogVoxelMeshingProfiling: Display: Scenario name: UEDPIE_0_Map_RLE_Scenario32; Vertices: 13696
[2025.05.08-13.03.28:975][ 36]LogVoxelMeshingProfiling: Display: Scenario name: UEDPIE_0_Map_RLE_Scenario32; Vertices: 13696
[2025.05.08-13.03.28:978][ 36]LogVoxelMeshingProfiling: Display: Scenario name: UEDPIE_0_Map_RLE_Scenario32; Vertices: 13696
[2025.05.08-13.03.28:981][ 36]LogVoxelMeshingProfiling: Display: Scenario name: UEDPIE_0_Map_RLE_Scenario32; Vertices: 13696
[2025.05.08-13.03.28:983][ 36]LogVoxelMeshingProfiling: Display: Scenario name: UEDPIE_0_Map_RLE_Scenario32; Vertices: 13696
[2025.05.08-13.03.28:986][ 36]LogVoxelMeshingProfiling: Display: Scenario name: UEDPIE_0_Map_RLE_Scenario32; Vertices: 13696
[2025.05.08-13.03.28:988][ 36]LogVoxelMeshingProfiling: Display: Scenario name: UEDPIE_0_Map_RLE_Scenario32; Vertices: 13696
[2025.05.08-13.03.28:990][ 36]LogVoxelMeshingProfiling: Display: Scenario name: UEDPIE_0_Map_RLE_Scenario32; Vertices: 13696
[2025.05.08-13.03.28:994][ 36]LogVoxelMeshingProfiling: Display: Scenario name: UEDPIE_0_Map_RLE_Scenario32; Vertices: 13696
[2025.05.08-13.03.28:996][ 36]LogVoxelMeshingProfiling: Display: Scenario name: UEDPIE_0_Map_RLE_Scenario32; Vertices: 13696
[2025.05.08-13.03.28:999][ 36]LogVoxelMeshingProfiling: Display: Scenario name: UEDPIE_0_Map_RLE_Scenario32; Vertices: 13696
[2025.05.08-13.03.29:002][ 36]LogVoxelMeshingProfiling: Display: Scenario name: UEDPIE_0_Map_RLE_Scenario32; Vertices: 13696
[2025.05.08-13.03.29:005][ 36]LogVoxelMeshingProfiling: Display: Scenario name: UEDPIE_0_Map_RLE_Scenario32; Vertices: 13696
[2025.05.08-13.03.29:008][ 36]LogVoxelMeshingProfiling: Display: Scenario name: UEDPIE_0_Map_RLE_Scenario32; Vertices: 13696
[2025.05.08-13.03.29:010][ 36]LogVoxelMeshingProfiling: Display: Scenario name: UEDPIE_0_Map_RLE_Scenario32; Vertices: 13696
[2025.05.08-13.03.29:013][ 36]LogVoxelMeshingProfiling: Display: Scenario name: UEDPIE_0_Map_RLE_Scenario32; Vertices: 13696
[2025.05.08-13.03.29:015][ 36]LogVoxelMeshingProfiling: Display: Scenario name: UEDPIE_0_Map_RLE_Scenario32; Vertices: 13696
[2025.05.08-13.03.29:017][ 36]LogVoxelMeshingProfiling: Display: Scenario name: UEDPIE_0_Map_RLE_Scenario32; Vertices: 13696
[2025.05.08-13.03.29:020][ 36]LogVoxelMeshingProfiling: Display: Scenario name: UEDPIE_0_Map_RLE_Scenario32; Vertices: 13696
[2025.05.08-13.03.36:555][559]LogVoxelMeshingProfiling: Display: Scenario name: UEDPIE_0_Map_VoxelPlugin_Scenario32; Voxel Model memory: 262144
[2025.05.08-13.03.36:555][559]LogVoxelMeshingProfiling: Display: Scenario name: UEDPIE_0_Map_VoxelPlugin_Scenario32; OpaqueVoxelCount: 21504; TransparentVoxelCount: 11264
[2025.05.08-13.03.36:590][559]LogVoxelMeshingProfiling: Display: Scenario name: UEDPIE_0_Map_VoxelPlugin_Scenario32; Voxel Model memory: 262144
[2025.05.08-13.03.36:590][559]LogVoxelMeshingProfiling: Display: Scenario name: UEDPIE_0_Map_VoxelPlugin_Scenario32; OpaqueVoxelCount: 21504; TransparentVoxelCount: 11264
[2025.05.08-13.03.36:590][559]LogVoxelMeshingProfiling: Display: Scenario name: UEDPIE_0_Map_VoxelPlugin_Scenario32; Voxel Model memory: 262144
[2025.05.08-13.03.36:591][559]LogVoxelMeshingProfiling: Display: Scenario name: UEDPIE_0_Map_VoxelPlugin_Scenario32; OpaqueVoxelCount: 21504; TransparentVoxelCount: 11264
[2025.05.08-13.03.36:591][559]LogVoxelMeshingProfiling: Display: Scenario name: UEDPIE_0_Map_VoxelPlugin_Scenario32; Voxel Model memory: 262144
[2025.05.08-13.03.36:591][559]LogVoxelMeshingProfiling: Display: Scenario name: UEDPIE_0_Map_VoxelPlugin_Scenario32; OpaqueVoxelCount: 21504; TransparentVoxelCount: 11264
[2025.05.08-13.03.36:591][559]LogVoxelMeshingProfiling: Display: Scenario name: UEDPIE_0_Map_VoxelPlugin_Scenario32; Voxel Model memory: 262144
[2025.05.08-13.03.36:591][559]LogVoxelMeshingProfiling: Display: Scenario name: UEDPIE_0_Map_VoxelPlugin_Scenario32; OpaqueVoxelCount: 21504; TransparentVoxelCount: 11264
[2025.05.08-13.03.36:595][559]LogVoxelMeshingProfiling: Display: Scenario name: UEDPIE_0_Map_VoxelPlugin_Scenario32; Voxel Model memory: 262144
[2025.05.08-13.03.36:596][559]LogVoxelMeshingProfiling: Display: Scenario name: UEDPIE_0_Map_VoxelPlugin_Scenario32; OpaqueVoxelCount: 21504; TransparentVoxelCount: 11264
[2025.05.08-13.03.36:596][559]LogVoxelMeshingProfiling: Display: Scenario name: UEDPIE_0_Map_VoxelPlugin_Scenario32; Voxel Model memory: 262144
[2025.05.08-13.03.36:596][559]LogVoxelMeshingProfiling: Display: Scenario name: UEDPIE_0_Map_VoxelPlugin_Scenario32; OpaqueVoxelCount: 21504; TransparentVoxelCount: 11264
[2025.05.08-13.03.36:609][559]LogVoxelMeshingProfiling: Display: Scenario name: UEDPIE_0_Map_VoxelPlugin_Scenario32; Voxel Model memory: 262144
[2025.05.08-13.03.36:609][559]LogVoxelMeshingProfiling: Display: Scenario name: UEDPIE_0_Map_VoxelPlugin_Scenario32; OpaqueVoxelCount: 21504; TransparentVoxelCount: 11264
[2025.05.08-13.03.36:609][559]LogVoxelMeshingProfiling: Display: Scenario name: UEDPIE_0_Map_VoxelPlugin_Scenario32; Voxel Model memory: 262144
[2025.05.08-13.03.36:609][559]LogVoxelMeshingProfiling: Display: Scenario name: UEDPIE_0_Map_VoxelPlugin_Scenario32; OpaqueVoxelCount: 21504; TransparentVoxelCount: 11264
[2025.05.08-13.03.36:612][559]LogVoxelMeshingProfiling: Display: Scenario name: UEDPIE_0_Map_VoxelPlugin_Scenario32; Voxel Model memory: 262144
[2025.05.08-13.03.36:612][559]LogVoxelMeshingProfiling: Display: Scenario name: UEDPIE_0_Map_VoxelPlugin_Scenario32; OpaqueVoxelCount: 21504; TransparentVoxelCount: 11264
[2025.05.08-13.03.36:612][559]LogVoxelMeshingProfiling: Display: Scenario name: UEDPIE_0_Map_VoxelPlugin_Scenario32; Voxel Model memory: 262144
[2025.05.08-13.03.36:612][559]LogVoxelMeshingProfiling: Display: Scenario name: UEDPIE_0_Map_VoxelPlugin_Scenario32; OpaqueVoxelCount: 21504; TransparentVoxelCount: 11264
[2025.05.08-13.03.36:615][559]LogVoxelMeshingProfiling: Display: Scenario name: UEDPIE_0_Map_VoxelPlugin_Scenario32; Voxel Model memory: 262144
[2025.05.08-13.03.36:615][559]LogVoxelMeshingProfiling: Display: Scenario name: UEDPIE_0_Map_VoxelPlugin_Scenario32; OpaqueVoxelCount: 21504; TransparentVoxelCount: 11264
[2025.05.08-13.03.36:616][559]LogVoxelMeshingProfiling: Display: Scenario name: UEDPIE_0_Map_VoxelPlugin_Scenario32; Voxel Model memory: 262144
[2025.05.08-13.03.36:616][559]LogVoxelMeshingProfiling: Display: Scenario name: UEDPIE_0_Map_VoxelPlugin_Scenario32; OpaqueVoxelCount: 21504; TransparentVoxelCount: 11264
[2025.05.08-13.03.36:616][559]LogVoxelMeshingProfiling: Display: Scenario name: UEDPIE_0_Map_VoxelPlugin_Scenario32; Voxel Model memory: 262144
[2025.05.08-13.03.36:616][559]LogVoxelMeshingProfiling: Display: Scenario name: UEDPIE_0_Map_VoxelPlugin_Scenario32; OpaqueVoxelCount: 21504; TransparentVoxelCount: 11264
[2025.05.08-13.03.36:628][559]LogVoxelMeshingProfiling: Display: Scenario name: UEDPIE_0_Map_VoxelPlugin_Scenario32; Voxel Model memory: 262144
[2025.05.08-13.03.36:628][559]LogVoxelMeshingProfiling: Display: Scenario name: UEDPIE_0_Map_VoxelPlugin_Scenario32; OpaqueVoxelCount: 21504; TransparentVoxelCount: 11264
[2025.05.08-13.03.36:628][559]LogVoxelMeshingProfiling: Display: Scenario name: UEDPIE_0_Map_VoxelPlugin_Scenario32; Voxel Model memory: 262144
[2025.05.08-13.03.36:628][559]LogVoxelMeshingProfiling: Display: Scenario name: UEDPIE_0_Map_VoxelPlugin_Scenario32; OpaqueVoxelCount: 21504; TransparentVoxelCount: 11264
[2025.05.08-13.03.36:629][559]LogVoxelMeshingProfiling: Display: Scenario name: UEDPIE_0_Map_VoxelPlugin_Scenario32; Voxel Model memory: 262144
[2025.05.08-13.03.36:629][559]LogVoxelMeshingProfiling: Display: Scenario name: UEDPIE_0_Map_VoxelPlugin_Scenario32; OpaqueVoxelCount: 21504; TransparentVoxelCount: 11264
[2025.05.08-13.03.36:629][559]LogVoxelMeshingProfiling: Display: Scenario name: UEDPIE_0_Map_VoxelPlugin_Scenario32; Voxel Model memory: 262144
[2025.05.08-13.03.36:629][559]LogVoxelMeshingProfiling: Display: Scenario name: UEDPIE_0_Map_VoxelPlugin_Scenario32; OpaqueVoxelCount: 21504; TransparentVoxelCount: 11264
[2025.05.08-13.03.36:631][559]LogVoxelMeshingProfiling: Display: Scenario name: UEDPIE_0_Map_VoxelPlugin_Scenario32; Voxel Model memory: 262144
[2025.05.08-13.03.36:631][559]LogVoxelMeshingProfiling: Display: Scenario name: UEDPIE_0_Map_VoxelPlugin_Scenario32; OpaqueVoxelCount: 21504; TransparentVoxelCount: 11264
[2025.05.08-13.03.36:633][559]LogVoxelMeshingProfiling: Display: Scenario name: UEDPIE_0_Map_VoxelPlugin_Scenario32; Voxel Model memory: 262144
[2025.05.08-13.03.36:633][559]LogVoxelMeshingProfiling: Display: Scenario name: UEDPIE_0_Map_VoxelPlugin_Scenario32; OpaqueVoxelCount: 21504; TransparentVoxelCount: 11264
[2025.05.08-13.03.36:634][559]LogVoxelMeshingProfiling: Display: Scenario name: UEDPIE_0_Map_VoxelPlugin_Scenario32; Voxel Model memory: 262144
[2025.05.08-13.03.36:634][559]LogVoxelMeshingProfiling: Display: Scenario name: UEDPIE_0_Map_VoxelPlugin_Scenario32; OpaqueVoxelCount: 21504; TransparentVoxelCount: 11264
[2025.05.08-13.03.36:645][559]LogVoxelMeshingProfiling: Display: Scenario name: UEDPIE_0_Map_VoxelPlugin_Scenario32; Voxel Model memory: 262144
[2025.05.08-13.03.36:645][559]LogVoxelMeshingProfiling: Display: Scenario name: UEDPIE_0_Map_VoxelPlugin_Scenario32; OpaqueVoxelCount: 21504; TransparentVoxelCount: 11264
[2025.05.08-13.03.36:645][559]LogVoxelMeshingProfiling: Display: Scenario name: UEDPIE_0_Map_VoxelPlugin_Scenario32; Voxel Model memory: 262144
[2025.05.08-13.03.36:645][559]LogVoxelMeshingProfiling: Display: Scenario name: UEDPIE_0_Map_VoxelPlugin_Scenario32; OpaqueVoxelCount: 21504; TransparentVoxelCount: 11264
[2025.05.08-13.03.36:646][559]LogVoxelMeshingProfiling: Display: Scenario name: UEDPIE_0_Map_VoxelPlugin_Scenario32; Voxel Model memory: 262144
[2025.05.08-13.03.36:646][559]LogVoxelMeshingProfiling: Display: Scenario name: UEDPIE_0_Map_VoxelPlugin_Scenario32; OpaqueVoxelCount: 21504; TransparentVoxelCount: 11264
[2025.05.08-13.03.36:646][559]LogVoxelMeshingProfiling: Display: Scenario name: UEDPIE_0_Map_VoxelPlugin_Scenario32; Voxel Model memory: 262144
[2025.05.08-13.03.36:646][559]LogVoxelMeshingProfiling: Display: Scenario name: UEDPIE_0_Map_VoxelPlugin_Scenario32; OpaqueVoxelCount: 21504; TransparentVoxelCount: 11264
[2025.05.08-13.03.36:648][559]LogVoxelMeshingProfiling: Display: Scenario name: UEDPIE_0_Map_VoxelPlugin_Scenario32; Voxel Model memory: 262144
[2025.05.08-13.03.36:648][559]LogVoxelMeshingProfiling: Display: Scenario name: UEDPIE_0_Map_VoxelPlugin_Scenario32; OpaqueVoxelCount: 21504; TransparentVoxelCount: 11264
[2025.05.08-13.03.36:648][559]LogVoxelMeshingProfiling: Display: Scenario name: UEDPIE_0_Map_VoxelPlugin_Scenario32; Voxel Model memory: 262144
[2025.05.08-13.03.36:648][559]LogVoxelMeshingProfiling: Display: Scenario name: UEDPIE_0_Map_VoxelPlugin_Scenario32; OpaqueVoxelCount: 21504; TransparentVoxelCount: 11264
[2025.05.08-13.03.36:712][560]LogVoxelMeshingProfiling: Display: Scenario name: Map_VoxelPlugin_Scenario32; Vertices: 10880
[2025.05.08-13.03.36:715][560]LogVoxelMeshingProfiling: Display: Scenario name: Map_VoxelPlugin_Scenario32; Vertices: 14976
[2025.05.08-13.03.36:731][560]LogVoxelMeshingProfiling: Display: Scenario name: Map_VoxelPlugin_Scenario32; Vertices: 13568
[2025.05.08-13.03.36:737][560]LogVoxelMeshingProfiling: Display: Scenario name: Map_VoxelPlugin_Scenario32; Vertices: 17664
[2025.05.08-13.03.36:757][560]LogVoxelMeshingProfiling: Display: Scenario name: Map_VoxelPlugin_Scenario32; Vertices: 13568
[2025.05.08-13.03.36:759][560]LogVoxelMeshingProfiling: Display: Scenario name: Map_VoxelPlugin_Scenario32; Vertices: 17664
[2025.05.08-13.03.36:777][561]LogVoxelMeshingProfiling: Display: Scenario name: Map_VoxelPlugin_Scenario32; Vertices: 14976
[2025.05.08-13.03.36:787][561]LogVoxelMeshingProfiling: Display: Scenario name: Map_VoxelPlugin_Scenario32; Vertices: 17664
[2025.05.08-13.03.36:812][562]LogVoxelMeshingProfiling: Display: Scenario name: Map_VoxelPlugin_Scenario32; Vertices: 17664
[2025.05.08-13.03.36:817][562]LogVoxelMeshingProfiling: Display: Scenario name: Map_VoxelPlugin_Scenario32; Vertices: 12288
[2025.05.08-13.03.36:856][563]LogVoxelMeshingProfiling: Display: Scenario name: Map_VoxelPlugin_Scenario32; Vertices: 8192
[2025.05.08-13.03.36:877][565]LogVoxelMeshingProfiling: Display: Scenario name: Map_VoxelPlugin_Scenario32; Vertices: 10880
[2025.05.08-13.03.36:885][565]LogVoxelMeshingProfiling: Display: Scenario name: Map_VoxelPlugin_Scenario32; Vertices: 14976
[2025.05.08-13.03.36:943][567]LogVoxelMeshingProfiling: Display: Scenario name: Map_VoxelPlugin_Scenario32; Vertices: 10880
[2025.05.08-13.03.36:946][567]LogVoxelMeshingProfiling: Display: Scenario name: Map_VoxelPlugin_Scenario32; Vertices: 14976
[2025.05.08-13.03.36:978][568]LogVoxelMeshingProfiling: Display: Scenario name: Map_VoxelPlugin_Scenario32; Vertices: 12288
[2025.05.08-13.03.37:002][570]LogVoxelMeshingProfiling: Display: Scenario name: Map_VoxelPlugin_Scenario32; Vertices: 14976
[2025.05.08-13.03.37:005][570]LogVoxelMeshingProfiling: Display: Scenario name: Map_VoxelPlugin_Scenario32; Vertices: 14976
[2025.05.08-13.03.37:095][575]LogVoxelMeshingProfiling: Display: Scenario name: Map_VoxelPlugin_Scenario32; Vertices: 14976
[2025.05.08-13.03.37:095][575]LogVoxelMeshingProfiling: Display: Scenario name: Map_VoxelPlugin_Scenario32; Vertices: 10880
[2025.05.08-13.03.37:129][576]LogVoxelMeshingProfiling: Display: Scenario name: Map_VoxelPlugin_Scenario32; Vertices: 17664
[2025.05.08-13.03.37:130][576]LogVoxelMeshingProfiling: Display: Scenario name: Map_VoxelPlugin_Scenario32; Vertices: 13568
[2025.05.08-13.03.37:167][578]LogVoxelMeshingProfiling: Display: Scenario name: Map_VoxelPlugin_Scenario32; Vertices: 13568
[2025.05.08-13.03.37:171][579]LogVoxelMeshingProfiling: Display: Scenario name: Map_VoxelPlugin_Scenario32; Vertices: 17664
[2025.05.08-13.03.37:202][581]LogVoxelMeshingProfiling: Display: Scenario name: Map_VoxelPlugin_Scenario32; Vertices: 14976
[2025.05.08-13.03.37:204][581]LogVoxelMeshingProfiling: Display: Scenario name: Map_VoxelPlugin_Scenario32; Vertices: 17664
[2025.05.08-13.03.37:232][582]LogVoxelMeshingProfiling: Display: Scenario name: Map_VoxelPlugin_Scenario32; Vertices: 17664
