[2025.05.08-13.08.08:008][796]LogVoxelMeshingProfiling: Display: Scenario name: UEDPIE_0_Map_Grid_Scenario33; Voxel Model memory: 262144
[2025.05.08-13.08.08:008][796]LogVoxelMeshingProfiling: Display: Scenario name: UEDPIE_0_Map_Grid_Scenario33; OpaqueVoxelCount: 16384; TransparentVoxelCount: 16384
[2025.05.08-13.08.08:016][796]LogVoxelMeshingProfiling: Display: Scenario name: UEDPIE_0_Map_Grid_Scenario33; Voxel Model memory: 262144
[2025.05.08-13.08.08:016][796]LogVoxelMeshingProfiling: Display: Scenario name: UEDPIE_0_Map_Grid_Scenario33; OpaqueVoxelCount: 16384; TransparentVoxelCount: 16384
[2025.05.08-13.08.08:016][796]LogVoxelMeshingProfiling: Display: Scenario name: UEDPIE_0_Map_Grid_Scenario33; Voxel Model memory: 262144
[2025.05.08-13.08.08:017][796]LogVoxelMeshingProfiling: Display: Scenario name: UEDPIE_0_Map_Grid_Scenario33; OpaqueVoxelCount: 16384; TransparentVoxelCount: 16384
[2025.05.08-13.08.08:017][796]LogVoxelMeshingProfiling: Display: Scenario name: UEDPIE_0_Map_Grid_Scenario33; Voxel Model memory: 262144
[2025.05.08-13.08.08:017][796]LogVoxelMeshingProfiling: Display: Scenario name: UEDPIE_0_Map_Grid_Scenario33; OpaqueVoxelCount: 16384; TransparentVoxelCount: 16384
[2025.05.08-13.08.08:017][796]LogVoxelMeshingProfiling: Display: Scenario name: UEDPIE_0_Map_Grid_Scenario33; Voxel Model memory: 262144
[2025.05.08-13.08.08:017][796]LogVoxelMeshingProfiling: Display: Scenario name: UEDPIE_0_Map_Grid_Scenario33; OpaqueVoxelCount: 16384; TransparentVoxelCount: 16384
[2025.05.08-13.08.08:018][796]LogVoxelMeshingProfiling: Display: Scenario name: UEDPIE_0_Map_Grid_Scenario33; Voxel Model memory: 262144
[2025.05.08-13.08.08:018][796]LogVoxelMeshingProfiling: Display: Scenario name: UEDPIE_0_Map_Grid_Scenario33; OpaqueVoxelCount: 16384; TransparentVoxelCount: 16384
[2025.05.08-13.08.08:018][796]LogVoxelMeshingProfiling: Display: Scenario name: UEDPIE_0_Map_Grid_Scenario33; Voxel Model memory: 262144
[2025.05.08-13.08.08:018][796]LogVoxelMeshingProfiling: Display: Scenario name: UEDPIE_0_Map_Grid_Scenario33; OpaqueVoxelCount: 16384; TransparentVoxelCount: 16384
[2025.05.08-13.08.08:025][796]LogVoxelMeshingProfiling: Display: Scenario name: UEDPIE_0_Map_Grid_Scenario33; Voxel Model memory: 262144
[2025.05.08-13.08.08:025][796]LogVoxelMeshingProfiling: Display: Scenario name: UEDPIE_0_Map_Grid_Scenario33; OpaqueVoxelCount: 16384; TransparentVoxelCount: 16384
[2025.05.08-13.08.08:025][796]LogVoxelMeshingProfiling: Display: Scenario name: UEDPIE_0_Map_Grid_Scenario33; Voxel Model memory: 262144
[2025.05.08-13.08.08:025][796]LogVoxelMeshingProfiling: Display: Scenario name: UEDPIE_0_Map_Grid_Scenario33; OpaqueVoxelCount: 16384; TransparentVoxelCount: 16384
[2025.05.08-13.08.08:025][796]LogVoxelMeshingProfiling: Display: Scenario name: UEDPIE_0_Map_Grid_Scenario33; Voxel Model memory: 262144
[2025.05.08-13.08.08:025][796]LogVoxelMeshingProfiling: Display: Scenario name: UEDPIE_0_Map_Grid_Scenario33; OpaqueVoxelCount: 16384; TransparentVoxelCount: 16384
[2025.05.08-13.08.08:027][796]LogVoxelMeshingProfiling: Display: Scenario name: UEDPIE_0_Map_Grid_Scenario33; Voxel Model memory: 262144
[2025.05.08-13.08.08:027][796]LogVoxelMeshingProfiling: Display: Scenario name: UEDPIE_0_Map_Grid_Scenario33; OpaqueVoxelCount: 16384; TransparentVoxelCount: 16384
[2025.05.08-13.08.08:031][796]LogVoxelMeshingProfiling: Display: Scenario name: UEDPIE_0_Map_Grid_Scenario33; Voxel Model memory: 262144
[2025.05.08-13.08.08:031][796]LogVoxelMeshingProfiling: Display: Scenario name: UEDPIE_0_Map_Grid_Scenario33; OpaqueVoxelCount: 16384; TransparentVoxelCount: 16384
[2025.05.08-13.08.08:031][796]LogVoxelMeshingProfiling: Display: Scenario name: UEDPIE_0_Map_Grid_Scenario33; Voxel Model memory: 262144
[2025.05.08-13.08.08:031][796]LogVoxelMeshingProfiling: Display: Scenario name: UEDPIE_0_Map_Grid_Scenario33; OpaqueVoxelCount: 16384; TransparentVoxelCount: 16384
[2025.05.08-13.08.08:031][796]LogVoxelMeshingProfiling: Display: Scenario name: UEDPIE_0_Map_Grid_Scenario33; Voxel Model memory: 262144
[2025.05.08-13.08.08:031][796]LogVoxelMeshingProfiling: Display: Scenario name: UEDPIE_0_Map_Grid_Scenario33; OpaqueVoxelCount: 16384; TransparentVoxelCount: 16384
[2025.05.08-13.08.08:038][796]LogVoxelMeshingProfiling: Display: Scenario name: UEDPIE_0_Map_Grid_Scenario33; Voxel Model memory: 262144
[2025.05.08-13.08.08:038][796]LogVoxelMeshingProfiling: Display: Scenario name: UEDPIE_0_Map_Grid_Scenario33; OpaqueVoxelCount: 16384; TransparentVoxelCount: 16384
[2025.05.08-13.08.08:040][796]LogVoxelMeshingProfiling: Display: Scenario name: UEDPIE_0_Map_Grid_Scenario33; Voxel Model memory: 262144
[2025.05.08-13.08.08:040][796]LogVoxelMeshingProfiling: Display: Scenario name: UEDPIE_0_Map_Grid_Scenario33; OpaqueVoxelCount: 16384; TransparentVoxelCount: 16384
[2025.05.08-13.08.08:041][796]LogVoxelMeshingProfiling: Display: Scenario name: UEDPIE_0_Map_Grid_Scenario33; Voxel Model memory: 262144
[2025.05.08-13.08.08:041][796]LogVoxelMeshingProfiling: Display: Scenario name: UEDPIE_0_Map_Grid_Scenario33; OpaqueVoxelCount: 16384; TransparentVoxelCount: 16384
[2025.05.08-13.08.08:043][796]LogVoxelMeshingProfiling: Display: Scenario name: UEDPIE_0_Map_Grid_Scenario33; Voxel Model memory: 262144
[2025.05.08-13.08.08:043][796]LogVoxelMeshingProfiling: Display: Scenario name: UEDPIE_0_Map_Grid_Scenario33; OpaqueVoxelCount: 16384; TransparentVoxelCount: 16384
[2025.05.08-13.08.08:045][796]LogVoxelMeshingProfiling: Display: Scenario name: UEDPIE_0_Map_Grid_Scenario33; Voxel Model memory: 262144
[2025.05.08-13.08.08:045][796]LogVoxelMeshingProfiling: Display: Scenario name: UEDPIE_0_Map_Grid_Scenario33; OpaqueVoxelCount: 16384; TransparentVoxelCount: 16384
[2025.05.08-13.08.08:045][796]LogVoxelMeshingProfiling: Display: Scenario name: UEDPIE_0_Map_Grid_Scenario33; Voxel Model memory: 262144
[2025.05.08-13.08.08:045][796]LogVoxelMeshingProfiling: Display: Scenario name: UEDPIE_0_Map_Grid_Scenario33; OpaqueVoxelCount: 16384; TransparentVoxelCount: 16384
[2025.05.08-13.08.08:045][796]LogVoxelMeshingProfiling: Display: Scenario name: UEDPIE_0_Map_Grid_Scenario33; Voxel Model memory: 262144
[2025.05.08-13.08.08:045][796]LogVoxelMeshingProfiling: Display: Scenario name: UEDPIE_0_Map_Grid_Scenario33; OpaqueVoxelCount: 16384; TransparentVoxelCount: 16384
[2025.05.08-13.08.08:050][796]LogVoxelMeshingProfiling: Display: Scenario name: UEDPIE_0_Map_Grid_Scenario33; Voxel Model memory: 262144
[2025.05.08-13.08.08:050][796]LogVoxelMeshingProfiling: Display: Scenario name: UEDPIE_0_Map_Grid_Scenario33; OpaqueVoxelCount: 16384; TransparentVoxelCount: 16384
[2025.05.08-13.08.08:051][796]LogVoxelMeshingProfiling: Display: Scenario name: UEDPIE_0_Map_Grid_Scenario33; Voxel Model memory: 262144
[2025.05.08-13.08.08:052][796]LogVoxelMeshingProfiling: Display: Scenario name: UEDPIE_0_Map_Grid_Scenario33; OpaqueVoxelCount: 16384; TransparentVoxelCount: 16384
[2025.05.08-13.08.08:054][796]LogVoxelMeshingProfiling: Display: Scenario name: UEDPIE_0_Map_Grid_Scenario33; Voxel Model memory: 262144
[2025.05.08-13.08.08:054][796]LogVoxelMeshingProfiling: Display: Scenario name: UEDPIE_0_Map_Grid_Scenario33; OpaqueVoxelCount: 16384; TransparentVoxelCount: 16384
[2025.05.08-13.08.08:054][796]LogVoxelMeshingProfiling: Display: Scenario name: UEDPIE_0_Map_Grid_Scenario33; Voxel Model memory: 262144
[2025.05.08-13.08.08:054][796]LogVoxelMeshingProfiling: Display: Scenario name: UEDPIE_0_Map_Grid_Scenario33; OpaqueVoxelCount: 16384; TransparentVoxelCount: 16384
[2025.05.08-13.08.08:054][796]LogVoxelMeshingProfiling: Display: Scenario name: UEDPIE_0_Map_Grid_Scenario33; Voxel Model memory: 262144
[2025.05.08-13.08.08:054][796]LogVoxelMeshingProfiling: Display: Scenario name: UEDPIE_0_Map_Grid_Scenario33; OpaqueVoxelCount: 16384; TransparentVoxelCount: 16384
[2025.05.08-13.08.08:055][796]LogVoxelMeshingProfiling: Display: Scenario name: UEDPIE_0_Map_Grid_Scenario33; Voxel Model memory: 262144
[2025.05.08-13.08.08:055][796]LogVoxelMeshingProfiling: Display: Scenario name: UEDPIE_0_Map_Grid_Scenario33; OpaqueVoxelCount: 16384; TransparentVoxelCount: 16384
[2025.05.08-13.08.08:060][796]LogVoxelMeshingProfiling: Display: Scenario name: UEDPIE_0_Map_Grid_Scenario33; Vertices: 128
[2025.05.08-13.08.08:067][796]LogVoxelMeshingProfiling: Display: Scenario name: UEDPIE_0_Map_Grid_Scenario33; Vertices: 128
[2025.05.08-13.08.08:070][796]LogVoxelMeshingProfiling: Display: Scenario name: UEDPIE_0_Map_Grid_Scenario33; Vertices: 192
[2025.05.08-13.08.08:074][796]LogVoxelMeshingProfiling: Display: Scenario name: UEDPIE_0_Map_Grid_Scenario33; Vertices: 192
[2025.05.08-13.08.08:077][796]LogVoxelMeshingProfiling: Display: Scenario name: UEDPIE_0_Map_Grid_Scenario33; Vertices: 128
[2025.05.08-13.08.08:081][796]LogVoxelMeshingProfiling: Display: Scenario name: UEDPIE_0_Map_Grid_Scenario33; Vertices: 192
[2025.05.08-13.08.08:084][796]LogVoxelMeshingProfiling: Display: Scenario name: UEDPIE_0_Map_Grid_Scenario33; Vertices: 192
[2025.05.08-13.08.08:088][796]LogVoxelMeshingProfiling: Display: Scenario name: UEDPIE_0_Map_Grid_Scenario33; Vertices: 192
[2025.05.08-13.08.08:093][797]LogVoxelMeshingProfiling: Display: Scenario name: UEDPIE_0_Map_Grid_Scenario33; Vertices: 192
[2025.05.08-13.08.08:097][797]LogVoxelMeshingProfiling: Display: Scenario name: UEDPIE_0_Map_Grid_Scenario33; Vertices: 192
[2025.05.08-13.08.08:100][797]LogVoxelMeshingProfiling: Display: Scenario name: UEDPIE_0_Map_Grid_Scenario33; Vertices: 192
[2025.05.08-13.08.08:105][797]LogVoxelMeshingProfiling: Display: Scenario name: UEDPIE_0_Map_Grid_Scenario33; Vertices: 192
[2025.05.08-13.08.08:108][797]LogVoxelMeshingProfiling: Display: Scenario name: UEDPIE_0_Map_Grid_Scenario33; Vertices: 256
[2025.05.08-13.08.08:113][797]LogVoxelMeshingProfiling: Display: Scenario name: UEDPIE_0_Map_Grid_Scenario33; Vertices: 256
[2025.05.08-13.08.08:117][797]LogVoxelMeshingProfiling: Display: Scenario name: UEDPIE_0_Map_Grid_Scenario33; Vertices: 192
[2025.05.08-13.08.08:120][797]LogVoxelMeshingProfiling: Display: Scenario name: UEDPIE_0_Map_Grid_Scenario33; Vertices: 256
[2025.05.08-13.08.08:123][797]LogVoxelMeshingProfiling: Display: Scenario name: UEDPIE_0_Map_Grid_Scenario33; Vertices: 256
[2025.05.08-13.08.08:128][797]LogVoxelMeshingProfiling: Display: Scenario name: UEDPIE_0_Map_Grid_Scenario33; Vertices: 192
[2025.05.08-13.08.08:131][797]LogVoxelMeshingProfiling: Display: Scenario name: UEDPIE_0_Map_Grid_Scenario33; Vertices: 192
[2025.05.08-13.08.08:134][797]LogVoxelMeshingProfiling: Display: Scenario name: UEDPIE_0_Map_Grid_Scenario33; Vertices: 256
[2025.05.08-13.08.08:138][797]LogVoxelMeshingProfiling: Display: Scenario name: UEDPIE_0_Map_Grid_Scenario33; Vertices: 256
[2025.05.08-13.08.08:141][797]LogVoxelMeshingProfiling: Display: Scenario name: UEDPIE_0_Map_Grid_Scenario33; Vertices: 256
[2025.05.08-13.08.08:145][797]LogVoxelMeshingProfiling: Display: Scenario name: UEDPIE_0_Map_Grid_Scenario33; Vertices: 256
[2025.05.08-13.08.08:148][797]LogVoxelMeshingProfiling: Display: Scenario name: UEDPIE_0_Map_Grid_Scenario33; Vertices: 256
[2025.05.08-13.08.08:151][797]LogVoxelMeshingProfiling: Display: Scenario name: UEDPIE_0_Map_Grid_Scenario33; Vertices: 256
[2025.05.08-13.08.08:156][797]LogVoxelMeshingProfiling: Display: Scenario name: UEDPIE_0_Map_Grid_Scenario33; Vertices: 256
[2025.05.08-13.08.08:159][797]LogVoxelMeshingProfiling: Display: Scenario name: UEDPIE_0_Map_Grid_Scenario33; Vertices: 256
[2025.05.08-13.08.20:537][677]LogVoxelMeshingProfiling: Display: Scenario name: UEDPIE_0_Map_RLE_Scenario33; Voxel Model memory: 504
[2025.05.08-13.08.20:543][677]LogVoxelMeshingProfiling: Display: Scenario name: UEDPIE_0_Map_RLE_Scenario33; Voxel Model memory: 504
[2025.05.08-13.08.20:543][677]LogVoxelMeshingProfiling: Display: Scenario name: UEDPIE_0_Map_RLE_Scenario33; Voxel Model memory: 504
[2025.05.08-13.08.20:545][677]LogVoxelMeshingProfiling: Display: Scenario name: UEDPIE_0_Map_RLE_Scenario33; Voxel Model memory: 504
[2025.05.08-13.08.20:545][677]LogVoxelMeshingProfiling: Display: Scenario name: UEDPIE_0_Map_RLE_Scenario33; Voxel Model memory: 504
[2025.05.08-13.08.20:546][677]LogVoxelMeshingProfiling: Display: Scenario name: UEDPIE_0_Map_RLE_Scenario33; Voxel Model memory: 504
[2025.05.08-13.08.20:546][677]LogVoxelMeshingProfiling: Display: Scenario name: UEDPIE_0_Map_RLE_Scenario33; Voxel Model memory: 504
[2025.05.08-13.08.20:554][677]LogVoxelMeshingProfiling: Display: Scenario name: UEDPIE_0_Map_RLE_Scenario33; Voxel Model memory: 504
[2025.05.08-13.08.20:555][677]LogVoxelMeshingProfiling: Display: Scenario name: UEDPIE_0_Map_RLE_Scenario33; Voxel Model memory: 504
[2025.05.08-13.08.20:555][677]LogVoxelMeshingProfiling: Display: Scenario name: UEDPIE_0_Map_RLE_Scenario33; Voxel Model memory: 504
[2025.05.08-13.08.20:555][677]LogVoxelMeshingProfiling: Display: Scenario name: UEDPIE_0_Map_RLE_Scenario33; Voxel Model memory: 504
[2025.05.08-13.08.20:558][677]LogVoxelMeshingProfiling: Display: Scenario name: UEDPIE_0_Map_RLE_Scenario33; Voxel Model memory: 504
[2025.05.08-13.08.20:558][677]LogVoxelMeshingProfiling: Display: Scenario name: UEDPIE_0_Map_RLE_Scenario33; Voxel Model memory: 504
[2025.05.08-13.08.20:558][677]LogVoxelMeshingProfiling: Display: Scenario name: UEDPIE_0_Map_RLE_Scenario33; Voxel Model memory: 504
[2025.05.08-13.08.20:566][677]LogVoxelMeshingProfiling: Display: Scenario name: UEDPIE_0_Map_RLE_Scenario33; Voxel Model memory: 504
[2025.05.08-13.08.20:566][677]LogVoxelMeshingProfiling: Display: Scenario name: UEDPIE_0_Map_RLE_Scenario33; Voxel Model memory: 504
[2025.05.08-13.08.20:566][677]LogVoxelMeshingProfiling: Display: Scenario name: UEDPIE_0_Map_RLE_Scenario33; Voxel Model memory: 504
[2025.05.08-13.08.20:566][677]LogVoxelMeshingProfiling: Display: Scenario name: UEDPIE_0_Map_RLE_Scenario33; Voxel Model memory: 504
[2025.05.08-13.08.20:571][677]LogVoxelMeshingProfiling: Display: Scenario name: UEDPIE_0_Map_RLE_Scenario33; Voxel Model memory: 504
[2025.05.08-13.08.20:571][677]LogVoxelMeshingProfiling: Display: Scenario name: UEDPIE_0_Map_RLE_Scenario33; Voxel Model memory: 504
[2025.05.08-13.08.20:571][677]LogVoxelMeshingProfiling: Display: Scenario name: UEDPIE_0_Map_RLE_Scenario33; Voxel Model memory: 504
[2025.05.08-13.08.20:579][677]LogVoxelMeshingProfiling: Display: Scenario name: UEDPIE_0_Map_RLE_Scenario33; Voxel Model memory: 504
[2025.05.08-13.08.20:580][677]LogVoxelMeshingProfiling: Display: Scenario name: UEDPIE_0_Map_RLE_Scenario33; Voxel Model memory: 504
[2025.05.08-13.08.20:580][677]LogVoxelMeshingProfiling: Display: Scenario name: UEDPIE_0_Map_RLE_Scenario33; Voxel Model memory: 504
[2025.05.08-13.08.20:580][677]LogVoxelMeshingProfiling: Display: Scenario name: UEDPIE_0_Map_RLE_Scenario33; Voxel Model memory: 504
[2025.05.08-13.08.20:582][677]LogVoxelMeshingProfiling: Display: Scenario name: UEDPIE_0_Map_RLE_Scenario33; Voxel Model memory: 504
[2025.05.08-13.08.20:582][677]LogVoxelMeshingProfiling: Display: Scenario name: UEDPIE_0_Map_RLE_Scenario33; Voxel Model memory: 504
[2025.05.08-13.08.20:584][677]LogVoxelMeshingProfiling: Display: Scenario name: UEDPIE_0_Map_RLE_Scenario33; Vertices: 10304
[2025.05.08-13.08.20:587][677]LogVoxelMeshingProfiling: Display: Scenario name: UEDPIE_0_Map_RLE_Scenario33; Vertices: 10304
[2025.05.08-13.08.20:589][677]LogVoxelMeshingProfiling: Display: Scenario name: UEDPIE_0_Map_RLE_Scenario33; Vertices: 10304
[2025.05.08-13.08.20:591][677]LogVoxelMeshingProfiling: Display: Scenario name: UEDPIE_0_Map_RLE_Scenario33; Vertices: 10304
[2025.05.08-13.08.20:593][677]LogVoxelMeshingProfiling: Display: Scenario name: UEDPIE_0_Map_RLE_Scenario33; Vertices: 10304
[2025.05.08-13.08.20:596][677]LogVoxelMeshingProfiling: Display: Scenario name: UEDPIE_0_Map_RLE_Scenario33; Vertices: 10304
[2025.05.08-13.08.20:598][678]LogVoxelMeshingProfiling: Display: Scenario name: UEDPIE_0_Map_RLE_Scenario33; Vertices: 10304
[2025.05.08-13.08.20:600][678]LogVoxelMeshingProfiling: Display: Scenario name: UEDPIE_0_Map_RLE_Scenario33; Vertices: 10304
[2025.05.08-13.08.20:603][678]LogVoxelMeshingProfiling: Display: Scenario name: UEDPIE_0_Map_RLE_Scenario33; Vertices: 10304
[2025.05.08-13.08.20:606][678]LogVoxelMeshingProfiling: Display: Scenario name: UEDPIE_0_Map_RLE_Scenario33; Vertices: 10304
[2025.05.08-13.08.20:609][678]LogVoxelMeshingProfiling: Display: Scenario name: UEDPIE_0_Map_RLE_Scenario33; Vertices: 10304
[2025.05.08-13.08.20:622][678]LogVoxelMeshingProfiling: Display: Scenario name: UEDPIE_0_Map_RLE_Scenario33; Vertices: 10304
[2025.05.08-13.08.20:622][678]LogVoxelMeshingProfiling: Display: Scenario name: UEDPIE_0_Map_RLE_Scenario33; Vertices: 10304
[2025.05.08-13.08.20:622][678]LogVoxelMeshingProfiling: Display: Scenario name: UEDPIE_0_Map_RLE_Scenario33; Vertices: 10304
[2025.05.08-13.08.20:623][678]LogVoxelMeshingProfiling: Display: Scenario name: UEDPIE_0_Map_RLE_Scenario33; Vertices: 10304
[2025.05.08-13.08.20:625][678]LogVoxelMeshingProfiling: Display: Scenario name: UEDPIE_0_Map_RLE_Scenario33; Vertices: 10304
[2025.05.08-13.08.20:627][678]LogVoxelMeshingProfiling: Display: Scenario name: UEDPIE_0_Map_RLE_Scenario33; Vertices: 10304
[2025.05.08-13.08.20:629][678]LogVoxelMeshingProfiling: Display: Scenario name: UEDPIE_0_Map_RLE_Scenario33; Vertices: 10304
[2025.05.08-13.08.20:632][678]LogVoxelMeshingProfiling: Display: Scenario name: UEDPIE_0_Map_RLE_Scenario33; Vertices: 10304
[2025.05.08-13.08.20:634][678]LogVoxelMeshingProfiling: Display: Scenario name: UEDPIE_0_Map_RLE_Scenario33; Vertices: 10304
[2025.05.08-13.08.20:636][678]LogVoxelMeshingProfiling: Display: Scenario name: UEDPIE_0_Map_RLE_Scenario33; Vertices: 10304
[2025.05.08-13.08.20:638][678]LogVoxelMeshingProfiling: Display: Scenario name: UEDPIE_0_Map_RLE_Scenario33; Vertices: 10304
[2025.05.08-13.08.20:641][678]LogVoxelMeshingProfiling: Display: Scenario name: UEDPIE_0_Map_RLE_Scenario33; Vertices: 10304
[2025.05.08-13.08.20:643][678]LogVoxelMeshingProfiling: Display: Scenario name: UEDPIE_0_Map_RLE_Scenario33; Vertices: 10304
[2025.05.08-13.08.20:645][678]LogVoxelMeshingProfiling: Display: Scenario name: UEDPIE_0_Map_RLE_Scenario33; Vertices: 10304
[2025.05.08-13.08.20:647][678]LogVoxelMeshingProfiling: Display: Scenario name: UEDPIE_0_Map_RLE_Scenario33; Vertices: 10304
[2025.05.08-13.08.20:649][678]LogVoxelMeshingProfiling: Display: Scenario name: UEDPIE_0_Map_RLE_Scenario33; Vertices: 10304
[2025.05.08-13.08.27:613][116]LogVoxelMeshingProfiling: Display: Scenario name: UEDPIE_0_Map_VoxelPlugin_Scenario33; Voxel Model memory: 262144
[2025.05.08-13.08.27:613][116]LogVoxelMeshingProfiling: Display: Scenario name: UEDPIE_0_Map_VoxelPlugin_Scenario33; OpaqueVoxelCount: 16384; TransparentVoxelCount: 16384
[2025.05.08-13.08.27:620][116]LogVoxelMeshingProfiling: Display: Scenario name: UEDPIE_0_Map_VoxelPlugin_Scenario33; Voxel Model memory: 262144
[2025.05.08-13.08.27:622][116]LogVoxelMeshingProfiling: Display: Scenario name: UEDPIE_0_Map_VoxelPlugin_Scenario33; OpaqueVoxelCount: 16384; TransparentVoxelCount: 16384
[2025.05.08-13.08.27:622][116]LogVoxelMeshingProfiling: Display: Scenario name: UEDPIE_0_Map_VoxelPlugin_Scenario33; Voxel Model memory: 262144
[2025.05.08-13.08.27:622][116]LogVoxelMeshingProfiling: Display: Scenario name: UEDPIE_0_Map_VoxelPlugin_Scenario33; OpaqueVoxelCount: 16384; TransparentVoxelCount: 16384
[2025.05.08-13.08.27:622][116]LogVoxelMeshingProfiling: Display: Scenario name: UEDPIE_0_Map_VoxelPlugin_Scenario33; Voxel Model memory: 262144
[2025.05.08-13.08.27:622][116]LogVoxelMeshingProfiling: Display: Scenario name: UEDPIE_0_Map_VoxelPlugin_Scenario33; OpaqueVoxelCount: 16384; TransparentVoxelCount: 16384
[2025.05.08-13.08.27:623][116]LogVoxelMeshingProfiling: Display: Scenario name: UEDPIE_0_Map_VoxelPlugin_Scenario33; Voxel Model memory: 262144
[2025.05.08-13.08.27:623][116]LogVoxelMeshingProfiling: Display: Scenario name: UEDPIE_0_Map_VoxelPlugin_Scenario33; OpaqueVoxelCount: 16384; TransparentVoxelCount: 16384
[2025.05.08-13.08.27:624][116]LogVoxelMeshingProfiling: Display: Scenario name: UEDPIE_0_Map_VoxelPlugin_Scenario33; Voxel Model memory: 262144
[2025.05.08-13.08.27:624][116]LogVoxelMeshingProfiling: Display: Scenario name: UEDPIE_0_Map_VoxelPlugin_Scenario33; OpaqueVoxelCount: 16384; TransparentVoxelCount: 16384
[2025.05.08-13.08.27:624][116]LogVoxelMeshingProfiling: Display: Scenario name: UEDPIE_0_Map_VoxelPlugin_Scenario33; Voxel Model memory: 262144
[2025.05.08-13.08.27:624][116]LogVoxelMeshingProfiling: Display: Scenario name: UEDPIE_0_Map_VoxelPlugin_Scenario33; OpaqueVoxelCount: 16384; TransparentVoxelCount: 16384
[2025.05.08-13.08.27:630][116]LogVoxelMeshingProfiling: Display: Scenario name: UEDPIE_0_Map_VoxelPlugin_Scenario33; Voxel Model memory: 262144
[2025.05.08-13.08.27:630][116]LogVoxelMeshingProfiling: Display: Scenario name: UEDPIE_0_Map_VoxelPlugin_Scenario33; OpaqueVoxelCount: 16384; TransparentVoxelCount: 16384
[2025.05.08-13.08.27:630][116]LogVoxelMeshingProfiling: Display: Scenario name: UEDPIE_0_Map_VoxelPlugin_Scenario33; Voxel Model memory: 262144
[2025.05.08-13.08.27:630][116]LogVoxelMeshingProfiling: Display: Scenario name: UEDPIE_0_Map_VoxelPlugin_Scenario33; OpaqueVoxelCount: 16384; TransparentVoxelCount: 16384
[2025.05.08-13.08.27:635][116]LogVoxelMeshingProfiling: Display: Scenario name: UEDPIE_0_Map_VoxelPlugin_Scenario33; Voxel Model memory: 262144
[2025.05.08-13.08.27:635][116]LogVoxelMeshingProfiling: Display: Scenario name: UEDPIE_0_Map_VoxelPlugin_Scenario33; OpaqueVoxelCount: 16384; TransparentVoxelCount: 16384
[2025.05.08-13.08.27:636][116]LogVoxelMeshingProfiling: Display: Scenario name: UEDPIE_0_Map_VoxelPlugin_Scenario33; Voxel Model memory: 262144
[2025.05.08-13.08.27:636][116]LogVoxelMeshingProfiling: Display: Scenario name: UEDPIE_0_Map_VoxelPlugin_Scenario33; OpaqueVoxelCount: 16384; TransparentVoxelCount: 16384
[2025.05.08-13.08.27:636][116]LogVoxelMeshingProfiling: Display: Scenario name: UEDPIE_0_Map_VoxelPlugin_Scenario33; Voxel Model memory: 262144
[2025.05.08-13.08.27:636][116]LogVoxelMeshingProfiling: Display: Scenario name: UEDPIE_0_Map_VoxelPlugin_Scenario33; OpaqueVoxelCount: 16384; TransparentVoxelCount: 16384
[2025.05.08-13.08.27:636][116]LogVoxelMeshingProfiling: Display: Scenario name: UEDPIE_0_Map_VoxelPlugin_Scenario33; Voxel Model memory: 262144
[2025.05.08-13.08.27:636][116]LogVoxelMeshingProfiling: Display: Scenario name: UEDPIE_0_Map_VoxelPlugin_Scenario33; OpaqueVoxelCount: 16384; TransparentVoxelCount: 16384
[2025.05.08-13.08.27:638][116]LogVoxelMeshingProfiling: Display: Scenario name: UEDPIE_0_Map_VoxelPlugin_Scenario33; Voxel Model memory: 262144
[2025.05.08-13.08.27:638][116]LogVoxelMeshingProfiling: Display: Scenario name: UEDPIE_0_Map_VoxelPlugin_Scenario33; OpaqueVoxelCount: 16384; TransparentVoxelCount: 16384
[2025.05.08-13.08.27:644][116]LogVoxelMeshingProfiling: Display: Scenario name: UEDPIE_0_Map_VoxelPlugin_Scenario33; Voxel Model memory: 262144
[2025.05.08-13.08.27:644][116]LogVoxelMeshingProfiling: Display: Scenario name: UEDPIE_0_Map_VoxelPlugin_Scenario33; OpaqueVoxelCount: 16384; TransparentVoxelCount: 16384
[2025.05.08-13.08.27:644][116]LogVoxelMeshingProfiling: Display: Scenario name: UEDPIE_0_Map_VoxelPlugin_Scenario33; Voxel Model memory: 262144
[2025.05.08-13.08.27:644][116]LogVoxelMeshingProfiling: Display: Scenario name: UEDPIE_0_Map_VoxelPlugin_Scenario33; OpaqueVoxelCount: 16384; TransparentVoxelCount: 16384
[2025.05.08-13.08.27:645][116]LogVoxelMeshingProfiling: Display: Scenario name: UEDPIE_0_Map_VoxelPlugin_Scenario33; Voxel Model memory: 262144
[2025.05.08-13.08.27:645][116]LogVoxelMeshingProfiling: Display: Scenario name: UEDPIE_0_Map_VoxelPlugin_Scenario33; OpaqueVoxelCount: 16384; TransparentVoxelCount: 16384
[2025.05.08-13.08.27:649][116]LogVoxelMeshingProfiling: Display: Scenario name: UEDPIE_0_Map_VoxelPlugin_Scenario33; Voxel Model memory: 262144
[2025.05.08-13.08.27:649][116]LogVoxelMeshingProfiling: Display: Scenario name: UEDPIE_0_Map_VoxelPlugin_Scenario33; OpaqueVoxelCount: 16384; TransparentVoxelCount: 16384
[2025.05.08-13.08.27:651][116]LogVoxelMeshingProfiling: Display: Scenario name: UEDPIE_0_Map_VoxelPlugin_Scenario33; Voxel Model memory: 262144
[2025.05.08-13.08.27:651][116]LogVoxelMeshingProfiling: Display: Scenario name: UEDPIE_0_Map_VoxelPlugin_Scenario33; OpaqueVoxelCount: 16384; TransparentVoxelCount: 16384
[2025.05.08-13.08.27:651][116]LogVoxelMeshingProfiling: Display: Scenario name: UEDPIE_0_Map_VoxelPlugin_Scenario33; Voxel Model memory: 262144
[2025.05.08-13.08.27:653][116]LogVoxelMeshingProfiling: Display: Scenario name: UEDPIE_0_Map_VoxelPlugin_Scenario33; OpaqueVoxelCount: 16384; TransparentVoxelCount: 16384
[2025.05.08-13.08.27:653][116]LogVoxelMeshingProfiling: Display: Scenario name: UEDPIE_0_Map_VoxelPlugin_Scenario33; Voxel Model memory: 262144
[2025.05.08-13.08.27:653][116]LogVoxelMeshingProfiling: Display: Scenario name: UEDPIE_0_Map_VoxelPlugin_Scenario33; OpaqueVoxelCount: 16384; TransparentVoxelCount: 16384
[2025.05.08-13.08.27:660][116]LogVoxelMeshingProfiling: Display: Scenario name: UEDPIE_0_Map_VoxelPlugin_Scenario33; Voxel Model memory: 262144
[2025.05.08-13.08.27:660][116]LogVoxelMeshingProfiling: Display: Scenario name: UEDPIE_0_Map_VoxelPlugin_Scenario33; OpaqueVoxelCount: 16384; TransparentVoxelCount: 16384
[2025.05.08-13.08.27:660][116]LogVoxelMeshingProfiling: Display: Scenario name: UEDPIE_0_Map_VoxelPlugin_Scenario33; Voxel Model memory: 262144
[2025.05.08-13.08.27:660][116]LogVoxelMeshingProfiling: Display: Scenario name: UEDPIE_0_Map_VoxelPlugin_Scenario33; OpaqueVoxelCount: 16384; TransparentVoxelCount: 16384
[2025.05.08-13.08.27:660][116]LogVoxelMeshingProfiling: Display: Scenario name: UEDPIE_0_Map_VoxelPlugin_Scenario33; Voxel Model memory: 262144
[2025.05.08-13.08.27:660][116]LogVoxelMeshingProfiling: Display: Scenario name: UEDPIE_0_Map_VoxelPlugin_Scenario33; OpaqueVoxelCount: 16384; TransparentVoxelCount: 16384
[2025.05.08-13.08.27:662][116]LogVoxelMeshingProfiling: Display: Scenario name: UEDPIE_0_Map_VoxelPlugin_Scenario33; Voxel Model memory: 262144
[2025.05.08-13.08.27:662][116]LogVoxelMeshingProfiling: Display: Scenario name: UEDPIE_0_Map_VoxelPlugin_Scenario33; OpaqueVoxelCount: 16384; TransparentVoxelCount: 16384
[2025.05.08-13.08.27:662][116]LogVoxelMeshingProfiling: Display: Scenario name: UEDPIE_0_Map_VoxelPlugin_Scenario33; Voxel Model memory: 262144
[2025.05.08-13.08.27:663][116]LogVoxelMeshingProfiling: Display: Scenario name: UEDPIE_0_Map_VoxelPlugin_Scenario33; Voxel Model memory: 262144
[2025.05.08-13.08.27:663][116]LogVoxelMeshingProfiling: Display: Scenario name: UEDPIE_0_Map_VoxelPlugin_Scenario33; OpaqueVoxelCount: 16384; TransparentVoxelCount: 16384
[2025.05.08-13.08.27:663][116]LogVoxelMeshingProfiling: Display: Scenario name: UEDPIE_0_Map_VoxelPlugin_Scenario33; OpaqueVoxelCount: 16384; TransparentVoxelCount: 16384
[2025.05.08-13.08.27:747][117]LogVoxelMeshingProfiling: Display: Scenario name: Map_VoxelPlugin_Scenario33; Vertices: 131072
[2025.05.08-13.08.27:753][117]LogVoxelMeshingProfiling: Display: Scenario name: Map_VoxelPlugin_Scenario33; Vertices: 133120
[2025.05.08-13.08.27:793][117]LogVoxelMeshingProfiling: Display: Scenario name: Map_VoxelPlugin_Scenario33; Vertices: 133120
[2025.05.08-13.08.27:795][117]LogVoxelMeshingProfiling: Display: Scenario name: Map_VoxelPlugin_Scenario33; Vertices: 135168
[2025.05.08-13.08.27:844][119]LogVoxelMeshingProfiling: Display: Scenario name: Map_VoxelPlugin_Scenario33; Vertices: 135168
[2025.05.08-13.08.27:851][119]LogVoxelMeshingProfiling: Display: Scenario name: Map_VoxelPlugin_Scenario33; Vertices: 133120
[2025.05.08-13.08.27:933][123]LogVoxelMeshingProfiling: Display: Scenario name: Map_VoxelPlugin_Scenario33; Vertices: 133120
[2025.05.08-13.08.27:942][123]LogVoxelMeshingProfiling: Display: Scenario name: Map_VoxelPlugin_Scenario33; Vertices: 135168
[2025.05.08-13.08.28:270][136]LogVoxelMeshingProfiling: Display: Scenario name: Map_VoxelPlugin_Scenario33; Vertices: 135168
[2025.05.08-13.08.28:277][136]LogVoxelMeshingProfiling: Display: Scenario name: Map_VoxelPlugin_Scenario33; Vertices: 133120
[2025.05.08-13.08.28:320][138]LogVoxelMeshingProfiling: Display: Scenario name: Map_VoxelPlugin_Scenario33; Vertices: 131072
[2025.05.08-13.08.28:330][139]LogVoxelMeshingProfiling: Display: Scenario name: Map_VoxelPlugin_Scenario33; Vertices: 133120
[2025.05.08-13.08.28:385][142]LogVoxelMeshingProfiling: Display: Scenario name: Map_VoxelPlugin_Scenario33; Vertices: 135168
[2025.05.08-13.08.28:482][148]LogVoxelMeshingProfiling: Display: Scenario name: Map_VoxelPlugin_Scenario33; Vertices: 133120
[2025.05.08-13.08.28:520][150]LogVoxelMeshingProfiling: Display: Scenario name: Map_VoxelPlugin_Scenario33; Vertices: 135168
[2025.05.08-13.08.28:557][152]LogVoxelMeshingProfiling: Display: Scenario name: Map_VoxelPlugin_Scenario33; Vertices: 133120
[2025.05.08-13.08.28:605][155]LogVoxelMeshingProfiling: Display: Scenario name: Map_VoxelPlugin_Scenario33; Vertices: 135168
[2025.05.08-13.08.28:624][156]LogVoxelMeshingProfiling: Display: Scenario name: Map_VoxelPlugin_Scenario33; Vertices: 135168
[2025.05.08-13.08.28:800][166]LogVoxelMeshingProfiling: Display: Scenario name: Map_VoxelPlugin_Scenario33; Vertices: 133120
[2025.05.08-13.08.28:805][166]LogVoxelMeshingProfiling: Display: Scenario name: Map_VoxelPlugin_Scenario33; Vertices: 131072
[2025.05.08-13.08.28:849][169]LogVoxelMeshingProfiling: Display: Scenario name: Map_VoxelPlugin_Scenario33; Vertices: 135168
[2025.05.08-13.08.28:885][171]LogVoxelMeshingProfiling: Display: Scenario name: Map_VoxelPlugin_Scenario33; Vertices: 133120
[2025.05.08-13.08.28:979][177]LogVoxelMeshingProfiling: Display: Scenario name: Map_VoxelPlugin_Scenario33; Vertices: 133120
[2025.05.08-13.08.29:006][178]LogVoxelMeshingProfiling: Display: Scenario name: Map_VoxelPlugin_Scenario33; Vertices: 135168
[2025.05.08-13.08.29:034][180]LogVoxelMeshingProfiling: Display: Scenario name: Map_VoxelPlugin_Scenario33; Vertices: 133120
[2025.05.08-13.08.29:075][182]LogVoxelMeshingProfiling: Display: Scenario name: Map_VoxelPlugin_Scenario33; Vertices: 135168
[2025.05.08-13.08.29:131][185]LogVoxelMeshingProfiling: Display: Scenario name: Map_VoxelPlugin_Scenario33; Vertices: 135168
