[2025.05.08-13.12.34:561][759]LogVoxelMeshingProfiling: Display: Scenario name: UEDPIE_0_Map_Grid_Scenario33; Voxel Model memory: 262144
[2025.05.08-13.12.34:561][759]LogVoxelMeshingProfiling: Display: Scenario name: UEDPIE_0_Map_Grid_Scenario33; OpaqueVoxelCount: 16384; TransparentVoxelCount: 16384
[2025.05.08-13.12.34:568][759]LogVoxelMeshingProfiling: Display: Scenario name: UEDPIE_0_Map_Grid_Scenario33; Voxel Model memory: 262144
[2025.05.08-13.12.34:568][759]LogVoxelMeshingProfiling: Display: Scenario name: UEDPIE_0_Map_Grid_Scenario33; OpaqueVoxelCount: 16384; TransparentVoxelCount: 16384
[2025.05.08-13.12.34:568][759]LogVoxelMeshingProfiling: Display: Scenario name: UEDPIE_0_Map_Grid_Scenario33; Voxel Model memory: 262144
[2025.05.08-13.12.34:568][759]LogVoxelMeshingProfiling: Display: Scenario name: UEDPIE_0_Map_Grid_Scenario33; OpaqueVoxelCount: 16384; TransparentVoxelCount: 16384
[2025.05.08-13.12.34:569][759]LogVoxelMeshingProfiling: Display: Scenario name: UEDPIE_0_Map_Grid_Scenario33; Voxel Model memory: 262144
[2025.05.08-13.12.34:569][759]LogVoxelMeshingProfiling: Display: Scenario name: UEDPIE_0_Map_Grid_Scenario33; OpaqueVoxelCount: 16384; TransparentVoxelCount: 16384
[2025.05.08-13.12.34:569][759]LogVoxelMeshingProfiling: Display: Scenario name: UEDPIE_0_Map_Grid_Scenario33; Voxel Model memory: 262144
[2025.05.08-13.12.34:571][759]LogVoxelMeshingProfiling: Display: Scenario name: UEDPIE_0_Map_Grid_Scenario33; OpaqueVoxelCount: 16384; TransparentVoxelCount: 16384
[2025.05.08-13.12.34:572][759]LogVoxelMeshingProfiling: Display: Scenario name: UEDPIE_0_Map_Grid_Scenario33; Voxel Model memory: 262144
[2025.05.08-13.12.34:572][759]LogVoxelMeshingProfiling: Display: Scenario name: UEDPIE_0_Map_Grid_Scenario33; OpaqueVoxelCount: 16384; TransparentVoxelCount: 16384
[2025.05.08-13.12.34:572][759]LogVoxelMeshingProfiling: Display: Scenario name: UEDPIE_0_Map_Grid_Scenario33; Voxel Model memory: 262144
[2025.05.08-13.12.34:572][759]LogVoxelMeshingProfiling: Display: Scenario name: UEDPIE_0_Map_Grid_Scenario33; OpaqueVoxelCount: 16384; TransparentVoxelCount: 16384
[2025.05.08-13.12.34:578][759]LogVoxelMeshingProfiling: Display: Scenario name: UEDPIE_0_Map_Grid_Scenario33; Voxel Model memory: 262144
[2025.05.08-13.12.34:578][759]LogVoxelMeshingProfiling: Display: Scenario name: UEDPIE_0_Map_Grid_Scenario33; OpaqueVoxelCount: 16384; TransparentVoxelCount: 16384
[2025.05.08-13.12.34:578][759]LogVoxelMeshingProfiling: Display: Scenario name: UEDPIE_0_Map_Grid_Scenario33; Voxel Model memory: 262144
[2025.05.08-13.12.34:578][759]LogVoxelMeshingProfiling: Display: Scenario name: UEDPIE_0_Map_Grid_Scenario33; OpaqueVoxelCount: 16384; TransparentVoxelCount: 16384
[2025.05.08-13.12.34:581][759]LogVoxelMeshingProfiling: Display: Scenario name: UEDPIE_0_Map_Grid_Scenario33; Voxel Model memory: 262144
[2025.05.08-13.12.34:581][759]LogVoxelMeshingProfiling: Display: Scenario name: UEDPIE_0_Map_Grid_Scenario33; OpaqueVoxelCount: 16384; TransparentVoxelCount: 16384
[2025.05.08-13.12.34:583][759]LogVoxelMeshingProfiling: Display: Scenario name: UEDPIE_0_Map_Grid_Scenario33; Voxel Model memory: 262144
[2025.05.08-13.12.34:583][759]LogVoxelMeshingProfiling: Display: Scenario name: UEDPIE_0_Map_Grid_Scenario33; OpaqueVoxelCount: 16384; TransparentVoxelCount: 16384
[2025.05.08-13.12.34:584][759]LogVoxelMeshingProfiling: Display: Scenario name: UEDPIE_0_Map_Grid_Scenario33; Voxel Model memory: 262144
[2025.05.08-13.12.34:584][759]LogVoxelMeshingProfiling: Display: Scenario name: UEDPIE_0_Map_Grid_Scenario33; OpaqueVoxelCount: 16384; TransparentVoxelCount: 16384
[2025.05.08-13.12.34:585][759]LogVoxelMeshingProfiling: Display: Scenario name: UEDPIE_0_Map_Grid_Scenario33; Voxel Model memory: 262144
[2025.05.08-13.12.34:585][759]LogVoxelMeshingProfiling: Display: Scenario name: UEDPIE_0_Map_Grid_Scenario33; OpaqueVoxelCount: 16384; TransparentVoxelCount: 16384
[2025.05.08-13.12.34:585][759]LogVoxelMeshingProfiling: Display: Scenario name: UEDPIE_0_Map_Grid_Scenario33; Voxel Model memory: 262144
[2025.05.08-13.12.34:585][759]LogVoxelMeshingProfiling: Display: Scenario name: UEDPIE_0_Map_Grid_Scenario33; OpaqueVoxelCount: 16384; TransparentVoxelCount: 16384
[2025.05.08-13.12.34:591][759]LogVoxelMeshingProfiling: Display: Scenario name: UEDPIE_0_Map_Grid_Scenario33; Voxel Model memory: 262144
[2025.05.08-13.12.34:591][759]LogVoxelMeshingProfiling: Display: Scenario name: UEDPIE_0_Map_Grid_Scenario33; OpaqueVoxelCount: 16384; TransparentVoxelCount: 16384
[2025.05.08-13.12.34:594][759]LogVoxelMeshingProfiling: Display: Scenario name: UEDPIE_0_Map_Grid_Scenario33; Voxel Model memory: 262144
[2025.05.08-13.12.34:594][759]LogVoxelMeshingProfiling: Display: Scenario name: UEDPIE_0_Map_Grid_Scenario33; OpaqueVoxelCount: 16384; TransparentVoxelCount: 16384
[2025.05.08-13.12.34:594][759]LogVoxelMeshingProfiling: Display: Scenario name: UEDPIE_0_Map_Grid_Scenario33; Voxel Model memory: 262144
[2025.05.08-13.12.34:594][759]LogVoxelMeshingProfiling: Display: Scenario name: UEDPIE_0_Map_Grid_Scenario33; OpaqueVoxelCount: 16384; TransparentVoxelCount: 16384
[2025.05.08-13.12.34:594][759]LogVoxelMeshingProfiling: Display: Scenario name: UEDPIE_0_Map_Grid_Scenario33; Voxel Model memory: 262144
[2025.05.08-13.12.34:594][759]LogVoxelMeshingProfiling: Display: Scenario name: UEDPIE_0_Map_Grid_Scenario33; OpaqueVoxelCount: 16384; TransparentVoxelCount: 16384
[2025.05.08-13.12.34:596][759]LogVoxelMeshingProfiling: Display: Scenario name: UEDPIE_0_Map_Grid_Scenario33; Voxel Model memory: 262144
[2025.05.08-13.12.34:596][759]LogVoxelMeshingProfiling: Display: Scenario name: UEDPIE_0_Map_Grid_Scenario33; OpaqueVoxelCount: 16384; TransparentVoxelCount: 16384
[2025.05.08-13.12.34:596][759]LogVoxelMeshingProfiling: Display: Scenario name: UEDPIE_0_Map_Grid_Scenario33; Voxel Model memory: 262144
[2025.05.08-13.12.34:596][759]LogVoxelMeshingProfiling: Display: Scenario name: UEDPIE_0_Map_Grid_Scenario33; OpaqueVoxelCount: 16384; TransparentVoxelCount: 16384
[2025.05.08-13.12.34:597][759]LogVoxelMeshingProfiling: Display: Scenario name: UEDPIE_0_Map_Grid_Scenario33; Voxel Model memory: 262144
[2025.05.08-13.12.34:597][759]LogVoxelMeshingProfiling: Display: Scenario name: UEDPIE_0_Map_Grid_Scenario33; OpaqueVoxelCount: 16384; TransparentVoxelCount: 16384
[2025.05.08-13.12.34:603][759]LogVoxelMeshingProfiling: Display: Scenario name: UEDPIE_0_Map_Grid_Scenario33; Voxel Model memory: 262144
[2025.05.08-13.12.34:603][759]LogVoxelMeshingProfiling: Display: Scenario name: UEDPIE_0_Map_Grid_Scenario33; OpaqueVoxelCount: 16384; TransparentVoxelCount: 16384
[2025.05.08-13.12.34:603][759]LogVoxelMeshingProfiling: Display: Scenario name: UEDPIE_0_Map_Grid_Scenario33; Voxel Model memory: 262144
[2025.05.08-13.12.34:603][759]LogVoxelMeshingProfiling: Display: Scenario name: UEDPIE_0_Map_Grid_Scenario33; OpaqueVoxelCount: 16384; TransparentVoxelCount: 16384
[2025.05.08-13.12.34:604][759]LogVoxelMeshingProfiling: Display: Scenario name: UEDPIE_0_Map_Grid_Scenario33; Voxel Model memory: 262144
[2025.05.08-13.12.34:604][759]LogVoxelMeshingProfiling: Display: Scenario name: UEDPIE_0_Map_Grid_Scenario33; OpaqueVoxelCount: 16384; TransparentVoxelCount: 16384
[2025.05.08-13.12.34:607][759]LogVoxelMeshingProfiling: Display: Scenario name: UEDPIE_0_Map_Grid_Scenario33; Voxel Model memory: 262144
[2025.05.08-13.12.34:607][759]LogVoxelMeshingProfiling: Display: Scenario name: UEDPIE_0_Map_Grid_Scenario33; OpaqueVoxelCount: 16384; TransparentVoxelCount: 16384
[2025.05.08-13.12.34:607][759]LogVoxelMeshingProfiling: Display: Scenario name: UEDPIE_0_Map_Grid_Scenario33; Voxel Model memory: 262144
[2025.05.08-13.12.34:607][759]LogVoxelMeshingProfiling: Display: Scenario name: UEDPIE_0_Map_Grid_Scenario33; OpaqueVoxelCount: 16384; TransparentVoxelCount: 16384
[2025.05.08-13.12.34:607][759]LogVoxelMeshingProfiling: Display: Scenario name: UEDPIE_0_Map_Grid_Scenario33; Voxel Model memory: 262144
[2025.05.08-13.12.34:607][759]LogVoxelMeshingProfiling: Display: Scenario name: UEDPIE_0_Map_Grid_Scenario33; OpaqueVoxelCount: 16384; TransparentVoxelCount: 16384
[2025.05.08-13.12.34:612][759]LogVoxelMeshingProfiling: Display: Scenario name: UEDPIE_0_Map_Grid_Scenario33; Vertices: 128
[2025.05.08-13.12.34:617][759]LogVoxelMeshingProfiling: Display: Scenario name: UEDPIE_0_Map_Grid_Scenario33; Vertices: 128
[2025.05.08-13.12.34:620][759]LogVoxelMeshingProfiling: Display: Scenario name: UEDPIE_0_Map_Grid_Scenario33; Vertices: 192
[2025.05.08-13.12.34:625][759]LogVoxelMeshingProfiling: Display: Scenario name: UEDPIE_0_Map_Grid_Scenario33; Vertices: 192
[2025.05.08-13.12.34:627][759]LogVoxelMeshingProfiling: Display: Scenario name: UEDPIE_0_Map_Grid_Scenario33; Vertices: 128
[2025.05.08-13.12.34:631][759]LogVoxelMeshingProfiling: Display: Scenario name: UEDPIE_0_Map_Grid_Scenario33; Vertices: 192
[2025.05.08-13.12.34:635][759]LogVoxelMeshingProfiling: Display: Scenario name: UEDPIE_0_Map_Grid_Scenario33; Vertices: 192
[2025.05.08-13.12.34:639][760]LogVoxelMeshingProfiling: Display: Scenario name: UEDPIE_0_Map_Grid_Scenario33; Vertices: 192
[2025.05.08-13.12.34:643][760]LogVoxelMeshingProfiling: Display: Scenario name: UEDPIE_0_Map_Grid_Scenario33; Vertices: 192
[2025.05.08-13.12.34:647][760]LogVoxelMeshingProfiling: Display: Scenario name: UEDPIE_0_Map_Grid_Scenario33; Vertices: 192
[2025.05.08-13.12.34:651][760]LogVoxelMeshingProfiling: Display: Scenario name: UEDPIE_0_Map_Grid_Scenario33; Vertices: 192
[2025.05.08-13.12.34:654][760]LogVoxelMeshingProfiling: Display: Scenario name: UEDPIE_0_Map_Grid_Scenario33; Vertices: 192
[2025.05.08-13.12.34:659][760]LogVoxelMeshingProfiling: Display: Scenario name: UEDPIE_0_Map_Grid_Scenario33; Vertices: 256
[2025.05.08-13.12.34:663][760]LogVoxelMeshingProfiling: Display: Scenario name: UEDPIE_0_Map_Grid_Scenario33; Vertices: 256
[2025.05.08-13.12.34:667][760]LogVoxelMeshingProfiling: Display: Scenario name: UEDPIE_0_Map_Grid_Scenario33; Vertices: 192
[2025.05.08-13.12.34:670][760]LogVoxelMeshingProfiling: Display: Scenario name: UEDPIE_0_Map_Grid_Scenario33; Vertices: 256
[2025.05.08-13.12.34:675][760]LogVoxelMeshingProfiling: Display: Scenario name: UEDPIE_0_Map_Grid_Scenario33; Vertices: 256
[2025.05.08-13.12.34:678][760]LogVoxelMeshingProfiling: Display: Scenario name: UEDPIE_0_Map_Grid_Scenario33; Vertices: 192
[2025.05.08-13.12.34:682][760]LogVoxelMeshingProfiling: Display: Scenario name: UEDPIE_0_Map_Grid_Scenario33; Vertices: 192
[2025.05.08-13.12.34:686][760]LogVoxelMeshingProfiling: Display: Scenario name: UEDPIE_0_Map_Grid_Scenario33; Vertices: 256
[2025.05.08-13.12.34:690][760]LogVoxelMeshingProfiling: Display: Scenario name: UEDPIE_0_Map_Grid_Scenario33; Vertices: 256
[2025.05.08-13.12.34:694][760]LogVoxelMeshingProfiling: Display: Scenario name: UEDPIE_0_Map_Grid_Scenario33; Vertices: 256
[2025.05.08-13.12.34:697][760]LogVoxelMeshingProfiling: Display: Scenario name: UEDPIE_0_Map_Grid_Scenario33; Vertices: 256
[2025.05.08-13.12.34:702][760]LogVoxelMeshingProfiling: Display: Scenario name: UEDPIE_0_Map_Grid_Scenario33; Vertices: 256
[2025.05.08-13.12.34:705][760]LogVoxelMeshingProfiling: Display: Scenario name: UEDPIE_0_Map_Grid_Scenario33; Vertices: 256
[2025.05.08-13.12.34:708][760]LogVoxelMeshingProfiling: Display: Scenario name: UEDPIE_0_Map_Grid_Scenario33; Vertices: 256
[2025.05.08-13.12.34:714][760]LogVoxelMeshingProfiling: Display: Scenario name: UEDPIE_0_Map_Grid_Scenario33; Vertices: 256
[2025.05.08-13.12.59:217][925]LogVoxelMeshingProfiling: Display: Scenario name: UEDPIE_0_Map_Grid_Scenario34; Voxel Model memory: 262144
[2025.05.08-13.12.59:217][925]LogVoxelMeshingProfiling: Display: Scenario name: UEDPIE_0_Map_Grid_Scenario34; OpaqueVoxelCount: 16384; TransparentVoxelCount: 16384
[2025.05.08-13.12.59:224][925]LogVoxelMeshingProfiling: Display: Scenario name: UEDPIE_0_Map_Grid_Scenario34; Voxel Model memory: 262144
[2025.05.08-13.12.59:224][925]LogVoxelMeshingProfiling: Display: Scenario name: UEDPIE_0_Map_Grid_Scenario34; OpaqueVoxelCount: 16384; TransparentVoxelCount: 16384
[2025.05.08-13.12.59:224][925]LogVoxelMeshingProfiling: Display: Scenario name: UEDPIE_0_Map_Grid_Scenario34; Voxel Model memory: 262144
[2025.05.08-13.12.59:224][925]LogVoxelMeshingProfiling: Display: Scenario name: UEDPIE_0_Map_Grid_Scenario34; OpaqueVoxelCount: 16384; TransparentVoxelCount: 16384
[2025.05.08-13.12.59:229][925]LogVoxelMeshingProfiling: Display: Scenario name: UEDPIE_0_Map_Grid_Scenario34; Voxel Model memory: 262144
[2025.05.08-13.12.59:229][925]LogVoxelMeshingProfiling: Display: Scenario name: UEDPIE_0_Map_Grid_Scenario34; OpaqueVoxelCount: 16384; TransparentVoxelCount: 16384
[2025.05.08-13.12.59:230][925]LogVoxelMeshingProfiling: Display: Scenario name: UEDPIE_0_Map_Grid_Scenario34; Voxel Model memory: 262144
[2025.05.08-13.12.59:230][925]LogVoxelMeshingProfiling: Display: Scenario name: UEDPIE_0_Map_Grid_Scenario34; OpaqueVoxelCount: 16384; TransparentVoxelCount: 16384
[2025.05.08-13.12.59:230][925]LogVoxelMeshingProfiling: Display: Scenario name: UEDPIE_0_Map_Grid_Scenario34; Voxel Model memory: 262144
[2025.05.08-13.12.59:230][925]LogVoxelMeshingProfiling: Display: Scenario name: UEDPIE_0_Map_Grid_Scenario34; Voxel Model memory: 262144
[2025.05.08-13.12.59:230][925]LogVoxelMeshingProfiling: Display: Scenario name: UEDPIE_0_Map_Grid_Scenario34; OpaqueVoxelCount: 16384; TransparentVoxelCount: 16384
[2025.05.08-13.12.59:230][925]LogVoxelMeshingProfiling: Display: Scenario name: UEDPIE_0_Map_Grid_Scenario34; OpaqueVoxelCount: 16384; TransparentVoxelCount: 16384
[2025.05.08-13.12.59:237][925]LogVoxelMeshingProfiling: Display: Scenario name: UEDPIE_0_Map_Grid_Scenario34; Voxel Model memory: 262144
[2025.05.08-13.12.59:237][925]LogVoxelMeshingProfiling: Display: Scenario name: UEDPIE_0_Map_Grid_Scenario34; OpaqueVoxelCount: 16384; TransparentVoxelCount: 16384
[2025.05.08-13.12.59:237][925]LogVoxelMeshingProfiling: Display: Scenario name: UEDPIE_0_Map_Grid_Scenario34; Voxel Model memory: 262144
[2025.05.08-13.12.59:237][925]LogVoxelMeshingProfiling: Display: Scenario name: UEDPIE_0_Map_Grid_Scenario34; OpaqueVoxelCount: 16384; TransparentVoxelCount: 16384
[2025.05.08-13.12.59:237][925]LogVoxelMeshingProfiling: Display: Scenario name: UEDPIE_0_Map_Grid_Scenario34; Voxel Model memory: 262144
[2025.05.08-13.12.59:237][925]LogVoxelMeshingProfiling: Display: Scenario name: UEDPIE_0_Map_Grid_Scenario34; OpaqueVoxelCount: 16384; TransparentVoxelCount: 16384
[2025.05.08-13.12.59:240][925]LogVoxelMeshingProfiling: Display: Scenario name: UEDPIE_0_Map_Grid_Scenario34; Voxel Model memory: 262144
[2025.05.08-13.12.59:240][925]LogVoxelMeshingProfiling: Display: Scenario name: UEDPIE_0_Map_Grid_Scenario34; OpaqueVoxelCount: 16384; TransparentVoxelCount: 16384
[2025.05.08-13.12.59:241][925]LogVoxelMeshingProfiling: Display: Scenario name: UEDPIE_0_Map_Grid_Scenario34; Voxel Model memory: 262144
[2025.05.08-13.12.59:241][925]LogVoxelMeshingProfiling: Display: Scenario name: UEDPIE_0_Map_Grid_Scenario34; OpaqueVoxelCount: 16384; TransparentVoxelCount: 16384
[2025.05.08-13.12.59:241][925]LogVoxelMeshingProfiling: Display: Scenario name: UEDPIE_0_Map_Grid_Scenario34; Voxel Model memory: 262144
[2025.05.08-13.12.59:241][925]LogVoxelMeshingProfiling: Display: Scenario name: UEDPIE_0_Map_Grid_Scenario34; OpaqueVoxelCount: 16384; TransparentVoxelCount: 16384
[2025.05.08-13.12.59:241][925]LogVoxelMeshingProfiling: Display: Scenario name: UEDPIE_0_Map_Grid_Scenario34; Voxel Model memory: 262144
[2025.05.08-13.12.59:241][925]LogVoxelMeshingProfiling: Display: Scenario name: UEDPIE_0_Map_Grid_Scenario34; OpaqueVoxelCount: 16384; TransparentVoxelCount: 16384
[2025.05.08-13.12.59:249][925]LogVoxelMeshingProfiling: Display: Scenario name: UEDPIE_0_Map_Grid_Scenario34; Voxel Model memory: 262144
[2025.05.08-13.12.59:249][925]LogVoxelMeshingProfiling: Display: Scenario name: UEDPIE_0_Map_Grid_Scenario34; Voxel Model memory: 262144
[2025.05.08-13.12.59:249][925]LogVoxelMeshingProfiling: Display: Scenario name: UEDPIE_0_Map_Grid_Scenario34; OpaqueVoxelCount: 16384; TransparentVoxelCount: 16384
[2025.05.08-13.12.59:249][925]LogVoxelMeshingProfiling: Display: Scenario name: UEDPIE_0_Map_Grid_Scenario34; OpaqueVoxelCount: 16384; TransparentVoxelCount: 16384
[2025.05.08-13.12.59:249][925]LogVoxelMeshingProfiling: Display: Scenario name: UEDPIE_0_Map_Grid_Scenario34; Voxel Model memory: 262144
[2025.05.08-13.12.59:249][925]LogVoxelMeshingProfiling: Display: Scenario name: UEDPIE_0_Map_Grid_Scenario34; OpaqueVoxelCount: 16384; TransparentVoxelCount: 16384
[2025.05.08-13.12.59:251][925]LogVoxelMeshingProfiling: Display: Scenario name: UEDPIE_0_Map_Grid_Scenario34; Voxel Model memory: 262144
[2025.05.08-13.12.59:252][925]LogVoxelMeshingProfiling: Display: Scenario name: UEDPIE_0_Map_Grid_Scenario34; OpaqueVoxelCount: 16384; TransparentVoxelCount: 16384
[2025.05.08-13.12.59:252][925]LogVoxelMeshingProfiling: Display: Scenario name: UEDPIE_0_Map_Grid_Scenario34; Voxel Model memory: 262144
[2025.05.08-13.12.59:252][925]LogVoxelMeshingProfiling: Display: Scenario name: UEDPIE_0_Map_Grid_Scenario34; OpaqueVoxelCount: 16384; TransparentVoxelCount: 16384
[2025.05.08-13.12.59:252][925]LogVoxelMeshingProfiling: Display: Scenario name: UEDPIE_0_Map_Grid_Scenario34; Voxel Model memory: 262144
[2025.05.08-13.12.59:252][925]LogVoxelMeshingProfiling: Display: Scenario name: UEDPIE_0_Map_Grid_Scenario34; OpaqueVoxelCount: 16384; TransparentVoxelCount: 16384
[2025.05.08-13.12.59:253][925]LogVoxelMeshingProfiling: Display: Scenario name: UEDPIE_0_Map_Grid_Scenario34; Voxel Model memory: 262144
[2025.05.08-13.12.59:253][925]LogVoxelMeshingProfiling: Display: Scenario name: UEDPIE_0_Map_Grid_Scenario34; OpaqueVoxelCount: 16384; TransparentVoxelCount: 16384
[2025.05.08-13.12.59:260][925]LogVoxelMeshingProfiling: Display: Scenario name: UEDPIE_0_Map_Grid_Scenario34; Voxel Model memory: 262144
[2025.05.08-13.12.59:260][925]LogVoxelMeshingProfiling: Display: Scenario name: UEDPIE_0_Map_Grid_Scenario34; OpaqueVoxelCount: 16384; TransparentVoxelCount: 16384
[2025.05.08-13.12.59:260][925]LogVoxelMeshingProfiling: Display: Scenario name: UEDPIE_0_Map_Grid_Scenario34; Voxel Model memory: 262144
[2025.05.08-13.12.59:260][925]LogVoxelMeshingProfiling: Display: Scenario name: UEDPIE_0_Map_Grid_Scenario34; OpaqueVoxelCount: 16384; TransparentVoxelCount: 16384
[2025.05.08-13.12.59:260][925]LogVoxelMeshingProfiling: Display: Scenario name: UEDPIE_0_Map_Grid_Scenario34; Voxel Model memory: 262144
[2025.05.08-13.12.59:260][925]LogVoxelMeshingProfiling: Display: Scenario name: UEDPIE_0_Map_Grid_Scenario34; OpaqueVoxelCount: 16384; TransparentVoxelCount: 16384
[2025.05.08-13.12.59:261][925]LogVoxelMeshingProfiling: Display: Scenario name: UEDPIE_0_Map_Grid_Scenario34; Voxel Model memory: 262144
[2025.05.08-13.12.59:261][925]LogVoxelMeshingProfiling: Display: Scenario name: UEDPIE_0_Map_Grid_Scenario34; OpaqueVoxelCount: 16384; TransparentVoxelCount: 16384
[2025.05.08-13.12.59:262][925]LogVoxelMeshingProfiling: Display: Scenario name: UEDPIE_0_Map_Grid_Scenario34; Voxel Model memory: 262144
[2025.05.08-13.12.59:262][925]LogVoxelMeshingProfiling: Display: Scenario name: UEDPIE_0_Map_Grid_Scenario34; Voxel Model memory: 262144
[2025.05.08-13.12.59:262][925]LogVoxelMeshingProfiling: Display: Scenario name: UEDPIE_0_Map_Grid_Scenario34; OpaqueVoxelCount: 16384; TransparentVoxelCount: 16384
[2025.05.08-13.12.59:262][925]LogVoxelMeshingProfiling: Display: Scenario name: UEDPIE_0_Map_Grid_Scenario34; OpaqueVoxelCount: 16384; TransparentVoxelCount: 16384
[2025.05.08-13.12.59:267][925]LogVoxelMeshingProfiling: Display: Scenario name: UEDPIE_0_Map_Grid_Scenario34; Vertices: 64
[2025.05.08-13.12.59:270][925]LogVoxelMeshingProfiling: Display: Scenario name: UEDPIE_0_Map_Grid_Scenario34; Vertices: 64
[2025.05.08-13.12.59:274][926]LogVoxelMeshingProfiling: Display: Scenario name: UEDPIE_0_Map_Grid_Scenario34; Vertices: 96
[2025.05.08-13.12.59:278][926]LogVoxelMeshingProfiling: Display: Scenario name: UEDPIE_0_Map_Grid_Scenario34; Vertices: 96
[2025.05.08-13.12.59:282][926]LogVoxelMeshingProfiling: Display: Scenario name: UEDPIE_0_Map_Grid_Scenario34; Vertices: 64
[2025.05.08-13.12.59:285][926]LogVoxelMeshingProfiling: Display: Scenario name: UEDPIE_0_Map_Grid_Scenario34; Vertices: 96
[2025.05.08-13.12.59:289][926]LogVoxelMeshingProfiling: Display: Scenario name: UEDPIE_0_Map_Grid_Scenario34; Vertices: 96
[2025.05.08-13.12.59:294][926]LogVoxelMeshingProfiling: Display: Scenario name: UEDPIE_0_Map_Grid_Scenario34; Vertices: 96
[2025.05.08-13.12.59:297][926]LogVoxelMeshingProfiling: Display: Scenario name: UEDPIE_0_Map_Grid_Scenario34; Vertices: 96
[2025.05.08-13.12.59:300][926]LogVoxelMeshingProfiling: Display: Scenario name: UEDPIE_0_Map_Grid_Scenario34; Vertices: 96
[2025.05.08-13.12.59:303][926]LogVoxelMeshingProfiling: Display: Scenario name: UEDPIE_0_Map_Grid_Scenario34; Vertices: 96
[2025.05.08-13.12.59:306][926]LogVoxelMeshingProfiling: Display: Scenario name: UEDPIE_0_Map_Grid_Scenario34; Vertices: 96
[2025.05.08-13.12.59:309][926]LogVoxelMeshingProfiling: Display: Scenario name: UEDPIE_0_Map_Grid_Scenario34; Vertices: 128
[2025.05.08-13.12.59:312][926]LogVoxelMeshingProfiling: Display: Scenario name: UEDPIE_0_Map_Grid_Scenario34; Vertices: 128
[2025.05.08-13.12.59:316][926]LogVoxelMeshingProfiling: Display: Scenario name: UEDPIE_0_Map_Grid_Scenario34; Vertices: 96
[2025.05.08-13.12.59:319][926]LogVoxelMeshingProfiling: Display: Scenario name: UEDPIE_0_Map_Grid_Scenario34; Vertices: 128
[2025.05.08-13.12.59:323][926]LogVoxelMeshingProfiling: Display: Scenario name: UEDPIE_0_Map_Grid_Scenario34; Vertices: 128
[2025.05.08-13.12.59:326][926]LogVoxelMeshingProfiling: Display: Scenario name: UEDPIE_0_Map_Grid_Scenario34; Vertices: 96
[2025.05.08-13.12.59:329][926]LogVoxelMeshingProfiling: Display: Scenario name: UEDPIE_0_Map_Grid_Scenario34; Vertices: 96
[2025.05.08-13.12.59:333][926]LogVoxelMeshingProfiling: Display: Scenario name: UEDPIE_0_Map_Grid_Scenario34; Vertices: 128
[2025.05.08-13.12.59:336][926]LogVoxelMeshingProfiling: Display: Scenario name: UEDPIE_0_Map_Grid_Scenario34; Vertices: 128
[2025.05.08-13.12.59:340][926]LogVoxelMeshingProfiling: Display: Scenario name: UEDPIE_0_Map_Grid_Scenario34; Vertices: 128
[2025.05.08-13.12.59:343][926]LogVoxelMeshingProfiling: Display: Scenario name: UEDPIE_0_Map_Grid_Scenario34; Vertices: 128
[2025.05.08-13.12.59:346][926]LogVoxelMeshingProfiling: Display: Scenario name: UEDPIE_0_Map_Grid_Scenario34; Vertices: 128
[2025.05.08-13.12.59:348][926]LogVoxelMeshingProfiling: Display: Scenario name: UEDPIE_0_Map_Grid_Scenario34; Vertices: 128
[2025.05.08-13.12.59:351][926]LogVoxelMeshingProfiling: Display: Scenario name: UEDPIE_0_Map_Grid_Scenario34; Vertices: 128
[2025.05.08-13.12.59:355][926]LogVoxelMeshingProfiling: Display: Scenario name: UEDPIE_0_Map_Grid_Scenario34; Vertices: 128
[2025.05.08-13.13.04:888][300]LogVoxelMeshingProfiling: Display: Scenario name: UEDPIE_0_Map_RLE_Scenario34; Voxel Model memory: 216
[2025.05.08-13.13.04:897][300]LogVoxelMeshingProfiling: Display: Scenario name: UEDPIE_0_Map_RLE_Scenario34; Voxel Model memory: 216
[2025.05.08-13.13.04:897][300]LogVoxelMeshingProfiling: Display: Scenario name: UEDPIE_0_Map_RLE_Scenario34; Voxel Model memory: 216
[2025.05.08-13.13.04:897][300]LogVoxelMeshingProfiling: Display: Scenario name: UEDPIE_0_Map_RLE_Scenario34; Voxel Model memory: 216
[2025.05.08-13.13.04:897][300]LogVoxelMeshingProfiling: Display: Scenario name: UEDPIE_0_Map_RLE_Scenario34; Voxel Model memory: 216
[2025.05.08-13.13.04:899][300]LogVoxelMeshingProfiling: Display: Scenario name: UEDPIE_0_Map_RLE_Scenario34; Voxel Model memory: 216
[2025.05.08-13.13.04:899][300]LogVoxelMeshingProfiling: Display: Scenario name: UEDPIE_0_Map_RLE_Scenario34; Voxel Model memory: 216
[2025.05.08-13.13.04:906][300]LogVoxelMeshingProfiling: Display: Scenario name: UEDPIE_0_Map_RLE_Scenario34; Voxel Model memory: 216
[2025.05.08-13.13.04:906][300]LogVoxelMeshingProfiling: Display: Scenario name: UEDPIE_0_Map_RLE_Scenario34; Voxel Model memory: 216
[2025.05.08-13.13.04:908][300]LogVoxelMeshingProfiling: Display: Scenario name: UEDPIE_0_Map_RLE_Scenario34; Voxel Model memory: 216
[2025.05.08-13.13.04:908][300]LogVoxelMeshingProfiling: Display: Scenario name: UEDPIE_0_Map_RLE_Scenario34; Voxel Model memory: 216
[2025.05.08-13.13.04:911][300]LogVoxelMeshingProfiling: Display: Scenario name: UEDPIE_0_Map_RLE_Scenario34; Voxel Model memory: 216
[2025.05.08-13.13.04:911][300]LogVoxelMeshingProfiling: Display: Scenario name: UEDPIE_0_Map_RLE_Scenario34; Voxel Model memory: 216
[2025.05.08-13.13.04:911][300]LogVoxelMeshingProfiling: Display: Scenario name: UEDPIE_0_Map_RLE_Scenario34; Voxel Model memory: 216
[2025.05.08-13.13.04:918][300]LogVoxelMeshingProfiling: Display: Scenario name: UEDPIE_0_Map_RLE_Scenario34; Voxel Model memory: 216
[2025.05.08-13.13.04:918][300]LogVoxelMeshingProfiling: Display: Scenario name: UEDPIE_0_Map_RLE_Scenario34; Voxel Model memory: 216
[2025.05.08-13.13.04:920][300]LogVoxelMeshingProfiling: Display: Scenario name: UEDPIE_0_Map_RLE_Scenario34; Voxel Model memory: 216
[2025.05.08-13.13.04:921][300]LogVoxelMeshingProfiling: Display: Scenario name: UEDPIE_0_Map_RLE_Scenario34; Voxel Model memory: 216
[2025.05.08-13.13.04:922][300]LogVoxelMeshingProfiling: Display: Scenario name: UEDPIE_0_Map_RLE_Scenario34; Voxel Model memory: 216
[2025.05.08-13.13.04:922][300]LogVoxelMeshingProfiling: Display: Scenario name: UEDPIE_0_Map_RLE_Scenario34; Voxel Model memory: 216
[2025.05.08-13.13.04:923][300]LogVoxelMeshingProfiling: Display: Scenario name: UEDPIE_0_Map_RLE_Scenario34; Voxel Model memory: 216
[2025.05.08-13.13.04:929][300]LogVoxelMeshingProfiling: Display: Scenario name: UEDPIE_0_Map_RLE_Scenario34; Voxel Model memory: 216
[2025.05.08-13.13.04:929][300]LogVoxelMeshingProfiling: Display: Scenario name: UEDPIE_0_Map_RLE_Scenario34; Voxel Model memory: 216
[2025.05.08-13.13.04:929][300]LogVoxelMeshingProfiling: Display: Scenario name: UEDPIE_0_Map_RLE_Scenario34; Voxel Model memory: 216
[2025.05.08-13.13.04:929][300]LogVoxelMeshingProfiling: Display: Scenario name: UEDPIE_0_Map_RLE_Scenario34; Voxel Model memory: 216
[2025.05.08-13.13.04:931][300]LogVoxelMeshingProfiling: Display: Scenario name: UEDPIE_0_Map_RLE_Scenario34; Voxel Model memory: 216
[2025.05.08-13.13.04:931][300]LogVoxelMeshingProfiling: Display: Scenario name: UEDPIE_0_Map_RLE_Scenario34; Voxel Model memory: 216
[2025.05.08-13.13.04:933][300]LogVoxelMeshingProfiling: Display: Scenario name: UEDPIE_0_Map_RLE_Scenario34; Vertices: 9280
[2025.05.08-13.13.04:936][300]LogVoxelMeshingProfiling: Display: Scenario name: UEDPIE_0_Map_RLE_Scenario34; Vertices: 9280
[2025.05.08-13.13.04:938][300]LogVoxelMeshingProfiling: Display: Scenario name: UEDPIE_0_Map_RLE_Scenario34; Vertices: 9280
[2025.05.08-13.13.04:941][300]LogVoxelMeshingProfiling: Display: Scenario name: UEDPIE_0_Map_RLE_Scenario34; Vertices: 9280
[2025.05.08-13.13.04:943][300]LogVoxelMeshingProfiling: Display: Scenario name: UEDPIE_0_Map_RLE_Scenario34; Vertices: 9280
[2025.05.08-13.13.04:944][301]LogVoxelMeshingProfiling: Display: Scenario name: UEDPIE_0_Map_RLE_Scenario34; Vertices: 9280
[2025.05.08-13.13.04:946][301]LogVoxelMeshingProfiling: Display: Scenario name: UEDPIE_0_Map_RLE_Scenario34; Vertices: 9280
[2025.05.08-13.13.04:949][301]LogVoxelMeshingProfiling: Display: Scenario name: UEDPIE_0_Map_RLE_Scenario34; Vertices: 9280
[2025.05.08-13.13.04:951][301]LogVoxelMeshingProfiling: Display: Scenario name: UEDPIE_0_Map_RLE_Scenario34; Vertices: 9280
[2025.05.08-13.13.04:953][301]LogVoxelMeshingProfiling: Display: Scenario name: UEDPIE_0_Map_RLE_Scenario34; Vertices: 9280
[2025.05.08-13.13.04:955][301]LogVoxelMeshingProfiling: Display: Scenario name: UEDPIE_0_Map_RLE_Scenario34; Vertices: 9280
[2025.05.08-13.13.04:956][301]LogVoxelMeshingProfiling: Display: Scenario name: UEDPIE_0_Map_RLE_Scenario34; Vertices: 9280
[2025.05.08-13.13.04:959][301]LogVoxelMeshingProfiling: Display: Scenario name: UEDPIE_0_Map_RLE_Scenario34; Vertices: 9280
[2025.05.08-13.13.04:970][301]LogVoxelMeshingProfiling: Display: Scenario name: UEDPIE_0_Map_RLE_Scenario34; Vertices: 9280
[2025.05.08-13.13.04:970][301]LogVoxelMeshingProfiling: Display: Scenario name: UEDPIE_0_Map_RLE_Scenario34; Vertices: 9280
[2025.05.08-13.13.04:970][301]LogVoxelMeshingProfiling: Display: Scenario name: UEDPIE_0_Map_RLE_Scenario34; Vertices: 9280
[2025.05.08-13.13.04:972][301]LogVoxelMeshingProfiling: Display: Scenario name: UEDPIE_0_Map_RLE_Scenario34; Vertices: 9280
[2025.05.08-13.13.04:974][301]LogVoxelMeshingProfiling: Display: Scenario name: UEDPIE_0_Map_RLE_Scenario34; Vertices: 9280
[2025.05.08-13.13.04:975][301]LogVoxelMeshingProfiling: Display: Scenario name: UEDPIE_0_Map_RLE_Scenario34; Vertices: 9280
[2025.05.08-13.13.04:976][301]LogVoxelMeshingProfiling: Display: Scenario name: UEDPIE_0_Map_RLE_Scenario34; Vertices: 9280
[2025.05.08-13.13.04:978][301]LogVoxelMeshingProfiling: Display: Scenario name: UEDPIE_0_Map_RLE_Scenario34; Vertices: 9280
[2025.05.08-13.13.04:980][301]LogVoxelMeshingProfiling: Display: Scenario name: UEDPIE_0_Map_RLE_Scenario34; Vertices: 9280
[2025.05.08-13.13.04:982][301]LogVoxelMeshingProfiling: Display: Scenario name: UEDPIE_0_Map_RLE_Scenario34; Vertices: 9280
[2025.05.08-13.13.04:983][301]LogVoxelMeshingProfiling: Display: Scenario name: UEDPIE_0_Map_RLE_Scenario34; Vertices: 9280
[2025.05.08-13.13.04:984][301]LogVoxelMeshingProfiling: Display: Scenario name: UEDPIE_0_Map_RLE_Scenario34; Vertices: 9280
[2025.05.08-13.13.04:986][301]LogVoxelMeshingProfiling: Display: Scenario name: UEDPIE_0_Map_RLE_Scenario34; Vertices: 9280
[2025.05.08-13.13.04:989][301]LogVoxelMeshingProfiling: Display: Scenario name: UEDPIE_0_Map_RLE_Scenario34; Vertices: 9280
[2025.05.08-13.13.11:523][725]LogVoxelMeshingProfiling: Display: Scenario name: UEDPIE_0_Map_VoxelPlugin_Scenario34; Voxel Model memory: 262144
[2025.05.08-13.13.11:523][725]LogVoxelMeshingProfiling: Display: Scenario name: UEDPIE_0_Map_VoxelPlugin_Scenario34; OpaqueVoxelCount: 16384; TransparentVoxelCount: 16384
[2025.05.08-13.13.11:530][725]LogVoxelMeshingProfiling: Display: Scenario name: UEDPIE_0_Map_VoxelPlugin_Scenario34; Voxel Model memory: 262144
[2025.05.08-13.13.11:530][725]LogVoxelMeshingProfiling: Display: Scenario name: UEDPIE_0_Map_VoxelPlugin_Scenario34; OpaqueVoxelCount: 16384; TransparentVoxelCount: 16384
[2025.05.08-13.13.11:531][725]LogVoxelMeshingProfiling: Display: Scenario name: UEDPIE_0_Map_VoxelPlugin_Scenario34; Voxel Model memory: 262144
[2025.05.08-13.13.11:531][725]LogVoxelMeshingProfiling: Display: Scenario name: UEDPIE_0_Map_VoxelPlugin_Scenario34; Voxel Model memory: 262144
[2025.05.08-13.13.11:531][725]LogVoxelMeshingProfiling: Display: Scenario name: UEDPIE_0_Map_VoxelPlugin_Scenario34; OpaqueVoxelCount: 16384; TransparentVoxelCount: 16384
[2025.05.08-13.13.11:531][725]LogVoxelMeshingProfiling: Display: Scenario name: UEDPIE_0_Map_VoxelPlugin_Scenario34; OpaqueVoxelCount: 16384; TransparentVoxelCount: 16384
[2025.05.08-13.13.11:531][725]LogVoxelMeshingProfiling: Display: Scenario name: UEDPIE_0_Map_VoxelPlugin_Scenario34; Voxel Model memory: 262144
[2025.05.08-13.13.11:531][725]LogVoxelMeshingProfiling: Display: Scenario name: UEDPIE_0_Map_VoxelPlugin_Scenario34; OpaqueVoxelCount: 16384; TransparentVoxelCount: 16384
[2025.05.08-13.13.11:533][725]LogVoxelMeshingProfiling: Display: Scenario name: UEDPIE_0_Map_VoxelPlugin_Scenario34; Voxel Model memory: 262144
[2025.05.08-13.13.11:533][725]LogVoxelMeshingProfiling: Display: Scenario name: UEDPIE_0_Map_VoxelPlugin_Scenario34; OpaqueVoxelCount: 16384; TransparentVoxelCount: 16384
[2025.05.08-13.13.11:533][725]LogVoxelMeshingProfiling: Display: Scenario name: UEDPIE_0_Map_VoxelPlugin_Scenario34; Voxel Model memory: 262144
[2025.05.08-13.13.11:533][725]LogVoxelMeshingProfiling: Display: Scenario name: UEDPIE_0_Map_VoxelPlugin_Scenario34; OpaqueVoxelCount: 16384; TransparentVoxelCount: 16384
[2025.05.08-13.13.11:541][725]LogVoxelMeshingProfiling: Display: Scenario name: UEDPIE_0_Map_VoxelPlugin_Scenario34; Voxel Model memory: 262144
[2025.05.08-13.13.11:541][725]LogVoxelMeshingProfiling: Display: Scenario name: UEDPIE_0_Map_VoxelPlugin_Scenario34; OpaqueVoxelCount: 16384; TransparentVoxelCount: 16384
[2025.05.08-13.13.11:542][725]LogVoxelMeshingProfiling: Display: Scenario name: UEDPIE_0_Map_VoxelPlugin_Scenario34; Voxel Model memory: 262144
[2025.05.08-13.13.11:542][725]LogVoxelMeshingProfiling: Display: Scenario name: UEDPIE_0_Map_VoxelPlugin_Scenario34; OpaqueVoxelCount: 16384; TransparentVoxelCount: 16384
[2025.05.08-13.13.11:542][725]LogVoxelMeshingProfiling: Display: Scenario name: UEDPIE_0_Map_VoxelPlugin_Scenario34; Voxel Model memory: 262144
[2025.05.08-13.13.11:542][725]LogVoxelMeshingProfiling: Display: Scenario name: UEDPIE_0_Map_VoxelPlugin_Scenario34; OpaqueVoxelCount: 16384; TransparentVoxelCount: 16384
[2025.05.08-13.13.11:543][725]LogVoxelMeshingProfiling: Display: Scenario name: UEDPIE_0_Map_VoxelPlugin_Scenario34; Voxel Model memory: 262144
[2025.05.08-13.13.11:543][725]LogVoxelMeshingProfiling: Display: Scenario name: UEDPIE_0_Map_VoxelPlugin_Scenario34; OpaqueVoxelCount: 16384; TransparentVoxelCount: 16384
[2025.05.08-13.13.11:545][725]LogVoxelMeshingProfiling: Display: Scenario name: UEDPIE_0_Map_VoxelPlugin_Scenario34; Voxel Model memory: 262144
[2025.05.08-13.13.11:545][725]LogVoxelMeshingProfiling: Display: Scenario name: UEDPIE_0_Map_VoxelPlugin_Scenario34; OpaqueVoxelCount: 16384; TransparentVoxelCount: 16384
[2025.05.08-13.13.11:545][725]LogVoxelMeshingProfiling: Display: Scenario name: UEDPIE_0_Map_VoxelPlugin_Scenario34; Voxel Model memory: 262144
[2025.05.08-13.13.11:545][725]LogVoxelMeshingProfiling: Display: Scenario name: UEDPIE_0_Map_VoxelPlugin_Scenario34; OpaqueVoxelCount: 16384; TransparentVoxelCount: 16384
[2025.05.08-13.13.11:546][725]LogVoxelMeshingProfiling: Display: Scenario name: UEDPIE_0_Map_VoxelPlugin_Scenario34; Voxel Model memory: 262144
[2025.05.08-13.13.11:546][725]LogVoxelMeshingProfiling: Display: Scenario name: UEDPIE_0_Map_VoxelPlugin_Scenario34; OpaqueVoxelCount: 16384; TransparentVoxelCount: 16384
[2025.05.08-13.13.11:552][725]LogVoxelMeshingProfiling: Display: Scenario name: UEDPIE_0_Map_VoxelPlugin_Scenario34; Voxel Model memory: 262144
[2025.05.08-13.13.11:552][725]LogVoxelMeshingProfiling: Display: Scenario name: UEDPIE_0_Map_VoxelPlugin_Scenario34; OpaqueVoxelCount: 16384; TransparentVoxelCount: 16384
[2025.05.08-13.13.11:552][725]LogVoxelMeshingProfiling: Display: Scenario name: UEDPIE_0_Map_VoxelPlugin_Scenario34; Voxel Model memory: 262144
[2025.05.08-13.13.11:552][725]LogVoxelMeshingProfiling: Display: Scenario name: UEDPIE_0_Map_VoxelPlugin_Scenario34; OpaqueVoxelCount: 16384; TransparentVoxelCount: 16384
[2025.05.08-13.13.11:553][725]LogVoxelMeshingProfiling: Display: Scenario name: UEDPIE_0_Map_VoxelPlugin_Scenario34; Voxel Model memory: 262144
[2025.05.08-13.13.11:553][725]LogVoxelMeshingProfiling: Display: Scenario name: UEDPIE_0_Map_VoxelPlugin_Scenario34; OpaqueVoxelCount: 16384; TransparentVoxelCount: 16384
[2025.05.08-13.13.11:553][725]LogVoxelMeshingProfiling: Display: Scenario name: UEDPIE_0_Map_VoxelPlugin_Scenario34; Voxel Model memory: 262144
[2025.05.08-13.13.11:553][725]LogVoxelMeshingProfiling: Display: Scenario name: UEDPIE_0_Map_VoxelPlugin_Scenario34; OpaqueVoxelCount: 16384; TransparentVoxelCount: 16384
[2025.05.08-13.13.11:556][725]LogVoxelMeshingProfiling: Display: Scenario name: UEDPIE_0_Map_VoxelPlugin_Scenario34; Voxel Model memory: 262144
[2025.05.08-13.13.11:556][725]LogVoxelMeshingProfiling: Display: Scenario name: UEDPIE_0_Map_VoxelPlugin_Scenario34; OpaqueVoxelCount: 16384; TransparentVoxelCount: 16384
[2025.05.08-13.13.11:557][725]LogVoxelMeshingProfiling: Display: Scenario name: UEDPIE_0_Map_VoxelPlugin_Scenario34; Voxel Model memory: 262144
[2025.05.08-13.13.11:557][725]LogVoxelMeshingProfiling: Display: Scenario name: UEDPIE_0_Map_VoxelPlugin_Scenario34; OpaqueVoxelCount: 16384; TransparentVoxelCount: 16384
[2025.05.08-13.13.11:557][725]LogVoxelMeshingProfiling: Display: Scenario name: UEDPIE_0_Map_VoxelPlugin_Scenario34; Voxel Model memory: 262144
[2025.05.08-13.13.11:557][725]LogVoxelMeshingProfiling: Display: Scenario name: UEDPIE_0_Map_VoxelPlugin_Scenario34; OpaqueVoxelCount: 16384; TransparentVoxelCount: 16384
[2025.05.08-13.13.11:565][725]LogVoxelMeshingProfiling: Display: Scenario name: UEDPIE_0_Map_VoxelPlugin_Scenario34; Voxel Model memory: 262144
[2025.05.08-13.13.11:565][725]LogVoxelMeshingProfiling: Display: Scenario name: UEDPIE_0_Map_VoxelPlugin_Scenario34; OpaqueVoxelCount: 16384; TransparentVoxelCount: 16384
[2025.05.08-13.13.11:566][725]LogVoxelMeshingProfiling: Display: Scenario name: UEDPIE_0_Map_VoxelPlugin_Scenario34; Voxel Model memory: 262144
[2025.05.08-13.13.11:566][725]LogVoxelMeshingProfiling: Display: Scenario name: UEDPIE_0_Map_VoxelPlugin_Scenario34; OpaqueVoxelCount: 16384; TransparentVoxelCount: 16384
[2025.05.08-13.13.11:566][725]LogVoxelMeshingProfiling: Display: Scenario name: UEDPIE_0_Map_VoxelPlugin_Scenario34; Voxel Model memory: 262144
[2025.05.08-13.13.11:566][725]LogVoxelMeshingProfiling: Display: Scenario name: UEDPIE_0_Map_VoxelPlugin_Scenario34; OpaqueVoxelCount: 16384; TransparentVoxelCount: 16384
[2025.05.08-13.13.11:566][725]LogVoxelMeshingProfiling: Display: Scenario name: UEDPIE_0_Map_VoxelPlugin_Scenario34; Voxel Model memory: 262144
[2025.05.08-13.13.11:566][725]LogVoxelMeshingProfiling: Display: Scenario name: UEDPIE_0_Map_VoxelPlugin_Scenario34; OpaqueVoxelCount: 16384; TransparentVoxelCount: 16384
[2025.05.08-13.13.11:568][725]LogVoxelMeshingProfiling: Display: Scenario name: UEDPIE_0_Map_VoxelPlugin_Scenario34; Voxel Model memory: 262144
[2025.05.08-13.13.11:568][725]LogVoxelMeshingProfiling: Display: Scenario name: UEDPIE_0_Map_VoxelPlugin_Scenario34; OpaqueVoxelCount: 16384; TransparentVoxelCount: 16384
[2025.05.08-13.13.11:568][725]LogVoxelMeshingProfiling: Display: Scenario name: UEDPIE_0_Map_VoxelPlugin_Scenario34; Voxel Model memory: 262144
[2025.05.08-13.13.11:568][725]LogVoxelMeshingProfiling: Display: Scenario name: UEDPIE_0_Map_VoxelPlugin_Scenario34; OpaqueVoxelCount: 16384; TransparentVoxelCount: 16384
[2025.05.08-13.13.11:651][726]LogVoxelMeshingProfiling: Display: Scenario name: Map_VoxelPlugin_Scenario34; Vertices: 65536
[2025.05.08-13.13.11:658][726]LogVoxelMeshingProfiling: Display: Scenario name: Map_VoxelPlugin_Scenario34; Vertices: 67584
[2025.05.08-13.13.11:680][726]LogVoxelMeshingProfiling: Display: Scenario name: Map_VoxelPlugin_Scenario34; Vertices: 67584
[2025.05.08-13.13.11:685][726]LogVoxelMeshingProfiling: Display: Scenario name: Map_VoxelPlugin_Scenario34; Vertices: 69632
[2025.05.08-13.13.11:718][727]LogVoxelMeshingProfiling: Display: Scenario name: Map_VoxelPlugin_Scenario34; Vertices: 69632
[2025.05.08-13.13.11:723][727]LogVoxelMeshingProfiling: Display: Scenario name: Map_VoxelPlugin_Scenario34; Vertices: 67584
[2025.05.08-13.13.11:762][729]LogVoxelMeshingProfiling: Display: Scenario name: Map_VoxelPlugin_Scenario34; Vertices: 67584
[2025.05.08-13.13.11:898][733]LogVoxelMeshingProfiling: Display: Scenario name: Map_VoxelPlugin_Scenario34; Vertices: 69632
[2025.05.08-13.13.11:986][736]LogVoxelMeshingProfiling: Display: Scenario name: Map_VoxelPlugin_Scenario34; Vertices: 69632
[2025.05.08-13.13.11:999][736]LogVoxelMeshingProfiling: Display: Scenario name: Map_VoxelPlugin_Scenario34; Vertices: 67584
[2025.05.08-13.13.12:023][737]LogVoxelMeshingProfiling: Display: Scenario name: Map_VoxelPlugin_Scenario34; Vertices: 65536
[2025.05.08-13.13.12:038][738]LogVoxelMeshingProfiling: Display: Scenario name: Map_VoxelPlugin_Scenario34; Vertices: 67584
[2025.05.08-13.13.12:072][740]LogVoxelMeshingProfiling: Display: Scenario name: Map_VoxelPlugin_Scenario34; Vertices: 69632
[2025.05.08-13.13.12:123][741]LogVoxelMeshingProfiling: Display: Scenario name: Map_VoxelPlugin_Scenario34; Vertices: 67584
[2025.05.08-13.13.12:131][741]LogVoxelMeshingProfiling: Display: Scenario name: Map_VoxelPlugin_Scenario34; Vertices: 69632
[2025.05.08-13.13.12:180][744]LogVoxelMeshingProfiling: Display: Scenario name: Map_VoxelPlugin_Scenario34; Vertices: 67584
[2025.05.08-13.13.12:206][746]LogVoxelMeshingProfiling: Display: Scenario name: Map_VoxelPlugin_Scenario34; Vertices: 69632
[2025.05.08-13.13.12:223][747]LogVoxelMeshingProfiling: Display: Scenario name: Map_VoxelPlugin_Scenario34; Vertices: 69632
[2025.05.08-13.13.12:339][754]LogVoxelMeshingProfiling: Display: Scenario name: Map_VoxelPlugin_Scenario34; Vertices: 67584
[2025.05.08-13.13.12:344][754]LogVoxelMeshingProfiling: Display: Scenario name: Map_VoxelPlugin_Scenario34; Vertices: 65536
[2025.05.08-13.13.12:377][756]LogVoxelMeshingProfiling: Display: Scenario name: Map_VoxelPlugin_Scenario34; Vertices: 67584
[2025.05.08-13.13.12:379][756]LogVoxelMeshingProfiling: Display: Scenario name: Map_VoxelPlugin_Scenario34; Vertices: 69632
[2025.05.08-13.13.12:449][760]LogVoxelMeshingProfiling: Display: Scenario name: Map_VoxelPlugin_Scenario34; Vertices: 67584
[2025.05.08-13.13.12:469][761]LogVoxelMeshingProfiling: Display: Scenario name: Map_VoxelPlugin_Scenario34; Vertices: 69632
[2025.05.08-13.13.12:493][762]LogVoxelMeshingProfiling: Display: Scenario name: Map_VoxelPlugin_Scenario34; Vertices: 67584
[2025.05.08-13.13.12:514][763]LogVoxelMeshingProfiling: Display: Scenario name: Map_VoxelPlugin_Scenario34; Vertices: 69632
[2025.05.08-13.13.12:536][764]LogVoxelMeshingProfiling: Display: Scenario name: Map_VoxelPlugin_Scenario34; Vertices: 69632
