[2025.05.08-13.16.45:921][872]LogVoxelMeshingProfiling: Display: Scenario name: UEDPIE_0_Map_Grid_Scenario35; Voxel Model memory: 262144
[2025.05.08-13.16.45:921][872]LogVoxelMeshingProfiling: Display: Scenario name: UEDPIE_0_Map_Grid_Scenario35; OpaqueVoxelCount: 16384; TransparentVoxelCount: 16384
[2025.05.08-13.16.45:929][872]LogVoxelMeshingProfiling: Display: Scenario name: UEDPIE_0_Map_Grid_Scenario35; Voxel Model memory: 262144
[2025.05.08-13.16.45:929][872]LogVoxelMeshingProfiling: Display: Scenario name: UEDPIE_0_Map_Grid_Scenario35; OpaqueVoxelCount: 16384; TransparentVoxelCount: 16384
[2025.05.08-13.16.45:929][872]LogVoxelMeshingProfiling: Display: Scenario name: UEDPIE_0_Map_Grid_Scenario35; Voxel Model memory: 262144
[2025.05.08-13.16.45:929][872]LogVoxelMeshingProfiling: Display: Scenario name: UEDPIE_0_Map_Grid_Scenario35; OpaqueVoxelCount: 16384; TransparentVoxelCount: 16384
[2025.05.08-13.16.45:929][872]LogVoxelMeshingProfiling: Display: Scenario name: UEDPIE_0_Map_Grid_Scenario35; Voxel Model memory: 262144
[2025.05.08-13.16.45:929][872]LogVoxelMeshingProfiling: Display: Scenario name: UEDPIE_0_Map_Grid_Scenario35; OpaqueVoxelCount: 16384; TransparentVoxelCount: 16384
[2025.05.08-13.16.45:930][872]LogVoxelMeshingProfiling: Display: Scenario name: UEDPIE_0_Map_Grid_Scenario35; Voxel Model memory: 262144
[2025.05.08-13.16.45:930][872]LogVoxelMeshingProfiling: Display: Scenario name: UEDPIE_0_Map_Grid_Scenario35; OpaqueVoxelCount: 16384; TransparentVoxelCount: 16384
[2025.05.08-13.16.45:932][872]LogVoxelMeshingProfiling: Display: Scenario name: UEDPIE_0_Map_Grid_Scenario35; Voxel Model memory: 262144
[2025.05.08-13.16.45:932][872]LogVoxelMeshingProfiling: Display: Scenario name: UEDPIE_0_Map_Grid_Scenario35; OpaqueVoxelCount: 16384; TransparentVoxelCount: 16384
[2025.05.08-13.16.45:932][872]LogVoxelMeshingProfiling: Display: Scenario name: UEDPIE_0_Map_Grid_Scenario35; Voxel Model memory: 262144
[2025.05.08-13.16.45:932][872]LogVoxelMeshingProfiling: Display: Scenario name: UEDPIE_0_Map_Grid_Scenario35; OpaqueVoxelCount: 16384; TransparentVoxelCount: 16384
[2025.05.08-13.16.45:937][872]LogVoxelMeshingProfiling: Display: Scenario name: UEDPIE_0_Map_Grid_Scenario35; Voxel Model memory: 262144
[2025.05.08-13.16.45:937][872]LogVoxelMeshingProfiling: Display: Scenario name: UEDPIE_0_Map_Grid_Scenario35; OpaqueVoxelCount: 16384; TransparentVoxelCount: 16384
[2025.05.08-13.16.45:937][872]LogVoxelMeshingProfiling: Display: Scenario name: UEDPIE_0_Map_Grid_Scenario35; Voxel Model memory: 262144
[2025.05.08-13.16.45:937][872]LogVoxelMeshingProfiling: Display: Scenario name: UEDPIE_0_Map_Grid_Scenario35; OpaqueVoxelCount: 16384; TransparentVoxelCount: 16384
[2025.05.08-13.16.45:942][872]LogVoxelMeshingProfiling: Display: Scenario name: UEDPIE_0_Map_Grid_Scenario35; Voxel Model memory: 262144
[2025.05.08-13.16.45:942][872]LogVoxelMeshingProfiling: Display: Scenario name: UEDPIE_0_Map_Grid_Scenario35; OpaqueVoxelCount: 16384; TransparentVoxelCount: 16384
[2025.05.08-13.16.45:944][872]LogVoxelMeshingProfiling: Display: Scenario name: UEDPIE_0_Map_Grid_Scenario35; Voxel Model memory: 262144
[2025.05.08-13.16.45:944][872]LogVoxelMeshingProfiling: Display: Scenario name: UEDPIE_0_Map_Grid_Scenario35; OpaqueVoxelCount: 16384; TransparentVoxelCount: 16384
[2025.05.08-13.16.45:944][872]LogVoxelMeshingProfiling: Display: Scenario name: UEDPIE_0_Map_Grid_Scenario35; Voxel Model memory: 262144
[2025.05.08-13.16.45:944][872]LogVoxelMeshingProfiling: Display: Scenario name: UEDPIE_0_Map_Grid_Scenario35; OpaqueVoxelCount: 16384; TransparentVoxelCount: 16384
[2025.05.08-13.16.45:944][872]LogVoxelMeshingProfiling: Display: Scenario name: UEDPIE_0_Map_Grid_Scenario35; Voxel Model memory: 262144
[2025.05.08-13.16.45:944][872]LogVoxelMeshingProfiling: Display: Scenario name: UEDPIE_0_Map_Grid_Scenario35; OpaqueVoxelCount: 16384; TransparentVoxelCount: 16384
[2025.05.08-13.16.45:945][872]LogVoxelMeshingProfiling: Display: Scenario name: UEDPIE_0_Map_Grid_Scenario35; Voxel Model memory: 262144
[2025.05.08-13.16.45:945][872]LogVoxelMeshingProfiling: Display: Scenario name: UEDPIE_0_Map_Grid_Scenario35; OpaqueVoxelCount: 16384; TransparentVoxelCount: 16384
[2025.05.08-13.16.45:952][872]LogVoxelMeshingProfiling: Display: Scenario name: UEDPIE_0_Map_Grid_Scenario35; Voxel Model memory: 262144
[2025.05.08-13.16.45:952][872]LogVoxelMeshingProfiling: Display: Scenario name: UEDPIE_0_Map_Grid_Scenario35; OpaqueVoxelCount: 16384; TransparentVoxelCount: 16384
[2025.05.08-13.16.45:953][872]LogVoxelMeshingProfiling: Display: Scenario name: UEDPIE_0_Map_Grid_Scenario35; Voxel Model memory: 262144
[2025.05.08-13.16.45:953][872]LogVoxelMeshingProfiling: Display: Scenario name: UEDPIE_0_Map_Grid_Scenario35; OpaqueVoxelCount: 16384; TransparentVoxelCount: 16384
[2025.05.08-13.16.45:953][872]LogVoxelMeshingProfiling: Display: Scenario name: UEDPIE_0_Map_Grid_Scenario35; Voxel Model memory: 262144
[2025.05.08-13.16.45:953][872]LogVoxelMeshingProfiling: Display: Scenario name: UEDPIE_0_Map_Grid_Scenario35; OpaqueVoxelCount: 16384; TransparentVoxelCount: 16384
[2025.05.08-13.16.45:953][872]LogVoxelMeshingProfiling: Display: Scenario name: UEDPIE_0_Map_Grid_Scenario35; Voxel Model memory: 262144
[2025.05.08-13.16.45:954][872]LogVoxelMeshingProfiling: Display: Scenario name: UEDPIE_0_Map_Grid_Scenario35; OpaqueVoxelCount: 16384; TransparentVoxelCount: 16384
[2025.05.08-13.16.45:955][872]LogVoxelMeshingProfiling: Display: Scenario name: UEDPIE_0_Map_Grid_Scenario35; Voxel Model memory: 262144
[2025.05.08-13.16.45:955][872]LogVoxelMeshingProfiling: Display: Scenario name: UEDPIE_0_Map_Grid_Scenario35; OpaqueVoxelCount: 16384; TransparentVoxelCount: 16384
[2025.05.08-13.16.45:955][872]LogVoxelMeshingProfiling: Display: Scenario name: UEDPIE_0_Map_Grid_Scenario35; Voxel Model memory: 262144
[2025.05.08-13.16.45:955][872]LogVoxelMeshingProfiling: Display: Scenario name: UEDPIE_0_Map_Grid_Scenario35; OpaqueVoxelCount: 16384; TransparentVoxelCount: 16384
[2025.05.08-13.16.45:955][872]LogVoxelMeshingProfiling: Display: Scenario name: UEDPIE_0_Map_Grid_Scenario35; Voxel Model memory: 262144
[2025.05.08-13.16.45:957][872]LogVoxelMeshingProfiling: Display: Scenario name: UEDPIE_0_Map_Grid_Scenario35; OpaqueVoxelCount: 16384; TransparentVoxelCount: 16384
[2025.05.08-13.16.45:962][872]LogVoxelMeshingProfiling: Display: Scenario name: UEDPIE_0_Map_Grid_Scenario35; Voxel Model memory: 262144
[2025.05.08-13.16.45:962][872]LogVoxelMeshingProfiling: Display: Scenario name: UEDPIE_0_Map_Grid_Scenario35; OpaqueVoxelCount: 16384; TransparentVoxelCount: 16384
[2025.05.08-13.16.45:963][872]LogVoxelMeshingProfiling: Display: Scenario name: UEDPIE_0_Map_Grid_Scenario35; Voxel Model memory: 262144
[2025.05.08-13.16.45:963][872]LogVoxelMeshingProfiling: Display: Scenario name: UEDPIE_0_Map_Grid_Scenario35; OpaqueVoxelCount: 16384; TransparentVoxelCount: 16384
[2025.05.08-13.16.45:963][872]LogVoxelMeshingProfiling: Display: Scenario name: UEDPIE_0_Map_Grid_Scenario35; Voxel Model memory: 262144
[2025.05.08-13.16.45:963][872]LogVoxelMeshingProfiling: Display: Scenario name: UEDPIE_0_Map_Grid_Scenario35; OpaqueVoxelCount: 16384; TransparentVoxelCount: 16384
[2025.05.08-13.16.45:964][872]LogVoxelMeshingProfiling: Display: Scenario name: UEDPIE_0_Map_Grid_Scenario35; Voxel Model memory: 262144
[2025.05.08-13.16.45:964][872]LogVoxelMeshingProfiling: Display: Scenario name: UEDPIE_0_Map_Grid_Scenario35; OpaqueVoxelCount: 16384; TransparentVoxelCount: 16384
[2025.05.08-13.16.45:965][872]LogVoxelMeshingProfiling: Display: Scenario name: UEDPIE_0_Map_Grid_Scenario35; Voxel Model memory: 262144
[2025.05.08-13.16.45:965][872]LogVoxelMeshingProfiling: Display: Scenario name: UEDPIE_0_Map_Grid_Scenario35; OpaqueVoxelCount: 16384; TransparentVoxelCount: 16384
[2025.05.08-13.16.45:965][872]LogVoxelMeshingProfiling: Display: Scenario name: UEDPIE_0_Map_Grid_Scenario35; Voxel Model memory: 262144
[2025.05.08-13.16.45:965][872]LogVoxelMeshingProfiling: Display: Scenario name: UEDPIE_0_Map_Grid_Scenario35; OpaqueVoxelCount: 16384; TransparentVoxelCount: 16384
[2025.05.08-13.16.45:969][872]LogVoxelMeshingProfiling: Display: Scenario name: UEDPIE_0_Map_Grid_Scenario35; Vertices: 32
[2025.05.08-13.16.45:973][872]LogVoxelMeshingProfiling: Display: Scenario name: UEDPIE_0_Map_Grid_Scenario35; Vertices: 32
[2025.05.08-13.16.45:977][872]LogVoxelMeshingProfiling: Display: Scenario name: UEDPIE_0_Map_Grid_Scenario35; Vertices: 48
[2025.05.08-13.16.45:982][872]LogVoxelMeshingProfiling: Display: Scenario name: UEDPIE_0_Map_Grid_Scenario35; Vertices: 48
[2025.05.08-13.16.45:985][872]LogVoxelMeshingProfiling: Display: Scenario name: UEDPIE_0_Map_Grid_Scenario35; Vertices: 32
[2025.05.08-13.16.45:990][872]LogVoxelMeshingProfiling: Display: Scenario name: UEDPIE_0_Map_Grid_Scenario35; Vertices: 48
[2025.05.08-13.16.45:993][872]LogVoxelMeshingProfiling: Display: Scenario name: UEDPIE_0_Map_Grid_Scenario35; Vertices: 48
[2025.05.08-13.16.45:997][872]LogVoxelMeshingProfiling: Display: Scenario name: UEDPIE_0_Map_Grid_Scenario35; Vertices: 48
[2025.05.08-13.16.46:001][872]LogVoxelMeshingProfiling: Display: Scenario name: UEDPIE_0_Map_Grid_Scenario35; Vertices: 48
[2025.05.08-13.16.46:004][872]LogVoxelMeshingProfiling: Display: Scenario name: UEDPIE_0_Map_Grid_Scenario35; Vertices: 48
[2025.05.08-13.16.46:007][872]LogVoxelMeshingProfiling: Display: Scenario name: UEDPIE_0_Map_Grid_Scenario35; Vertices: 48
[2025.05.08-13.16.46:010][872]LogVoxelMeshingProfiling: Display: Scenario name: UEDPIE_0_Map_Grid_Scenario35; Vertices: 48
[2025.05.08-13.16.46:014][872]LogVoxelMeshingProfiling: Display: Scenario name: UEDPIE_0_Map_Grid_Scenario35; Vertices: 64
[2025.05.08-13.16.46:017][872]LogVoxelMeshingProfiling: Display: Scenario name: UEDPIE_0_Map_Grid_Scenario35; Vertices: 64
[2025.05.08-13.16.46:021][872]LogVoxelMeshingProfiling: Display: Scenario name: UEDPIE_0_Map_Grid_Scenario35; Vertices: 48
[2025.05.08-13.16.46:026][872]LogVoxelMeshingProfiling: Display: Scenario name: UEDPIE_0_Map_Grid_Scenario35; Vertices: 64
[2025.05.08-13.16.46:031][872]LogVoxelMeshingProfiling: Display: Scenario name: UEDPIE_0_Map_Grid_Scenario35; Vertices: 64
[2025.05.08-13.16.46:036][872]LogVoxelMeshingProfiling: Display: Scenario name: UEDPIE_0_Map_Grid_Scenario35; Vertices: 48
[2025.05.08-13.16.46:039][873]LogVoxelMeshingProfiling: Display: Scenario name: UEDPIE_0_Map_Grid_Scenario35; Vertices: 48
[2025.05.08-13.16.46:043][873]LogVoxelMeshingProfiling: Display: Scenario name: UEDPIE_0_Map_Grid_Scenario35; Vertices: 64
[2025.05.08-13.16.46:047][873]LogVoxelMeshingProfiling: Display: Scenario name: UEDPIE_0_Map_Grid_Scenario35; Vertices: 64
[2025.05.08-13.16.46:051][873]LogVoxelMeshingProfiling: Display: Scenario name: UEDPIE_0_Map_Grid_Scenario35; Vertices: 64
[2025.05.08-13.16.46:055][873]LogVoxelMeshingProfiling: Display: Scenario name: UEDPIE_0_Map_Grid_Scenario35; Vertices: 64
[2025.05.08-13.16.46:059][873]LogVoxelMeshingProfiling: Display: Scenario name: UEDPIE_0_Map_Grid_Scenario35; Vertices: 64
[2025.05.08-13.16.46:065][873]LogVoxelMeshingProfiling: Display: Scenario name: UEDPIE_0_Map_Grid_Scenario35; Vertices: 64
[2025.05.08-13.16.46:068][873]LogVoxelMeshingProfiling: Display: Scenario name: UEDPIE_0_Map_Grid_Scenario35; Vertices: 64
[2025.05.08-13.16.46:075][873]LogVoxelMeshingProfiling: Display: Scenario name: UEDPIE_0_Map_Grid_Scenario35; Vertices: 64
[2025.05.08-13.16.59:114][816]LogVoxelMeshingProfiling: Display: Scenario name: UEDPIE_0_Map_RLE_Scenario35; Voxel Model memory: 216
[2025.05.08-13.16.59:123][816]LogVoxelMeshingProfiling: Display: Scenario name: UEDPIE_0_Map_RLE_Scenario35; Voxel Model memory: 216
[2025.05.08-13.16.59:123][816]LogVoxelMeshingProfiling: Display: Scenario name: UEDPIE_0_Map_RLE_Scenario35; Voxel Model memory: 216
[2025.05.08-13.16.59:123][816]LogVoxelMeshingProfiling: Display: Scenario name: UEDPIE_0_Map_RLE_Scenario35; Voxel Model memory: 216
[2025.05.08-13.16.59:124][816]LogVoxelMeshingProfiling: Display: Scenario name: UEDPIE_0_Map_RLE_Scenario35; Voxel Model memory: 216
[2025.05.08-13.16.59:125][816]LogVoxelMeshingProfiling: Display: Scenario name: UEDPIE_0_Map_RLE_Scenario35; Voxel Model memory: 216
[2025.05.08-13.16.59:125][816]LogVoxelMeshingProfiling: Display: Scenario name: UEDPIE_0_Map_RLE_Scenario35; Voxel Model memory: 216
[2025.05.08-13.16.59:133][816]LogVoxelMeshingProfiling: Display: Scenario name: UEDPIE_0_Map_RLE_Scenario35; Voxel Model memory: 216
[2025.05.08-13.16.59:133][816]LogVoxelMeshingProfiling: Display: Scenario name: UEDPIE_0_Map_RLE_Scenario35; Voxel Model memory: 216
[2025.05.08-13.16.59:133][816]LogVoxelMeshingProfiling: Display: Scenario name: UEDPIE_0_Map_RLE_Scenario35; Voxel Model memory: 216
[2025.05.08-13.16.59:134][816]LogVoxelMeshingProfiling: Display: Scenario name: UEDPIE_0_Map_RLE_Scenario35; Voxel Model memory: 216
[2025.05.08-13.16.59:137][816]LogVoxelMeshingProfiling: Display: Scenario name: UEDPIE_0_Map_RLE_Scenario35; Voxel Model memory: 216
[2025.05.08-13.16.59:137][816]LogVoxelMeshingProfiling: Display: Scenario name: UEDPIE_0_Map_RLE_Scenario35; Voxel Model memory: 216
[2025.05.08-13.16.59:137][816]LogVoxelMeshingProfiling: Display: Scenario name: UEDPIE_0_Map_RLE_Scenario35; Voxel Model memory: 216
[2025.05.08-13.16.59:141][816]LogVoxelMeshingProfiling: Display: Scenario name: UEDPIE_0_Map_RLE_Scenario35; Voxel Model memory: 216
[2025.05.08-13.16.59:142][816]LogVoxelMeshingProfiling: Display: Scenario name: UEDPIE_0_Map_RLE_Scenario35; Voxel Model memory: 216
[2025.05.08-13.16.59:145][816]LogVoxelMeshingProfiling: Display: Scenario name: UEDPIE_0_Map_RLE_Scenario35; Voxel Model memory: 216
[2025.05.08-13.16.59:145][816]LogVoxelMeshingProfiling: Display: Scenario name: UEDPIE_0_Map_RLE_Scenario35; Voxel Model memory: 216
[2025.05.08-13.16.59:147][816]LogVoxelMeshingProfiling: Display: Scenario name: UEDPIE_0_Map_RLE_Scenario35; Voxel Model memory: 216
[2025.05.08-13.16.59:148][816]LogVoxelMeshingProfiling: Display: Scenario name: UEDPIE_0_Map_RLE_Scenario35; Voxel Model memory: 216
[2025.05.08-13.16.59:149][816]LogVoxelMeshingProfiling: Display: Scenario name: UEDPIE_0_Map_RLE_Scenario35; Voxel Model memory: 216
[2025.05.08-13.16.59:154][816]LogVoxelMeshingProfiling: Display: Scenario name: UEDPIE_0_Map_RLE_Scenario35; Voxel Model memory: 216
[2025.05.08-13.16.59:154][816]LogVoxelMeshingProfiling: Display: Scenario name: UEDPIE_0_Map_RLE_Scenario35; Voxel Model memory: 216
[2025.05.08-13.16.59:156][816]LogVoxelMeshingProfiling: Display: Scenario name: UEDPIE_0_Map_RLE_Scenario35; Voxel Model memory: 216
[2025.05.08-13.16.59:157][816]LogVoxelMeshingProfiling: Display: Scenario name: UEDPIE_0_Map_RLE_Scenario35; Voxel Model memory: 216
[2025.05.08-13.16.59:157][816]LogVoxelMeshingProfiling: Display: Scenario name: UEDPIE_0_Map_RLE_Scenario35; Voxel Model memory: 216
[2025.05.08-13.16.59:157][816]LogVoxelMeshingProfiling: Display: Scenario name: UEDPIE_0_Map_RLE_Scenario35; Voxel Model memory: 216
[2025.05.08-13.16.59:160][816]LogVoxelMeshingProfiling: Display: Scenario name: UEDPIE_0_Map_RLE_Scenario35; Vertices: 8768
[2025.05.08-13.16.59:161][816]LogVoxelMeshingProfiling: Display: Scenario name: UEDPIE_0_Map_RLE_Scenario35; Vertices: 8768
[2025.05.08-13.16.59:164][816]LogVoxelMeshingProfiling: Display: Scenario name: UEDPIE_0_Map_RLE_Scenario35; Vertices: 8768
[2025.05.08-13.16.59:166][816]LogVoxelMeshingProfiling: Display: Scenario name: UEDPIE_0_Map_RLE_Scenario35; Vertices: 8768
[2025.05.08-13.16.59:168][816]LogVoxelMeshingProfiling: Display: Scenario name: UEDPIE_0_Map_RLE_Scenario35; Vertices: 8768
[2025.05.08-13.16.59:170][816]LogVoxelMeshingProfiling: Display: Scenario name: UEDPIE_0_Map_RLE_Scenario35; Vertices: 8768
[2025.05.08-13.16.59:172][817]LogVoxelMeshingProfiling: Display: Scenario name: UEDPIE_0_Map_RLE_Scenario35; Vertices: 8768
[2025.05.08-13.16.59:174][817]LogVoxelMeshingProfiling: Display: Scenario name: UEDPIE_0_Map_RLE_Scenario35; Vertices: 8768
[2025.05.08-13.16.59:176][817]LogVoxelMeshingProfiling: Display: Scenario name: UEDPIE_0_Map_RLE_Scenario35; Vertices: 8768
[2025.05.08-13.16.59:177][817]LogVoxelMeshingProfiling: Display: Scenario name: UEDPIE_0_Map_RLE_Scenario35; Vertices: 8768
[2025.05.08-13.16.59:179][817]LogVoxelMeshingProfiling: Display: Scenario name: UEDPIE_0_Map_RLE_Scenario35; Vertices: 8768
[2025.05.08-13.16.59:180][817]LogVoxelMeshingProfiling: Display: Scenario name: UEDPIE_0_Map_RLE_Scenario35; Vertices: 8768
[2025.05.08-13.16.59:191][817]LogVoxelMeshingProfiling: Display: Scenario name: UEDPIE_0_Map_RLE_Scenario35; Vertices: 8768
[2025.05.08-13.16.59:191][817]LogVoxelMeshingProfiling: Display: Scenario name: UEDPIE_0_Map_RLE_Scenario35; Vertices: 8768
[2025.05.08-13.16.59:192][817]LogVoxelMeshingProfiling: Display: Scenario name: UEDPIE_0_Map_RLE_Scenario35; Vertices: 8768
[2025.05.08-13.16.59:192][817]LogVoxelMeshingProfiling: Display: Scenario name: UEDPIE_0_Map_RLE_Scenario35; Vertices: 8768
[2025.05.08-13.16.59:195][817]LogVoxelMeshingProfiling: Display: Scenario name: UEDPIE_0_Map_RLE_Scenario35; Vertices: 8768
[2025.05.08-13.16.59:198][817]LogVoxelMeshingProfiling: Display: Scenario name: UEDPIE_0_Map_RLE_Scenario35; Vertices: 8768
[2025.05.08-13.16.59:200][817]LogVoxelMeshingProfiling: Display: Scenario name: UEDPIE_0_Map_RLE_Scenario35; Vertices: 8768
[2025.05.08-13.16.59:201][817]LogVoxelMeshingProfiling: Display: Scenario name: UEDPIE_0_Map_RLE_Scenario35; Vertices: 8768
[2025.05.08-13.16.59:203][817]LogVoxelMeshingProfiling: Display: Scenario name: UEDPIE_0_Map_RLE_Scenario35; Vertices: 8768
[2025.05.08-13.16.59:204][817]LogVoxelMeshingProfiling: Display: Scenario name: UEDPIE_0_Map_RLE_Scenario35; Vertices: 8768
[2025.05.08-13.16.59:205][817]LogVoxelMeshingProfiling: Display: Scenario name: UEDPIE_0_Map_RLE_Scenario35; Vertices: 8768
[2025.05.08-13.16.59:208][817]LogVoxelMeshingProfiling: Display: Scenario name: UEDPIE_0_Map_RLE_Scenario35; Vertices: 8768
[2025.05.08-13.16.59:209][817]LogVoxelMeshingProfiling: Display: Scenario name: UEDPIE_0_Map_RLE_Scenario35; Vertices: 8768
[2025.05.08-13.16.59:211][817]LogVoxelMeshingProfiling: Display: Scenario name: UEDPIE_0_Map_RLE_Scenario35; Vertices: 8768
[2025.05.08-13.16.59:213][817]LogVoxelMeshingProfiling: Display: Scenario name: UEDPIE_0_Map_RLE_Scenario35; Vertices: 8768
[2025.05.08-13.17.04:959][169]LogVoxelMeshingProfiling: Display: Scenario name: UEDPIE_0_Map_VoxelPlugin_Scenario35; Voxel Model memory: 262144
[2025.05.08-13.17.04:959][169]LogVoxelMeshingProfiling: Display: Scenario name: UEDPIE_0_Map_VoxelPlugin_Scenario35; OpaqueVoxelCount: 16384; TransparentVoxelCount: 16384
[2025.05.08-13.17.04:966][169]LogVoxelMeshingProfiling: Display: Scenario name: UEDPIE_0_Map_VoxelPlugin_Scenario35; Voxel Model memory: 262144
[2025.05.08-13.17.04:967][169]LogVoxelMeshingProfiling: Display: Scenario name: UEDPIE_0_Map_VoxelPlugin_Scenario35; Voxel Model memory: 262144
[2025.05.08-13.17.04:967][169]LogVoxelMeshingProfiling: Display: Scenario name: UEDPIE_0_Map_VoxelPlugin_Scenario35; OpaqueVoxelCount: 16384; TransparentVoxelCount: 16384
[2025.05.08-13.17.04:967][169]LogVoxelMeshingProfiling: Display: Scenario name: UEDPIE_0_Map_VoxelPlugin_Scenario35; OpaqueVoxelCount: 16384; TransparentVoxelCount: 16384
[2025.05.08-13.17.04:968][169]LogVoxelMeshingProfiling: Display: Scenario name: UEDPIE_0_Map_VoxelPlugin_Scenario35; Voxel Model memory: 262144
[2025.05.08-13.17.04:969][169]LogVoxelMeshingProfiling: Display: Scenario name: UEDPIE_0_Map_VoxelPlugin_Scenario35; OpaqueVoxelCount: 16384; TransparentVoxelCount: 16384
[2025.05.08-13.17.04:969][169]LogVoxelMeshingProfiling: Display: Scenario name: UEDPIE_0_Map_VoxelPlugin_Scenario35; Voxel Model memory: 262144
[2025.05.08-13.17.04:969][169]LogVoxelMeshingProfiling: Display: Scenario name: UEDPIE_0_Map_VoxelPlugin_Scenario35; OpaqueVoxelCount: 16384; TransparentVoxelCount: 16384
[2025.05.08-13.17.04:969][169]LogVoxelMeshingProfiling: Display: Scenario name: UEDPIE_0_Map_VoxelPlugin_Scenario35; Voxel Model memory: 262144
[2025.05.08-13.17.04:969][169]LogVoxelMeshingProfiling: Display: Scenario name: UEDPIE_0_Map_VoxelPlugin_Scenario35; OpaqueVoxelCount: 16384; TransparentVoxelCount: 16384
[2025.05.08-13.17.04:970][169]LogVoxelMeshingProfiling: Display: Scenario name: UEDPIE_0_Map_VoxelPlugin_Scenario35; Voxel Model memory: 262144
[2025.05.08-13.17.04:970][169]LogVoxelMeshingProfiling: Display: Scenario name: UEDPIE_0_Map_VoxelPlugin_Scenario35; OpaqueVoxelCount: 16384; TransparentVoxelCount: 16384
[2025.05.08-13.17.04:976][169]LogVoxelMeshingProfiling: Display: Scenario name: UEDPIE_0_Map_VoxelPlugin_Scenario35; Voxel Model memory: 262144
[2025.05.08-13.17.04:976][169]LogVoxelMeshingProfiling: Display: Scenario name: UEDPIE_0_Map_VoxelPlugin_Scenario35; OpaqueVoxelCount: 16384; TransparentVoxelCount: 16384
[2025.05.08-13.17.04:978][169]LogVoxelMeshingProfiling: Display: Scenario name: UEDPIE_0_Map_VoxelPlugin_Scenario35; Voxel Model memory: 262144
[2025.05.08-13.17.04:978][169]LogVoxelMeshingProfiling: Display: Scenario name: UEDPIE_0_Map_VoxelPlugin_Scenario35; OpaqueVoxelCount: 16384; TransparentVoxelCount: 16384
[2025.05.08-13.17.04:979][169]LogVoxelMeshingProfiling: Display: Scenario name: UEDPIE_0_Map_VoxelPlugin_Scenario35; Voxel Model memory: 262144
[2025.05.08-13.17.04:979][169]LogVoxelMeshingProfiling: Display: Scenario name: UEDPIE_0_Map_VoxelPlugin_Scenario35; OpaqueVoxelCount: 16384; TransparentVoxelCount: 16384
[2025.05.08-13.17.04:980][169]LogVoxelMeshingProfiling: Display: Scenario name: UEDPIE_0_Map_VoxelPlugin_Scenario35; Voxel Model memory: 262144
[2025.05.08-13.17.04:980][169]LogVoxelMeshingProfiling: Display: Scenario name: UEDPIE_0_Map_VoxelPlugin_Scenario35; OpaqueVoxelCount: 16384; TransparentVoxelCount: 16384
[2025.05.08-13.17.04:982][169]LogVoxelMeshingProfiling: Display: Scenario name: UEDPIE_0_Map_VoxelPlugin_Scenario35; Voxel Model memory: 262144
[2025.05.08-13.17.04:982][169]LogVoxelMeshingProfiling: Display: Scenario name: UEDPIE_0_Map_VoxelPlugin_Scenario35; OpaqueVoxelCount: 16384; TransparentVoxelCount: 16384
[2025.05.08-13.17.04:982][169]LogVoxelMeshingProfiling: Display: Scenario name: UEDPIE_0_Map_VoxelPlugin_Scenario35; Voxel Model memory: 262144
[2025.05.08-13.17.04:982][169]LogVoxelMeshingProfiling: Display: Scenario name: UEDPIE_0_Map_VoxelPlugin_Scenario35; OpaqueVoxelCount: 16384; TransparentVoxelCount: 16384
[2025.05.08-13.17.04:983][169]LogVoxelMeshingProfiling: Display: Scenario name: UEDPIE_0_Map_VoxelPlugin_Scenario35; Voxel Model memory: 262144
[2025.05.08-13.17.04:983][169]LogVoxelMeshingProfiling: Display: Scenario name: UEDPIE_0_Map_VoxelPlugin_Scenario35; OpaqueVoxelCount: 16384; TransparentVoxelCount: 16384
[2025.05.08-13.17.04:990][169]LogVoxelMeshingProfiling: Display: Scenario name: UEDPIE_0_Map_VoxelPlugin_Scenario35; Voxel Model memory: 262144
[2025.05.08-13.17.04:990][169]LogVoxelMeshingProfiling: Display: Scenario name: UEDPIE_0_Map_VoxelPlugin_Scenario35; OpaqueVoxelCount: 16384; TransparentVoxelCount: 16384
[2025.05.08-13.17.04:990][169]LogVoxelMeshingProfiling: Display: Scenario name: UEDPIE_0_Map_VoxelPlugin_Scenario35; Voxel Model memory: 262144
[2025.05.08-13.17.04:990][169]LogVoxelMeshingProfiling: Display: Scenario name: UEDPIE_0_Map_VoxelPlugin_Scenario35; OpaqueVoxelCount: 16384; TransparentVoxelCount: 16384
[2025.05.08-13.17.04:991][169]LogVoxelMeshingProfiling: Display: Scenario name: UEDPIE_0_Map_VoxelPlugin_Scenario35; Voxel Model memory: 262144
[2025.05.08-13.17.04:991][169]LogVoxelMeshingProfiling: Display: Scenario name: UEDPIE_0_Map_VoxelPlugin_Scenario35; OpaqueVoxelCount: 16384; TransparentVoxelCount: 16384
[2025.05.08-13.17.04:993][169]LogVoxelMeshingProfiling: Display: Scenario name: UEDPIE_0_Map_VoxelPlugin_Scenario35; Voxel Model memory: 262144
[2025.05.08-13.17.04:993][169]LogVoxelMeshingProfiling: Display: Scenario name: UEDPIE_0_Map_VoxelPlugin_Scenario35; OpaqueVoxelCount: 16384; TransparentVoxelCount: 16384
[2025.05.08-13.17.04:995][169]LogVoxelMeshingProfiling: Display: Scenario name: UEDPIE_0_Map_VoxelPlugin_Scenario35; Voxel Model memory: 262144
[2025.05.08-13.17.04:995][169]LogVoxelMeshingProfiling: Display: Scenario name: UEDPIE_0_Map_VoxelPlugin_Scenario35; OpaqueVoxelCount: 16384; TransparentVoxelCount: 16384
[2025.05.08-13.17.04:996][169]LogVoxelMeshingProfiling: Display: Scenario name: UEDPIE_0_Map_VoxelPlugin_Scenario35; Voxel Model memory: 262144
[2025.05.08-13.17.04:996][169]LogVoxelMeshingProfiling: Display: Scenario name: UEDPIE_0_Map_VoxelPlugin_Scenario35; OpaqueVoxelCount: 16384; TransparentVoxelCount: 16384
[2025.05.08-13.17.04:996][169]LogVoxelMeshingProfiling: Display: Scenario name: UEDPIE_0_Map_VoxelPlugin_Scenario35; Voxel Model memory: 262144
[2025.05.08-13.17.04:996][169]LogVoxelMeshingProfiling: Display: Scenario name: UEDPIE_0_Map_VoxelPlugin_Scenario35; OpaqueVoxelCount: 16384; TransparentVoxelCount: 16384
[2025.05.08-13.17.05:002][169]LogVoxelMeshingProfiling: Display: Scenario name: UEDPIE_0_Map_VoxelPlugin_Scenario35; Voxel Model memory: 262144
[2025.05.08-13.17.05:002][169]LogVoxelMeshingProfiling: Display: Scenario name: UEDPIE_0_Map_VoxelPlugin_Scenario35; OpaqueVoxelCount: 16384; TransparentVoxelCount: 16384
[2025.05.08-13.17.05:003][169]LogVoxelMeshingProfiling: Display: Scenario name: UEDPIE_0_Map_VoxelPlugin_Scenario35; Voxel Model memory: 262144
[2025.05.08-13.17.05:003][169]LogVoxelMeshingProfiling: Display: Scenario name: UEDPIE_0_Map_VoxelPlugin_Scenario35; Voxel Model memory: 262144
[2025.05.08-13.17.05:003][169]LogVoxelMeshingProfiling: Display: Scenario name: UEDPIE_0_Map_VoxelPlugin_Scenario35; OpaqueVoxelCount: 16384; TransparentVoxelCount: 16384
[2025.05.08-13.17.05:003][169]LogVoxelMeshingProfiling: Display: Scenario name: UEDPIE_0_Map_VoxelPlugin_Scenario35; OpaqueVoxelCount: 16384; TransparentVoxelCount: 16384
[2025.05.08-13.17.05:003][169]LogVoxelMeshingProfiling: Display: Scenario name: UEDPIE_0_Map_VoxelPlugin_Scenario35; Voxel Model memory: 262144
[2025.05.08-13.17.05:003][169]LogVoxelMeshingProfiling: Display: Scenario name: UEDPIE_0_Map_VoxelPlugin_Scenario35; OpaqueVoxelCount: 16384; TransparentVoxelCount: 16384
[2025.05.08-13.17.05:006][169]LogVoxelMeshingProfiling: Display: Scenario name: UEDPIE_0_Map_VoxelPlugin_Scenario35; Voxel Model memory: 262144
[2025.05.08-13.17.05:006][169]LogVoxelMeshingProfiling: Display: Scenario name: UEDPIE_0_Map_VoxelPlugin_Scenario35; OpaqueVoxelCount: 16384; TransparentVoxelCount: 16384
[2025.05.08-13.17.05:006][169]LogVoxelMeshingProfiling: Display: Scenario name: UEDPIE_0_Map_VoxelPlugin_Scenario35; Voxel Model memory: 262144
[2025.05.08-13.17.05:006][169]LogVoxelMeshingProfiling: Display: Scenario name: UEDPIE_0_Map_VoxelPlugin_Scenario35; OpaqueVoxelCount: 16384; TransparentVoxelCount: 16384
[2025.05.08-13.17.05:080][170]LogVoxelMeshingProfiling: Display: Scenario name: Map_VoxelPlugin_Scenario35; Vertices: 32768
[2025.05.08-13.17.05:085][170]LogVoxelMeshingProfiling: Display: Scenario name: Map_VoxelPlugin_Scenario35; Vertices: 34816
[2025.05.08-13.17.05:099][170]LogVoxelMeshingProfiling: Display: Scenario name: Map_VoxelPlugin_Scenario35; Vertices: 34816
[2025.05.08-13.17.05:102][170]LogVoxelMeshingProfiling: Display: Scenario name: Map_VoxelPlugin_Scenario35; Vertices: 36864
[2025.05.08-13.17.05:121][170]LogVoxelMeshingProfiling: Display: Scenario name: Map_VoxelPlugin_Scenario35; Vertices: 36864
[2025.05.08-13.17.05:122][170]LogVoxelMeshingProfiling: Display: Scenario name: Map_VoxelPlugin_Scenario35; Vertices: 34816
[2025.05.08-13.17.05:140][171]LogVoxelMeshingProfiling: Display: Scenario name: Map_VoxelPlugin_Scenario35; Vertices: 34816
[2025.05.08-13.17.05:151][171]LogVoxelMeshingProfiling: Display: Scenario name: Map_VoxelPlugin_Scenario35; Vertices: 36864
[2025.05.08-13.17.05:188][172]LogVoxelMeshingProfiling: Display: Scenario name: Map_VoxelPlugin_Scenario35; Vertices: 36864
[2025.05.08-13.17.05:195][173]LogVoxelMeshingProfiling: Display: Scenario name: Map_VoxelPlugin_Scenario35; Vertices: 34816
[2025.05.08-13.17.05:251][175]LogVoxelMeshingProfiling: Display: Scenario name: Map_VoxelPlugin_Scenario35; Vertices: 32768
[2025.05.08-13.17.05:311][177]LogVoxelMeshingProfiling: Display: Scenario name: Map_VoxelPlugin_Scenario35; Vertices: 34816
[2025.05.08-13.17.05:317][177]LogVoxelMeshingProfiling: Display: Scenario name: Map_VoxelPlugin_Scenario35; Vertices: 36864
[2025.05.08-13.17.05:385][180]LogVoxelMeshingProfiling: Display: Scenario name: Map_VoxelPlugin_Scenario35; Vertices: 34816
[2025.05.08-13.17.05:385][180]LogVoxelMeshingProfiling: Display: Scenario name: Map_VoxelPlugin_Scenario35; Vertices: 36864
[2025.05.08-13.17.05:414][181]LogVoxelMeshingProfiling: Display: Scenario name: Map_VoxelPlugin_Scenario35; Vertices: 34816
[2025.05.08-13.17.05:417][181]LogVoxelMeshingProfiling: Display: Scenario name: Map_VoxelPlugin_Scenario35; Vertices: 36864
[2025.05.08-13.17.05:443][183]LogVoxelMeshingProfiling: Display: Scenario name: Map_VoxelPlugin_Scenario35; Vertices: 36864
[2025.05.08-13.17.05:548][189]LogVoxelMeshingProfiling: Display: Scenario name: Map_VoxelPlugin_Scenario35; Vertices: 32768
[2025.05.08-13.17.05:549][189]LogVoxelMeshingProfiling: Display: Scenario name: Map_VoxelPlugin_Scenario35; Vertices: 34816
[2025.05.08-13.17.05:578][191]LogVoxelMeshingProfiling: Display: Scenario name: Map_VoxelPlugin_Scenario35; Vertices: 36864
[2025.05.08-13.17.05:580][191]LogVoxelMeshingProfiling: Display: Scenario name: Map_VoxelPlugin_Scenario35; Vertices: 34816
[2025.05.08-13.17.05:612][193]LogVoxelMeshingProfiling: Display: Scenario name: Map_VoxelPlugin_Scenario35; Vertices: 34816
[2025.05.08-13.17.05:637][194]LogVoxelMeshingProfiling: Display: Scenario name: Map_VoxelPlugin_Scenario35; Vertices: 36864
[2025.05.08-13.17.05:649][195]LogVoxelMeshingProfiling: Display: Scenario name: Map_VoxelPlugin_Scenario35; Vertices: 34816
[2025.05.08-13.17.05:668][196]LogVoxelMeshingProfiling: Display: Scenario name: Map_VoxelPlugin_Scenario35; Vertices: 36864
[2025.05.08-13.17.05:671][196]LogVoxelMeshingProfiling: Display: Scenario name: Map_VoxelPlugin_Scenario35; Vertices: 36864
