[2025.05.08-13.21.57:441][878]LogVoxelMeshingProfiling: Display: Scenario name: UEDPIE_0_Map_Grid_Scenario36; Voxel Model memory: 262144
[2025.05.08-13.21.57:441][878]LogVoxelMeshingProfiling: Display: Scenario name: UEDPIE_0_Map_Grid_Scenario36; OpaqueVoxelCount: 18432; TransparentVoxelCount: 14336
[2025.05.08-13.21.57:450][878]LogVoxelMeshingProfiling: Display: Scenario name: UEDPIE_0_Map_Grid_Scenario36; Voxel Model memory: 262144
[2025.05.08-13.21.57:450][878]LogVoxelMeshingProfiling: Display: Scenario name: UEDPIE_0_Map_Grid_Scenario36; OpaqueVoxelCount: 18432; TransparentVoxelCount: 14336
[2025.05.08-13.21.57:451][878]LogVoxelMeshingProfiling: Display: Scenario name: UEDPIE_0_Map_Grid_Scenario36; Voxel Model memory: 262144
[2025.05.08-13.21.57:451][878]LogVoxelMeshingProfiling: Display: Scenario name: UEDPIE_0_Map_Grid_Scenario36; OpaqueVoxelCount: 18432; TransparentVoxelCount: 14336
[2025.05.08-13.21.57:451][878]LogVoxelMeshingProfiling: Display: Scenario name: UEDPIE_0_Map_Grid_Scenario36; Voxel Model memory: 262144
[2025.05.08-13.21.57:451][878]LogVoxelMeshingProfiling: Display: Scenario name: UEDPIE_0_Map_Grid_Scenario36; OpaqueVoxelCount: 18432; TransparentVoxelCount: 14336
[2025.05.08-13.21.57:452][878]LogVoxelMeshingProfiling: Display: Scenario name: UEDPIE_0_Map_Grid_Scenario36; Voxel Model memory: 262144
[2025.05.08-13.21.57:452][878]LogVoxelMeshingProfiling: Display: Scenario name: UEDPIE_0_Map_Grid_Scenario36; OpaqueVoxelCount: 18432; TransparentVoxelCount: 14336
[2025.05.08-13.21.57:454][878]LogVoxelMeshingProfiling: Display: Scenario name: UEDPIE_0_Map_Grid_Scenario36; Voxel Model memory: 262144
[2025.05.08-13.21.57:454][878]LogVoxelMeshingProfiling: Display: Scenario name: UEDPIE_0_Map_Grid_Scenario36; OpaqueVoxelCount: 18432; TransparentVoxelCount: 14336
[2025.05.08-13.21.57:454][878]LogVoxelMeshingProfiling: Display: Scenario name: UEDPIE_0_Map_Grid_Scenario36; Voxel Model memory: 262144
[2025.05.08-13.21.57:454][878]LogVoxelMeshingProfiling: Display: Scenario name: UEDPIE_0_Map_Grid_Scenario36; OpaqueVoxelCount: 18432; TransparentVoxelCount: 14336
[2025.05.08-13.21.57:462][878]LogVoxelMeshingProfiling: Display: Scenario name: UEDPIE_0_Map_Grid_Scenario36; Voxel Model memory: 262144
[2025.05.08-13.21.57:462][878]LogVoxelMeshingProfiling: Display: Scenario name: UEDPIE_0_Map_Grid_Scenario36; OpaqueVoxelCount: 18432; TransparentVoxelCount: 14336
[2025.05.08-13.21.57:462][878]LogVoxelMeshingProfiling: Display: Scenario name: UEDPIE_0_Map_Grid_Scenario36; Voxel Model memory: 262144
[2025.05.08-13.21.57:462][878]LogVoxelMeshingProfiling: Display: Scenario name: UEDPIE_0_Map_Grid_Scenario36; OpaqueVoxelCount: 18432; TransparentVoxelCount: 14336
[2025.05.08-13.21.57:464][878]LogVoxelMeshingProfiling: Display: Scenario name: UEDPIE_0_Map_Grid_Scenario36; Voxel Model memory: 262144
[2025.05.08-13.21.57:464][878]LogVoxelMeshingProfiling: Display: Scenario name: UEDPIE_0_Map_Grid_Scenario36; OpaqueVoxelCount: 18432; TransparentVoxelCount: 14336
[2025.05.08-13.21.57:466][878]LogVoxelMeshingProfiling: Display: Scenario name: UEDPIE_0_Map_Grid_Scenario36; Voxel Model memory: 262144
[2025.05.08-13.21.57:466][878]LogVoxelMeshingProfiling: Display: Scenario name: UEDPIE_0_Map_Grid_Scenario36; OpaqueVoxelCount: 18432; TransparentVoxelCount: 14336
[2025.05.08-13.21.57:468][878]LogVoxelMeshingProfiling: Display: Scenario name: UEDPIE_0_Map_Grid_Scenario36; Voxel Model memory: 262144
[2025.05.08-13.21.57:468][878]LogVoxelMeshingProfiling: Display: Scenario name: UEDPIE_0_Map_Grid_Scenario36; OpaqueVoxelCount: 18432; TransparentVoxelCount: 14336
[2025.05.08-13.21.57:468][878]LogVoxelMeshingProfiling: Display: Scenario name: UEDPIE_0_Map_Grid_Scenario36; Voxel Model memory: 262144
[2025.05.08-13.21.57:468][878]LogVoxelMeshingProfiling: Display: Scenario name: UEDPIE_0_Map_Grid_Scenario36; OpaqueVoxelCount: 18432; TransparentVoxelCount: 14336
[2025.05.08-13.21.57:469][878]LogVoxelMeshingProfiling: Display: Scenario name: UEDPIE_0_Map_Grid_Scenario36; Voxel Model memory: 262144
[2025.05.08-13.21.57:469][878]LogVoxelMeshingProfiling: Display: Scenario name: UEDPIE_0_Map_Grid_Scenario36; OpaqueVoxelCount: 18432; TransparentVoxelCount: 14336
[2025.05.08-13.21.57:477][878]LogVoxelMeshingProfiling: Display: Scenario name: UEDPIE_0_Map_Grid_Scenario36; Voxel Model memory: 262144
[2025.05.08-13.21.57:477][878]LogVoxelMeshingProfiling: Display: Scenario name: UEDPIE_0_Map_Grid_Scenario36; OpaqueVoxelCount: 18432; TransparentVoxelCount: 14336
[2025.05.08-13.21.57:477][878]LogVoxelMeshingProfiling: Display: Scenario name: UEDPIE_0_Map_Grid_Scenario36; Voxel Model memory: 262144
[2025.05.08-13.21.57:477][878]LogVoxelMeshingProfiling: Display: Scenario name: UEDPIE_0_Map_Grid_Scenario36; OpaqueVoxelCount: 18432; TransparentVoxelCount: 14336
[2025.05.08-13.21.57:478][878]LogVoxelMeshingProfiling: Display: Scenario name: UEDPIE_0_Map_Grid_Scenario36; Voxel Model memory: 262144
[2025.05.08-13.21.57:478][878]LogVoxelMeshingProfiling: Display: Scenario name: UEDPIE_0_Map_Grid_Scenario36; OpaqueVoxelCount: 18432; TransparentVoxelCount: 14336
[2025.05.08-13.21.57:478][878]LogVoxelMeshingProfiling: Display: Scenario name: UEDPIE_0_Map_Grid_Scenario36; Voxel Model memory: 262144
[2025.05.08-13.21.57:478][878]LogVoxelMeshingProfiling: Display: Scenario name: UEDPIE_0_Map_Grid_Scenario36; OpaqueVoxelCount: 18432; TransparentVoxelCount: 14336
[2025.05.08-13.21.57:484][878]LogVoxelMeshingProfiling: Display: Scenario name: UEDPIE_0_Map_Grid_Scenario36; Voxel Model memory: 262144
[2025.05.08-13.21.57:484][878]LogVoxelMeshingProfiling: Display: Scenario name: UEDPIE_0_Map_Grid_Scenario36; OpaqueVoxelCount: 18432; TransparentVoxelCount: 14336
[2025.05.08-13.21.57:484][878]LogVoxelMeshingProfiling: Display: Scenario name: UEDPIE_0_Map_Grid_Scenario36; Voxel Model memory: 262144
[2025.05.08-13.21.57:484][878]LogVoxelMeshingProfiling: Display: Scenario name: UEDPIE_0_Map_Grid_Scenario36; Voxel Model memory: 262144
[2025.05.08-13.21.57:484][878]LogVoxelMeshingProfiling: Display: Scenario name: UEDPIE_0_Map_Grid_Scenario36; OpaqueVoxelCount: 18432; TransparentVoxelCount: 14336
[2025.05.08-13.21.57:484][878]LogVoxelMeshingProfiling: Display: Scenario name: UEDPIE_0_Map_Grid_Scenario36; OpaqueVoxelCount: 18432; TransparentVoxelCount: 14336
[2025.05.08-13.21.57:492][878]LogVoxelMeshingProfiling: Display: Scenario name: UEDPIE_0_Map_Grid_Scenario36; Voxel Model memory: 262144
[2025.05.08-13.21.57:492][878]LogVoxelMeshingProfiling: Display: Scenario name: UEDPIE_0_Map_Grid_Scenario36; OpaqueVoxelCount: 18432; TransparentVoxelCount: 14336
[2025.05.08-13.21.57:492][878]LogVoxelMeshingProfiling: Display: Scenario name: UEDPIE_0_Map_Grid_Scenario36; Voxel Model memory: 262144
[2025.05.08-13.21.57:492][878]LogVoxelMeshingProfiling: Display: Scenario name: UEDPIE_0_Map_Grid_Scenario36; OpaqueVoxelCount: 18432; TransparentVoxelCount: 14336
[2025.05.08-13.21.57:493][878]LogVoxelMeshingProfiling: Display: Scenario name: UEDPIE_0_Map_Grid_Scenario36; Voxel Model memory: 262144
[2025.05.08-13.21.57:493][878]LogVoxelMeshingProfiling: Display: Scenario name: UEDPIE_0_Map_Grid_Scenario36; OpaqueVoxelCount: 18432; TransparentVoxelCount: 14336
[2025.05.08-13.21.57:494][878]LogVoxelMeshingProfiling: Display: Scenario name: UEDPIE_0_Map_Grid_Scenario36; Voxel Model memory: 262144
[2025.05.08-13.21.57:495][878]LogVoxelMeshingProfiling: Display: Scenario name: UEDPIE_0_Map_Grid_Scenario36; OpaqueVoxelCount: 18432; TransparentVoxelCount: 14336
[2025.05.08-13.21.57:495][878]LogVoxelMeshingProfiling: Display: Scenario name: UEDPIE_0_Map_Grid_Scenario36; Voxel Model memory: 262144
[2025.05.08-13.21.57:496][878]LogVoxelMeshingProfiling: Display: Scenario name: UEDPIE_0_Map_Grid_Scenario36; OpaqueVoxelCount: 18432; TransparentVoxelCount: 14336
[2025.05.08-13.21.57:496][878]LogVoxelMeshingProfiling: Display: Scenario name: UEDPIE_0_Map_Grid_Scenario36; Voxel Model memory: 262144
[2025.05.08-13.21.57:496][878]LogVoxelMeshingProfiling: Display: Scenario name: UEDPIE_0_Map_Grid_Scenario36; OpaqueVoxelCount: 18432; TransparentVoxelCount: 14336
[2025.05.08-13.21.57:502][878]LogVoxelMeshingProfiling: Display: Scenario name: UEDPIE_0_Map_Grid_Scenario36; Vertices: 24
[2025.05.08-13.21.57:506][878]LogVoxelMeshingProfiling: Display: Scenario name: UEDPIE_0_Map_Grid_Scenario36; Vertices: 24
[2025.05.08-13.21.57:509][878]LogVoxelMeshingProfiling: Display: Scenario name: UEDPIE_0_Map_Grid_Scenario36; Vertices: 36
[2025.05.08-13.21.57:512][878]LogVoxelMeshingProfiling: Display: Scenario name: UEDPIE_0_Map_Grid_Scenario36; Vertices: 36
[2025.05.08-13.21.57:516][878]LogVoxelMeshingProfiling: Display: Scenario name: UEDPIE_0_Map_Grid_Scenario36; Vertices: 24
[2025.05.08-13.21.57:520][878]LogVoxelMeshingProfiling: Display: Scenario name: UEDPIE_0_Map_Grid_Scenario36; Vertices: 36
[2025.05.08-13.21.57:523][879]LogVoxelMeshingProfiling: Display: Scenario name: UEDPIE_0_Map_Grid_Scenario36; Vertices: 36
[2025.05.08-13.21.57:528][879]LogVoxelMeshingProfiling: Display: Scenario name: UEDPIE_0_Map_Grid_Scenario36; Vertices: 36
[2025.05.08-13.21.57:531][879]LogVoxelMeshingProfiling: Display: Scenario name: UEDPIE_0_Map_Grid_Scenario36; Vertices: 36
[2025.05.08-13.21.57:534][879]LogVoxelMeshingProfiling: Display: Scenario name: UEDPIE_0_Map_Grid_Scenario36; Vertices: 36
[2025.05.08-13.21.57:537][879]LogVoxelMeshingProfiling: Display: Scenario name: UEDPIE_0_Map_Grid_Scenario36; Vertices: 36
[2025.05.08-13.21.57:541][879]LogVoxelMeshingProfiling: Display: Scenario name: UEDPIE_0_Map_Grid_Scenario36; Vertices: 36
[2025.05.08-13.21.57:543][879]LogVoxelMeshingProfiling: Display: Scenario name: UEDPIE_0_Map_Grid_Scenario36; Vertices: 48
[2025.05.08-13.21.57:546][879]LogVoxelMeshingProfiling: Display: Scenario name: UEDPIE_0_Map_Grid_Scenario36; Vertices: 48
[2025.05.08-13.21.57:550][879]LogVoxelMeshingProfiling: Display: Scenario name: UEDPIE_0_Map_Grid_Scenario36; Vertices: 36
[2025.05.08-13.21.57:553][879]LogVoxelMeshingProfiling: Display: Scenario name: UEDPIE_0_Map_Grid_Scenario36; Vertices: 48
[2025.05.08-13.21.57:558][879]LogVoxelMeshingProfiling: Display: Scenario name: UEDPIE_0_Map_Grid_Scenario36; Vertices: 48
[2025.05.08-13.21.57:561][879]LogVoxelMeshingProfiling: Display: Scenario name: UEDPIE_0_Map_Grid_Scenario36; Vertices: 36
[2025.05.08-13.21.57:565][879]LogVoxelMeshingProfiling: Display: Scenario name: UEDPIE_0_Map_Grid_Scenario36; Vertices: 36
[2025.05.08-13.21.57:568][879]LogVoxelMeshingProfiling: Display: Scenario name: UEDPIE_0_Map_Grid_Scenario36; Vertices: 48
[2025.05.08-13.21.57:572][879]LogVoxelMeshingProfiling: Display: Scenario name: UEDPIE_0_Map_Grid_Scenario36; Vertices: 48
[2025.05.08-13.21.57:574][879]LogVoxelMeshingProfiling: Display: Scenario name: UEDPIE_0_Map_Grid_Scenario36; Vertices: 48
[2025.05.08-13.21.57:578][879]LogVoxelMeshingProfiling: Display: Scenario name: UEDPIE_0_Map_Grid_Scenario36; Vertices: 48
[2025.05.08-13.21.57:581][879]LogVoxelMeshingProfiling: Display: Scenario name: UEDPIE_0_Map_Grid_Scenario36; Vertices: 48
[2025.05.08-13.21.57:585][879]LogVoxelMeshingProfiling: Display: Scenario name: UEDPIE_0_Map_Grid_Scenario36; Vertices: 48
[2025.05.08-13.21.57:588][879]LogVoxelMeshingProfiling: Display: Scenario name: UEDPIE_0_Map_Grid_Scenario36; Vertices: 48
[2025.05.08-13.21.57:591][879]LogVoxelMeshingProfiling: Display: Scenario name: UEDPIE_0_Map_Grid_Scenario36; Vertices: 48
[2025.05.08-13.22.03:710][275]LogVoxelMeshingProfiling: Display: Scenario name: UEDPIE_0_Map_RLE_Scenario36; Voxel Model memory: 216
[2025.05.08-13.22.03:720][275]LogVoxelMeshingProfiling: Display: Scenario name: UEDPIE_0_Map_RLE_Scenario36; Voxel Model memory: 216
[2025.05.08-13.22.03:720][275]LogVoxelMeshingProfiling: Display: Scenario name: UEDPIE_0_Map_RLE_Scenario36; Voxel Model memory: 216
[2025.05.08-13.22.03:721][275]LogVoxelMeshingProfiling: Display: Scenario name: UEDPIE_0_Map_RLE_Scenario36; Voxel Model memory: 216
[2025.05.08-13.22.03:721][275]LogVoxelMeshingProfiling: Display: Scenario name: UEDPIE_0_Map_RLE_Scenario36; Voxel Model memory: 216
[2025.05.08-13.22.03:722][275]LogVoxelMeshingProfiling: Display: Scenario name: UEDPIE_0_Map_RLE_Scenario36; Voxel Model memory: 216
[2025.05.08-13.22.03:723][275]LogVoxelMeshingProfiling: Display: Scenario name: UEDPIE_0_Map_RLE_Scenario36; Voxel Model memory: 216
[2025.05.08-13.22.03:731][275]LogVoxelMeshingProfiling: Display: Scenario name: UEDPIE_0_Map_RLE_Scenario36; Voxel Model memory: 216
[2025.05.08-13.22.03:731][275]LogVoxelMeshingProfiling: Display: Scenario name: UEDPIE_0_Map_RLE_Scenario36; Voxel Model memory: 216
[2025.05.08-13.22.03:731][275]LogVoxelMeshingProfiling: Display: Scenario name: UEDPIE_0_Map_RLE_Scenario36; Voxel Model memory: 216
[2025.05.08-13.22.03:732][275]LogVoxelMeshingProfiling: Display: Scenario name: UEDPIE_0_Map_RLE_Scenario36; Voxel Model memory: 216
[2025.05.08-13.22.03:736][275]LogVoxelMeshingProfiling: Display: Scenario name: UEDPIE_0_Map_RLE_Scenario36; Voxel Model memory: 216
[2025.05.08-13.22.03:736][275]LogVoxelMeshingProfiling: Display: Scenario name: UEDPIE_0_Map_RLE_Scenario36; Voxel Model memory: 216
[2025.05.08-13.22.03:737][275]LogVoxelMeshingProfiling: Display: Scenario name: UEDPIE_0_Map_RLE_Scenario36; Voxel Model memory: 216
[2025.05.08-13.22.03:743][275]LogVoxelMeshingProfiling: Display: Scenario name: UEDPIE_0_Map_RLE_Scenario36; Voxel Model memory: 216
[2025.05.08-13.22.03:745][275]LogVoxelMeshingProfiling: Display: Scenario name: UEDPIE_0_Map_RLE_Scenario36; Voxel Model memory: 216
[2025.05.08-13.22.03:745][275]LogVoxelMeshingProfiling: Display: Scenario name: UEDPIE_0_Map_RLE_Scenario36; Voxel Model memory: 216
[2025.05.08-13.22.03:746][275]LogVoxelMeshingProfiling: Display: Scenario name: UEDPIE_0_Map_RLE_Scenario36; Voxel Model memory: 216
[2025.05.08-13.22.03:747][275]LogVoxelMeshingProfiling: Display: Scenario name: UEDPIE_0_Map_RLE_Scenario36; Voxel Model memory: 216
[2025.05.08-13.22.03:748][275]LogVoxelMeshingProfiling: Display: Scenario name: UEDPIE_0_Map_RLE_Scenario36; Voxel Model memory: 216
[2025.05.08-13.22.03:748][275]LogVoxelMeshingProfiling: Display: Scenario name: UEDPIE_0_Map_RLE_Scenario36; Voxel Model memory: 216
[2025.05.08-13.22.03:758][275]LogVoxelMeshingProfiling: Display: Scenario name: UEDPIE_0_Map_RLE_Scenario36; Voxel Model memory: 216
[2025.05.08-13.22.03:758][275]LogVoxelMeshingProfiling: Display: Scenario name: UEDPIE_0_Map_RLE_Scenario36; Voxel Model memory: 216
[2025.05.08-13.22.03:759][275]LogVoxelMeshingProfiling: Display: Scenario name: UEDPIE_0_Map_RLE_Scenario36; Voxel Model memory: 216
[2025.05.08-13.22.03:759][275]LogVoxelMeshingProfiling: Display: Scenario name: UEDPIE_0_Map_RLE_Scenario36; Voxel Model memory: 216
[2025.05.08-13.22.03:761][275]LogVoxelMeshingProfiling: Display: Scenario name: UEDPIE_0_Map_RLE_Scenario36; Voxel Model memory: 216
[2025.05.08-13.22.03:761][275]LogVoxelMeshingProfiling: Display: Scenario name: UEDPIE_0_Map_RLE_Scenario36; Voxel Model memory: 216
[2025.05.08-13.22.03:764][276]LogVoxelMeshingProfiling: Display: Scenario name: UEDPIE_0_Map_RLE_Scenario36; Vertices: 9672
[2025.05.08-13.22.03:767][276]LogVoxelMeshingProfiling: Display: Scenario name: UEDPIE_0_Map_RLE_Scenario36; Vertices: 9672
[2025.05.08-13.22.03:771][276]LogVoxelMeshingProfiling: Display: Scenario name: UEDPIE_0_Map_RLE_Scenario36; Vertices: 9672
[2025.05.08-13.22.03:773][276]LogVoxelMeshingProfiling: Display: Scenario name: UEDPIE_0_Map_RLE_Scenario36; Vertices: 9672
[2025.05.08-13.22.03:775][276]LogVoxelMeshingProfiling: Display: Scenario name: UEDPIE_0_Map_RLE_Scenario36; Vertices: 9672
[2025.05.08-13.22.03:777][276]LogVoxelMeshingProfiling: Display: Scenario name: UEDPIE_0_Map_RLE_Scenario36; Vertices: 9672
[2025.05.08-13.22.03:779][276]LogVoxelMeshingProfiling: Display: Scenario name: UEDPIE_0_Map_RLE_Scenario36; Vertices: 9672
[2025.05.08-13.22.03:780][276]LogVoxelMeshingProfiling: Display: Scenario name: UEDPIE_0_Map_RLE_Scenario36; Vertices: 9672
[2025.05.08-13.22.03:783][276]LogVoxelMeshingProfiling: Display: Scenario name: UEDPIE_0_Map_RLE_Scenario36; Vertices: 9672
[2025.05.08-13.22.03:786][276]LogVoxelMeshingProfiling: Display: Scenario name: UEDPIE_0_Map_RLE_Scenario36; Vertices: 9672
[2025.05.08-13.22.03:787][276]LogVoxelMeshingProfiling: Display: Scenario name: UEDPIE_0_Map_RLE_Scenario36; Vertices: 9672
[2025.05.08-13.22.03:789][276]LogVoxelMeshingProfiling: Display: Scenario name: UEDPIE_0_Map_RLE_Scenario36; Vertices: 9672
[2025.05.08-13.22.03:792][276]LogVoxelMeshingProfiling: Display: Scenario name: UEDPIE_0_Map_RLE_Scenario36; Vertices: 9672
[2025.05.08-13.22.03:793][276]LogVoxelMeshingProfiling: Display: Scenario name: UEDPIE_0_Map_RLE_Scenario36; Vertices: 9672
[2025.05.08-13.22.03:795][276]LogVoxelMeshingProfiling: Display: Scenario name: UEDPIE_0_Map_RLE_Scenario36; Vertices: 9672
[2025.05.08-13.22.03:797][276]LogVoxelMeshingProfiling: Display: Scenario name: UEDPIE_0_Map_RLE_Scenario36; Vertices: 9672
[2025.05.08-13.22.03:800][276]LogVoxelMeshingProfiling: Display: Scenario name: UEDPIE_0_Map_RLE_Scenario36; Vertices: 9672
[2025.05.08-13.22.03:802][276]LogVoxelMeshingProfiling: Display: Scenario name: UEDPIE_0_Map_RLE_Scenario36; Vertices: 9672
[2025.05.08-13.22.03:803][276]LogVoxelMeshingProfiling: Display: Scenario name: UEDPIE_0_Map_RLE_Scenario36; Vertices: 9672
[2025.05.08-13.22.03:806][276]LogVoxelMeshingProfiling: Display: Scenario name: UEDPIE_0_Map_RLE_Scenario36; Vertices: 9672
[2025.05.08-13.22.03:808][276]LogVoxelMeshingProfiling: Display: Scenario name: UEDPIE_0_Map_RLE_Scenario36; Vertices: 9672
[2025.05.08-13.22.03:810][276]LogVoxelMeshingProfiling: Display: Scenario name: UEDPIE_0_Map_RLE_Scenario36; Vertices: 9672
[2025.05.08-13.22.03:812][276]LogVoxelMeshingProfiling: Display: Scenario name: UEDPIE_0_Map_RLE_Scenario36; Vertices: 9672
[2025.05.08-13.22.03:814][276]LogVoxelMeshingProfiling: Display: Scenario name: UEDPIE_0_Map_RLE_Scenario36; Vertices: 9672
[2025.05.08-13.22.03:817][276]LogVoxelMeshingProfiling: Display: Scenario name: UEDPIE_0_Map_RLE_Scenario36; Vertices: 9672
[2025.05.08-13.22.03:818][276]LogVoxelMeshingProfiling: Display: Scenario name: UEDPIE_0_Map_RLE_Scenario36; Vertices: 9672
[2025.05.08-13.22.03:821][276]LogVoxelMeshingProfiling: Display: Scenario name: UEDPIE_0_Map_RLE_Scenario36; Vertices: 9672
[2025.05.08-13.22.12:561][853]LogVoxelMeshingProfiling: Display: Scenario name: UEDPIE_0_Map_VoxelPlugin_Scenario36; Voxel Model memory: 262144
[2025.05.08-13.22.12:561][853]LogVoxelMeshingProfiling: Display: Scenario name: UEDPIE_0_Map_VoxelPlugin_Scenario36; OpaqueVoxelCount: 18432; TransparentVoxelCount: 14336
[2025.05.08-13.22.12:570][853]LogVoxelMeshingProfiling: Display: Scenario name: UEDPIE_0_Map_VoxelPlugin_Scenario36; Voxel Model memory: 262144
[2025.05.08-13.22.12:570][853]LogVoxelMeshingProfiling: Display: Scenario name: UEDPIE_0_Map_VoxelPlugin_Scenario36; OpaqueVoxelCount: 18432; TransparentVoxelCount: 14336
[2025.05.08-13.22.12:571][853]LogVoxelMeshingProfiling: Display: Scenario name: UEDPIE_0_Map_VoxelPlugin_Scenario36; Voxel Model memory: 262144
[2025.05.08-13.22.12:571][853]LogVoxelMeshingProfiling: Display: Scenario name: UEDPIE_0_Map_VoxelPlugin_Scenario36; OpaqueVoxelCount: 18432; TransparentVoxelCount: 14336
[2025.05.08-13.22.12:571][853]LogVoxelMeshingProfiling: Display: Scenario name: UEDPIE_0_Map_VoxelPlugin_Scenario36; Voxel Model memory: 262144
[2025.05.08-13.22.12:571][853]LogVoxelMeshingProfiling: Display: Scenario name: UEDPIE_0_Map_VoxelPlugin_Scenario36; OpaqueVoxelCount: 18432; TransparentVoxelCount: 14336
[2025.05.08-13.22.12:571][853]LogVoxelMeshingProfiling: Display: Scenario name: UEDPIE_0_Map_VoxelPlugin_Scenario36; Voxel Model memory: 262144
[2025.05.08-13.22.12:571][853]LogVoxelMeshingProfiling: Display: Scenario name: UEDPIE_0_Map_VoxelPlugin_Scenario36; OpaqueVoxelCount: 18432; TransparentVoxelCount: 14336
[2025.05.08-13.22.12:573][853]LogVoxelMeshingProfiling: Display: Scenario name: UEDPIE_0_Map_VoxelPlugin_Scenario36; Voxel Model memory: 262144
[2025.05.08-13.22.12:573][853]LogVoxelMeshingProfiling: Display: Scenario name: UEDPIE_0_Map_VoxelPlugin_Scenario36; OpaqueVoxelCount: 18432; TransparentVoxelCount: 14336
[2025.05.08-13.22.12:573][853]LogVoxelMeshingProfiling: Display: Scenario name: UEDPIE_0_Map_VoxelPlugin_Scenario36; Voxel Model memory: 262144
[2025.05.08-13.22.12:573][853]LogVoxelMeshingProfiling: Display: Scenario name: UEDPIE_0_Map_VoxelPlugin_Scenario36; OpaqueVoxelCount: 18432; TransparentVoxelCount: 14336
[2025.05.08-13.22.12:581][853]LogVoxelMeshingProfiling: Display: Scenario name: UEDPIE_0_Map_VoxelPlugin_Scenario36; Voxel Model memory: 262144
[2025.05.08-13.22.12:581][853]LogVoxelMeshingProfiling: Display: Scenario name: UEDPIE_0_Map_VoxelPlugin_Scenario36; OpaqueVoxelCount: 18432; TransparentVoxelCount: 14336
[2025.05.08-13.22.12:582][853]LogVoxelMeshingProfiling: Display: Scenario name: UEDPIE_0_Map_VoxelPlugin_Scenario36; Voxel Model memory: 262144
[2025.05.08-13.22.12:582][853]LogVoxelMeshingProfiling: Display: Scenario name: UEDPIE_0_Map_VoxelPlugin_Scenario36; OpaqueVoxelCount: 18432; TransparentVoxelCount: 14336
[2025.05.08-13.22.12:582][853]LogVoxelMeshingProfiling: Display: Scenario name: UEDPIE_0_Map_VoxelPlugin_Scenario36; Voxel Model memory: 262144
[2025.05.08-13.22.12:582][853]LogVoxelMeshingProfiling: Display: Scenario name: UEDPIE_0_Map_VoxelPlugin_Scenario36; OpaqueVoxelCount: 18432; TransparentVoxelCount: 14336
[2025.05.08-13.22.12:588][853]LogVoxelMeshingProfiling: Display: Scenario name: UEDPIE_0_Map_VoxelPlugin_Scenario36; Voxel Model memory: 262144
[2025.05.08-13.22.12:588][853]LogVoxelMeshingProfiling: Display: Scenario name: UEDPIE_0_Map_VoxelPlugin_Scenario36; OpaqueVoxelCount: 18432; TransparentVoxelCount: 14336
[2025.05.08-13.22.12:588][853]LogVoxelMeshingProfiling: Display: Scenario name: UEDPIE_0_Map_VoxelPlugin_Scenario36; Voxel Model memory: 262144
[2025.05.08-13.22.12:588][853]LogVoxelMeshingProfiling: Display: Scenario name: UEDPIE_0_Map_VoxelPlugin_Scenario36; OpaqueVoxelCount: 18432; TransparentVoxelCount: 14336
[2025.05.08-13.22.12:588][853]LogVoxelMeshingProfiling: Display: Scenario name: UEDPIE_0_Map_VoxelPlugin_Scenario36; Voxel Model memory: 262144
[2025.05.08-13.22.12:588][853]LogVoxelMeshingProfiling: Display: Scenario name: UEDPIE_0_Map_VoxelPlugin_Scenario36; OpaqueVoxelCount: 18432; TransparentVoxelCount: 14336
[2025.05.08-13.22.12:589][853]LogVoxelMeshingProfiling: Display: Scenario name: UEDPIE_0_Map_VoxelPlugin_Scenario36; Voxel Model memory: 262144
[2025.05.08-13.22.12:589][853]LogVoxelMeshingProfiling: Display: Scenario name: UEDPIE_0_Map_VoxelPlugin_Scenario36; OpaqueVoxelCount: 18432; TransparentVoxelCount: 14336
[2025.05.08-13.22.12:593][853]LogVoxelMeshingProfiling: Display: Scenario name: UEDPIE_0_Map_VoxelPlugin_Scenario36; Voxel Model memory: 262144
[2025.05.08-13.22.12:595][853]LogVoxelMeshingProfiling: Display: Scenario name: UEDPIE_0_Map_VoxelPlugin_Scenario36; OpaqueVoxelCount: 18432; TransparentVoxelCount: 14336
[2025.05.08-13.22.12:595][853]LogVoxelMeshingProfiling: Display: Scenario name: UEDPIE_0_Map_VoxelPlugin_Scenario36; Voxel Model memory: 262144
[2025.05.08-13.22.12:595][853]LogVoxelMeshingProfiling: Display: Scenario name: UEDPIE_0_Map_VoxelPlugin_Scenario36; OpaqueVoxelCount: 18432; TransparentVoxelCount: 14336
[2025.05.08-13.22.12:601][853]LogVoxelMeshingProfiling: Display: Scenario name: UEDPIE_0_Map_VoxelPlugin_Scenario36; Voxel Model memory: 262144
[2025.05.08-13.22.12:601][853]LogVoxelMeshingProfiling: Display: Scenario name: UEDPIE_0_Map_VoxelPlugin_Scenario36; OpaqueVoxelCount: 18432; TransparentVoxelCount: 14336
[2025.05.08-13.22.12:601][853]LogVoxelMeshingProfiling: Display: Scenario name: UEDPIE_0_Map_VoxelPlugin_Scenario36; Voxel Model memory: 262144
[2025.05.08-13.22.12:601][853]LogVoxelMeshingProfiling: Display: Scenario name: UEDPIE_0_Map_VoxelPlugin_Scenario36; OpaqueVoxelCount: 18432; TransparentVoxelCount: 14336
[2025.05.08-13.22.12:602][853]LogVoxelMeshingProfiling: Display: Scenario name: UEDPIE_0_Map_VoxelPlugin_Scenario36; Voxel Model memory: 262144
[2025.05.08-13.22.12:602][853]LogVoxelMeshingProfiling: Display: Scenario name: UEDPIE_0_Map_VoxelPlugin_Scenario36; OpaqueVoxelCount: 18432; TransparentVoxelCount: 14336
[2025.05.08-13.22.12:602][853]LogVoxelMeshingProfiling: Display: Scenario name: UEDPIE_0_Map_VoxelPlugin_Scenario36; Voxel Model memory: 262144
[2025.05.08-13.22.12:602][853]LogVoxelMeshingProfiling: Display: Scenario name: UEDPIE_0_Map_VoxelPlugin_Scenario36; OpaqueVoxelCount: 18432; TransparentVoxelCount: 14336
[2025.05.08-13.22.12:603][853]LogVoxelMeshingProfiling: Display: Scenario name: UEDPIE_0_Map_VoxelPlugin_Scenario36; Voxel Model memory: 262144
[2025.05.08-13.22.12:603][853]LogVoxelMeshingProfiling: Display: Scenario name: UEDPIE_0_Map_VoxelPlugin_Scenario36; OpaqueVoxelCount: 18432; TransparentVoxelCount: 14336
[2025.05.08-13.22.12:608][853]LogVoxelMeshingProfiling: Display: Scenario name: UEDPIE_0_Map_VoxelPlugin_Scenario36; Voxel Model memory: 262144
[2025.05.08-13.22.12:608][853]LogVoxelMeshingProfiling: Display: Scenario name: UEDPIE_0_Map_VoxelPlugin_Scenario36; OpaqueVoxelCount: 18432; TransparentVoxelCount: 14336
[2025.05.08-13.22.12:609][853]LogVoxelMeshingProfiling: Display: Scenario name: UEDPIE_0_Map_VoxelPlugin_Scenario36; Voxel Model memory: 262144
[2025.05.08-13.22.12:609][853]LogVoxelMeshingProfiling: Display: Scenario name: UEDPIE_0_Map_VoxelPlugin_Scenario36; OpaqueVoxelCount: 18432; TransparentVoxelCount: 14336
[2025.05.08-13.22.12:613][853]LogVoxelMeshingProfiling: Display: Scenario name: UEDPIE_0_Map_VoxelPlugin_Scenario36; Voxel Model memory: 262144
[2025.05.08-13.22.12:613][853]LogVoxelMeshingProfiling: Display: Scenario name: UEDPIE_0_Map_VoxelPlugin_Scenario36; OpaqueVoxelCount: 18432; TransparentVoxelCount: 14336
[2025.05.08-13.22.12:614][853]LogVoxelMeshingProfiling: Display: Scenario name: UEDPIE_0_Map_VoxelPlugin_Scenario36; Voxel Model memory: 262144
[2025.05.08-13.22.12:614][853]LogVoxelMeshingProfiling: Display: Scenario name: UEDPIE_0_Map_VoxelPlugin_Scenario36; OpaqueVoxelCount: 18432; TransparentVoxelCount: 14336
[2025.05.08-13.22.12:614][853]LogVoxelMeshingProfiling: Display: Scenario name: UEDPIE_0_Map_VoxelPlugin_Scenario36; Voxel Model memory: 262144
[2025.05.08-13.22.12:614][853]LogVoxelMeshingProfiling: Display: Scenario name: UEDPIE_0_Map_VoxelPlugin_Scenario36; OpaqueVoxelCount: 18432; TransparentVoxelCount: 14336
[2025.05.08-13.22.12:615][853]LogVoxelMeshingProfiling: Display: Scenario name: UEDPIE_0_Map_VoxelPlugin_Scenario36; Voxel Model memory: 262144
[2025.05.08-13.22.12:615][853]LogVoxelMeshingProfiling: Display: Scenario name: UEDPIE_0_Map_VoxelPlugin_Scenario36; OpaqueVoxelCount: 18432; TransparentVoxelCount: 14336
[2025.05.08-13.22.12:682][854]LogVoxelMeshingProfiling: Display: Scenario name: Map_VoxelPlugin_Scenario36; Vertices: 24576
[2025.05.08-13.22.12:689][854]LogVoxelMeshingProfiling: Display: Scenario name: Map_VoxelPlugin_Scenario36; Vertices: 26880
[2025.05.08-13.22.12:703][854]LogVoxelMeshingProfiling: Display: Scenario name: Map_VoxelPlugin_Scenario36; Vertices: 26880
[2025.05.08-13.22.12:706][854]LogVoxelMeshingProfiling: Display: Scenario name: Map_VoxelPlugin_Scenario36; Vertices: 29184
[2025.05.08-13.22.12:726][854]LogVoxelMeshingProfiling: Display: Scenario name: Map_VoxelPlugin_Scenario36; Vertices: 26880
[2025.05.08-13.22.12:727][854]LogVoxelMeshingProfiling: Display: Scenario name: Map_VoxelPlugin_Scenario36; Vertices: 29184
[2025.05.08-13.22.12:745][855]LogVoxelMeshingProfiling: Display: Scenario name: Map_VoxelPlugin_Scenario36; Vertices: 26880
[2025.05.08-13.22.12:761][855]LogVoxelMeshingProfiling: Display: Scenario name: Map_VoxelPlugin_Scenario36; Vertices: 29184
[2025.05.08-13.22.12:793][856]LogVoxelMeshingProfiling: Display: Scenario name: Map_VoxelPlugin_Scenario36; Vertices: 29184
[2025.05.08-13.22.12:796][856]LogVoxelMeshingProfiling: Display: Scenario name: Map_VoxelPlugin_Scenario36; Vertices: 26880
[2025.05.08-13.22.12:856][859]LogVoxelMeshingProfiling: Display: Scenario name: Map_VoxelPlugin_Scenario36; Vertices: 24576
[2025.05.08-13.22.12:899][860]LogVoxelMeshingProfiling: Display: Scenario name: Map_VoxelPlugin_Scenario36; Vertices: 26880
[2025.05.08-13.22.12:950][862]LogVoxelMeshingProfiling: Display: Scenario name: Map_VoxelPlugin_Scenario36; Vertices: 29184
[2025.05.08-13.22.12:956][862]LogVoxelMeshingProfiling: Display: Scenario name: Map_VoxelPlugin_Scenario36; Vertices: 26880
[2025.05.08-13.22.12:990][863]LogVoxelMeshingProfiling: Display: Scenario name: Map_VoxelPlugin_Scenario36; Vertices: 29184
[2025.05.08-13.22.13:015][864]LogVoxelMeshingProfiling: Display: Scenario name: Map_VoxelPlugin_Scenario36; Vertices: 26880
[2025.05.08-13.22.13:015][864]LogVoxelMeshingProfiling: Display: Scenario name: Map_VoxelPlugin_Scenario36; Vertices: 29184
[2025.05.08-13.22.13:045][865]LogVoxelMeshingProfiling: Display: Scenario name: Map_VoxelPlugin_Scenario36; Vertices: 29184
[2025.05.08-13.22.13:134][870]LogVoxelMeshingProfiling: Display: Scenario name: Map_VoxelPlugin_Scenario36; Vertices: 24576
[2025.05.08-13.22.13:136][870]LogVoxelMeshingProfiling: Display: Scenario name: Map_VoxelPlugin_Scenario36; Vertices: 26880
[2025.05.08-13.22.13:163][872]LogVoxelMeshingProfiling: Display: Scenario name: Map_VoxelPlugin_Scenario36; Vertices: 26880
[2025.05.08-13.22.13:163][872]LogVoxelMeshingProfiling: Display: Scenario name: Map_VoxelPlugin_Scenario36; Vertices: 29184
[2025.05.08-13.22.13:192][874]LogVoxelMeshingProfiling: Display: Scenario name: Map_VoxelPlugin_Scenario36; Vertices: 26880
[2025.05.08-13.22.13:222][875]LogVoxelMeshingProfiling: Display: Scenario name: Map_VoxelPlugin_Scenario36; Vertices: 29184
[2025.05.08-13.22.13:224][875]LogVoxelMeshingProfiling: Display: Scenario name: Map_VoxelPlugin_Scenario36; Vertices: 26880
[2025.05.08-13.22.13:253][877]LogVoxelMeshingProfiling: Display: Scenario name: Map_VoxelPlugin_Scenario36; Vertices: 29184
[2025.05.08-13.22.13:277][879]LogVoxelMeshingProfiling: Display: Scenario name: Map_VoxelPlugin_Scenario36; Vertices: 29184
