[2025.05.08-13.26.05:193][585]LogVoxelMeshingProfiling: Display: Scenario name: UEDPIE_0_Map_Grid_Scenario37; Voxel Model memory: 262144
[2025.05.08-13.26.05:193][585]LogVoxelMeshingProfiling: Display: Scenario name: UEDPIE_0_Map_Grid_Scenario37; OpaqueVoxelCount: 21504; TransparentVoxelCount: 11264
[2025.05.08-13.26.05:204][585]LogVoxelMeshingProfiling: Display: Scenario name: UEDPIE_0_Map_Grid_Scenario37; Voxel Model memory: 262144
[2025.05.08-13.26.05:204][585]LogVoxelMeshingProfiling: Display: Scenario name: UEDPIE_0_Map_Grid_Scenario37; OpaqueVoxelCount: 21504; TransparentVoxelCount: 11264
[2025.05.08-13.26.05:205][585]LogVoxelMeshingProfiling: Display: Scenario name: UEDPIE_0_Map_Grid_Scenario37; Voxel Model memory: 262144
[2025.05.08-13.26.05:205][585]LogVoxelMeshingProfiling: Display: Scenario name: UEDPIE_0_Map_Grid_Scenario37; OpaqueVoxelCount: 21504; TransparentVoxelCount: 11264
[2025.05.08-13.26.05:205][585]LogVoxelMeshingProfiling: Display: Scenario name: UEDPIE_0_Map_Grid_Scenario37; Voxel Model memory: 262144
[2025.05.08-13.26.05:205][585]LogVoxelMeshingProfiling: Display: Scenario name: UEDPIE_0_Map_Grid_Scenario37; OpaqueVoxelCount: 21504; TransparentVoxelCount: 11264
[2025.05.08-13.26.05:205][585]LogVoxelMeshingProfiling: Display: Scenario name: UEDPIE_0_Map_Grid_Scenario37; Voxel Model memory: 262144
[2025.05.08-13.26.05:205][585]LogVoxelMeshingProfiling: Display: Scenario name: UEDPIE_0_Map_Grid_Scenario37; OpaqueVoxelCount: 21504; TransparentVoxelCount: 11264
[2025.05.08-13.26.05:207][585]LogVoxelMeshingProfiling: Display: Scenario name: UEDPIE_0_Map_Grid_Scenario37; Voxel Model memory: 262144
[2025.05.08-13.26.05:208][585]LogVoxelMeshingProfiling: Display: Scenario name: UEDPIE_0_Map_Grid_Scenario37; OpaqueVoxelCount: 21504; TransparentVoxelCount: 11264
[2025.05.08-13.26.05:208][585]LogVoxelMeshingProfiling: Display: Scenario name: UEDPIE_0_Map_Grid_Scenario37; Voxel Model memory: 262144
[2025.05.08-13.26.05:208][585]LogVoxelMeshingProfiling: Display: Scenario name: UEDPIE_0_Map_Grid_Scenario37; OpaqueVoxelCount: 21504; TransparentVoxelCount: 11264
[2025.05.08-13.26.05:218][585]LogVoxelMeshingProfiling: Display: Scenario name: UEDPIE_0_Map_Grid_Scenario37; Voxel Model memory: 262144
[2025.05.08-13.26.05:218][585]LogVoxelMeshingProfiling: Display: Scenario name: UEDPIE_0_Map_Grid_Scenario37; OpaqueVoxelCount: 21504; TransparentVoxelCount: 11264
[2025.05.08-13.26.05:219][585]LogVoxelMeshingProfiling: Display: Scenario name: UEDPIE_0_Map_Grid_Scenario37; Voxel Model memory: 262144
[2025.05.08-13.26.05:220][585]LogVoxelMeshingProfiling: Display: Scenario name: UEDPIE_0_Map_Grid_Scenario37; OpaqueVoxelCount: 21504; TransparentVoxelCount: 11264
[2025.05.08-13.26.05:220][585]LogVoxelMeshingProfiling: Display: Scenario name: UEDPIE_0_Map_Grid_Scenario37; Voxel Model memory: 262144
[2025.05.08-13.26.05:220][585]LogVoxelMeshingProfiling: Display: Scenario name: UEDPIE_0_Map_Grid_Scenario37; OpaqueVoxelCount: 21504; TransparentVoxelCount: 11264
[2025.05.08-13.26.05:221][585]LogVoxelMeshingProfiling: Display: Scenario name: UEDPIE_0_Map_Grid_Scenario37; Voxel Model memory: 262144
[2025.05.08-13.26.05:221][585]LogVoxelMeshingProfiling: Display: Scenario name: UEDPIE_0_Map_Grid_Scenario37; OpaqueVoxelCount: 21504; TransparentVoxelCount: 11264
[2025.05.08-13.26.05:227][585]LogVoxelMeshingProfiling: Display: Scenario name: UEDPIE_0_Map_Grid_Scenario37; Voxel Model memory: 262144
[2025.05.08-13.26.05:227][585]LogVoxelMeshingProfiling: Display: Scenario name: UEDPIE_0_Map_Grid_Scenario37; OpaqueVoxelCount: 21504; TransparentVoxelCount: 11264
[2025.05.08-13.26.05:227][585]LogVoxelMeshingProfiling: Display: Scenario name: UEDPIE_0_Map_Grid_Scenario37; Voxel Model memory: 262144
[2025.05.08-13.26.05:227][585]LogVoxelMeshingProfiling: Display: Scenario name: UEDPIE_0_Map_Grid_Scenario37; OpaqueVoxelCount: 21504; TransparentVoxelCount: 11264
[2025.05.08-13.26.05:227][585]LogVoxelMeshingProfiling: Display: Scenario name: UEDPIE_0_Map_Grid_Scenario37; Voxel Model memory: 262144
[2025.05.08-13.26.05:227][585]LogVoxelMeshingProfiling: Display: Scenario name: UEDPIE_0_Map_Grid_Scenario37; OpaqueVoxelCount: 21504; TransparentVoxelCount: 11264
[2025.05.08-13.26.05:237][585]LogVoxelMeshingProfiling: Display: Scenario name: UEDPIE_0_Map_Grid_Scenario37; Voxel Model memory: 262144
[2025.05.08-13.26.05:237][585]LogVoxelMeshingProfiling: Display: Scenario name: UEDPIE_0_Map_Grid_Scenario37; OpaqueVoxelCount: 21504; TransparentVoxelCount: 11264
[2025.05.08-13.26.05:237][585]LogVoxelMeshingProfiling: Display: Scenario name: UEDPIE_0_Map_Grid_Scenario37; Voxel Model memory: 262144
[2025.05.08-13.26.05:237][585]LogVoxelMeshingProfiling: Display: Scenario name: UEDPIE_0_Map_Grid_Scenario37; OpaqueVoxelCount: 21504; TransparentVoxelCount: 11264
[2025.05.08-13.26.05:238][585]LogVoxelMeshingProfiling: Display: Scenario name: UEDPIE_0_Map_Grid_Scenario37; Voxel Model memory: 262144
[2025.05.08-13.26.05:238][585]LogVoxelMeshingProfiling: Display: Scenario name: UEDPIE_0_Map_Grid_Scenario37; OpaqueVoxelCount: 21504; TransparentVoxelCount: 11264
[2025.05.08-13.26.05:239][585]LogVoxelMeshingProfiling: Display: Scenario name: UEDPIE_0_Map_Grid_Scenario37; Voxel Model memory: 262144
[2025.05.08-13.26.05:239][585]LogVoxelMeshingProfiling: Display: Scenario name: UEDPIE_0_Map_Grid_Scenario37; OpaqueVoxelCount: 21504; TransparentVoxelCount: 11264
[2025.05.08-13.26.05:242][585]LogVoxelMeshingProfiling: Display: Scenario name: UEDPIE_0_Map_Grid_Scenario37; Voxel Model memory: 262144
[2025.05.08-13.26.05:242][585]LogVoxelMeshingProfiling: Display: Scenario name: UEDPIE_0_Map_Grid_Scenario37; OpaqueVoxelCount: 21504; TransparentVoxelCount: 11264
[2025.05.08-13.26.05:244][585]LogVoxelMeshingProfiling: Display: Scenario name: UEDPIE_0_Map_Grid_Scenario37; Voxel Model memory: 262144
[2025.05.08-13.26.05:244][585]LogVoxelMeshingProfiling: Display: Scenario name: UEDPIE_0_Map_Grid_Scenario37; OpaqueVoxelCount: 21504; TransparentVoxelCount: 11264
[2025.05.08-13.26.05:244][585]LogVoxelMeshingProfiling: Display: Scenario name: UEDPIE_0_Map_Grid_Scenario37; Voxel Model memory: 262144
[2025.05.08-13.26.05:244][585]LogVoxelMeshingProfiling: Display: Scenario name: UEDPIE_0_Map_Grid_Scenario37; OpaqueVoxelCount: 21504; TransparentVoxelCount: 11264
[2025.05.08-13.26.05:250][585]LogVoxelMeshingProfiling: Display: Scenario name: UEDPIE_0_Map_Grid_Scenario37; Voxel Model memory: 262144
[2025.05.08-13.26.05:250][585]LogVoxelMeshingProfiling: Display: Scenario name: UEDPIE_0_Map_Grid_Scenario37; OpaqueVoxelCount: 21504; TransparentVoxelCount: 11264
[2025.05.08-13.26.05:253][585]LogVoxelMeshingProfiling: Display: Scenario name: UEDPIE_0_Map_Grid_Scenario37; Voxel Model memory: 262144
[2025.05.08-13.26.05:253][585]LogVoxelMeshingProfiling: Display: Scenario name: UEDPIE_0_Map_Grid_Scenario37; OpaqueVoxelCount: 21504; TransparentVoxelCount: 11264
[2025.05.08-13.26.05:254][585]LogVoxelMeshingProfiling: Display: Scenario name: UEDPIE_0_Map_Grid_Scenario37; Voxel Model memory: 262144
[2025.05.08-13.26.05:254][585]LogVoxelMeshingProfiling: Display: Scenario name: UEDPIE_0_Map_Grid_Scenario37; OpaqueVoxelCount: 21504; TransparentVoxelCount: 11264
[2025.05.08-13.26.05:254][585]LogVoxelMeshingProfiling: Display: Scenario name: UEDPIE_0_Map_Grid_Scenario37; Voxel Model memory: 262144
[2025.05.08-13.26.05:254][585]LogVoxelMeshingProfiling: Display: Scenario name: UEDPIE_0_Map_Grid_Scenario37; OpaqueVoxelCount: 21504; TransparentVoxelCount: 11264
[2025.05.08-13.26.05:255][585]LogVoxelMeshingProfiling: Display: Scenario name: UEDPIE_0_Map_Grid_Scenario37; Voxel Model memory: 262144
[2025.05.08-13.26.05:255][585]LogVoxelMeshingProfiling: Display: Scenario name: UEDPIE_0_Map_Grid_Scenario37; OpaqueVoxelCount: 21504; TransparentVoxelCount: 11264
[2025.05.08-13.26.05:256][585]LogVoxelMeshingProfiling: Display: Scenario name: UEDPIE_0_Map_Grid_Scenario37; Voxel Model memory: 262144
[2025.05.08-13.26.05:256][585]LogVoxelMeshingProfiling: Display: Scenario name: UEDPIE_0_Map_Grid_Scenario37; OpaqueVoxelCount: 21504; TransparentVoxelCount: 11264
[2025.05.08-13.26.05:262][585]LogVoxelMeshingProfiling: Display: Scenario name: UEDPIE_0_Map_Grid_Scenario37; Vertices: 8
[2025.05.08-13.26.05:267][585]LogVoxelMeshingProfiling: Display: Scenario name: UEDPIE_0_Map_Grid_Scenario37; Vertices: 12
[2025.05.08-13.26.05:270][585]LogVoxelMeshingProfiling: Display: Scenario name: UEDPIE_0_Map_Grid_Scenario37; Vertices: 16
[2025.05.08-13.26.05:274][585]LogVoxelMeshingProfiling: Display: Scenario name: UEDPIE_0_Map_Grid_Scenario37; Vertices: 16
[2025.05.08-13.26.05:278][586]LogVoxelMeshingProfiling: Display: Scenario name: UEDPIE_0_Map_Grid_Scenario37; Vertices: 12
[2025.05.08-13.26.05:282][586]LogVoxelMeshingProfiling: Display: Scenario name: UEDPIE_0_Map_Grid_Scenario37; Vertices: 16
[2025.05.08-13.26.05:286][586]LogVoxelMeshingProfiling: Display: Scenario name: UEDPIE_0_Map_Grid_Scenario37; Vertices: 16
[2025.05.08-13.26.05:290][586]LogVoxelMeshingProfiling: Display: Scenario name: UEDPIE_0_Map_Grid_Scenario37; Vertices: 20
[2025.05.08-13.26.05:292][586]LogVoxelMeshingProfiling: Display: Scenario name: UEDPIE_0_Map_Grid_Scenario37; Vertices: 20
[2025.05.08-13.26.05:297][586]LogVoxelMeshingProfiling: Display: Scenario name: UEDPIE_0_Map_Grid_Scenario37; Vertices: 20
[2025.05.08-13.26.05:300][586]LogVoxelMeshingProfiling: Display: Scenario name: UEDPIE_0_Map_Grid_Scenario37; Vertices: 20
[2025.05.08-13.26.05:304][586]LogVoxelMeshingProfiling: Display: Scenario name: UEDPIE_0_Map_Grid_Scenario37; Vertices: 20
[2025.05.08-13.26.05:309][586]LogVoxelMeshingProfiling: Display: Scenario name: UEDPIE_0_Map_Grid_Scenario37; Vertices: 24
[2025.05.08-13.26.05:312][586]LogVoxelMeshingProfiling: Display: Scenario name: UEDPIE_0_Map_Grid_Scenario37; Vertices: 24
[2025.05.08-13.26.05:315][586]LogVoxelMeshingProfiling: Display: Scenario name: UEDPIE_0_Map_Grid_Scenario37; Vertices: 20
[2025.05.08-13.26.05:319][586]LogVoxelMeshingProfiling: Display: Scenario name: UEDPIE_0_Map_Grid_Scenario37; Vertices: 24
[2025.05.08-13.26.05:321][586]LogVoxelMeshingProfiling: Display: Scenario name: UEDPIE_0_Map_Grid_Scenario37; Vertices: 24
[2025.05.08-13.26.05:324][586]LogVoxelMeshingProfiling: Display: Scenario name: UEDPIE_0_Map_Grid_Scenario37; Vertices: 20
[2025.05.08-13.26.05:328][586]LogVoxelMeshingProfiling: Display: Scenario name: UEDPIE_0_Map_Grid_Scenario37; Vertices: 20
[2025.05.08-13.26.05:331][586]LogVoxelMeshingProfiling: Display: Scenario name: UEDPIE_0_Map_Grid_Scenario37; Vertices: 28
[2025.05.08-13.26.05:334][586]LogVoxelMeshingProfiling: Display: Scenario name: UEDPIE_0_Map_Grid_Scenario37; Vertices: 28
[2025.05.08-13.26.05:338][586]LogVoxelMeshingProfiling: Display: Scenario name: UEDPIE_0_Map_Grid_Scenario37; Vertices: 28
[2025.05.08-13.26.05:341][586]LogVoxelMeshingProfiling: Display: Scenario name: UEDPIE_0_Map_Grid_Scenario37; Vertices: 28
[2025.05.08-13.26.05:344][586]LogVoxelMeshingProfiling: Display: Scenario name: UEDPIE_0_Map_Grid_Scenario37; Vertices: 28
[2025.05.08-13.26.05:349][586]LogVoxelMeshingProfiling: Display: Scenario name: UEDPIE_0_Map_Grid_Scenario37; Vertices: 28
[2025.05.08-13.26.05:351][586]LogVoxelMeshingProfiling: Display: Scenario name: UEDPIE_0_Map_Grid_Scenario37; Vertices: 28
[2025.05.08-13.26.05:356][586]LogVoxelMeshingProfiling: Display: Scenario name: UEDPIE_0_Map_Grid_Scenario37; Vertices: 28
[2025.05.08-13.26.12:198][ 71]LogVoxelMeshingProfiling: Display: Scenario name: UEDPIE_0_Map_RLE_Scenario37; Voxel Model memory: 216
[2025.05.08-13.26.12:206][ 71]LogVoxelMeshingProfiling: Display: Scenario name: UEDPIE_0_Map_RLE_Scenario37; Voxel Model memory: 216
[2025.05.08-13.26.12:206][ 71]LogVoxelMeshingProfiling: Display: Scenario name: UEDPIE_0_Map_RLE_Scenario37; Voxel Model memory: 216
[2025.05.08-13.26.12:212][ 71]LogVoxelMeshingProfiling: Display: Scenario name: UEDPIE_0_Map_RLE_Scenario37; Voxel Model memory: 216
[2025.05.08-13.26.12:212][ 71]LogVoxelMeshingProfiling: Display: Scenario name: UEDPIE_0_Map_RLE_Scenario37; Voxel Model memory: 216
[2025.05.08-13.26.12:212][ 71]LogVoxelMeshingProfiling: Display: Scenario name: UEDPIE_0_Map_RLE_Scenario37; Voxel Model memory: 216
[2025.05.08-13.26.12:212][ 71]LogVoxelMeshingProfiling: Display: Scenario name: UEDPIE_0_Map_RLE_Scenario37; Voxel Model memory: 216
[2025.05.08-13.26.12:223][ 71]LogVoxelMeshingProfiling: Display: Scenario name: UEDPIE_0_Map_RLE_Scenario37; Voxel Model memory: 216
[2025.05.08-13.26.12:223][ 71]LogVoxelMeshingProfiling: Display: Scenario name: UEDPIE_0_Map_RLE_Scenario37; Voxel Model memory: 216
[2025.05.08-13.26.12:223][ 71]LogVoxelMeshingProfiling: Display: Scenario name: UEDPIE_0_Map_RLE_Scenario37; Voxel Model memory: 216
[2025.05.08-13.26.12:226][ 71]LogVoxelMeshingProfiling: Display: Scenario name: UEDPIE_0_Map_RLE_Scenario37; Voxel Model memory: 216
[2025.05.08-13.26.12:229][ 71]LogVoxelMeshingProfiling: Display: Scenario name: UEDPIE_0_Map_RLE_Scenario37; Voxel Model memory: 216
[2025.05.08-13.26.12:229][ 71]LogVoxelMeshingProfiling: Display: Scenario name: UEDPIE_0_Map_RLE_Scenario37; Voxel Model memory: 216
[2025.05.08-13.26.12:229][ 71]LogVoxelMeshingProfiling: Display: Scenario name: UEDPIE_0_Map_RLE_Scenario37; Voxel Model memory: 216
[2025.05.08-13.26.12:236][ 71]LogVoxelMeshingProfiling: Display: Scenario name: UEDPIE_0_Map_RLE_Scenario37; Voxel Model memory: 216
[2025.05.08-13.26.12:237][ 71]LogVoxelMeshingProfiling: Display: Scenario name: UEDPIE_0_Map_RLE_Scenario37; Voxel Model memory: 216
[2025.05.08-13.26.12:239][ 71]LogVoxelMeshingProfiling: Display: Scenario name: UEDPIE_0_Map_RLE_Scenario37; Voxel Model memory: 216
[2025.05.08-13.26.12:241][ 71]LogVoxelMeshingProfiling: Display: Scenario name: UEDPIE_0_Map_RLE_Scenario37; Voxel Model memory: 216
[2025.05.08-13.26.12:243][ 71]LogVoxelMeshingProfiling: Display: Scenario name: UEDPIE_0_Map_RLE_Scenario37; Voxel Model memory: 216
[2025.05.08-13.26.12:244][ 71]LogVoxelMeshingProfiling: Display: Scenario name: UEDPIE_0_Map_RLE_Scenario37; Voxel Model memory: 216
[2025.05.08-13.26.12:244][ 71]LogVoxelMeshingProfiling: Display: Scenario name: UEDPIE_0_Map_RLE_Scenario37; Voxel Model memory: 216
[2025.05.08-13.26.12:254][ 72]LogVoxelMeshingProfiling: Display: Scenario name: UEDPIE_0_Map_RLE_Scenario37; Voxel Model memory: 216
[2025.05.08-13.26.12:255][ 72]LogVoxelMeshingProfiling: Display: Scenario name: UEDPIE_0_Map_RLE_Scenario37; Voxel Model memory: 216
[2025.05.08-13.26.12:255][ 72]LogVoxelMeshingProfiling: Display: Scenario name: UEDPIE_0_Map_RLE_Scenario37; Voxel Model memory: 216
[2025.05.08-13.26.12:257][ 72]LogVoxelMeshingProfiling: Display: Scenario name: UEDPIE_0_Map_RLE_Scenario37; Voxel Model memory: 216
[2025.05.08-13.26.12:259][ 72]LogVoxelMeshingProfiling: Display: Scenario name: UEDPIE_0_Map_RLE_Scenario37; Voxel Model memory: 216
[2025.05.08-13.26.12:259][ 72]LogVoxelMeshingProfiling: Display: Scenario name: UEDPIE_0_Map_RLE_Scenario37; Voxel Model memory: 216
[2025.05.08-13.26.12:262][ 72]LogVoxelMeshingProfiling: Display: Scenario name: UEDPIE_0_Map_RLE_Scenario37; Vertices: 11092
[2025.05.08-13.26.12:265][ 72]LogVoxelMeshingProfiling: Display: Scenario name: UEDPIE_0_Map_RLE_Scenario37; Vertices: 11092
[2025.05.08-13.26.12:269][ 72]LogVoxelMeshingProfiling: Display: Scenario name: UEDPIE_0_Map_RLE_Scenario37; Vertices: 11092
[2025.05.08-13.26.12:272][ 72]LogVoxelMeshingProfiling: Display: Scenario name: UEDPIE_0_Map_RLE_Scenario37; Vertices: 11092
[2025.05.08-13.26.12:274][ 72]LogVoxelMeshingProfiling: Display: Scenario name: UEDPIE_0_Map_RLE_Scenario37; Vertices: 11092
[2025.05.08-13.26.12:276][ 72]LogVoxelMeshingProfiling: Display: Scenario name: UEDPIE_0_Map_RLE_Scenario37; Vertices: 11092
[2025.05.08-13.26.12:278][ 72]LogVoxelMeshingProfiling: Display: Scenario name: UEDPIE_0_Map_RLE_Scenario37; Vertices: 11092
[2025.05.08-13.26.12:279][ 72]LogVoxelMeshingProfiling: Display: Scenario name: UEDPIE_0_Map_RLE_Scenario37; Vertices: 11092
[2025.05.08-13.26.12:282][ 72]LogVoxelMeshingProfiling: Display: Scenario name: UEDPIE_0_Map_RLE_Scenario37; Vertices: 11092
[2025.05.08-13.26.12:284][ 72]LogVoxelMeshingProfiling: Display: Scenario name: UEDPIE_0_Map_RLE_Scenario37; Vertices: 11092
[2025.05.08-13.26.12:287][ 72]LogVoxelMeshingProfiling: Display: Scenario name: UEDPIE_0_Map_RLE_Scenario37; Vertices: 11092
[2025.05.08-13.26.12:290][ 72]LogVoxelMeshingProfiling: Display: Scenario name: UEDPIE_0_Map_RLE_Scenario37; Vertices: 11092
[2025.05.08-13.26.12:292][ 72]LogVoxelMeshingProfiling: Display: Scenario name: UEDPIE_0_Map_RLE_Scenario37; Vertices: 11092
[2025.05.08-13.26.12:294][ 72]LogVoxelMeshingProfiling: Display: Scenario name: UEDPIE_0_Map_RLE_Scenario37; Vertices: 11092
[2025.05.08-13.26.12:296][ 72]LogVoxelMeshingProfiling: Display: Scenario name: UEDPIE_0_Map_RLE_Scenario37; Vertices: 11092
[2025.05.08-13.26.12:298][ 72]LogVoxelMeshingProfiling: Display: Scenario name: UEDPIE_0_Map_RLE_Scenario37; Vertices: 11092
[2025.05.08-13.26.12:299][ 72]LogVoxelMeshingProfiling: Display: Scenario name: UEDPIE_0_Map_RLE_Scenario37; Vertices: 11092
[2025.05.08-13.26.12:301][ 72]LogVoxelMeshingProfiling: Display: Scenario name: UEDPIE_0_Map_RLE_Scenario37; Vertices: 11092
[2025.05.08-13.26.12:304][ 72]LogVoxelMeshingProfiling: Display: Scenario name: UEDPIE_0_Map_RLE_Scenario37; Vertices: 11092
[2025.05.08-13.26.12:306][ 72]LogVoxelMeshingProfiling: Display: Scenario name: UEDPIE_0_Map_RLE_Scenario37; Vertices: 11092
[2025.05.08-13.26.12:309][ 72]LogVoxelMeshingProfiling: Display: Scenario name: UEDPIE_0_Map_RLE_Scenario37; Vertices: 11092
[2025.05.08-13.26.12:312][ 72]LogVoxelMeshingProfiling: Display: Scenario name: UEDPIE_0_Map_RLE_Scenario37; Vertices: 11092
[2025.05.08-13.26.12:314][ 72]LogVoxelMeshingProfiling: Display: Scenario name: UEDPIE_0_Map_RLE_Scenario37; Vertices: 11092
[2025.05.08-13.26.12:317][ 72]LogVoxelMeshingProfiling: Display: Scenario name: UEDPIE_0_Map_RLE_Scenario37; Vertices: 11092
[2025.05.08-13.26.12:318][ 72]LogVoxelMeshingProfiling: Display: Scenario name: UEDPIE_0_Map_RLE_Scenario37; Vertices: 11092
[2025.05.08-13.26.12:320][ 72]LogVoxelMeshingProfiling: Display: Scenario name: UEDPIE_0_Map_RLE_Scenario37; Vertices: 11092
[2025.05.08-13.26.12:322][ 72]LogVoxelMeshingProfiling: Display: Scenario name: UEDPIE_0_Map_RLE_Scenario37; Vertices: 11092
[2025.05.08-13.26.19:025][493]LogVoxelMeshingProfiling: Display: Scenario name: UEDPIE_0_Map_VoxelPlugin_Scenario37; Voxel Model memory: 262144
[2025.05.08-13.26.19:025][493]LogVoxelMeshingProfiling: Display: Scenario name: UEDPIE_0_Map_VoxelPlugin_Scenario37; OpaqueVoxelCount: 21504; TransparentVoxelCount: 11264
[2025.05.08-13.26.19:033][493]LogVoxelMeshingProfiling: Display: Scenario name: UEDPIE_0_Map_VoxelPlugin_Scenario37; Voxel Model memory: 262144
[2025.05.08-13.26.19:033][493]LogVoxelMeshingProfiling: Display: Scenario name: UEDPIE_0_Map_VoxelPlugin_Scenario37; OpaqueVoxelCount: 21504; TransparentVoxelCount: 11264
[2025.05.08-13.26.19:034][493]LogVoxelMeshingProfiling: Display: Scenario name: UEDPIE_0_Map_VoxelPlugin_Scenario37; Voxel Model memory: 262144
[2025.05.08-13.26.19:034][493]LogVoxelMeshingProfiling: Display: Scenario name: UEDPIE_0_Map_VoxelPlugin_Scenario37; OpaqueVoxelCount: 21504; TransparentVoxelCount: 11264
[2025.05.08-13.26.19:037][493]LogVoxelMeshingProfiling: Display: Scenario name: UEDPIE_0_Map_VoxelPlugin_Scenario37; Voxel Model memory: 262144
[2025.05.08-13.26.19:037][493]LogVoxelMeshingProfiling: Display: Scenario name: UEDPIE_0_Map_VoxelPlugin_Scenario37; OpaqueVoxelCount: 21504; TransparentVoxelCount: 11264
[2025.05.08-13.26.19:040][493]LogVoxelMeshingProfiling: Display: Scenario name: UEDPIE_0_Map_VoxelPlugin_Scenario37; Voxel Model memory: 262144
[2025.05.08-13.26.19:040][493]LogVoxelMeshingProfiling: Display: Scenario name: UEDPIE_0_Map_VoxelPlugin_Scenario37; OpaqueVoxelCount: 21504; TransparentVoxelCount: 11264
[2025.05.08-13.26.19:040][493]LogVoxelMeshingProfiling: Display: Scenario name: UEDPIE_0_Map_VoxelPlugin_Scenario37; Voxel Model memory: 262144
[2025.05.08-13.26.19:040][493]LogVoxelMeshingProfiling: Display: Scenario name: UEDPIE_0_Map_VoxelPlugin_Scenario37; OpaqueVoxelCount: 21504; TransparentVoxelCount: 11264
[2025.05.08-13.26.19:040][493]LogVoxelMeshingProfiling: Display: Scenario name: UEDPIE_0_Map_VoxelPlugin_Scenario37; Voxel Model memory: 262144
[2025.05.08-13.26.19:040][493]LogVoxelMeshingProfiling: Display: Scenario name: UEDPIE_0_Map_VoxelPlugin_Scenario37; OpaqueVoxelCount: 21504; TransparentVoxelCount: 11264
[2025.05.08-13.26.19:049][493]LogVoxelMeshingProfiling: Display: Scenario name: UEDPIE_0_Map_VoxelPlugin_Scenario37; Voxel Model memory: 262144
[2025.05.08-13.26.19:049][493]LogVoxelMeshingProfiling: Display: Scenario name: UEDPIE_0_Map_VoxelPlugin_Scenario37; OpaqueVoxelCount: 21504; TransparentVoxelCount: 11264
[2025.05.08-13.26.19:049][493]LogVoxelMeshingProfiling: Display: Scenario name: UEDPIE_0_Map_VoxelPlugin_Scenario37; Voxel Model memory: 262144
[2025.05.08-13.26.19:049][493]LogVoxelMeshingProfiling: Display: Scenario name: UEDPIE_0_Map_VoxelPlugin_Scenario37; OpaqueVoxelCount: 21504; TransparentVoxelCount: 11264
[2025.05.08-13.26.19:049][493]LogVoxelMeshingProfiling: Display: Scenario name: UEDPIE_0_Map_VoxelPlugin_Scenario37; Voxel Model memory: 262144
[2025.05.08-13.26.19:049][493]LogVoxelMeshingProfiling: Display: Scenario name: UEDPIE_0_Map_VoxelPlugin_Scenario37; OpaqueVoxelCount: 21504; TransparentVoxelCount: 11264
[2025.05.08-13.26.19:054][493]LogVoxelMeshingProfiling: Display: Scenario name: UEDPIE_0_Map_VoxelPlugin_Scenario37; Voxel Model memory: 262144
[2025.05.08-13.26.19:054][493]LogVoxelMeshingProfiling: Display: Scenario name: UEDPIE_0_Map_VoxelPlugin_Scenario37; OpaqueVoxelCount: 21504; TransparentVoxelCount: 11264
[2025.05.08-13.26.19:055][493]LogVoxelMeshingProfiling: Display: Scenario name: UEDPIE_0_Map_VoxelPlugin_Scenario37; Voxel Model memory: 262144
[2025.05.08-13.26.19:055][493]LogVoxelMeshingProfiling: Display: Scenario name: UEDPIE_0_Map_VoxelPlugin_Scenario37; OpaqueVoxelCount: 21504; TransparentVoxelCount: 11264
[2025.05.08-13.26.19:055][493]LogVoxelMeshingProfiling: Display: Scenario name: UEDPIE_0_Map_VoxelPlugin_Scenario37; Voxel Model memory: 262144
[2025.05.08-13.26.19:055][493]LogVoxelMeshingProfiling: Display: Scenario name: UEDPIE_0_Map_VoxelPlugin_Scenario37; OpaqueVoxelCount: 21504; TransparentVoxelCount: 11264
[2025.05.08-13.26.19:055][493]LogVoxelMeshingProfiling: Display: Scenario name: UEDPIE_0_Map_VoxelPlugin_Scenario37; Voxel Model memory: 262144
[2025.05.08-13.26.19:055][493]LogVoxelMeshingProfiling: Display: Scenario name: UEDPIE_0_Map_VoxelPlugin_Scenario37; OpaqueVoxelCount: 21504; TransparentVoxelCount: 11264
[2025.05.08-13.26.19:064][493]LogVoxelMeshingProfiling: Display: Scenario name: UEDPIE_0_Map_VoxelPlugin_Scenario37; Voxel Model memory: 262144
[2025.05.08-13.26.19:064][493]LogVoxelMeshingProfiling: Display: Scenario name: UEDPIE_0_Map_VoxelPlugin_Scenario37; OpaqueVoxelCount: 21504; TransparentVoxelCount: 11264
[2025.05.08-13.26.19:064][493]LogVoxelMeshingProfiling: Display: Scenario name: UEDPIE_0_Map_VoxelPlugin_Scenario37; Voxel Model memory: 262144
[2025.05.08-13.26.19:064][493]LogVoxelMeshingProfiling: Display: Scenario name: UEDPIE_0_Map_VoxelPlugin_Scenario37; OpaqueVoxelCount: 21504; TransparentVoxelCount: 11264
[2025.05.08-13.26.19:067][493]LogVoxelMeshingProfiling: Display: Scenario name: UEDPIE_0_Map_VoxelPlugin_Scenario37; Voxel Model memory: 262144
[2025.05.08-13.26.19:067][493]LogVoxelMeshingProfiling: Display: Scenario name: UEDPIE_0_Map_VoxelPlugin_Scenario37; OpaqueVoxelCount: 21504; TransparentVoxelCount: 11264
[2025.05.08-13.26.19:071][493]LogVoxelMeshingProfiling: Display: Scenario name: UEDPIE_0_Map_VoxelPlugin_Scenario37; Voxel Model memory: 262144
[2025.05.08-13.26.19:071][493]LogVoxelMeshingProfiling: Display: Scenario name: UEDPIE_0_Map_VoxelPlugin_Scenario37; OpaqueVoxelCount: 21504; TransparentVoxelCount: 11264
[2025.05.08-13.26.19:071][493]LogVoxelMeshingProfiling: Display: Scenario name: UEDPIE_0_Map_VoxelPlugin_Scenario37; Voxel Model memory: 262144
[2025.05.08-13.26.19:071][493]LogVoxelMeshingProfiling: Display: Scenario name: UEDPIE_0_Map_VoxelPlugin_Scenario37; OpaqueVoxelCount: 21504; TransparentVoxelCount: 11264
[2025.05.08-13.26.19:073][493]LogVoxelMeshingProfiling: Display: Scenario name: UEDPIE_0_Map_VoxelPlugin_Scenario37; Voxel Model memory: 262144
[2025.05.08-13.26.19:073][493]LogVoxelMeshingProfiling: Display: Scenario name: UEDPIE_0_Map_VoxelPlugin_Scenario37; OpaqueVoxelCount: 21504; TransparentVoxelCount: 11264
[2025.05.08-13.26.19:073][493]LogVoxelMeshingProfiling: Display: Scenario name: UEDPIE_0_Map_VoxelPlugin_Scenario37; Voxel Model memory: 262144
[2025.05.08-13.26.19:073][493]LogVoxelMeshingProfiling: Display: Scenario name: UEDPIE_0_Map_VoxelPlugin_Scenario37; OpaqueVoxelCount: 21504; TransparentVoxelCount: 11264
[2025.05.08-13.26.19:082][493]LogVoxelMeshingProfiling: Display: Scenario name: UEDPIE_0_Map_VoxelPlugin_Scenario37; Voxel Model memory: 262144
[2025.05.08-13.26.19:082][493]LogVoxelMeshingProfiling: Display: Scenario name: UEDPIE_0_Map_VoxelPlugin_Scenario37; OpaqueVoxelCount: 21504; TransparentVoxelCount: 11264
[2025.05.08-13.26.19:082][493]LogVoxelMeshingProfiling: Display: Scenario name: UEDPIE_0_Map_VoxelPlugin_Scenario37; Voxel Model memory: 262144
[2025.05.08-13.26.19:082][493]LogVoxelMeshingProfiling: Display: Scenario name: UEDPIE_0_Map_VoxelPlugin_Scenario37; OpaqueVoxelCount: 21504; TransparentVoxelCount: 11264
[2025.05.08-13.26.19:085][493]LogVoxelMeshingProfiling: Display: Scenario name: UEDPIE_0_Map_VoxelPlugin_Scenario37; Voxel Model memory: 262144
[2025.05.08-13.26.19:085][493]LogVoxelMeshingProfiling: Display: Scenario name: UEDPIE_0_Map_VoxelPlugin_Scenario37; OpaqueVoxelCount: 21504; TransparentVoxelCount: 11264
[2025.05.08-13.26.19:086][493]LogVoxelMeshingProfiling: Display: Scenario name: UEDPIE_0_Map_VoxelPlugin_Scenario37; Voxel Model memory: 262144
[2025.05.08-13.26.19:086][493]LogVoxelMeshingProfiling: Display: Scenario name: UEDPIE_0_Map_VoxelPlugin_Scenario37; OpaqueVoxelCount: 21504; TransparentVoxelCount: 11264
[2025.05.08-13.26.19:087][493]LogVoxelMeshingProfiling: Display: Scenario name: UEDPIE_0_Map_VoxelPlugin_Scenario37; Voxel Model memory: 262144
[2025.05.08-13.26.19:087][493]LogVoxelMeshingProfiling: Display: Scenario name: UEDPIE_0_Map_VoxelPlugin_Scenario37; OpaqueVoxelCount: 21504; TransparentVoxelCount: 11264
[2025.05.08-13.26.19:087][493]LogVoxelMeshingProfiling: Display: Scenario name: UEDPIE_0_Map_VoxelPlugin_Scenario37; Voxel Model memory: 262144
[2025.05.08-13.26.19:087][493]LogVoxelMeshingProfiling: Display: Scenario name: UEDPIE_0_Map_VoxelPlugin_Scenario37; OpaqueVoxelCount: 21504; TransparentVoxelCount: 11264
[2025.05.08-13.26.19:148][494]LogVoxelMeshingProfiling: Display: Scenario name: Map_VoxelPlugin_Scenario37; Vertices: 12288
[2025.05.08-13.26.19:154][494]LogVoxelMeshingProfiling: Display: Scenario name: Map_VoxelPlugin_Scenario37; Vertices: 14976
[2025.05.08-13.26.19:168][494]LogVoxelMeshingProfiling: Display: Scenario name: Map_VoxelPlugin_Scenario37; Vertices: 14976
[2025.05.08-13.26.19:172][494]LogVoxelMeshingProfiling: Display: Scenario name: Map_VoxelPlugin_Scenario37; Vertices: 17664
[2025.05.08-13.26.19:191][494]LogVoxelMeshingProfiling: Display: Scenario name: Map_VoxelPlugin_Scenario37; Vertices: 17664
[2025.05.08-13.26.19:193][494]LogVoxelMeshingProfiling: Display: Scenario name: Map_VoxelPlugin_Scenario37; Vertices: 14976
[2025.05.08-13.26.19:210][494]LogVoxelMeshingProfiling: Display: Scenario name: Map_VoxelPlugin_Scenario37; Vertices: 14976
[2025.05.08-13.26.19:216][495]LogVoxelMeshingProfiling: Display: Scenario name: Map_VoxelPlugin_Scenario37; Vertices: 17664
[2025.05.08-13.26.19:246][495]LogVoxelMeshingProfiling: Display: Scenario name: Map_VoxelPlugin_Scenario37; Vertices: 17664
[2025.05.08-13.26.19:252][495]LogVoxelMeshingProfiling: Display: Scenario name: Map_VoxelPlugin_Scenario37; Vertices: 10880
[2025.05.08-13.26.19:274][497]LogVoxelMeshingProfiling: Display: Scenario name: Map_VoxelPlugin_Scenario37; Vertices: 8192
[2025.05.08-13.26.19:312][498]LogVoxelMeshingProfiling: Display: Scenario name: Map_VoxelPlugin_Scenario37; Vertices: 10880
[2025.05.08-13.26.19:315][498]LogVoxelMeshingProfiling: Display: Scenario name: Map_VoxelPlugin_Scenario37; Vertices: 13568
[2025.05.08-13.26.19:355][500]LogVoxelMeshingProfiling: Display: Scenario name: Map_VoxelPlugin_Scenario37; Vertices: 10880
[2025.05.08-13.26.19:384][501]LogVoxelMeshingProfiling: Display: Scenario name: Map_VoxelPlugin_Scenario37; Vertices: 13568
[2025.05.08-13.26.19:418][502]LogVoxelMeshingProfiling: Display: Scenario name: Map_VoxelPlugin_Scenario37; Vertices: 10880
[2025.05.08-13.26.19:420][502]LogVoxelMeshingProfiling: Display: Scenario name: Map_VoxelPlugin_Scenario37; Vertices: 13568
[2025.05.08-13.26.19:452][503]LogVoxelMeshingProfiling: Display: Scenario name: Map_VoxelPlugin_Scenario37; Vertices: 13568
[2025.05.08-13.26.19:535][507]LogVoxelMeshingProfiling: Display: Scenario name: Map_VoxelPlugin_Scenario37; Vertices: 14976
[2025.05.08-13.26.19:536][507]LogVoxelMeshingProfiling: Display: Scenario name: Map_VoxelPlugin_Scenario37; Vertices: 12288
[2025.05.08-13.26.19:569][509]LogVoxelMeshingProfiling: Display: Scenario name: Map_VoxelPlugin_Scenario37; Vertices: 17664
[2025.05.08-13.26.19:571][509]LogVoxelMeshingProfiling: Display: Scenario name: Map_VoxelPlugin_Scenario37; Vertices: 14976
[2025.05.08-13.26.19:597][510]LogVoxelMeshingProfiling: Display: Scenario name: Map_VoxelPlugin_Scenario37; Vertices: 14976
[2025.05.08-13.26.19:604][511]LogVoxelMeshingProfiling: Display: Scenario name: Map_VoxelPlugin_Scenario37; Vertices: 17664
[2025.05.08-13.26.19:636][513]LogVoxelMeshingProfiling: Display: Scenario name: Map_VoxelPlugin_Scenario37; Vertices: 14976
[2025.05.08-13.26.19:638][513]LogVoxelMeshingProfiling: Display: Scenario name: Map_VoxelPlugin_Scenario37; Vertices: 17664
[2025.05.08-13.26.19:664][515]LogVoxelMeshingProfiling: Display: Scenario name: Map_VoxelPlugin_Scenario37; Vertices: 17664
