[2025.05.08-09.41.15:241][248]LogVoxelMeshingProfiling: Display: Scenario name: UEDPIE_0_Map_Grid_Scenario4; Voxel Model memory: 262144
[2025.05.08-09.41.15:241][248]LogVoxelMeshingProfiling: Display: Scenario name: UEDPIE_0_Map_Grid_Scenario4; OpaqueVoxelCount: 16384; TransparentVoxelCount: 16384
[2025.05.08-09.41.15:248][248]LogVoxelMeshingProfiling: Display: Scenario name: UEDPIE_0_Map_Grid_Scenario4; Voxel Model memory: 262144
[2025.05.08-09.41.15:248][248]LogVoxelMeshingProfiling: Display: Scenario name: UEDPIE_0_Map_Grid_Scenario4; OpaqueVoxelCount: 16384; TransparentVoxelCount: 16384
[2025.05.08-09.41.15:248][248]LogVoxelMeshingProfiling: Display: Scenario name: UEDPIE_0_Map_Grid_Scenario4; Voxel Model memory: 262144
[2025.05.08-09.41.15:248][248]LogVoxelMeshingProfiling: Display: Scenario name: UEDPIE_0_Map_Grid_Scenario4; OpaqueVoxelCount: 16384; TransparentVoxelCount: 16384
[2025.05.08-09.41.15:251][248]LogVoxelMeshingProfiling: Display: Scenario name: UEDPIE_0_Map_Grid_Scenario4; Voxel Model memory: 262144
[2025.05.08-09.41.15:251][248]LogVoxelMeshingProfiling: Display: Scenario name: UEDPIE_0_Map_Grid_Scenario4; OpaqueVoxelCount: 16384; TransparentVoxelCount: 16384
[2025.05.08-09.41.15:252][248]LogVoxelMeshingProfiling: Display: Scenario name: UEDPIE_0_Map_Grid_Scenario4; Voxel Model memory: 262144
[2025.05.08-09.41.15:252][248]LogVoxelMeshingProfiling: Display: Scenario name: UEDPIE_0_Map_Grid_Scenario4; OpaqueVoxelCount: 16384; TransparentVoxelCount: 16384
[2025.05.08-09.41.15:253][248]LogVoxelMeshingProfiling: Display: Scenario name: UEDPIE_0_Map_Grid_Scenario4; Voxel Model memory: 262144
[2025.05.08-09.41.15:253][248]LogVoxelMeshingProfiling: Display: Scenario name: UEDPIE_0_Map_Grid_Scenario4; OpaqueVoxelCount: 16384; TransparentVoxelCount: 16384
[2025.05.08-09.41.15:253][248]LogVoxelMeshingProfiling: Display: Scenario name: UEDPIE_0_Map_Grid_Scenario4; Voxel Model memory: 262144
[2025.05.08-09.41.15:253][248]LogVoxelMeshingProfiling: Display: Scenario name: UEDPIE_0_Map_Grid_Scenario4; OpaqueVoxelCount: 16384; TransparentVoxelCount: 16384
[2025.05.08-09.41.15:258][248]LogVoxelMeshingProfiling: Display: Scenario name: UEDPIE_0_Map_Grid_Scenario4; Voxel Model memory: 262144
[2025.05.08-09.41.15:258][248]LogVoxelMeshingProfiling: Display: Scenario name: UEDPIE_0_Map_Grid_Scenario4; OpaqueVoxelCount: 16384; TransparentVoxelCount: 16384
[2025.05.08-09.41.15:260][248]LogVoxelMeshingProfiling: Display: Scenario name: UEDPIE_0_Map_Grid_Scenario4; Voxel Model memory: 262144
[2025.05.08-09.41.15:260][248]LogVoxelMeshingProfiling: Display: Scenario name: UEDPIE_0_Map_Grid_Scenario4; OpaqueVoxelCount: 16384; TransparentVoxelCount: 16384
[2025.05.08-09.41.15:262][248]LogVoxelMeshingProfiling: Display: Scenario name: UEDPIE_0_Map_Grid_Scenario4; Voxel Model memory: 262144
[2025.05.08-09.41.15:262][248]LogVoxelMeshingProfiling: Display: Scenario name: UEDPIE_0_Map_Grid_Scenario4; OpaqueVoxelCount: 16384; TransparentVoxelCount: 16384
[2025.05.08-09.41.15:264][248]LogVoxelMeshingProfiling: Display: Scenario name: UEDPIE_0_Map_Grid_Scenario4; Voxel Model memory: 262144
[2025.05.08-09.41.15:264][248]LogVoxelMeshingProfiling: Display: Scenario name: UEDPIE_0_Map_Grid_Scenario4; OpaqueVoxelCount: 16384; TransparentVoxelCount: 16384
[2025.05.08-09.41.15:264][248]LogVoxelMeshingProfiling: Display: Scenario name: UEDPIE_0_Map_Grid_Scenario4; Voxel Model memory: 262144
[2025.05.08-09.41.15:264][248]LogVoxelMeshingProfiling: Display: Scenario name: UEDPIE_0_Map_Grid_Scenario4; OpaqueVoxelCount: 16384; TransparentVoxelCount: 16384
[2025.05.08-09.41.15:264][248]LogVoxelMeshingProfiling: Display: Scenario name: UEDPIE_0_Map_Grid_Scenario4; Voxel Model memory: 262144
[2025.05.08-09.41.15:265][248]LogVoxelMeshingProfiling: Display: Scenario name: UEDPIE_0_Map_Grid_Scenario4; OpaqueVoxelCount: 16384; TransparentVoxelCount: 16384
[2025.05.08-09.41.15:265][248]LogVoxelMeshingProfiling: Display: Scenario name: UEDPIE_0_Map_Grid_Scenario4; Voxel Model memory: 262144
[2025.05.08-09.41.15:265][248]LogVoxelMeshingProfiling: Display: Scenario name: UEDPIE_0_Map_Grid_Scenario4; OpaqueVoxelCount: 16384; TransparentVoxelCount: 16384
[2025.05.08-09.41.15:271][248]LogVoxelMeshingProfiling: Display: Scenario name: UEDPIE_0_Map_Grid_Scenario4; Voxel Model memory: 262144
[2025.05.08-09.41.15:271][248]LogVoxelMeshingProfiling: Display: Scenario name: UEDPIE_0_Map_Grid_Scenario4; OpaqueVoxelCount: 16384; TransparentVoxelCount: 16384
[2025.05.08-09.41.15:272][248]LogVoxelMeshingProfiling: Display: Scenario name: UEDPIE_0_Map_Grid_Scenario4; Voxel Model memory: 262144
[2025.05.08-09.41.15:272][248]LogVoxelMeshingProfiling: Display: Scenario name: UEDPIE_0_Map_Grid_Scenario4; OpaqueVoxelCount: 16384; TransparentVoxelCount: 16384
[2025.05.08-09.41.15:273][248]LogVoxelMeshingProfiling: Display: Scenario name: UEDPIE_0_Map_Grid_Scenario4; Voxel Model memory: 262144
[2025.05.08-09.41.15:273][248]LogVoxelMeshingProfiling: Display: Scenario name: UEDPIE_0_Map_Grid_Scenario4; OpaqueVoxelCount: 16384; TransparentVoxelCount: 16384
[2025.05.08-09.41.15:274][248]LogVoxelMeshingProfiling: Display: Scenario name: UEDPIE_0_Map_Grid_Scenario4; Voxel Model memory: 262144
[2025.05.08-09.41.15:274][248]LogVoxelMeshingProfiling: Display: Scenario name: UEDPIE_0_Map_Grid_Scenario4; OpaqueVoxelCount: 16384; TransparentVoxelCount: 16384
[2025.05.08-09.41.15:276][248]LogVoxelMeshingProfiling: Display: Scenario name: UEDPIE_0_Map_Grid_Scenario4; Voxel Model memory: 262144
[2025.05.08-09.41.15:276][248]LogVoxelMeshingProfiling: Display: Scenario name: UEDPIE_0_Map_Grid_Scenario4; OpaqueVoxelCount: 16384; TransparentVoxelCount: 16384
[2025.05.08-09.41.15:277][248]LogVoxelMeshingProfiling: Display: Scenario name: UEDPIE_0_Map_Grid_Scenario4; Voxel Model memory: 262144
[2025.05.08-09.41.15:277][248]LogVoxelMeshingProfiling: Display: Scenario name: UEDPIE_0_Map_Grid_Scenario4; OpaqueVoxelCount: 16384; TransparentVoxelCount: 16384
[2025.05.08-09.41.15:277][248]LogVoxelMeshingProfiling: Display: Scenario name: UEDPIE_0_Map_Grid_Scenario4; Voxel Model memory: 262144
[2025.05.08-09.41.15:277][248]LogVoxelMeshingProfiling: Display: Scenario name: UEDPIE_0_Map_Grid_Scenario4; OpaqueVoxelCount: 16384; TransparentVoxelCount: 16384
[2025.05.08-09.41.15:279][248]LogVoxelMeshingProfiling: Display: Scenario name: UEDPIE_0_Map_Grid_Scenario4; Voxel Model memory: 262144
[2025.05.08-09.41.15:280][248]LogVoxelMeshingProfiling: Display: Scenario name: UEDPIE_0_Map_Grid_Scenario4; OpaqueVoxelCount: 16384; TransparentVoxelCount: 16384
[2025.05.08-09.41.15:280][248]LogVoxelMeshingProfiling: Display: Scenario name: UEDPIE_0_Map_Grid_Scenario4; Voxel Model memory: 262144
[2025.05.08-09.41.15:280][248]LogVoxelMeshingProfiling: Display: Scenario name: UEDPIE_0_Map_Grid_Scenario4; OpaqueVoxelCount: 16384; TransparentVoxelCount: 16384
[2025.05.08-09.41.15:282][248]LogVoxelMeshingProfiling: Display: Scenario name: UEDPIE_0_Map_Grid_Scenario4; Voxel Model memory: 262144
[2025.05.08-09.41.15:282][248]LogVoxelMeshingProfiling: Display: Scenario name: UEDPIE_0_Map_Grid_Scenario4; OpaqueVoxelCount: 16384; TransparentVoxelCount: 16384
[2025.05.08-09.41.15:285][248]LogVoxelMeshingProfiling: Display: Scenario name: UEDPIE_0_Map_Grid_Scenario4; Voxel Model memory: 262144
[2025.05.08-09.41.15:285][248]LogVoxelMeshingProfiling: Display: Scenario name: UEDPIE_0_Map_Grid_Scenario4; OpaqueVoxelCount: 16384; TransparentVoxelCount: 16384
[2025.05.08-09.41.15:285][248]LogVoxelMeshingProfiling: Display: Scenario name: UEDPIE_0_Map_Grid_Scenario4; Voxel Model memory: 262144
[2025.05.08-09.41.15:285][248]LogVoxelMeshingProfiling: Display: Scenario name: UEDPIE_0_Map_Grid_Scenario4; OpaqueVoxelCount: 16384; TransparentVoxelCount: 16384
[2025.05.08-09.41.15:285][248]LogVoxelMeshingProfiling: Display: Scenario name: UEDPIE_0_Map_Grid_Scenario4; Voxel Model memory: 262144
[2025.05.08-09.41.15:285][248]LogVoxelMeshingProfiling: Display: Scenario name: UEDPIE_0_Map_Grid_Scenario4; OpaqueVoxelCount: 16384; TransparentVoxelCount: 16384
[2025.05.08-09.41.15:289][248]LogVoxelMeshingProfiling: Display: Scenario name: UEDPIE_0_Map_Grid_Scenario4; Vertices: 8
[2025.05.08-09.41.15:293][248]LogVoxelMeshingProfiling: Display: Scenario name: UEDPIE_0_Map_Grid_Scenario4; Vertices: 12
[2025.05.08-09.41.15:296][248]LogVoxelMeshingProfiling: Display: Scenario name: UEDPIE_0_Map_Grid_Scenario4; Vertices: 8
[2025.05.08-09.41.15:299][248]LogVoxelMeshingProfiling: Display: Scenario name: UEDPIE_0_Map_Grid_Scenario4; Vertices: 8
[2025.05.08-09.41.15:304][248]LogVoxelMeshingProfiling: Display: Scenario name: UEDPIE_0_Map_Grid_Scenario4; Vertices: 12
[2025.05.08-09.41.15:308][248]LogVoxelMeshingProfiling: Display: Scenario name: UEDPIE_0_Map_Grid_Scenario4; Vertices: 12
[2025.05.08-09.41.15:312][248]LogVoxelMeshingProfiling: Display: Scenario name: UEDPIE_0_Map_Grid_Scenario4; Vertices: 12
[2025.05.08-09.41.15:316][248]LogVoxelMeshingProfiling: Display: Scenario name: UEDPIE_0_Map_Grid_Scenario4; Vertices: 12
[2025.05.08-09.41.15:319][248]LogVoxelMeshingProfiling: Display: Scenario name: UEDPIE_0_Map_Grid_Scenario4; Vertices: 12
[2025.05.08-09.41.15:323][248]LogVoxelMeshingProfiling: Display: Scenario name: UEDPIE_0_Map_Grid_Scenario4; Vertices: 16
[2025.05.08-09.41.15:327][248]LogVoxelMeshingProfiling: Display: Scenario name: UEDPIE_0_Map_Grid_Scenario4; Vertices: 16
[2025.05.08-09.41.15:330][249]LogVoxelMeshingProfiling: Display: Scenario name: UEDPIE_0_Map_Grid_Scenario4; Vertices: 12
[2025.05.08-09.41.15:333][249]LogVoxelMeshingProfiling: Display: Scenario name: UEDPIE_0_Map_Grid_Scenario4; Vertices: 12
[2025.05.08-09.41.15:336][249]LogVoxelMeshingProfiling: Display: Scenario name: UEDPIE_0_Map_Grid_Scenario4; Vertices: 12
[2025.05.08-09.41.15:339][249]LogVoxelMeshingProfiling: Display: Scenario name: UEDPIE_0_Map_Grid_Scenario4; Vertices: 12
[2025.05.08-09.41.15:343][249]LogVoxelMeshingProfiling: Display: Scenario name: UEDPIE_0_Map_Grid_Scenario4; Vertices: 12
[2025.05.08-09.41.15:345][249]LogVoxelMeshingProfiling: Display: Scenario name: UEDPIE_0_Map_Grid_Scenario4; Vertices: 12
[2025.05.08-09.41.15:348][249]LogVoxelMeshingProfiling: Display: Scenario name: UEDPIE_0_Map_Grid_Scenario4; Vertices: 16
[2025.05.08-09.41.15:351][249]LogVoxelMeshingProfiling: Display: Scenario name: UEDPIE_0_Map_Grid_Scenario4; Vertices: 16
[2025.05.08-09.41.15:354][249]LogVoxelMeshingProfiling: Display: Scenario name: UEDPIE_0_Map_Grid_Scenario4; Vertices: 16
[2025.05.08-09.41.15:357][249]LogVoxelMeshingProfiling: Display: Scenario name: UEDPIE_0_Map_Grid_Scenario4; Vertices: 16
[2025.05.08-09.41.15:361][249]LogVoxelMeshingProfiling: Display: Scenario name: UEDPIE_0_Map_Grid_Scenario4; Vertices: 16
[2025.05.08-09.41.15:363][249]LogVoxelMeshingProfiling: Display: Scenario name: UEDPIE_0_Map_Grid_Scenario4; Vertices: 16
[2025.05.08-09.41.15:366][249]LogVoxelMeshingProfiling: Display: Scenario name: UEDPIE_0_Map_Grid_Scenario4; Vertices: 16
[2025.05.08-09.41.15:369][249]LogVoxelMeshingProfiling: Display: Scenario name: UEDPIE_0_Map_Grid_Scenario4; Vertices: 16
[2025.05.08-09.41.15:372][249]LogVoxelMeshingProfiling: Display: Scenario name: UEDPIE_0_Map_Grid_Scenario4; Vertices: 16
[2025.05.08-09.41.15:375][249]LogVoxelMeshingProfiling: Display: Scenario name: UEDPIE_0_Map_Grid_Scenario4; Vertices: 16
[2025.05.08-09.41.21:550][639]LogVoxelMeshingProfiling: Display: Scenario name: UEDPIE_0_Map_RLE_Scenario4; Voxel Model memory: 24756
[2025.05.08-09.41.21:558][639]LogVoxelMeshingProfiling: Display: Scenario name: UEDPIE_0_Map_RLE_Scenario4; Voxel Model memory: 24756
[2025.05.08-09.41.21:558][639]LogVoxelMeshingProfiling: Display: Scenario name: UEDPIE_0_Map_RLE_Scenario4; Voxel Model memory: 24756
[2025.05.08-09.41.21:561][639]LogVoxelMeshingProfiling: Display: Scenario name: UEDPIE_0_Map_RLE_Scenario4; Voxel Model memory: 24756
[2025.05.08-09.41.21:561][639]LogVoxelMeshingProfiling: Display: Scenario name: UEDPIE_0_Map_RLE_Scenario4; Voxel Model memory: 24756
[2025.05.08-09.41.21:562][639]LogVoxelMeshingProfiling: Display: Scenario name: UEDPIE_0_Map_RLE_Scenario4; Voxel Model memory: 24756
[2025.05.08-09.41.21:562][639]LogVoxelMeshingProfiling: Display: Scenario name: UEDPIE_0_Map_RLE_Scenario4; Voxel Model memory: 24756
[2025.05.08-09.41.21:566][639]LogVoxelMeshingProfiling: Display: Scenario name: UEDPIE_0_Map_RLE_Scenario4; Voxel Model memory: 24756
[2025.05.08-09.41.21:568][639]LogVoxelMeshingProfiling: Display: Scenario name: UEDPIE_0_Map_RLE_Scenario4; Voxel Model memory: 24756
[2025.05.08-09.41.21:571][639]LogVoxelMeshingProfiling: Display: Scenario name: UEDPIE_0_Map_RLE_Scenario4; Voxel Model memory: 24756
[2025.05.08-09.41.21:572][639]LogVoxelMeshingProfiling: Display: Scenario name: UEDPIE_0_Map_RLE_Scenario4; Voxel Model memory: 24756
[2025.05.08-09.41.21:572][639]LogVoxelMeshingProfiling: Display: Scenario name: UEDPIE_0_Map_RLE_Scenario4; Voxel Model memory: 24756
[2025.05.08-09.41.21:573][639]LogVoxelMeshingProfiling: Display: Scenario name: UEDPIE_0_Map_RLE_Scenario4; Voxel Model memory: 24756
[2025.05.08-09.41.21:573][639]LogVoxelMeshingProfiling: Display: Scenario name: UEDPIE_0_Map_RLE_Scenario4; Voxel Model memory: 24756
[2025.05.08-09.41.21:578][639]LogVoxelMeshingProfiling: Display: Scenario name: UEDPIE_0_Map_RLE_Scenario4; Voxel Model memory: 24756
[2025.05.08-09.41.21:580][639]LogVoxelMeshingProfiling: Display: Scenario name: UEDPIE_0_Map_RLE_Scenario4; Voxel Model memory: 24756
[2025.05.08-09.41.21:581][639]LogVoxelMeshingProfiling: Display: Scenario name: UEDPIE_0_Map_RLE_Scenario4; Voxel Model memory: 24756
[2025.05.08-09.41.21:581][639]LogVoxelMeshingProfiling: Display: Scenario name: UEDPIE_0_Map_RLE_Scenario4; Voxel Model memory: 24756
[2025.05.08-09.41.21:582][639]LogVoxelMeshingProfiling: Display: Scenario name: UEDPIE_0_Map_RLE_Scenario4; Voxel Model memory: 24756
[2025.05.08-09.41.21:583][639]LogVoxelMeshingProfiling: Display: Scenario name: UEDPIE_0_Map_RLE_Scenario4; Voxel Model memory: 24756
[2025.05.08-09.41.21:583][639]LogVoxelMeshingProfiling: Display: Scenario name: UEDPIE_0_Map_RLE_Scenario4; Voxel Model memory: 24756
[2025.05.08-09.41.21:588][639]LogVoxelMeshingProfiling: Display: Scenario name: UEDPIE_0_Map_RLE_Scenario4; Voxel Model memory: 24756
[2025.05.08-09.41.21:589][639]LogVoxelMeshingProfiling: Display: Scenario name: UEDPIE_0_Map_RLE_Scenario4; Voxel Model memory: 24756
[2025.05.08-09.41.21:590][639]LogVoxelMeshingProfiling: Display: Scenario name: UEDPIE_0_Map_RLE_Scenario4; Voxel Model memory: 24756
[2025.05.08-09.41.21:590][639]LogVoxelMeshingProfiling: Display: Scenario name: UEDPIE_0_Map_RLE_Scenario4; Voxel Model memory: 24756
[2025.05.08-09.41.21:591][639]LogVoxelMeshingProfiling: Display: Scenario name: UEDPIE_0_Map_RLE_Scenario4; Voxel Model memory: 24756
[2025.05.08-09.41.21:591][639]LogVoxelMeshingProfiling: Display: Scenario name: UEDPIE_0_Map_RLE_Scenario4; Voxel Model memory: 24756
[2025.05.08-09.41.21:599][639]LogVoxelMeshingProfiling: Display: Scenario name: UEDPIE_0_Map_RLE_Scenario4; Vertices: 24576
[2025.05.08-09.41.21:606][639]LogVoxelMeshingProfiling: Display: Scenario name: UEDPIE_0_Map_RLE_Scenario4; Vertices: 24576
[2025.05.08-09.41.21:613][640]LogVoxelMeshingProfiling: Display: Scenario name: UEDPIE_0_Map_RLE_Scenario4; Vertices: 24576
[2025.05.08-09.41.21:619][640]LogVoxelMeshingProfiling: Display: Scenario name: UEDPIE_0_Map_RLE_Scenario4; Vertices: 24576
[2025.05.08-09.41.21:628][640]LogVoxelMeshingProfiling: Display: Scenario name: UEDPIE_0_Map_RLE_Scenario4; Vertices: 24576
[2025.05.08-09.41.21:636][640]LogVoxelMeshingProfiling: Display: Scenario name: UEDPIE_0_Map_RLE_Scenario4; Vertices: 24576
[2025.05.08-09.41.21:642][640]LogVoxelMeshingProfiling: Display: Scenario name: UEDPIE_0_Map_RLE_Scenario4; Vertices: 24576
[2025.05.08-09.41.21:651][640]LogVoxelMeshingProfiling: Display: Scenario name: UEDPIE_0_Map_RLE_Scenario4; Vertices: 24576
[2025.05.08-09.41.21:656][640]LogVoxelMeshingProfiling: Display: Scenario name: UEDPIE_0_Map_RLE_Scenario4; Vertices: 24576
[2025.05.08-09.41.21:664][640]LogVoxelMeshingProfiling: Display: Scenario name: UEDPIE_0_Map_RLE_Scenario4; Vertices: 24576
[2025.05.08-09.41.21:670][640]LogVoxelMeshingProfiling: Display: Scenario name: UEDPIE_0_Map_RLE_Scenario4; Vertices: 24576
[2025.05.08-09.41.21:678][640]LogVoxelMeshingProfiling: Display: Scenario name: UEDPIE_0_Map_RLE_Scenario4; Vertices: 24576
[2025.05.08-09.41.21:688][640]LogVoxelMeshingProfiling: Display: Scenario name: UEDPIE_0_Map_RLE_Scenario4; Vertices: 24576
[2025.05.08-09.41.21:696][640]LogVoxelMeshingProfiling: Display: Scenario name: UEDPIE_0_Map_RLE_Scenario4; Vertices: 24576
[2025.05.08-09.41.21:704][640]LogVoxelMeshingProfiling: Display: Scenario name: UEDPIE_0_Map_RLE_Scenario4; Vertices: 24576
[2025.05.08-09.41.21:712][640]LogVoxelMeshingProfiling: Display: Scenario name: UEDPIE_0_Map_RLE_Scenario4; Vertices: 24576
[2025.05.08-09.41.21:721][641]LogVoxelMeshingProfiling: Display: Scenario name: UEDPIE_0_Map_RLE_Scenario4; Vertices: 24576
[2025.05.08-09.41.21:750][641]LogVoxelMeshingProfiling: Display: Scenario name: UEDPIE_0_Map_RLE_Scenario4; Vertices: 24576
[2025.05.08-09.41.21:751][641]LogVoxelMeshingProfiling: Display: Scenario name: UEDPIE_0_Map_RLE_Scenario4; Vertices: 24576
[2025.05.08-09.41.21:751][641]LogVoxelMeshingProfiling: Display: Scenario name: UEDPIE_0_Map_RLE_Scenario4; Vertices: 24576
[2025.05.08-09.41.21:754][641]LogVoxelMeshingProfiling: Display: Scenario name: UEDPIE_0_Map_RLE_Scenario4; Vertices: 24576
[2025.05.08-09.41.21:762][641]LogVoxelMeshingProfiling: Display: Scenario name: UEDPIE_0_Map_RLE_Scenario4; Vertices: 24576
[2025.05.08-09.41.21:785][641]LogVoxelMeshingProfiling: Display: Scenario name: UEDPIE_0_Map_RLE_Scenario4; Vertices: 24576
[2025.05.08-09.41.21:785][641]LogVoxelMeshingProfiling: Display: Scenario name: UEDPIE_0_Map_RLE_Scenario4; Vertices: 24576
[2025.05.08-09.41.21:786][641]LogVoxelMeshingProfiling: Display: Scenario name: UEDPIE_0_Map_RLE_Scenario4; Vertices: 24576
[2025.05.08-09.41.21:794][641]LogVoxelMeshingProfiling: Display: Scenario name: UEDPIE_0_Map_RLE_Scenario4; Vertices: 24576
[2025.05.08-09.41.21:807][642]LogVoxelMeshingProfiling: Display: Scenario name: UEDPIE_0_Map_RLE_Scenario4; Vertices: 24576
[2025.05.08-09.41.28:825][ 31]LogVoxelMeshingProfiling: Display: Scenario name: UEDPIE_0_Map_VoxelPlugin_Scenario4; Voxel Model memory: 262144
[2025.05.08-09.41.28:825][ 31]LogVoxelMeshingProfiling: Display: Scenario name: UEDPIE_0_Map_VoxelPlugin_Scenario4; OpaqueVoxelCount: 16384; TransparentVoxelCount: 16384
[2025.05.08-09.41.28:833][ 31]LogVoxelMeshingProfiling: Display: Scenario name: UEDPIE_0_Map_VoxelPlugin_Scenario4; Voxel Model memory: 262144
[2025.05.08-09.41.28:833][ 31]LogVoxelMeshingProfiling: Display: Scenario name: UEDPIE_0_Map_VoxelPlugin_Scenario4; OpaqueVoxelCount: 16384; TransparentVoxelCount: 16384
[2025.05.08-09.41.28:834][ 31]LogVoxelMeshingProfiling: Display: Scenario name: UEDPIE_0_Map_VoxelPlugin_Scenario4; Voxel Model memory: 262144
[2025.05.08-09.41.28:834][ 31]LogVoxelMeshingProfiling: Display: Scenario name: UEDPIE_0_Map_VoxelPlugin_Scenario4; OpaqueVoxelCount: 16384; TransparentVoxelCount: 16384
[2025.05.08-09.41.28:834][ 31]LogVoxelMeshingProfiling: Display: Scenario name: UEDPIE_0_Map_VoxelPlugin_Scenario4; Voxel Model memory: 262144
[2025.05.08-09.41.28:834][ 31]LogVoxelMeshingProfiling: Display: Scenario name: UEDPIE_0_Map_VoxelPlugin_Scenario4; OpaqueVoxelCount: 16384; TransparentVoxelCount: 16384
[2025.05.08-09.41.28:834][ 31]LogVoxelMeshingProfiling: Display: Scenario name: UEDPIE_0_Map_VoxelPlugin_Scenario4; Voxel Model memory: 262144
[2025.05.08-09.41.28:834][ 31]LogVoxelMeshingProfiling: Display: Scenario name: UEDPIE_0_Map_VoxelPlugin_Scenario4; OpaqueVoxelCount: 16384; TransparentVoxelCount: 16384
[2025.05.08-09.41.28:835][ 31]LogVoxelMeshingProfiling: Display: Scenario name: UEDPIE_0_Map_VoxelPlugin_Scenario4; Voxel Model memory: 262144
[2025.05.08-09.41.28:836][ 31]LogVoxelMeshingProfiling: Display: Scenario name: UEDPIE_0_Map_VoxelPlugin_Scenario4; OpaqueVoxelCount: 16384; TransparentVoxelCount: 16384
[2025.05.08-09.41.28:836][ 31]LogVoxelMeshingProfiling: Display: Scenario name: UEDPIE_0_Map_VoxelPlugin_Scenario4; Voxel Model memory: 262144
[2025.05.08-09.41.28:836][ 31]LogVoxelMeshingProfiling: Display: Scenario name: UEDPIE_0_Map_VoxelPlugin_Scenario4; OpaqueVoxelCount: 16384; TransparentVoxelCount: 16384
[2025.05.08-09.41.28:841][ 31]LogVoxelMeshingProfiling: Display: Scenario name: UEDPIE_0_Map_VoxelPlugin_Scenario4; Voxel Model memory: 262144
[2025.05.08-09.41.28:841][ 31]LogVoxelMeshingProfiling: Display: Scenario name: UEDPIE_0_Map_VoxelPlugin_Scenario4; OpaqueVoxelCount: 16384; TransparentVoxelCount: 16384
[2025.05.08-09.41.28:844][ 31]LogVoxelMeshingProfiling: Display: Scenario name: UEDPIE_0_Map_VoxelPlugin_Scenario4; Voxel Model memory: 262144
[2025.05.08-09.41.28:844][ 31]LogVoxelMeshingProfiling: Display: Scenario name: UEDPIE_0_Map_VoxelPlugin_Scenario4; OpaqueVoxelCount: 16384; TransparentVoxelCount: 16384
[2025.05.08-09.41.28:844][ 31]LogVoxelMeshingProfiling: Display: Scenario name: UEDPIE_0_Map_VoxelPlugin_Scenario4; Voxel Model memory: 262144
[2025.05.08-09.41.28:844][ 31]LogVoxelMeshingProfiling: Display: Scenario name: UEDPIE_0_Map_VoxelPlugin_Scenario4; OpaqueVoxelCount: 16384; TransparentVoxelCount: 16384
[2025.05.08-09.41.28:844][ 31]LogVoxelMeshingProfiling: Display: Scenario name: UEDPIE_0_Map_VoxelPlugin_Scenario4; Voxel Model memory: 262144
[2025.05.08-09.41.28:844][ 31]LogVoxelMeshingProfiling: Display: Scenario name: UEDPIE_0_Map_VoxelPlugin_Scenario4; OpaqueVoxelCount: 16384; TransparentVoxelCount: 16384
[2025.05.08-09.41.28:846][ 31]LogVoxelMeshingProfiling: Display: Scenario name: UEDPIE_0_Map_VoxelPlugin_Scenario4; Voxel Model memory: 262144
[2025.05.08-09.41.28:846][ 31]LogVoxelMeshingProfiling: Display: Scenario name: UEDPIE_0_Map_VoxelPlugin_Scenario4; OpaqueVoxelCount: 16384; TransparentVoxelCount: 16384
[2025.05.08-09.41.28:847][ 31]LogVoxelMeshingProfiling: Display: Scenario name: UEDPIE_0_Map_VoxelPlugin_Scenario4; Voxel Model memory: 262144
[2025.05.08-09.41.28:847][ 31]LogVoxelMeshingProfiling: Display: Scenario name: UEDPIE_0_Map_VoxelPlugin_Scenario4; OpaqueVoxelCount: 16384; TransparentVoxelCount: 16384
[2025.05.08-09.41.28:848][ 31]LogVoxelMeshingProfiling: Display: Scenario name: UEDPIE_0_Map_VoxelPlugin_Scenario4; Voxel Model memory: 262144
[2025.05.08-09.41.28:848][ 31]LogVoxelMeshingProfiling: Display: Scenario name: UEDPIE_0_Map_VoxelPlugin_Scenario4; OpaqueVoxelCount: 16384; TransparentVoxelCount: 16384
[2025.05.08-09.41.28:854][ 31]LogVoxelMeshingProfiling: Display: Scenario name: UEDPIE_0_Map_VoxelPlugin_Scenario4; Voxel Model memory: 262144
[2025.05.08-09.41.28:854][ 31]LogVoxelMeshingProfiling: Display: Scenario name: UEDPIE_0_Map_VoxelPlugin_Scenario4; OpaqueVoxelCount: 16384; TransparentVoxelCount: 16384
[2025.05.08-09.41.28:855][ 31]LogVoxelMeshingProfiling: Display: Scenario name: UEDPIE_0_Map_VoxelPlugin_Scenario4; Voxel Model memory: 262144
[2025.05.08-09.41.28:855][ 31]LogVoxelMeshingProfiling: Display: Scenario name: UEDPIE_0_Map_VoxelPlugin_Scenario4; OpaqueVoxelCount: 16384; TransparentVoxelCount: 16384
[2025.05.08-09.41.28:856][ 31]LogVoxelMeshingProfiling: Display: Scenario name: UEDPIE_0_Map_VoxelPlugin_Scenario4; Voxel Model memory: 262144
[2025.05.08-09.41.28:856][ 31]LogVoxelMeshingProfiling: Display: Scenario name: UEDPIE_0_Map_VoxelPlugin_Scenario4; OpaqueVoxelCount: 16384; TransparentVoxelCount: 16384
[2025.05.08-09.41.28:859][ 31]LogVoxelMeshingProfiling: Display: Scenario name: UEDPIE_0_Map_VoxelPlugin_Scenario4; Voxel Model memory: 262144
[2025.05.08-09.41.28:859][ 31]LogVoxelMeshingProfiling: Display: Scenario name: UEDPIE_0_Map_VoxelPlugin_Scenario4; OpaqueVoxelCount: 16384; TransparentVoxelCount: 16384
[2025.05.08-09.41.28:860][ 31]LogVoxelMeshingProfiling: Display: Scenario name: UEDPIE_0_Map_VoxelPlugin_Scenario4; Voxel Model memory: 262144
[2025.05.08-09.41.28:860][ 31]LogVoxelMeshingProfiling: Display: Scenario name: UEDPIE_0_Map_VoxelPlugin_Scenario4; OpaqueVoxelCount: 16384; TransparentVoxelCount: 16384
[2025.05.08-09.41.28:860][ 31]LogVoxelMeshingProfiling: Display: Scenario name: UEDPIE_0_Map_VoxelPlugin_Scenario4; Voxel Model memory: 262144
[2025.05.08-09.41.28:860][ 31]LogVoxelMeshingProfiling: Display: Scenario name: UEDPIE_0_Map_VoxelPlugin_Scenario4; OpaqueVoxelCount: 16384; TransparentVoxelCount: 16384
[2025.05.08-09.41.28:860][ 31]LogVoxelMeshingProfiling: Display: Scenario name: UEDPIE_0_Map_VoxelPlugin_Scenario4; Voxel Model memory: 262144
[2025.05.08-09.41.28:860][ 31]LogVoxelMeshingProfiling: Display: Scenario name: UEDPIE_0_Map_VoxelPlugin_Scenario4; OpaqueVoxelCount: 16384; TransparentVoxelCount: 16384
[2025.05.08-09.41.28:867][ 31]LogVoxelMeshingProfiling: Display: Scenario name: UEDPIE_0_Map_VoxelPlugin_Scenario4; Voxel Model memory: 262144
[2025.05.08-09.41.28:867][ 31]LogVoxelMeshingProfiling: Display: Scenario name: UEDPIE_0_Map_VoxelPlugin_Scenario4; OpaqueVoxelCount: 16384; TransparentVoxelCount: 16384
[2025.05.08-09.41.28:867][ 31]LogVoxelMeshingProfiling: Display: Scenario name: UEDPIE_0_Map_VoxelPlugin_Scenario4; Voxel Model memory: 262144
[2025.05.08-09.41.28:867][ 31]LogVoxelMeshingProfiling: Display: Scenario name: UEDPIE_0_Map_VoxelPlugin_Scenario4; OpaqueVoxelCount: 16384; TransparentVoxelCount: 16384
[2025.05.08-09.41.28:871][ 31]LogVoxelMeshingProfiling: Display: Scenario name: UEDPIE_0_Map_VoxelPlugin_Scenario4; Voxel Model memory: 262144
[2025.05.08-09.41.28:871][ 31]LogVoxelMeshingProfiling: Display: Scenario name: UEDPIE_0_Map_VoxelPlugin_Scenario4; OpaqueVoxelCount: 16384; TransparentVoxelCount: 16384
[2025.05.08-09.41.28:872][ 31]LogVoxelMeshingProfiling: Display: Scenario name: UEDPIE_0_Map_VoxelPlugin_Scenario4; Voxel Model memory: 262144
[2025.05.08-09.41.28:872][ 31]LogVoxelMeshingProfiling: Display: Scenario name: UEDPIE_0_Map_VoxelPlugin_Scenario4; OpaqueVoxelCount: 16384; TransparentVoxelCount: 16384
[2025.05.08-09.41.28:873][ 31]LogVoxelMeshingProfiling: Display: Scenario name: UEDPIE_0_Map_VoxelPlugin_Scenario4; Voxel Model memory: 262144
[2025.05.08-09.41.28:873][ 31]LogVoxelMeshingProfiling: Display: Scenario name: UEDPIE_0_Map_VoxelPlugin_Scenario4; OpaqueVoxelCount: 16384; TransparentVoxelCount: 16384
[2025.05.08-09.41.28:873][ 31]LogVoxelMeshingProfiling: Display: Scenario name: UEDPIE_0_Map_VoxelPlugin_Scenario4; Voxel Model memory: 262144
[2025.05.08-09.41.28:873][ 31]LogVoxelMeshingProfiling: Display: Scenario name: UEDPIE_0_Map_VoxelPlugin_Scenario4; OpaqueVoxelCount: 16384; TransparentVoxelCount: 16384
[2025.05.08-09.41.28:926][ 32]LogVoxelMeshingProfiling: Display: Scenario name: Map_VoxelPlugin_Scenario4; Vertices: 10240
[2025.05.08-09.41.28:930][ 32]LogVoxelMeshingProfiling: Display: Scenario name: Map_VoxelPlugin_Scenario4; Vertices: 12288
[2025.05.08-09.41.28:942][ 32]LogVoxelMeshingProfiling: Display: Scenario name: Map_VoxelPlugin_Scenario4; Vertices: 10240
[2025.05.08-09.41.28:943][ 32]LogVoxelMeshingProfiling: Display: Scenario name: Map_VoxelPlugin_Scenario4; Vertices: 12288
[2025.05.08-09.41.28:959][ 32]LogVoxelMeshingProfiling: Display: Scenario name: Map_VoxelPlugin_Scenario4; Vertices: 12288
[2025.05.08-09.41.28:960][ 32]LogVoxelMeshingProfiling: Display: Scenario name: Map_VoxelPlugin_Scenario4; Vertices: 10240
[2025.05.08-09.41.28:974][ 32]LogVoxelMeshingProfiling: Display: Scenario name: Map_VoxelPlugin_Scenario4; Vertices: 12288
[2025.05.08-09.41.28:981][ 32]LogVoxelMeshingProfiling: Display: Scenario name: Map_VoxelPlugin_Scenario4; Vertices: 12288
[2025.05.08-09.41.28:996][ 32]LogVoxelMeshingProfiling: Display: Scenario name: Map_VoxelPlugin_Scenario4; Vertices: 12288
[2025.05.08-09.41.29:000][ 33]LogVoxelMeshingProfiling: Display: Scenario name: Map_VoxelPlugin_Scenario4; Vertices: 10240
[2025.05.08-09.41.29:017][ 33]LogVoxelMeshingProfiling: Display: Scenario name: Map_VoxelPlugin_Scenario4; Vertices: 8192
[2025.05.08-09.41.29:037][ 34]LogVoxelMeshingProfiling: Display: Scenario name: Map_VoxelPlugin_Scenario4; Vertices: 10240
[2025.05.08-09.41.29:038][ 34]LogVoxelMeshingProfiling: Display: Scenario name: Map_VoxelPlugin_Scenario4; Vertices: 8192
[2025.05.08-09.41.29:075][ 35]LogVoxelMeshingProfiling: Display: Scenario name: Map_VoxelPlugin_Scenario4; Vertices: 8192
[2025.05.08-09.41.29:075][ 35]LogVoxelMeshingProfiling: Display: Scenario name: Map_VoxelPlugin_Scenario4; Vertices: 10240
[2025.05.08-09.41.29:109][ 37]LogVoxelMeshingProfiling: Display: Scenario name: Map_VoxelPlugin_Scenario4; Vertices: 10240
[2025.05.08-09.41.29:132][ 38]LogVoxelMeshingProfiling: Display: Scenario name: Map_VoxelPlugin_Scenario4; Vertices: 10240
[2025.05.08-09.41.29:160][ 39]LogVoxelMeshingProfiling: Display: Scenario name: Map_VoxelPlugin_Scenario4; Vertices: 10240
[2025.05.08-09.41.29:260][ 42]LogVoxelMeshingProfiling: Display: Scenario name: Map_VoxelPlugin_Scenario4; Vertices: 12288
[2025.05.08-09.41.29:263][ 42]LogVoxelMeshingProfiling: Display: Scenario name: Map_VoxelPlugin_Scenario4; Vertices: 10240
[2025.05.08-09.41.29:283][ 43]LogVoxelMeshingProfiling: Display: Scenario name: Map_VoxelPlugin_Scenario4; Vertices: 10240
[2025.05.08-09.41.29:284][ 43]LogVoxelMeshingProfiling: Display: Scenario name: Map_VoxelPlugin_Scenario4; Vertices: 12288
[2025.05.08-09.41.29:312][ 44]LogVoxelMeshingProfiling: Display: Scenario name: Map_VoxelPlugin_Scenario4; Vertices: 10240
[2025.05.08-09.41.29:323][ 45]LogVoxelMeshingProfiling: Display: Scenario name: Map_VoxelPlugin_Scenario4; Vertices: 12288
[2025.05.08-09.41.29:341][ 46]LogVoxelMeshingProfiling: Display: Scenario name: Map_VoxelPlugin_Scenario4; Vertices: 12288
[2025.05.08-09.41.29:344][ 46]LogVoxelMeshingProfiling: Display: Scenario name: Map_VoxelPlugin_Scenario4; Vertices: 12288
[2025.05.08-09.41.29:365][ 47]LogVoxelMeshingProfiling: Display: Scenario name: Map_VoxelPlugin_Scenario4; Vertices: 12288
