[2025.05.08-09.36.23:121][942]LogVoxelMeshingProfiling: Display: Scenario name: UEDPIE_0_Map_Grid_Scenario5; Voxel Model memory: 262144
[2025.05.08-09.36.23:121][942]LogVoxelMeshingProfiling: Display: Scenario name: UEDPIE_0_Map_Grid_Scenario5; OpaqueVoxelCount: 32768; TransparentVoxelCount: 0
[2025.05.08-09.36.23:147][942]LogVoxelMeshingProfiling: Display: Scenario name: UEDPIE_0_Map_Grid_Scenario5; Voxel Model memory: 262144
[2025.05.08-09.36.23:147][942]LogVoxelMeshingProfiling: Display: Scenario name: UEDPIE_0_Map_Grid_Scenario5; OpaqueVoxelCount: 32768; TransparentVoxelCount: 0
[2025.05.08-09.36.23:149][942]LogVoxelMeshingProfiling: Display: Scenario name: UEDPIE_0_Map_Grid_Scenario5; Voxel Model memory: 262144
[2025.05.08-09.36.23:149][942]LogVoxelMeshingProfiling: Display: Scenario name: UEDPIE_0_Map_Grid_Scenario5; OpaqueVoxelCount: 32768; TransparentVoxelCount: 0
[2025.05.08-09.36.23:151][942]LogVoxelMeshingProfiling: Display: Scenario name: UEDPIE_0_Map_Grid_Scenario5; Voxel Model memory: 262144
[2025.05.08-09.36.23:151][942]LogVoxelMeshingProfiling: Display: Scenario name: UEDPIE_0_Map_Grid_Scenario5; OpaqueVoxelCount: 32768; TransparentVoxelCount: 0
[2025.05.08-09.36.23:154][942]LogVoxelMeshingProfiling: Display: Scenario name: UEDPIE_0_Map_Grid_Scenario5; Voxel Model memory: 262144
[2025.05.08-09.36.23:154][942]LogVoxelMeshingProfiling: Display: Scenario name: UEDPIE_0_Map_Grid_Scenario5; OpaqueVoxelCount: 32768; TransparentVoxelCount: 0
[2025.05.08-09.36.23:165][942]LogVoxelMeshingProfiling: Display: Scenario name: UEDPIE_0_Map_Grid_Scenario5; Voxel Model memory: 262144
[2025.05.08-09.36.23:166][942]LogVoxelMeshingProfiling: Display: Scenario name: UEDPIE_0_Map_Grid_Scenario5; OpaqueVoxelCount: 26226; TransparentVoxelCount: 6542
[2025.05.08-09.36.23:175][942]LogVoxelMeshingProfiling: Display: Scenario name: UEDPIE_0_Map_Grid_Scenario5; Voxel Model memory: 262144
[2025.05.08-09.36.23:175][942]LogVoxelMeshingProfiling: Display: Scenario name: UEDPIE_0_Map_Grid_Scenario5; OpaqueVoxelCount: 32768; TransparentVoxelCount: 0
[2025.05.08-09.36.23:198][943]LogVoxelMeshingProfiling: Display: Scenario name: UEDPIE_0_Map_Grid_Scenario5; Voxel Model memory: 262144
[2025.05.08-09.36.23:199][943]LogVoxelMeshingProfiling: Display: Scenario name: UEDPIE_0_Map_Grid_Scenario5; OpaqueVoxelCount: 26409; TransparentVoxelCount: 6359
[2025.05.08-09.36.23:201][943]LogVoxelMeshingProfiling: Display: Scenario name: UEDPIE_0_Map_Grid_Scenario5; Voxel Model memory: 262144
[2025.05.08-09.36.23:201][943]LogVoxelMeshingProfiling: Display: Scenario name: UEDPIE_0_Map_Grid_Scenario5; OpaqueVoxelCount: 32768; TransparentVoxelCount: 0
[2025.05.08-09.36.23:202][943]LogVoxelMeshingProfiling: Display: Scenario name: UEDPIE_0_Map_Grid_Scenario5; Voxel Model memory: 262144
[2025.05.08-09.36.23:202][943]LogVoxelMeshingProfiling: Display: Scenario name: UEDPIE_0_Map_Grid_Scenario5; OpaqueVoxelCount: 32768; TransparentVoxelCount: 0
[2025.05.08-09.36.23:219][943]LogVoxelMeshingProfiling: Display: Scenario name: UEDPIE_0_Map_Grid_Scenario5; Voxel Model memory: 262144
[2025.05.08-09.36.23:219][943]LogVoxelMeshingProfiling: Display: Scenario name: UEDPIE_0_Map_Grid_Scenario5; OpaqueVoxelCount: 32768; TransparentVoxelCount: 0
[2025.05.08-09.36.23:222][943]LogVoxelMeshingProfiling: Display: Scenario name: UEDPIE_0_Map_Grid_Scenario5; Voxel Model memory: 262144
[2025.05.08-09.36.23:223][943]LogVoxelMeshingProfiling: Display: Scenario name: UEDPIE_0_Map_Grid_Scenario5; OpaqueVoxelCount: 20000; TransparentVoxelCount: 12768
[2025.05.08-09.36.23:227][943]LogVoxelMeshingProfiling: Display: Scenario name: UEDPIE_0_Map_Grid_Scenario5; Voxel Model memory: 262144
[2025.05.08-09.36.23:227][943]LogVoxelMeshingProfiling: Display: Scenario name: UEDPIE_0_Map_Grid_Scenario5; OpaqueVoxelCount: 32768; TransparentVoxelCount: 0
[2025.05.08-09.36.23:230][943]LogVoxelMeshingProfiling: Display: Scenario name: UEDPIE_0_Map_Grid_Scenario5; Voxel Model memory: 262144
[2025.05.08-09.36.23:230][943]LogVoxelMeshingProfiling: Display: Scenario name: UEDPIE_0_Map_Grid_Scenario5; OpaqueVoxelCount: 32768; TransparentVoxelCount: 0
[2025.05.08-09.36.23:252][943]LogVoxelMeshingProfiling: Display: Scenario name: UEDPIE_0_Map_Grid_Scenario5; Voxel Model memory: 262144
[2025.05.08-09.36.23:253][943]LogVoxelMeshingProfiling: Display: Scenario name: UEDPIE_0_Map_Grid_Scenario5; OpaqueVoxelCount: 23240; TransparentVoxelCount: 9528
[2025.05.08-09.36.23:253][943]LogVoxelMeshingProfiling: Display: Scenario name: UEDPIE_0_Map_Grid_Scenario5; Voxel Model memory: 262144
[2025.05.08-09.36.23:253][943]LogVoxelMeshingProfiling: Display: Scenario name: UEDPIE_0_Map_Grid_Scenario5; OpaqueVoxelCount: 23795; TransparentVoxelCount: 8973
[2025.05.08-09.36.23:266][943]LogVoxelMeshingProfiling: Display: Scenario name: UEDPIE_0_Map_Grid_Scenario5; Voxel Model memory: 262144
[2025.05.08-09.36.23:266][943]LogVoxelMeshingProfiling: Display: Scenario name: UEDPIE_0_Map_Grid_Scenario5; OpaqueVoxelCount: 32768; TransparentVoxelCount: 0
[2025.05.08-09.36.23:277][943]LogVoxelMeshingProfiling: Display: Scenario name: UEDPIE_0_Map_Grid_Scenario5; Voxel Model memory: 262144
[2025.05.08-09.36.23:278][943]LogVoxelMeshingProfiling: Display: Scenario name: UEDPIE_0_Map_Grid_Scenario5; OpaqueVoxelCount: 21878; TransparentVoxelCount: 10890
[2025.05.08-09.36.23:281][943]LogVoxelMeshingProfiling: Display: Scenario name: UEDPIE_0_Map_Grid_Scenario5; Voxel Model memory: 262144
[2025.05.08-09.36.23:281][943]LogVoxelMeshingProfiling: Display: Scenario name: UEDPIE_0_Map_Grid_Scenario5; OpaqueVoxelCount: 32768; TransparentVoxelCount: 0
[2025.05.08-09.36.23:299][943]LogVoxelMeshingProfiling: Display: Scenario name: UEDPIE_0_Map_Grid_Scenario5; Voxel Model memory: 262144
[2025.05.08-09.36.23:299][943]LogVoxelMeshingProfiling: Display: Scenario name: UEDPIE_0_Map_Grid_Scenario5; OpaqueVoxelCount: 32768; TransparentVoxelCount: 0
[2025.05.08-09.36.23:300][943]LogVoxelMeshingProfiling: Display: Scenario name: UEDPIE_0_Map_Grid_Scenario5; Voxel Model memory: 262144
[2025.05.08-09.36.23:300][943]LogVoxelMeshingProfiling: Display: Scenario name: UEDPIE_0_Map_Grid_Scenario5; OpaqueVoxelCount: 32768; TransparentVoxelCount: 0
[2025.05.08-09.36.23:324][944]LogVoxelMeshingProfiling: Display: Scenario name: UEDPIE_0_Map_Grid_Scenario5; Voxel Model memory: 262144
[2025.05.08-09.36.23:324][944]LogVoxelMeshingProfiling: Display: Scenario name: UEDPIE_0_Map_Grid_Scenario5; OpaqueVoxelCount: 18860; TransparentVoxelCount: 13908
[2025.05.08-09.36.23:328][944]LogVoxelMeshingProfiling: Display: Scenario name: UEDPIE_0_Map_Grid_Scenario5; Voxel Model memory: 262144
[2025.05.08-09.36.23:328][944]LogVoxelMeshingProfiling: Display: Scenario name: UEDPIE_0_Map_Grid_Scenario5; OpaqueVoxelCount: 24296; TransparentVoxelCount: 8472
[2025.05.08-09.36.23:348][946]LogVoxelMeshingProfiling: Display: Scenario name: UEDPIE_0_Map_Grid_Scenario5; Voxel Model memory: 262144
[2025.05.08-09.36.23:348][946]LogVoxelMeshingProfiling: Display: Scenario name: UEDPIE_0_Map_Grid_Scenario5; OpaqueVoxelCount: 32768; TransparentVoxelCount: 0
[2025.05.08-09.36.23:351][946]LogVoxelMeshingProfiling: Display: Scenario name: UEDPIE_0_Map_Grid_Scenario5; Voxel Model memory: 262144
[2025.05.08-09.36.23:351][946]LogVoxelMeshingProfiling: Display: Scenario name: UEDPIE_0_Map_Grid_Scenario5; OpaqueVoxelCount: 23914; TransparentVoxelCount: 8854
[2025.05.08-09.36.23:352][946]LogVoxelMeshingProfiling: Display: Scenario name: UEDPIE_0_Map_Grid_Scenario5; Voxel Model memory: 262144
[2025.05.08-09.36.23:352][946]LogVoxelMeshingProfiling: Display: Scenario name: UEDPIE_0_Map_Grid_Scenario5; OpaqueVoxelCount: 32768; TransparentVoxelCount: 0
[2025.05.08-09.36.23:363][947]LogVoxelMeshingProfiling: Display: Scenario name: UEDPIE_0_Map_Grid_Scenario5; Voxel Model memory: 262144
[2025.05.08-09.36.23:363][947]LogVoxelMeshingProfiling: Display: Scenario name: UEDPIE_0_Map_Grid_Scenario5; OpaqueVoxelCount: 32768; TransparentVoxelCount: 0
[2025.05.08-09.36.23:373][948]LogVoxelMeshingProfiling: Display: Scenario name: UEDPIE_0_Map_Grid_Scenario5; Vertices: 44
[2025.05.08-09.36.23:380][948]LogVoxelMeshingProfiling: Display: Scenario name: UEDPIE_0_Map_Grid_Scenario5; Vertices: 16
[2025.05.08-09.36.23:385][949]LogVoxelMeshingProfiling: Display: Scenario name: UEDPIE_0_Map_Grid_Scenario5; Vertices: 104
[2025.05.08-09.36.23:390][949]LogVoxelMeshingProfiling: Display: Scenario name: UEDPIE_0_Map_Grid_Scenario5; Vertices: 12
[2025.05.08-09.36.23:394][949]LogVoxelMeshingProfiling: Display: Scenario name: UEDPIE_0_Map_Grid_Scenario5; Vertices: 448
[2025.05.08-09.36.23:399][949]LogVoxelMeshingProfiling: Display: Scenario name: UEDPIE_0_Map_Grid_Scenario5; Vertices: 4
[2025.05.08-09.36.23:406][950]LogVoxelMeshingProfiling: Display: Scenario name: UEDPIE_0_Map_Grid_Scenario5; Vertices: 144
[2025.05.08-09.36.23:412][950]LogVoxelMeshingProfiling: Display: Scenario name: UEDPIE_0_Map_Grid_Scenario5; Vertices: 188
[2025.05.08-09.36.23:417][951]LogVoxelMeshingProfiling: Display: Scenario name: UEDPIE_0_Map_Grid_Scenario5; Vertices: 1164
[2025.05.08-09.36.23:424][951]LogVoxelMeshingProfiling: Display: Scenario name: UEDPIE_0_Map_Grid_Scenario5; Vertices: 96
[2025.05.08-09.36.23:430][951]LogVoxelMeshingProfiling: Display: Scenario name: UEDPIE_0_Map_Grid_Scenario5; Vertices: 280
[2025.05.08-09.36.23:434][951]LogVoxelMeshingProfiling: Display: Scenario name: UEDPIE_0_Map_Grid_Scenario5; Vertices: 724
[2025.05.08-09.36.23:441][952]LogVoxelMeshingProfiling: Display: Scenario name: UEDPIE_0_Map_Grid_Scenario5; Vertices: 72
[2025.05.08-09.36.23:447][952]LogVoxelMeshingProfiling: Display: Scenario name: UEDPIE_0_Map_Grid_Scenario5; Vertices: 212
[2025.05.08-09.36.23:453][952]LogVoxelMeshingProfiling: Display: Scenario name: UEDPIE_0_Map_Grid_Scenario5; Vertices: 1088
[2025.05.08-09.36.23:459][953]LogVoxelMeshingProfiling: Display: Scenario name: UEDPIE_0_Map_Grid_Scenario5; Vertices: 8
[2025.05.08-09.36.23:464][953]LogVoxelMeshingProfiling: Display: Scenario name: UEDPIE_0_Map_Grid_Scenario5; Vertices: 1008
[2025.05.08-09.36.23:469][953]LogVoxelMeshingProfiling: Display: Scenario name: UEDPIE_0_Map_Grid_Scenario5; Vertices: 8
[2025.05.08-09.36.23:474][954]LogVoxelMeshingProfiling: Display: Scenario name: UEDPIE_0_Map_Grid_Scenario5; Vertices: 1304
[2025.05.08-09.36.23:482][954]LogVoxelMeshingProfiling: Display: Scenario name: UEDPIE_0_Map_Grid_Scenario5; Vertices: 124
[2025.05.08-09.36.23:487][954]LogVoxelMeshingProfiling: Display: Scenario name: UEDPIE_0_Map_Grid_Scenario5; Vertices: 2544
[2025.05.08-09.36.23:493][954]LogVoxelMeshingProfiling: Display: Scenario name: UEDPIE_0_Map_Grid_Scenario5; Vertices: 120
[2025.05.08-09.36.23:498][954]LogVoxelMeshingProfiling: Display: Scenario name: UEDPIE_0_Map_Grid_Scenario5; Vertices: 1588
[2025.05.08-09.36.23:505][955]LogVoxelMeshingProfiling: Display: Scenario name: UEDPIE_0_Map_Grid_Scenario5; Vertices: 168
[2025.05.08-09.36.23:511][955]LogVoxelMeshingProfiling: Display: Scenario name: UEDPIE_0_Map_Grid_Scenario5; Vertices: 1416
[2025.05.08-09.36.23:516][955]LogVoxelMeshingProfiling: Display: Scenario name: UEDPIE_0_Map_Grid_Scenario5; Vertices: 12
[2025.05.08-09.36.30:862][442]LogVoxelMeshingProfiling: Display: Scenario name: UEDPIE_0_Map_RLE_Scenario5; Voxel Model memory: 6852
[2025.05.08-09.36.30:889][442]LogVoxelMeshingProfiling: Display: Scenario name: UEDPIE_0_Map_RLE_Scenario5; Voxel Model memory: 9792
[2025.05.08-09.36.30:891][442]LogVoxelMeshingProfiling: Display: Scenario name: UEDPIE_0_Map_RLE_Scenario5; Voxel Model memory: 26328
[2025.05.08-09.36.30:896][442]LogVoxelMeshingProfiling: Display: Scenario name: UEDPIE_0_Map_RLE_Scenario5; Voxel Model memory: 4920
[2025.05.08-09.36.30:897][442]LogVoxelMeshingProfiling: Display: Scenario name: UEDPIE_0_Map_RLE_Scenario5; Voxel Model memory: 4836
[2025.05.08-09.36.30:908][443]LogVoxelMeshingProfiling: Display: Scenario name: UEDPIE_0_Map_RLE_Scenario5; Voxel Model memory: 2184
[2025.05.08-09.36.30:918][443]LogVoxelMeshingProfiling: Display: Scenario name: UEDPIE_0_Map_RLE_Scenario5; Voxel Model memory: 12
[2025.05.08-09.36.30:941][443]LogVoxelMeshingProfiling: Display: Scenario name: UEDPIE_0_Map_RLE_Scenario5; Voxel Model memory: 4608
[2025.05.08-09.36.30:946][443]LogVoxelMeshingProfiling: Display: Scenario name: UEDPIE_0_Map_RLE_Scenario5; Voxel Model memory: 9624
[2025.05.08-09.36.30:947][443]LogVoxelMeshingProfiling: Display: Scenario name: UEDPIE_0_Map_RLE_Scenario5; Voxel Model memory: 18996
[2025.05.08-09.36.30:957][443]LogVoxelMeshingProfiling: Display: Scenario name: UEDPIE_0_Map_RLE_Scenario5; Voxel Model memory: 3432
[2025.05.08-09.36.30:968][443]LogVoxelMeshingProfiling: Display: Scenario name: UEDPIE_0_Map_RLE_Scenario5; Voxel Model memory: 26328
[2025.05.08-09.36.30:971][443]LogVoxelMeshingProfiling: Display: Scenario name: UEDPIE_0_Map_RLE_Scenario5; Voxel Model memory: 6540
[2025.05.08-09.36.30:977][443]LogVoxelMeshingProfiling: Display: Scenario name: UEDPIE_0_Map_RLE_Scenario5; Voxel Model memory: 9372
[2025.05.08-09.36.30:999][443]LogVoxelMeshingProfiling: Display: Scenario name: UEDPIE_0_Map_RLE_Scenario5; Voxel Model memory: 9192
[2025.05.08-09.36.31:014][444]LogVoxelMeshingProfiling: Display: Scenario name: UEDPIE_0_Map_RLE_Scenario5; Voxel Model memory: 6672
[2025.05.08-09.36.31:017][444]LogVoxelMeshingProfiling: Display: Scenario name: UEDPIE_0_Map_RLE_Scenario5; Voxel Model memory: 2184
[2025.05.08-09.36.31:025][444]LogVoxelMeshingProfiling: Display: Scenario name: UEDPIE_0_Map_RLE_Scenario5; Voxel Model memory: 12
[2025.05.08-09.36.31:044][445]LogVoxelMeshingProfiling: Display: Scenario name: UEDPIE_0_Map_RLE_Scenario5; Voxel Model memory: 4608
[2025.05.08-09.36.31:049][445]LogVoxelMeshingProfiling: Display: Scenario name: UEDPIE_0_Map_RLE_Scenario5; Voxel Model memory: 12
[2025.05.08-09.36.31:055][445]LogVoxelMeshingProfiling: Display: Scenario name: UEDPIE_0_Map_RLE_Scenario5; Voxel Model memory: 9372
[2025.05.08-09.36.31:088][447]LogVoxelMeshingProfiling: Display: Scenario name: UEDPIE_0_Map_RLE_Scenario5; Voxel Model memory: 4608
[2025.05.08-09.36.31:097][448]LogVoxelMeshingProfiling: Display: Scenario name: UEDPIE_0_Map_RLE_Scenario5; Voxel Model memory: 2352
[2025.05.08-09.36.31:100][448]LogVoxelMeshingProfiling: Display: Scenario name: UEDPIE_0_Map_RLE_Scenario5; Voxel Model memory: 9372
[2025.05.08-09.36.31:104][448]LogVoxelMeshingProfiling: Display: Scenario name: UEDPIE_0_Map_RLE_Scenario5; Voxel Model memory: 9192
[2025.05.08-09.36.31:131][450]LogVoxelMeshingProfiling: Display: Scenario name: UEDPIE_0_Map_RLE_Scenario5; Voxel Model memory: 6540
[2025.05.08-09.36.31:134][450]LogVoxelMeshingProfiling: Display: Scenario name: UEDPIE_0_Map_RLE_Scenario5; Voxel Model memory: 12
[2025.05.08-09.36.31:144][450]LogVoxelMeshingProfiling: Display: Scenario name: UEDPIE_0_Map_RLE_Scenario5; Vertices: 26656
[2025.05.08-09.36.31:154][451]LogVoxelMeshingProfiling: Display: Scenario name: UEDPIE_0_Map_RLE_Scenario5; Vertices: 33604
[2025.05.08-09.36.31:168][452]LogVoxelMeshingProfiling: Display: Scenario name: UEDPIE_0_Map_RLE_Scenario5; Vertices: 46688
[2025.05.08-09.36.31:177][452]LogVoxelMeshingProfiling: Display: Scenario name: UEDPIE_0_Map_RLE_Scenario5; Vertices: 26272
[2025.05.08-09.36.31:185][452]LogVoxelMeshingProfiling: Display: Scenario name: UEDPIE_0_Map_RLE_Scenario5; Vertices: 25816
[2025.05.08-09.36.31:191][453]LogVoxelMeshingProfiling: Display: Scenario name: UEDPIE_0_Map_RLE_Scenario5; Vertices: 17060
[2025.05.08-09.36.31:198][453]LogVoxelMeshingProfiling: Display: Scenario name: UEDPIE_0_Map_RLE_Scenario5; Vertices: 16640
[2025.05.08-09.36.31:212][453]LogVoxelMeshingProfiling: Display: Scenario name: UEDPIE_0_Map_RLE_Scenario5; Vertices: 40372
[2025.05.08-09.36.31:227][453]LogVoxelMeshingProfiling: Display: Scenario name: UEDPIE_0_Map_RLE_Scenario5; Vertices: 33152
[2025.05.08-09.36.31:227][453]LogVoxelMeshingProfiling: Display: Scenario name: UEDPIE_0_Map_RLE_Scenario5; Vertices: 18084
[2025.05.08-09.36.31:237][454]LogVoxelMeshingProfiling: Display: Scenario name: UEDPIE_0_Map_RLE_Scenario5; Vertices: 21560
[2025.05.08-09.36.31:265][454]LogVoxelMeshingProfiling: Display: Scenario name: UEDPIE_0_Map_RLE_Scenario5; Vertices: 44600
[2025.05.08-09.36.31:265][454]LogVoxelMeshingProfiling: Display: Scenario name: UEDPIE_0_Map_RLE_Scenario5; Vertices: 16356
[2025.05.08-09.36.31:265][454]LogVoxelMeshingProfiling: Display: Scenario name: UEDPIE_0_Map_RLE_Scenario5; Vertices: 30336
[2025.05.08-09.36.31:275][454]LogVoxelMeshingProfiling: Display: Scenario name: UEDPIE_0_Map_RLE_Scenario5; Vertices: 28368
[2025.05.08-09.36.31:298][454]LogVoxelMeshingProfiling: Display: Scenario name: UEDPIE_0_Map_RLE_Scenario5; Vertices: 17504
[2025.05.08-09.36.31:298][454]LogVoxelMeshingProfiling: Display: Scenario name: UEDPIE_0_Map_RLE_Scenario5; Vertices: 16640
[2025.05.08-09.36.31:298][454]LogVoxelMeshingProfiling: Display: Scenario name: UEDPIE_0_Map_RLE_Scenario5; Vertices: 15532
[2025.05.08-09.36.31:298][454]LogVoxelMeshingProfiling: Display: Scenario name: UEDPIE_0_Map_RLE_Scenario5; Vertices: 16640
[2025.05.08-09.36.31:301][454]LogVoxelMeshingProfiling: Display: Scenario name: UEDPIE_0_Map_RLE_Scenario5; Vertices: 15840
[2025.05.08-09.36.31:332][454]LogVoxelMeshingProfiling: Display: Scenario name: UEDPIE_0_Map_RLE_Scenario5; Vertices: 29704
[2025.05.08-09.36.31:332][454]LogVoxelMeshingProfiling: Display: Scenario name: UEDPIE_0_Map_RLE_Scenario5; Vertices: 18268
[2025.05.08-09.36.31:332][454]LogVoxelMeshingProfiling: Display: Scenario name: UEDPIE_0_Map_RLE_Scenario5; Vertices: 21044
[2025.05.08-09.36.31:332][454]LogVoxelMeshingProfiling: Display: Scenario name: UEDPIE_0_Map_RLE_Scenario5; Vertices: 15664
[2025.05.08-09.36.31:341][454]LogVoxelMeshingProfiling: Display: Scenario name: UEDPIE_0_Map_RLE_Scenario5; Vertices: 29048
[2025.05.08-09.36.31:341][454]LogVoxelMeshingProfiling: Display: Scenario name: UEDPIE_0_Map_RLE_Scenario5; Vertices: 16796
[2025.05.08-09.36.31:350][454]LogVoxelMeshingProfiling: Display: Scenario name: UEDPIE_0_Map_RLE_Scenario5; Vertices: 16640
[2025.05.08-09.36.42:311][128]LogVoxelMeshingProfiling: Display: Scenario name: UEDPIE_0_Map_VoxelPlugin_Scenario5; Voxel Model memory: 262144
[2025.05.08-09.36.42:311][128]LogVoxelMeshingProfiling: Display: Scenario name: UEDPIE_0_Map_VoxelPlugin_Scenario5; OpaqueVoxelCount: 32768; TransparentVoxelCount: 0
[2025.05.08-09.36.42:338][128]LogVoxelMeshingProfiling: Display: Scenario name: UEDPIE_0_Map_VoxelPlugin_Scenario5; Voxel Model memory: 262144
[2025.05.08-09.36.42:338][128]LogVoxelMeshingProfiling: Display: Scenario name: UEDPIE_0_Map_VoxelPlugin_Scenario5; OpaqueVoxelCount: 32768; TransparentVoxelCount: 0
[2025.05.08-09.36.42:338][128]LogVoxelMeshingProfiling: Display: Scenario name: UEDPIE_0_Map_VoxelPlugin_Scenario5; Voxel Model memory: 262144
[2025.05.08-09.36.42:338][128]LogVoxelMeshingProfiling: Display: Scenario name: UEDPIE_0_Map_VoxelPlugin_Scenario5; OpaqueVoxelCount: 32768; TransparentVoxelCount: 0
[2025.05.08-09.36.42:340][128]LogVoxelMeshingProfiling: Display: Scenario name: UEDPIE_0_Map_VoxelPlugin_Scenario5; Voxel Model memory: 262144
[2025.05.08-09.36.42:340][128]LogVoxelMeshingProfiling: Display: Scenario name: UEDPIE_0_Map_VoxelPlugin_Scenario5; OpaqueVoxelCount: 32768; TransparentVoxelCount: 0
[2025.05.08-09.36.42:346][128]LogVoxelMeshingProfiling: Display: Scenario name: UEDPIE_0_Map_VoxelPlugin_Scenario5; Voxel Model memory: 262144
[2025.05.08-09.36.42:346][128]LogVoxelMeshingProfiling: Display: Scenario name: UEDPIE_0_Map_VoxelPlugin_Scenario5; OpaqueVoxelCount: 32768; TransparentVoxelCount: 0
[2025.05.08-09.36.42:353][128]LogVoxelMeshingProfiling: Display: Scenario name: UEDPIE_0_Map_VoxelPlugin_Scenario5; Voxel Model memory: 262144
[2025.05.08-09.36.42:353][128]LogVoxelMeshingProfiling: Display: Scenario name: UEDPIE_0_Map_VoxelPlugin_Scenario5; OpaqueVoxelCount: 26226; TransparentVoxelCount: 6542
[2025.05.08-09.36.42:357][128]LogVoxelMeshingProfiling: Display: Scenario name: UEDPIE_0_Map_VoxelPlugin_Scenario5; Voxel Model memory: 262144
[2025.05.08-09.36.42:357][128]LogVoxelMeshingProfiling: Display: Scenario name: UEDPIE_0_Map_VoxelPlugin_Scenario5; OpaqueVoxelCount: 32768; TransparentVoxelCount: 0
[2025.05.08-09.36.42:380][128]LogVoxelMeshingProfiling: Display: Scenario name: UEDPIE_0_Map_VoxelPlugin_Scenario5; Voxel Model memory: 262144
[2025.05.08-09.36.42:380][128]LogVoxelMeshingProfiling: Display: Scenario name: UEDPIE_0_Map_VoxelPlugin_Scenario5; OpaqueVoxelCount: 26409; TransparentVoxelCount: 6359
[2025.05.08-09.36.42:383][128]LogVoxelMeshingProfiling: Display: Scenario name: UEDPIE_0_Map_VoxelPlugin_Scenario5; Voxel Model memory: 262144
[2025.05.08-09.36.42:383][128]LogVoxelMeshingProfiling: Display: Scenario name: UEDPIE_0_Map_VoxelPlugin_Scenario5; OpaqueVoxelCount: 32768; TransparentVoxelCount: 0
[2025.05.08-09.36.42:385][128]LogVoxelMeshingProfiling: Display: Scenario name: UEDPIE_0_Map_VoxelPlugin_Scenario5; Voxel Model memory: 262144
[2025.05.08-09.36.42:385][128]LogVoxelMeshingProfiling: Display: Scenario name: UEDPIE_0_Map_VoxelPlugin_Scenario5; OpaqueVoxelCount: 32768; TransparentVoxelCount: 0
[2025.05.08-09.36.42:397][128]LogVoxelMeshingProfiling: Display: Scenario name: UEDPIE_0_Map_VoxelPlugin_Scenario5; Voxel Model memory: 262144
[2025.05.08-09.36.42:397][128]LogVoxelMeshingProfiling: Display: Scenario name: UEDPIE_0_Map_VoxelPlugin_Scenario5; OpaqueVoxelCount: 32768; TransparentVoxelCount: 0
[2025.05.08-09.36.42:404][128]LogVoxelMeshingProfiling: Display: Scenario name: UEDPIE_0_Map_VoxelPlugin_Scenario5; Voxel Model memory: 262144
[2025.05.08-09.36.42:404][128]LogVoxelMeshingProfiling: Display: Scenario name: UEDPIE_0_Map_VoxelPlugin_Scenario5; OpaqueVoxelCount: 20000; TransparentVoxelCount: 12768
[2025.05.08-09.36.42:407][128]LogVoxelMeshingProfiling: Display: Scenario name: UEDPIE_0_Map_VoxelPlugin_Scenario5; Voxel Model memory: 262144
[2025.05.08-09.36.42:407][128]LogVoxelMeshingProfiling: Display: Scenario name: UEDPIE_0_Map_VoxelPlugin_Scenario5; OpaqueVoxelCount: 32768; TransparentVoxelCount: 0
[2025.05.08-09.36.42:410][128]LogVoxelMeshingProfiling: Display: Scenario name: UEDPIE_0_Map_VoxelPlugin_Scenario5; Voxel Model memory: 262144
[2025.05.08-09.36.42:410][128]LogVoxelMeshingProfiling: Display: Scenario name: UEDPIE_0_Map_VoxelPlugin_Scenario5; OpaqueVoxelCount: 32768; TransparentVoxelCount: 0
[2025.05.08-09.36.42:429][128]LogVoxelMeshingProfiling: Display: Scenario name: UEDPIE_0_Map_VoxelPlugin_Scenario5; Voxel Model memory: 262144
[2025.05.08-09.36.42:429][128]LogVoxelMeshingProfiling: Display: Scenario name: UEDPIE_0_Map_VoxelPlugin_Scenario5; OpaqueVoxelCount: 23240; TransparentVoxelCount: 9528
[2025.05.08-09.36.42:432][128]LogVoxelMeshingProfiling: Display: Scenario name: UEDPIE_0_Map_VoxelPlugin_Scenario5; Voxel Model memory: 262144
[2025.05.08-09.36.42:432][128]LogVoxelMeshingProfiling: Display: Scenario name: UEDPIE_0_Map_VoxelPlugin_Scenario5; OpaqueVoxelCount: 23795; TransparentVoxelCount: 8973
[2025.05.08-09.36.42:444][128]LogVoxelMeshingProfiling: Display: Scenario name: UEDPIE_0_Map_VoxelPlugin_Scenario5; Voxel Model memory: 262144
[2025.05.08-09.36.42:444][128]LogVoxelMeshingProfiling: Display: Scenario name: UEDPIE_0_Map_VoxelPlugin_Scenario5; OpaqueVoxelCount: 32768; TransparentVoxelCount: 0
[2025.05.08-09.36.42:457][128]LogVoxelMeshingProfiling: Display: Scenario name: UEDPIE_0_Map_VoxelPlugin_Scenario5; Voxel Model memory: 262144
[2025.05.08-09.36.42:457][128]LogVoxelMeshingProfiling: Display: Scenario name: UEDPIE_0_Map_VoxelPlugin_Scenario5; OpaqueVoxelCount: 21878; TransparentVoxelCount: 10890
[2025.05.08-09.36.42:465][128]LogVoxelMeshingProfiling: Display: Scenario name: UEDPIE_0_Map_VoxelPlugin_Scenario5; Voxel Model memory: 262144
[2025.05.08-09.36.42:465][128]LogVoxelMeshingProfiling: Display: Scenario name: UEDPIE_0_Map_VoxelPlugin_Scenario5; OpaqueVoxelCount: 32768; TransparentVoxelCount: 0
[2025.05.08-09.36.42:476][128]LogVoxelMeshingProfiling: Display: Scenario name: UEDPIE_0_Map_VoxelPlugin_Scenario5; Voxel Model memory: 262144
[2025.05.08-09.36.42:477][128]LogVoxelMeshingProfiling: Display: Scenario name: UEDPIE_0_Map_VoxelPlugin_Scenario5; OpaqueVoxelCount: 32768; TransparentVoxelCount: 0
[2025.05.08-09.36.42:478][128]LogVoxelMeshingProfiling: Display: Scenario name: UEDPIE_0_Map_VoxelPlugin_Scenario5; Voxel Model memory: 262144
[2025.05.08-09.36.42:478][128]LogVoxelMeshingProfiling: Display: Scenario name: UEDPIE_0_Map_VoxelPlugin_Scenario5; OpaqueVoxelCount: 32768; TransparentVoxelCount: 0
[2025.05.08-09.36.42:497][128]LogVoxelMeshingProfiling: Display: Scenario name: UEDPIE_0_Map_VoxelPlugin_Scenario5; Voxel Model memory: 262144
[2025.05.08-09.36.42:499][128]LogVoxelMeshingProfiling: Display: Scenario name: UEDPIE_0_Map_VoxelPlugin_Scenario5; OpaqueVoxelCount: 18860; TransparentVoxelCount: 13908
[2025.05.08-09.36.42:500][128]LogVoxelMeshingProfiling: Display: Scenario name: UEDPIE_0_Map_VoxelPlugin_Scenario5; Voxel Model memory: 262144
[2025.05.08-09.36.42:501][128]LogVoxelMeshingProfiling: Display: Scenario name: UEDPIE_0_Map_VoxelPlugin_Scenario5; OpaqueVoxelCount: 24296; TransparentVoxelCount: 8472
[2025.05.08-09.36.42:524][128]LogVoxelMeshingProfiling: Display: Scenario name: UEDPIE_0_Map_VoxelPlugin_Scenario5; Voxel Model memory: 262144
[2025.05.08-09.36.42:524][128]LogVoxelMeshingProfiling: Display: Scenario name: UEDPIE_0_Map_VoxelPlugin_Scenario5; OpaqueVoxelCount: 23914; TransparentVoxelCount: 8854
[2025.05.08-09.36.42:529][128]LogVoxelMeshingProfiling: Display: Scenario name: UEDPIE_0_Map_VoxelPlugin_Scenario5; Voxel Model memory: 262144
[2025.05.08-09.36.42:529][128]LogVoxelMeshingProfiling: Display: Scenario name: UEDPIE_0_Map_VoxelPlugin_Scenario5; OpaqueVoxelCount: 32768; TransparentVoxelCount: 0
[2025.05.08-09.36.42:529][128]LogVoxelMeshingProfiling: Display: Scenario name: UEDPIE_0_Map_VoxelPlugin_Scenario5; Voxel Model memory: 262144
[2025.05.08-09.36.42:529][128]LogVoxelMeshingProfiling: Display: Scenario name: UEDPIE_0_Map_VoxelPlugin_Scenario5; OpaqueVoxelCount: 32768; TransparentVoxelCount: 0
[2025.05.08-09.36.42:535][128]LogVoxelMeshingProfiling: Display: Scenario name: UEDPIE_0_Map_VoxelPlugin_Scenario5; Voxel Model memory: 262144
[2025.05.08-09.36.42:535][128]LogVoxelMeshingProfiling: Display: Scenario name: UEDPIE_0_Map_VoxelPlugin_Scenario5; OpaqueVoxelCount: 32768; TransparentVoxelCount: 0
[2025.05.08-09.36.42:574][129]LogVoxelMeshingProfiling: Display: Scenario name: Map_VoxelPlugin_Scenario5; Vertices: 4096
[2025.05.08-09.36.42:580][129]LogVoxelMeshingProfiling: Display: Scenario name: Map_VoxelPlugin_Scenario5; Vertices: 8192
[2025.05.08-09.36.42:585][129]LogVoxelMeshingProfiling: Display: Scenario name: Map_VoxelPlugin_Scenario5; Vertices: 8192
[2025.05.08-09.36.42:587][129]LogVoxelMeshingProfiling: Display: Scenario name: Map_VoxelPlugin_Scenario5; Vertices: 12288
[2025.05.08-09.36.42:595][129]LogVoxelMeshingProfiling: Display: Scenario name: Map_VoxelPlugin_Scenario5; Vertices: 12288
[2025.05.08-09.36.42:597][129]LogVoxelMeshingProfiling: Display: Scenario name: Map_VoxelPlugin_Scenario5; Vertices: 8192
[2025.05.08-09.36.42:601][129]LogVoxelMeshingProfiling: Display: Scenario name: Map_VoxelPlugin_Scenario5; Vertices: 7784
[2025.05.08-09.36.42:607][129]LogVoxelMeshingProfiling: Display: Scenario name: Map_VoxelPlugin_Scenario5; Vertices: 10828
[2025.05.08-09.36.42:615][129]LogVoxelMeshingProfiling: Display: Scenario name: Map_VoxelPlugin_Scenario5; Vertices: 9940
[2025.05.08-09.36.42:617][129]LogVoxelMeshingProfiling: Display: Scenario name: Map_VoxelPlugin_Scenario5; Vertices: 4096
[2025.05.08-09.36.42:627][129]LogVoxelMeshingProfiling: Display: Scenario name: Map_VoxelPlugin_Scenario5; Vertices: 4096
[2025.05.08-09.36.42:627][129]LogVoxelMeshingProfiling: Display: Scenario name: Map_VoxelPlugin_Scenario5; Vertices: 8192
[2025.05.08-09.36.42:634][129]LogVoxelMeshingProfiling: Display: Scenario name: Map_VoxelPlugin_Scenario5; Vertices: 4096
[2025.05.08-09.36.42:636][129]LogVoxelMeshingProfiling: Display: Scenario name: Map_VoxelPlugin_Scenario5; Vertices: 8192
[2025.05.08-09.36.42:649][129]LogVoxelMeshingProfiling: Display: Scenario name: Map_VoxelPlugin_Scenario5; Vertices: 4668
[2025.05.08-09.36.42:654][130]LogVoxelMeshingProfiling: Display: Scenario name: Map_VoxelPlugin_Scenario5; Vertices: 7656
[2025.05.08-09.36.42:660][130]LogVoxelMeshingProfiling: Display: Scenario name: Map_VoxelPlugin_Scenario5; Vertices: 7372
[2025.05.08-09.36.42:737][132]LogVoxelMeshingProfiling: Display: Scenario name: Map_VoxelPlugin_Scenario5; Vertices: 8192
[2025.05.08-09.36.42:740][132]LogVoxelMeshingProfiling: Display: Scenario name: Map_VoxelPlugin_Scenario5; Vertices: 4096
[2025.05.08-09.36.42:747][133]LogVoxelMeshingProfiling: Display: Scenario name: Map_VoxelPlugin_Scenario5; Vertices: 12288
[2025.05.08-09.36.42:749][133]LogVoxelMeshingProfiling: Display: Scenario name: Map_VoxelPlugin_Scenario5; Vertices: 8192
[2025.05.08-09.36.42:769][134]LogVoxelMeshingProfiling: Display: Scenario name: Map_VoxelPlugin_Scenario5; Vertices: 8192
[2025.05.08-09.36.42:773][134]LogVoxelMeshingProfiling: Display: Scenario name: Map_VoxelPlugin_Scenario5; Vertices: 12288
[2025.05.08-09.36.42:794][135]LogVoxelMeshingProfiling: Display: Scenario name: Map_VoxelPlugin_Scenario5; Vertices: 9084
[2025.05.08-09.36.42:806][135]LogVoxelMeshingProfiling: Display: Scenario name: Map_VoxelPlugin_Scenario5; Vertices: 12416
[2025.05.08-09.36.42:811][135]LogVoxelMeshingProfiling: Display: Scenario name: Map_VoxelPlugin_Scenario5; Vertices: 10372
