[2025.05.08-09.51.41:477][538]LogVoxelMeshingProfiling: Display: Scenario name: UEDPIE_0_Map_Grid_Scenario6; Voxel Model memory: 262144
[2025.05.08-09.51.41:477][538]LogVoxelMeshingProfiling: Display: Scenario name: UEDPIE_0_Map_Grid_Scenario6; OpaqueVoxelCount: 251; TransparentVoxelCount: 32517
[2025.05.08-09.51.41:477][538]LogVoxelMeshingProfiling: Display: Scenario name: UEDPIE_0_Map_Grid_Scenario6; Voxel Model memory: 262144
[2025.05.08-09.51.41:477][538]LogVoxelMeshingProfiling: Display: Scenario name: UEDPIE_0_Map_Grid_Scenario6; OpaqueVoxelCount: 251; TransparentVoxelCount: 32517
[2025.05.08-09.51.41:477][538]LogVoxelMeshingProfiling: Display: Scenario name: UEDPIE_0_Map_Grid_Scenario6; Voxel Model memory: 262144
[2025.05.08-09.51.41:477][538]LogVoxelMeshingProfiling: Display: Scenario name: UEDPIE_0_Map_Grid_Scenario6; OpaqueVoxelCount: 251; TransparentVoxelCount: 32517
[2025.05.08-09.51.41:477][538]LogVoxelMeshingProfiling: Display: Scenario name: UEDPIE_0_Map_Grid_Scenario6; Voxel Model memory: 262144
[2025.05.08-09.51.41:477][538]LogVoxelMeshingProfiling: Display: Scenario name: UEDPIE_0_Map_Grid_Scenario6; OpaqueVoxelCount: 251; TransparentVoxelCount: 32517
[2025.05.08-09.51.41:477][538]LogVoxelMeshingProfiling: Display: Scenario name: UEDPIE_0_Map_Grid_Scenario6; Voxel Model memory: 262144
[2025.05.08-09.51.41:478][538]LogVoxelMeshingProfiling: Display: Scenario name: UEDPIE_0_Map_Grid_Scenario6; OpaqueVoxelCount: 251; TransparentVoxelCount: 32517
[2025.05.08-09.51.41:478][538]LogVoxelMeshingProfiling: Display: Scenario name: UEDPIE_0_Map_Grid_Scenario6; Voxel Model memory: 262144
[2025.05.08-09.51.41:478][538]LogVoxelMeshingProfiling: Display: Scenario name: UEDPIE_0_Map_Grid_Scenario6; OpaqueVoxelCount: 251; TransparentVoxelCount: 32517
[2025.05.08-09.51.41:478][538]LogVoxelMeshingProfiling: Display: Scenario name: UEDPIE_0_Map_Grid_Scenario6; Voxel Model memory: 262144
[2025.05.08-09.51.41:478][538]LogVoxelMeshingProfiling: Display: Scenario name: UEDPIE_0_Map_Grid_Scenario6; OpaqueVoxelCount: 251; TransparentVoxelCount: 32517
[2025.05.08-09.51.41:478][538]LogVoxelMeshingProfiling: Display: Scenario name: UEDPIE_0_Map_Grid_Scenario6; Voxel Model memory: 262144
[2025.05.08-09.51.41:478][538]LogVoxelMeshingProfiling: Display: Scenario name: UEDPIE_0_Map_Grid_Scenario6; OpaqueVoxelCount: 251; TransparentVoxelCount: 32517
[2025.05.08-09.51.41:478][538]LogVoxelMeshingProfiling: Display: Scenario name: UEDPIE_0_Map_Grid_Scenario6; Voxel Model memory: 262144
[2025.05.08-09.51.41:478][538]LogVoxelMeshingProfiling: Display: Scenario name: UEDPIE_0_Map_Grid_Scenario6; OpaqueVoxelCount: 251; TransparentVoxelCount: 32517
[2025.05.08-09.51.41:478][538]LogVoxelMeshingProfiling: Display: Scenario name: UEDPIE_0_Map_Grid_Scenario6; Voxel Model memory: 262144
[2025.05.08-09.51.41:478][538]LogVoxelMeshingProfiling: Display: Scenario name: UEDPIE_0_Map_Grid_Scenario6; OpaqueVoxelCount: 251; TransparentVoxelCount: 32517
[2025.05.08-09.51.41:478][538]LogVoxelMeshingProfiling: Display: Scenario name: UEDPIE_0_Map_Grid_Scenario6; Voxel Model memory: 262144
[2025.05.08-09.51.41:478][538]LogVoxelMeshingProfiling: Display: Scenario name: UEDPIE_0_Map_Grid_Scenario6; OpaqueVoxelCount: 251; TransparentVoxelCount: 32517
[2025.05.08-09.51.41:479][538]LogVoxelMeshingProfiling: Display: Scenario name: UEDPIE_0_Map_Grid_Scenario6; Voxel Model memory: 262144
[2025.05.08-09.51.41:479][538]LogVoxelMeshingProfiling: Display: Scenario name: UEDPIE_0_Map_Grid_Scenario6; OpaqueVoxelCount: 251; TransparentVoxelCount: 32517
[2025.05.08-09.51.41:479][538]LogVoxelMeshingProfiling: Display: Scenario name: UEDPIE_0_Map_Grid_Scenario6; Voxel Model memory: 262144
[2025.05.08-09.51.41:479][538]LogVoxelMeshingProfiling: Display: Scenario name: UEDPIE_0_Map_Grid_Scenario6; OpaqueVoxelCount: 251; TransparentVoxelCount: 32517
[2025.05.08-09.51.41:479][538]LogVoxelMeshingProfiling: Display: Scenario name: UEDPIE_0_Map_Grid_Scenario6; Voxel Model memory: 262144
[2025.05.08-09.51.41:479][538]LogVoxelMeshingProfiling: Display: Scenario name: UEDPIE_0_Map_Grid_Scenario6; OpaqueVoxelCount: 251; TransparentVoxelCount: 32517
[2025.05.08-09.51.41:479][538]LogVoxelMeshingProfiling: Display: Scenario name: UEDPIE_0_Map_Grid_Scenario6; Voxel Model memory: 262144
[2025.05.08-09.51.41:479][538]LogVoxelMeshingProfiling: Display: Scenario name: UEDPIE_0_Map_Grid_Scenario6; OpaqueVoxelCount: 251; TransparentVoxelCount: 32517
[2025.05.08-09.51.41:479][538]LogVoxelMeshingProfiling: Display: Scenario name: UEDPIE_0_Map_Grid_Scenario6; Voxel Model memory: 262144
[2025.05.08-09.51.41:479][538]LogVoxelMeshingProfiling: Display: Scenario name: UEDPIE_0_Map_Grid_Scenario6; OpaqueVoxelCount: 251; TransparentVoxelCount: 32517
[2025.05.08-09.51.41:479][538]LogVoxelMeshingProfiling: Display: Scenario name: UEDPIE_0_Map_Grid_Scenario6; Voxel Model memory: 262144
[2025.05.08-09.51.41:479][538]LogVoxelMeshingProfiling: Display: Scenario name: UEDPIE_0_Map_Grid_Scenario6; OpaqueVoxelCount: 251; TransparentVoxelCount: 32517
[2025.05.08-09.51.41:479][538]LogVoxelMeshingProfiling: Display: Scenario name: UEDPIE_0_Map_Grid_Scenario6; Voxel Model memory: 262144
[2025.05.08-09.51.41:479][538]LogVoxelMeshingProfiling: Display: Scenario name: UEDPIE_0_Map_Grid_Scenario6; OpaqueVoxelCount: 251; TransparentVoxelCount: 32517
[2025.05.08-09.51.41:479][538]LogVoxelMeshingProfiling: Display: Scenario name: UEDPIE_0_Map_Grid_Scenario6; Voxel Model memory: 262144
[2025.05.08-09.51.41:479][538]LogVoxelMeshingProfiling: Display: Scenario name: UEDPIE_0_Map_Grid_Scenario6; OpaqueVoxelCount: 251; TransparentVoxelCount: 32517
[2025.05.08-09.51.41:479][538]LogVoxelMeshingProfiling: Display: Scenario name: UEDPIE_0_Map_Grid_Scenario6; Voxel Model memory: 262144
[2025.05.08-09.51.41:480][538]LogVoxelMeshingProfiling: Display: Scenario name: UEDPIE_0_Map_Grid_Scenario6; OpaqueVoxelCount: 251; TransparentVoxelCount: 32517
[2025.05.08-09.51.41:480][538]LogVoxelMeshingProfiling: Display: Scenario name: UEDPIE_0_Map_Grid_Scenario6; Voxel Model memory: 262144
[2025.05.08-09.51.41:480][538]LogVoxelMeshingProfiling: Display: Scenario name: UEDPIE_0_Map_Grid_Scenario6; OpaqueVoxelCount: 251; TransparentVoxelCount: 32517
[2025.05.08-09.51.41:480][538]LogVoxelMeshingProfiling: Display: Scenario name: UEDPIE_0_Map_Grid_Scenario6; Voxel Model memory: 262144
[2025.05.08-09.51.41:480][538]LogVoxelMeshingProfiling: Display: Scenario name: UEDPIE_0_Map_Grid_Scenario6; OpaqueVoxelCount: 251; TransparentVoxelCount: 32517
[2025.05.08-09.51.41:480][538]LogVoxelMeshingProfiling: Display: Scenario name: UEDPIE_0_Map_Grid_Scenario6; Voxel Model memory: 262144
[2025.05.08-09.51.41:480][538]LogVoxelMeshingProfiling: Display: Scenario name: UEDPIE_0_Map_Grid_Scenario6; OpaqueVoxelCount: 251; TransparentVoxelCount: 32517
[2025.05.08-09.51.41:480][538]LogVoxelMeshingProfiling: Display: Scenario name: UEDPIE_0_Map_Grid_Scenario6; Voxel Model memory: 262144
[2025.05.08-09.51.41:480][538]LogVoxelMeshingProfiling: Display: Scenario name: UEDPIE_0_Map_Grid_Scenario6; OpaqueVoxelCount: 251; TransparentVoxelCount: 32517
[2025.05.08-09.51.41:480][538]LogVoxelMeshingProfiling: Display: Scenario name: UEDPIE_0_Map_Grid_Scenario6; Voxel Model memory: 262144
[2025.05.08-09.51.41:480][538]LogVoxelMeshingProfiling: Display: Scenario name: UEDPIE_0_Map_Grid_Scenario6; OpaqueVoxelCount: 251; TransparentVoxelCount: 32517
[2025.05.08-09.51.41:481][538]LogVoxelMeshingProfiling: Display: Scenario name: UEDPIE_0_Map_Grid_Scenario6; Voxel Model memory: 262144
[2025.05.08-09.51.41:481][538]LogVoxelMeshingProfiling: Display: Scenario name: UEDPIE_0_Map_Grid_Scenario6; OpaqueVoxelCount: 251; TransparentVoxelCount: 32517
[2025.05.08-09.51.41:481][538]LogVoxelMeshingProfiling: Display: Scenario name: UEDPIE_0_Map_Grid_Scenario6; Voxel Model memory: 262144
[2025.05.08-09.51.41:481][538]LogVoxelMeshingProfiling: Display: Scenario name: UEDPIE_0_Map_Grid_Scenario6; OpaqueVoxelCount: 251; TransparentVoxelCount: 32517
[2025.05.08-09.51.41:483][538]LogVoxelMeshingProfiling: Display: Scenario name: UEDPIE_0_Map_Grid_Scenario6; Vertices: 456
[2025.05.08-09.51.41:484][538]LogVoxelMeshingProfiling: Display: Scenario name: UEDPIE_0_Map_Grid_Scenario6; Vertices: 456
[2025.05.08-09.51.41:485][538]LogVoxelMeshingProfiling: Display: Scenario name: UEDPIE_0_Map_Grid_Scenario6; Vertices: 456
[2025.05.08-09.51.41:486][538]LogVoxelMeshingProfiling: Display: Scenario name: UEDPIE_0_Map_Grid_Scenario6; Vertices: 456
[2025.05.08-09.51.41:487][538]LogVoxelMeshingProfiling: Display: Scenario name: UEDPIE_0_Map_Grid_Scenario6; Vertices: 456
[2025.05.08-09.51.41:488][538]LogVoxelMeshingProfiling: Display: Scenario name: UEDPIE_0_Map_Grid_Scenario6; Vertices: 456
[2025.05.08-09.51.41:490][538]LogVoxelMeshingProfiling: Display: Scenario name: UEDPIE_0_Map_Grid_Scenario6; Vertices: 456
[2025.05.08-09.51.41:490][538]LogVoxelMeshingProfiling: Display: Scenario name: UEDPIE_0_Map_Grid_Scenario6; Vertices: 456
[2025.05.08-09.51.41:491][538]LogVoxelMeshingProfiling: Display: Scenario name: UEDPIE_0_Map_Grid_Scenario6; Vertices: 456
[2025.05.08-09.51.41:493][538]LogVoxelMeshingProfiling: Display: Scenario name: UEDPIE_0_Map_Grid_Scenario6; Vertices: 456
[2025.05.08-09.51.41:495][538]LogVoxelMeshingProfiling: Display: Scenario name: UEDPIE_0_Map_Grid_Scenario6; Vertices: 456
[2025.05.08-09.51.41:496][538]LogVoxelMeshingProfiling: Display: Scenario name: UEDPIE_0_Map_Grid_Scenario6; Vertices: 456
[2025.05.08-09.51.41:496][538]LogVoxelMeshingProfiling: Display: Scenario name: UEDPIE_0_Map_Grid_Scenario6; Vertices: 456
[2025.05.08-09.51.41:497][538]LogVoxelMeshingProfiling: Display: Scenario name: UEDPIE_0_Map_Grid_Scenario6; Vertices: 456
[2025.05.08-09.51.41:498][538]LogVoxelMeshingProfiling: Display: Scenario name: UEDPIE_0_Map_Grid_Scenario6; Vertices: 456
[2025.05.08-09.51.41:499][538]LogVoxelMeshingProfiling: Display: Scenario name: UEDPIE_0_Map_Grid_Scenario6; Vertices: 456
[2025.05.08-09.51.41:501][538]LogVoxelMeshingProfiling: Display: Scenario name: UEDPIE_0_Map_Grid_Scenario6; Vertices: 456
[2025.05.08-09.51.41:502][538]LogVoxelMeshingProfiling: Display: Scenario name: UEDPIE_0_Map_Grid_Scenario6; Vertices: 456
[2025.05.08-09.51.41:504][538]LogVoxelMeshingProfiling: Display: Scenario name: UEDPIE_0_Map_Grid_Scenario6; Vertices: 456
[2025.05.08-09.51.41:506][538]LogVoxelMeshingProfiling: Display: Scenario name: UEDPIE_0_Map_Grid_Scenario6; Vertices: 456
[2025.05.08-09.51.41:507][538]LogVoxelMeshingProfiling: Display: Scenario name: UEDPIE_0_Map_Grid_Scenario6; Vertices: 456
[2025.05.08-09.51.41:508][538]LogVoxelMeshingProfiling: Display: Scenario name: UEDPIE_0_Map_Grid_Scenario6; Vertices: 456
[2025.05.08-09.51.41:510][538]LogVoxelMeshingProfiling: Display: Scenario name: UEDPIE_0_Map_Grid_Scenario6; Vertices: 456
[2025.05.08-09.51.41:510][538]LogVoxelMeshingProfiling: Display: Scenario name: UEDPIE_0_Map_Grid_Scenario6; Vertices: 456
[2025.05.08-09.51.41:511][538]LogVoxelMeshingProfiling: Display: Scenario name: UEDPIE_0_Map_Grid_Scenario6; Vertices: 456
[2025.05.08-09.51.41:512][538]LogVoxelMeshingProfiling: Display: Scenario name: UEDPIE_0_Map_Grid_Scenario6; Vertices: 456
[2025.05.08-09.51.41:514][538]LogVoxelMeshingProfiling: Display: Scenario name: UEDPIE_0_Map_Grid_Scenario6; Vertices: 456
[2025.05.08-09.51.49:434][ 83]LogVoxelMeshingProfiling: Display: Scenario name: UEDPIE_0_Map_RLE_Scenario6; Voxel Model memory: 1440
[2025.05.08-09.51.49:434][ 83]LogVoxelMeshingProfiling: Display: Scenario name: UEDPIE_0_Map_RLE_Scenario6; Voxel Model memory: 1440
[2025.05.08-09.51.49:434][ 83]LogVoxelMeshingProfiling: Display: Scenario name: UEDPIE_0_Map_RLE_Scenario6; Voxel Model memory: 1440
[2025.05.08-09.51.49:434][ 83]LogVoxelMeshingProfiling: Display: Scenario name: UEDPIE_0_Map_RLE_Scenario6; Voxel Model memory: 1440
[2025.05.08-09.51.49:434][ 83]LogVoxelMeshingProfiling: Display: Scenario name: UEDPIE_0_Map_RLE_Scenario6; Voxel Model memory: 1440
[2025.05.08-09.51.49:434][ 83]LogVoxelMeshingProfiling: Display: Scenario name: UEDPIE_0_Map_RLE_Scenario6; Voxel Model memory: 1440
[2025.05.08-09.51.49:435][ 83]LogVoxelMeshingProfiling: Display: Scenario name: UEDPIE_0_Map_RLE_Scenario6; Voxel Model memory: 1440
[2025.05.08-09.51.49:435][ 83]LogVoxelMeshingProfiling: Display: Scenario name: UEDPIE_0_Map_RLE_Scenario6; Voxel Model memory: 1440
[2025.05.08-09.51.49:435][ 83]LogVoxelMeshingProfiling: Display: Scenario name: UEDPIE_0_Map_RLE_Scenario6; Voxel Model memory: 1440
[2025.05.08-09.51.49:435][ 83]LogVoxelMeshingProfiling: Display: Scenario name: UEDPIE_0_Map_RLE_Scenario6; Voxel Model memory: 1440
[2025.05.08-09.51.49:435][ 83]LogVoxelMeshingProfiling: Display: Scenario name: UEDPIE_0_Map_RLE_Scenario6; Voxel Model memory: 1440
[2025.05.08-09.51.49:435][ 83]LogVoxelMeshingProfiling: Display: Scenario name: UEDPIE_0_Map_RLE_Scenario6; Voxel Model memory: 1440
[2025.05.08-09.51.49:436][ 83]LogVoxelMeshingProfiling: Display: Scenario name: UEDPIE_0_Map_RLE_Scenario6; Voxel Model memory: 1440
[2025.05.08-09.51.49:436][ 83]LogVoxelMeshingProfiling: Display: Scenario name: UEDPIE_0_Map_RLE_Scenario6; Voxel Model memory: 1440
[2025.05.08-09.51.49:436][ 83]LogVoxelMeshingProfiling: Display: Scenario name: UEDPIE_0_Map_RLE_Scenario6; Voxel Model memory: 1440
[2025.05.08-09.51.49:436][ 83]LogVoxelMeshingProfiling: Display: Scenario name: UEDPIE_0_Map_RLE_Scenario6; Voxel Model memory: 1440
[2025.05.08-09.51.49:436][ 83]LogVoxelMeshingProfiling: Display: Scenario name: UEDPIE_0_Map_RLE_Scenario6; Voxel Model memory: 1440
[2025.05.08-09.51.49:436][ 83]LogVoxelMeshingProfiling: Display: Scenario name: UEDPIE_0_Map_RLE_Scenario6; Voxel Model memory: 1440
[2025.05.08-09.51.49:436][ 83]LogVoxelMeshingProfiling: Display: Scenario name: UEDPIE_0_Map_RLE_Scenario6; Voxel Model memory: 1440
[2025.05.08-09.51.49:436][ 83]LogVoxelMeshingProfiling: Display: Scenario name: UEDPIE_0_Map_RLE_Scenario6; Voxel Model memory: 1440
[2025.05.08-09.51.49:436][ 83]LogVoxelMeshingProfiling: Display: Scenario name: UEDPIE_0_Map_RLE_Scenario6; Voxel Model memory: 1440
[2025.05.08-09.51.49:438][ 83]LogVoxelMeshingProfiling: Display: Scenario name: UEDPIE_0_Map_RLE_Scenario6; Voxel Model memory: 1440
[2025.05.08-09.51.49:438][ 83]LogVoxelMeshingProfiling: Display: Scenario name: UEDPIE_0_Map_RLE_Scenario6; Voxel Model memory: 1440
[2025.05.08-09.51.49:438][ 83]LogVoxelMeshingProfiling: Display: Scenario name: UEDPIE_0_Map_RLE_Scenario6; Voxel Model memory: 1440
[2025.05.08-09.51.49:438][ 83]LogVoxelMeshingProfiling: Display: Scenario name: UEDPIE_0_Map_RLE_Scenario6; Voxel Model memory: 1440
[2025.05.08-09.51.49:438][ 83]LogVoxelMeshingProfiling: Display: Scenario name: UEDPIE_0_Map_RLE_Scenario6; Voxel Model memory: 1440
[2025.05.08-09.51.49:438][ 83]LogVoxelMeshingProfiling: Display: Scenario name: UEDPIE_0_Map_RLE_Scenario6; Voxel Model memory: 1440
[2025.05.08-09.51.49:438][ 83]LogVoxelMeshingProfiling: Display: Scenario name: UEDPIE_0_Map_RLE_Scenario6; Vertices: 1080
[2025.05.08-09.51.49:439][ 83]LogVoxelMeshingProfiling: Display: Scenario name: UEDPIE_0_Map_RLE_Scenario6; Vertices: 1080
[2025.05.08-09.51.49:439][ 83]LogVoxelMeshingProfiling: Display: Scenario name: UEDPIE_0_Map_RLE_Scenario6; Vertices: 1080
[2025.05.08-09.51.49:439][ 83]LogVoxelMeshingProfiling: Display: Scenario name: UEDPIE_0_Map_RLE_Scenario6; Vertices: 1080
[2025.05.08-09.51.49:439][ 83]LogVoxelMeshingProfiling: Display: Scenario name: UEDPIE_0_Map_RLE_Scenario6; Vertices: 1080
[2025.05.08-09.51.49:439][ 83]LogVoxelMeshingProfiling: Display: Scenario name: UEDPIE_0_Map_RLE_Scenario6; Vertices: 1080
[2025.05.08-09.51.49:441][ 83]LogVoxelMeshingProfiling: Display: Scenario name: UEDPIE_0_Map_RLE_Scenario6; Vertices: 1080
[2025.05.08-09.51.49:441][ 83]LogVoxelMeshingProfiling: Display: Scenario name: UEDPIE_0_Map_RLE_Scenario6; Vertices: 1080
[2025.05.08-09.51.49:441][ 83]LogVoxelMeshingProfiling: Display: Scenario name: UEDPIE_0_Map_RLE_Scenario6; Vertices: 1080
[2025.05.08-09.51.49:442][ 83]LogVoxelMeshingProfiling: Display: Scenario name: UEDPIE_0_Map_RLE_Scenario6; Vertices: 1080
[2025.05.08-09.51.49:442][ 83]LogVoxelMeshingProfiling: Display: Scenario name: UEDPIE_0_Map_RLE_Scenario6; Vertices: 1080
[2025.05.08-09.51.49:442][ 83]LogVoxelMeshingProfiling: Display: Scenario name: UEDPIE_0_Map_RLE_Scenario6; Vertices: 1080
[2025.05.08-09.51.49:442][ 83]LogVoxelMeshingProfiling: Display: Scenario name: UEDPIE_0_Map_RLE_Scenario6; Vertices: 1080
[2025.05.08-09.51.49:443][ 83]LogVoxelMeshingProfiling: Display: Scenario name: UEDPIE_0_Map_RLE_Scenario6; Vertices: 1080
[2025.05.08-09.51.49:443][ 83]LogVoxelMeshingProfiling: Display: Scenario name: UEDPIE_0_Map_RLE_Scenario6; Vertices: 1080
[2025.05.08-09.51.49:443][ 83]LogVoxelMeshingProfiling: Display: Scenario name: UEDPIE_0_Map_RLE_Scenario6; Vertices: 1080
[2025.05.08-09.51.49:443][ 83]LogVoxelMeshingProfiling: Display: Scenario name: UEDPIE_0_Map_RLE_Scenario6; Vertices: 1080
[2025.05.08-09.51.49:444][ 83]LogVoxelMeshingProfiling: Display: Scenario name: UEDPIE_0_Map_RLE_Scenario6; Vertices: 1080
[2025.05.08-09.51.49:444][ 83]LogVoxelMeshingProfiling: Display: Scenario name: UEDPIE_0_Map_RLE_Scenario6; Vertices: 1080
[2025.05.08-09.51.49:444][ 83]LogVoxelMeshingProfiling: Display: Scenario name: UEDPIE_0_Map_RLE_Scenario6; Vertices: 1080
[2025.05.08-09.51.49:445][ 83]LogVoxelMeshingProfiling: Display: Scenario name: UEDPIE_0_Map_RLE_Scenario6; Vertices: 1080
[2025.05.08-09.51.49:445][ 83]LogVoxelMeshingProfiling: Display: Scenario name: UEDPIE_0_Map_RLE_Scenario6; Vertices: 1080
[2025.05.08-09.51.49:445][ 83]LogVoxelMeshingProfiling: Display: Scenario name: UEDPIE_0_Map_RLE_Scenario6; Vertices: 1080
[2025.05.08-09.51.49:446][ 83]LogVoxelMeshingProfiling: Display: Scenario name: UEDPIE_0_Map_RLE_Scenario6; Vertices: 1080
[2025.05.08-09.51.49:446][ 83]LogVoxelMeshingProfiling: Display: Scenario name: UEDPIE_0_Map_RLE_Scenario6; Vertices: 1080
[2025.05.08-09.51.49:446][ 83]LogVoxelMeshingProfiling: Display: Scenario name: UEDPIE_0_Map_RLE_Scenario6; Vertices: 1080
[2025.05.08-09.51.49:446][ 83]LogVoxelMeshingProfiling: Display: Scenario name: UEDPIE_0_Map_RLE_Scenario6; Vertices: 1080
[2025.05.08-09.52.01:885][561]LogVoxelMeshingProfiling: Display: Scenario name: UEDPIE_0_Map_VoxelPlugin_Scenario6; Voxel Model memory: 262144
[2025.05.08-09.52.01:885][561]LogVoxelMeshingProfiling: Display: Scenario name: UEDPIE_0_Map_VoxelPlugin_Scenario6; OpaqueVoxelCount: 251; TransparentVoxelCount: 32517
[2025.05.08-09.52.01:885][561]LogVoxelMeshingProfiling: Display: Scenario name: UEDPIE_0_Map_VoxelPlugin_Scenario6; Voxel Model memory: 262144
[2025.05.08-09.52.01:885][561]LogVoxelMeshingProfiling: Display: Scenario name: UEDPIE_0_Map_VoxelPlugin_Scenario6; OpaqueVoxelCount: 251; TransparentVoxelCount: 32517
[2025.05.08-09.52.01:885][561]LogVoxelMeshingProfiling: Display: Scenario name: UEDPIE_0_Map_VoxelPlugin_Scenario6; Voxel Model memory: 262144
[2025.05.08-09.52.01:885][561]LogVoxelMeshingProfiling: Display: Scenario name: UEDPIE_0_Map_VoxelPlugin_Scenario6; OpaqueVoxelCount: 251; TransparentVoxelCount: 32517
[2025.05.08-09.52.01:885][561]LogVoxelMeshingProfiling: Display: Scenario name: UEDPIE_0_Map_VoxelPlugin_Scenario6; Voxel Model memory: 262144
[2025.05.08-09.52.01:885][561]LogVoxelMeshingProfiling: Display: Scenario name: UEDPIE_0_Map_VoxelPlugin_Scenario6; OpaqueVoxelCount: 251; TransparentVoxelCount: 32517
[2025.05.08-09.52.01:885][561]LogVoxelMeshingProfiling: Display: Scenario name: UEDPIE_0_Map_VoxelPlugin_Scenario6; Voxel Model memory: 262144
[2025.05.08-09.52.01:885][561]LogVoxelMeshingProfiling: Display: Scenario name: UEDPIE_0_Map_VoxelPlugin_Scenario6; OpaqueVoxelCount: 251; TransparentVoxelCount: 32517
[2025.05.08-09.52.01:885][561]LogVoxelMeshingProfiling: Display: Scenario name: UEDPIE_0_Map_VoxelPlugin_Scenario6; Voxel Model memory: 262144
[2025.05.08-09.52.01:885][561]LogVoxelMeshingProfiling: Display: Scenario name: UEDPIE_0_Map_VoxelPlugin_Scenario6; OpaqueVoxelCount: 251; TransparentVoxelCount: 32517
[2025.05.08-09.52.01:885][561]LogVoxelMeshingProfiling: Display: Scenario name: UEDPIE_0_Map_VoxelPlugin_Scenario6; Voxel Model memory: 262144
[2025.05.08-09.52.01:885][561]LogVoxelMeshingProfiling: Display: Scenario name: UEDPIE_0_Map_VoxelPlugin_Scenario6; OpaqueVoxelCount: 251; TransparentVoxelCount: 32517
[2025.05.08-09.52.01:886][561]LogVoxelMeshingProfiling: Display: Scenario name: UEDPIE_0_Map_VoxelPlugin_Scenario6; Voxel Model memory: 262144
[2025.05.08-09.52.01:886][561]LogVoxelMeshingProfiling: Display: Scenario name: UEDPIE_0_Map_VoxelPlugin_Scenario6; OpaqueVoxelCount: 251; TransparentVoxelCount: 32517
[2025.05.08-09.52.01:886][561]LogVoxelMeshingProfiling: Display: Scenario name: UEDPIE_0_Map_VoxelPlugin_Scenario6; Voxel Model memory: 262144
[2025.05.08-09.52.01:886][561]LogVoxelMeshingProfiling: Display: Scenario name: UEDPIE_0_Map_VoxelPlugin_Scenario6; OpaqueVoxelCount: 251; TransparentVoxelCount: 32517
[2025.05.08-09.52.01:886][561]LogVoxelMeshingProfiling: Display: Scenario name: UEDPIE_0_Map_VoxelPlugin_Scenario6; Voxel Model memory: 262144
[2025.05.08-09.52.01:886][561]LogVoxelMeshingProfiling: Display: Scenario name: UEDPIE_0_Map_VoxelPlugin_Scenario6; OpaqueVoxelCount: 251; TransparentVoxelCount: 32517
[2025.05.08-09.52.01:886][561]LogVoxelMeshingProfiling: Display: Scenario name: UEDPIE_0_Map_VoxelPlugin_Scenario6; Voxel Model memory: 262144
[2025.05.08-09.52.01:886][561]LogVoxelMeshingProfiling: Display: Scenario name: UEDPIE_0_Map_VoxelPlugin_Scenario6; OpaqueVoxelCount: 251; TransparentVoxelCount: 32517
[2025.05.08-09.52.01:886][561]LogVoxelMeshingProfiling: Display: Scenario name: UEDPIE_0_Map_VoxelPlugin_Scenario6; Voxel Model memory: 262144
[2025.05.08-09.52.01:886][561]LogVoxelMeshingProfiling: Display: Scenario name: UEDPIE_0_Map_VoxelPlugin_Scenario6; OpaqueVoxelCount: 251; TransparentVoxelCount: 32517
[2025.05.08-09.52.01:886][561]LogVoxelMeshingProfiling: Display: Scenario name: UEDPIE_0_Map_VoxelPlugin_Scenario6; Voxel Model memory: 262144
[2025.05.08-09.52.01:886][561]LogVoxelMeshingProfiling: Display: Scenario name: UEDPIE_0_Map_VoxelPlugin_Scenario6; OpaqueVoxelCount: 251; TransparentVoxelCount: 32517
[2025.05.08-09.52.01:886][561]LogVoxelMeshingProfiling: Display: Scenario name: UEDPIE_0_Map_VoxelPlugin_Scenario6; Voxel Model memory: 262144
[2025.05.08-09.52.01:886][561]LogVoxelMeshingProfiling: Display: Scenario name: UEDPIE_0_Map_VoxelPlugin_Scenario6; OpaqueVoxelCount: 251; TransparentVoxelCount: 32517
[2025.05.08-09.52.01:887][561]LogVoxelMeshingProfiling: Display: Scenario name: UEDPIE_0_Map_VoxelPlugin_Scenario6; Voxel Model memory: 262144
[2025.05.08-09.52.01:887][561]LogVoxelMeshingProfiling: Display: Scenario name: UEDPIE_0_Map_VoxelPlugin_Scenario6; Voxel Model memory: 262144
[2025.05.08-09.52.01:887][561]LogVoxelMeshingProfiling: Display: Scenario name: UEDPIE_0_Map_VoxelPlugin_Scenario6; OpaqueVoxelCount: 251; TransparentVoxelCount: 32517
[2025.05.08-09.52.01:887][561]LogVoxelMeshingProfiling: Display: Scenario name: UEDPIE_0_Map_VoxelPlugin_Scenario6; OpaqueVoxelCount: 251; TransparentVoxelCount: 32517
[2025.05.08-09.52.01:887][561]LogVoxelMeshingProfiling: Display: Scenario name: UEDPIE_0_Map_VoxelPlugin_Scenario6; Voxel Model memory: 262144
[2025.05.08-09.52.01:887][561]LogVoxelMeshingProfiling: Display: Scenario name: UEDPIE_0_Map_VoxelPlugin_Scenario6; OpaqueVoxelCount: 251; TransparentVoxelCount: 32517
[2025.05.08-09.52.01:887][561]LogVoxelMeshingProfiling: Display: Scenario name: UEDPIE_0_Map_VoxelPlugin_Scenario6; Voxel Model memory: 262144
[2025.05.08-09.52.01:887][561]LogVoxelMeshingProfiling: Display: Scenario name: UEDPIE_0_Map_VoxelPlugin_Scenario6; OpaqueVoxelCount: 251; TransparentVoxelCount: 32517
[2025.05.08-09.52.01:887][561]LogVoxelMeshingProfiling: Display: Scenario name: UEDPIE_0_Map_VoxelPlugin_Scenario6; Voxel Model memory: 262144
[2025.05.08-09.52.01:887][561]LogVoxelMeshingProfiling: Display: Scenario name: UEDPIE_0_Map_VoxelPlugin_Scenario6; Voxel Model memory: 262144
[2025.05.08-09.52.01:887][561]LogVoxelMeshingProfiling: Display: Scenario name: UEDPIE_0_Map_VoxelPlugin_Scenario6; OpaqueVoxelCount: 251; TransparentVoxelCount: 32517
[2025.05.08-09.52.01:887][561]LogVoxelMeshingProfiling: Display: Scenario name: UEDPIE_0_Map_VoxelPlugin_Scenario6; OpaqueVoxelCount: 251; TransparentVoxelCount: 32517
[2025.05.08-09.52.01:887][561]LogVoxelMeshingProfiling: Display: Scenario name: UEDPIE_0_Map_VoxelPlugin_Scenario6; Voxel Model memory: 262144
[2025.05.08-09.52.01:887][561]LogVoxelMeshingProfiling: Display: Scenario name: UEDPIE_0_Map_VoxelPlugin_Scenario6; OpaqueVoxelCount: 251; TransparentVoxelCount: 32517
[2025.05.08-09.52.01:887][561]LogVoxelMeshingProfiling: Display: Scenario name: UEDPIE_0_Map_VoxelPlugin_Scenario6; Voxel Model memory: 262144
[2025.05.08-09.52.01:887][561]LogVoxelMeshingProfiling: Display: Scenario name: UEDPIE_0_Map_VoxelPlugin_Scenario6; OpaqueVoxelCount: 251; TransparentVoxelCount: 32517
[2025.05.08-09.52.01:887][561]LogVoxelMeshingProfiling: Display: Scenario name: UEDPIE_0_Map_VoxelPlugin_Scenario6; Voxel Model memory: 262144
[2025.05.08-09.52.01:887][561]LogVoxelMeshingProfiling: Display: Scenario name: UEDPIE_0_Map_VoxelPlugin_Scenario6; OpaqueVoxelCount: 251; TransparentVoxelCount: 32517
[2025.05.08-09.52.01:887][561]LogVoxelMeshingProfiling: Display: Scenario name: UEDPIE_0_Map_VoxelPlugin_Scenario6; Voxel Model memory: 262144
[2025.05.08-09.52.01:887][561]LogVoxelMeshingProfiling: Display: Scenario name: UEDPIE_0_Map_VoxelPlugin_Scenario6; OpaqueVoxelCount: 251; TransparentVoxelCount: 32517
[2025.05.08-09.52.01:888][561]LogVoxelMeshingProfiling: Display: Scenario name: UEDPIE_0_Map_VoxelPlugin_Scenario6; Voxel Model memory: 262144
[2025.05.08-09.52.01:888][561]LogVoxelMeshingProfiling: Display: Scenario name: UEDPIE_0_Map_VoxelPlugin_Scenario6; OpaqueVoxelCount: 251; TransparentVoxelCount: 32517
[2025.05.08-09.52.01:888][561]LogVoxelMeshingProfiling: Display: Scenario name: UEDPIE_0_Map_VoxelPlugin_Scenario6; Voxel Model memory: 262144
[2025.05.08-09.52.01:888][561]LogVoxelMeshingProfiling: Display: Scenario name: UEDPIE_0_Map_VoxelPlugin_Scenario6; OpaqueVoxelCount: 251; TransparentVoxelCount: 32517
[2025.05.08-09.52.01:888][561]LogVoxelMeshingProfiling: Display: Scenario name: UEDPIE_0_Map_VoxelPlugin_Scenario6; Voxel Model memory: 262144
[2025.05.08-09.52.01:888][561]LogVoxelMeshingProfiling: Display: Scenario name: UEDPIE_0_Map_VoxelPlugin_Scenario6; OpaqueVoxelCount: 251; TransparentVoxelCount: 32517
[2025.05.08-09.52.01:927][562]LogVoxelMeshingProfiling: Display: Scenario name: Map_VoxelPlugin_Scenario6; Vertices: 1080
[2025.05.08-09.52.01:930][562]LogVoxelMeshingProfiling: Display: Scenario name: Map_VoxelPlugin_Scenario6; Vertices: 1080
[2025.05.08-09.52.01:934][562]LogVoxelMeshingProfiling: Display: Scenario name: Map_VoxelPlugin_Scenario6; Vertices: 1080
[2025.05.08-09.52.01:935][562]LogVoxelMeshingProfiling: Display: Scenario name: Map_VoxelPlugin_Scenario6; Vertices: 1080
[2025.05.08-09.52.01:939][562]LogVoxelMeshingProfiling: Display: Scenario name: Map_VoxelPlugin_Scenario6; Vertices: 1080
[2025.05.08-09.52.01:940][562]LogVoxelMeshingProfiling: Display: Scenario name: Map_VoxelPlugin_Scenario6; Vertices: 1080
[2025.05.08-09.52.01:944][562]LogVoxelMeshingProfiling: Display: Scenario name: Map_VoxelPlugin_Scenario6; Vertices: 1080
[2025.05.08-09.52.01:948][562]LogVoxelMeshingProfiling: Display: Scenario name: Map_VoxelPlugin_Scenario6; Vertices: 1080
[2025.05.08-09.52.01:955][562]LogVoxelMeshingProfiling: Display: Scenario name: Map_VoxelPlugin_Scenario6; Vertices: 1080
[2025.05.08-09.52.01:958][562]LogVoxelMeshingProfiling: Display: Scenario name: Map_VoxelPlugin_Scenario6; Vertices: 1080
[2025.05.08-09.52.01:962][562]LogVoxelMeshingProfiling: Display: Scenario name: Map_VoxelPlugin_Scenario6; Vertices: 1080
[2025.05.08-09.52.01:966][562]LogVoxelMeshingProfiling: Display: Scenario name: Map_VoxelPlugin_Scenario6; Vertices: 1080
[2025.05.08-09.52.01:966][562]LogVoxelMeshingProfiling: Display: Scenario name: Map_VoxelPlugin_Scenario6; Vertices: 1080
[2025.05.08-09.52.01:972][562]LogVoxelMeshingProfiling: Display: Scenario name: Map_VoxelPlugin_Scenario6; Vertices: 1080
[2025.05.08-09.52.01:974][562]LogVoxelMeshingProfiling: Display: Scenario name: Map_VoxelPlugin_Scenario6; Vertices: 1080
[2025.05.08-09.52.01:984][562]LogVoxelMeshingProfiling: Display: Scenario name: Map_VoxelPlugin_Scenario6; Vertices: 1080
[2025.05.08-09.52.01:986][562]LogVoxelMeshingProfiling: Display: Scenario name: Map_VoxelPlugin_Scenario6; Vertices: 1080
[2025.05.08-09.52.01:990][562]LogVoxelMeshingProfiling: Display: Scenario name: Map_VoxelPlugin_Scenario6; Vertices: 1080
[2025.05.08-09.52.02:035][562]LogVoxelMeshingProfiling: Display: Scenario name: Map_VoxelPlugin_Scenario6; Vertices: 1080
[2025.05.08-09.52.02:037][562]LogVoxelMeshingProfiling: Display: Scenario name: Map_VoxelPlugin_Scenario6; Vertices: 1080
[2025.05.08-09.52.02:040][562]LogVoxelMeshingProfiling: Display: Scenario name: Map_VoxelPlugin_Scenario6; Vertices: 1080
[2025.05.08-09.52.02:042][562]LogVoxelMeshingProfiling: Display: Scenario name: Map_VoxelPlugin_Scenario6; Vertices: 1080
[2025.05.08-09.52.02:048][562]LogVoxelMeshingProfiling: Display: Scenario name: Map_VoxelPlugin_Scenario6; Vertices: 1080
[2025.05.08-09.52.02:051][562]LogVoxelMeshingProfiling: Display: Scenario name: Map_VoxelPlugin_Scenario6; Vertices: 1080
[2025.05.08-09.52.02:055][562]LogVoxelMeshingProfiling: Display: Scenario name: Map_VoxelPlugin_Scenario6; Vertices: 1080
[2025.05.08-09.52.02:057][562]LogVoxelMeshingProfiling: Display: Scenario name: Map_VoxelPlugin_Scenario6; Vertices: 1080
[2025.05.08-09.52.02:060][562]LogVoxelMeshingProfiling: Display: Scenario name: Map_VoxelPlugin_Scenario6; Vertices: 1080
