[2025.05.08-09.59.35:052][574]LogVoxelMeshingProfiling: Display: Scenario name: UEDPIE_0_Map_Grid_Scenario7; Voxel Model memory: 262144
[2025.05.08-09.59.35:052][574]LogVoxelMeshingProfiling: Display: Scenario name: UEDPIE_0_Map_Grid_Scenario7; OpaqueVoxelCount: 2103; TransparentVoxelCount: 30665
[2025.05.08-09.59.35:053][574]LogVoxelMeshingProfiling: Display: Scenario name: UEDPIE_0_Map_Grid_Scenario7; Voxel Model memory: 262144
[2025.05.08-09.59.35:053][574]LogVoxelMeshingProfiling: Display: Scenario name: UEDPIE_0_Map_Grid_Scenario7; OpaqueVoxelCount: 2103; TransparentVoxelCount: 30665
[2025.05.08-09.59.35:053][574]LogVoxelMeshingProfiling: Display: Scenario name: UEDPIE_0_Map_Grid_Scenario7; Voxel Model memory: 262144
[2025.05.08-09.59.35:053][574]LogVoxelMeshingProfiling: Display: Scenario name: UEDPIE_0_Map_Grid_Scenario7; OpaqueVoxelCount: 2103; TransparentVoxelCount: 30665
[2025.05.08-09.59.35:053][574]LogVoxelMeshingProfiling: Display: Scenario name: UEDPIE_0_Map_Grid_Scenario7; Voxel Model memory: 262144
[2025.05.08-09.59.35:053][574]LogVoxelMeshingProfiling: Display: Scenario name: UEDPIE_0_Map_Grid_Scenario7; OpaqueVoxelCount: 2103; TransparentVoxelCount: 30665
[2025.05.08-09.59.35:053][574]LogVoxelMeshingProfiling: Display: Scenario name: UEDPIE_0_Map_Grid_Scenario7; Voxel Model memory: 262144
[2025.05.08-09.59.35:053][574]LogVoxelMeshingProfiling: Display: Scenario name: UEDPIE_0_Map_Grid_Scenario7; OpaqueVoxelCount: 2103; TransparentVoxelCount: 30665
[2025.05.08-09.59.35:053][574]LogVoxelMeshingProfiling: Display: Scenario name: UEDPIE_0_Map_Grid_Scenario7; Voxel Model memory: 262144
[2025.05.08-09.59.35:054][574]LogVoxelMeshingProfiling: Display: Scenario name: UEDPIE_0_Map_Grid_Scenario7; OpaqueVoxelCount: 2103; TransparentVoxelCount: 30665
[2025.05.08-09.59.35:054][574]LogVoxelMeshingProfiling: Display: Scenario name: UEDPIE_0_Map_Grid_Scenario7; Voxel Model memory: 262144
[2025.05.08-09.59.35:054][574]LogVoxelMeshingProfiling: Display: Scenario name: UEDPIE_0_Map_Grid_Scenario7; OpaqueVoxelCount: 2103; TransparentVoxelCount: 30665
[2025.05.08-09.59.35:055][574]LogVoxelMeshingProfiling: Display: Scenario name: UEDPIE_0_Map_Grid_Scenario7; Voxel Model memory: 262144
[2025.05.08-09.59.35:055][574]LogVoxelMeshingProfiling: Display: Scenario name: UEDPIE_0_Map_Grid_Scenario7; Voxel Model memory: 262144
[2025.05.08-09.59.35:055][574]LogVoxelMeshingProfiling: Display: Scenario name: UEDPIE_0_Map_Grid_Scenario7; OpaqueVoxelCount: 2103; TransparentVoxelCount: 30665
[2025.05.08-09.59.35:055][574]LogVoxelMeshingProfiling: Display: Scenario name: UEDPIE_0_Map_Grid_Scenario7; OpaqueVoxelCount: 2103; TransparentVoxelCount: 30665
[2025.05.08-09.59.35:055][574]LogVoxelMeshingProfiling: Display: Scenario name: UEDPIE_0_Map_Grid_Scenario7; Voxel Model memory: 262144
[2025.05.08-09.59.35:055][574]LogVoxelMeshingProfiling: Display: Scenario name: UEDPIE_0_Map_Grid_Scenario7; OpaqueVoxelCount: 2103; TransparentVoxelCount: 30665
[2025.05.08-09.59.35:055][574]LogVoxelMeshingProfiling: Display: Scenario name: UEDPIE_0_Map_Grid_Scenario7; Voxel Model memory: 262144
[2025.05.08-09.59.35:055][574]LogVoxelMeshingProfiling: Display: Scenario name: UEDPIE_0_Map_Grid_Scenario7; OpaqueVoxelCount: 2103; TransparentVoxelCount: 30665
[2025.05.08-09.59.35:055][574]LogVoxelMeshingProfiling: Display: Scenario name: UEDPIE_0_Map_Grid_Scenario7; Voxel Model memory: 262144
[2025.05.08-09.59.35:055][574]LogVoxelMeshingProfiling: Display: Scenario name: UEDPIE_0_Map_Grid_Scenario7; OpaqueVoxelCount: 2103; TransparentVoxelCount: 30665
[2025.05.08-09.59.35:055][574]LogVoxelMeshingProfiling: Display: Scenario name: UEDPIE_0_Map_Grid_Scenario7; Voxel Model memory: 262144
[2025.05.08-09.59.35:055][574]LogVoxelMeshingProfiling: Display: Scenario name: UEDPIE_0_Map_Grid_Scenario7; OpaqueVoxelCount: 2103; TransparentVoxelCount: 30665
[2025.05.08-09.59.35:056][574]LogVoxelMeshingProfiling: Display: Scenario name: UEDPIE_0_Map_Grid_Scenario7; Voxel Model memory: 262144
[2025.05.08-09.59.35:056][574]LogVoxelMeshingProfiling: Display: Scenario name: UEDPIE_0_Map_Grid_Scenario7; OpaqueVoxelCount: 2103; TransparentVoxelCount: 30665
[2025.05.08-09.59.35:056][574]LogVoxelMeshingProfiling: Display: Scenario name: UEDPIE_0_Map_Grid_Scenario7; Voxel Model memory: 262144
[2025.05.08-09.59.35:056][574]LogVoxelMeshingProfiling: Display: Scenario name: UEDPIE_0_Map_Grid_Scenario7; Voxel Model memory: 262144
[2025.05.08-09.59.35:056][574]LogVoxelMeshingProfiling: Display: Scenario name: UEDPIE_0_Map_Grid_Scenario7; OpaqueVoxelCount: 2103; TransparentVoxelCount: 30665
[2025.05.08-09.59.35:056][574]LogVoxelMeshingProfiling: Display: Scenario name: UEDPIE_0_Map_Grid_Scenario7; OpaqueVoxelCount: 2103; TransparentVoxelCount: 30665
[2025.05.08-09.59.35:056][574]LogVoxelMeshingProfiling: Display: Scenario name: UEDPIE_0_Map_Grid_Scenario7; Voxel Model memory: 262144
[2025.05.08-09.59.35:056][574]LogVoxelMeshingProfiling: Display: Scenario name: UEDPIE_0_Map_Grid_Scenario7; OpaqueVoxelCount: 2103; TransparentVoxelCount: 30665
[2025.05.08-09.59.35:056][574]LogVoxelMeshingProfiling: Display: Scenario name: UEDPIE_0_Map_Grid_Scenario7; Voxel Model memory: 262144
[2025.05.08-09.59.35:056][574]LogVoxelMeshingProfiling: Display: Scenario name: UEDPIE_0_Map_Grid_Scenario7; OpaqueVoxelCount: 2103; TransparentVoxelCount: 30665
[2025.05.08-09.59.35:057][574]LogVoxelMeshingProfiling: Display: Scenario name: UEDPIE_0_Map_Grid_Scenario7; Voxel Model memory: 262144
[2025.05.08-09.59.35:057][574]LogVoxelMeshingProfiling: Display: Scenario name: UEDPIE_0_Map_Grid_Scenario7; Voxel Model memory: 262144
[2025.05.08-09.59.35:057][574]LogVoxelMeshingProfiling: Display: Scenario name: UEDPIE_0_Map_Grid_Scenario7; OpaqueVoxelCount: 2103; TransparentVoxelCount: 30665
[2025.05.08-09.59.35:057][574]LogVoxelMeshingProfiling: Display: Scenario name: UEDPIE_0_Map_Grid_Scenario7; OpaqueVoxelCount: 2103; TransparentVoxelCount: 30665
[2025.05.08-09.59.35:057][574]LogVoxelMeshingProfiling: Display: Scenario name: UEDPIE_0_Map_Grid_Scenario7; Voxel Model memory: 262144
[2025.05.08-09.59.35:057][574]LogVoxelMeshingProfiling: Display: Scenario name: UEDPIE_0_Map_Grid_Scenario7; OpaqueVoxelCount: 2103; TransparentVoxelCount: 30665
[2025.05.08-09.59.35:057][574]LogVoxelMeshingProfiling: Display: Scenario name: UEDPIE_0_Map_Grid_Scenario7; Voxel Model memory: 262144
[2025.05.08-09.59.35:058][574]LogVoxelMeshingProfiling: Display: Scenario name: UEDPIE_0_Map_Grid_Scenario7; OpaqueVoxelCount: 2103; TransparentVoxelCount: 30665
[2025.05.08-09.59.35:058][574]LogVoxelMeshingProfiling: Display: Scenario name: UEDPIE_0_Map_Grid_Scenario7; Voxel Model memory: 262144
[2025.05.08-09.59.35:058][574]LogVoxelMeshingProfiling: Display: Scenario name: UEDPIE_0_Map_Grid_Scenario7; OpaqueVoxelCount: 2103; TransparentVoxelCount: 30665
[2025.05.08-09.59.35:058][574]LogVoxelMeshingProfiling: Display: Scenario name: UEDPIE_0_Map_Grid_Scenario7; Voxel Model memory: 262144
[2025.05.08-09.59.35:058][574]LogVoxelMeshingProfiling: Display: Scenario name: UEDPIE_0_Map_Grid_Scenario7; OpaqueVoxelCount: 2103; TransparentVoxelCount: 30665
[2025.05.08-09.59.35:058][574]LogVoxelMeshingProfiling: Display: Scenario name: UEDPIE_0_Map_Grid_Scenario7; Voxel Model memory: 262144
[2025.05.08-09.59.35:058][574]LogVoxelMeshingProfiling: Display: Scenario name: UEDPIE_0_Map_Grid_Scenario7; OpaqueVoxelCount: 2103; TransparentVoxelCount: 30665
[2025.05.08-09.59.35:058][574]LogVoxelMeshingProfiling: Display: Scenario name: UEDPIE_0_Map_Grid_Scenario7; Voxel Model memory: 262144
[2025.05.08-09.59.35:058][574]LogVoxelMeshingProfiling: Display: Scenario name: UEDPIE_0_Map_Grid_Scenario7; OpaqueVoxelCount: 2103; TransparentVoxelCount: 30665
[2025.05.08-09.59.35:058][574]LogVoxelMeshingProfiling: Display: Scenario name: UEDPIE_0_Map_Grid_Scenario7; Voxel Model memory: 262144
[2025.05.08-09.59.35:058][574]LogVoxelMeshingProfiling: Display: Scenario name: UEDPIE_0_Map_Grid_Scenario7; OpaqueVoxelCount: 2103; TransparentVoxelCount: 30665
[2025.05.08-09.59.35:061][574]LogVoxelMeshingProfiling: Display: Scenario name: UEDPIE_0_Map_Grid_Scenario7; Vertices: 1944
[2025.05.08-09.59.35:063][574]LogVoxelMeshingProfiling: Display: Scenario name: UEDPIE_0_Map_Grid_Scenario7; Vertices: 1944
[2025.05.08-09.59.35:065][574]LogVoxelMeshingProfiling: Display: Scenario name: UEDPIE_0_Map_Grid_Scenario7; Vertices: 1944
[2025.05.08-09.59.35:066][574]LogVoxelMeshingProfiling: Display: Scenario name: UEDPIE_0_Map_Grid_Scenario7; Vertices: 1944
[2025.05.08-09.59.35:068][574]LogVoxelMeshingProfiling: Display: Scenario name: UEDPIE_0_Map_Grid_Scenario7; Vertices: 1944
[2025.05.08-09.59.35:069][574]LogVoxelMeshingProfiling: Display: Scenario name: UEDPIE_0_Map_Grid_Scenario7; Vertices: 1944
[2025.05.08-09.59.35:070][574]LogVoxelMeshingProfiling: Display: Scenario name: UEDPIE_0_Map_Grid_Scenario7; Vertices: 1944
[2025.05.08-09.59.35:073][574]LogVoxelMeshingProfiling: Display: Scenario name: UEDPIE_0_Map_Grid_Scenario7; Vertices: 1944
[2025.05.08-09.59.35:074][574]LogVoxelMeshingProfiling: Display: Scenario name: UEDPIE_0_Map_Grid_Scenario7; Vertices: 1944
[2025.05.08-09.59.35:075][574]LogVoxelMeshingProfiling: Display: Scenario name: UEDPIE_0_Map_Grid_Scenario7; Vertices: 1944
[2025.05.08-09.59.35:077][574]LogVoxelMeshingProfiling: Display: Scenario name: UEDPIE_0_Map_Grid_Scenario7; Vertices: 1944
[2025.05.08-09.59.35:078][574]LogVoxelMeshingProfiling: Display: Scenario name: UEDPIE_0_Map_Grid_Scenario7; Vertices: 1944
[2025.05.08-09.59.35:080][574]LogVoxelMeshingProfiling: Display: Scenario name: UEDPIE_0_Map_Grid_Scenario7; Vertices: 1944
[2025.05.08-09.59.35:081][574]LogVoxelMeshingProfiling: Display: Scenario name: UEDPIE_0_Map_Grid_Scenario7; Vertices: 1944
[2025.05.08-09.59.35:083][574]LogVoxelMeshingProfiling: Display: Scenario name: UEDPIE_0_Map_Grid_Scenario7; Vertices: 1944
[2025.05.08-09.59.35:085][574]LogVoxelMeshingProfiling: Display: Scenario name: UEDPIE_0_Map_Grid_Scenario7; Vertices: 1944
[2025.05.08-09.59.35:086][574]LogVoxelMeshingProfiling: Display: Scenario name: UEDPIE_0_Map_Grid_Scenario7; Vertices: 1944
[2025.05.08-09.59.35:088][574]LogVoxelMeshingProfiling: Display: Scenario name: UEDPIE_0_Map_Grid_Scenario7; Vertices: 1944
[2025.05.08-09.59.35:090][574]LogVoxelMeshingProfiling: Display: Scenario name: UEDPIE_0_Map_Grid_Scenario7; Vertices: 1944
[2025.05.08-09.59.35:091][574]LogVoxelMeshingProfiling: Display: Scenario name: UEDPIE_0_Map_Grid_Scenario7; Vertices: 1944
[2025.05.08-09.59.35:092][574]LogVoxelMeshingProfiling: Display: Scenario name: UEDPIE_0_Map_Grid_Scenario7; Vertices: 1944
[2025.05.08-09.59.35:095][574]LogVoxelMeshingProfiling: Display: Scenario name: UEDPIE_0_Map_Grid_Scenario7; Vertices: 1944
[2025.05.08-09.59.35:096][574]LogVoxelMeshingProfiling: Display: Scenario name: UEDPIE_0_Map_Grid_Scenario7; Vertices: 1944
[2025.05.08-09.59.35:098][574]LogVoxelMeshingProfiling: Display: Scenario name: UEDPIE_0_Map_Grid_Scenario7; Vertices: 1944
[2025.05.08-09.59.35:100][574]LogVoxelMeshingProfiling: Display: Scenario name: UEDPIE_0_Map_Grid_Scenario7; Vertices: 1944
[2025.05.08-09.59.35:102][574]LogVoxelMeshingProfiling: Display: Scenario name: UEDPIE_0_Map_Grid_Scenario7; Vertices: 1944
[2025.05.08-09.59.35:103][574]LogVoxelMeshingProfiling: Display: Scenario name: UEDPIE_0_Map_Grid_Scenario7; Vertices: 1944
[2025.05.08-09.59.42:829][ 75]LogVoxelMeshingProfiling: Display: Scenario name: UEDPIE_0_Map_RLE_Scenario7; Voxel Model memory: 6540
[2025.05.08-09.59.42:830][ 75]LogVoxelMeshingProfiling: Display: Scenario name: UEDPIE_0_Map_RLE_Scenario7; Voxel Model memory: 6540
[2025.05.08-09.59.42:830][ 75]LogVoxelMeshingProfiling: Display: Scenario name: UEDPIE_0_Map_RLE_Scenario7; Voxel Model memory: 6540
[2025.05.08-09.59.42:830][ 75]LogVoxelMeshingProfiling: Display: Scenario name: UEDPIE_0_Map_RLE_Scenario7; Voxel Model memory: 6540
[2025.05.08-09.59.42:830][ 75]LogVoxelMeshingProfiling: Display: Scenario name: UEDPIE_0_Map_RLE_Scenario7; Voxel Model memory: 6540
[2025.05.08-09.59.42:830][ 75]LogVoxelMeshingProfiling: Display: Scenario name: UEDPIE_0_Map_RLE_Scenario7; Voxel Model memory: 6540
[2025.05.08-09.59.42:830][ 75]LogVoxelMeshingProfiling: Display: Scenario name: UEDPIE_0_Map_RLE_Scenario7; Voxel Model memory: 6540
[2025.05.08-09.59.42:831][ 75]LogVoxelMeshingProfiling: Display: Scenario name: UEDPIE_0_Map_RLE_Scenario7; Voxel Model memory: 6540
[2025.05.08-09.59.42:831][ 75]LogVoxelMeshingProfiling: Display: Scenario name: UEDPIE_0_Map_RLE_Scenario7; Voxel Model memory: 6540
[2025.05.08-09.59.42:831][ 75]LogVoxelMeshingProfiling: Display: Scenario name: UEDPIE_0_Map_RLE_Scenario7; Voxel Model memory: 6540
[2025.05.08-09.59.42:831][ 75]LogVoxelMeshingProfiling: Display: Scenario name: UEDPIE_0_Map_RLE_Scenario7; Voxel Model memory: 6540
[2025.05.08-09.59.42:831][ 75]LogVoxelMeshingProfiling: Display: Scenario name: UEDPIE_0_Map_RLE_Scenario7; Voxel Model memory: 6540
[2025.05.08-09.59.42:833][ 75]LogVoxelMeshingProfiling: Display: Scenario name: UEDPIE_0_Map_RLE_Scenario7; Voxel Model memory: 6540
[2025.05.08-09.59.42:833][ 75]LogVoxelMeshingProfiling: Display: Scenario name: UEDPIE_0_Map_RLE_Scenario7; Voxel Model memory: 6540
[2025.05.08-09.59.42:834][ 75]LogVoxelMeshingProfiling: Display: Scenario name: UEDPIE_0_Map_RLE_Scenario7; Voxel Model memory: 6540
[2025.05.08-09.59.42:834][ 75]LogVoxelMeshingProfiling: Display: Scenario name: UEDPIE_0_Map_RLE_Scenario7; Voxel Model memory: 6540
[2025.05.08-09.59.42:834][ 75]LogVoxelMeshingProfiling: Display: Scenario name: UEDPIE_0_Map_RLE_Scenario7; Voxel Model memory: 6540
[2025.05.08-09.59.42:834][ 75]LogVoxelMeshingProfiling: Display: Scenario name: UEDPIE_0_Map_RLE_Scenario7; Voxel Model memory: 6540
[2025.05.08-09.59.42:835][ 75]LogVoxelMeshingProfiling: Display: Scenario name: UEDPIE_0_Map_RLE_Scenario7; Voxel Model memory: 6540
[2025.05.08-09.59.42:835][ 75]LogVoxelMeshingProfiling: Display: Scenario name: UEDPIE_0_Map_RLE_Scenario7; Voxel Model memory: 6540
[2025.05.08-09.59.42:835][ 75]LogVoxelMeshingProfiling: Display: Scenario name: UEDPIE_0_Map_RLE_Scenario7; Voxel Model memory: 6540
[2025.05.08-09.59.42:836][ 75]LogVoxelMeshingProfiling: Display: Scenario name: UEDPIE_0_Map_RLE_Scenario7; Voxel Model memory: 6540
[2025.05.08-09.59.42:836][ 75]LogVoxelMeshingProfiling: Display: Scenario name: UEDPIE_0_Map_RLE_Scenario7; Voxel Model memory: 6540
[2025.05.08-09.59.42:836][ 75]LogVoxelMeshingProfiling: Display: Scenario name: UEDPIE_0_Map_RLE_Scenario7; Voxel Model memory: 6540
[2025.05.08-09.59.42:836][ 75]LogVoxelMeshingProfiling: Display: Scenario name: UEDPIE_0_Map_RLE_Scenario7; Voxel Model memory: 6540
[2025.05.08-09.59.42:837][ 75]LogVoxelMeshingProfiling: Display: Scenario name: UEDPIE_0_Map_RLE_Scenario7; Voxel Model memory: 6540
[2025.05.08-09.59.42:837][ 75]LogVoxelMeshingProfiling: Display: Scenario name: UEDPIE_0_Map_RLE_Scenario7; Voxel Model memory: 6540
[2025.05.08-09.59.42:838][ 75]LogVoxelMeshingProfiling: Display: Scenario name: UEDPIE_0_Map_RLE_Scenario7; Vertices: 4632
[2025.05.08-09.59.42:839][ 75]LogVoxelMeshingProfiling: Display: Scenario name: UEDPIE_0_Map_RLE_Scenario7; Vertices: 4632
[2025.05.08-09.59.42:839][ 75]LogVoxelMeshingProfiling: Display: Scenario name: UEDPIE_0_Map_RLE_Scenario7; Vertices: 4632
[2025.05.08-09.59.42:840][ 75]LogVoxelMeshingProfiling: Display: Scenario name: UEDPIE_0_Map_RLE_Scenario7; Vertices: 4632
[2025.05.08-09.59.42:841][ 75]LogVoxelMeshingProfiling: Display: Scenario name: UEDPIE_0_Map_RLE_Scenario7; Vertices: 4632
[2025.05.08-09.59.42:841][ 75]LogVoxelMeshingProfiling: Display: Scenario name: UEDPIE_0_Map_RLE_Scenario7; Vertices: 4632
[2025.05.08-09.59.42:842][ 75]LogVoxelMeshingProfiling: Display: Scenario name: UEDPIE_0_Map_RLE_Scenario7; Vertices: 4632
[2025.05.08-09.59.42:843][ 75]LogVoxelMeshingProfiling: Display: Scenario name: UEDPIE_0_Map_RLE_Scenario7; Vertices: 4632
[2025.05.08-09.59.42:844][ 75]LogVoxelMeshingProfiling: Display: Scenario name: UEDPIE_0_Map_RLE_Scenario7; Vertices: 4632
[2025.05.08-09.59.42:845][ 75]LogVoxelMeshingProfiling: Display: Scenario name: UEDPIE_0_Map_RLE_Scenario7; Vertices: 4632
[2025.05.08-09.59.42:846][ 75]LogVoxelMeshingProfiling: Display: Scenario name: UEDPIE_0_Map_RLE_Scenario7; Vertices: 4632
[2025.05.08-09.59.42:847][ 75]LogVoxelMeshingProfiling: Display: Scenario name: UEDPIE_0_Map_RLE_Scenario7; Vertices: 4632
[2025.05.08-09.59.42:848][ 75]LogVoxelMeshingProfiling: Display: Scenario name: UEDPIE_0_Map_RLE_Scenario7; Vertices: 4632
[2025.05.08-09.59.42:848][ 75]LogVoxelMeshingProfiling: Display: Scenario name: UEDPIE_0_Map_RLE_Scenario7; Vertices: 4632
[2025.05.08-09.59.42:849][ 75]LogVoxelMeshingProfiling: Display: Scenario name: UEDPIE_0_Map_RLE_Scenario7; Vertices: 4632
[2025.05.08-09.59.42:849][ 75]LogVoxelMeshingProfiling: Display: Scenario name: UEDPIE_0_Map_RLE_Scenario7; Vertices: 4632
[2025.05.08-09.59.42:851][ 75]LogVoxelMeshingProfiling: Display: Scenario name: UEDPIE_0_Map_RLE_Scenario7; Vertices: 4632
[2025.05.08-09.59.42:852][ 75]LogVoxelMeshingProfiling: Display: Scenario name: UEDPIE_0_Map_RLE_Scenario7; Vertices: 4632
[2025.05.08-09.59.42:853][ 75]LogVoxelMeshingProfiling: Display: Scenario name: UEDPIE_0_Map_RLE_Scenario7; Vertices: 4632
[2025.05.08-09.59.42:855][ 75]LogVoxelMeshingProfiling: Display: Scenario name: UEDPIE_0_Map_RLE_Scenario7; Vertices: 4632
[2025.05.08-09.59.42:855][ 75]LogVoxelMeshingProfiling: Display: Scenario name: UEDPIE_0_Map_RLE_Scenario7; Vertices: 4632
[2025.05.08-09.59.42:856][ 75]LogVoxelMeshingProfiling: Display: Scenario name: UEDPIE_0_Map_RLE_Scenario7; Vertices: 4632
[2025.05.08-09.59.42:858][ 75]LogVoxelMeshingProfiling: Display: Scenario name: UEDPIE_0_Map_RLE_Scenario7; Vertices: 4632
[2025.05.08-09.59.42:860][ 75]LogVoxelMeshingProfiling: Display: Scenario name: UEDPIE_0_Map_RLE_Scenario7; Vertices: 4632
[2025.05.08-09.59.42:860][ 75]LogVoxelMeshingProfiling: Display: Scenario name: UEDPIE_0_Map_RLE_Scenario7; Vertices: 4632
[2025.05.08-09.59.42:861][ 75]LogVoxelMeshingProfiling: Display: Scenario name: UEDPIE_0_Map_RLE_Scenario7; Vertices: 4632
[2025.05.08-09.59.42:862][ 75]LogVoxelMeshingProfiling: Display: Scenario name: UEDPIE_0_Map_RLE_Scenario7; Vertices: 4632
[2025.05.08-10.00.10:876][180]LogVoxelMeshingProfiling: Display: Scenario name: UEDPIE_0_Map_VoxelPlugin_Scenario7; Voxel Model memory: 262144
[2025.05.08-10.00.10:876][180]LogVoxelMeshingProfiling: Display: Scenario name: UEDPIE_0_Map_VoxelPlugin_Scenario7; OpaqueVoxelCount: 2103; TransparentVoxelCount: 30665
[2025.05.08-10.00.10:877][180]LogVoxelMeshingProfiling: Display: Scenario name: UEDPIE_0_Map_VoxelPlugin_Scenario7; Voxel Model memory: 262144
[2025.05.08-10.00.10:877][180]LogVoxelMeshingProfiling: Display: Scenario name: UEDPIE_0_Map_VoxelPlugin_Scenario7; OpaqueVoxelCount: 2103; TransparentVoxelCount: 30665
[2025.05.08-10.00.10:877][180]LogVoxelMeshingProfiling: Display: Scenario name: UEDPIE_0_Map_VoxelPlugin_Scenario7; Voxel Model memory: 262144
[2025.05.08-10.00.10:877][180]LogVoxelMeshingProfiling: Display: Scenario name: UEDPIE_0_Map_VoxelPlugin_Scenario7; OpaqueVoxelCount: 2103; TransparentVoxelCount: 30665
[2025.05.08-10.00.10:877][180]LogVoxelMeshingProfiling: Display: Scenario name: UEDPIE_0_Map_VoxelPlugin_Scenario7; Voxel Model memory: 262144
[2025.05.08-10.00.10:877][180]LogVoxelMeshingProfiling: Display: Scenario name: UEDPIE_0_Map_VoxelPlugin_Scenario7; OpaqueVoxelCount: 2103; TransparentVoxelCount: 30665
[2025.05.08-10.00.10:877][180]LogVoxelMeshingProfiling: Display: Scenario name: UEDPIE_0_Map_VoxelPlugin_Scenario7; Voxel Model memory: 262144
[2025.05.08-10.00.10:877][180]LogVoxelMeshingProfiling: Display: Scenario name: UEDPIE_0_Map_VoxelPlugin_Scenario7; OpaqueVoxelCount: 2103; TransparentVoxelCount: 30665
[2025.05.08-10.00.10:877][180]LogVoxelMeshingProfiling: Display: Scenario name: UEDPIE_0_Map_VoxelPlugin_Scenario7; Voxel Model memory: 262144
[2025.05.08-10.00.10:877][180]LogVoxelMeshingProfiling: Display: Scenario name: UEDPIE_0_Map_VoxelPlugin_Scenario7; OpaqueVoxelCount: 2103; TransparentVoxelCount: 30665
[2025.05.08-10.00.10:877][180]LogVoxelMeshingProfiling: Display: Scenario name: UEDPIE_0_Map_VoxelPlugin_Scenario7; Voxel Model memory: 262144
[2025.05.08-10.00.10:877][180]LogVoxelMeshingProfiling: Display: Scenario name: UEDPIE_0_Map_VoxelPlugin_Scenario7; OpaqueVoxelCount: 2103; TransparentVoxelCount: 30665
[2025.05.08-10.00.10:879][180]LogVoxelMeshingProfiling: Display: Scenario name: UEDPIE_0_Map_VoxelPlugin_Scenario7; Voxel Model memory: 262144
[2025.05.08-10.00.10:879][180]LogVoxelMeshingProfiling: Display: Scenario name: UEDPIE_0_Map_VoxelPlugin_Scenario7; OpaqueVoxelCount: 2103; TransparentVoxelCount: 30665
[2025.05.08-10.00.10:879][180]LogVoxelMeshingProfiling: Display: Scenario name: UEDPIE_0_Map_VoxelPlugin_Scenario7; Voxel Model memory: 262144
[2025.05.08-10.00.10:879][180]LogVoxelMeshingProfiling: Display: Scenario name: UEDPIE_0_Map_VoxelPlugin_Scenario7; OpaqueVoxelCount: 2103; TransparentVoxelCount: 30665
[2025.05.08-10.00.10:879][180]LogVoxelMeshingProfiling: Display: Scenario name: UEDPIE_0_Map_VoxelPlugin_Scenario7; Voxel Model memory: 262144
[2025.05.08-10.00.10:879][180]LogVoxelMeshingProfiling: Display: Scenario name: UEDPIE_0_Map_VoxelPlugin_Scenario7; OpaqueVoxelCount: 2103; TransparentVoxelCount: 30665
[2025.05.08-10.00.10:879][180]LogVoxelMeshingProfiling: Display: Scenario name: UEDPIE_0_Map_VoxelPlugin_Scenario7; Voxel Model memory: 262144
[2025.05.08-10.00.10:879][180]LogVoxelMeshingProfiling: Display: Scenario name: UEDPIE_0_Map_VoxelPlugin_Scenario7; OpaqueVoxelCount: 2103; TransparentVoxelCount: 30665
[2025.05.08-10.00.10:880][180]LogVoxelMeshingProfiling: Display: Scenario name: UEDPIE_0_Map_VoxelPlugin_Scenario7; Voxel Model memory: 262144
[2025.05.08-10.00.10:880][180]LogVoxelMeshingProfiling: Display: Scenario name: UEDPIE_0_Map_VoxelPlugin_Scenario7; OpaqueVoxelCount: 2103; TransparentVoxelCount: 30665
[2025.05.08-10.00.10:880][180]LogVoxelMeshingProfiling: Display: Scenario name: UEDPIE_0_Map_VoxelPlugin_Scenario7; Voxel Model memory: 262144
[2025.05.08-10.00.10:880][180]LogVoxelMeshingProfiling: Display: Scenario name: UEDPIE_0_Map_VoxelPlugin_Scenario7; Voxel Model memory: 262144
[2025.05.08-10.00.10:880][180]LogVoxelMeshingProfiling: Display: Scenario name: UEDPIE_0_Map_VoxelPlugin_Scenario7; OpaqueVoxelCount: 2103; TransparentVoxelCount: 30665
[2025.05.08-10.00.10:880][180]LogVoxelMeshingProfiling: Display: Scenario name: UEDPIE_0_Map_VoxelPlugin_Scenario7; OpaqueVoxelCount: 2103; TransparentVoxelCount: 30665
[2025.05.08-10.00.10:880][180]LogVoxelMeshingProfiling: Display: Scenario name: UEDPIE_0_Map_VoxelPlugin_Scenario7; Voxel Model memory: 262144
[2025.05.08-10.00.10:880][180]LogVoxelMeshingProfiling: Display: Scenario name: UEDPIE_0_Map_VoxelPlugin_Scenario7; OpaqueVoxelCount: 2103; TransparentVoxelCount: 30665
[2025.05.08-10.00.10:880][180]LogVoxelMeshingProfiling: Display: Scenario name: UEDPIE_0_Map_VoxelPlugin_Scenario7; Voxel Model memory: 262144
[2025.05.08-10.00.10:881][180]LogVoxelMeshingProfiling: Display: Scenario name: UEDPIE_0_Map_VoxelPlugin_Scenario7; OpaqueVoxelCount: 2103; TransparentVoxelCount: 30665
[2025.05.08-10.00.10:881][180]LogVoxelMeshingProfiling: Display: Scenario name: UEDPIE_0_Map_VoxelPlugin_Scenario7; Voxel Model memory: 262144
[2025.05.08-10.00.10:881][180]LogVoxelMeshingProfiling: Display: Scenario name: UEDPIE_0_Map_VoxelPlugin_Scenario7; OpaqueVoxelCount: 2103; TransparentVoxelCount: 30665
[2025.05.08-10.00.10:881][180]LogVoxelMeshingProfiling: Display: Scenario name: UEDPIE_0_Map_VoxelPlugin_Scenario7; Voxel Model memory: 262144
[2025.05.08-10.00.10:881][180]LogVoxelMeshingProfiling: Display: Scenario name: UEDPIE_0_Map_VoxelPlugin_Scenario7; OpaqueVoxelCount: 2103; TransparentVoxelCount: 30665
[2025.05.08-10.00.10:881][180]LogVoxelMeshingProfiling: Display: Scenario name: UEDPIE_0_Map_VoxelPlugin_Scenario7; Voxel Model memory: 262144
[2025.05.08-10.00.10:881][180]LogVoxelMeshingProfiling: Display: Scenario name: UEDPIE_0_Map_VoxelPlugin_Scenario7; OpaqueVoxelCount: 2103; TransparentVoxelCount: 30665
[2025.05.08-10.00.10:881][180]LogVoxelMeshingProfiling: Display: Scenario name: UEDPIE_0_Map_VoxelPlugin_Scenario7; Voxel Model memory: 262144
[2025.05.08-10.00.10:881][180]LogVoxelMeshingProfiling: Display: Scenario name: UEDPIE_0_Map_VoxelPlugin_Scenario7; OpaqueVoxelCount: 2103; TransparentVoxelCount: 30665
[2025.05.08-10.00.10:881][180]LogVoxelMeshingProfiling: Display: Scenario name: UEDPIE_0_Map_VoxelPlugin_Scenario7; Voxel Model memory: 262144
[2025.05.08-10.00.10:881][180]LogVoxelMeshingProfiling: Display: Scenario name: UEDPIE_0_Map_VoxelPlugin_Scenario7; OpaqueVoxelCount: 2103; TransparentVoxelCount: 30665
[2025.05.08-10.00.10:882][180]LogVoxelMeshingProfiling: Display: Scenario name: UEDPIE_0_Map_VoxelPlugin_Scenario7; Voxel Model memory: 262144
[2025.05.08-10.00.10:882][180]LogVoxelMeshingProfiling: Display: Scenario name: UEDPIE_0_Map_VoxelPlugin_Scenario7; OpaqueVoxelCount: 2103; TransparentVoxelCount: 30665
[2025.05.08-10.00.10:882][180]LogVoxelMeshingProfiling: Display: Scenario name: UEDPIE_0_Map_VoxelPlugin_Scenario7; Voxel Model memory: 262144
[2025.05.08-10.00.10:882][180]LogVoxelMeshingProfiling: Display: Scenario name: UEDPIE_0_Map_VoxelPlugin_Scenario7; OpaqueVoxelCount: 2103; TransparentVoxelCount: 30665
[2025.05.08-10.00.10:882][180]LogVoxelMeshingProfiling: Display: Scenario name: UEDPIE_0_Map_VoxelPlugin_Scenario7; Voxel Model memory: 262144
[2025.05.08-10.00.10:882][180]LogVoxelMeshingProfiling: Display: Scenario name: UEDPIE_0_Map_VoxelPlugin_Scenario7; OpaqueVoxelCount: 2103; TransparentVoxelCount: 30665
[2025.05.08-10.00.10:882][180]LogVoxelMeshingProfiling: Display: Scenario name: UEDPIE_0_Map_VoxelPlugin_Scenario7; Voxel Model memory: 262144
[2025.05.08-10.00.10:882][180]LogVoxelMeshingProfiling: Display: Scenario name: UEDPIE_0_Map_VoxelPlugin_Scenario7; OpaqueVoxelCount: 2103; TransparentVoxelCount: 30665
[2025.05.08-10.00.10:882][180]LogVoxelMeshingProfiling: Display: Scenario name: UEDPIE_0_Map_VoxelPlugin_Scenario7; Voxel Model memory: 262144
[2025.05.08-10.00.10:882][180]LogVoxelMeshingProfiling: Display: Scenario name: UEDPIE_0_Map_VoxelPlugin_Scenario7; OpaqueVoxelCount: 2103; TransparentVoxelCount: 30665
[2025.05.08-10.00.10:882][180]LogVoxelMeshingProfiling: Display: Scenario name: UEDPIE_0_Map_VoxelPlugin_Scenario7; Voxel Model memory: 262144
[2025.05.08-10.00.10:882][180]LogVoxelMeshingProfiling: Display: Scenario name: UEDPIE_0_Map_VoxelPlugin_Scenario7; OpaqueVoxelCount: 2103; TransparentVoxelCount: 30665
[2025.05.08-10.00.10:927][181]LogVoxelMeshingProfiling: Display: Scenario name: Map_VoxelPlugin_Scenario7; Vertices: 4632
[2025.05.08-10.00.10:931][181]LogVoxelMeshingProfiling: Display: Scenario name: Map_VoxelPlugin_Scenario7; Vertices: 4632
[2025.05.08-10.00.10:935][181]LogVoxelMeshingProfiling: Display: Scenario name: Map_VoxelPlugin_Scenario7; Vertices: 4632
[2025.05.08-10.00.10:937][181]LogVoxelMeshingProfiling: Display: Scenario name: Map_VoxelPlugin_Scenario7; Vertices: 4632
[2025.05.08-10.00.10:943][181]LogVoxelMeshingProfiling: Display: Scenario name: Map_VoxelPlugin_Scenario7; Vertices: 4632
[2025.05.08-10.00.10:945][181]LogVoxelMeshingProfiling: Display: Scenario name: Map_VoxelPlugin_Scenario7; Vertices: 4632
[2025.05.08-10.00.10:950][181]LogVoxelMeshingProfiling: Display: Scenario name: Map_VoxelPlugin_Scenario7; Vertices: 4632
[2025.05.08-10.00.10:954][181]LogVoxelMeshingProfiling: Display: Scenario name: Map_VoxelPlugin_Scenario7; Vertices: 4632
[2025.05.08-10.00.10:963][181]LogVoxelMeshingProfiling: Display: Scenario name: Map_VoxelPlugin_Scenario7; Vertices: 4632
[2025.05.08-10.00.10:968][181]LogVoxelMeshingProfiling: Display: Scenario name: Map_VoxelPlugin_Scenario7; Vertices: 4632
[2025.05.08-10.00.10:970][181]LogVoxelMeshingProfiling: Display: Scenario name: Map_VoxelPlugin_Scenario7; Vertices: 4632
[2025.05.08-10.00.10:975][181]LogVoxelMeshingProfiling: Display: Scenario name: Map_VoxelPlugin_Scenario7; Vertices: 4632
[2025.05.08-10.00.10:976][181]LogVoxelMeshingProfiling: Display: Scenario name: Map_VoxelPlugin_Scenario7; Vertices: 4632
[2025.05.08-10.00.10:985][181]LogVoxelMeshingProfiling: Display: Scenario name: Map_VoxelPlugin_Scenario7; Vertices: 4632
[2025.05.08-10.00.10:986][181]LogVoxelMeshingProfiling: Display: Scenario name: Map_VoxelPlugin_Scenario7; Vertices: 4632
[2025.05.08-10.00.10:997][181]LogVoxelMeshingProfiling: Display: Scenario name: Map_VoxelPlugin_Scenario7; Vertices: 4632
[2025.05.08-10.00.11:001][181]LogVoxelMeshingProfiling: Display: Scenario name: Map_VoxelPlugin_Scenario7; Vertices: 4632
[2025.05.08-10.00.11:005][181]LogVoxelMeshingProfiling: Display: Scenario name: Map_VoxelPlugin_Scenario7; Vertices: 4632
[2025.05.08-10.00.11:076][184]LogVoxelMeshingProfiling: Display: Scenario name: Map_VoxelPlugin_Scenario7; Vertices: 4632
[2025.05.08-10.00.11:078][184]LogVoxelMeshingProfiling: Display: Scenario name: Map_VoxelPlugin_Scenario7; Vertices: 4632
[2025.05.08-10.00.11:084][184]LogVoxelMeshingProfiling: Display: Scenario name: Map_VoxelPlugin_Scenario7; Vertices: 4632
[2025.05.08-10.00.11:087][184]LogVoxelMeshingProfiling: Display: Scenario name: Map_VoxelPlugin_Scenario7; Vertices: 4632
[2025.05.08-10.00.11:099][185]LogVoxelMeshingProfiling: Display: Scenario name: Map_VoxelPlugin_Scenario7; Vertices: 4632
[2025.05.08-10.00.11:103][185]LogVoxelMeshingProfiling: Display: Scenario name: Map_VoxelPlugin_Scenario7; Vertices: 4632
[2025.05.08-10.00.11:117][186]LogVoxelMeshingProfiling: Display: Scenario name: Map_VoxelPlugin_Scenario7; Vertices: 4632
[2025.05.08-10.00.11:117][186]LogVoxelMeshingProfiling: Display: Scenario name: Map_VoxelPlugin_Scenario7; Vertices: 4632
[2025.05.08-10.00.11:135][187]LogVoxelMeshingProfiling: Display: Scenario name: Map_VoxelPlugin_Scenario7; Vertices: 4632
