[2025.05.08-10.06.57:369][548]LogVoxelMeshingProfiling: Display: Scenario name: UEDPIE_0_Map_Grid_Scenario8; Voxel Model memory: 262144
[2025.05.08-10.06.57:369][548]LogVoxelMeshingProfiling: Display: Scenario name: UEDPIE_0_Map_Grid_Scenario8; OpaqueVoxelCount: 17071; TransparentVoxelCount: 15697
[2025.05.08-10.06.57:377][548]LogVoxelMeshingProfiling: Display: Scenario name: UEDPIE_0_Map_Grid_Scenario8; Voxel Model memory: 262144
[2025.05.08-10.06.57:377][548]LogVoxelMeshingProfiling: Display: Scenario name: UEDPIE_0_Map_Grid_Scenario8; OpaqueVoxelCount: 17071; TransparentVoxelCount: 15697
[2025.05.08-10.06.57:377][548]LogVoxelMeshingProfiling: Display: Scenario name: UEDPIE_0_Map_Grid_Scenario8; Voxel Model memory: 262144
[2025.05.08-10.06.57:377][548]LogVoxelMeshingProfiling: Display: Scenario name: UEDPIE_0_Map_Grid_Scenario8; OpaqueVoxelCount: 17071; TransparentVoxelCount: 15697
[2025.05.08-10.06.57:377][548]LogVoxelMeshingProfiling: Display: Scenario name: UEDPIE_0_Map_Grid_Scenario8; Voxel Model memory: 262144
[2025.05.08-10.06.57:377][548]LogVoxelMeshingProfiling: Display: Scenario name: UEDPIE_0_Map_Grid_Scenario8; OpaqueVoxelCount: 17071; TransparentVoxelCount: 15697
[2025.05.08-10.06.57:377][548]LogVoxelMeshingProfiling: Display: Scenario name: UEDPIE_0_Map_Grid_Scenario8; Voxel Model memory: 262144
[2025.05.08-10.06.57:377][548]LogVoxelMeshingProfiling: Display: Scenario name: UEDPIE_0_Map_Grid_Scenario8; OpaqueVoxelCount: 17071; TransparentVoxelCount: 15697
[2025.05.08-10.06.57:379][548]LogVoxelMeshingProfiling: Display: Scenario name: UEDPIE_0_Map_Grid_Scenario8; Voxel Model memory: 262144
[2025.05.08-10.06.57:380][548]LogVoxelMeshingProfiling: Display: Scenario name: UEDPIE_0_Map_Grid_Scenario8; OpaqueVoxelCount: 17071; TransparentVoxelCount: 15697
[2025.05.08-10.06.57:380][548]LogVoxelMeshingProfiling: Display: Scenario name: UEDPIE_0_Map_Grid_Scenario8; Voxel Model memory: 262144
[2025.05.08-10.06.57:380][548]LogVoxelMeshingProfiling: Display: Scenario name: UEDPIE_0_Map_Grid_Scenario8; OpaqueVoxelCount: 17071; TransparentVoxelCount: 15697
[2025.05.08-10.06.57:387][548]LogVoxelMeshingProfiling: Display: Scenario name: UEDPIE_0_Map_Grid_Scenario8; Voxel Model memory: 262144
[2025.05.08-10.06.57:388][548]LogVoxelMeshingProfiling: Display: Scenario name: UEDPIE_0_Map_Grid_Scenario8; OpaqueVoxelCount: 17071; TransparentVoxelCount: 15697
[2025.05.08-10.06.57:388][548]LogVoxelMeshingProfiling: Display: Scenario name: UEDPIE_0_Map_Grid_Scenario8; Voxel Model memory: 262144
[2025.05.08-10.06.57:388][548]LogVoxelMeshingProfiling: Display: Scenario name: UEDPIE_0_Map_Grid_Scenario8; OpaqueVoxelCount: 17071; TransparentVoxelCount: 15697
[2025.05.08-10.06.57:390][548]LogVoxelMeshingProfiling: Display: Scenario name: UEDPIE_0_Map_Grid_Scenario8; Voxel Model memory: 262144
[2025.05.08-10.06.57:390][548]LogVoxelMeshingProfiling: Display: Scenario name: UEDPIE_0_Map_Grid_Scenario8; OpaqueVoxelCount: 17071; TransparentVoxelCount: 15697
[2025.05.08-10.06.57:390][548]LogVoxelMeshingProfiling: Display: Scenario name: UEDPIE_0_Map_Grid_Scenario8; Voxel Model memory: 262144
[2025.05.08-10.06.57:390][548]LogVoxelMeshingProfiling: Display: Scenario name: UEDPIE_0_Map_Grid_Scenario8; OpaqueVoxelCount: 17071; TransparentVoxelCount: 15697
[2025.05.08-10.06.57:393][548]LogVoxelMeshingProfiling: Display: Scenario name: UEDPIE_0_Map_Grid_Scenario8; Voxel Model memory: 262144
[2025.05.08-10.06.57:393][548]LogVoxelMeshingProfiling: Display: Scenario name: UEDPIE_0_Map_Grid_Scenario8; OpaqueVoxelCount: 17071; TransparentVoxelCount: 15697
[2025.05.08-10.06.57:393][548]LogVoxelMeshingProfiling: Display: Scenario name: UEDPIE_0_Map_Grid_Scenario8; Voxel Model memory: 262144
[2025.05.08-10.06.57:393][548]LogVoxelMeshingProfiling: Display: Scenario name: UEDPIE_0_Map_Grid_Scenario8; OpaqueVoxelCount: 17071; TransparentVoxelCount: 15697
[2025.05.08-10.06.57:393][548]LogVoxelMeshingProfiling: Display: Scenario name: UEDPIE_0_Map_Grid_Scenario8; Voxel Model memory: 262144
[2025.05.08-10.06.57:393][548]LogVoxelMeshingProfiling: Display: Scenario name: UEDPIE_0_Map_Grid_Scenario8; OpaqueVoxelCount: 17071; TransparentVoxelCount: 15697
[2025.05.08-10.06.57:402][548]LogVoxelMeshingProfiling: Display: Scenario name: UEDPIE_0_Map_Grid_Scenario8; Voxel Model memory: 262144
[2025.05.08-10.06.57:402][548]LogVoxelMeshingProfiling: Display: Scenario name: UEDPIE_0_Map_Grid_Scenario8; OpaqueVoxelCount: 17071; TransparentVoxelCount: 15697
[2025.05.08-10.06.57:402][548]LogVoxelMeshingProfiling: Display: Scenario name: UEDPIE_0_Map_Grid_Scenario8; Voxel Model memory: 262144
[2025.05.08-10.06.57:402][548]LogVoxelMeshingProfiling: Display: Scenario name: UEDPIE_0_Map_Grid_Scenario8; OpaqueVoxelCount: 17071; TransparentVoxelCount: 15697
[2025.05.08-10.06.57:403][548]LogVoxelMeshingProfiling: Display: Scenario name: UEDPIE_0_Map_Grid_Scenario8; Voxel Model memory: 262144
[2025.05.08-10.06.57:403][548]LogVoxelMeshingProfiling: Display: Scenario name: UEDPIE_0_Map_Grid_Scenario8; OpaqueVoxelCount: 17071; TransparentVoxelCount: 15697
[2025.05.08-10.06.57:403][548]LogVoxelMeshingProfiling: Display: Scenario name: UEDPIE_0_Map_Grid_Scenario8; Voxel Model memory: 262144
[2025.05.08-10.06.57:403][548]LogVoxelMeshingProfiling: Display: Scenario name: UEDPIE_0_Map_Grid_Scenario8; OpaqueVoxelCount: 17071; TransparentVoxelCount: 15697
[2025.05.08-10.06.57:407][548]LogVoxelMeshingProfiling: Display: Scenario name: UEDPIE_0_Map_Grid_Scenario8; Voxel Model memory: 262144
[2025.05.08-10.06.57:407][548]LogVoxelMeshingProfiling: Display: Scenario name: UEDPIE_0_Map_Grid_Scenario8; OpaqueVoxelCount: 17071; TransparentVoxelCount: 15697
[2025.05.08-10.06.57:407][548]LogVoxelMeshingProfiling: Display: Scenario name: UEDPIE_0_Map_Grid_Scenario8; Voxel Model memory: 262144
[2025.05.08-10.06.57:407][548]LogVoxelMeshingProfiling: Display: Scenario name: UEDPIE_0_Map_Grid_Scenario8; OpaqueVoxelCount: 17071; TransparentVoxelCount: 15697
[2025.05.08-10.06.57:407][548]LogVoxelMeshingProfiling: Display: Scenario name: UEDPIE_0_Map_Grid_Scenario8; Voxel Model memory: 262144
[2025.05.08-10.06.57:407][548]LogVoxelMeshingProfiling: Display: Scenario name: UEDPIE_0_Map_Grid_Scenario8; OpaqueVoxelCount: 17071; TransparentVoxelCount: 15697
[2025.05.08-10.06.57:413][548]LogVoxelMeshingProfiling: Display: Scenario name: UEDPIE_0_Map_Grid_Scenario8; Voxel Model memory: 262144
[2025.05.08-10.06.57:413][548]LogVoxelMeshingProfiling: Display: Scenario name: UEDPIE_0_Map_Grid_Scenario8; OpaqueVoxelCount: 17071; TransparentVoxelCount: 15697
[2025.05.08-10.06.57:416][548]LogVoxelMeshingProfiling: Display: Scenario name: UEDPIE_0_Map_Grid_Scenario8; Voxel Model memory: 262144
[2025.05.08-10.06.57:416][548]LogVoxelMeshingProfiling: Display: Scenario name: UEDPIE_0_Map_Grid_Scenario8; OpaqueVoxelCount: 17071; TransparentVoxelCount: 15697
[2025.05.08-10.06.57:416][548]LogVoxelMeshingProfiling: Display: Scenario name: UEDPIE_0_Map_Grid_Scenario8; Voxel Model memory: 262144
[2025.05.08-10.06.57:416][548]LogVoxelMeshingProfiling: Display: Scenario name: UEDPIE_0_Map_Grid_Scenario8; OpaqueVoxelCount: 17071; TransparentVoxelCount: 15697
[2025.05.08-10.06.57:417][548]LogVoxelMeshingProfiling: Display: Scenario name: UEDPIE_0_Map_Grid_Scenario8; Voxel Model memory: 262144
[2025.05.08-10.06.57:417][548]LogVoxelMeshingProfiling: Display: Scenario name: UEDPIE_0_Map_Grid_Scenario8; OpaqueVoxelCount: 17071; TransparentVoxelCount: 15697
[2025.05.08-10.06.57:418][548]LogVoxelMeshingProfiling: Display: Scenario name: UEDPIE_0_Map_Grid_Scenario8; Voxel Model memory: 262144
[2025.05.08-10.06.57:418][548]LogVoxelMeshingProfiling: Display: Scenario name: UEDPIE_0_Map_Grid_Scenario8; OpaqueVoxelCount: 17071; TransparentVoxelCount: 15697
[2025.05.08-10.06.57:418][548]LogVoxelMeshingProfiling: Display: Scenario name: UEDPIE_0_Map_Grid_Scenario8; Voxel Model memory: 262144
[2025.05.08-10.06.57:418][548]LogVoxelMeshingProfiling: Display: Scenario name: UEDPIE_0_Map_Grid_Scenario8; OpaqueVoxelCount: 17071; TransparentVoxelCount: 15697
[2025.05.08-10.06.57:424][548]LogVoxelMeshingProfiling: Display: Scenario name: UEDPIE_0_Map_Grid_Scenario8; Vertices: 8520
[2025.05.08-10.06.57:430][548]LogVoxelMeshingProfiling: Display: Scenario name: UEDPIE_0_Map_Grid_Scenario8; Vertices: 8520
[2025.05.08-10.06.57:434][548]LogVoxelMeshingProfiling: Display: Scenario name: UEDPIE_0_Map_Grid_Scenario8; Vertices: 8520
[2025.05.08-10.06.57:439][548]LogVoxelMeshingProfiling: Display: Scenario name: UEDPIE_0_Map_Grid_Scenario8; Vertices: 8520
[2025.05.08-10.06.57:443][548]LogVoxelMeshingProfiling: Display: Scenario name: UEDPIE_0_Map_Grid_Scenario8; Vertices: 8520
[2025.05.08-10.06.57:448][548]LogVoxelMeshingProfiling: Display: Scenario name: UEDPIE_0_Map_Grid_Scenario8; Vertices: 8520
[2025.05.08-10.06.57:452][548]LogVoxelMeshingProfiling: Display: Scenario name: UEDPIE_0_Map_Grid_Scenario8; Vertices: 8520
[2025.05.08-10.06.57:458][548]LogVoxelMeshingProfiling: Display: Scenario name: UEDPIE_0_Map_Grid_Scenario8; Vertices: 8520
[2025.05.08-10.06.57:462][548]LogVoxelMeshingProfiling: Display: Scenario name: UEDPIE_0_Map_Grid_Scenario8; Vertices: 8520
[2025.05.08-10.06.57:467][548]LogVoxelMeshingProfiling: Display: Scenario name: UEDPIE_0_Map_Grid_Scenario8; Vertices: 8520
[2025.05.08-10.06.57:472][548]LogVoxelMeshingProfiling: Display: Scenario name: UEDPIE_0_Map_Grid_Scenario8; Vertices: 8520
[2025.05.08-10.06.57:478][549]LogVoxelMeshingProfiling: Display: Scenario name: UEDPIE_0_Map_Grid_Scenario8; Vertices: 8520
[2025.05.08-10.06.57:483][549]LogVoxelMeshingProfiling: Display: Scenario name: UEDPIE_0_Map_Grid_Scenario8; Vertices: 8520
[2025.05.08-10.06.57:489][549]LogVoxelMeshingProfiling: Display: Scenario name: UEDPIE_0_Map_Grid_Scenario8; Vertices: 8520
[2025.05.08-10.06.57:494][549]LogVoxelMeshingProfiling: Display: Scenario name: UEDPIE_0_Map_Grid_Scenario8; Vertices: 8520
[2025.05.08-10.06.57:499][549]LogVoxelMeshingProfiling: Display: Scenario name: UEDPIE_0_Map_Grid_Scenario8; Vertices: 8520
[2025.05.08-10.06.57:503][549]LogVoxelMeshingProfiling: Display: Scenario name: UEDPIE_0_Map_Grid_Scenario8; Vertices: 8520
[2025.05.08-10.06.57:507][549]LogVoxelMeshingProfiling: Display: Scenario name: UEDPIE_0_Map_Grid_Scenario8; Vertices: 8520
[2025.05.08-10.06.57:512][549]LogVoxelMeshingProfiling: Display: Scenario name: UEDPIE_0_Map_Grid_Scenario8; Vertices: 8520
[2025.05.08-10.06.57:518][549]LogVoxelMeshingProfiling: Display: Scenario name: UEDPIE_0_Map_Grid_Scenario8; Vertices: 8520
[2025.05.08-10.06.57:523][549]LogVoxelMeshingProfiling: Display: Scenario name: UEDPIE_0_Map_Grid_Scenario8; Vertices: 8520
[2025.05.08-10.06.57:530][549]LogVoxelMeshingProfiling: Display: Scenario name: UEDPIE_0_Map_Grid_Scenario8; Vertices: 8520
[2025.05.08-10.06.57:536][549]LogVoxelMeshingProfiling: Display: Scenario name: UEDPIE_0_Map_Grid_Scenario8; Vertices: 8520
[2025.05.08-10.06.57:543][549]LogVoxelMeshingProfiling: Display: Scenario name: UEDPIE_0_Map_Grid_Scenario8; Vertices: 8520
[2025.05.08-10.06.57:555][550]LogVoxelMeshingProfiling: Display: Scenario name: UEDPIE_0_Map_Grid_Scenario8; Vertices: 8520
[2025.05.08-10.06.57:558][550]LogVoxelMeshingProfiling: Display: Scenario name: UEDPIE_0_Map_Grid_Scenario8; Vertices: 8520
[2025.05.08-10.06.57:565][550]LogVoxelMeshingProfiling: Display: Scenario name: UEDPIE_0_Map_Grid_Scenario8; Vertices: 8520
[2025.05.08-10.07.03:303][907]LogVoxelMeshingProfiling: Display: Scenario name: UEDPIE_0_Map_RLE_Scenario8; Voxel Model memory: 24756
[2025.05.08-10.07.03:312][907]LogVoxelMeshingProfiling: Display: Scenario name: UEDPIE_0_Map_RLE_Scenario8; Voxel Model memory: 24756
[2025.05.08-10.07.03:313][907]LogVoxelMeshingProfiling: Display: Scenario name: UEDPIE_0_Map_RLE_Scenario8; Voxel Model memory: 24756
[2025.05.08-10.07.03:313][907]LogVoxelMeshingProfiling: Display: Scenario name: UEDPIE_0_Map_RLE_Scenario8; Voxel Model memory: 24756
[2025.05.08-10.07.03:313][907]LogVoxelMeshingProfiling: Display: Scenario name: UEDPIE_0_Map_RLE_Scenario8; Voxel Model memory: 24756
[2025.05.08-10.07.03:315][907]LogVoxelMeshingProfiling: Display: Scenario name: UEDPIE_0_Map_RLE_Scenario8; Voxel Model memory: 24756
[2025.05.08-10.07.03:315][907]LogVoxelMeshingProfiling: Display: Scenario name: UEDPIE_0_Map_RLE_Scenario8; Voxel Model memory: 24756
[2025.05.08-10.07.03:323][907]LogVoxelMeshingProfiling: Display: Scenario name: UEDPIE_0_Map_RLE_Scenario8; Voxel Model memory: 24756
[2025.05.08-10.07.03:323][907]LogVoxelMeshingProfiling: Display: Scenario name: UEDPIE_0_Map_RLE_Scenario8; Voxel Model memory: 24756
[2025.05.08-10.07.03:324][907]LogVoxelMeshingProfiling: Display: Scenario name: UEDPIE_0_Map_RLE_Scenario8; Voxel Model memory: 24756
[2025.05.08-10.07.03:324][907]LogVoxelMeshingProfiling: Display: Scenario name: UEDPIE_0_Map_RLE_Scenario8; Voxel Model memory: 24756
[2025.05.08-10.07.03:329][907]LogVoxelMeshingProfiling: Display: Scenario name: UEDPIE_0_Map_RLE_Scenario8; Voxel Model memory: 24756
[2025.05.08-10.07.03:329][907]LogVoxelMeshingProfiling: Display: Scenario name: UEDPIE_0_Map_RLE_Scenario8; Voxel Model memory: 24756
[2025.05.08-10.07.03:329][907]LogVoxelMeshingProfiling: Display: Scenario name: UEDPIE_0_Map_RLE_Scenario8; Voxel Model memory: 24756
[2025.05.08-10.07.03:339][907]LogVoxelMeshingProfiling: Display: Scenario name: UEDPIE_0_Map_RLE_Scenario8; Voxel Model memory: 24756
[2025.05.08-10.07.03:339][907]LogVoxelMeshingProfiling: Display: Scenario name: UEDPIE_0_Map_RLE_Scenario8; Voxel Model memory: 24756
[2025.05.08-10.07.03:339][907]LogVoxelMeshingProfiling: Display: Scenario name: UEDPIE_0_Map_RLE_Scenario8; Voxel Model memory: 24756
[2025.05.08-10.07.03:340][907]LogVoxelMeshingProfiling: Display: Scenario name: UEDPIE_0_Map_RLE_Scenario8; Voxel Model memory: 24756
[2025.05.08-10.07.03:344][907]LogVoxelMeshingProfiling: Display: Scenario name: UEDPIE_0_Map_RLE_Scenario8; Voxel Model memory: 24756
[2025.05.08-10.07.03:345][907]LogVoxelMeshingProfiling: Display: Scenario name: UEDPIE_0_Map_RLE_Scenario8; Voxel Model memory: 24756
[2025.05.08-10.07.03:345][907]LogVoxelMeshingProfiling: Display: Scenario name: UEDPIE_0_Map_RLE_Scenario8; Voxel Model memory: 24756
[2025.05.08-10.07.03:353][907]LogVoxelMeshingProfiling: Display: Scenario name: UEDPIE_0_Map_RLE_Scenario8; Voxel Model memory: 24756
[2025.05.08-10.07.03:354][907]LogVoxelMeshingProfiling: Display: Scenario name: UEDPIE_0_Map_RLE_Scenario8; Voxel Model memory: 24756
[2025.05.08-10.07.03:354][907]LogVoxelMeshingProfiling: Display: Scenario name: UEDPIE_0_Map_RLE_Scenario8; Voxel Model memory: 24756
[2025.05.08-10.07.03:354][907]LogVoxelMeshingProfiling: Display: Scenario name: UEDPIE_0_Map_RLE_Scenario8; Voxel Model memory: 24756
[2025.05.08-10.07.03:356][907]LogVoxelMeshingProfiling: Display: Scenario name: UEDPIE_0_Map_RLE_Scenario8; Voxel Model memory: 24756
[2025.05.08-10.07.03:356][907]LogVoxelMeshingProfiling: Display: Scenario name: UEDPIE_0_Map_RLE_Scenario8; Voxel Model memory: 24756
[2025.05.08-10.07.03:360][908]LogVoxelMeshingProfiling: Display: Scenario name: UEDPIE_0_Map_RLE_Scenario8; Vertices: 19032
[2025.05.08-10.07.03:364][908]LogVoxelMeshingProfiling: Display: Scenario name: UEDPIE_0_Map_RLE_Scenario8; Vertices: 19032
[2025.05.08-10.07.03:367][908]LogVoxelMeshingProfiling: Display: Scenario name: UEDPIE_0_Map_RLE_Scenario8; Vertices: 19032
[2025.05.08-10.07.03:372][908]LogVoxelMeshingProfiling: Display: Scenario name: UEDPIE_0_Map_RLE_Scenario8; Vertices: 19032
[2025.05.08-10.07.03:378][908]LogVoxelMeshingProfiling: Display: Scenario name: UEDPIE_0_Map_RLE_Scenario8; Vertices: 19032
[2025.05.08-10.07.03:383][908]LogVoxelMeshingProfiling: Display: Scenario name: UEDPIE_0_Map_RLE_Scenario8; Vertices: 19032
[2025.05.08-10.07.03:389][908]LogVoxelMeshingProfiling: Display: Scenario name: UEDPIE_0_Map_RLE_Scenario8; Vertices: 19032
[2025.05.08-10.07.03:394][908]LogVoxelMeshingProfiling: Display: Scenario name: UEDPIE_0_Map_RLE_Scenario8; Vertices: 19032
[2025.05.08-10.07.03:398][908]LogVoxelMeshingProfiling: Display: Scenario name: UEDPIE_0_Map_RLE_Scenario8; Vertices: 19032
[2025.05.08-10.07.03:401][908]LogVoxelMeshingProfiling: Display: Scenario name: UEDPIE_0_Map_RLE_Scenario8; Vertices: 19032
[2025.05.08-10.07.03:406][908]LogVoxelMeshingProfiling: Display: Scenario name: UEDPIE_0_Map_RLE_Scenario8; Vertices: 19032
[2025.05.08-10.07.03:409][908]LogVoxelMeshingProfiling: Display: Scenario name: UEDPIE_0_Map_RLE_Scenario8; Vertices: 19032
[2025.05.08-10.07.03:414][908]LogVoxelMeshingProfiling: Display: Scenario name: UEDPIE_0_Map_RLE_Scenario8; Vertices: 19032
[2025.05.08-10.07.03:418][908]LogVoxelMeshingProfiling: Display: Scenario name: UEDPIE_0_Map_RLE_Scenario8; Vertices: 19032
[2025.05.08-10.07.03:424][908]LogVoxelMeshingProfiling: Display: Scenario name: UEDPIE_0_Map_RLE_Scenario8; Vertices: 19032
[2025.05.08-10.07.03:428][908]LogVoxelMeshingProfiling: Display: Scenario name: UEDPIE_0_Map_RLE_Scenario8; Vertices: 19032
[2025.05.08-10.07.03:431][908]LogVoxelMeshingProfiling: Display: Scenario name: UEDPIE_0_Map_RLE_Scenario8; Vertices: 19032
[2025.05.08-10.07.03:434][908]LogVoxelMeshingProfiling: Display: Scenario name: UEDPIE_0_Map_RLE_Scenario8; Vertices: 19032
[2025.05.08-10.07.03:442][908]LogVoxelMeshingProfiling: Display: Scenario name: UEDPIE_0_Map_RLE_Scenario8; Vertices: 19032
[2025.05.08-10.07.03:445][908]LogVoxelMeshingProfiling: Display: Scenario name: UEDPIE_0_Map_RLE_Scenario8; Vertices: 19032
[2025.05.08-10.07.03:450][908]LogVoxelMeshingProfiling: Display: Scenario name: UEDPIE_0_Map_RLE_Scenario8; Vertices: 19032
[2025.05.08-10.07.03:458][909]LogVoxelMeshingProfiling: Display: Scenario name: UEDPIE_0_Map_RLE_Scenario8; Vertices: 19032
[2025.05.08-10.07.03:461][909]LogVoxelMeshingProfiling: Display: Scenario name: UEDPIE_0_Map_RLE_Scenario8; Vertices: 19032
[2025.05.08-10.07.03:465][909]LogVoxelMeshingProfiling: Display: Scenario name: UEDPIE_0_Map_RLE_Scenario8; Vertices: 19032
[2025.05.08-10.07.03:468][909]LogVoxelMeshingProfiling: Display: Scenario name: UEDPIE_0_Map_RLE_Scenario8; Vertices: 19032
[2025.05.08-10.07.03:471][909]LogVoxelMeshingProfiling: Display: Scenario name: UEDPIE_0_Map_RLE_Scenario8; Vertices: 19032
[2025.05.08-10.07.03:476][909]LogVoxelMeshingProfiling: Display: Scenario name: UEDPIE_0_Map_RLE_Scenario8; Vertices: 19032
[2025.05.08-10.07.13:320][394]LogVoxelMeshingProfiling: Display: Scenario name: UEDPIE_0_Map_VoxelPlugin_Scenario8; Voxel Model memory: 262144
[2025.05.08-10.07.13:320][394]LogVoxelMeshingProfiling: Display: Scenario name: UEDPIE_0_Map_VoxelPlugin_Scenario8; OpaqueVoxelCount: 17071; TransparentVoxelCount: 15697
[2025.05.08-10.07.13:325][394]LogVoxelMeshingProfiling: Display: Scenario name: UEDPIE_0_Map_VoxelPlugin_Scenario8; Voxel Model memory: 262144
[2025.05.08-10.07.13:325][394]LogVoxelMeshingProfiling: Display: Scenario name: UEDPIE_0_Map_VoxelPlugin_Scenario8; OpaqueVoxelCount: 17071; TransparentVoxelCount: 15697
[2025.05.08-10.07.13:327][394]LogVoxelMeshingProfiling: Display: Scenario name: UEDPIE_0_Map_VoxelPlugin_Scenario8; Voxel Model memory: 262144
[2025.05.08-10.07.13:327][394]LogVoxelMeshingProfiling: Display: Scenario name: UEDPIE_0_Map_VoxelPlugin_Scenario8; OpaqueVoxelCount: 17071; TransparentVoxelCount: 15697
[2025.05.08-10.07.13:331][394]LogVoxelMeshingProfiling: Display: Scenario name: UEDPIE_0_Map_VoxelPlugin_Scenario8; Voxel Model memory: 262144
[2025.05.08-10.07.13:331][394]LogVoxelMeshingProfiling: Display: Scenario name: UEDPIE_0_Map_VoxelPlugin_Scenario8; OpaqueVoxelCount: 17071; TransparentVoxelCount: 15697
[2025.05.08-10.07.13:332][394]LogVoxelMeshingProfiling: Display: Scenario name: UEDPIE_0_Map_VoxelPlugin_Scenario8; Voxel Model memory: 262144
[2025.05.08-10.07.13:332][394]LogVoxelMeshingProfiling: Display: Scenario name: UEDPIE_0_Map_VoxelPlugin_Scenario8; OpaqueVoxelCount: 17071; TransparentVoxelCount: 15697
[2025.05.08-10.07.13:332][394]LogVoxelMeshingProfiling: Display: Scenario name: UEDPIE_0_Map_VoxelPlugin_Scenario8; Voxel Model memory: 262144
[2025.05.08-10.07.13:332][394]LogVoxelMeshingProfiling: Display: Scenario name: UEDPIE_0_Map_VoxelPlugin_Scenario8; OpaqueVoxelCount: 17071; TransparentVoxelCount: 15697
[2025.05.08-10.07.13:332][394]LogVoxelMeshingProfiling: Display: Scenario name: UEDPIE_0_Map_VoxelPlugin_Scenario8; Voxel Model memory: 262144
[2025.05.08-10.07.13:332][394]LogVoxelMeshingProfiling: Display: Scenario name: UEDPIE_0_Map_VoxelPlugin_Scenario8; OpaqueVoxelCount: 17071; TransparentVoxelCount: 15697
[2025.05.08-10.07.13:338][394]LogVoxelMeshingProfiling: Display: Scenario name: UEDPIE_0_Map_VoxelPlugin_Scenario8; Voxel Model memory: 262144
[2025.05.08-10.07.13:338][394]LogVoxelMeshingProfiling: Display: Scenario name: UEDPIE_0_Map_VoxelPlugin_Scenario8; OpaqueVoxelCount: 17071; TransparentVoxelCount: 15697
[2025.05.08-10.07.13:339][394]LogVoxelMeshingProfiling: Display: Scenario name: UEDPIE_0_Map_VoxelPlugin_Scenario8; Voxel Model memory: 262144
[2025.05.08-10.07.13:339][394]LogVoxelMeshingProfiling: Display: Scenario name: UEDPIE_0_Map_VoxelPlugin_Scenario8; OpaqueVoxelCount: 17071; TransparentVoxelCount: 15697
[2025.05.08-10.07.13:341][394]LogVoxelMeshingProfiling: Display: Scenario name: UEDPIE_0_Map_VoxelPlugin_Scenario8; Voxel Model memory: 262144
[2025.05.08-10.07.13:341][394]LogVoxelMeshingProfiling: Display: Scenario name: UEDPIE_0_Map_VoxelPlugin_Scenario8; OpaqueVoxelCount: 17071; TransparentVoxelCount: 15697
[2025.05.08-10.07.13:344][394]LogVoxelMeshingProfiling: Display: Scenario name: UEDPIE_0_Map_VoxelPlugin_Scenario8; Voxel Model memory: 262144
[2025.05.08-10.07.13:344][394]LogVoxelMeshingProfiling: Display: Scenario name: UEDPIE_0_Map_VoxelPlugin_Scenario8; OpaqueVoxelCount: 17071; TransparentVoxelCount: 15697
[2025.05.08-10.07.13:345][394]LogVoxelMeshingProfiling: Display: Scenario name: UEDPIE_0_Map_VoxelPlugin_Scenario8; Voxel Model memory: 262144
[2025.05.08-10.07.13:345][394]LogVoxelMeshingProfiling: Display: Scenario name: UEDPIE_0_Map_VoxelPlugin_Scenario8; OpaqueVoxelCount: 17071; TransparentVoxelCount: 15697
[2025.05.08-10.07.13:346][394]LogVoxelMeshingProfiling: Display: Scenario name: UEDPIE_0_Map_VoxelPlugin_Scenario8; Voxel Model memory: 262144
[2025.05.08-10.07.13:346][394]LogVoxelMeshingProfiling: Display: Scenario name: UEDPIE_0_Map_VoxelPlugin_Scenario8; OpaqueVoxelCount: 17071; TransparentVoxelCount: 15697
[2025.05.08-10.07.13:346][394]LogVoxelMeshingProfiling: Display: Scenario name: UEDPIE_0_Map_VoxelPlugin_Scenario8; Voxel Model memory: 262144
[2025.05.08-10.07.13:346][394]LogVoxelMeshingProfiling: Display: Scenario name: UEDPIE_0_Map_VoxelPlugin_Scenario8; OpaqueVoxelCount: 17071; TransparentVoxelCount: 15697
[2025.05.08-10.07.13:352][394]LogVoxelMeshingProfiling: Display: Scenario name: UEDPIE_0_Map_VoxelPlugin_Scenario8; Voxel Model memory: 262144
[2025.05.08-10.07.13:352][394]LogVoxelMeshingProfiling: Display: Scenario name: UEDPIE_0_Map_VoxelPlugin_Scenario8; OpaqueVoxelCount: 17071; TransparentVoxelCount: 15697
[2025.05.08-10.07.13:353][394]LogVoxelMeshingProfiling: Display: Scenario name: UEDPIE_0_Map_VoxelPlugin_Scenario8; Voxel Model memory: 262144
[2025.05.08-10.07.13:354][394]LogVoxelMeshingProfiling: Display: Scenario name: UEDPIE_0_Map_VoxelPlugin_Scenario8; OpaqueVoxelCount: 17071; TransparentVoxelCount: 15697
[2025.05.08-10.07.13:357][394]LogVoxelMeshingProfiling: Display: Scenario name: UEDPIE_0_Map_VoxelPlugin_Scenario8; Voxel Model memory: 262144
[2025.05.08-10.07.13:357][394]LogVoxelMeshingProfiling: Display: Scenario name: UEDPIE_0_Map_VoxelPlugin_Scenario8; OpaqueVoxelCount: 17071; TransparentVoxelCount: 15697
[2025.05.08-10.07.13:359][394]LogVoxelMeshingProfiling: Display: Scenario name: UEDPIE_0_Map_VoxelPlugin_Scenario8; Voxel Model memory: 262144
[2025.05.08-10.07.13:359][394]LogVoxelMeshingProfiling: Display: Scenario name: UEDPIE_0_Map_VoxelPlugin_Scenario8; OpaqueVoxelCount: 17071; TransparentVoxelCount: 15697
[2025.05.08-10.07.13:359][394]LogVoxelMeshingProfiling: Display: Scenario name: UEDPIE_0_Map_VoxelPlugin_Scenario8; Voxel Model memory: 262144
[2025.05.08-10.07.13:359][394]LogVoxelMeshingProfiling: Display: Scenario name: UEDPIE_0_Map_VoxelPlugin_Scenario8; OpaqueVoxelCount: 17071; TransparentVoxelCount: 15697
[2025.05.08-10.07.13:360][394]LogVoxelMeshingProfiling: Display: Scenario name: UEDPIE_0_Map_VoxelPlugin_Scenario8; Voxel Model memory: 262144
[2025.05.08-10.07.13:360][394]LogVoxelMeshingProfiling: Display: Scenario name: UEDPIE_0_Map_VoxelPlugin_Scenario8; OpaqueVoxelCount: 17071; TransparentVoxelCount: 15697
[2025.05.08-10.07.13:360][394]LogVoxelMeshingProfiling: Display: Scenario name: UEDPIE_0_Map_VoxelPlugin_Scenario8; Voxel Model memory: 262144
[2025.05.08-10.07.13:360][394]LogVoxelMeshingProfiling: Display: Scenario name: UEDPIE_0_Map_VoxelPlugin_Scenario8; OpaqueVoxelCount: 17071; TransparentVoxelCount: 15697
[2025.05.08-10.07.13:365][394]LogVoxelMeshingProfiling: Display: Scenario name: UEDPIE_0_Map_VoxelPlugin_Scenario8; Voxel Model memory: 262144
[2025.05.08-10.07.13:365][394]LogVoxelMeshingProfiling: Display: Scenario name: UEDPIE_0_Map_VoxelPlugin_Scenario8; OpaqueVoxelCount: 17071; TransparentVoxelCount: 15697
[2025.05.08-10.07.13:365][394]LogVoxelMeshingProfiling: Display: Scenario name: UEDPIE_0_Map_VoxelPlugin_Scenario8; Voxel Model memory: 262144
[2025.05.08-10.07.13:365][394]LogVoxelMeshingProfiling: Display: Scenario name: UEDPIE_0_Map_VoxelPlugin_Scenario8; OpaqueVoxelCount: 17071; TransparentVoxelCount: 15697
[2025.05.08-10.07.13:369][394]LogVoxelMeshingProfiling: Display: Scenario name: UEDPIE_0_Map_VoxelPlugin_Scenario8; Voxel Model memory: 262144
[2025.05.08-10.07.13:369][394]LogVoxelMeshingProfiling: Display: Scenario name: UEDPIE_0_Map_VoxelPlugin_Scenario8; OpaqueVoxelCount: 17071; TransparentVoxelCount: 15697
[2025.05.08-10.07.13:371][394]LogVoxelMeshingProfiling: Display: Scenario name: UEDPIE_0_Map_VoxelPlugin_Scenario8; Voxel Model memory: 262144
[2025.05.08-10.07.13:371][394]LogVoxelMeshingProfiling: Display: Scenario name: UEDPIE_0_Map_VoxelPlugin_Scenario8; OpaqueVoxelCount: 17071; TransparentVoxelCount: 15697
[2025.05.08-10.07.13:371][394]LogVoxelMeshingProfiling: Display: Scenario name: UEDPIE_0_Map_VoxelPlugin_Scenario8; Voxel Model memory: 262144
[2025.05.08-10.07.13:371][394]LogVoxelMeshingProfiling: Display: Scenario name: UEDPIE_0_Map_VoxelPlugin_Scenario8; OpaqueVoxelCount: 17071; TransparentVoxelCount: 15697
[2025.05.08-10.07.13:371][394]LogVoxelMeshingProfiling: Display: Scenario name: UEDPIE_0_Map_VoxelPlugin_Scenario8; Voxel Model memory: 262144
[2025.05.08-10.07.13:372][394]LogVoxelMeshingProfiling: Display: Scenario name: UEDPIE_0_Map_VoxelPlugin_Scenario8; OpaqueVoxelCount: 17071; TransparentVoxelCount: 15697
[2025.05.08-10.07.13:424][395]LogVoxelMeshingProfiling: Display: Scenario name: Map_VoxelPlugin_Scenario8; Vertices: 19032
[2025.05.08-10.07.13:428][395]LogVoxelMeshingProfiling: Display: Scenario name: Map_VoxelPlugin_Scenario8; Vertices: 19032
[2025.05.08-10.07.13:441][395]LogVoxelMeshingProfiling: Display: Scenario name: Map_VoxelPlugin_Scenario8; Vertices: 19032
[2025.05.08-10.07.13:443][395]LogVoxelMeshingProfiling: Display: Scenario name: Map_VoxelPlugin_Scenario8; Vertices: 19032
[2025.05.08-10.07.13:458][395]LogVoxelMeshingProfiling: Display: Scenario name: Map_VoxelPlugin_Scenario8; Vertices: 19032
[2025.05.08-10.07.13:458][395]LogVoxelMeshingProfiling: Display: Scenario name: Map_VoxelPlugin_Scenario8; Vertices: 19032
[2025.05.08-10.07.13:472][395]LogVoxelMeshingProfiling: Display: Scenario name: Map_VoxelPlugin_Scenario8; Vertices: 19032
[2025.05.08-10.07.13:479][395]LogVoxelMeshingProfiling: Display: Scenario name: Map_VoxelPlugin_Scenario8; Vertices: 19032
[2025.05.08-10.07.13:495][395]LogVoxelMeshingProfiling: Display: Scenario name: Map_VoxelPlugin_Scenario8; Vertices: 19032
[2025.05.08-10.07.13:501][395]LogVoxelMeshingProfiling: Display: Scenario name: Map_VoxelPlugin_Scenario8; Vertices: 19032
[2025.05.08-10.07.13:513][396]LogVoxelMeshingProfiling: Display: Scenario name: Map_VoxelPlugin_Scenario8; Vertices: 19032
[2025.05.08-10.07.13:534][396]LogVoxelMeshingProfiling: Display: Scenario name: Map_VoxelPlugin_Scenario8; Vertices: 19032
[2025.05.08-10.07.13:534][396]LogVoxelMeshingProfiling: Display: Scenario name: Map_VoxelPlugin_Scenario8; Vertices: 19032
[2025.05.08-10.07.13:556][397]LogVoxelMeshingProfiling: Display: Scenario name: Map_VoxelPlugin_Scenario8; Vertices: 19032
[2025.05.08-10.07.13:558][397]LogVoxelMeshingProfiling: Display: Scenario name: Map_VoxelPlugin_Scenario8; Vertices: 19032
[2025.05.08-10.07.13:654][401]LogVoxelMeshingProfiling: Display: Scenario name: Map_VoxelPlugin_Scenario8; Vertices: 19032
[2025.05.08-10.07.13:661][401]LogVoxelMeshingProfiling: Display: Scenario name: Map_VoxelPlugin_Scenario8; Vertices: 19032
[2025.05.08-10.07.13:679][402]LogVoxelMeshingProfiling: Display: Scenario name: Map_VoxelPlugin_Scenario8; Vertices: 19032
[2025.05.08-10.07.13:788][406]LogVoxelMeshingProfiling: Display: Scenario name: Map_VoxelPlugin_Scenario8; Vertices: 19032
[2025.05.08-10.07.13:789][406]LogVoxelMeshingProfiling: Display: Scenario name: Map_VoxelPlugin_Scenario8; Vertices: 19032
[2025.05.08-10.07.13:812][407]LogVoxelMeshingProfiling: Display: Scenario name: Map_VoxelPlugin_Scenario8; Vertices: 19032
[2025.05.08-10.07.13:813][407]LogVoxelMeshingProfiling: Display: Scenario name: Map_VoxelPlugin_Scenario8; Vertices: 19032
[2025.05.08-10.07.13:846][409]LogVoxelMeshingProfiling: Display: Scenario name: Map_VoxelPlugin_Scenario8; Vertices: 19032
[2025.05.08-10.07.13:855][409]LogVoxelMeshingProfiling: Display: Scenario name: Map_VoxelPlugin_Scenario8; Vertices: 19032
[2025.05.08-10.07.13:874][410]LogVoxelMeshingProfiling: Display: Scenario name: Map_VoxelPlugin_Scenario8; Vertices: 19032
[2025.05.08-10.07.13:875][410]LogVoxelMeshingProfiling: Display: Scenario name: Map_VoxelPlugin_Scenario8; Vertices: 19032
[2025.05.08-10.07.13:899][412]LogVoxelMeshingProfiling: Display: Scenario name: Map_VoxelPlugin_Scenario8; Vertices: 19032
