[2025.05.08-10.11.42:391][573]LogVoxelMeshingProfiling: Display: Scenario name: UEDPIE_0_Map_Grid_Scenario9; Voxel Model memory: 262144
[2025.05.08-10.11.42:391][573]LogVoxelMeshingProfiling: Display: Scenario name: UEDPIE_0_Map_Grid_Scenario9; OpaqueVoxelCount: 9261; TransparentVoxelCount: 23507
[2025.05.08-10.11.42:394][573]LogVoxelMeshingProfiling: Display: Scenario name: UEDPIE_0_Map_Grid_Scenario9; Voxel Model memory: 262144
[2025.05.08-10.11.42:395][573]LogVoxelMeshingProfiling: Display: Scenario name: UEDPIE_0_Map_Grid_Scenario9; Voxel Model memory: 262144
[2025.05.08-10.11.42:395][573]LogVoxelMeshingProfiling: Display: Scenario name: UEDPIE_0_Map_Grid_Scenario9; OpaqueVoxelCount: 9261; TransparentVoxelCount: 23507
[2025.05.08-10.11.42:395][573]LogVoxelMeshingProfiling: Display: Scenario name: UEDPIE_0_Map_Grid_Scenario9; OpaqueVoxelCount: 9261; TransparentVoxelCount: 23507
[2025.05.08-10.11.42:396][573]LogVoxelMeshingProfiling: Display: Scenario name: UEDPIE_0_Map_Grid_Scenario9; Voxel Model memory: 262144
[2025.05.08-10.11.42:396][573]LogVoxelMeshingProfiling: Display: Scenario name: UEDPIE_0_Map_Grid_Scenario9; OpaqueVoxelCount: 9261; TransparentVoxelCount: 23507
[2025.05.08-10.11.42:397][573]LogVoxelMeshingProfiling: Display: Scenario name: UEDPIE_0_Map_Grid_Scenario9; Voxel Model memory: 262144
[2025.05.08-10.11.42:397][573]LogVoxelMeshingProfiling: Display: Scenario name: UEDPIE_0_Map_Grid_Scenario9; OpaqueVoxelCount: 9261; TransparentVoxelCount: 23507
[2025.05.08-10.11.42:397][573]LogVoxelMeshingProfiling: Display: Scenario name: UEDPIE_0_Map_Grid_Scenario9; Voxel Model memory: 262144
[2025.05.08-10.11.42:397][573]LogVoxelMeshingProfiling: Display: Scenario name: UEDPIE_0_Map_Grid_Scenario9; OpaqueVoxelCount: 9261; TransparentVoxelCount: 23507
[2025.05.08-10.11.42:397][573]LogVoxelMeshingProfiling: Display: Scenario name: UEDPIE_0_Map_Grid_Scenario9; Voxel Model memory: 262144
[2025.05.08-10.11.42:397][573]LogVoxelMeshingProfiling: Display: Scenario name: UEDPIE_0_Map_Grid_Scenario9; OpaqueVoxelCount: 9261; TransparentVoxelCount: 23507
[2025.05.08-10.11.42:400][573]LogVoxelMeshingProfiling: Display: Scenario name: UEDPIE_0_Map_Grid_Scenario9; Voxel Model memory: 262144
[2025.05.08-10.11.42:400][573]LogVoxelMeshingProfiling: Display: Scenario name: UEDPIE_0_Map_Grid_Scenario9; OpaqueVoxelCount: 9261; TransparentVoxelCount: 23507
[2025.05.08-10.11.42:401][573]LogVoxelMeshingProfiling: Display: Scenario name: UEDPIE_0_Map_Grid_Scenario9; Voxel Model memory: 262144
[2025.05.08-10.11.42:401][573]LogVoxelMeshingProfiling: Display: Scenario name: UEDPIE_0_Map_Grid_Scenario9; OpaqueVoxelCount: 9261; TransparentVoxelCount: 23507
[2025.05.08-10.11.42:401][573]LogVoxelMeshingProfiling: Display: Scenario name: UEDPIE_0_Map_Grid_Scenario9; Voxel Model memory: 262144
[2025.05.08-10.11.42:401][573]LogVoxelMeshingProfiling: Display: Scenario name: UEDPIE_0_Map_Grid_Scenario9; OpaqueVoxelCount: 9261; TransparentVoxelCount: 23507
[2025.05.08-10.11.42:403][573]LogVoxelMeshingProfiling: Display: Scenario name: UEDPIE_0_Map_Grid_Scenario9; Voxel Model memory: 262144
[2025.05.08-10.11.42:403][573]LogVoxelMeshingProfiling: Display: Scenario name: UEDPIE_0_Map_Grid_Scenario9; OpaqueVoxelCount: 9261; TransparentVoxelCount: 23507
[2025.05.08-10.11.42:404][573]LogVoxelMeshingProfiling: Display: Scenario name: UEDPIE_0_Map_Grid_Scenario9; Voxel Model memory: 262144
[2025.05.08-10.11.42:404][573]LogVoxelMeshingProfiling: Display: Scenario name: UEDPIE_0_Map_Grid_Scenario9; OpaqueVoxelCount: 9261; TransparentVoxelCount: 23507
[2025.05.08-10.11.42:404][573]LogVoxelMeshingProfiling: Display: Scenario name: UEDPIE_0_Map_Grid_Scenario9; Voxel Model memory: 262144
[2025.05.08-10.11.42:404][573]LogVoxelMeshingProfiling: Display: Scenario name: UEDPIE_0_Map_Grid_Scenario9; OpaqueVoxelCount: 9261; TransparentVoxelCount: 23507
[2025.05.08-10.11.42:404][573]LogVoxelMeshingProfiling: Display: Scenario name: UEDPIE_0_Map_Grid_Scenario9; Voxel Model memory: 262144
[2025.05.08-10.11.42:404][573]LogVoxelMeshingProfiling: Display: Scenario name: UEDPIE_0_Map_Grid_Scenario9; OpaqueVoxelCount: 9261; TransparentVoxelCount: 23507
[2025.05.08-10.11.42:409][573]LogVoxelMeshingProfiling: Display: Scenario name: UEDPIE_0_Map_Grid_Scenario9; Voxel Model memory: 262144
[2025.05.08-10.11.42:409][573]LogVoxelMeshingProfiling: Display: Scenario name: UEDPIE_0_Map_Grid_Scenario9; OpaqueVoxelCount: 9261; TransparentVoxelCount: 23507
[2025.05.08-10.11.42:410][573]LogVoxelMeshingProfiling: Display: Scenario name: UEDPIE_0_Map_Grid_Scenario9; Voxel Model memory: 262144
[2025.05.08-10.11.42:410][573]LogVoxelMeshingProfiling: Display: Scenario name: UEDPIE_0_Map_Grid_Scenario9; OpaqueVoxelCount: 9261; TransparentVoxelCount: 23507
[2025.05.08-10.11.42:410][573]LogVoxelMeshingProfiling: Display: Scenario name: UEDPIE_0_Map_Grid_Scenario9; Voxel Model memory: 262144
[2025.05.08-10.11.42:410][573]LogVoxelMeshingProfiling: Display: Scenario name: UEDPIE_0_Map_Grid_Scenario9; OpaqueVoxelCount: 9261; TransparentVoxelCount: 23507
[2025.05.08-10.11.42:411][573]LogVoxelMeshingProfiling: Display: Scenario name: UEDPIE_0_Map_Grid_Scenario9; Voxel Model memory: 262144
[2025.05.08-10.11.42:411][573]LogVoxelMeshingProfiling: Display: Scenario name: UEDPIE_0_Map_Grid_Scenario9; OpaqueVoxelCount: 9261; TransparentVoxelCount: 23507
[2025.05.08-10.11.42:412][573]LogVoxelMeshingProfiling: Display: Scenario name: UEDPIE_0_Map_Grid_Scenario9; Voxel Model memory: 262144
[2025.05.08-10.11.42:412][573]LogVoxelMeshingProfiling: Display: Scenario name: UEDPIE_0_Map_Grid_Scenario9; OpaqueVoxelCount: 9261; TransparentVoxelCount: 23507
[2025.05.08-10.11.42:412][573]LogVoxelMeshingProfiling: Display: Scenario name: UEDPIE_0_Map_Grid_Scenario9; Voxel Model memory: 262144
[2025.05.08-10.11.42:412][573]LogVoxelMeshingProfiling: Display: Scenario name: UEDPIE_0_Map_Grid_Scenario9; OpaqueVoxelCount: 9261; TransparentVoxelCount: 23507
[2025.05.08-10.11.42:412][573]LogVoxelMeshingProfiling: Display: Scenario name: UEDPIE_0_Map_Grid_Scenario9; Voxel Model memory: 262144
[2025.05.08-10.11.42:412][573]LogVoxelMeshingProfiling: Display: Scenario name: UEDPIE_0_Map_Grid_Scenario9; OpaqueVoxelCount: 9261; TransparentVoxelCount: 23507
[2025.05.08-10.11.42:416][573]LogVoxelMeshingProfiling: Display: Scenario name: UEDPIE_0_Map_Grid_Scenario9; Voxel Model memory: 262144
[2025.05.08-10.11.42:416][573]LogVoxelMeshingProfiling: Display: Scenario name: UEDPIE_0_Map_Grid_Scenario9; OpaqueVoxelCount: 9261; TransparentVoxelCount: 23507
[2025.05.08-10.11.42:416][573]LogVoxelMeshingProfiling: Display: Scenario name: UEDPIE_0_Map_Grid_Scenario9; Voxel Model memory: 262144
[2025.05.08-10.11.42:416][573]LogVoxelMeshingProfiling: Display: Scenario name: UEDPIE_0_Map_Grid_Scenario9; OpaqueVoxelCount: 9261; TransparentVoxelCount: 23507
[2025.05.08-10.11.42:416][573]LogVoxelMeshingProfiling: Display: Scenario name: UEDPIE_0_Map_Grid_Scenario9; Voxel Model memory: 262144
[2025.05.08-10.11.42:416][573]LogVoxelMeshingProfiling: Display: Scenario name: UEDPIE_0_Map_Grid_Scenario9; OpaqueVoxelCount: 9261; TransparentVoxelCount: 23507
[2025.05.08-10.11.42:417][573]LogVoxelMeshingProfiling: Display: Scenario name: UEDPIE_0_Map_Grid_Scenario9; Voxel Model memory: 262144
[2025.05.08-10.11.42:417][573]LogVoxelMeshingProfiling: Display: Scenario name: UEDPIE_0_Map_Grid_Scenario9; OpaqueVoxelCount: 9261; TransparentVoxelCount: 23507
[2025.05.08-10.11.42:417][573]LogVoxelMeshingProfiling: Display: Scenario name: UEDPIE_0_Map_Grid_Scenario9; Voxel Model memory: 262144
[2025.05.08-10.11.42:417][573]LogVoxelMeshingProfiling: Display: Scenario name: UEDPIE_0_Map_Grid_Scenario9; OpaqueVoxelCount: 9261; TransparentVoxelCount: 23507
[2025.05.08-10.11.42:417][573]LogVoxelMeshingProfiling: Display: Scenario name: UEDPIE_0_Map_Grid_Scenario9; Voxel Model memory: 262144
[2025.05.08-10.11.42:418][573]LogVoxelMeshingProfiling: Display: Scenario name: UEDPIE_0_Map_Grid_Scenario9; OpaqueVoxelCount: 9261; TransparentVoxelCount: 23507
[2025.05.08-10.11.42:420][573]LogVoxelMeshingProfiling: Display: Scenario name: UEDPIE_0_Map_Grid_Scenario9; Vertices: 96
[2025.05.08-10.11.42:422][573]LogVoxelMeshingProfiling: Display: Scenario name: UEDPIE_0_Map_Grid_Scenario9; Vertices: 112
[2025.05.08-10.11.42:424][573]LogVoxelMeshingProfiling: Display: Scenario name: UEDPIE_0_Map_Grid_Scenario9; Vertices: 112
[2025.05.08-10.11.42:426][573]LogVoxelMeshingProfiling: Display: Scenario name: UEDPIE_0_Map_Grid_Scenario9; Vertices: 112
[2025.05.08-10.11.42:428][573]LogVoxelMeshingProfiling: Display: Scenario name: UEDPIE_0_Map_Grid_Scenario9; Vertices: 112
[2025.05.08-10.11.42:431][573]LogVoxelMeshingProfiling: Display: Scenario name: UEDPIE_0_Map_Grid_Scenario9; Vertices: 112
[2025.05.08-10.11.42:433][573]LogVoxelMeshingProfiling: Display: Scenario name: UEDPIE_0_Map_Grid_Scenario9; Vertices: 112
[2025.05.08-10.11.42:435][573]LogVoxelMeshingProfiling: Display: Scenario name: UEDPIE_0_Map_Grid_Scenario9; Vertices: 128
[2025.05.08-10.11.42:437][573]LogVoxelMeshingProfiling: Display: Scenario name: UEDPIE_0_Map_Grid_Scenario9; Vertices: 128
[2025.05.08-10.11.42:439][573]LogVoxelMeshingProfiling: Display: Scenario name: UEDPIE_0_Map_Grid_Scenario9; Vertices: 128
[2025.05.08-10.11.42:442][573]LogVoxelMeshingProfiling: Display: Scenario name: UEDPIE_0_Map_Grid_Scenario9; Vertices: 128
[2025.05.08-10.11.42:444][573]LogVoxelMeshingProfiling: Display: Scenario name: UEDPIE_0_Map_Grid_Scenario9; Vertices: 128
[2025.05.08-10.11.42:447][573]LogVoxelMeshingProfiling: Display: Scenario name: UEDPIE_0_Map_Grid_Scenario9; Vertices: 128
[2025.05.08-10.11.42:451][573]LogVoxelMeshingProfiling: Display: Scenario name: UEDPIE_0_Map_Grid_Scenario9; Vertices: 128
[2025.05.08-10.11.42:454][573]LogVoxelMeshingProfiling: Display: Scenario name: UEDPIE_0_Map_Grid_Scenario9; Vertices: 128
[2025.05.08-10.11.42:457][573]LogVoxelMeshingProfiling: Display: Scenario name: UEDPIE_0_Map_Grid_Scenario9; Vertices: 128
[2025.05.08-10.11.42:460][573]LogVoxelMeshingProfiling: Display: Scenario name: UEDPIE_0_Map_Grid_Scenario9; Vertices: 128
[2025.05.08-10.11.42:462][573]LogVoxelMeshingProfiling: Display: Scenario name: UEDPIE_0_Map_Grid_Scenario9; Vertices: 128
[2025.05.08-10.11.42:465][573]LogVoxelMeshingProfiling: Display: Scenario name: UEDPIE_0_Map_Grid_Scenario9; Vertices: 128
[2025.05.08-10.11.42:469][573]LogVoxelMeshingProfiling: Display: Scenario name: UEDPIE_0_Map_Grid_Scenario9; Vertices: 144
[2025.05.08-10.11.42:471][573]LogVoxelMeshingProfiling: Display: Scenario name: UEDPIE_0_Map_Grid_Scenario9; Vertices: 144
[2025.05.08-10.11.42:473][573]LogVoxelMeshingProfiling: Display: Scenario name: UEDPIE_0_Map_Grid_Scenario9; Vertices: 144
[2025.05.08-10.11.42:475][574]LogVoxelMeshingProfiling: Display: Scenario name: UEDPIE_0_Map_Grid_Scenario9; Vertices: 144
[2025.05.08-10.11.42:479][574]LogVoxelMeshingProfiling: Display: Scenario name: UEDPIE_0_Map_Grid_Scenario9; Vertices: 144
[2025.05.08-10.11.42:482][574]LogVoxelMeshingProfiling: Display: Scenario name: UEDPIE_0_Map_Grid_Scenario9; Vertices: 144
[2025.05.08-10.11.42:485][574]LogVoxelMeshingProfiling: Display: Scenario name: UEDPIE_0_Map_Grid_Scenario9; Vertices: 144
[2025.05.08-10.11.42:487][574]LogVoxelMeshingProfiling: Display: Scenario name: UEDPIE_0_Map_Grid_Scenario9; Vertices: 144
[2025.05.08-10.11.47:529][873]LogVoxelMeshingProfiling: Display: Scenario name: UEDPIE_0_Map_RLE_Scenario9; Voxel Model memory: 12840
[2025.05.08-10.11.47:533][873]LogVoxelMeshingProfiling: Display: Scenario name: UEDPIE_0_Map_RLE_Scenario9; Voxel Model memory: 12840
[2025.05.08-10.11.47:533][873]LogVoxelMeshingProfiling: Display: Scenario name: UEDPIE_0_Map_RLE_Scenario9; Voxel Model memory: 12840
[2025.05.08-10.11.47:533][873]LogVoxelMeshingProfiling: Display: Scenario name: UEDPIE_0_Map_RLE_Scenario9; Voxel Model memory: 12840
[2025.05.08-10.11.47:533][873]LogVoxelMeshingProfiling: Display: Scenario name: UEDPIE_0_Map_RLE_Scenario9; Voxel Model memory: 12840
[2025.05.08-10.11.47:534][873]LogVoxelMeshingProfiling: Display: Scenario name: UEDPIE_0_Map_RLE_Scenario9; Voxel Model memory: 12840
[2025.05.08-10.11.47:534][873]LogVoxelMeshingProfiling: Display: Scenario name: UEDPIE_0_Map_RLE_Scenario9; Voxel Model memory: 12840
[2025.05.08-10.11.47:539][873]LogVoxelMeshingProfiling: Display: Scenario name: UEDPIE_0_Map_RLE_Scenario9; Voxel Model memory: 12840
[2025.05.08-10.11.47:539][873]LogVoxelMeshingProfiling: Display: Scenario name: UEDPIE_0_Map_RLE_Scenario9; Voxel Model memory: 12840
[2025.05.08-10.11.47:539][873]LogVoxelMeshingProfiling: Display: Scenario name: UEDPIE_0_Map_RLE_Scenario9; Voxel Model memory: 12840
[2025.05.08-10.11.47:541][873]LogVoxelMeshingProfiling: Display: Scenario name: UEDPIE_0_Map_RLE_Scenario9; Voxel Model memory: 12840
[2025.05.08-10.11.47:543][873]LogVoxelMeshingProfiling: Display: Scenario name: UEDPIE_0_Map_RLE_Scenario9; Voxel Model memory: 12840
[2025.05.08-10.11.47:543][873]LogVoxelMeshingProfiling: Display: Scenario name: UEDPIE_0_Map_RLE_Scenario9; Voxel Model memory: 12840
[2025.05.08-10.11.47:543][873]LogVoxelMeshingProfiling: Display: Scenario name: UEDPIE_0_Map_RLE_Scenario9; Voxel Model memory: 12840
[2025.05.08-10.11.47:545][873]LogVoxelMeshingProfiling: Display: Scenario name: UEDPIE_0_Map_RLE_Scenario9; Voxel Model memory: 12840
[2025.05.08-10.11.47:546][873]LogVoxelMeshingProfiling: Display: Scenario name: UEDPIE_0_Map_RLE_Scenario9; Voxel Model memory: 12840
[2025.05.08-10.11.47:547][873]LogVoxelMeshingProfiling: Display: Scenario name: UEDPIE_0_Map_RLE_Scenario9; Voxel Model memory: 12840
[2025.05.08-10.11.47:547][873]LogVoxelMeshingProfiling: Display: Scenario name: UEDPIE_0_Map_RLE_Scenario9; Voxel Model memory: 12840
[2025.05.08-10.11.47:548][873]LogVoxelMeshingProfiling: Display: Scenario name: UEDPIE_0_Map_RLE_Scenario9; Voxel Model memory: 12840
[2025.05.08-10.11.47:548][873]LogVoxelMeshingProfiling: Display: Scenario name: UEDPIE_0_Map_RLE_Scenario9; Voxel Model memory: 12840
[2025.05.08-10.11.47:548][873]LogVoxelMeshingProfiling: Display: Scenario name: UEDPIE_0_Map_RLE_Scenario9; Voxel Model memory: 12840
[2025.05.08-10.11.47:552][873]LogVoxelMeshingProfiling: Display: Scenario name: UEDPIE_0_Map_RLE_Scenario9; Voxel Model memory: 12840
[2025.05.08-10.11.47:553][873]LogVoxelMeshingProfiling: Display: Scenario name: UEDPIE_0_Map_RLE_Scenario9; Voxel Model memory: 12840
[2025.05.08-10.11.47:553][873]LogVoxelMeshingProfiling: Display: Scenario name: UEDPIE_0_Map_RLE_Scenario9; Voxel Model memory: 12840
[2025.05.08-10.11.47:554][873]LogVoxelMeshingProfiling: Display: Scenario name: UEDPIE_0_Map_RLE_Scenario9; Voxel Model memory: 12840
[2025.05.08-10.11.47:555][873]LogVoxelMeshingProfiling: Display: Scenario name: UEDPIE_0_Map_RLE_Scenario9; Voxel Model memory: 12840
[2025.05.08-10.11.47:555][873]LogVoxelMeshingProfiling: Display: Scenario name: UEDPIE_0_Map_RLE_Scenario9; Voxel Model memory: 12840
[2025.05.08-10.11.47:562][873]LogVoxelMeshingProfiling: Display: Scenario name: UEDPIE_0_Map_RLE_Scenario9; Vertices: 21168
[2025.05.08-10.11.47:569][873]LogVoxelMeshingProfiling: Display: Scenario name: UEDPIE_0_Map_RLE_Scenario9; Vertices: 21168
[2025.05.08-10.11.47:576][873]LogVoxelMeshingProfiling: Display: Scenario name: UEDPIE_0_Map_RLE_Scenario9; Vertices: 21168
[2025.05.08-10.11.47:580][873]LogVoxelMeshingProfiling: Display: Scenario name: UEDPIE_0_Map_RLE_Scenario9; Vertices: 21168
[2025.05.08-10.11.47:584][873]LogVoxelMeshingProfiling: Display: Scenario name: UEDPIE_0_Map_RLE_Scenario9; Vertices: 21168
[2025.05.08-10.11.47:588][874]LogVoxelMeshingProfiling: Display: Scenario name: UEDPIE_0_Map_RLE_Scenario9; Vertices: 21168
[2025.05.08-10.11.47:594][874]LogVoxelMeshingProfiling: Display: Scenario name: UEDPIE_0_Map_RLE_Scenario9; Vertices: 21168
[2025.05.08-10.11.47:598][874]LogVoxelMeshingProfiling: Display: Scenario name: UEDPIE_0_Map_RLE_Scenario9; Vertices: 21168
[2025.05.08-10.11.47:605][874]LogVoxelMeshingProfiling: Display: Scenario name: UEDPIE_0_Map_RLE_Scenario9; Vertices: 21168
[2025.05.08-10.11.47:612][874]LogVoxelMeshingProfiling: Display: Scenario name: UEDPIE_0_Map_RLE_Scenario9; Vertices: 21168
[2025.05.08-10.11.47:619][874]LogVoxelMeshingProfiling: Display: Scenario name: UEDPIE_0_Map_RLE_Scenario9; Vertices: 21168
[2025.05.08-10.11.47:624][874]LogVoxelMeshingProfiling: Display: Scenario name: UEDPIE_0_Map_RLE_Scenario9; Vertices: 21168
[2025.05.08-10.11.47:629][874]LogVoxelMeshingProfiling: Display: Scenario name: UEDPIE_0_Map_RLE_Scenario9; Vertices: 21168
[2025.05.08-10.11.47:635][874]LogVoxelMeshingProfiling: Display: Scenario name: UEDPIE_0_Map_RLE_Scenario9; Vertices: 21168
[2025.05.08-10.11.47:641][874]LogVoxelMeshingProfiling: Display: Scenario name: UEDPIE_0_Map_RLE_Scenario9; Vertices: 21168
[2025.05.08-10.11.47:647][874]LogVoxelMeshingProfiling: Display: Scenario name: UEDPIE_0_Map_RLE_Scenario9; Vertices: 21168
[2025.05.08-10.11.47:655][874]LogVoxelMeshingProfiling: Display: Scenario name: UEDPIE_0_Map_RLE_Scenario9; Vertices: 21168
[2025.05.08-10.11.47:662][874]LogVoxelMeshingProfiling: Display: Scenario name: UEDPIE_0_Map_RLE_Scenario9; Vertices: 21168
[2025.05.08-10.11.47:669][874]LogVoxelMeshingProfiling: Display: Scenario name: UEDPIE_0_Map_RLE_Scenario9; Vertices: 21168
[2025.05.08-10.11.47:673][874]LogVoxelMeshingProfiling: Display: Scenario name: UEDPIE_0_Map_RLE_Scenario9; Vertices: 21168
[2025.05.08-10.11.47:676][874]LogVoxelMeshingProfiling: Display: Scenario name: UEDPIE_0_Map_RLE_Scenario9; Vertices: 21168
[2025.05.08-10.11.47:683][874]LogVoxelMeshingProfiling: Display: Scenario name: UEDPIE_0_Map_RLE_Scenario9; Vertices: 21168
[2025.05.08-10.11.47:690][875]LogVoxelMeshingProfiling: Display: Scenario name: UEDPIE_0_Map_RLE_Scenario9; Vertices: 21168
[2025.05.08-10.11.47:694][875]LogVoxelMeshingProfiling: Display: Scenario name: UEDPIE_0_Map_RLE_Scenario9; Vertices: 21168
[2025.05.08-10.11.47:698][875]LogVoxelMeshingProfiling: Display: Scenario name: UEDPIE_0_Map_RLE_Scenario9; Vertices: 21168
[2025.05.08-10.11.47:702][875]LogVoxelMeshingProfiling: Display: Scenario name: UEDPIE_0_Map_RLE_Scenario9; Vertices: 21168
[2025.05.08-10.11.47:706][875]LogVoxelMeshingProfiling: Display: Scenario name: UEDPIE_0_Map_RLE_Scenario9; Vertices: 21168
[2025.05.08-10.11.55:704][334]LogVoxelMeshingProfiling: Display: Scenario name: UEDPIE_0_Map_VoxelPlugin_Scenario9; Voxel Model memory: 262144
[2025.05.08-10.11.55:704][334]LogVoxelMeshingProfiling: Display: Scenario name: UEDPIE_0_Map_VoxelPlugin_Scenario9; OpaqueVoxelCount: 9261; TransparentVoxelCount: 23507
[2025.05.08-10.11.55:708][334]LogVoxelMeshingProfiling: Display: Scenario name: UEDPIE_0_Map_VoxelPlugin_Scenario9; Voxel Model memory: 262144
[2025.05.08-10.11.55:708][334]LogVoxelMeshingProfiling: Display: Scenario name: UEDPIE_0_Map_VoxelPlugin_Scenario9; OpaqueVoxelCount: 9261; TransparentVoxelCount: 23507
[2025.05.08-10.11.55:709][334]LogVoxelMeshingProfiling: Display: Scenario name: UEDPIE_0_Map_VoxelPlugin_Scenario9; Voxel Model memory: 262144
[2025.05.08-10.11.55:709][334]LogVoxelMeshingProfiling: Display: Scenario name: UEDPIE_0_Map_VoxelPlugin_Scenario9; OpaqueVoxelCount: 9261; TransparentVoxelCount: 23507
[2025.05.08-10.11.55:709][334]LogVoxelMeshingProfiling: Display: Scenario name: UEDPIE_0_Map_VoxelPlugin_Scenario9; Voxel Model memory: 262144
[2025.05.08-10.11.55:709][334]LogVoxelMeshingProfiling: Display: Scenario name: UEDPIE_0_Map_VoxelPlugin_Scenario9; OpaqueVoxelCount: 9261; TransparentVoxelCount: 23507
[2025.05.08-10.11.55:709][334]LogVoxelMeshingProfiling: Display: Scenario name: UEDPIE_0_Map_VoxelPlugin_Scenario9; Voxel Model memory: 262144
[2025.05.08-10.11.55:709][334]LogVoxelMeshingProfiling: Display: Scenario name: UEDPIE_0_Map_VoxelPlugin_Scenario9; OpaqueVoxelCount: 9261; TransparentVoxelCount: 23507
[2025.05.08-10.11.55:711][334]LogVoxelMeshingProfiling: Display: Scenario name: UEDPIE_0_Map_VoxelPlugin_Scenario9; Voxel Model memory: 262144
[2025.05.08-10.11.55:711][334]LogVoxelMeshingProfiling: Display: Scenario name: UEDPIE_0_Map_VoxelPlugin_Scenario9; OpaqueVoxelCount: 9261; TransparentVoxelCount: 23507
[2025.05.08-10.11.55:711][334]LogVoxelMeshingProfiling: Display: Scenario name: UEDPIE_0_Map_VoxelPlugin_Scenario9; Voxel Model memory: 262144
[2025.05.08-10.11.55:711][334]LogVoxelMeshingProfiling: Display: Scenario name: UEDPIE_0_Map_VoxelPlugin_Scenario9; OpaqueVoxelCount: 9261; TransparentVoxelCount: 23507
[2025.05.08-10.11.55:715][334]LogVoxelMeshingProfiling: Display: Scenario name: UEDPIE_0_Map_VoxelPlugin_Scenario9; Voxel Model memory: 262144
[2025.05.08-10.11.55:716][334]LogVoxelMeshingProfiling: Display: Scenario name: UEDPIE_0_Map_VoxelPlugin_Scenario9; OpaqueVoxelCount: 9261; TransparentVoxelCount: 23507
[2025.05.08-10.11.55:716][334]LogVoxelMeshingProfiling: Display: Scenario name: UEDPIE_0_Map_VoxelPlugin_Scenario9; Voxel Model memory: 262144
[2025.05.08-10.11.55:716][334]LogVoxelMeshingProfiling: Display: Scenario name: UEDPIE_0_Map_VoxelPlugin_Scenario9; OpaqueVoxelCount: 9261; TransparentVoxelCount: 23507
[2025.05.08-10.11.55:716][334]LogVoxelMeshingProfiling: Display: Scenario name: UEDPIE_0_Map_VoxelPlugin_Scenario9; Voxel Model memory: 262144
[2025.05.08-10.11.55:716][334]LogVoxelMeshingProfiling: Display: Scenario name: UEDPIE_0_Map_VoxelPlugin_Scenario9; OpaqueVoxelCount: 9261; TransparentVoxelCount: 23507
[2025.05.08-10.11.55:716][334]LogVoxelMeshingProfiling: Display: Scenario name: UEDPIE_0_Map_VoxelPlugin_Scenario9; Voxel Model memory: 262144
[2025.05.08-10.11.55:716][334]LogVoxelMeshingProfiling: Display: Scenario name: UEDPIE_0_Map_VoxelPlugin_Scenario9; OpaqueVoxelCount: 9261; TransparentVoxelCount: 23507
[2025.05.08-10.11.55:717][334]LogVoxelMeshingProfiling: Display: Scenario name: UEDPIE_0_Map_VoxelPlugin_Scenario9; Voxel Model memory: 262144
[2025.05.08-10.11.55:717][334]LogVoxelMeshingProfiling: Display: Scenario name: UEDPIE_0_Map_VoxelPlugin_Scenario9; OpaqueVoxelCount: 9261; TransparentVoxelCount: 23507
[2025.05.08-10.11.55:717][334]LogVoxelMeshingProfiling: Display: Scenario name: UEDPIE_0_Map_VoxelPlugin_Scenario9; Voxel Model memory: 262144
[2025.05.08-10.11.55:717][334]LogVoxelMeshingProfiling: Display: Scenario name: UEDPIE_0_Map_VoxelPlugin_Scenario9; OpaqueVoxelCount: 9261; TransparentVoxelCount: 23507
[2025.05.08-10.11.55:717][334]LogVoxelMeshingProfiling: Display: Scenario name: UEDPIE_0_Map_VoxelPlugin_Scenario9; Voxel Model memory: 262144
[2025.05.08-10.11.55:717][334]LogVoxelMeshingProfiling: Display: Scenario name: UEDPIE_0_Map_VoxelPlugin_Scenario9; OpaqueVoxelCount: 9261; TransparentVoxelCount: 23507
[2025.05.08-10.11.55:720][334]LogVoxelMeshingProfiling: Display: Scenario name: UEDPIE_0_Map_VoxelPlugin_Scenario9; Voxel Model memory: 262144
[2025.05.08-10.11.55:721][334]LogVoxelMeshingProfiling: Display: Scenario name: UEDPIE_0_Map_VoxelPlugin_Scenario9; OpaqueVoxelCount: 9261; TransparentVoxelCount: 23507
[2025.05.08-10.11.55:721][334]LogVoxelMeshingProfiling: Display: Scenario name: UEDPIE_0_Map_VoxelPlugin_Scenario9; Voxel Model memory: 262144
[2025.05.08-10.11.55:721][334]LogVoxelMeshingProfiling: Display: Scenario name: UEDPIE_0_Map_VoxelPlugin_Scenario9; OpaqueVoxelCount: 9261; TransparentVoxelCount: 23507
[2025.05.08-10.11.55:724][334]LogVoxelMeshingProfiling: Display: Scenario name: UEDPIE_0_Map_VoxelPlugin_Scenario9; Voxel Model memory: 262144
[2025.05.08-10.11.55:724][334]LogVoxelMeshingProfiling: Display: Scenario name: UEDPIE_0_Map_VoxelPlugin_Scenario9; OpaqueVoxelCount: 9261; TransparentVoxelCount: 23507
[2025.05.08-10.11.55:724][334]LogVoxelMeshingProfiling: Display: Scenario name: UEDPIE_0_Map_VoxelPlugin_Scenario9; Voxel Model memory: 262144
[2025.05.08-10.11.55:724][334]LogVoxelMeshingProfiling: Display: Scenario name: UEDPIE_0_Map_VoxelPlugin_Scenario9; OpaqueVoxelCount: 9261; TransparentVoxelCount: 23507
[2025.05.08-10.11.55:724][334]LogVoxelMeshingProfiling: Display: Scenario name: UEDPIE_0_Map_VoxelPlugin_Scenario9; Voxel Model memory: 262144
[2025.05.08-10.11.55:724][334]LogVoxelMeshingProfiling: Display: Scenario name: UEDPIE_0_Map_VoxelPlugin_Scenario9; OpaqueVoxelCount: 9261; TransparentVoxelCount: 23507
[2025.05.08-10.11.55:724][334]LogVoxelMeshingProfiling: Display: Scenario name: UEDPIE_0_Map_VoxelPlugin_Scenario9; Voxel Model memory: 262144
[2025.05.08-10.11.55:724][334]LogVoxelMeshingProfiling: Display: Scenario name: UEDPIE_0_Map_VoxelPlugin_Scenario9; OpaqueVoxelCount: 9261; TransparentVoxelCount: 23507
[2025.05.08-10.11.55:725][334]LogVoxelMeshingProfiling: Display: Scenario name: UEDPIE_0_Map_VoxelPlugin_Scenario9; Voxel Model memory: 262144
[2025.05.08-10.11.55:725][334]LogVoxelMeshingProfiling: Display: Scenario name: UEDPIE_0_Map_VoxelPlugin_Scenario9; OpaqueVoxelCount: 9261; TransparentVoxelCount: 23507
[2025.05.08-10.11.55:729][334]LogVoxelMeshingProfiling: Display: Scenario name: UEDPIE_0_Map_VoxelPlugin_Scenario9; Voxel Model memory: 262144
[2025.05.08-10.11.55:729][334]LogVoxelMeshingProfiling: Display: Scenario name: UEDPIE_0_Map_VoxelPlugin_Scenario9; OpaqueVoxelCount: 9261; TransparentVoxelCount: 23507
[2025.05.08-10.11.55:729][334]LogVoxelMeshingProfiling: Display: Scenario name: UEDPIE_0_Map_VoxelPlugin_Scenario9; Voxel Model memory: 262144
[2025.05.08-10.11.55:729][334]LogVoxelMeshingProfiling: Display: Scenario name: UEDPIE_0_Map_VoxelPlugin_Scenario9; OpaqueVoxelCount: 9261; TransparentVoxelCount: 23507
[2025.05.08-10.11.55:730][334]LogVoxelMeshingProfiling: Display: Scenario name: UEDPIE_0_Map_VoxelPlugin_Scenario9; Voxel Model memory: 262144
[2025.05.08-10.11.55:730][334]LogVoxelMeshingProfiling: Display: Scenario name: UEDPIE_0_Map_VoxelPlugin_Scenario9; OpaqueVoxelCount: 9261; TransparentVoxelCount: 23507
[2025.05.08-10.11.55:730][334]LogVoxelMeshingProfiling: Display: Scenario name: UEDPIE_0_Map_VoxelPlugin_Scenario9; Voxel Model memory: 262144
[2025.05.08-10.11.55:730][334]LogVoxelMeshingProfiling: Display: Scenario name: UEDPIE_0_Map_VoxelPlugin_Scenario9; OpaqueVoxelCount: 9261; TransparentVoxelCount: 23507
[2025.05.08-10.11.55:730][334]LogVoxelMeshingProfiling: Display: Scenario name: UEDPIE_0_Map_VoxelPlugin_Scenario9; Voxel Model memory: 262144
[2025.05.08-10.11.55:730][334]LogVoxelMeshingProfiling: Display: Scenario name: UEDPIE_0_Map_VoxelPlugin_Scenario9; OpaqueVoxelCount: 9261; TransparentVoxelCount: 23507
[2025.05.08-10.11.55:730][334]LogVoxelMeshingProfiling: Display: Scenario name: UEDPIE_0_Map_VoxelPlugin_Scenario9; Voxel Model memory: 262144
[2025.05.08-10.11.55:730][334]LogVoxelMeshingProfiling: Display: Scenario name: UEDPIE_0_Map_VoxelPlugin_Scenario9; OpaqueVoxelCount: 9261; TransparentVoxelCount: 23507
[2025.05.08-10.11.55:786][335]LogVoxelMeshingProfiling: Display: Scenario name: Map_VoxelPlugin_Scenario9; Vertices: 12348
[2025.05.08-10.11.55:792][335]LogVoxelMeshingProfiling: Display: Scenario name: Map_VoxelPlugin_Scenario9; Vertices: 14112
[2025.05.08-10.11.55:803][335]LogVoxelMeshingProfiling: Display: Scenario name: Map_VoxelPlugin_Scenario9; Vertices: 14112
[2025.05.08-10.11.55:806][335]LogVoxelMeshingProfiling: Display: Scenario name: Map_VoxelPlugin_Scenario9; Vertices: 15876
[2025.05.08-10.11.55:820][335]LogVoxelMeshingProfiling: Display: Scenario name: Map_VoxelPlugin_Scenario9; Vertices: 15876
[2025.05.08-10.11.55:821][335]LogVoxelMeshingProfiling: Display: Scenario name: Map_VoxelPlugin_Scenario9; Vertices: 14112
[2025.05.08-10.11.55:833][335]LogVoxelMeshingProfiling: Display: Scenario name: Map_VoxelPlugin_Scenario9; Vertices: 14112
[2025.05.08-10.11.55:843][335]LogVoxelMeshingProfiling: Display: Scenario name: Map_VoxelPlugin_Scenario9; Vertices: 15876
[2025.05.08-10.11.55:858][335]LogVoxelMeshingProfiling: Display: Scenario name: Map_VoxelPlugin_Scenario9; Vertices: 15876
[2025.05.08-10.11.55:862][335]LogVoxelMeshingProfiling: Display: Scenario name: Map_VoxelPlugin_Scenario9; Vertices: 12348
[2025.05.08-10.11.55:875][336]LogVoxelMeshingProfiling: Display: Scenario name: Map_VoxelPlugin_Scenario9; Vertices: 10584
[2025.05.08-10.11.55:892][336]LogVoxelMeshingProfiling: Display: Scenario name: Map_VoxelPlugin_Scenario9; Vertices: 12348
[2025.05.08-10.11.55:893][336]LogVoxelMeshingProfiling: Display: Scenario name: Map_VoxelPlugin_Scenario9; Vertices: 14112
[2025.05.08-10.11.55:907][337]LogVoxelMeshingProfiling: Display: Scenario name: Map_VoxelPlugin_Scenario9; Vertices: 12348
[2025.05.08-10.11.55:911][337]LogVoxelMeshingProfiling: Display: Scenario name: Map_VoxelPlugin_Scenario9; Vertices: 14112
[2025.05.08-10.11.55:958][339]LogVoxelMeshingProfiling: Display: Scenario name: Map_VoxelPlugin_Scenario9; Vertices: 12348
[2025.05.08-10.11.55:965][339]LogVoxelMeshingProfiling: Display: Scenario name: Map_VoxelPlugin_Scenario9; Vertices: 14112
[2025.05.08-10.11.55:991][340]LogVoxelMeshingProfiling: Display: Scenario name: Map_VoxelPlugin_Scenario9; Vertices: 14112
[2025.05.08-10.11.56:115][344]LogVoxelMeshingProfiling: Display: Scenario name: Map_VoxelPlugin_Scenario9; Vertices: 14112
[2025.05.08-10.11.56:116][344]LogVoxelMeshingProfiling: Display: Scenario name: Map_VoxelPlugin_Scenario9; Vertices: 12348
[2025.05.08-10.11.56:134][345]LogVoxelMeshingProfiling: Display: Scenario name: Map_VoxelPlugin_Scenario9; Vertices: 15876
[2025.05.08-10.11.56:137][345]LogVoxelMeshingProfiling: Display: Scenario name: Map_VoxelPlugin_Scenario9; Vertices: 14112
[2025.05.08-10.11.56:157][345]LogVoxelMeshingProfiling: Display: Scenario name: Map_VoxelPlugin_Scenario9; Vertices: 14112
[2025.05.08-10.11.56:164][346]LogVoxelMeshingProfiling: Display: Scenario name: Map_VoxelPlugin_Scenario9; Vertices: 15876
[2025.05.08-10.11.56:185][347]LogVoxelMeshingProfiling: Display: Scenario name: Map_VoxelPlugin_Scenario9; Vertices: 14112
[2025.05.08-10.11.56:186][347]LogVoxelMeshingProfiling: Display: Scenario name: Map_VoxelPlugin_Scenario9; Vertices: 15876
[2025.05.08-10.11.56:207][348]LogVoxelMeshingProfiling: Display: Scenario name: Map_VoxelPlugin_Scenario9; Vertices: 15876
