[2025.05.06-07.42.48:910][682]LogVoxelMeshingProfiling: Display: Scenario name: UEDPIE_0_Map_Grid_Scenario1; Voxel Model memory: 262144
[2025.05.06-07.42.48:910][682]LogVoxelMeshingProfiling: Display: Scenario name: UEDPIE_0_Map_Grid_Scenario1; OpaqueVoxelCount: 32768; TransparentVoxelCount: 0
[2025.05.06-07.42.48:914][682]LogVoxelMeshingProfiling: Display: Scenario name: UEDPIE_0_Map_Grid_Scenario1; Vertices: 24
[2025.05.06-07.43.03:803][561]LogVoxelMeshingProfiling: Display: Scenario name: UEDPIE_0_Map_RLE_Scenario1; Voxel Model memory: 12
[2025.05.06-07.43.03:807][561]LogVoxelMeshingProfiling: Display: Scenario name: UEDPIE_0_Map_RLE_Scenario1; Vertices: 16640
[2025.05.06-07.43.09:629][743]LogVoxelMeshingProfiling: Display: Scenario name: UEDPIE_0_Map_VoxelPlugin_Scenario1; Voxel Model memory: 262144
[2025.05.06-07.43.09:629][743]LogVoxelMeshingProfiling: Display: Scenario name: UEDPIE_0_Map_VoxelPlugin_Scenario1; OpaqueVoxelCount: 32768; TransparentVoxelCount: 0
[2025.05.06-07.43.09:762][744]LogVoxelMeshingProfiling: Display: Scenario name: Map_VoxelPlugin_Scenario1; Vertices: 24576
[2025.05.06-07.43.16:762][ 19]LogVoxelMeshingProfiling: Display: Scenario name: UEDPIE_0_Map_Grid_Scenario2; Voxel Model memory: 262144
[2025.05.06-07.43.16:762][ 19]LogVoxelMeshingProfiling: Display: Scenario name: UEDPIE_0_Map_Grid_Scenario2; OpaqueVoxelCount: 16384; TransparentVoxelCount: 16384
[2025.05.06-07.43.16:765][ 19]LogVoxelMeshingProfiling: Display: Scenario name: UEDPIE_0_Map_Grid_Scenario2; Vertices: 24
[2025.05.06-07.43.21:117][143]LogVoxelMeshingProfiling: Display: Scenario name: UEDPIE_0_Map_RLE_Scenario2; Voxel Model memory: 900
[2025.05.06-07.43.21:119][143]LogVoxelMeshingProfiling: Display: Scenario name: UEDPIE_0_Map_RLE_Scenario2; Vertices: 10368
[2025.05.06-07.44.07:025][ 16]LogVoxelMeshingProfiling: Display: Scenario name: UEDPIE_0_Map_VoxelPlugin_Scenario2; Voxel Model memory: 262144
[2025.05.06-07.44.07:025][ 16]LogVoxelMeshingProfiling: Display: Scenario name: UEDPIE_0_Map_VoxelPlugin_Scenario2; OpaqueVoxelCount: 16384; TransparentVoxelCount: 16384
[2025.05.06-07.44.07:152][ 17]LogVoxelMeshingProfiling: Display: Scenario name: Map_VoxelPlugin_Scenario2; Vertices: 16384
[2025.05.06-07.44.13:139][274]LogVoxelMeshingProfiling: Display: Scenario name: UEDPIE_0_Map_Grid_Scenario3; Voxel Model memory: 262144
[2025.05.06-07.44.13:139][274]LogVoxelMeshingProfiling: Display: Scenario name: UEDPIE_0_Map_Grid_Scenario3; OpaqueVoxelCount: 16384; TransparentVoxelCount: 16384
[2025.05.06-07.44.13:142][274]LogVoxelMeshingProfiling: Display: Scenario name: UEDPIE_0_Map_Grid_Scenario3; Vertices: 24
[2025.05.06-07.44.17:706][411]LogVoxelMeshingProfiling: Display: Scenario name: UEDPIE_0_Map_RLE_Scenario3; Voxel Model memory: 24756
[2025.05.06-07.44.17:711][411]LogVoxelMeshingProfiling: Display: Scenario name: UEDPIE_0_Map_RLE_Scenario3; Vertices: 24576
[2025.05.06-07.44.21:793][527]LogVoxelMeshingProfiling: Display: Scenario name: UEDPIE_0_Map_VoxelPlugin_Scenario3; Voxel Model memory: 262144
[2025.05.06-07.44.21:793][527]LogVoxelMeshingProfiling: Display: Scenario name: UEDPIE_0_Map_VoxelPlugin_Scenario3; OpaqueVoxelCount: 16384; TransparentVoxelCount: 16384
[2025.05.06-07.44.21:879][528]LogVoxelMeshingProfiling: Display: Scenario name: Map_VoxelPlugin_Scenario3; Vertices: 16384
[2025.05.06-07.44.27:910][727]LogVoxelMeshingProfiling: Display: Scenario name: UEDPIE_0_Map_Grid_Scenario4; Voxel Model memory: 262144
[2025.05.06-07.44.27:910][727]LogVoxelMeshingProfiling: Display: Scenario name: UEDPIE_0_Map_Grid_Scenario4; OpaqueVoxelCount: 16384; TransparentVoxelCount: 16384
[2025.05.06-07.44.27:913][727]LogVoxelMeshingProfiling: Display: Scenario name: UEDPIE_0_Map_Grid_Scenario4; Vertices: 24
[2025.05.06-07.44.32:199][844]LogVoxelMeshingProfiling: Display: Scenario name: UEDPIE_0_Map_RLE_Scenario4; Voxel Model memory: 216
[2025.05.06-07.44.32:202][844]LogVoxelMeshingProfiling: Display: Scenario name: UEDPIE_0_Map_RLE_Scenario4; Vertices: 8384
[2025.05.06-07.44.36:773][947]LogVoxelMeshingProfiling: Display: Scenario name: UEDPIE_0_Map_VoxelPlugin_Scenario4; Voxel Model memory: 262144
[2025.05.06-07.44.36:775][947]LogVoxelMeshingProfiling: Display: Scenario name: UEDPIE_0_Map_VoxelPlugin_Scenario4; OpaqueVoxelCount: 16384; TransparentVoxelCount: 16384
[2025.05.06-07.44.36:905][948]LogVoxelMeshingProfiling: Display: Scenario name: Map_VoxelPlugin_Scenario4; Vertices: 16384
[2025.05.06-07.44.47:331][458]LogVoxelMeshingProfiling: Display: Scenario name: UEDPIE_0_Map_Grid_Scenario5; Voxel Model memory: 262144
[2025.05.06-07.44.47:331][458]LogVoxelMeshingProfiling: Display: Scenario name: UEDPIE_0_Map_Grid_Scenario5; OpaqueVoxelCount: 4096; TransparentVoxelCount: 28672
[2025.05.06-07.44.47:363][458]LogVoxelMeshingProfiling: Display: Scenario name: UEDPIE_0_Map_Grid_Scenario5; Vertices: 98304
[2025.05.06-07.44.51:303][578]LogVoxelMeshingProfiling: Display: Scenario name: UEDPIE_0_Map_RLE_Scenario5; Voxel Model memory: 123804
[2025.05.06-07.44.51:321][578]LogVoxelMeshingProfiling: Display: Scenario name: UEDPIE_0_Map_RLE_Scenario5; Vertices: 98304
[2025.05.06-07.44.55:730][672]LogVoxelMeshingProfiling: Display: Scenario name: UEDPIE_0_Map_VoxelPlugin_Scenario5; Voxel Model memory: 262144
[2025.05.06-07.44.55:730][672]LogVoxelMeshingProfiling: Display: Scenario name: UEDPIE_0_Map_VoxelPlugin_Scenario5; OpaqueVoxelCount: 4096; TransparentVoxelCount: 28672
[2025.05.06-07.44.55:829][673]LogVoxelMeshingProfiling: Display: Scenario name: Map_VoxelPlugin_Scenario5; Vertices: 98304
[2025.05.06-07.45.02:139][872]LogVoxelMeshingProfiling: Display: Scenario name: UEDPIE_0_Map_Grid_Scenario6; Voxel Model memory: 262144
[2025.05.06-07.45.02:139][872]LogVoxelMeshingProfiling: Display: Scenario name: UEDPIE_0_Map_Grid_Scenario6; OpaqueVoxelCount: 4096; TransparentVoxelCount: 28672
[2025.05.06-07.45.02:141][872]LogVoxelMeshingProfiling: Display: Scenario name: UEDPIE_0_Map_Grid_Scenario6; Vertices: 24
[2025.05.06-07.45.06:274][976]LogVoxelMeshingProfiling: Display: Scenario name: UEDPIE_0_Map_RLE_Scenario6; Voxel Model memory: 6540
[2025.05.06-07.45.06:275][976]LogVoxelMeshingProfiling: Display: Scenario name: UEDPIE_0_Map_RLE_Scenario6; Vertices: 6144
[2025.05.06-07.45.12:745][264]LogVoxelMeshingProfiling: Display: Scenario name: UEDPIE_0_Map_VoxelPlugin_Scenario6; Voxel Model memory: 262144
[2025.05.06-07.45.12:745][264]LogVoxelMeshingProfiling: Display: Scenario name: UEDPIE_0_Map_VoxelPlugin_Scenario6; OpaqueVoxelCount: 4096; TransparentVoxelCount: 28672
[2025.05.06-07.45.12:862][265]LogVoxelMeshingProfiling: Display: Scenario name: Map_VoxelPlugin_Scenario6; Vertices: 6144
[2025.05.06-07.45.24:302][895]LogVoxelMeshingProfiling: Display: Scenario name: UEDPIE_0_Map_Grid_Scenario7; Voxel Model memory: 262144
[2025.05.06-07.45.24:302][895]LogVoxelMeshingProfiling: Display: Scenario name: UEDPIE_0_Map_Grid_Scenario7; OpaqueVoxelCount: 8000; TransparentVoxelCount: 24768
[2025.05.06-07.45.24:304][895]LogVoxelMeshingProfiling: Display: Scenario name: UEDPIE_0_Map_Grid_Scenario7; Vertices: 192
[2025.05.06-07.45.28:616][  8]LogVoxelMeshingProfiling: Display: Scenario name: UEDPIE_0_Map_RLE_Scenario7; Voxel Model memory: 24756
[2025.05.06-07.45.28:620][  8]LogVoxelMeshingProfiling: Display: Scenario name: UEDPIE_0_Map_RLE_Scenario7; Vertices: 19200
[2025.05.06-07.45.33:636][169]LogVoxelMeshingProfiling: Display: Scenario name: UEDPIE_0_Map_VoxelPlugin_Scenario7; Voxel Model memory: 262144
[2025.05.06-07.45.33:636][169]LogVoxelMeshingProfiling: Display: Scenario name: UEDPIE_0_Map_VoxelPlugin_Scenario7; OpaqueVoxelCount: 8000; TransparentVoxelCount: 24768
[2025.05.06-07.45.33:725][170]LogVoxelMeshingProfiling: Display: Scenario name: Map_VoxelPlugin_Scenario7; Vertices: 19200
[2025.05.06-07.45.46:138][779]LogVoxelMeshingProfiling: Display: Scenario name: UEDPIE_0_Map_Grid_Scenario8; Voxel Model memory: 262144
[2025.05.06-07.45.46:139][779]LogVoxelMeshingProfiling: Display: Scenario name: UEDPIE_0_Map_Grid_Scenario8; OpaqueVoxelCount: 18432; TransparentVoxelCount: 14336
[2025.05.06-07.45.46:142][779]LogVoxelMeshingProfiling: Display: Scenario name: UEDPIE_0_Map_Grid_Scenario8; Vertices: 72
[2025.05.06-07.45.50:654][932]LogVoxelMeshingProfiling: Display: Scenario name: UEDPIE_0_Map_RLE_Scenario8; Voxel Model memory: 216
[2025.05.06-07.45.50:657][932]LogVoxelMeshingProfiling: Display: Scenario name: UEDPIE_0_Map_RLE_Scenario8; Vertices: 9672
[2025.05.06-07.45.55:858][154]LogVoxelMeshingProfiling: Display: Scenario name: UEDPIE_0_Map_VoxelPlugin_Scenario8; Voxel Model memory: 262144
[2025.05.06-07.45.55:858][154]LogVoxelMeshingProfiling: Display: Scenario name: UEDPIE_0_Map_VoxelPlugin_Scenario8; OpaqueVoxelCount: 18432; TransparentVoxelCount: 14336
[2025.05.06-07.45.55:953][155]LogVoxelMeshingProfiling: Display: Scenario name: Map_VoxelPlugin_Scenario8; Vertices: 33792
[2025.05.06-07.46.02:990][439]LogVoxelMeshingProfiling: Display: Scenario name: UEDPIE_0_Map_Grid_Scenario9; Voxel Model memory: 262144
[2025.05.06-07.46.02:990][439]LogVoxelMeshingProfiling: Display: Scenario name: UEDPIE_0_Map_Grid_Scenario9; OpaqueVoxelCount: 18432; TransparentVoxelCount: 14336
[2025.05.06-07.46.02:993][439]LogVoxelMeshingProfiling: Display: Scenario name: UEDPIE_0_Map_Grid_Scenario9; Vertices: 72
[2025.05.06-07.46.07:013][561]LogVoxelMeshingProfiling: Display: Scenario name: UEDPIE_0_Map_RLE_Scenario9; Voxel Model memory: 89892
[2025.05.06-07.46.07:026][561]LogVoxelMeshingProfiling: Display: Scenario name: UEDPIE_0_Map_RLE_Scenario9; Vertices: 73728
[2025.05.06-07.46.13:824][743]LogVoxelMeshingProfiling: Display: Scenario name: UEDPIE_0_Map_VoxelPlugin_Scenario9; Voxel Model memory: 262144
[2025.05.06-07.46.13:824][743]LogVoxelMeshingProfiling: Display: Scenario name: UEDPIE_0_Map_VoxelPlugin_Scenario9; OpaqueVoxelCount: 18432; TransparentVoxelCount: 14336
[2025.05.06-07.46.13:923][744]LogVoxelMeshingProfiling: Display: Scenario name: Map_VoxelPlugin_Scenario9; Vertices: 33792
[2025.05.06-07.47.08:609][760]LogVoxelMeshingProfiling: Display: Scenario name: UEDPIE_0_Map_Grid_Scenario10; Voxel Model memory: 262144
[2025.05.06-07.47.08:609][760]LogVoxelMeshingProfiling: Display: Scenario name: UEDPIE_0_Map_Grid_Scenario10; OpaqueVoxelCount: 18432; TransparentVoxelCount: 14336
[2025.05.06-07.47.08:611][760]LogVoxelMeshingProfiling: Display: Scenario name: UEDPIE_0_Map_Grid_Scenario10; Vertices: 72
[2025.05.06-07.47.12:556][892]LogVoxelMeshingProfiling: Display: Scenario name: UEDPIE_0_Map_RLE_Scenario10; Voxel Model memory: 3204
[2025.05.06-07.47.12:559][892]LogVoxelMeshingProfiling: Display: Scenario name: UEDPIE_0_Map_RLE_Scenario10; Vertices: 11904
[2025.05.06-07.47.16:596][ 11]LogVoxelMeshingProfiling: Display: Scenario name: UEDPIE_0_Map_VoxelPlugin_Scenario10; Voxel Model memory: 262144
[2025.05.06-07.47.16:596][ 11]LogVoxelMeshingProfiling: Display: Scenario name: UEDPIE_0_Map_VoxelPlugin_Scenario10; OpaqueVoxelCount: 18432; TransparentVoxelCount: 14336
[2025.05.06-07.47.16:690][ 12]LogVoxelMeshingProfiling: Display: Scenario name: Map_VoxelPlugin_Scenario10; Vertices: 33792
[2025.05.06-07.47.22:703][251]LogVoxelMeshingProfiling: Display: Scenario name: UEDPIE_0_Map_Grid_Scenario11; Voxel Model memory: 262144
[2025.05.06-07.47.22:704][251]LogVoxelMeshingProfiling: Display: Scenario name: UEDPIE_0_Map_Grid_Scenario11; OpaqueVoxelCount: 5832; TransparentVoxelCount: 26936
[2025.05.06-07.47.22:705][251]LogVoxelMeshingProfiling: Display: Scenario name: UEDPIE_0_Map_Grid_Scenario11; Vertices: 648
[2025.05.06-07.47.26:785][392]LogVoxelMeshingProfiling: Display: Scenario name: UEDPIE_0_Map_RLE_Scenario11; Voxel Model memory: 24756
[2025.05.06-07.47.26:790][392]LogVoxelMeshingProfiling: Display: Scenario name: UEDPIE_0_Map_RLE_Scenario11; Vertices: 23328
[2025.05.06-07.47.31:025][537]LogVoxelMeshingProfiling: Display: Scenario name: UEDPIE_0_Map_VoxelPlugin_Scenario11; Voxel Model memory: 262144
[2025.05.06-07.47.31:026][537]LogVoxelMeshingProfiling: Display: Scenario name: UEDPIE_0_Map_VoxelPlugin_Scenario11; OpaqueVoxelCount: 5832; TransparentVoxelCount: 26936
[2025.05.06-07.47.31:168][538]LogVoxelMeshingProfiling: Display: Scenario name: Map_VoxelPlugin_Scenario11; Vertices: 23328
[2025.05.06-07.47.36:378][740]LogVoxelMeshingProfiling: Display: Scenario name: UEDPIE_0_Map_Grid_Scenario12; Voxel Model memory: 262144
[2025.05.06-07.47.36:378][740]LogVoxelMeshingProfiling: Display: Scenario name: UEDPIE_0_Map_Grid_Scenario12; OpaqueVoxelCount: 17071; TransparentVoxelCount: 15697
[2025.05.06-07.47.36:383][740]LogVoxelMeshingProfiling: Display: Scenario name: UEDPIE_0_Map_Grid_Scenario12; Vertices: 8520
[2025.05.06-07.47.40:284][871]LogVoxelMeshingProfiling: Display: Scenario name: UEDPIE_0_Map_RLE_Scenario12; Voxel Model memory: 24756
[2025.05.06-07.47.40:287][871]LogVoxelMeshingProfiling: Display: Scenario name: UEDPIE_0_Map_RLE_Scenario12; Vertices: 19032
[2025.05.06-07.47.44:154][980]LogVoxelMeshingProfiling: Display: Scenario name: UEDPIE_0_Map_VoxelPlugin_Scenario12; Voxel Model memory: 262144
[2025.05.06-07.47.44:154][980]LogVoxelMeshingProfiling: Display: Scenario name: UEDPIE_0_Map_VoxelPlugin_Scenario12; OpaqueVoxelCount: 17071; TransparentVoxelCount: 15697
[2025.05.06-07.47.44:238][981]LogVoxelMeshingProfiling: Display: Scenario name: Map_VoxelPlugin_Scenario12; Vertices: 19032
[2025.05.06-07.47.54:753][475]LogVoxelMeshingProfiling: Display: Scenario name: UEDPIE_0_Map_Grid_Scenario13; Voxel Model memory: 262144
[2025.05.06-07.47.54:753][475]LogVoxelMeshingProfiling: Display: Scenario name: UEDPIE_0_Map_Grid_Scenario13; OpaqueVoxelCount: 2103; TransparentVoxelCount: 30665
[2025.05.06-07.47.54:754][475]LogVoxelMeshingProfiling: Display: Scenario name: UEDPIE_0_Map_Grid_Scenario13; Vertices: 1944
[2025.05.06-07.47.59:345][623]LogVoxelMeshingProfiling: Display: Scenario name: UEDPIE_0_Map_RLE_Scenario13; Voxel Model memory: 6540
[2025.05.06-07.47.59:346][623]LogVoxelMeshingProfiling: Display: Scenario name: UEDPIE_0_Map_RLE_Scenario13; Vertices: 4632
[2025.05.06-07.48.05:556][773]LogVoxelMeshingProfiling: Display: Scenario name: UEDPIE_0_Map_RLE_Scenario13; Voxel Model memory: 6540
[2025.05.06-07.48.05:557][773]LogVoxelMeshingProfiling: Display: Scenario name: UEDPIE_0_Map_RLE_Scenario13; Vertices: 4632
[2025.05.06-07.48.10:193][960]LogVoxelMeshingProfiling: Display: Scenario name: UEDPIE_0_Map_VoxelPlugin_Scenario13; Voxel Model memory: 262144
[2025.05.06-07.48.10:193][960]LogVoxelMeshingProfiling: Display: Scenario name: UEDPIE_0_Map_VoxelPlugin_Scenario13; OpaqueVoxelCount: 2103; TransparentVoxelCount: 30665
[2025.05.06-07.48.10:266][961]LogVoxelMeshingProfiling: Display: Scenario name: Map_VoxelPlugin_Scenario13; Vertices: 4632
[2025.05.06-07.48.17:579][305]LogVoxelMeshingProfiling: Display: Scenario name: UEDPIE_0_Map_Grid_Scenario14; Voxel Model memory: 262144
[2025.05.06-07.48.17:579][305]LogVoxelMeshingProfiling: Display: Scenario name: UEDPIE_0_Map_Grid_Scenario14; OpaqueVoxelCount: 251; TransparentVoxelCount: 32517
[2025.05.06-07.48.17:580][305]LogVoxelMeshingProfiling: Display: Scenario name: UEDPIE_0_Map_Grid_Scenario14; Vertices: 456
[2025.05.06-07.48.21:342][438]LogVoxelMeshingProfiling: Display: Scenario name: UEDPIE_0_Map_RLE_Scenario14; Voxel Model memory: 1440
[2025.05.06-07.48.21:342][438]LogVoxelMeshingProfiling: Display: Scenario name: UEDPIE_0_Map_RLE_Scenario14; Vertices: 1080
[2025.05.06-07.48.25:558][555]LogVoxelMeshingProfiling: Display: Scenario name: UEDPIE_0_Map_VoxelPlugin_Scenario14; Voxel Model memory: 262144
[2025.05.06-07.48.25:558][555]LogVoxelMeshingProfiling: Display: Scenario name: UEDPIE_0_Map_VoxelPlugin_Scenario14; OpaqueVoxelCount: 251; TransparentVoxelCount: 32517
[2025.05.06-07.48.25:632][556]LogVoxelMeshingProfiling: Display: Scenario name: Map_VoxelPlugin_Scenario14; Vertices: 1080
[2025.05.06-07.48.31:240][792]LogVoxelMeshingProfiling: Display: Scenario name: UEDPIE_0_Map_Grid_Scenario15; Voxel Model memory: 262144
[2025.05.06-07.48.31:240][792]LogVoxelMeshingProfiling: Display: Scenario name: UEDPIE_0_Map_Grid_Scenario15; OpaqueVoxelCount: 22354; TransparentVoxelCount: 10414
[2025.05.06-07.48.31:250][792]LogVoxelMeshingProfiling: Display: Scenario name: UEDPIE_0_Map_Grid_Scenario15; Vertices: 17976
[2025.05.06-07.48.35:313][902]LogVoxelMeshingProfiling: Display: Scenario name: UEDPIE_0_Map_RLE_Scenario15; Voxel Model memory: 34248
[2025.05.06-07.48.35:325][902]LogVoxelMeshingProfiling: Display: Scenario name: UEDPIE_0_Map_RLE_Scenario15; Vertices: 36804
[2025.05.06-07.48.39:073][ 12]LogVoxelMeshingProfiling: Display: Scenario name: UEDPIE_0_Map_VoxelPlugin_Scenario15; Voxel Model memory: 262144
[2025.05.06-07.48.39:074][ 12]LogVoxelMeshingProfiling: Display: Scenario name: UEDPIE_0_Map_VoxelPlugin_Scenario15; OpaqueVoxelCount: 22354; TransparentVoxelCount: 10414
[2025.05.06-07.48.39:202][ 13]LogVoxelMeshingProfiling: Display: Scenario name: Map_VoxelPlugin_Scenario15; Vertices: 37944
[2025.05.06-07.48.44:037][188]LogVoxelMeshingProfiling: Display: Scenario name: UEDPIE_0_Map__Grid_Scenario16; Voxel Model memory: 262144
[2025.05.06-07.48.44:037][188]LogVoxelMeshingProfiling: Display: Scenario name: UEDPIE_0_Map__Grid_Scenario16; OpaqueVoxelCount: 17380; TransparentVoxelCount: 15388
[2025.05.06-07.48.44:048][188]LogVoxelMeshingProfiling: Display: Scenario name: UEDPIE_0_Map__Grid_Scenario16; Vertices: 35304
[2025.05.06-07.48.48:723][347]LogVoxelMeshingProfiling: Display: Scenario name: UEDPIE_0_Map__RLE_Scenario16; Voxel Model memory: 65232
[2025.05.06-07.48.48:736][347]LogVoxelMeshingProfiling: Display: Scenario name: UEDPIE_0_Map__RLE_Scenario16; Vertices: 65484
[2025.05.06-07.48.52:914][496]LogVoxelMeshingProfiling: Display: Scenario name: UEDPIE_0_Map_VoxelPlugin_Scenario16; Voxel Model memory: 262144
[2025.05.06-07.48.52:914][496]LogVoxelMeshingProfiling: Display: Scenario name: UEDPIE_0_Map_VoxelPlugin_Scenario16; OpaqueVoxelCount: 17380; TransparentVoxelCount: 15388
[2025.05.06-07.48.53:032][497]LogVoxelMeshingProfiling: Display: Scenario name: Map_VoxelPlugin_Scenario16; Vertices: 66216
[2025.05.06-07.48.58:790][731]LogVoxelMeshingProfiling: Display: Scenario name: UEDPIE_0_Map_Grid_Scenario17; Voxel Model memory: 262144
[2025.05.06-07.48.58:790][731]LogVoxelMeshingProfiling: Display: Scenario name: UEDPIE_0_Map_Grid_Scenario17; OpaqueVoxelCount: 16065; TransparentVoxelCount: 16703
[2025.05.06-07.48.58:827][731]LogVoxelMeshingProfiling: Display: Scenario name: UEDPIE_0_Map_Grid_Scenario17; Vertices: 81780
[2025.05.06-07.49.02:844][841]LogVoxelMeshingProfiling: Display: Scenario name: UEDPIE_0_Map_RLE_Scenario17; Voxel Model memory: 123804
[2025.05.06-07.49.02:870][841]LogVoxelMeshingProfiling: Display: Scenario name: UEDPIE_0_Map_RLE_Scenario17; Vertices: 124808
[2025.05.06-07.49.07:048][973]LogVoxelMeshingProfiling: Display: Scenario name: UEDPIE_0_Map_VoxelPlugin_Scenario17; Voxel Model memory: 262144
[2025.05.06-07.49.07:048][973]LogVoxelMeshingProfiling: Display: Scenario name: UEDPIE_0_Map_VoxelPlugin_Scenario17; OpaqueVoxelCount: 16065; TransparentVoxelCount: 16703
[2025.05.06-07.49.07:623][975]LogVoxelMeshingProfiling: Display: Scenario name: Map_VoxelPlugin_Scenario17; Vertices: 125400
[2025.05.06-07.49.12:840][223]LogVoxelMeshingProfiling: Display: Scenario name: UEDPIE_0_Map_Grid_Scenario18; Voxel Model memory: 262144
[2025.05.06-07.49.12:840][223]LogVoxelMeshingProfiling: Display: Scenario name: UEDPIE_0_Map_Grid_Scenario18; OpaqueVoxelCount: 32458; TransparentVoxelCount: 310
[2025.05.06-07.49.12:846][223]LogVoxelMeshingProfiling: Display: Scenario name: UEDPIE_0_Map_Grid_Scenario18; Vertices: 7580
[2025.05.06-07.49.18:166][390]LogVoxelMeshingProfiling: Display: Scenario name: UEDPIE_0_Map_RLE_Scenario18; Voxel Model memory: 9192
[2025.05.06-07.49.18:172][390]LogVoxelMeshingProfiling: Display: Scenario name: UEDPIE_0_Map_RLE_Scenario18; Vertices: 28312
[2025.05.06-07.49.22:396][513]LogVoxelMeshingProfiling: Display: Scenario name: UEDPIE_0_Map_VoxelPlugin_Scenario18; Voxel Model memory: 262144
[2025.05.06-07.49.22:396][513]LogVoxelMeshingProfiling: Display: Scenario name: UEDPIE_0_Map_VoxelPlugin_Scenario18; OpaqueVoxelCount: 32458; TransparentVoxelCount: 310
[2025.05.06-07.49.22:496][514]LogVoxelMeshingProfiling: Display: Scenario name: Map_VoxelPlugin_Scenario18; Vertices: 31416
[2025.05.06-07.49.28:918][798]LogVoxelMeshingProfiling: Display: Scenario name: UEDPIE_0_Map_Grid_Scenario19; Voxel Model memory: 262144
[2025.05.06-07.49.28:918][798]LogVoxelMeshingProfiling: Display: Scenario name: UEDPIE_0_Map_Grid_Scenario19; OpaqueVoxelCount: 24658; TransparentVoxelCount: 8110
[2025.05.06-07.49.28:965][798]LogVoxelMeshingProfiling: Display: Scenario name: UEDPIE_0_Map_Grid_Scenario19; Vertices: 109116
[2025.05.06-07.49.33:874][954]LogVoxelMeshingProfiling: Display: Scenario name: UEDPIE_0_Map_RLE_Scenario19; Voxel Model memory: 170436
[2025.05.06-07.49.33:910][954]LogVoxelMeshingProfiling: Display: Scenario name: UEDPIE_0_Map_RLE_Scenario19; Vertices: 160080
[2025.05.06-07.49.37:636][ 44]LogVoxelMeshingProfiling: Display: Scenario name: UEDPIE_0_Map_VoxelPlugin_Scenario19; Voxel Model memory: 262144
[2025.05.06-07.49.37:636][ 44]LogVoxelMeshingProfiling: Display: Scenario name: UEDPIE_0_Map_VoxelPlugin_Scenario19; OpaqueVoxelCount: 24658; TransparentVoxelCount: 8110
[2025.05.06-07.49.37:790][ 45]LogVoxelMeshingProfiling: Display: Scenario name: Map_VoxelPlugin_Scenario19; Vertices: 160336
[2025.05.06-07.49.43:809][287]LogVoxelMeshingProfiling: Display: Scenario name: UEDPIE_0_Map_Grid_Scenario20; Voxel Model memory: 262144
[2025.05.06-07.49.43:809][287]LogVoxelMeshingProfiling: Display: Scenario name: UEDPIE_0_Map_Grid_Scenario20; OpaqueVoxelCount: 16483; TransparentVoxelCount: 16285
[2025.05.06-07.49.43:875][288]LogVoxelMeshingProfiling: Display: Scenario name: UEDPIE_0_Map_Grid_Scenario20; Vertices: 133772
[2025.05.06-07.49.48:091][407]LogVoxelMeshingProfiling: Display: Scenario name: UEDPIE_0_Map_RLE_Scenario20; Voxel Model memory: 234552
[2025.05.06-07.49.48:136][407]LogVoxelMeshingProfiling: Display: Scenario name: UEDPIE_0_Map_RLE_Scenario20; Vertices: 203280
[2025.05.06-07.49.52:478][520]LogVoxelMeshingProfiling: Display: Scenario name: UEDPIE_0_Map_VoxelPlugin_Scenario20; Voxel Model memory: 262144
[2025.05.06-07.49.52:478][520]LogVoxelMeshingProfiling: Display: Scenario name: UEDPIE_0_Map_VoxelPlugin_Scenario20; OpaqueVoxelCount: 16483; TransparentVoxelCount: 16285
[2025.05.06-07.49.52:603][521]LogVoxelMeshingProfiling: Display: Scenario name: Map_VoxelPlugin_Scenario20; Vertices: 203144
[2025.05.06-07.49.57:595][676]LogVoxelMeshingProfiling: Display: Scenario name: UEDPIE_0_Map_Grid_Scenario21; Voxel Model memory: 262144
[2025.05.06-07.49.57:596][676]LogVoxelMeshingProfiling: Display: Scenario name: UEDPIE_0_Map_Grid_Scenario21; OpaqueVoxelCount: 8134; TransparentVoxelCount: 24634
[2025.05.06-07.49.57:650][676]LogVoxelMeshingProfiling: Display: Scenario name: UEDPIE_0_Map_Grid_Scenario21; Vertices: 108144
[2025.05.06-07.50.01:311][782]LogVoxelMeshingProfiling: Display: Scenario name: UEDPIE_0_Map_RLE_Scenario21; Voxel Model memory: 170436
[2025.05.06-07.50.01:338][782]LogVoxelMeshingProfiling: Display: Scenario name: UEDPIE_0_Map_RLE_Scenario21; Vertices: 148560
[2025.05.06-07.50.05:200][901]LogVoxelMeshingProfiling: Display: Scenario name: UEDPIE_0_Map_VoxelPlugin_Scenario21; Voxel Model memory: 262144
[2025.05.06-07.50.05:200][901]LogVoxelMeshingProfiling: Display: Scenario name: UEDPIE_0_Map_VoxelPlugin_Scenario21; OpaqueVoxelCount: 8134; TransparentVoxelCount: 24634
[2025.05.06-07.50.05:307][902]LogVoxelMeshingProfiling: Display: Scenario name: Map_VoxelPlugin_Scenario21; Vertices: 148144
[2025.05.06-07.50.11:639][113]LogVoxelMeshingProfiling: Display: Scenario name: UEDPIE_0_Map_Grid_Scenario22; Voxel Model memory: 262144
[2025.05.06-07.50.11:639][113]LogVoxelMeshingProfiling: Display: Scenario name: UEDPIE_0_Map_Grid_Scenario22; OpaqueVoxelCount: 32768; TransparentVoxelCount: 0
[2025.05.06-07.50.11:668][113]LogVoxelMeshingProfiling: Display: Scenario name: UEDPIE_0_Map_Grid_Scenario22; Voxel Model memory: 262144
[2025.05.06-07.50.11:668][113]LogVoxelMeshingProfiling: Display: Scenario name: UEDPIE_0_Map_Grid_Scenario22; OpaqueVoxelCount: 32768; TransparentVoxelCount: 0
[2025.05.06-07.50.11:669][113]LogVoxelMeshingProfiling: Display: Scenario name: UEDPIE_0_Map_Grid_Scenario22; Voxel Model memory: 262144
[2025.05.06-07.50.11:669][113]LogVoxelMeshingProfiling: Display: Scenario name: UEDPIE_0_Map_Grid_Scenario22; OpaqueVoxelCount: 32768; TransparentVoxelCount: 0
[2025.05.06-07.50.11:672][113]LogVoxelMeshingProfiling: Display: Scenario name: UEDPIE_0_Map_Grid_Scenario22; Voxel Model memory: 262144
[2025.05.06-07.50.11:674][113]LogVoxelMeshingProfiling: Display: Scenario name: UEDPIE_0_Map_Grid_Scenario22; OpaqueVoxelCount: 32768; TransparentVoxelCount: 0
[2025.05.06-07.50.11:677][113]LogVoxelMeshingProfiling: Display: Scenario name: UEDPIE_0_Map_Grid_Scenario22; Voxel Model memory: 262144
[2025.05.06-07.50.11:677][113]LogVoxelMeshingProfiling: Display: Scenario name: UEDPIE_0_Map_Grid_Scenario22; OpaqueVoxelCount: 32768; TransparentVoxelCount: 0
[2025.05.06-07.50.11:689][114]LogVoxelMeshingProfiling: Display: Scenario name: UEDPIE_0_Map_Grid_Scenario22; Voxel Model memory: 262144
[2025.05.06-07.50.11:690][114]LogVoxelMeshingProfiling: Display: Scenario name: UEDPIE_0_Map_Grid_Scenario22; OpaqueVoxelCount: 26226; TransparentVoxelCount: 6542
[2025.05.06-07.50.11:694][114]LogVoxelMeshingProfiling: Display: Scenario name: UEDPIE_0_Map_Grid_Scenario22; Voxel Model memory: 262144
[2025.05.06-07.50.11:694][114]LogVoxelMeshingProfiling: Display: Scenario name: UEDPIE_0_Map_Grid_Scenario22; OpaqueVoxelCount: 32768; TransparentVoxelCount: 0
[2025.05.06-07.50.11:720][114]LogVoxelMeshingProfiling: Display: Scenario name: UEDPIE_0_Map_Grid_Scenario22; Voxel Model memory: 262144
[2025.05.06-07.50.11:720][114]LogVoxelMeshingProfiling: Display: Scenario name: UEDPIE_0_Map_Grid_Scenario22; OpaqueVoxelCount: 26409; TransparentVoxelCount: 6359
[2025.05.06-07.50.11:722][114]LogVoxelMeshingProfiling: Display: Scenario name: UEDPIE_0_Map_Grid_Scenario22; Voxel Model memory: 262144
[2025.05.06-07.50.11:722][114]LogVoxelMeshingProfiling: Display: Scenario name: UEDPIE_0_Map_Grid_Scenario22; OpaqueVoxelCount: 32768; TransparentVoxelCount: 0
[2025.05.06-07.50.11:725][114]LogVoxelMeshingProfiling: Display: Scenario name: UEDPIE_0_Map_Grid_Scenario22; Voxel Model memory: 262144
[2025.05.06-07.50.11:726][114]LogVoxelMeshingProfiling: Display: Scenario name: UEDPIE_0_Map_Grid_Scenario22; OpaqueVoxelCount: 32768; TransparentVoxelCount: 0
[2025.05.06-07.50.11:738][114]LogVoxelMeshingProfiling: Display: Scenario name: UEDPIE_0_Map_Grid_Scenario22; Voxel Model memory: 262144
[2025.05.06-07.50.11:738][114]LogVoxelMeshingProfiling: Display: Scenario name: UEDPIE_0_Map_Grid_Scenario22; OpaqueVoxelCount: 32768; TransparentVoxelCount: 0
[2025.05.06-07.50.11:742][114]LogVoxelMeshingProfiling: Display: Scenario name: UEDPIE_0_Map_Grid_Scenario22; Voxel Model memory: 262144
[2025.05.06-07.50.11:742][114]LogVoxelMeshingProfiling: Display: Scenario name: UEDPIE_0_Map_Grid_Scenario22; OpaqueVoxelCount: 20000; TransparentVoxelCount: 12768
[2025.05.06-07.50.11:747][114]LogVoxelMeshingProfiling: Display: Scenario name: UEDPIE_0_Map_Grid_Scenario22; Voxel Model memory: 262144
[2025.05.06-07.50.11:747][114]LogVoxelMeshingProfiling: Display: Scenario name: UEDPIE_0_Map_Grid_Scenario22; OpaqueVoxelCount: 32768; TransparentVoxelCount: 0
[2025.05.06-07.50.11:751][114]LogVoxelMeshingProfiling: Display: Scenario name: UEDPIE_0_Map_Grid_Scenario22; Voxel Model memory: 262144
[2025.05.06-07.50.11:751][114]LogVoxelMeshingProfiling: Display: Scenario name: UEDPIE_0_Map_Grid_Scenario22; OpaqueVoxelCount: 32768; TransparentVoxelCount: 0
[2025.05.06-07.50.11:772][114]LogVoxelMeshingProfiling: Display: Scenario name: UEDPIE_0_Map_Grid_Scenario22; Voxel Model memory: 262144
[2025.05.06-07.50.11:772][114]LogVoxelMeshingProfiling: Display: Scenario name: UEDPIE_0_Map_Grid_Scenario22; OpaqueVoxelCount: 23795; TransparentVoxelCount: 8973
[2025.05.06-07.50.11:772][114]LogVoxelMeshingProfiling: Display: Scenario name: UEDPIE_0_Map_Grid_Scenario22; Voxel Model memory: 262144
[2025.05.06-07.50.11:772][114]LogVoxelMeshingProfiling: Display: Scenario name: UEDPIE_0_Map_Grid_Scenario22; OpaqueVoxelCount: 23240; TransparentVoxelCount: 9528
[2025.05.06-07.50.11:790][114]LogVoxelMeshingProfiling: Display: Scenario name: UEDPIE_0_Map_Grid_Scenario22; Voxel Model memory: 262144
[2025.05.06-07.50.11:790][114]LogVoxelMeshingProfiling: Display: Scenario name: UEDPIE_0_Map_Grid_Scenario22; OpaqueVoxelCount: 32768; TransparentVoxelCount: 0
[2025.05.06-07.50.11:798][114]LogVoxelMeshingProfiling: Display: Scenario name: UEDPIE_0_Map_Grid_Scenario22; Voxel Model memory: 262144
[2025.05.06-07.50.11:798][114]LogVoxelMeshingProfiling: Display: Scenario name: UEDPIE_0_Map_Grid_Scenario22; OpaqueVoxelCount: 21878; TransparentVoxelCount: 10890
[2025.05.06-07.50.11:802][114]LogVoxelMeshingProfiling: Display: Scenario name: UEDPIE_0_Map_Grid_Scenario22; Voxel Model memory: 262144
[2025.05.06-07.50.11:802][114]LogVoxelMeshingProfiling: Display: Scenario name: UEDPIE_0_Map_Grid_Scenario22; OpaqueVoxelCount: 32768; TransparentVoxelCount: 0
[2025.05.06-07.50.11:816][114]LogVoxelMeshingProfiling: Display: Scenario name: UEDPIE_0_Map_Grid_Scenario22; Voxel Model memory: 262144
[2025.05.06-07.50.11:816][114]LogVoxelMeshingProfiling: Display: Scenario name: UEDPIE_0_Map_Grid_Scenario22; OpaqueVoxelCount: 32768; TransparentVoxelCount: 0
[2025.05.06-07.50.11:820][114]LogVoxelMeshingProfiling: Display: Scenario name: UEDPIE_0_Map_Grid_Scenario22; Voxel Model memory: 262144
[2025.05.06-07.50.11:820][114]LogVoxelMeshingProfiling: Display: Scenario name: UEDPIE_0_Map_Grid_Scenario22; OpaqueVoxelCount: 32768; TransparentVoxelCount: 0
[2025.05.06-07.50.11:844][114]LogVoxelMeshingProfiling: Display: Scenario name: UEDPIE_0_Map_Grid_Scenario22; Voxel Model memory: 262144
[2025.05.06-07.50.11:844][114]LogVoxelMeshingProfiling: Display: Scenario name: UEDPIE_0_Map_Grid_Scenario22; OpaqueVoxelCount: 18860; TransparentVoxelCount: 13908
[2025.05.06-07.50.11:844][114]LogVoxelMeshingProfiling: Display: Scenario name: UEDPIE_0_Map_Grid_Scenario22; Voxel Model memory: 262144
[2025.05.06-07.50.11:844][114]LogVoxelMeshingProfiling: Display: Scenario name: UEDPIE_0_Map_Grid_Scenario22; OpaqueVoxelCount: 24296; TransparentVoxelCount: 8472
[2025.05.06-07.50.11:867][114]LogVoxelMeshingProfiling: Display: Scenario name: UEDPIE_0_Map_Grid_Scenario22; Voxel Model memory: 262144
[2025.05.06-07.50.11:867][114]LogVoxelMeshingProfiling: Display: Scenario name: UEDPIE_0_Map_Grid_Scenario22; OpaqueVoxelCount: 32768; TransparentVoxelCount: 0
[2025.05.06-07.50.11:870][114]LogVoxelMeshingProfiling: Display: Scenario name: UEDPIE_0_Map_Grid_Scenario22; Voxel Model memory: 262144
[2025.05.06-07.50.11:870][114]LogVoxelMeshingProfiling: Display: Scenario name: UEDPIE_0_Map_Grid_Scenario22; OpaqueVoxelCount: 23914; TransparentVoxelCount: 8854
[2025.05.06-07.50.11:873][114]LogVoxelMeshingProfiling: Display: Scenario name: UEDPIE_0_Map_Grid_Scenario22; Voxel Model memory: 262144
[2025.05.06-07.50.11:873][114]LogVoxelMeshingProfiling: Display: Scenario name: UEDPIE_0_Map_Grid_Scenario22; OpaqueVoxelCount: 32768; TransparentVoxelCount: 0
[2025.05.06-07.50.11:879][114]LogVoxelMeshingProfiling: Display: Scenario name: UEDPIE_0_Map_Grid_Scenario22; Voxel Model memory: 262144
[2025.05.06-07.50.11:879][114]LogVoxelMeshingProfiling: Display: Scenario name: UEDPIE_0_Map_Grid_Scenario22; OpaqueVoxelCount: 32768; TransparentVoxelCount: 0
[2025.05.06-07.50.11:888][114]LogVoxelMeshingProfiling: Display: Scenario name: UEDPIE_0_Map_Grid_Scenario22; Vertices: 44
[2025.05.06-07.50.11:894][114]LogVoxelMeshingProfiling: Display: Scenario name: UEDPIE_0_Map_Grid_Scenario22; Vertices: 16
[2025.05.06-07.50.11:898][114]LogVoxelMeshingProfiling: Display: Scenario name: UEDPIE_0_Map_Grid_Scenario22; Vertices: 104
[2025.05.06-07.50.11:902][114]LogVoxelMeshingProfiling: Display: Scenario name: UEDPIE_0_Map_Grid_Scenario22; Vertices: 12
[2025.05.06-07.50.11:906][114]LogVoxelMeshingProfiling: Display: Scenario name: UEDPIE_0_Map_Grid_Scenario22; Vertices: 448
[2025.05.06-07.50.11:911][114]LogVoxelMeshingProfiling: Display: Scenario name: UEDPIE_0_Map_Grid_Scenario22; Vertices: 4
[2025.05.06-07.50.11:914][114]LogVoxelMeshingProfiling: Display: Scenario name: UEDPIE_0_Map_Grid_Scenario22; Vertices: 144
[2025.05.06-07.50.11:919][114]LogVoxelMeshingProfiling: Display: Scenario name: UEDPIE_0_Map_Grid_Scenario22; Vertices: 188
[2025.05.06-07.50.11:923][114]LogVoxelMeshingProfiling: Display: Scenario name: UEDPIE_0_Map_Grid_Scenario22; Vertices: 1164
[2025.05.06-07.50.11:928][114]LogVoxelMeshingProfiling: Display: Scenario name: UEDPIE_0_Map_Grid_Scenario22; Vertices: 96
[2025.05.06-07.50.11:932][114]LogVoxelMeshingProfiling: Display: Scenario name: UEDPIE_0_Map_Grid_Scenario22; Vertices: 280
[2025.05.06-07.50.11:935][114]LogVoxelMeshingProfiling: Display: Scenario name: UEDPIE_0_Map_Grid_Scenario22; Vertices: 724
[2025.05.06-07.50.11:939][114]LogVoxelMeshingProfiling: Display: Scenario name: UEDPIE_0_Map_Grid_Scenario22; Vertices: 72
[2025.05.06-07.50.11:944][114]LogVoxelMeshingProfiling: Display: Scenario name: UEDPIE_0_Map_Grid_Scenario22; Vertices: 212
[2025.05.06-07.50.11:947][114]LogVoxelMeshingProfiling: Display: Scenario name: UEDPIE_0_Map_Grid_Scenario22; Vertices: 1088
[2025.05.06-07.50.11:951][114]LogVoxelMeshingProfiling: Display: Scenario name: UEDPIE_0_Map_Grid_Scenario22; Vertices: 8
[2025.05.06-07.50.11:955][114]LogVoxelMeshingProfiling: Display: Scenario name: UEDPIE_0_Map_Grid_Scenario22; Vertices: 1008
[2025.05.06-07.50.11:959][114]LogVoxelMeshingProfiling: Display: Scenario name: UEDPIE_0_Map_Grid_Scenario22; Vertices: 8
[2025.05.06-07.50.11:964][114]LogVoxelMeshingProfiling: Display: Scenario name: UEDPIE_0_Map_Grid_Scenario22; Vertices: 1304
[2025.05.06-07.50.11:968][114]LogVoxelMeshingProfiling: Display: Scenario name: UEDPIE_0_Map_Grid_Scenario22; Vertices: 124
[2025.05.06-07.50.11:971][114]LogVoxelMeshingProfiling: Display: Scenario name: UEDPIE_0_Map_Grid_Scenario22; Vertices: 2544
[2025.05.06-07.50.11:976][114]LogVoxelMeshingProfiling: Display: Scenario name: UEDPIE_0_Map_Grid_Scenario22; Vertices: 120
[2025.05.06-07.50.11:979][114]LogVoxelMeshingProfiling: Display: Scenario name: UEDPIE_0_Map_Grid_Scenario22; Vertices: 1588
[2025.05.06-07.50.11:984][114]LogVoxelMeshingProfiling: Display: Scenario name: UEDPIE_0_Map_Grid_Scenario22; Vertices: 168
[2025.05.06-07.50.11:987][114]LogVoxelMeshingProfiling: Display: Scenario name: UEDPIE_0_Map_Grid_Scenario22; Vertices: 1416
[2025.05.06-07.50.11:991][114]LogVoxelMeshingProfiling: Display: Scenario name: UEDPIE_0_Map_Grid_Scenario22; Vertices: 12
[2025.05.06-07.50.15:794][237]LogVoxelMeshingProfiling: Display: Scenario name: UEDPIE_0_Map_RLE_Scenario22; Voxel Model memory: 6852
[2025.05.06-07.50.15:824][237]LogVoxelMeshingProfiling: Display: Scenario name: UEDPIE_0_Map_RLE_Scenario22; Voxel Model memory: 4920
[2025.05.06-07.50.15:824][237]LogVoxelMeshingProfiling: Display: Scenario name: UEDPIE_0_Map_RLE_Scenario22; Voxel Model memory: 9792
[2025.05.06-07.50.15:826][237]LogVoxelMeshingProfiling: Display: Scenario name: UEDPIE_0_Map_RLE_Scenario22; Voxel Model memory: 26328
[2025.05.06-07.50.15:828][237]LogVoxelMeshingProfiling: Display: Scenario name: UEDPIE_0_Map_RLE_Scenario22; Voxel Model memory: 4836
[2025.05.06-07.50.15:840][237]LogVoxelMeshingProfiling: Display: Scenario name: UEDPIE_0_Map_RLE_Scenario22; Voxel Model memory: 2184
[2025.05.06-07.50.15:846][238]LogVoxelMeshingProfiling: Display: Scenario name: UEDPIE_0_Map_RLE_Scenario22; Voxel Model memory: 12
[2025.05.06-07.50.15:869][238]LogVoxelMeshingProfiling: Display: Scenario name: UEDPIE_0_Map_RLE_Scenario22; Voxel Model memory: 4608
[2025.05.06-07.50.15:872][238]LogVoxelMeshingProfiling: Display: Scenario name: UEDPIE_0_Map_RLE_Scenario22; Voxel Model memory: 9624
[2025.05.06-07.50.15:876][238]LogVoxelMeshingProfiling: Display: Scenario name: UEDPIE_0_Map_RLE_Scenario22; Voxel Model memory: 18996
[2025.05.06-07.50.15:885][238]LogVoxelMeshingProfiling: Display: Scenario name: UEDPIE_0_Map_RLE_Scenario22; Voxel Model memory: 3432
[2025.05.06-07.50.15:892][238]LogVoxelMeshingProfiling: Display: Scenario name: UEDPIE_0_Map_RLE_Scenario22; Voxel Model memory: 6540
[2025.05.06-07.50.15:896][238]LogVoxelMeshingProfiling: Display: Scenario name: UEDPIE_0_Map_RLE_Scenario22; Voxel Model memory: 26328
[2025.05.06-07.50.15:902][238]LogVoxelMeshingProfiling: Display: Scenario name: UEDPIE_0_Map_RLE_Scenario22; Voxel Model memory: 9372
[2025.05.06-07.50.15:924][238]LogVoxelMeshingProfiling: Display: Scenario name: UEDPIE_0_Map_RLE_Scenario22; Voxel Model memory: 9192
[2025.05.06-07.50.15:926][238]LogVoxelMeshingProfiling: Display: Scenario name: UEDPIE_0_Map_RLE_Scenario22; Voxel Model memory: 2184
[2025.05.06-07.50.15:939][238]LogVoxelMeshingProfiling: Display: Scenario name: UEDPIE_0_Map_RLE_Scenario22; Voxel Model memory: 6672
[2025.05.06-07.50.15:951][238]LogVoxelMeshingProfiling: Display: Scenario name: UEDPIE_0_Map_RLE_Scenario22; Voxel Model memory: 4608
[2025.05.06-07.50.15:955][238]LogVoxelMeshingProfiling: Display: Scenario name: UEDPIE_0_Map_RLE_Scenario22; Voxel Model memory: 12
[2025.05.06-07.50.15:966][238]LogVoxelMeshingProfiling: Display: Scenario name: UEDPIE_0_Map_RLE_Scenario22; Voxel Model memory: 12
[2025.05.06-07.50.15:969][238]LogVoxelMeshingProfiling: Display: Scenario name: UEDPIE_0_Map_RLE_Scenario22; Voxel Model memory: 9372
[2025.05.06-07.50.15:989][238]LogVoxelMeshingProfiling: Display: Scenario name: UEDPIE_0_Map_RLE_Scenario22; Voxel Model memory: 4608
[2025.05.06-07.50.15:991][238]LogVoxelMeshingProfiling: Display: Scenario name: UEDPIE_0_Map_RLE_Scenario22; Voxel Model memory: 9192
[2025.05.06-07.50.16:014][238]LogVoxelMeshingProfiling: Display: Scenario name: UEDPIE_0_Map_RLE_Scenario22; Voxel Model memory: 6540
[2025.05.06-07.50.16:019][238]LogVoxelMeshingProfiling: Display: Scenario name: UEDPIE_0_Map_RLE_Scenario22; Voxel Model memory: 2352
[2025.05.06-07.50.16:023][238]LogVoxelMeshingProfiling: Display: Scenario name: UEDPIE_0_Map_RLE_Scenario22; Voxel Model memory: 9372
[2025.05.06-07.50.16:027][238]LogVoxelMeshingProfiling: Display: Scenario name: UEDPIE_0_Map_RLE_Scenario22; Voxel Model memory: 12
[2025.05.06-07.50.16:032][238]LogVoxelMeshingProfiling: Display: Scenario name: UEDPIE_0_Map_RLE_Scenario22; Vertices: 26656
[2025.05.06-07.50.16:038][238]LogVoxelMeshingProfiling: Display: Scenario name: UEDPIE_0_Map_RLE_Scenario22; Vertices: 33604
[2025.05.06-07.50.16:047][238]LogVoxelMeshingProfiling: Display: Scenario name: UEDPIE_0_Map_RLE_Scenario22; Vertices: 46688
[2025.05.06-07.50.16:051][238]LogVoxelMeshingProfiling: Display: Scenario name: UEDPIE_0_Map_RLE_Scenario22; Vertices: 26272
[2025.05.06-07.50.16:055][238]LogVoxelMeshingProfiling: Display: Scenario name: UEDPIE_0_Map_RLE_Scenario22; Vertices: 25816
[2025.05.06-07.50.16:058][238]LogVoxelMeshingProfiling: Display: Scenario name: UEDPIE_0_Map_RLE_Scenario22; Vertices: 17060
[2025.05.06-07.50.16:061][238]LogVoxelMeshingProfiling: Display: Scenario name: UEDPIE_0_Map_RLE_Scenario22; Vertices: 16640
[2025.05.06-07.50.16:069][238]LogVoxelMeshingProfiling: Display: Scenario name: UEDPIE_0_Map_RLE_Scenario22; Vertices: 40372
[2025.05.06-07.50.16:075][238]LogVoxelMeshingProfiling: Display: Scenario name: UEDPIE_0_Map_RLE_Scenario22; Vertices: 33152
[2025.05.06-07.50.16:078][238]LogVoxelMeshingProfiling: Display: Scenario name: UEDPIE_0_Map_RLE_Scenario22; Vertices: 18084
[2025.05.06-07.50.16:083][238]LogVoxelMeshingProfiling: Display: Scenario name: UEDPIE_0_Map_RLE_Scenario22; Vertices: 21560
[2025.05.06-07.50.16:092][238]LogVoxelMeshingProfiling: Display: Scenario name: UEDPIE_0_Map_RLE_Scenario22; Vertices: 44600
[2025.05.06-07.50.16:094][238]LogVoxelMeshingProfiling: Display: Scenario name: UEDPIE_0_Map_RLE_Scenario22; Vertices: 16356
[2025.05.06-07.50.16:101][238]LogVoxelMeshingProfiling: Display: Scenario name: UEDPIE_0_Map_RLE_Scenario22; Vertices: 30336
[2025.05.06-07.50.16:105][238]LogVoxelMeshingProfiling: Display: Scenario name: UEDPIE_0_Map_RLE_Scenario22; Vertices: 28368
[2025.05.06-07.50.16:108][238]LogVoxelMeshingProfiling: Display: Scenario name: UEDPIE_0_Map_RLE_Scenario22; Vertices: 17504
[2025.05.06-07.50.16:112][238]LogVoxelMeshingProfiling: Display: Scenario name: UEDPIE_0_Map_RLE_Scenario22; Vertices: 16640
[2025.05.06-07.50.16:115][238]LogVoxelMeshingProfiling: Display: Scenario name: UEDPIE_0_Map_RLE_Scenario22; Vertices: 15532
[2025.05.06-07.50.16:118][238]LogVoxelMeshingProfiling: Display: Scenario name: UEDPIE_0_Map_RLE_Scenario22; Vertices: 16640
[2025.05.06-07.50.16:122][238]LogVoxelMeshingProfiling: Display: Scenario name: UEDPIE_0_Map_RLE_Scenario22; Vertices: 15840
[2025.05.06-07.50.16:126][238]LogVoxelMeshingProfiling: Display: Scenario name: UEDPIE_0_Map_RLE_Scenario22; Vertices: 29704
[2025.05.06-07.50.16:129][238]LogVoxelMeshingProfiling: Display: Scenario name: UEDPIE_0_Map_RLE_Scenario22; Vertices: 18268
[2025.05.06-07.50.16:134][238]LogVoxelMeshingProfiling: Display: Scenario name: UEDPIE_0_Map_RLE_Scenario22; Vertices: 21044
[2025.05.06-07.50.16:136][238]LogVoxelMeshingProfiling: Display: Scenario name: UEDPIE_0_Map_RLE_Scenario22; Vertices: 15664
[2025.05.06-07.50.16:142][238]LogVoxelMeshingProfiling: Display: Scenario name: UEDPIE_0_Map_RLE_Scenario22; Vertices: 29048
[2025.05.06-07.50.16:145][238]LogVoxelMeshingProfiling: Display: Scenario name: UEDPIE_0_Map_RLE_Scenario22; Vertices: 16796
[2025.05.06-07.50.16:148][238]LogVoxelMeshingProfiling: Display: Scenario name: UEDPIE_0_Map_RLE_Scenario22; Vertices: 16640
[2025.05.06-07.50.21:093][388]LogVoxelMeshingProfiling: Display: Scenario name: UEDPIE_0_Map_VoxelPlugin_Scenario22; Voxel Model memory: 262144
[2025.05.06-07.50.21:093][388]LogVoxelMeshingProfiling: Display: Scenario name: UEDPIE_0_Map_VoxelPlugin_Scenario22; OpaqueVoxelCount: 32768; TransparentVoxelCount: 0
[2025.05.06-07.50.21:117][388]LogVoxelMeshingProfiling: Display: Scenario name: UEDPIE_0_Map_VoxelPlugin_Scenario22; Voxel Model memory: 262144
[2025.05.06-07.50.21:117][388]LogVoxelMeshingProfiling: Display: Scenario name: UEDPIE_0_Map_VoxelPlugin_Scenario22; OpaqueVoxelCount: 32768; TransparentVoxelCount: 0
[2025.05.06-07.50.21:118][388]LogVoxelMeshingProfiling: Display: Scenario name: UEDPIE_0_Map_VoxelPlugin_Scenario22; Voxel Model memory: 262144
[2025.05.06-07.50.21:118][388]LogVoxelMeshingProfiling: Display: Scenario name: UEDPIE_0_Map_VoxelPlugin_Scenario22; OpaqueVoxelCount: 32768; TransparentVoxelCount: 0
[2025.05.06-07.50.21:120][388]LogVoxelMeshingProfiling: Display: Scenario name: UEDPIE_0_Map_VoxelPlugin_Scenario22; Voxel Model memory: 262144
[2025.05.06-07.50.21:121][388]LogVoxelMeshingProfiling: Display: Scenario name: UEDPIE_0_Map_VoxelPlugin_Scenario22; OpaqueVoxelCount: 32768; TransparentVoxelCount: 0
[2025.05.06-07.50.21:123][388]LogVoxelMeshingProfiling: Display: Scenario name: UEDPIE_0_Map_VoxelPlugin_Scenario22; Voxel Model memory: 262144
[2025.05.06-07.50.21:123][388]LogVoxelMeshingProfiling: Display: Scenario name: UEDPIE_0_Map_VoxelPlugin_Scenario22; OpaqueVoxelCount: 32768; TransparentVoxelCount: 0
[2025.05.06-07.50.21:133][388]LogVoxelMeshingProfiling: Display: Scenario name: UEDPIE_0_Map_VoxelPlugin_Scenario22; Voxel Model memory: 262144
[2025.05.06-07.50.21:133][388]LogVoxelMeshingProfiling: Display: Scenario name: UEDPIE_0_Map_VoxelPlugin_Scenario22; OpaqueVoxelCount: 26226; TransparentVoxelCount: 6542
[2025.05.06-07.50.21:138][388]LogVoxelMeshingProfiling: Display: Scenario name: UEDPIE_0_Map_VoxelPlugin_Scenario22; Voxel Model memory: 262144
[2025.05.06-07.50.21:138][388]LogVoxelMeshingProfiling: Display: Scenario name: UEDPIE_0_Map_VoxelPlugin_Scenario22; OpaqueVoxelCount: 32768; TransparentVoxelCount: 0
[2025.05.06-07.50.21:161][388]LogVoxelMeshingProfiling: Display: Scenario name: UEDPIE_0_Map_VoxelPlugin_Scenario22; Voxel Model memory: 262144
[2025.05.06-07.50.21:161][388]LogVoxelMeshingProfiling: Display: Scenario name: UEDPIE_0_Map_VoxelPlugin_Scenario22; OpaqueVoxelCount: 26409; TransparentVoxelCount: 6359
[2025.05.06-07.50.21:164][388]LogVoxelMeshingProfiling: Display: Scenario name: UEDPIE_0_Map_VoxelPlugin_Scenario22; Voxel Model memory: 262144
[2025.05.06-07.50.21:164][388]LogVoxelMeshingProfiling: Display: Scenario name: UEDPIE_0_Map_VoxelPlugin_Scenario22; OpaqueVoxelCount: 32768; TransparentVoxelCount: 0
[2025.05.06-07.50.21:165][388]LogVoxelMeshingProfiling: Display: Scenario name: UEDPIE_0_Map_VoxelPlugin_Scenario22; Voxel Model memory: 262144
[2025.05.06-07.50.21:165][388]LogVoxelMeshingProfiling: Display: Scenario name: UEDPIE_0_Map_VoxelPlugin_Scenario22; OpaqueVoxelCount: 32768; TransparentVoxelCount: 0
[2025.05.06-07.50.21:186][388]LogVoxelMeshingProfiling: Display: Scenario name: UEDPIE_0_Map_VoxelPlugin_Scenario22; Voxel Model memory: 262144
[2025.05.06-07.50.21:186][388]LogVoxelMeshingProfiling: Display: Scenario name: UEDPIE_0_Map_VoxelPlugin_Scenario22; OpaqueVoxelCount: 32768; TransparentVoxelCount: 0
[2025.05.06-07.50.21:186][388]LogVoxelMeshingProfiling: Display: Scenario name: UEDPIE_0_Map_VoxelPlugin_Scenario22; Voxel Model memory: 262144
[2025.05.06-07.50.21:187][388]LogVoxelMeshingProfiling: Display: Scenario name: UEDPIE_0_Map_VoxelPlugin_Scenario22; OpaqueVoxelCount: 20000; TransparentVoxelCount: 12768
[2025.05.06-07.50.21:190][388]LogVoxelMeshingProfiling: Display: Scenario name: UEDPIE_0_Map_VoxelPlugin_Scenario22; Voxel Model memory: 262144
[2025.05.06-07.50.21:191][388]LogVoxelMeshingProfiling: Display: Scenario name: UEDPIE_0_Map_VoxelPlugin_Scenario22; OpaqueVoxelCount: 32768; TransparentVoxelCount: 0
[2025.05.06-07.50.21:195][388]LogVoxelMeshingProfiling: Display: Scenario name: UEDPIE_0_Map_VoxelPlugin_Scenario22; Voxel Model memory: 262144
[2025.05.06-07.50.21:196][388]LogVoxelMeshingProfiling: Display: Scenario name: UEDPIE_0_Map_VoxelPlugin_Scenario22; OpaqueVoxelCount: 32768; TransparentVoxelCount: 0
[2025.05.06-07.50.21:215][388]LogVoxelMeshingProfiling: Display: Scenario name: UEDPIE_0_Map_VoxelPlugin_Scenario22; Voxel Model memory: 262144
[2025.05.06-07.50.21:215][388]LogVoxelMeshingProfiling: Display: Scenario name: UEDPIE_0_Map_VoxelPlugin_Scenario22; OpaqueVoxelCount: 23795; TransparentVoxelCount: 8973
[2025.05.06-07.50.21:217][388]LogVoxelMeshingProfiling: Display: Scenario name: UEDPIE_0_Map_VoxelPlugin_Scenario22; Voxel Model memory: 262144
[2025.05.06-07.50.21:217][388]LogVoxelMeshingProfiling: Display: Scenario name: UEDPIE_0_Map_VoxelPlugin_Scenario22; OpaqueVoxelCount: 23240; TransparentVoxelCount: 9528
[2025.05.06-07.50.21:229][388]LogVoxelMeshingProfiling: Display: Scenario name: UEDPIE_0_Map_VoxelPlugin_Scenario22; Voxel Model memory: 262144
[2025.05.06-07.50.21:229][388]LogVoxelMeshingProfiling: Display: Scenario name: UEDPIE_0_Map_VoxelPlugin_Scenario22; OpaqueVoxelCount: 32768; TransparentVoxelCount: 0
[2025.05.06-07.50.21:244][388]LogVoxelMeshingProfiling: Display: Scenario name: UEDPIE_0_Map_VoxelPlugin_Scenario22; Voxel Model memory: 262144
[2025.05.06-07.50.21:244][388]LogVoxelMeshingProfiling: Display: Scenario name: UEDPIE_0_Map_VoxelPlugin_Scenario22; OpaqueVoxelCount: 21878; TransparentVoxelCount: 10890
[2025.05.06-07.50.21:249][388]LogVoxelMeshingProfiling: Display: Scenario name: UEDPIE_0_Map_VoxelPlugin_Scenario22; Voxel Model memory: 262144
[2025.05.06-07.50.21:249][388]LogVoxelMeshingProfiling: Display: Scenario name: UEDPIE_0_Map_VoxelPlugin_Scenario22; OpaqueVoxelCount: 32768; TransparentVoxelCount: 0
[2025.05.06-07.50.21:260][388]LogVoxelMeshingProfiling: Display: Scenario name: UEDPIE_0_Map_VoxelPlugin_Scenario22; Voxel Model memory: 262144
[2025.05.06-07.50.21:260][388]LogVoxelMeshingProfiling: Display: Scenario name: UEDPIE_0_Map_VoxelPlugin_Scenario22; OpaqueVoxelCount: 32768; TransparentVoxelCount: 0
[2025.05.06-07.50.21:264][388]LogVoxelMeshingProfiling: Display: Scenario name: UEDPIE_0_Map_VoxelPlugin_Scenario22; Voxel Model memory: 262144
[2025.05.06-07.50.21:264][388]LogVoxelMeshingProfiling: Display: Scenario name: UEDPIE_0_Map_VoxelPlugin_Scenario22; OpaqueVoxelCount: 32768; TransparentVoxelCount: 0
[2025.05.06-07.50.21:285][388]LogVoxelMeshingProfiling: Display: Scenario name: UEDPIE_0_Map_VoxelPlugin_Scenario22; Voxel Model memory: 262144
[2025.05.06-07.50.21:285][388]LogVoxelMeshingProfiling: Display: Scenario name: UEDPIE_0_Map_VoxelPlugin_Scenario22; OpaqueVoxelCount: 18860; TransparentVoxelCount: 13908
[2025.05.06-07.50.21:289][388]LogVoxelMeshingProfiling: Display: Scenario name: UEDPIE_0_Map_VoxelPlugin_Scenario22; Voxel Model memory: 262144
[2025.05.06-07.50.21:289][388]LogVoxelMeshingProfiling: Display: Scenario name: UEDPIE_0_Map_VoxelPlugin_Scenario22; OpaqueVoxelCount: 24296; TransparentVoxelCount: 8472
[2025.05.06-07.50.21:308][388]LogVoxelMeshingProfiling: Display: Scenario name: UEDPIE_0_Map_VoxelPlugin_Scenario22; Voxel Model memory: 262144
[2025.05.06-07.50.21:308][388]LogVoxelMeshingProfiling: Display: Scenario name: UEDPIE_0_Map_VoxelPlugin_Scenario22; OpaqueVoxelCount: 32768; TransparentVoxelCount: 0
[2025.05.06-07.50.21:309][388]LogVoxelMeshingProfiling: Display: Scenario name: UEDPIE_0_Map_VoxelPlugin_Scenario22; Voxel Model memory: 262144
[2025.05.06-07.50.21:309][388]LogVoxelMeshingProfiling: Display: Scenario name: UEDPIE_0_Map_VoxelPlugin_Scenario22; OpaqueVoxelCount: 23914; TransparentVoxelCount: 8854
[2025.05.06-07.50.21:312][388]LogVoxelMeshingProfiling: Display: Scenario name: UEDPIE_0_Map_VoxelPlugin_Scenario22; Voxel Model memory: 262144
[2025.05.06-07.50.21:312][388]LogVoxelMeshingProfiling: Display: Scenario name: UEDPIE_0_Map_VoxelPlugin_Scenario22; OpaqueVoxelCount: 32768; TransparentVoxelCount: 0
[2025.05.06-07.50.21:320][388]LogVoxelMeshingProfiling: Display: Scenario name: UEDPIE_0_Map_VoxelPlugin_Scenario22; Voxel Model memory: 262144
[2025.05.06-07.50.21:320][388]LogVoxelMeshingProfiling: Display: Scenario name: UEDPIE_0_Map_VoxelPlugin_Scenario22; OpaqueVoxelCount: 32768; TransparentVoxelCount: 0
[2025.05.06-07.50.21:359][389]LogVoxelMeshingProfiling: Display: Scenario name: Map_VoxelPlugin_Scenario22; Vertices: 4096
[2025.05.06-07.50.21:364][389]LogVoxelMeshingProfiling: Display: Scenario name: Map_VoxelPlugin_Scenario22; Vertices: 8192
[2025.05.06-07.50.21:368][389]LogVoxelMeshingProfiling: Display: Scenario name: Map_VoxelPlugin_Scenario22; Vertices: 8192
[2025.05.06-07.50.21:369][389]LogVoxelMeshingProfiling: Display: Scenario name: Map_VoxelPlugin_Scenario22; Vertices: 12288
[2025.05.06-07.50.21:374][389]LogVoxelMeshingProfiling: Display: Scenario name: Map_VoxelPlugin_Scenario22; Vertices: 12288
[2025.05.06-07.50.21:376][389]LogVoxelMeshingProfiling: Display: Scenario name: Map_VoxelPlugin_Scenario22; Vertices: 8192
[2025.05.06-07.50.21:381][389]LogVoxelMeshingProfiling: Display: Scenario name: Map_VoxelPlugin_Scenario22; Vertices: 7784
[2025.05.06-07.50.21:384][389]LogVoxelMeshingProfiling: Display: Scenario name: Map_VoxelPlugin_Scenario22; Vertices: 10828
[2025.05.06-07.50.21:390][389]LogVoxelMeshingProfiling: Display: Scenario name: Map_VoxelPlugin_Scenario22; Vertices: 9940
[2025.05.06-07.50.21:395][389]LogVoxelMeshingProfiling: Display: Scenario name: Map_VoxelPlugin_Scenario22; Vertices: 4096
[2025.05.06-07.50.21:401][389]LogVoxelMeshingProfiling: Display: Scenario name: Map_VoxelPlugin_Scenario22; Vertices: 4096
[2025.05.06-07.50.21:402][389]LogVoxelMeshingProfiling: Display: Scenario name: Map_VoxelPlugin_Scenario22; Vertices: 8192
[2025.05.06-07.50.21:410][389]LogVoxelMeshingProfiling: Display: Scenario name: Map_VoxelPlugin_Scenario22; Vertices: 4096
[2025.05.06-07.50.21:411][389]LogVoxelMeshingProfiling: Display: Scenario name: Map_VoxelPlugin_Scenario22; Vertices: 8192
[2025.05.06-07.50.21:424][389]LogVoxelMeshingProfiling: Display: Scenario name: Map_VoxelPlugin_Scenario22; Vertices: 4668
[2025.05.06-07.50.21:428][389]LogVoxelMeshingProfiling: Display: Scenario name: Map_VoxelPlugin_Scenario22; Vertices: 7656
[2025.05.06-07.50.21:431][389]LogVoxelMeshingProfiling: Display: Scenario name: Map_VoxelPlugin_Scenario22; Vertices: 7372
[2025.05.06-07.50.21:476][389]LogVoxelMeshingProfiling: Display: Scenario name: Map_VoxelPlugin_Scenario22; Vertices: 8192
[2025.05.06-07.50.21:477][389]LogVoxelMeshingProfiling: Display: Scenario name: Map_VoxelPlugin_Scenario22; Vertices: 4096
[2025.05.06-07.50.21:481][389]LogVoxelMeshingProfiling: Display: Scenario name: Map_VoxelPlugin_Scenario22; Vertices: 12288
[2025.05.06-07.50.21:483][389]LogVoxelMeshingProfiling: Display: Scenario name: Map_VoxelPlugin_Scenario22; Vertices: 8192
[2025.05.06-07.50.21:491][389]LogVoxelMeshingProfiling: Display: Scenario name: Map_VoxelPlugin_Scenario22; Vertices: 8192
[2025.05.06-07.50.21:495][389]LogVoxelMeshingProfiling: Display: Scenario name: Map_VoxelPlugin_Scenario22; Vertices: 12288
[2025.05.06-07.50.21:499][389]LogVoxelMeshingProfiling: Display: Scenario name: Map_VoxelPlugin_Scenario22; Vertices: 9084
[2025.05.06-07.50.21:499][389]LogVoxelMeshingProfiling: Display: Scenario name: Map_VoxelPlugin_Scenario22; Vertices: 12416
[2025.05.06-07.50.21:504][389]LogVoxelMeshingProfiling: Display: Scenario name: Map_VoxelPlugin_Scenario22; Vertices: 10372
